[2026-01-07 07:29:45,903][root][INFO] - 
------Config------
 {'dataset': 'FB15k_237', 'epoch': 600, 'batch_size': 1024, 'learning_rate': 0.00035, 'h_dim': 480, 'pred_rel_w': False, 'label_smooth': 0.1, 'n_heads': 8, 'topk': 15, 'kg_layer': 2, 'rm_rate': 0.5, 'ent_drop': 0.3, 'rel_drop': 0.1, 'comp_op': 'mul', 'bn': False, 'k_h': 16, 'k_w': 30, 'conv_drop': 0.3, 'ent_drop_pred': 0.3, 'fc_drop': 0.5, 'ker_sz': 8, 'out_channel': 200, 'device': 0, 'max_no_improve': 45, 'cpu_worker_num': 10, 'warmup_epoch': 5}
[2026-01-07 07:29:45,904][root][INFO] - Code dir path: /home/wangwei/DSGNet-main/DSGNet/code
[2026-01-07 07:29:45,904][root][INFO] - Config dir path: /home/wangwei/DSGNet-main/DSGNet/config
[2026-01-07 07:29:45,904][root][INFO] - Model save path: /home/wangwei/DSGNet-main/DSGNet/data/output/FB15k_237/2026-01-07/07-29-45
[2026-01-07 07:29:49,516][root][INFO] - kg # node: 14541
[2026-01-07 07:29:49,516][root][INFO] - kg # edge: 544230
[2026-01-07 07:29:49,516][root][INFO] - kg # zero deg node: 36
[2026-01-07 07:29:49,516][root][INFO] - ---Load Train Data---
[2026-01-07 07:29:51,864][root][INFO] - -----Model Parameter Configuration-----
[2026-01-07 07:29:51,864][root][INFO] - Parameter ent_emb: torch.Size([14541, 480]), require_grad = True
[2026-01-07 07:29:51,864][root][INFO] - Parameter pred_rel_emb: torch.Size([474, 480]), require_grad = True
[2026-01-07 07:29:51,864][root][INFO] - Parameter W_fuse: torch.Size([480, 480]), require_grad = True
[2026-01-07 07:29:51,864][root][INFO] - Parameter a_fuse: torch.Size([960, 1]), require_grad = True
[2026-01-07 07:29:51,864][root][INFO] - Parameter rel_embs.0: torch.Size([474, 480]), require_grad = True
[2026-01-07 07:29:51,865][root][INFO] - Parameter rel_embs.1: torch.Size([474, 480]), require_grad = True
[2026-01-07 07:29:51,865][root][INFO] - Parameter predictor.bn0.weight: torch.Size([1]), require_grad = True
[2026-01-07 07:29:51,865][root][INFO] - Parameter predictor.bn0.bias: torch.Size([1]), require_grad = True
[2026-01-07 07:29:51,865][root][INFO] - Parameter predictor.bn1.weight: torch.Size([200]), require_grad = True
[2026-01-07 07:29:51,865][root][INFO] - Parameter predictor.bn1.bias: torch.Size([200]), require_grad = True
[2026-01-07 07:29:51,865][root][INFO] - Parameter predictor.bn2.weight: torch.Size([480]), require_grad = True
[2026-01-07 07:29:51,865][root][INFO] - Parameter predictor.bn2.bias: torch.Size([480]), require_grad = True
[2026-01-07 07:29:51,865][root][INFO] - Parameter predictor.conv.weight: torch.Size([200, 1, 8, 8]), require_grad = True
[2026-01-07 07:29:51,865][root][INFO] - Parameter predictor.fc.weight: torch.Size([480, 115000]), require_grad = True
[2026-01-07 07:29:51,865][root][INFO] - Parameter L.weight: torch.Size([480, 480]), require_grad = True
[2026-01-07 07:29:51,865][root][INFO] - Parameter L.bias: torch.Size([480]), require_grad = True
[2026-01-07 07:29:51,865][root][INFO] - Parameter S.weight: torch.Size([480, 480]), require_grad = True
[2026-01-07 07:29:51,865][root][INFO] - Parameter S.bias: torch.Size([480]), require_grad = True
[2026-01-07 07:29:51,865][root][INFO] - Parameter comp_layers.0.neigh_w: torch.Size([480, 480]), require_grad = True
[2026-01-07 07:29:51,865][root][INFO] - Parameter comp_layers.0.W.0: torch.Size([480, 60]), require_grad = True
[2026-01-07 07:29:51,865][root][INFO] - Parameter comp_layers.0.W.1: torch.Size([480, 60]), require_grad = True
[2026-01-07 07:29:51,865][root][INFO] - Parameter comp_layers.0.W.2: torch.Size([480, 60]), require_grad = True
[2026-01-07 07:29:51,865][root][INFO] - Parameter comp_layers.0.W.3: torch.Size([480, 60]), require_grad = True
[2026-01-07 07:29:51,865][root][INFO] - Parameter comp_layers.0.W.4: torch.Size([480, 60]), require_grad = True
[2026-01-07 07:29:51,865][root][INFO] - Parameter comp_layers.0.W.5: torch.Size([480, 60]), require_grad = True
[2026-01-07 07:29:51,865][root][INFO] - Parameter comp_layers.0.W.6: torch.Size([480, 60]), require_grad = True
[2026-01-07 07:29:51,865][root][INFO] - Parameter comp_layers.0.W.7: torch.Size([480, 60]), require_grad = True
[2026-01-07 07:29:51,865][root][INFO] - Parameter comp_layers.0.W_r.0: torch.Size([480, 60]), require_grad = True
[2026-01-07 07:29:51,866][root][INFO] - Parameter comp_layers.0.W_r.1: torch.Size([480, 60]), require_grad = True
[2026-01-07 07:29:51,866][root][INFO] - Parameter comp_layers.0.W_r.2: torch.Size([480, 60]), require_grad = True
[2026-01-07 07:29:51,866][root][INFO] - Parameter comp_layers.0.W_r.3: torch.Size([480, 60]), require_grad = True
[2026-01-07 07:29:51,866][root][INFO] - Parameter comp_layers.0.W_r.4: torch.Size([480, 60]), require_grad = True
[2026-01-07 07:29:51,866][root][INFO] - Parameter comp_layers.0.W_r.5: torch.Size([480, 60]), require_grad = True
[2026-01-07 07:29:51,866][root][INFO] - Parameter comp_layers.0.W_r.6: torch.Size([480, 60]), require_grad = True
[2026-01-07 07:29:51,866][root][INFO] - Parameter comp_layers.0.W_r.7: torch.Size([480, 60]), require_grad = True
[2026-01-07 07:29:51,866][root][INFO] - Parameter comp_layers.0.a.0: torch.Size([180, 1]), require_grad = True
[2026-01-07 07:29:51,866][root][INFO] - Parameter comp_layers.0.a.1: torch.Size([180, 1]), require_grad = True
[2026-01-07 07:29:51,866][root][INFO] - Parameter comp_layers.0.a.2: torch.Size([180, 1]), require_grad = True
[2026-01-07 07:29:51,866][root][INFO] - Parameter comp_layers.0.a.3: torch.Size([180, 1]), require_grad = True
[2026-01-07 07:29:51,866][root][INFO] - Parameter comp_layers.0.a.4: torch.Size([180, 1]), require_grad = True
[2026-01-07 07:29:51,866][root][INFO] - Parameter comp_layers.0.a.5: torch.Size([180, 1]), require_grad = True
[2026-01-07 07:29:51,866][root][INFO] - Parameter comp_layers.0.a.6: torch.Size([180, 1]), require_grad = True
[2026-01-07 07:29:51,866][root][INFO] - Parameter comp_layers.0.a.7: torch.Size([180, 1]), require_grad = True
[2026-01-07 07:29:51,866][root][INFO] - Parameter comp_layers.1.neigh_w: torch.Size([480, 480]), require_grad = True
[2026-01-07 07:29:51,866][root][INFO] - Parameter comp_layers.1.W.0: torch.Size([480, 60]), require_grad = True
[2026-01-07 07:29:51,866][root][INFO] - Parameter comp_layers.1.W.1: torch.Size([480, 60]), require_grad = True
[2026-01-07 07:29:51,866][root][INFO] - Parameter comp_layers.1.W.2: torch.Size([480, 60]), require_grad = True
[2026-01-07 07:29:51,866][root][INFO] - Parameter comp_layers.1.W.3: torch.Size([480, 60]), require_grad = True
[2026-01-07 07:29:51,866][root][INFO] - Parameter comp_layers.1.W.4: torch.Size([480, 60]), require_grad = True
[2026-01-07 07:29:51,866][root][INFO] - Parameter comp_layers.1.W.5: torch.Size([480, 60]), require_grad = True
[2026-01-07 07:29:51,866][root][INFO] - Parameter comp_layers.1.W.6: torch.Size([480, 60]), require_grad = True
[2026-01-07 07:29:51,866][root][INFO] - Parameter comp_layers.1.W.7: torch.Size([480, 60]), require_grad = True
[2026-01-07 07:29:51,866][root][INFO] - Parameter comp_layers.1.W_r.0: torch.Size([480, 60]), require_grad = True
[2026-01-07 07:29:51,867][root][INFO] - Parameter comp_layers.1.W_r.1: torch.Size([480, 60]), require_grad = True
[2026-01-07 07:29:51,867][root][INFO] - Parameter comp_layers.1.W_r.2: torch.Size([480, 60]), require_grad = True
[2026-01-07 07:29:51,867][root][INFO] - Parameter comp_layers.1.W_r.3: torch.Size([480, 60]), require_grad = True
[2026-01-07 07:29:51,867][root][INFO] - Parameter comp_layers.1.W_r.4: torch.Size([480, 60]), require_grad = True
[2026-01-07 07:29:51,867][root][INFO] - Parameter comp_layers.1.W_r.5: torch.Size([480, 60]), require_grad = True
[2026-01-07 07:29:51,867][root][INFO] - Parameter comp_layers.1.W_r.6: torch.Size([480, 60]), require_grad = True
[2026-01-07 07:29:51,867][root][INFO] - Parameter comp_layers.1.W_r.7: torch.Size([480, 60]), require_grad = True
[2026-01-07 07:29:51,867][root][INFO] - Parameter comp_layers.1.a.0: torch.Size([180, 1]), require_grad = True
[2026-01-07 07:29:51,867][root][INFO] - Parameter comp_layers.1.a.1: torch.Size([180, 1]), require_grad = True
[2026-01-07 07:29:51,867][root][INFO] - Parameter comp_layers.1.a.2: torch.Size([180, 1]), require_grad = True
[2026-01-07 07:29:51,867][root][INFO] - Parameter comp_layers.1.a.3: torch.Size([180, 1]), require_grad = True
[2026-01-07 07:29:51,867][root][INFO] - Parameter comp_layers.1.a.4: torch.Size([180, 1]), require_grad = True
[2026-01-07 07:29:51,867][root][INFO] - Parameter comp_layers.1.a.5: torch.Size([180, 1]), require_grad = True
[2026-01-07 07:29:51,867][root][INFO] - Parameter comp_layers.1.a.6: torch.Size([180, 1]), require_grad = True
[2026-01-07 07:29:51,867][root][INFO] - Parameter comp_layers.1.a.7: torch.Size([180, 1]), require_grad = True
[2026-01-07 07:29:52,743][root][INFO] - Training... total epoch: 600, step: 88200
[2026-01-07 07:33:01,236][root][INFO] - Epoch:   0 | Loss: 0.5453 | Val - MRR: 0.0095, MR: 6557.19, H@1: 0.006, H@3: 0.010, H@10: 0.013 | Test - MRR: 0.0099 | *
[2026-01-07 07:36:08,867][root][INFO] - Epoch:   1 | Loss: 0.0081 | Val - MRR: 0.0110, MR: 6017.13, H@1: 0.010, H@3: 0.010, H@10: 0.010 | Test - MRR: 0.0108 | *
[2026-01-07 07:39:17,765][root][INFO] - Epoch:   2 | Loss: 0.0035 | Val - MRR: 0.0282, MR: 4829.99, H@1: 0.023, H@3: 0.030, H@10: 0.030 | Test - MRR: 0.0282 | *
[2026-01-07 07:42:24,565][root][INFO] - Epoch:   3 | Loss: 0.0034 | Val - MRR: 0.0778, MR: 3789.08, H@1: 0.070, H@3: 0.079, H@10: 0.084 | Test - MRR: 0.0756 | *
[2026-01-07 07:45:30,409][root][INFO] - Epoch:   4 | Loss: 0.0030 | Val - MRR: 0.0944, MR: 3051.34, H@1: 0.079, H@3: 0.097, H@10: 0.117 | Test - MRR: 0.0931 | *
[2026-01-07 07:48:39,958][root][INFO] - Epoch:   5 | Loss: 0.0030 | Val - MRR: 0.1159, MR: 2548.01, H@1: 0.089, H@3: 0.124, H@10: 0.167 | Test - MRR: 0.1153 | *
[2026-01-07 07:51:47,846][root][INFO] - Epoch:   6 | Loss: 0.0029 | Val - MRR: 0.1359, MR: 2200.22, H@1: 0.105, H@3: 0.143, H@10: 0.197 | Test - MRR: 0.1350 | *
[2026-01-07 07:54:56,331][root][INFO] - Epoch:   7 | Loss: 0.0028 | Val - MRR: 0.1472, MR: 1872.71, H@1: 0.112, H@3: 0.154, H@10: 0.218 | Test - MRR: 0.1458 | *
[2026-01-07 07:58:04,441][root][INFO] - Epoch:   8 | Loss: 0.0027 | Val - MRR: 0.1587, MR: 1618.03, H@1: 0.119, H@3: 0.168, H@10: 0.235 | Test - MRR: 0.1573 | *
[2026-01-07 08:01:10,949][root][INFO] - Epoch:   9 | Loss: 0.0026 | Val - MRR: 0.1646, MR: 1421.91, H@1: 0.123, H@3: 0.175, H@10: 0.244 | Test - MRR: 0.1633 | *
[2026-01-07 08:04:18,357][root][INFO] - Epoch:  10 | Loss: 0.0027 | Val - MRR: 0.1763, MR: 1242.40, H@1: 0.130, H@3: 0.190, H@10: 0.264 | Test - MRR: 0.1743 | *
[2026-01-07 08:07:27,132][root][INFO] - Epoch:  11 | Loss: 0.0026 | Val - MRR: 0.1824, MR: 1071.53, H@1: 0.133, H@3: 0.198, H@10: 0.277 | Test - MRR: 0.1818 | *
[2026-01-07 08:10:35,082][root][INFO] - Epoch:  12 | Loss: 0.0024 | Val - MRR: 0.1908, MR:  932.20, H@1: 0.141, H@3: 0.205, H@10: 0.287 | Test - MRR: 0.1888 | *
[2026-01-07 08:13:45,463][root][INFO] - Epoch:  13 | Loss: 0.0025 | Val - MRR: 0.1970, MR:  831.40, H@1: 0.146, H@3: 0.212, H@10: 0.296 | Test - MRR: 0.1944 | *
[2026-01-07 08:16:57,813][root][INFO] - Epoch:  14 | Loss: 0.0024 | Val - MRR: 0.2027, MR:  764.25, H@1: 0.150, H@3: 0.219, H@10: 0.304 | Test - MRR: 0.2003 | *
[2026-01-07 08:20:08,558][root][INFO] - Epoch:  15 | Loss: 0.0024 | Val - MRR: 0.2060, MR:  699.45, H@1: 0.152, H@3: 0.221, H@10: 0.310 | Test - MRR: 0.2035 | *
[2026-01-07 08:23:22,156][root][INFO] - Epoch:  16 | Loss: 0.0023 | Val - MRR: 0.2101, MR:  645.70, H@1: 0.155, H@3: 0.225, H@10: 0.316 | Test - MRR: 0.2082 | *
[2026-01-07 08:26:32,010][root][INFO] - Epoch:  17 | Loss: 0.0022 | Val - MRR: 0.2122, MR:  609.33, H@1: 0.156, H@3: 0.229, H@10: 0.322 | Test - MRR: 0.2102 | *
[2026-01-07 08:29:42,683][root][INFO] - Epoch:  18 | Loss: 0.0023 | Val - MRR: 0.2150, MR:  587.68, H@1: 0.157, H@3: 0.233, H@10: 0.327 | Test - MRR: 0.2130 | *
[2026-01-07 08:32:54,693][root][INFO] - Epoch:  19 | Loss: 0.0022 | Val - MRR: 0.2174, MR:  565.26, H@1: 0.159, H@3: 0.235, H@10: 0.331 | Test - MRR: 0.2160 | *
[2026-01-07 08:36:06,572][root][INFO] - Epoch:  20 | Loss: 0.0022 | Val - MRR: 0.2194, MR:  541.45, H@1: 0.161, H@3: 0.235, H@10: 0.334 | Test - MRR: 0.2185 | *
[2026-01-07 08:39:17,677][root][INFO] - Epoch:  21 | Loss: 0.0023 | Val - MRR: 0.2217, MR:  521.74, H@1: 0.162, H@3: 0.240, H@10: 0.337 | Test - MRR: 0.2205 | *
[2026-01-07 08:42:25,630][root][INFO] - Epoch:  22 | Loss: 0.0022 | Val - MRR: 0.2239, MR:  504.30, H@1: 0.164, H@3: 0.243, H@10: 0.340 | Test - MRR: 0.2220 | *
[2026-01-07 08:45:36,918][root][INFO] - Epoch:  23 | Loss: 0.0022 | Val - MRR: 0.2246, MR:  494.07, H@1: 0.164, H@3: 0.242, H@10: 0.342 | Test - MRR: 0.2240 | *
[2026-01-07 08:48:44,031][root][INFO] - Epoch:  24 | Loss: 0.0021 | Val - MRR: 0.2271, MR:  474.85, H@1: 0.166, H@3: 0.245, H@10: 0.347 | Test - MRR: 0.2262 | *
[2026-01-07 08:51:53,363][root][INFO] - Epoch:  25 | Loss: 0.0021 | Val - MRR: 0.2297, MR:  465.61, H@1: 0.168, H@3: 0.247, H@10: 0.350 | Test - MRR: 0.2284 | *
[2026-01-07 08:55:01,704][root][INFO] - Epoch:  26 | Loss: 0.0021 | Val - MRR: 0.2304, MR:  453.86, H@1: 0.168, H@3: 0.249, H@10: 0.352 | Test - MRR: 0.2298 | *
[2026-01-07 08:58:09,600][root][INFO] - Epoch:  27 | Loss: 0.0021 | Val - MRR: 0.2326, MR:  436.72, H@1: 0.170, H@3: 0.251, H@10: 0.354 | Test - MRR: 0.2319 | *
[2026-01-07 09:01:15,628][root][INFO] - Epoch:  28 | Loss: 0.0021 | Val - MRR: 0.2337, MR:  429.16, H@1: 0.170, H@3: 0.253, H@10: 0.355 | Test - MRR: 0.2324 | *
[2026-01-07 09:04:22,253][root][INFO] - Epoch:  29 | Loss: 0.0021 | Val - MRR: 0.2363, MR:  414.36, H@1: 0.172, H@3: 0.257, H@10: 0.359 | Test - MRR: 0.2346 | *
[2026-01-07 09:07:26,388][root][INFO] - Epoch:  30 | Loss: 0.0021 | Val - MRR: 0.2376, MR:  407.03, H@1: 0.173, H@3: 0.257, H@10: 0.362 | Test - MRR: 0.2365 | *
[2026-01-07 09:10:31,207][root][INFO] - Epoch:  31 | Loss: 0.0021 | Val - MRR: 0.2414, MR:  397.71, H@1: 0.176, H@3: 0.262, H@10: 0.366 | Test - MRR: 0.2395 | *
[2026-01-07 09:13:20,109][root][INFO] - Epoch:  32 | Loss: 0.0020 | Val - MRR: 0.2407, MR:  385.29, H@1: 0.174, H@3: 0.263, H@10: 0.368 | 
[2026-01-07 09:16:24,958][root][INFO] - Epoch:  33 | Loss: 0.0021 | Val - MRR: 0.2430, MR:  374.54, H@1: 0.177, H@3: 0.265, H@10: 0.370 | Test - MRR: 0.2424 | *
[2026-01-07 09:19:30,472][root][INFO] - Epoch:  34 | Loss: 0.0021 | Val - MRR: 0.2441, MR:  367.65, H@1: 0.177, H@3: 0.266, H@10: 0.374 | Test - MRR: 0.2430 | *
[2026-01-07 09:22:36,414][root][INFO] - Epoch:  35 | Loss: 0.0020 | Val - MRR: 0.2460, MR:  360.05, H@1: 0.179, H@3: 0.267, H@10: 0.375 | Test - MRR: 0.2450 | *
[2026-01-07 09:25:41,650][root][INFO] - Epoch:  36 | Loss: 0.0020 | Val - MRR: 0.2471, MR:  355.53, H@1: 0.180, H@3: 0.268, H@10: 0.378 | Test - MRR: 0.2467 | *
[2026-01-07 09:28:47,938][root][INFO] - Epoch:  37 | Loss: 0.0020 | Val - MRR: 0.2491, MR:  349.22, H@1: 0.181, H@3: 0.271, H@10: 0.379 | Test - MRR: 0.2482 | *
[2026-01-07 09:31:52,207][root][INFO] - Epoch:  38 | Loss: 0.0020 | Val - MRR: 0.2497, MR:  338.75, H@1: 0.181, H@3: 0.272, H@10: 0.382 | Test - MRR: 0.2488 | *
[2026-01-07 09:34:56,705][root][INFO] - Epoch:  39 | Loss: 0.0020 | Val - MRR: 0.2535, MR:  337.58, H@1: 0.185, H@3: 0.276, H@10: 0.386 | Test - MRR: 0.2520 | *
[2026-01-07 09:38:00,823][root][INFO] - Epoch:  40 | Loss: 0.0019 | Val - MRR: 0.2539, MR:  329.03, H@1: 0.184, H@3: 0.278, H@10: 0.388 | Test - MRR: 0.2526 | *
[2026-01-07 09:41:20,768][root][INFO] - Epoch:  41 | Loss: 0.0019 | Val - MRR: 0.2566, MR:  322.23, H@1: 0.187, H@3: 0.279, H@10: 0.390 | Test - MRR: 0.2550 | *
[2026-01-07 09:44:44,019][root][INFO] - Epoch:  42 | Loss: 0.0019 | Val - MRR: 0.2591, MR:  313.76, H@1: 0.189, H@3: 0.281, H@10: 0.394 | Test - MRR: 0.2566 | *
[2026-01-07 09:48:05,407][root][INFO] - Epoch:  43 | Loss: 0.0019 | Val - MRR: 0.2598, MR:  308.00, H@1: 0.189, H@3: 0.283, H@10: 0.395 | Test - MRR: 0.2583 | *
[2026-01-07 09:51:15,505][root][INFO] - Epoch:  44 | Loss: 0.0019 | Val - MRR: 0.2625, MR:  301.70, H@1: 0.192, H@3: 0.286, H@10: 0.398 | Test - MRR: 0.2607 | *
[2026-01-07 09:54:19,298][root][INFO] - Epoch:  45 | Loss: 0.0019 | Val - MRR: 0.2656, MR:  304.22, H@1: 0.195, H@3: 0.287, H@10: 0.402 | Test - MRR: 0.2631 | *
[2026-01-07 09:57:22,368][root][INFO] - Epoch:  46 | Loss: 0.0019 | Val - MRR: 0.2677, MR:  296.92, H@1: 0.196, H@3: 0.292, H@10: 0.406 | Test - MRR: 0.2656 | *
[2026-01-07 10:00:25,964][root][INFO] - Epoch:  47 | Loss: 0.0019 | Val - MRR: 0.2681, MR:  289.28, H@1: 0.195, H@3: 0.292, H@10: 0.409 | Test - MRR: 0.2663 | *
[2026-01-07 10:03:28,836][root][INFO] - Epoch:  48 | Loss: 0.0019 | Val - MRR: 0.2702, MR:  282.28, H@1: 0.198, H@3: 0.293, H@10: 0.410 | Test - MRR: 0.2686 | *
[2026-01-07 10:06:30,496][root][INFO] - Epoch:  49 | Loss: 0.0018 | Val - MRR: 0.2738, MR:  273.88, H@1: 0.201, H@3: 0.297, H@10: 0.416 | Test - MRR: 0.2714 | *
[2026-01-07 10:09:33,525][root][INFO] - Epoch:  50 | Loss: 0.0018 | Val - MRR: 0.2764, MR:  277.40, H@1: 0.204, H@3: 0.299, H@10: 0.419 | Test - MRR: 0.2729 | *
[2026-01-07 10:12:33,671][root][INFO] - Epoch:  51 | Loss: 0.0018 | Val - MRR: 0.2778, MR:  268.19, H@1: 0.204, H@3: 0.302, H@10: 0.421 | Test - MRR: 0.2755 | *
[2026-01-07 10:15:33,345][root][INFO] - Epoch:  52 | Loss: 0.0018 | Val - MRR: 0.2789, MR:  264.52, H@1: 0.205, H@3: 0.303, H@10: 0.421 | Test - MRR: 0.2766 | *
[2026-01-07 10:18:34,184][root][INFO] - Epoch:  53 | Loss: 0.0018 | Val - MRR: 0.2815, MR:  257.64, H@1: 0.208, H@3: 0.305, H@10: 0.424 | Test - MRR: 0.2783 | *
[2026-01-07 10:21:35,270][root][INFO] - Epoch:  54 | Loss: 0.0018 | Val - MRR: 0.2834, MR:  252.84, H@1: 0.209, H@3: 0.307, H@10: 0.427 | Test - MRR: 0.2806 | *
[2026-01-07 10:24:37,622][root][INFO] - Epoch:  55 | Loss: 0.0018 | Val - MRR: 0.2861, MR:  251.45, H@1: 0.212, H@3: 0.310, H@10: 0.430 | Test - MRR: 0.2829 | *
[2026-01-07 10:27:38,250][root][INFO] - Epoch:  56 | Loss: 0.0018 | Val - MRR: 0.2872, MR:  245.81, H@1: 0.212, H@3: 0.312, H@10: 0.434 | Test - MRR: 0.2837 | *
[2026-01-07 10:30:39,393][root][INFO] - Epoch:  57 | Loss: 0.0018 | Val - MRR: 0.2893, MR:  242.36, H@1: 0.214, H@3: 0.314, H@10: 0.437 | Test - MRR: 0.2863 | *
[2026-01-07 10:33:37,107][root][INFO] - Epoch:  58 | Loss: 0.0017 | Val - MRR: 0.2920, MR:  252.34, H@1: 0.217, H@3: 0.316, H@10: 0.439 | Test - MRR: 0.2878 | *
[2026-01-07 10:36:35,874][root][INFO] - Epoch:  59 | Loss: 0.0017 | Val - MRR: 0.2941, MR:  232.32, H@1: 0.218, H@3: 0.319, H@10: 0.443 | Test - MRR: 0.2892 | *
[2026-01-07 10:39:34,368][root][INFO] - Epoch:  60 | Loss: 0.0017 | Val - MRR: 0.2942, MR:  228.19, H@1: 0.217, H@3: 0.320, H@10: 0.446 | Test - MRR: 0.2909 | *
[2026-01-07 10:42:36,874][root][INFO] - Epoch:  61 | Loss: 0.0017 | Val - MRR: 0.2967, MR:  228.33, H@1: 0.219, H@3: 0.321, H@10: 0.447 | Test - MRR: 0.2923 | *
[2026-01-07 10:45:36,781][root][INFO] - Epoch:  62 | Loss: 0.0017 | Val - MRR: 0.2990, MR:  222.99, H@1: 0.223, H@3: 0.322, H@10: 0.451 | Test - MRR: 0.2934 | *
[2026-01-07 10:48:35,370][root][INFO] - Epoch:  63 | Loss: 0.0017 | Val - MRR: 0.3001, MR:  219.27, H@1: 0.222, H@3: 0.327, H@10: 0.455 | Test - MRR: 0.2960 | *
[2026-01-07 10:51:33,413][root][INFO] - Epoch:  64 | Loss: 0.0017 | Val - MRR: 0.3033, MR:  214.62, H@1: 0.226, H@3: 0.328, H@10: 0.457 | Test - MRR: 0.2987 | *
[2026-01-07 10:54:31,361][root][INFO] - Epoch:  65 | Loss: 0.0017 | Val - MRR: 0.3044, MR:  215.73, H@1: 0.226, H@3: 0.329, H@10: 0.460 | Test - MRR: 0.2990 | *
[2026-01-07 10:57:26,811][root][INFO] - Epoch:  66 | Loss: 0.0017 | Val - MRR: 0.3051, MR:  208.35, H@1: 0.226, H@3: 0.330, H@10: 0.462 | Test - MRR: 0.3001 | *
[2026-01-07 11:00:24,063][root][INFO] - Epoch:  67 | Loss: 0.0017 | Val - MRR: 0.3071, MR:  204.41, H@1: 0.228, H@3: 0.333, H@10: 0.464 | Test - MRR: 0.3025 | *
[2026-01-07 11:03:20,536][root][INFO] - Epoch:  68 | Loss: 0.0017 | Val - MRR: 0.3095, MR:  209.04, H@1: 0.230, H@3: 0.336, H@10: 0.468 | Test - MRR: 0.3052 | *
[2026-01-07 11:06:18,963][root][INFO] - Epoch:  69 | Loss: 0.0016 | Val - MRR: 0.3118, MR:  203.06, H@1: 0.232, H@3: 0.337, H@10: 0.472 | Test - MRR: 0.3076 | *
[2026-01-07 11:09:18,957][root][INFO] - Epoch:  70 | Loss: 0.0016 | Val - MRR: 0.3125, MR:  201.49, H@1: 0.233, H@3: 0.337, H@10: 0.472 | Test - MRR: 0.3093 | *
[2026-01-07 11:12:17,965][root][INFO] - Epoch:  71 | Loss: 0.0016 | Val - MRR: 0.3149, MR:  199.22, H@1: 0.234, H@3: 0.342, H@10: 0.476 | Test - MRR: 0.3108 | *
[2026-01-07 11:15:31,094][root][INFO] - Epoch:  72 | Loss: 0.0016 | Val - MRR: 0.3176, MR:  197.75, H@1: 0.238, H@3: 0.343, H@10: 0.475 | Test - MRR: 0.3130 | *
[2026-01-07 11:18:48,709][root][INFO] - Epoch:  73 | Loss: 0.0016 | Val - MRR: 0.3179, MR:  197.26, H@1: 0.237, H@3: 0.344, H@10: 0.479 | Test - MRR: 0.3131 | *
[2026-01-07 11:22:05,330][root][INFO] - Epoch:  74 | Loss: 0.0016 | Val - MRR: 0.3196, MR:  207.56, H@1: 0.239, H@3: 0.345, H@10: 0.479 | Test - MRR: 0.3158 | *
[2026-01-07 11:25:16,021][root][INFO] - Epoch:  75 | Loss: 0.0016 | Val - MRR: 0.3215, MR:  192.77, H@1: 0.240, H@3: 0.348, H@10: 0.485 | Test - MRR: 0.3168 | *
[2026-01-07 11:28:14,455][root][INFO] - Epoch:  76 | Loss: 0.0016 | Val - MRR: 0.3224, MR:  191.38, H@1: 0.240, H@3: 0.349, H@10: 0.485 | Test - MRR: 0.3186 | *
[2026-01-07 11:30:56,771][root][INFO] - Epoch:  77 | Loss: 0.0016 | Val - MRR: 0.3220, MR:  187.40, H@1: 0.240, H@3: 0.350, H@10: 0.485 | 
[2026-01-07 11:33:54,575][root][INFO] - Epoch:  78 | Loss: 0.0016 | Val - MRR: 0.3240, MR:  187.96, H@1: 0.241, H@3: 0.353, H@10: 0.489 | Test - MRR: 0.3200 | *
[2026-01-07 11:36:52,714][root][INFO] - Epoch:  79 | Loss: 0.0016 | Val - MRR: 0.3252, MR:  186.96, H@1: 0.242, H@3: 0.353, H@10: 0.490 | Test - MRR: 0.3200 | *
[2026-01-07 11:39:50,426][root][INFO] - Epoch:  80 | Loss: 0.0016 | Val - MRR: 0.3283, MR:  183.91, H@1: 0.245, H@3: 0.357, H@10: 0.494 | Test - MRR: 0.3225 | *
[2026-01-07 11:42:46,915][root][INFO] - Epoch:  81 | Loss: 0.0016 | Val - MRR: 0.3293, MR:  183.80, H@1: 0.245, H@3: 0.359, H@10: 0.496 | Test - MRR: 0.3247 | *
[2026-01-07 11:45:45,792][root][INFO] - Epoch:  82 | Loss: 0.0016 | Val - MRR: 0.3299, MR:  187.54, H@1: 0.246, H@3: 0.359, H@10: 0.497 | Test - MRR: 0.3253 | *
[2026-01-07 11:49:54,030][root][INFO] - Epoch:  83 | Loss: 0.0016 | Val - MRR: 0.3319, MR:  183.03, H@1: 0.249, H@3: 0.360, H@10: 0.500 | Test - MRR: 0.3272 | *
[2026-01-07 11:54:04,490][root][INFO] - Epoch:  84 | Loss: 0.0016 | Val - MRR: 0.3314, MR:  182.89, H@1: 0.248, H@3: 0.361, H@10: 0.499 | 
[2026-01-07 11:58:35,006][root][INFO] - Epoch:  85 | Loss: 0.0016 | Val - MRR: 0.3336, MR:  185.86, H@1: 0.251, H@3: 0.361, H@10: 0.499 | Test - MRR: 0.3270 | *
[2026-01-07 12:03:05,049][root][INFO] - Epoch:  86 | Loss: 0.0015 | Val - MRR: 0.3343, MR:  182.36, H@1: 0.250, H@3: 0.362, H@10: 0.502 | Test - MRR: 0.3286 | *
[2026-01-07 12:06:38,792][root][INFO] - Epoch:  87 | Loss: 0.0016 | Val - MRR: 0.3333, MR:  177.89, H@1: 0.249, H@3: 0.363, H@10: 0.503 | 
[2026-01-07 12:10:21,772][root][INFO] - Epoch:  88 | Loss: 0.0016 | Val - MRR: 0.3345, MR:  177.81, H@1: 0.250, H@3: 0.363, H@10: 0.504 | Test - MRR: 0.3311 | *
[2026-01-07 12:14:04,279][root][INFO] - Epoch:  89 | Loss: 0.0015 | Val - MRR: 0.3354, MR:  178.80, H@1: 0.251, H@3: 0.363, H@10: 0.505 | Test - MRR: 0.3306 | *
[2026-01-07 12:17:13,693][root][INFO] - Epoch:  90 | Loss: 0.0015 | Val - MRR: 0.3362, MR:  177.69, H@1: 0.251, H@3: 0.366, H@10: 0.505 | Test - MRR: 0.3316 | *
[2026-01-07 12:20:10,532][root][INFO] - Epoch:  91 | Loss: 0.0015 | Val - MRR: 0.3370, MR:  179.37, H@1: 0.252, H@3: 0.367, H@10: 0.508 | Test - MRR: 0.3318 | *
[2026-01-07 12:23:06,618][root][INFO] - Epoch:  92 | Loss: 0.0015 | Val - MRR: 0.3375, MR:  176.26, H@1: 0.252, H@3: 0.367, H@10: 0.509 | Test - MRR: 0.3344 | *
[2026-01-07 12:26:01,819][root][INFO] - Epoch:  93 | Loss: 0.0015 | Val - MRR: 0.3394, MR:  176.71, H@1: 0.254, H@3: 0.369, H@10: 0.511 | Test - MRR: 0.3343 | *
[2026-01-07 12:28:58,486][root][INFO] - Epoch:  94 | Loss: 0.0015 | Val - MRR: 0.3397, MR:  174.42, H@1: 0.254, H@3: 0.368, H@10: 0.514 | Test - MRR: 0.3348 | *
[2026-01-07 12:31:54,250][root][INFO] - Epoch:  95 | Loss: 0.0015 | Val - MRR: 0.3411, MR:  173.96, H@1: 0.255, H@3: 0.371, H@10: 0.511 | Test - MRR: 0.3368 | *
[2026-01-07 12:34:47,769][root][INFO] - Epoch:  96 | Loss: 0.0015 | Val - MRR: 0.3420, MR:  174.10, H@1: 0.256, H@3: 0.373, H@10: 0.513 | Test - MRR: 0.3365 | *
[2026-01-07 12:37:57,044][root][INFO] - Epoch:  97 | Loss: 0.0015 | Val - MRR: 0.3426, MR:  173.95, H@1: 0.256, H@3: 0.372, H@10: 0.515 | Test - MRR: 0.3371 | *
[2026-01-07 12:41:19,846][root][INFO] - Epoch:  98 | Loss: 0.0015 | Val - MRR: 0.3425, MR:  176.48, H@1: 0.256, H@3: 0.373, H@10: 0.514 | 
[2026-01-07 12:44:41,618][root][INFO] - Epoch:  99 | Loss: 0.0015 | Val - MRR: 0.3420, MR:  173.45, H@1: 0.256, H@3: 0.373, H@10: 0.516 | 
[2026-01-07 12:48:03,735][root][INFO] - Epoch: 100 | Loss: 0.0015 | Val - MRR: 0.3430, MR:  169.98, H@1: 0.256, H@3: 0.374, H@10: 0.516 | Test - MRR: 0.3381 | *
[2026-01-07 12:50:56,833][root][INFO] - Epoch: 101 | Loss: 0.0015 | Val - MRR: 0.3427, MR:  170.03, H@1: 0.255, H@3: 0.374, H@10: 0.518 | 
[2026-01-07 12:54:18,773][root][INFO] - Epoch: 102 | Loss: 0.0015 | Val - MRR: 0.3439, MR:  170.42, H@1: 0.257, H@3: 0.374, H@10: 0.519 | Test - MRR: 0.3395 | *
[2026-01-07 12:58:13,719][root][INFO] - Epoch: 103 | Loss: 0.0015 | Val - MRR: 0.3446, MR:  167.91, H@1: 0.257, H@3: 0.377, H@10: 0.521 | Test - MRR: 0.3397 | *
[2026-01-07 13:02:08,264][root][INFO] - Epoch: 104 | Loss: 0.0015 | Val - MRR: 0.3447, MR:  169.37, H@1: 0.257, H@3: 0.376, H@10: 0.521 | Test - MRR: 0.3407 | *
[2026-01-07 13:06:03,863][root][INFO] - Epoch: 105 | Loss: 0.0015 | Val - MRR: 0.3459, MR:  170.32, H@1: 0.258, H@3: 0.376, H@10: 0.521 | Test - MRR: 0.3417 | *
[2026-01-07 13:10:00,160][root][INFO] - Epoch: 106 | Loss: 0.0015 | Val - MRR: 0.3462, MR:  168.99, H@1: 0.259, H@3: 0.377, H@10: 0.522 | Test - MRR: 0.3419 | *
[2026-01-07 13:13:41,770][root][INFO] - Epoch: 107 | Loss: 0.0015 | Val - MRR: 0.3476, MR:  166.73, H@1: 0.260, H@3: 0.378, H@10: 0.522 | Test - MRR: 0.3437 | *
[2026-01-07 13:16:52,025][root][INFO] - Epoch: 108 | Loss: 0.0015 | Val - MRR: 0.3466, MR:  171.16, H@1: 0.260, H@3: 0.377, H@10: 0.522 | 
[2026-01-07 13:19:47,228][root][INFO] - Epoch: 109 | Loss: 0.0015 | Val - MRR: 0.3480, MR:  168.74, H@1: 0.261, H@3: 0.379, H@10: 0.523 | Test - MRR: 0.3438 | *
[2026-01-07 13:22:41,498][root][INFO] - Epoch: 110 | Loss: 0.0015 | Val - MRR: 0.3481, MR:  170.81, H@1: 0.260, H@3: 0.379, H@10: 0.524 | Test - MRR: 0.3437 | *
[2026-01-07 13:25:37,121][root][INFO] - Epoch: 111 | Loss: 0.0015 | Val - MRR: 0.3491, MR:  168.61, H@1: 0.261, H@3: 0.380, H@10: 0.527 | Test - MRR: 0.3453 | *
[2026-01-07 13:28:16,653][root][INFO] - Epoch: 112 | Loss: 0.0015 | Val - MRR: 0.3482, MR:  168.70, H@1: 0.261, H@3: 0.378, H@10: 0.526 | 
[2026-01-07 13:30:53,727][root][INFO] - Epoch: 113 | Loss: 0.0015 | Val - MRR: 0.3482, MR:  166.05, H@1: 0.260, H@3: 0.379, H@10: 0.527 | 
[2026-01-07 13:33:47,832][root][INFO] - Epoch: 114 | Loss: 0.0015 | Val - MRR: 0.3493, MR:  167.53, H@1: 0.261, H@3: 0.380, H@10: 0.526 | Test - MRR: 0.3449 | *
[2026-01-07 13:36:43,705][root][INFO] - Epoch: 115 | Loss: 0.0015 | Val - MRR: 0.3499, MR:  165.17, H@1: 0.262, H@3: 0.380, H@10: 0.528 | Test - MRR: 0.3454 | *
[2026-01-07 13:39:39,203][root][INFO] - Epoch: 116 | Loss: 0.0015 | Val - MRR: 0.3517, MR:  168.97, H@1: 0.264, H@3: 0.383, H@10: 0.528 | Test - MRR: 0.3467 | *
[2026-01-07 13:42:18,470][root][INFO] - Epoch: 117 | Loss: 0.0015 | Val - MRR: 0.3513, MR:  168.21, H@1: 0.263, H@3: 0.383, H@10: 0.528 | 
[2026-01-07 13:45:13,697][root][INFO] - Epoch: 118 | Loss: 0.0015 | Val - MRR: 0.3526, MR:  163.84, H@1: 0.266, H@3: 0.382, H@10: 0.528 | Test - MRR: 0.3482 | *
[2026-01-07 13:47:51,969][root][INFO] - Epoch: 119 | Loss: 0.0014 | Val - MRR: 0.3521, MR:  168.69, H@1: 0.264, H@3: 0.383, H@10: 0.531 | 
[2026-01-07 13:50:47,329][root][INFO] - Epoch: 120 | Loss: 0.0014 | Val - MRR: 0.3528, MR:  164.99, H@1: 0.265, H@3: 0.384, H@10: 0.530 | Test - MRR: 0.3484 | *
[2026-01-07 13:53:25,433][root][INFO] - Epoch: 121 | Loss: 0.0014 | Val - MRR: 0.3510, MR:  164.59, H@1: 0.263, H@3: 0.383, H@10: 0.531 | 
[2026-01-07 13:56:03,103][root][INFO] - Epoch: 122 | Loss: 0.0014 | Val - MRR: 0.3528, MR:  166.50, H@1: 0.265, H@3: 0.384, H@10: 0.530 | 
[2026-01-07 13:58:57,985][root][INFO] - Epoch: 123 | Loss: 0.0014 | Val - MRR: 0.3547, MR:  168.84, H@1: 0.267, H@3: 0.386, H@10: 0.532 | Test - MRR: 0.3507 | *
[2026-01-07 14:01:37,093][root][INFO] - Epoch: 124 | Loss: 0.0014 | Val - MRR: 0.3526, MR:  164.54, H@1: 0.265, H@3: 0.383, H@10: 0.530 | 
[2026-01-07 14:04:15,413][root][INFO] - Epoch: 125 | Loss: 0.0014 | Val - MRR: 0.3527, MR:  163.59, H@1: 0.264, H@3: 0.384, H@10: 0.532 | 
[2026-01-07 14:06:53,749][root][INFO] - Epoch: 126 | Loss: 0.0014 | Val - MRR: 0.3545, MR:  163.64, H@1: 0.266, H@3: 0.386, H@10: 0.532 | 
[2026-01-07 14:09:34,063][root][INFO] - Epoch: 127 | Loss: 0.0014 | Val - MRR: 0.3547, MR:  165.41, H@1: 0.266, H@3: 0.386, H@10: 0.534 | 
[2026-01-07 14:12:12,809][root][INFO] - Epoch: 128 | Loss: 0.0014 | Val - MRR: 0.3542, MR:  168.41, H@1: 0.265, H@3: 0.388, H@10: 0.533 | 
[2026-01-07 14:14:51,094][root][INFO] - Epoch: 129 | Loss: 0.0014 | Val - MRR: 0.3545, MR:  163.37, H@1: 0.264, H@3: 0.389, H@10: 0.535 | 
[2026-01-07 14:17:46,943][root][INFO] - Epoch: 130 | Loss: 0.0014 | Val - MRR: 0.3555, MR:  163.79, H@1: 0.265, H@3: 0.390, H@10: 0.536 | Test - MRR: 0.3508 | *
[2026-01-07 14:20:42,658][root][INFO] - Epoch: 131 | Loss: 0.0014 | Val - MRR: 0.3564, MR:  166.06, H@1: 0.267, H@3: 0.390, H@10: 0.535 | Test - MRR: 0.3520 | *
[2026-01-07 14:23:38,133][root][INFO] - Epoch: 132 | Loss: 0.0014 | Val - MRR: 0.3565, MR:  163.98, H@1: 0.267, H@3: 0.389, H@10: 0.537 | Test - MRR: 0.3519 | *
[2026-01-07 14:26:32,048][root][INFO] - Epoch: 133 | Loss: 0.0014 | Val - MRR: 0.3566, MR:  162.71, H@1: 0.267, H@3: 0.390, H@10: 0.536 | Test - MRR: 0.3533 | *
[2026-01-07 14:29:10,451][root][INFO] - Epoch: 134 | Loss: 0.0014 | Val - MRR: 0.3534, MR:  163.41, H@1: 0.263, H@3: 0.388, H@10: 0.535 | 
[2026-01-07 14:31:50,038][root][INFO] - Epoch: 135 | Loss: 0.0014 | Val - MRR: 0.3563, MR:  164.59, H@1: 0.267, H@3: 0.388, H@10: 0.537 | 
[2026-01-07 14:34:27,199][root][INFO] - Epoch: 136 | Loss: 0.0014 | Val - MRR: 0.3534, MR:  162.06, H@1: 0.262, H@3: 0.387, H@10: 0.537 | 
[2026-01-07 14:37:06,653][root][INFO] - Epoch: 137 | Loss: 0.0014 | Val - MRR: 0.3563, MR:  163.47, H@1: 0.266, H@3: 0.390, H@10: 0.540 | 
[2026-01-07 14:40:02,041][root][INFO] - Epoch: 138 | Loss: 0.0014 | Val - MRR: 0.3574, MR:  161.56, H@1: 0.268, H@3: 0.388, H@10: 0.538 | Test - MRR: 0.3532 | *
[2026-01-07 14:42:41,062][root][INFO] - Epoch: 139 | Loss: 0.0014 | Val - MRR: 0.3564, MR:  162.72, H@1: 0.267, H@3: 0.389, H@10: 0.536 | 
[2026-01-07 14:45:18,940][root][INFO] - Epoch: 140 | Loss: 0.0014 | Val - MRR: 0.3540, MR:  165.38, H@1: 0.264, H@3: 0.387, H@10: 0.535 | 
[2026-01-07 14:47:58,691][root][INFO] - Epoch: 141 | Loss: 0.0014 | Val - MRR: 0.3557, MR:  163.57, H@1: 0.265, H@3: 0.390, H@10: 0.538 | 
[2026-01-07 14:50:37,756][root][INFO] - Epoch: 142 | Loss: 0.0014 | Val - MRR: 0.3561, MR:  164.40, H@1: 0.265, H@3: 0.389, H@10: 0.540 | 
[2026-01-07 14:53:17,038][root][INFO] - Epoch: 143 | Loss: 0.0014 | Val - MRR: 0.3557, MR:  161.31, H@1: 0.265, H@3: 0.388, H@10: 0.539 | 
[2026-01-07 14:56:12,706][root][INFO] - Epoch: 144 | Loss: 0.0014 | Val - MRR: 0.3575, MR:  162.85, H@1: 0.268, H@3: 0.390, H@10: 0.540 | Test - MRR: 0.3539 | *
[2026-01-07 14:58:51,356][root][INFO] - Epoch: 145 | Loss: 0.0014 | Val - MRR: 0.3568, MR:  162.89, H@1: 0.265, H@3: 0.392, H@10: 0.541 | 
[2026-01-07 15:01:47,995][root][INFO] - Epoch: 146 | Loss: 0.0014 | Val - MRR: 0.3579, MR:  162.57, H@1: 0.268, H@3: 0.391, H@10: 0.542 | Test - MRR: 0.3535 | *
[2026-01-07 15:04:43,730][root][INFO] - Epoch: 147 | Loss: 0.0014 | Val - MRR: 0.3582, MR:  162.15, H@1: 0.267, H@3: 0.393, H@10: 0.542 | Test - MRR: 0.3533 | *
[2026-01-07 15:07:40,271][root][INFO] - Epoch: 148 | Loss: 0.0014 | Val - MRR: 0.3596, MR:  164.81, H@1: 0.270, H@3: 0.392, H@10: 0.541 | Test - MRR: 0.3548 | *
[2026-01-07 15:10:19,345][root][INFO] - Epoch: 149 | Loss: 0.0014 | Val - MRR: 0.3583, MR:  163.17, H@1: 0.267, H@3: 0.392, H@10: 0.542 | 
[2026-01-07 15:12:56,557][root][INFO] - Epoch: 150 | Loss: 0.0014 | Val - MRR: 0.3592, MR:  164.57, H@1: 0.269, H@3: 0.392, H@10: 0.541 | 
[2026-01-07 15:15:35,344][root][INFO] - Epoch: 151 | Loss: 0.0014 | Val - MRR: 0.3590, MR:  162.35, H@1: 0.268, H@3: 0.393, H@10: 0.542 | 
[2026-01-07 15:18:13,343][root][INFO] - Epoch: 152 | Loss: 0.0014 | Val - MRR: 0.3593, MR:  161.76, H@1: 0.268, H@3: 0.394, H@10: 0.543 | 
[2026-01-07 15:20:50,219][root][INFO] - Epoch: 153 | Loss: 0.0014 | Val - MRR: 0.3578, MR:  160.75, H@1: 0.267, H@3: 0.392, H@10: 0.542 | 
[2026-01-07 15:23:29,429][root][INFO] - Epoch: 154 | Loss: 0.0014 | Val - MRR: 0.3581, MR:  163.64, H@1: 0.267, H@3: 0.391, H@10: 0.541 | 
[2026-01-07 15:26:25,230][root][INFO] - Epoch: 155 | Loss: 0.0014 | Val - MRR: 0.3603, MR:  163.71, H@1: 0.269, H@3: 0.395, H@10: 0.546 | Test - MRR: 0.3555 | *
[2026-01-07 15:29:03,173][root][INFO] - Epoch: 156 | Loss: 0.0014 | Val - MRR: 0.3598, MR:  163.92, H@1: 0.270, H@3: 0.392, H@10: 0.542 | 
[2026-01-07 15:31:42,530][root][INFO] - Epoch: 157 | Loss: 0.0014 | Val - MRR: 0.3589, MR:  162.76, H@1: 0.268, H@3: 0.392, H@10: 0.542 | 
[2026-01-07 15:34:21,317][root][INFO] - Epoch: 158 | Loss: 0.0014 | Val - MRR: 0.3598, MR:  160.71, H@1: 0.269, H@3: 0.393, H@10: 0.542 | 
[2026-01-07 15:37:00,796][root][INFO] - Epoch: 159 | Loss: 0.0014 | Val - MRR: 0.3595, MR:  162.84, H@1: 0.268, H@3: 0.394, H@10: 0.542 | 
[2026-01-07 15:39:57,077][root][INFO] - Epoch: 160 | Loss: 0.0014 | Val - MRR: 0.3605, MR:  162.92, H@1: 0.270, H@3: 0.395, H@10: 0.543 | Test - MRR: 0.3549 | *
[2026-01-07 15:42:53,750][root][INFO] - Epoch: 161 | Loss: 0.0014 | Val - MRR: 0.3605, MR:  163.77, H@1: 0.270, H@3: 0.394, H@10: 0.543 | Test - MRR: 0.3549 | *
[2026-01-07 15:45:48,985][root][INFO] - Epoch: 162 | Loss: 0.0014 | Val - MRR: 0.3606, MR:  162.80, H@1: 0.270, H@3: 0.394, H@10: 0.543 | Test - MRR: 0.3556 | *
[2026-01-07 15:48:45,053][root][INFO] - Epoch: 163 | Loss: 0.0014 | Val - MRR: 0.3610, MR:  163.17, H@1: 0.271, H@3: 0.394, H@10: 0.544 | Test - MRR: 0.3575 | *
[2026-01-07 15:51:39,072][root][INFO] - Epoch: 164 | Loss: 0.0014 | Val - MRR: 0.3623, MR:  163.73, H@1: 0.272, H@3: 0.396, H@10: 0.545 | Test - MRR: 0.3572 | *
[2026-01-07 15:54:16,582][root][INFO] - Epoch: 165 | Loss: 0.0014 | Val - MRR: 0.3612, MR:  163.25, H@1: 0.270, H@3: 0.397, H@10: 0.544 | 
[2026-01-07 15:56:54,902][root][INFO] - Epoch: 166 | Loss: 0.0014 | Val - MRR: 0.3617, MR:  165.65, H@1: 0.271, H@3: 0.396, H@10: 0.544 | 
[2026-01-07 15:59:50,107][root][INFO] - Epoch: 167 | Loss: 0.0014 | Val - MRR: 0.3627, MR:  166.77, H@1: 0.272, H@3: 0.397, H@10: 0.545 | Test - MRR: 0.3579 | *
[2026-01-07 16:02:28,933][root][INFO] - Epoch: 168 | Loss: 0.0014 | Val - MRR: 0.3616, MR:  160.86, H@1: 0.270, H@3: 0.396, H@10: 0.546 | 
[2026-01-07 16:05:06,996][root][INFO] - Epoch: 169 | Loss: 0.0014 | Val - MRR: 0.3605, MR:  165.17, H@1: 0.270, H@3: 0.395, H@10: 0.543 | 
[2026-01-07 16:07:43,608][root][INFO] - Epoch: 170 | Loss: 0.0014 | Val - MRR: 0.3607, MR:  166.80, H@1: 0.269, H@3: 0.395, H@10: 0.546 | 
[2026-01-07 16:10:21,888][root][INFO] - Epoch: 171 | Loss: 0.0014 | Val - MRR: 0.3617, MR:  160.30, H@1: 0.270, H@3: 0.397, H@10: 0.548 | 
[2026-01-07 16:12:59,519][root][INFO] - Epoch: 172 | Loss: 0.0014 | Val - MRR: 0.3611, MR:  163.64, H@1: 0.270, H@3: 0.395, H@10: 0.546 | 
[2026-01-07 16:15:39,519][root][INFO] - Epoch: 173 | Loss: 0.0014 | Val - MRR: 0.3622, MR:  164.92, H@1: 0.271, H@3: 0.397, H@10: 0.546 | 
[2026-01-07 16:18:17,011][root][INFO] - Epoch: 174 | Loss: 0.0014 | Val - MRR: 0.3621, MR:  163.33, H@1: 0.270, H@3: 0.397, H@10: 0.548 | 
[2026-01-07 16:20:55,040][root][INFO] - Epoch: 175 | Loss: 0.0014 | Val - MRR: 0.3610, MR:  164.68, H@1: 0.269, H@3: 0.397, H@10: 0.548 | 
[2026-01-07 16:23:33,846][root][INFO] - Epoch: 176 | Loss: 0.0014 | Val - MRR: 0.3610, MR:  163.16, H@1: 0.270, H@3: 0.395, H@10: 0.547 | 
[2026-01-07 16:26:29,944][root][INFO] - Epoch: 177 | Loss: 0.0014 | Val - MRR: 0.3628, MR:  161.28, H@1: 0.271, H@3: 0.398, H@10: 0.549 | Test - MRR: 0.3587 | *
[2026-01-07 16:29:09,997][root][INFO] - Epoch: 178 | Loss: 0.0014 | Val - MRR: 0.3622, MR:  163.99, H@1: 0.270, H@3: 0.398, H@10: 0.548 | 
[2026-01-07 16:31:46,414][root][INFO] - Epoch: 179 | Loss: 0.0014 | Val - MRR: 0.3615, MR:  164.55, H@1: 0.269, H@3: 0.398, H@10: 0.548 | 
[2026-01-07 16:34:41,012][root][INFO] - Epoch: 180 | Loss: 0.0014 | Val - MRR: 0.3633, MR:  162.61, H@1: 0.271, H@3: 0.397, H@10: 0.548 | Test - MRR: 0.3576 | *
[2026-01-07 16:37:19,052][root][INFO] - Epoch: 181 | Loss: 0.0014 | Val - MRR: 0.3626, MR:  166.93, H@1: 0.270, H@3: 0.398, H@10: 0.549 | 
[2026-01-07 16:40:00,594][root][INFO] - Epoch: 182 | Loss: 0.0014 | Val - MRR: 0.3628, MR:  165.29, H@1: 0.271, H@3: 0.397, H@10: 0.550 | 
[2026-01-07 16:42:40,487][root][INFO] - Epoch: 183 | Loss: 0.0014 | Val - MRR: 0.3624, MR:  164.10, H@1: 0.271, H@3: 0.395, H@10: 0.550 | 
[2026-01-07 16:45:19,514][root][INFO] - Epoch: 184 | Loss: 0.0014 | Val - MRR: 0.3626, MR:  162.17, H@1: 0.271, H@3: 0.398, H@10: 0.550 | 
[2026-01-07 16:47:59,370][root][INFO] - Epoch: 185 | Loss: 0.0013 | Val - MRR: 0.3613, MR:  165.32, H@1: 0.269, H@3: 0.396, H@10: 0.549 | 
[2026-01-07 16:50:54,559][root][INFO] - Epoch: 186 | Loss: 0.0013 | Val - MRR: 0.3643, MR:  165.06, H@1: 0.272, H@3: 0.399, H@10: 0.549 | Test - MRR: 0.3589 | *
[2026-01-07 16:53:33,672][root][INFO] - Epoch: 187 | Loss: 0.0013 | Val - MRR: 0.3637, MR:  163.88, H@1: 0.272, H@3: 0.400, H@10: 0.547 | 
[2026-01-07 16:56:13,166][root][INFO] - Epoch: 188 | Loss: 0.0013 | Val - MRR: 0.3639, MR:  162.97, H@1: 0.272, H@3: 0.399, H@10: 0.547 | 
[2026-01-07 16:58:50,854][root][INFO] - Epoch: 189 | Loss: 0.0013 | Val - MRR: 0.3635, MR:  166.92, H@1: 0.272, H@3: 0.397, H@10: 0.547 | 
[2026-01-07 17:01:30,658][root][INFO] - Epoch: 190 | Loss: 0.0013 | Val - MRR: 0.3620, MR:  165.53, H@1: 0.270, H@3: 0.396, H@10: 0.548 | 
[2026-01-07 17:04:09,158][root][INFO] - Epoch: 191 | Loss: 0.0013 | Val - MRR: 0.3640, MR:  169.71, H@1: 0.273, H@3: 0.397, H@10: 0.547 | 
[2026-01-07 17:06:47,738][root][INFO] - Epoch: 192 | Loss: 0.0013 | Val - MRR: 0.3640, MR:  166.56, H@1: 0.272, H@3: 0.399, H@10: 0.548 | 
[2026-01-07 17:09:43,543][root][INFO] - Epoch: 193 | Loss: 0.0013 | Val - MRR: 0.3650, MR:  164.01, H@1: 0.274, H@3: 0.399, H@10: 0.550 | Test - MRR: 0.3593 | *
[2026-01-07 17:12:21,108][root][INFO] - Epoch: 194 | Loss: 0.0013 | Val - MRR: 0.3633, MR:  171.18, H@1: 0.271, H@3: 0.399, H@10: 0.548 | 
[2026-01-07 17:14:58,974][root][INFO] - Epoch: 195 | Loss: 0.0013 | Val - MRR: 0.3630, MR:  166.94, H@1: 0.271, H@3: 0.397, H@10: 0.549 | 
[2026-01-07 17:17:34,606][root][INFO] - Epoch: 196 | Loss: 0.0013 | Val - MRR: 0.3633, MR:  167.34, H@1: 0.271, H@3: 0.397, H@10: 0.550 | 
[2026-01-07 17:20:12,152][root][INFO] - Epoch: 197 | Loss: 0.0013 | Val - MRR: 0.3645, MR:  167.94, H@1: 0.273, H@3: 0.397, H@10: 0.549 | 
[2026-01-07 17:22:49,719][root][INFO] - Epoch: 198 | Loss: 0.0013 | Val - MRR: 0.3640, MR:  164.95, H@1: 0.272, H@3: 0.399, H@10: 0.549 | 
[2026-01-07 17:25:28,664][root][INFO] - Epoch: 199 | Loss: 0.0013 | Val - MRR: 0.3634, MR:  167.91, H@1: 0.271, H@3: 0.398, H@10: 0.549 | 
[2026-01-07 17:28:07,446][root][INFO] - Epoch: 200 | Loss: 0.0013 | Val - MRR: 0.3625, MR:  165.07, H@1: 0.269, H@3: 0.399, H@10: 0.549 | 
[2026-01-07 17:30:45,877][root][INFO] - Epoch: 201 | Loss: 0.0013 | Val - MRR: 0.3629, MR:  167.56, H@1: 0.271, H@3: 0.398, H@10: 0.550 | 
[2026-01-07 17:33:23,139][root][INFO] - Epoch: 202 | Loss: 0.0013 | Val - MRR: 0.3622, MR:  170.16, H@1: 0.269, H@3: 0.397, H@10: 0.549 | 
[2026-01-07 17:36:00,955][root][INFO] - Epoch: 203 | Loss: 0.0013 | Val - MRR: 0.3631, MR:  166.42, H@1: 0.270, H@3: 0.399, H@10: 0.549 | 
[2026-01-07 17:38:40,380][root][INFO] - Epoch: 204 | Loss: 0.0013 | Val - MRR: 0.3626, MR:  161.07, H@1: 0.271, H@3: 0.398, H@10: 0.548 | 
[2026-01-07 17:41:17,892][root][INFO] - Epoch: 205 | Loss: 0.0013 | Val - MRR: 0.3637, MR:  165.36, H@1: 0.271, H@3: 0.401, H@10: 0.549 | 
[2026-01-07 17:43:55,870][root][INFO] - Epoch: 206 | Loss: 0.0013 | Val - MRR: 0.3644, MR:  166.80, H@1: 0.272, H@3: 0.399, H@10: 0.548 | 
[2026-01-07 17:46:34,012][root][INFO] - Epoch: 207 | Loss: 0.0013 | Val - MRR: 0.3630, MR:  164.96, H@1: 0.270, H@3: 0.399, H@10: 0.549 | 
[2026-01-07 17:49:11,937][root][INFO] - Epoch: 208 | Loss: 0.0013 | Val - MRR: 0.3628, MR:  170.33, H@1: 0.271, H@3: 0.398, H@10: 0.550 | 
[2026-01-07 17:51:48,417][root][INFO] - Epoch: 209 | Loss: 0.0013 | Val - MRR: 0.3635, MR:  169.32, H@1: 0.271, H@3: 0.398, H@10: 0.549 | 
[2026-01-07 17:54:26,796][root][INFO] - Epoch: 210 | Loss: 0.0013 | Val - MRR: 0.3633, MR:  165.99, H@1: 0.271, H@3: 0.398, H@10: 0.551 | 
[2026-01-07 17:57:04,760][root][INFO] - Epoch: 211 | Loss: 0.0013 | Val - MRR: 0.3627, MR:  168.50, H@1: 0.270, H@3: 0.397, H@10: 0.550 | 
[2026-01-07 17:59:44,328][root][INFO] - Epoch: 212 | Loss: 0.0013 | Val - MRR: 0.3635, MR:  168.42, H@1: 0.271, H@3: 0.399, H@10: 0.550 | 
[2026-01-07 18:02:23,170][root][INFO] - Epoch: 213 | Loss: 0.0013 | Val - MRR: 0.3637, MR:  167.30, H@1: 0.271, H@3: 0.398, H@10: 0.550 | 
[2026-01-07 18:04:59,851][root][INFO] - Epoch: 214 | Loss: 0.0013 | Val - MRR: 0.3630, MR:  168.22, H@1: 0.270, H@3: 0.396, H@10: 0.550 | 
[2026-01-07 18:07:38,317][root][INFO] - Epoch: 215 | Loss: 0.0013 | Val - MRR: 0.3641, MR:  165.25, H@1: 0.272, H@3: 0.399, H@10: 0.550 | 
[2026-01-07 18:10:15,308][root][INFO] - Epoch: 216 | Loss: 0.0013 | Val - MRR: 0.3631, MR:  171.13, H@1: 0.271, H@3: 0.397, H@10: 0.550 | 
[2026-01-07 18:12:54,091][root][INFO] - Epoch: 217 | Loss: 0.0013 | Val - MRR: 0.3640, MR:  169.02, H@1: 0.271, H@3: 0.399, H@10: 0.550 | 
[2026-01-07 18:15:31,747][root][INFO] - Epoch: 218 | Loss: 0.0013 | Val - MRR: 0.3644, MR:  169.87, H@1: 0.272, H@3: 0.398, H@10: 0.551 | 
[2026-01-07 18:18:08,691][root][INFO] - Epoch: 219 | Loss: 0.0013 | Val - MRR: 0.3648, MR:  166.27, H@1: 0.273, H@3: 0.399, H@10: 0.553 | 
[2026-01-07 18:20:45,341][root][INFO] - Epoch: 220 | Loss: 0.0013 | Val - MRR: 0.3636, MR:  171.33, H@1: 0.271, H@3: 0.398, H@10: 0.552 | 
[2026-01-07 18:23:41,403][root][INFO] - Epoch: 221 | Loss: 0.0013 | Val - MRR: 0.3653, MR:  165.65, H@1: 0.273, H@3: 0.401, H@10: 0.553 | Test - MRR: 0.3605 | *
[2026-01-07 18:26:19,536][root][INFO] - Epoch: 222 | Loss: 0.0013 | Val - MRR: 0.3642, MR:  170.10, H@1: 0.271, H@3: 0.399, H@10: 0.551 | 
[2026-01-07 18:28:59,023][root][INFO] - Epoch: 223 | Loss: 0.0013 | Val - MRR: 0.3627, MR:  169.96, H@1: 0.270, H@3: 0.398, H@10: 0.548 | 
[2026-01-07 18:31:37,329][root][INFO] - Epoch: 224 | Loss: 0.0013 | Val - MRR: 0.3649, MR:  171.97, H@1: 0.272, H@3: 0.402, H@10: 0.551 | 
[2026-01-07 18:34:16,250][root][INFO] - Epoch: 225 | Loss: 0.0013 | Val - MRR: 0.3648, MR:  165.90, H@1: 0.271, H@3: 0.401, H@10: 0.553 | 
[2026-01-07 18:36:53,959][root][INFO] - Epoch: 226 | Loss: 0.0013 | Val - MRR: 0.3631, MR:  170.45, H@1: 0.270, H@3: 0.398, H@10: 0.551 | 
[2026-01-07 18:39:32,799][root][INFO] - Epoch: 227 | Loss: 0.0013 | Val - MRR: 0.3630, MR:  171.41, H@1: 0.270, H@3: 0.398, H@10: 0.552 | 
[2026-01-07 18:42:10,398][root][INFO] - Epoch: 228 | Loss: 0.0013 | Val - MRR: 0.3645, MR:  169.21, H@1: 0.271, H@3: 0.401, H@10: 0.553 | 
[2026-01-07 18:44:49,131][root][INFO] - Epoch: 229 | Loss: 0.0013 | Val - MRR: 0.3639, MR:  171.20, H@1: 0.272, H@3: 0.398, H@10: 0.551 | 
[2026-01-07 18:47:25,529][root][INFO] - Epoch: 230 | Loss: 0.0013 | Val - MRR: 0.3644, MR:  172.12, H@1: 0.271, H@3: 0.400, H@10: 0.552 | 
[2026-01-07 18:50:05,414][root][INFO] - Epoch: 231 | Loss: 0.0013 | Val - MRR: 0.3647, MR:  170.91, H@1: 0.272, H@3: 0.399, H@10: 0.554 | 
[2026-01-07 18:52:44,472][root][INFO] - Epoch: 232 | Loss: 0.0013 | Val - MRR: 0.3646, MR:  171.86, H@1: 0.272, H@3: 0.400, H@10: 0.552 | 
[2026-01-07 18:55:23,589][root][INFO] - Epoch: 233 | Loss: 0.0013 | Val - MRR: 0.3636, MR:  174.45, H@1: 0.271, H@3: 0.399, H@10: 0.551 | 
[2026-01-07 18:58:00,616][root][INFO] - Epoch: 234 | Loss: 0.0013 | Val - MRR: 0.3646, MR:  169.51, H@1: 0.272, H@3: 0.401, H@10: 0.551 | 
[2026-01-07 19:00:38,225][root][INFO] - Epoch: 235 | Loss: 0.0013 | Val - MRR: 0.3649, MR:  173.53, H@1: 0.272, H@3: 0.402, H@10: 0.553 | 
[2026-01-07 19:03:35,171][root][INFO] - Epoch: 236 | Loss: 0.0013 | Val - MRR: 0.3657, MR:  172.99, H@1: 0.274, H@3: 0.401, H@10: 0.552 | Test - MRR: 0.3602 | *
[2026-01-07 19:06:13,823][root][INFO] - Epoch: 237 | Loss: 0.0013 | Val - MRR: 0.3652, MR:  170.51, H@1: 0.272, H@3: 0.400, H@10: 0.551 | 
[2026-01-07 19:08:52,050][root][INFO] - Epoch: 238 | Loss: 0.0013 | Val - MRR: 0.3652, MR:  171.73, H@1: 0.273, H@3: 0.400, H@10: 0.552 | 
[2026-01-07 19:11:29,885][root][INFO] - Epoch: 239 | Loss: 0.0013 | Val - MRR: 0.3652, MR:  173.46, H@1: 0.273, H@3: 0.399, H@10: 0.552 | 
[2026-01-07 19:14:09,080][root][INFO] - Epoch: 240 | Loss: 0.0013 | Val - MRR: 0.3651, MR:  171.51, H@1: 0.272, H@3: 0.401, H@10: 0.552 | 
[2026-01-07 19:17:05,053][root][INFO] - Epoch: 241 | Loss: 0.0013 | Val - MRR: 0.3657, MR:  170.66, H@1: 0.273, H@3: 0.400, H@10: 0.555 | Test - MRR: 0.3600 | *
[2026-01-07 19:19:42,987][root][INFO] - Epoch: 242 | Loss: 0.0013 | Val - MRR: 0.3657, MR:  175.36, H@1: 0.273, H@3: 0.400, H@10: 0.554 | 
[2026-01-07 19:22:21,249][root][INFO] - Epoch: 243 | Loss: 0.0013 | Val - MRR: 0.3656, MR:  174.71, H@1: 0.272, H@3: 0.401, H@10: 0.553 | 
[2026-01-07 19:24:59,735][root][INFO] - Epoch: 244 | Loss: 0.0013 | Val - MRR: 0.3634, MR:  174.80, H@1: 0.271, H@3: 0.397, H@10: 0.551 | 
[2026-01-07 19:27:37,126][root][INFO] - Epoch: 245 | Loss: 0.0013 | Val - MRR: 0.3638, MR:  174.98, H@1: 0.271, H@3: 0.399, H@10: 0.552 | 
[2026-01-07 19:30:15,734][root][INFO] - Epoch: 246 | Loss: 0.0013 | Val - MRR: 0.3636, MR:  176.48, H@1: 0.271, H@3: 0.398, H@10: 0.552 | 
[2026-01-07 19:32:53,264][root][INFO] - Epoch: 247 | Loss: 0.0013 | Val - MRR: 0.3644, MR:  175.13, H@1: 0.272, H@3: 0.400, H@10: 0.552 | 
[2026-01-07 19:35:30,541][root][INFO] - Epoch: 248 | Loss: 0.0013 | Val - MRR: 0.3647, MR:  175.76, H@1: 0.273, H@3: 0.397, H@10: 0.551 | 
[2026-01-07 19:38:08,802][root][INFO] - Epoch: 249 | Loss: 0.0013 | Val - MRR: 0.3648, MR:  173.02, H@1: 0.273, H@3: 0.399, H@10: 0.550 | 
[2026-01-07 19:40:46,209][root][INFO] - Epoch: 250 | Loss: 0.0013 | Val - MRR: 0.3638, MR:  175.76, H@1: 0.272, H@3: 0.397, H@10: 0.551 | 
[2026-01-07 19:43:24,191][root][INFO] - Epoch: 251 | Loss: 0.0013 | Val - MRR: 0.3631, MR:  177.22, H@1: 0.270, H@3: 0.397, H@10: 0.550 | 
[2026-01-07 19:46:02,222][root][INFO] - Epoch: 252 | Loss: 0.0013 | Val - MRR: 0.3635, MR:  173.56, H@1: 0.271, H@3: 0.398, H@10: 0.552 | 
[2026-01-07 19:48:38,433][root][INFO] - Epoch: 253 | Loss: 0.0013 | Val - MRR: 0.3632, MR:  177.09, H@1: 0.271, H@3: 0.399, H@10: 0.551 | 
[2026-01-07 19:51:15,521][root][INFO] - Epoch: 254 | Loss: 0.0013 | Val - MRR: 0.3640, MR:  176.14, H@1: 0.272, H@3: 0.399, H@10: 0.551 | 
[2026-01-07 19:53:53,537][root][INFO] - Epoch: 255 | Loss: 0.0013 | Val - MRR: 0.3649, MR:  175.02, H@1: 0.273, H@3: 0.399, H@10: 0.552 | 
[2026-01-07 19:56:46,918][root][INFO] - Epoch: 256 | Loss: 0.0013 | Val - MRR: 0.3658, MR:  170.47, H@1: 0.274, H@3: 0.400, H@10: 0.552 | Test - MRR: 0.3591 | *
[2026-01-07 19:59:24,698][root][INFO] - Epoch: 257 | Loss: 0.0013 | Val - MRR: 0.3638, MR:  177.59, H@1: 0.272, H@3: 0.398, H@10: 0.550 | 
[2026-01-07 20:02:01,722][root][INFO] - Epoch: 258 | Loss: 0.0013 | Val - MRR: 0.3636, MR:  180.77, H@1: 0.271, H@3: 0.399, H@10: 0.551 | 
[2026-01-07 20:04:37,264][root][INFO] - Epoch: 259 | Loss: 0.0013 | Val - MRR: 0.3635, MR:  177.52, H@1: 0.271, H@3: 0.399, H@10: 0.552 | 
[2026-01-07 20:07:16,055][root][INFO] - Epoch: 260 | Loss: 0.0013 | Val - MRR: 0.3648, MR:  176.19, H@1: 0.273, H@3: 0.399, H@10: 0.552 | 
[2026-01-07 20:09:53,153][root][INFO] - Epoch: 261 | Loss: 0.0013 | Val - MRR: 0.3639, MR:  177.11, H@1: 0.272, H@3: 0.398, H@10: 0.551 | 
[2026-01-07 20:12:32,087][root][INFO] - Epoch: 262 | Loss: 0.0013 | Val - MRR: 0.3646, MR:  181.69, H@1: 0.272, H@3: 0.398, H@10: 0.552 | 
[2026-01-07 20:15:08,257][root][INFO] - Epoch: 263 | Loss: 0.0013 | Val - MRR: 0.3634, MR:  182.60, H@1: 0.270, H@3: 0.398, H@10: 0.551 | 
[2026-01-07 20:17:45,740][root][INFO] - Epoch: 264 | Loss: 0.0013 | Val - MRR: 0.3648, MR:  177.99, H@1: 0.273, H@3: 0.399, H@10: 0.551 | 
[2026-01-07 20:20:22,681][root][INFO] - Epoch: 265 | Loss: 0.0013 | Val - MRR: 0.3642, MR:  176.45, H@1: 0.272, H@3: 0.398, H@10: 0.552 | 
[2026-01-07 20:23:01,083][root][INFO] - Epoch: 266 | Loss: 0.0013 | Val - MRR: 0.3643, MR:  175.46, H@1: 0.273, H@3: 0.397, H@10: 0.551 | 
[2026-01-07 20:25:37,677][root][INFO] - Epoch: 267 | Loss: 0.0013 | Val - MRR: 0.3648, MR:  176.80, H@1: 0.273, H@3: 0.399, H@10: 0.552 | 
[2026-01-07 20:28:14,458][root][INFO] - Epoch: 268 | Loss: 0.0013 | Val - MRR: 0.3650, MR:  176.02, H@1: 0.273, H@3: 0.398, H@10: 0.552 | 
[2026-01-07 20:30:58,621][root][INFO] - Epoch: 269 | Loss: 0.0013 | Val - MRR: 0.3652, MR:  175.30, H@1: 0.273, H@3: 0.400, H@10: 0.553 | 
[2026-01-07 20:34:19,449][root][INFO] - Epoch: 270 | Loss: 0.0013 | Val - MRR: 0.3649, MR:  175.90, H@1: 0.273, H@3: 0.399, H@10: 0.552 | 
[2026-01-07 20:37:57,011][root][INFO] - Epoch: 271 | Loss: 0.0013 | Val - MRR: 0.3665, MR:  178.36, H@1: 0.274, H@3: 0.401, H@10: 0.553 | Test - MRR: 0.3606 | *
[2026-01-07 20:41:18,258][root][INFO] - Epoch: 272 | Loss: 0.0013 | Val - MRR: 0.3652, MR:  178.03, H@1: 0.274, H@3: 0.398, H@10: 0.552 | 
[2026-01-07 20:44:56,430][root][INFO] - Epoch: 273 | Loss: 0.0013 | Val - MRR: 0.3657, MR:  182.14, H@1: 0.274, H@3: 0.400, H@10: 0.553 | 
[2026-01-07 20:48:34,811][root][INFO] - Epoch: 274 | Loss: 0.0013 | Val - MRR: 0.3654, MR:  174.78, H@1: 0.273, H@3: 0.401, H@10: 0.552 | 
[2026-01-07 20:52:05,758][root][INFO] - Epoch: 275 | Loss: 0.0013 | Val - MRR: 0.3660, MR:  176.92, H@1: 0.274, H@3: 0.400, H@10: 0.553 | 
[2026-01-07 20:55:26,699][root][INFO] - Epoch: 276 | Loss: 0.0013 | Val - MRR: 0.3641, MR:  179.84, H@1: 0.272, H@3: 0.398, H@10: 0.553 | 
[2026-01-07 20:58:28,851][root][INFO] - Epoch: 277 | Loss: 0.0013 | Val - MRR: 0.3649, MR:  182.57, H@1: 0.273, H@3: 0.398, H@10: 0.552 | 
[2026-01-07 21:01:06,417][root][INFO] - Epoch: 278 | Loss: 0.0013 | Val - MRR: 0.3649, MR:  182.98, H@1: 0.273, H@3: 0.399, H@10: 0.552 | 
[2026-01-07 21:03:43,228][root][INFO] - Epoch: 279 | Loss: 0.0013 | Val - MRR: 0.3657, MR:  178.57, H@1: 0.273, H@3: 0.400, H@10: 0.553 | 
[2026-01-07 21:06:19,918][root][INFO] - Epoch: 280 | Loss: 0.0013 | Val - MRR: 0.3657, MR:  182.02, H@1: 0.274, H@3: 0.399, H@10: 0.554 | 
[2026-01-07 21:08:54,411][root][INFO] - Epoch: 281 | Loss: 0.0013 | Val - MRR: 0.3645, MR:  184.99, H@1: 0.273, H@3: 0.399, H@10: 0.551 | 
[2026-01-07 21:11:32,288][root][INFO] - Epoch: 282 | Loss: 0.0013 | Val - MRR: 0.3641, MR:  181.82, H@1: 0.272, H@3: 0.398, H@10: 0.554 | 
[2026-01-07 21:14:09,654][root][INFO] - Epoch: 283 | Loss: 0.0013 | Val - MRR: 0.3642, MR:  184.19, H@1: 0.272, H@3: 0.400, H@10: 0.552 | 
[2026-01-07 21:16:46,617][root][INFO] - Epoch: 284 | Loss: 0.0013 | Val - MRR: 0.3643, MR:  177.50, H@1: 0.271, H@3: 0.399, H@10: 0.554 | 
[2026-01-07 21:19:24,966][root][INFO] - Epoch: 285 | Loss: 0.0013 | Val - MRR: 0.3653, MR:  179.36, H@1: 0.273, H@3: 0.400, H@10: 0.552 | 
[2026-01-07 21:22:01,235][root][INFO] - Epoch: 286 | Loss: 0.0013 | Val - MRR: 0.3660, MR:  181.52, H@1: 0.274, H@3: 0.401, H@10: 0.553 | 
[2026-01-07 21:24:38,770][root][INFO] - Epoch: 287 | Loss: 0.0013 | Val - MRR: 0.3645, MR:  182.23, H@1: 0.272, H@3: 0.399, H@10: 0.554 | 
[2026-01-07 21:27:16,042][root][INFO] - Epoch: 288 | Loss: 0.0013 | Val - MRR: 0.3643, MR:  183.60, H@1: 0.272, H@3: 0.398, H@10: 0.553 | 
[2026-01-07 21:29:53,629][root][INFO] - Epoch: 289 | Loss: 0.0013 | Val - MRR: 0.3663, MR:  181.61, H@1: 0.274, H@3: 0.400, H@10: 0.554 | 
[2026-01-07 21:32:31,151][root][INFO] - Epoch: 290 | Loss: 0.0013 | Val - MRR: 0.3656, MR:  184.79, H@1: 0.274, H@3: 0.398, H@10: 0.553 | 
[2026-01-07 21:35:09,544][root][INFO] - Epoch: 291 | Loss: 0.0013 | Val - MRR: 0.3645, MR:  186.21, H@1: 0.273, H@3: 0.397, H@10: 0.552 | 
[2026-01-07 21:37:45,945][root][INFO] - Epoch: 292 | Loss: 0.0013 | Val - MRR: 0.3647, MR:  182.28, H@1: 0.273, H@3: 0.398, H@10: 0.552 | 
[2026-01-07 21:40:23,798][root][INFO] - Epoch: 293 | Loss: 0.0013 | Val - MRR: 0.3654, MR:  183.80, H@1: 0.274, H@3: 0.399, H@10: 0.552 | 
[2026-01-07 21:43:13,075][root][INFO] - Epoch: 294 | Loss: 0.0013 | Val - MRR: 0.3649, MR:  186.33, H@1: 0.273, H@3: 0.399, H@10: 0.551 | 
[2026-01-07 21:46:47,893][root][INFO] - Epoch: 295 | Loss: 0.0013 | Val - MRR: 0.3646, MR:  183.20, H@1: 0.272, H@3: 0.399, H@10: 0.553 | 
[2026-01-07 21:49:53,511][root][INFO] - Epoch: 296 | Loss: 0.0013 | Val - MRR: 0.3650, MR:  188.28, H@1: 0.272, H@3: 0.400, H@10: 0.553 | 
[2026-01-07 21:52:29,269][root][INFO] - Epoch: 297 | Loss: 0.0013 | Val - MRR: 0.3640, MR:  184.34, H@1: 0.271, H@3: 0.399, H@10: 0.554 | 
[2026-01-07 21:55:04,396][root][INFO] - Epoch: 298 | Loss: 0.0013 | Val - MRR: 0.3643, MR:  185.48, H@1: 0.271, H@3: 0.399, H@10: 0.554 | 
[2026-01-07 21:58:01,088][root][INFO] - Epoch: 299 | Loss: 0.0013 | Val - MRR: 0.3650, MR:  181.68, H@1: 0.272, H@3: 0.400, H@10: 0.554 | 
[2026-01-07 22:01:20,864][root][INFO] - Epoch: 300 | Loss: 0.0013 | Val - MRR: 0.3656, MR:  185.14, H@1: 0.274, H@3: 0.399, H@10: 0.552 | 
[2026-01-07 22:04:42,628][root][INFO] - Epoch: 301 | Loss: 0.0013 | Val - MRR: 0.3648, MR:  185.61, H@1: 0.273, H@3: 0.399, H@10: 0.552 | 
[2026-01-07 22:08:02,885][root][INFO] - Epoch: 302 | Loss: 0.0013 | Val - MRR: 0.3659, MR:  184.17, H@1: 0.274, H@3: 0.400, H@10: 0.552 | 
[2026-01-07 22:11:24,715][root][INFO] - Epoch: 303 | Loss: 0.0013 | Val - MRR: 0.3665, MR:  184.43, H@1: 0.274, H@3: 0.400, H@10: 0.554 | 
[2026-01-07 22:14:46,063][root][INFO] - Epoch: 304 | Loss: 0.0013 | Val - MRR: 0.3653, MR:  189.94, H@1: 0.272, H@3: 0.399, H@10: 0.555 | 
[2026-01-07 22:18:08,322][root][INFO] - Epoch: 305 | Loss: 0.0013 | Val - MRR: 0.3640, MR:  187.47, H@1: 0.271, H@3: 0.399, H@10: 0.551 | 
[2026-01-07 22:21:30,040][root][INFO] - Epoch: 306 | Loss: 0.0013 | Val - MRR: 0.3644, MR:  188.55, H@1: 0.273, H@3: 0.397, H@10: 0.550 | 
[2026-01-07 22:24:51,416][root][INFO] - Epoch: 307 | Loss: 0.0013 | Val - MRR: 0.3643, MR:  187.60, H@1: 0.272, H@3: 0.400, H@10: 0.552 | 
[2026-01-07 22:27:27,186][root][INFO] - Epoch: 308 | Loss: 0.0013 | Val - MRR: 0.3649, MR:  188.72, H@1: 0.272, H@3: 0.399, H@10: 0.553 | 
[2026-01-07 22:30:02,815][root][INFO] - Epoch: 309 | Loss: 0.0013 | Val - MRR: 0.3644, MR:  188.90, H@1: 0.272, H@3: 0.400, H@10: 0.551 | 
[2026-01-07 22:32:39,501][root][INFO] - Epoch: 310 | Loss: 0.0013 | Val - MRR: 0.3651, MR:  190.14, H@1: 0.273, H@3: 0.398, H@10: 0.553 | 
[2026-01-07 22:35:16,278][root][INFO] - Epoch: 311 | Loss: 0.0013 | Val - MRR: 0.3648, MR:  183.26, H@1: 0.272, H@3: 0.398, H@10: 0.554 | 
[2026-01-07 22:37:53,302][root][INFO] - Epoch: 312 | Loss: 0.0013 | Val - MRR: 0.3659, MR:  185.86, H@1: 0.273, H@3: 0.399, H@10: 0.553 | 
[2026-01-07 22:40:29,158][root][INFO] - Epoch: 313 | Loss: 0.0013 | Val - MRR: 0.3647, MR:  194.31, H@1: 0.272, H@3: 0.398, H@10: 0.552 | 
[2026-01-07 22:43:06,410][root][INFO] - Epoch: 314 | Loss: 0.0013 | Val - MRR: 0.3663, MR:  187.55, H@1: 0.274, H@3: 0.401, H@10: 0.554 | 
[2026-01-07 22:45:41,970][root][INFO] - Epoch: 315 | Loss: 0.0013 | Val - MRR: 0.3654, MR:  188.64, H@1: 0.273, H@3: 0.400, H@10: 0.554 | 
[2026-01-07 22:48:20,112][root][INFO] - Epoch: 316 | Loss: 0.0013 | Val - MRR: 0.3643, MR:  187.21, H@1: 0.272, H@3: 0.398, H@10: 0.552 | 
[2026-01-07 22:50:57,084][root][INFO] - Epoch: 317 | Loss: 0.0013 | Val - MRR: 0.3647, MR:  187.44, H@1: 0.273, H@3: 0.397, H@10: 0.552 | 
[2026-01-07 22:50:57,084][root][INFO] - Long time no improvenment, stop training...
[2026-01-07 22:50:57,084][root][INFO] - Training end...
[2026-01-07 22:50:57,200][root][INFO] - Train metrics ...
[2026-01-07 22:52:06,954][root][INFO] - Train (head) - MRR: 0.7137, MR:    6.86, H@1: 0.609, H@3: 0.788, H@10: 0.899
[2026-01-07 22:52:06,954][root][INFO] - Train (tail) - MRR: 0.7925, MR:    3.55, H@1: 0.703, H@3: 0.861, H@10: 0.946
[2026-01-07 22:52:06,954][root][INFO] - Train (avg) - MRR: 0.7531, MR:    5.21, H@1: 0.656, H@3: 0.825, H@10: 0.922

[2026-01-07 22:52:06,954][root][INFO] - Valid metrics ...
[2026-01-07 22:52:22,352][root][INFO] - Valid (head) - MRR: 0.2680, MR:  230.72, H@1: 0.178, H@3: 0.296, H@10: 0.451
[2026-01-07 22:52:22,353][root][INFO] - Valid (tail) - MRR: 0.4649, MR:  126.00, H@1: 0.371, H@3: 0.507, H@10: 0.655
[2026-01-07 22:52:22,353][root][INFO] - Valid (avg) - MRR: 0.3665, MR:  178.36, H@1: 0.274, H@3: 0.401, H@10: 0.553

[2026-01-07 22:52:22,353][root][INFO] - Test metrics...
[2026-01-07 22:52:38,940][root][INFO] - Test (head) - MRR: 0.2637, MR:  224.92, H@1: 0.173, H@3: 0.291, H@10: 0.449
[2026-01-07 22:52:38,940][root][INFO] - Test (tail) - MRR: 0.4574, MR:  135.30, H@1: 0.360, H@3: 0.501, H@10: 0.651
[2026-01-07 22:52:38,940][root][INFO] - Test (avg) - MRR: 0.3606, MR:  180.11, H@1: 0.267, H@3: 0.396, H@10: 0.550

[2026-01-07 22:52:38,940][root][INFO] - Model save path: /home/wangwei/DSGNet-main/DSGNet/data/output/FB15k_237/2026-01-07/07-29-45
