[2026-03-11 00:54:24,653][root][INFO] - 
------Config------
 {'dataset': 'FB15k_237', 'epoch': 600, 'batch_size': 1024, 'learning_rate': 0.00035, 'h_dim': 480, 'pred_rel_w': False, 'label_smooth': 0.1, 'n_heads': 8, 'topk': 15, 'kg_layer': 2, 'rm_rate': 0.5, 'ent_drop': 0.3, 'rel_drop': 0.1, 'comp_op': 'mul', 'bn': False, 'k_h': 16, 'k_w': 30, 'conv_drop': 0.3, 'ent_drop_pred': 0.3, 'fc_drop': 0.5, 'ker_sz': 8, 'out_channel': 200, 'device': 1, 'max_no_improve': 45, 'cpu_worker_num': 10, 'warmup_epoch': 5}
[2026-03-11 00:54:24,653][root][INFO] - Code dir path: /home/wangwei/DSGNet-main/DSGNet/code_new
[2026-03-11 00:54:24,654][root][INFO] - Config dir path: /home/wangwei/DSGNet-main/DSGNet/config
[2026-03-11 00:54:24,654][root][INFO] - Model save path: /home/wangwei/DSGNet-main/DSGNet/data/output/FB15k_237/2026-03-11/00-54-24
[2026-03-11 00:54:28,415][root][INFO] - kg # node: 14541
[2026-03-11 00:54:28,415][root][INFO] - kg # edge: 544230
[2026-03-11 00:54:28,415][root][INFO] - kg # zero deg node: 36
[2026-03-11 00:54:28,415][root][INFO] - ---Load Train Data---
[2026-03-11 00:54:30,816][root][INFO] - -----Model Parameter Configuration-----
[2026-03-11 00:54:30,816][root][INFO] - Parameter ent_emb: torch.Size([14541, 480]), require_grad = True
[2026-03-11 00:54:30,816][root][INFO] - Parameter pred_rel_emb: torch.Size([474, 480]), require_grad = True
[2026-03-11 00:54:30,816][root][INFO] - Parameter W_fuse: torch.Size([480, 480]), require_grad = True
[2026-03-11 00:54:30,816][root][INFO] - Parameter a_fuse: torch.Size([960, 1]), require_grad = True
[2026-03-11 00:54:30,816][root][INFO] - Parameter rel_embs.0: torch.Size([474, 480]), require_grad = True
[2026-03-11 00:54:30,816][root][INFO] - Parameter rel_embs.1: torch.Size([474, 480]), require_grad = True
[2026-03-11 00:54:30,816][root][INFO] - Parameter predictor.bn0.weight: torch.Size([1]), require_grad = True
[2026-03-11 00:54:30,816][root][INFO] - Parameter predictor.bn0.bias: torch.Size([1]), require_grad = True
[2026-03-11 00:54:30,816][root][INFO] - Parameter predictor.bn1.weight: torch.Size([200]), require_grad = True
[2026-03-11 00:54:30,816][root][INFO] - Parameter predictor.bn1.bias: torch.Size([200]), require_grad = True
[2026-03-11 00:54:30,816][root][INFO] - Parameter predictor.bn2.weight: torch.Size([480]), require_grad = True
[2026-03-11 00:54:30,816][root][INFO] - Parameter predictor.bn2.bias: torch.Size([480]), require_grad = True
[2026-03-11 00:54:30,816][root][INFO] - Parameter predictor.conv.weight: torch.Size([200, 1, 8, 8]), require_grad = True
[2026-03-11 00:54:30,817][root][INFO] - Parameter predictor.fc.weight: torch.Size([480, 115000]), require_grad = True
[2026-03-11 00:54:30,817][root][INFO] - Parameter L.weight: torch.Size([480, 480]), require_grad = True
[2026-03-11 00:54:30,817][root][INFO] - Parameter L.bias: torch.Size([480]), require_grad = True
[2026-03-11 00:54:30,817][root][INFO] - Parameter S.weight: torch.Size([480, 480]), require_grad = True
[2026-03-11 00:54:30,817][root][INFO] - Parameter S.bias: torch.Size([480]), require_grad = True
[2026-03-11 00:54:30,817][root][INFO] - Parameter comp_layers.0.W: torch.Size([480, 480]), require_grad = True
[2026-03-11 00:54:30,817][root][INFO] - Parameter comp_layers.0.W_r: torch.Size([480, 480]), require_grad = True
[2026-03-11 00:54:30,817][root][INFO] - Parameter comp_layers.0.a: torch.Size([1440, 1]), require_grad = True
[2026-03-11 00:54:30,817][root][INFO] - Parameter comp_layers.0.neigh_w: torch.Size([480, 480]), require_grad = True
[2026-03-11 00:54:30,817][root][INFO] - Parameter comp_layers.1.W: torch.Size([480, 480]), require_grad = True
[2026-03-11 00:54:30,817][root][INFO] - Parameter comp_layers.1.W_r: torch.Size([480, 480]), require_grad = True
[2026-03-11 00:54:30,817][root][INFO] - Parameter comp_layers.1.a: torch.Size([1440, 1]), require_grad = True
[2026-03-11 00:54:30,817][root][INFO] - Parameter comp_layers.1.neigh_w: torch.Size([480, 480]), require_grad = True
[2026-03-11 00:54:31,704][root][INFO] - Training... total epoch: 600, step: 88200
[2026-03-11 00:56:33,480][root][INFO] - Epoch:   0 | Loss: 0.6233 | Val - MRR: 0.0134, MR: 6292.26, H@1: 0.000, H@3: 0.019, H@10: 0.031 | Test - MRR: 0.0132 | *
[2026-03-11 00:58:33,297][root][INFO] - Epoch:   1 | Loss: 0.2594 | Val - MRR: 0.0256, MR: 5980.96, H@1: 0.010, H@3: 0.030, H@10: 0.061 | Test - MRR: 0.0254 | *
[2026-03-11 01:00:34,886][root][INFO] - Epoch:   2 | Loss: 0.0792 | Val - MRR: 0.0267, MR: 5750.54, H@1: 0.010, H@3: 0.032, H@10: 0.062 | Test - MRR: 0.0263 | *
[2026-03-11 01:02:36,082][root][INFO] - Epoch:   3 | Loss: 0.0315 | Val - MRR: 0.0288, MR: 5506.74, H@1: 0.010, H@3: 0.032, H@10: 0.063 | Test - MRR: 0.0285 | *
[2026-03-11 01:04:39,210][root][INFO] - Epoch:   4 | Loss: 0.0161 | Val - MRR: 0.0292, MR: 5236.83, H@1: 0.010, H@3: 0.032, H@10: 0.065 | Test - MRR: 0.0290 | *
[2026-03-11 01:06:38,030][root][INFO] - Epoch:   5 | Loss: 0.0101 | Val - MRR: 0.0305, MR: 4961.89, H@1: 0.010, H@3: 0.032, H@10: 0.065 | Test - MRR: 0.0304 | *
[2026-03-11 01:08:36,064][root][INFO] - Epoch:   6 | Loss: 0.0073 | Val - MRR: 0.0331, MR: 4729.00, H@1: 0.012, H@3: 0.034, H@10: 0.066 | Test - MRR: 0.0327 | *
[2026-03-11 01:10:35,111][root][INFO] - Epoch:   7 | Loss: 0.0058 | Val - MRR: 0.0381, MR: 4513.28, H@1: 0.021, H@3: 0.035, H@10: 0.066 | Test - MRR: 0.0383 | *
[2026-03-11 01:12:34,047][root][INFO] - Epoch:   8 | Loss: 0.0049 | Val - MRR: 0.0399, MR: 4313.24, H@1: 0.022, H@3: 0.037, H@10: 0.074 | Test - MRR: 0.0400 | *
[2026-03-11 01:14:32,794][root][INFO] - Epoch:   9 | Loss: 0.0044 | Val - MRR: 0.0442, MR: 4138.59, H@1: 0.024, H@3: 0.049, H@10: 0.075 | Test - MRR: 0.0443 | *
[2026-03-11 01:16:31,900][root][INFO] - Epoch:  10 | Loss: 0.0040 | Val - MRR: 0.0494, MR: 3984.43, H@1: 0.026, H@3: 0.060, H@10: 0.078 | Test - MRR: 0.0492 | *
[2026-03-11 01:18:33,174][root][INFO] - Epoch:  11 | Loss: 0.0037 | Val - MRR: 0.0544, MR: 3836.55, H@1: 0.032, H@3: 0.065, H@10: 0.083 | Test - MRR: 0.0550 | *
[2026-03-11 01:20:35,060][root][INFO] - Epoch:  12 | Loss: 0.0036 | Val - MRR: 0.0578, MR: 3709.72, H@1: 0.032, H@3: 0.065, H@10: 0.091 | Test - MRR: 0.0583 | *
[2026-03-11 01:22:35,776][root][INFO] - Epoch:  13 | Loss: 0.0033 | Val - MRR: 0.0656, MR: 3601.77, H@1: 0.045, H@3: 0.069, H@10: 0.093 | Test - MRR: 0.0653 | *
[2026-03-11 01:24:37,706][root][INFO] - Epoch:  14 | Loss: 0.0032 | Val - MRR: 0.0729, MR: 3503.85, H@1: 0.053, H@3: 0.074, H@10: 0.103 | Test - MRR: 0.0723 | *
[2026-03-11 01:26:40,195][root][INFO] - Epoch:  15 | Loss: 0.0031 | Val - MRR: 0.0808, MR: 3415.08, H@1: 0.063, H@3: 0.079, H@10: 0.114 | Test - MRR: 0.0797 | *
[2026-03-11 01:28:43,369][root][INFO] - Epoch:  16 | Loss: 0.0030 | Val - MRR: 0.0873, MR: 3327.23, H@1: 0.067, H@3: 0.088, H@10: 0.125 | Test - MRR: 0.0858 | *
[2026-03-11 01:30:45,655][root][INFO] - Epoch:  17 | Loss: 0.0029 | Val - MRR: 0.0927, MR: 3249.25, H@1: 0.072, H@3: 0.092, H@10: 0.134 | Test - MRR: 0.0908 | *
[2026-03-11 01:32:47,147][root][INFO] - Epoch:  18 | Loss: 0.0028 | Val - MRR: 0.1030, MR: 3173.00, H@1: 0.081, H@3: 0.103, H@10: 0.146 | Test - MRR: 0.1011 | *
[2026-03-11 01:34:48,985][root][INFO] - Epoch:  19 | Loss: 0.0027 | Val - MRR: 0.1163, MR: 3098.79, H@1: 0.095, H@3: 0.116, H@10: 0.160 | Test - MRR: 0.1140 | *
[2026-03-11 01:36:49,534][root][INFO] - Epoch:  20 | Loss: 0.0027 | Val - MRR: 0.1242, MR: 3031.01, H@1: 0.101, H@3: 0.128, H@10: 0.168 | Test - MRR: 0.1223 | *
[2026-03-11 01:38:50,602][root][INFO] - Epoch:  21 | Loss: 0.0026 | Val - MRR: 0.1326, MR: 2960.20, H@1: 0.106, H@3: 0.139, H@10: 0.184 | Test - MRR: 0.1313 | *
[2026-03-11 01:40:52,205][root][INFO] - Epoch:  22 | Loss: 0.0026 | Val - MRR: 0.1387, MR: 2905.02, H@1: 0.111, H@3: 0.147, H@10: 0.193 | Test - MRR: 0.1383 | *
[2026-03-11 01:42:53,513][root][INFO] - Epoch:  23 | Loss: 0.0026 | Val - MRR: 0.1468, MR: 2853.76, H@1: 0.117, H@3: 0.155, H@10: 0.205 | Test - MRR: 0.1460 | *
[2026-03-11 01:44:55,463][root][INFO] - Epoch:  24 | Loss: 0.0025 | Val - MRR: 0.1515, MR: 2788.23, H@1: 0.120, H@3: 0.159, H@10: 0.214 | Test - MRR: 0.1509 | *
[2026-03-11 01:46:56,057][root][INFO] - Epoch:  25 | Loss: 0.0025 | Val - MRR: 0.1576, MR: 2735.99, H@1: 0.124, H@3: 0.166, H@10: 0.225 | Test - MRR: 0.1569 | *
[2026-03-11 01:48:54,549][root][INFO] - Epoch:  26 | Loss: 0.0024 | Val - MRR: 0.1626, MR: 2671.04, H@1: 0.127, H@3: 0.174, H@10: 0.233 | Test - MRR: 0.1624 | *
[2026-03-11 01:50:53,383][root][INFO] - Epoch:  27 | Loss: 0.0024 | Val - MRR: 0.1685, MR: 2599.06, H@1: 0.131, H@3: 0.180, H@10: 0.242 | Test - MRR: 0.1680 | *
[2026-03-11 01:52:53,861][root][INFO] - Epoch:  28 | Loss: 0.0024 | Val - MRR: 0.1716, MR: 2543.56, H@1: 0.131, H@3: 0.187, H@10: 0.250 | Test - MRR: 0.1722 | *
[2026-03-11 01:54:53,080][root][INFO] - Epoch:  29 | Loss: 0.0024 | Val - MRR: 0.1777, MR: 2469.00, H@1: 0.136, H@3: 0.193, H@10: 0.258 | Test - MRR: 0.1780 | *
[2026-03-11 01:56:52,778][root][INFO] - Epoch:  30 | Loss: 0.0024 | Val - MRR: 0.1842, MR: 2411.39, H@1: 0.142, H@3: 0.198, H@10: 0.268 | Test - MRR: 0.1833 | *
[2026-03-11 01:58:55,415][root][INFO] - Epoch:  31 | Loss: 0.0024 | Val - MRR: 0.1886, MR: 2345.96, H@1: 0.145, H@3: 0.205, H@10: 0.275 | Test - MRR: 0.1881 | *
[2026-03-11 02:00:56,633][root][INFO] - Epoch:  32 | Loss: 0.0023 | Val - MRR: 0.1940, MR: 2280.07, H@1: 0.150, H@3: 0.209, H@10: 0.283 | Test - MRR: 0.1929 | *
[2026-03-11 02:02:57,994][root][INFO] - Epoch:  33 | Loss: 0.0023 | Val - MRR: 0.1978, MR: 2195.46, H@1: 0.151, H@3: 0.216, H@10: 0.290 | Test - MRR: 0.1970 | *
[2026-03-11 02:04:59,684][root][INFO] - Epoch:  34 | Loss: 0.0023 | Val - MRR: 0.1993, MR: 2120.74, H@1: 0.150, H@3: 0.217, H@10: 0.296 | Test - MRR: 0.1995 | *
[2026-03-11 02:07:00,692][root][INFO] - Epoch:  35 | Loss: 0.0023 | Val - MRR: 0.2036, MR: 2030.32, H@1: 0.154, H@3: 0.221, H@10: 0.303 | Test - MRR: 0.2025 | *
[2026-03-11 02:09:03,220][root][INFO] - Epoch:  36 | Loss: 0.0022 | Val - MRR: 0.2071, MR: 1931.77, H@1: 0.156, H@3: 0.225, H@10: 0.308 | Test - MRR: 0.2057 | *
[2026-03-11 02:11:06,573][root][INFO] - Epoch:  37 | Loss: 0.0022 | Val - MRR: 0.2095, MR: 1859.14, H@1: 0.158, H@3: 0.228, H@10: 0.313 | Test - MRR: 0.2084 | *
[2026-03-11 02:13:09,602][root][INFO] - Epoch:  38 | Loss: 0.0022 | Val - MRR: 0.2113, MR: 1758.45, H@1: 0.158, H@3: 0.230, H@10: 0.317 | Test - MRR: 0.2099 | *
[2026-03-11 02:15:15,567][root][INFO] - Epoch:  39 | Loss: 0.0022 | Val - MRR: 0.2143, MR: 1675.60, H@1: 0.160, H@3: 0.233, H@10: 0.321 | Test - MRR: 0.2126 | *
[2026-03-11 02:17:21,091][root][INFO] - Epoch:  40 | Loss: 0.0022 | Val - MRR: 0.2149, MR: 1578.84, H@1: 0.159, H@3: 0.235, H@10: 0.323 | Test - MRR: 0.2132 | *
[2026-03-11 02:19:21,392][root][INFO] - Epoch:  41 | Loss: 0.0021 | Val - MRR: 0.2175, MR: 1473.38, H@1: 0.161, H@3: 0.237, H@10: 0.327 | Test - MRR: 0.2162 | *
[2026-03-11 02:21:24,579][root][INFO] - Epoch:  42 | Loss: 0.0021 | Val - MRR: 0.2198, MR: 1385.50, H@1: 0.163, H@3: 0.238, H@10: 0.331 | Test - MRR: 0.2181 | *
[2026-03-11 02:23:32,602][root][INFO] - Epoch:  43 | Loss: 0.0021 | Val - MRR: 0.2205, MR: 1305.02, H@1: 0.162, H@3: 0.241, H@10: 0.333 | Test - MRR: 0.2193 | *
[2026-03-11 02:25:36,861][root][INFO] - Epoch:  44 | Loss: 0.0021 | Val - MRR: 0.2226, MR: 1231.06, H@1: 0.165, H@3: 0.242, H@10: 0.335 | Test - MRR: 0.2212 | *
[2026-03-11 02:27:40,218][root][INFO] - Epoch:  45 | Loss: 0.0021 | Val - MRR: 0.2236, MR: 1150.13, H@1: 0.165, H@3: 0.242, H@10: 0.338 | Test - MRR: 0.2218 | *
[2026-03-11 02:29:47,058][root][INFO] - Epoch:  46 | Loss: 0.0021 | Val - MRR: 0.2245, MR: 1085.12, H@1: 0.166, H@3: 0.242, H@10: 0.340 | Test - MRR: 0.2239 | *
[2026-03-11 02:31:49,662][root][INFO] - Epoch:  47 | Loss: 0.0020 | Val - MRR: 0.2267, MR: 1016.20, H@1: 0.167, H@3: 0.246, H@10: 0.343 | Test - MRR: 0.2255 | *
[2026-03-11 02:33:52,341][root][INFO] - Epoch:  48 | Loss: 0.0020 | Val - MRR: 0.2274, MR:  947.06, H@1: 0.167, H@3: 0.247, H@10: 0.346 | Test - MRR: 0.2265 | *
[2026-03-11 02:35:57,609][root][INFO] - Epoch:  49 | Loss: 0.0020 | Val - MRR: 0.2293, MR:  898.14, H@1: 0.168, H@3: 0.249, H@10: 0.348 | Test - MRR: 0.2276 | *
[2026-03-11 02:38:00,693][root][INFO] - Epoch:  50 | Loss: 0.0020 | Val - MRR: 0.2302, MR:  831.10, H@1: 0.168, H@3: 0.250, H@10: 0.350 | Test - MRR: 0.2295 | *
[2026-03-11 02:40:03,782][root][INFO] - Epoch:  51 | Loss: 0.0020 | Val - MRR: 0.2318, MR:  774.13, H@1: 0.170, H@3: 0.252, H@10: 0.352 | Test - MRR: 0.2313 | *
[2026-03-11 02:42:07,832][root][INFO] - Epoch:  52 | Loss: 0.0020 | Val - MRR: 0.2321, MR:  729.58, H@1: 0.170, H@3: 0.253, H@10: 0.353 | Test - MRR: 0.2310 | *
[2026-03-11 02:44:12,932][root][INFO] - Epoch:  53 | Loss: 0.0020 | Val - MRR: 0.2340, MR:  674.17, H@1: 0.171, H@3: 0.255, H@10: 0.356 | Test - MRR: 0.2326 | *
[2026-03-11 02:46:12,316][root][INFO] - Epoch:  54 | Loss: 0.0020 | Val - MRR: 0.2349, MR:  634.05, H@1: 0.172, H@3: 0.255, H@10: 0.358 | Test - MRR: 0.2342 | *
[2026-03-11 02:48:14,740][root][INFO] - Epoch:  55 | Loss: 0.0019 | Val - MRR: 0.2362, MR:  598.99, H@1: 0.173, H@3: 0.256, H@10: 0.358 | Test - MRR: 0.2345 | *
[2026-03-11 02:50:20,385][root][INFO] - Epoch:  56 | Loss: 0.0019 | Val - MRR: 0.2373, MR:  571.38, H@1: 0.174, H@3: 0.256, H@10: 0.361 | Test - MRR: 0.2359 | *
[2026-03-11 02:52:27,003][root][INFO] - Epoch:  57 | Loss: 0.0019 | Val - MRR: 0.2381, MR:  539.34, H@1: 0.173, H@3: 0.258, H@10: 0.364 | Test - MRR: 0.2380 | *
[2026-03-11 02:54:32,268][root][INFO] - Epoch:  58 | Loss: 0.0019 | Val - MRR: 0.2392, MR:  514.81, H@1: 0.175, H@3: 0.259, H@10: 0.365 | Test - MRR: 0.2378 | *
[2026-03-11 02:56:20,566][root][INFO] - Epoch:  59 | Loss: 0.0019 | Val - MRR: 0.2387, MR:  489.18, H@1: 0.172, H@3: 0.262, H@10: 0.366 | 
[2026-03-11 02:58:20,311][root][INFO] - Epoch:  60 | Loss: 0.0019 | Val - MRR: 0.2408, MR:  467.83, H@1: 0.175, H@3: 0.261, H@10: 0.368 | Test - MRR: 0.2395 | *
[2026-03-11 03:00:23,665][root][INFO] - Epoch:  61 | Loss: 0.0019 | Val - MRR: 0.2414, MR:  452.06, H@1: 0.175, H@3: 0.262, H@10: 0.371 | Test - MRR: 0.2396 | *
[2026-03-11 03:02:27,021][root][INFO] - Epoch:  62 | Loss: 0.0019 | Val - MRR: 0.2434, MR:  430.07, H@1: 0.177, H@3: 0.266, H@10: 0.374 | Test - MRR: 0.2418 | *
[2026-03-11 03:04:31,265][root][INFO] - Epoch:  63 | Loss: 0.0019 | Val - MRR: 0.2445, MR:  416.36, H@1: 0.177, H@3: 0.266, H@10: 0.377 | Test - MRR: 0.2430 | *
[2026-03-11 03:06:34,144][root][INFO] - Epoch:  64 | Loss: 0.0019 | Val - MRR: 0.2454, MR:  404.80, H@1: 0.178, H@3: 0.267, H@10: 0.376 | Test - MRR: 0.2443 | *
[2026-03-11 03:08:37,729][root][INFO] - Epoch:  65 | Loss: 0.0018 | Val - MRR: 0.2465, MR:  393.53, H@1: 0.178, H@3: 0.268, H@10: 0.380 | Test - MRR: 0.2447 | *
[2026-03-11 03:10:39,832][root][INFO] - Epoch:  66 | Loss: 0.0019 | Val - MRR: 0.2484, MR:  386.80, H@1: 0.180, H@3: 0.270, H@10: 0.381 | Test - MRR: 0.2467 | *
[2026-03-11 03:12:43,071][root][INFO] - Epoch:  67 | Loss: 0.0018 | Val - MRR: 0.2491, MR:  370.32, H@1: 0.181, H@3: 0.271, H@10: 0.384 | Test - MRR: 0.2474 | *
[2026-03-11 03:14:45,376][root][INFO] - Epoch:  68 | Loss: 0.0018 | Val - MRR: 0.2502, MR:  362.37, H@1: 0.182, H@3: 0.272, H@10: 0.385 | Test - MRR: 0.2480 | *
[2026-03-11 03:16:47,905][root][INFO] - Epoch:  69 | Loss: 0.0018 | Val - MRR: 0.2506, MR:  355.40, H@1: 0.182, H@3: 0.272, H@10: 0.385 | Test - MRR: 0.2492 | *
[2026-03-11 03:18:49,373][root][INFO] - Epoch:  70 | Loss: 0.0018 | Val - MRR: 0.2513, MR:  358.57, H@1: 0.182, H@3: 0.274, H@10: 0.388 | Test - MRR: 0.2507 | *
[2026-03-11 03:20:53,498][root][INFO] - Epoch:  71 | Loss: 0.0018 | Val - MRR: 0.2531, MR:  352.87, H@1: 0.184, H@3: 0.275, H@10: 0.388 | Test - MRR: 0.2513 | *
[2026-03-11 03:22:56,072][root][INFO] - Epoch:  72 | Loss: 0.0018 | Val - MRR: 0.2540, MR:  356.56, H@1: 0.184, H@3: 0.277, H@10: 0.390 | Test - MRR: 0.2527 | *
[2026-03-11 03:24:59,773][root][INFO] - Epoch:  73 | Loss: 0.0018 | Val - MRR: 0.2549, MR:  355.32, H@1: 0.185, H@3: 0.275, H@10: 0.392 | Test - MRR: 0.2533 | *
[2026-03-11 03:27:02,942][root][INFO] - Epoch:  74 | Loss: 0.0018 | Val - MRR: 0.2555, MR:  349.77, H@1: 0.185, H@3: 0.278, H@10: 0.393 | Test - MRR: 0.2545 | *
[2026-03-11 03:29:08,712][root][INFO] - Epoch:  75 | Loss: 0.0018 | Val - MRR: 0.2565, MR:  345.24, H@1: 0.186, H@3: 0.279, H@10: 0.396 | Test - MRR: 0.2554 | *
[2026-03-11 03:31:12,135][root][INFO] - Epoch:  76 | Loss: 0.0018 | Val - MRR: 0.2568, MR:  339.35, H@1: 0.186, H@3: 0.280, H@10: 0.395 | Test - MRR: 0.2557 | *
[2026-03-11 03:33:17,416][root][INFO] - Epoch:  77 | Loss: 0.0018 | Val - MRR: 0.2591, MR:  331.42, H@1: 0.188, H@3: 0.282, H@10: 0.398 | Test - MRR: 0.2573 | *
[2026-03-11 03:35:17,988][root][INFO] - Epoch:  78 | Loss: 0.0018 | Val - MRR: 0.2606, MR:  334.71, H@1: 0.190, H@3: 0.282, H@10: 0.401 | Test - MRR: 0.2582 | *
[2026-03-11 03:37:21,685][root][INFO] - Epoch:  79 | Loss: 0.0018 | Val - MRR: 0.2607, MR:  330.61, H@1: 0.190, H@3: 0.281, H@10: 0.400 | Test - MRR: 0.2585 | *
[2026-03-11 03:39:25,049][root][INFO] - Epoch:  80 | Loss: 0.0018 | Val - MRR: 0.2620, MR:  319.86, H@1: 0.190, H@3: 0.286, H@10: 0.403 | Test - MRR: 0.2603 | *
[2026-03-11 03:41:31,936][root][INFO] - Epoch:  81 | Loss: 0.0018 | Val - MRR: 0.2629, MR:  319.19, H@1: 0.191, H@3: 0.286, H@10: 0.404 | Test - MRR: 0.2601 | *
[2026-03-11 03:43:34,516][root][INFO] - Epoch:  82 | Loss: 0.0018 | Val - MRR: 0.2638, MR:  309.05, H@1: 0.191, H@3: 0.287, H@10: 0.407 | Test - MRR: 0.2614 | *
[2026-03-11 03:45:35,453][root][INFO] - Epoch:  83 | Loss: 0.0018 | Val - MRR: 0.2665, MR:  301.34, H@1: 0.193, H@3: 0.291, H@10: 0.409 | Test - MRR: 0.2631 | *
[2026-03-11 03:47:36,602][root][INFO] - Epoch:  84 | Loss: 0.0017 | Val - MRR: 0.2679, MR:  300.42, H@1: 0.195, H@3: 0.291, H@10: 0.411 | Test - MRR: 0.2649 | *
[2026-03-11 03:49:40,175][root][INFO] - Epoch:  85 | Loss: 0.0017 | Val - MRR: 0.2682, MR:  297.88, H@1: 0.194, H@3: 0.292, H@10: 0.413 | Test - MRR: 0.2654 | *
[2026-03-11 03:51:41,581][root][INFO] - Epoch:  86 | Loss: 0.0017 | Val - MRR: 0.2711, MR:  293.09, H@1: 0.198, H@3: 0.294, H@10: 0.414 | Test - MRR: 0.2683 | *
[2026-03-11 03:53:43,767][root][INFO] - Epoch:  87 | Loss: 0.0017 | Val - MRR: 0.2718, MR:  288.79, H@1: 0.197, H@3: 0.297, H@10: 0.417 | Test - MRR: 0.2692 | *
[2026-03-11 03:55:46,892][root][INFO] - Epoch:  88 | Loss: 0.0017 | Val - MRR: 0.2733, MR:  287.52, H@1: 0.200, H@3: 0.297, H@10: 0.417 | Test - MRR: 0.2699 | *
[2026-03-11 03:57:49,667][root][INFO] - Epoch:  89 | Loss: 0.0017 | Val - MRR: 0.2738, MR:  282.36, H@1: 0.199, H@3: 0.299, H@10: 0.420 | Test - MRR: 0.2711 | *
[2026-03-11 03:59:51,429][root][INFO] - Epoch:  90 | Loss: 0.0017 | Val - MRR: 0.2755, MR:  280.27, H@1: 0.201, H@3: 0.299, H@10: 0.422 | Test - MRR: 0.2714 | *
[2026-03-11 04:01:54,704][root][INFO] - Epoch:  91 | Loss: 0.0017 | Val - MRR: 0.2761, MR:  285.68, H@1: 0.202, H@3: 0.299, H@10: 0.422 | Test - MRR: 0.2723 | *
[2026-03-11 04:04:11,789][root][INFO] - Epoch:  92 | Loss: 0.0017 | Val - MRR: 0.2774, MR:  276.67, H@1: 0.203, H@3: 0.301, H@10: 0.423 | Test - MRR: 0.2739 | *
[2026-03-11 04:06:12,117][root][INFO] - Epoch:  93 | Loss: 0.0017 | Val - MRR: 0.2785, MR:  277.09, H@1: 0.203, H@3: 0.303, H@10: 0.427 | Test - MRR: 0.2755 | *
[2026-03-11 04:08:12,627][root][INFO] - Epoch:  94 | Loss: 0.0017 | Val - MRR: 0.2798, MR:  278.22, H@1: 0.205, H@3: 0.304, H@10: 0.428 | Test - MRR: 0.2771 | *
[2026-03-11 04:10:15,083][root][INFO] - Epoch:  95 | Loss: 0.0017 | Val - MRR: 0.2813, MR:  277.51, H@1: 0.206, H@3: 0.305, H@10: 0.429 | Test - MRR: 0.2776 | *
[2026-03-11 04:12:17,660][root][INFO] - Epoch:  96 | Loss: 0.0017 | Val - MRR: 0.2822, MR:  273.26, H@1: 0.207, H@3: 0.306, H@10: 0.431 | Test - MRR: 0.2779 | *
[2026-03-11 04:14:28,759][root][INFO] - Epoch:  97 | Loss: 0.0017 | Val - MRR: 0.2830, MR:  278.03, H@1: 0.208, H@3: 0.306, H@10: 0.431 | Test - MRR: 0.2796 | *
[2026-03-11 04:16:30,948][root][INFO] - Epoch:  98 | Loss: 0.0017 | Val - MRR: 0.2844, MR:  271.05, H@1: 0.208, H@3: 0.309, H@10: 0.435 | Test - MRR: 0.2810 | *
[2026-03-11 04:18:34,386][root][INFO] - Epoch:  99 | Loss: 0.0017 | Val - MRR: 0.2856, MR:  274.53, H@1: 0.210, H@3: 0.309, H@10: 0.436 | Test - MRR: 0.2817 | *
[2026-03-11 04:20:40,250][root][INFO] - Epoch: 100 | Loss: 0.0017 | Val - MRR: 0.2867, MR:  268.81, H@1: 0.211, H@3: 0.310, H@10: 0.436 | Test - MRR: 0.2834 | *
[2026-03-11 04:22:42,717][root][INFO] - Epoch: 101 | Loss: 0.0017 | Val - MRR: 0.2873, MR:  269.50, H@1: 0.211, H@3: 0.312, H@10: 0.437 | Test - MRR: 0.2833 | *
[2026-03-11 04:24:48,641][root][INFO] - Epoch: 102 | Loss: 0.0017 | Val - MRR: 0.2874, MR:  267.96, H@1: 0.211, H@3: 0.310, H@10: 0.440 | Test - MRR: 0.2847 | *
[2026-03-11 04:26:49,677][root][INFO] - Epoch: 103 | Loss: 0.0017 | Val - MRR: 0.2891, MR:  265.13, H@1: 0.212, H@3: 0.313, H@10: 0.442 | Test - MRR: 0.2848 | *
[2026-03-11 04:28:35,294][root][INFO] - Epoch: 104 | Loss: 0.0017 | Val - MRR: 0.2890, MR:  257.88, H@1: 0.212, H@3: 0.313, H@10: 0.443 | 
[2026-03-11 04:30:37,223][root][INFO] - Epoch: 105 | Loss: 0.0017 | Val - MRR: 0.2900, MR:  257.38, H@1: 0.212, H@3: 0.315, H@10: 0.445 | Test - MRR: 0.2877 | *
[2026-03-11 04:32:43,428][root][INFO] - Epoch: 106 | Loss: 0.0017 | Val - MRR: 0.2907, MR:  258.79, H@1: 0.214, H@3: 0.315, H@10: 0.444 | Test - MRR: 0.2872 | *
[2026-03-11 04:34:29,917][root][INFO] - Epoch: 107 | Loss: 0.0017 | Val - MRR: 0.2903, MR:  256.64, H@1: 0.213, H@3: 0.314, H@10: 0.445 | 
[2026-03-11 04:36:31,518][root][INFO] - Epoch: 108 | Loss: 0.0017 | Val - MRR: 0.2927, MR:  257.43, H@1: 0.216, H@3: 0.316, H@10: 0.445 | Test - MRR: 0.2898 | *
[2026-03-11 04:38:36,586][root][INFO] - Epoch: 109 | Loss: 0.0017 | Val - MRR: 0.2932, MR:  258.07, H@1: 0.216, H@3: 0.317, H@10: 0.447 | Test - MRR: 0.2902 | *
[2026-03-11 04:40:39,073][root][INFO] - Epoch: 110 | Loss: 0.0017 | Val - MRR: 0.2947, MR:  258.18, H@1: 0.218, H@3: 0.318, H@10: 0.448 | Test - MRR: 0.2915 | *
[2026-03-11 04:42:46,858][root][INFO] - Epoch: 111 | Loss: 0.0017 | Val - MRR: 0.2961, MR:  254.47, H@1: 0.219, H@3: 0.321, H@10: 0.450 | Test - MRR: 0.2926 | *
[2026-03-11 04:44:35,392][root][INFO] - Epoch: 112 | Loss: 0.0017 | Val - MRR: 0.2954, MR:  253.10, H@1: 0.218, H@3: 0.319, H@10: 0.451 | 
[2026-03-11 04:46:19,288][root][INFO] - Epoch: 113 | Loss: 0.0017 | Val - MRR: 0.2951, MR:  252.00, H@1: 0.216, H@3: 0.320, H@10: 0.453 | 
[2026-03-11 04:48:21,387][root][INFO] - Epoch: 114 | Loss: 0.0017 | Val - MRR: 0.2964, MR:  248.60, H@1: 0.217, H@3: 0.322, H@10: 0.453 | Test - MRR: 0.2940 | *
[2026-03-11 04:50:22,713][root][INFO] - Epoch: 115 | Loss: 0.0016 | Val - MRR: 0.2971, MR:  248.48, H@1: 0.218, H@3: 0.322, H@10: 0.454 | Test - MRR: 0.2932 | *
[2026-03-11 04:52:27,721][root][INFO] - Epoch: 116 | Loss: 0.0016 | Val - MRR: 0.2979, MR:  245.02, H@1: 0.218, H@3: 0.325, H@10: 0.456 | Test - MRR: 0.2947 | *
[2026-03-11 04:54:28,645][root][INFO] - Epoch: 117 | Loss: 0.0016 | Val - MRR: 0.2992, MR:  245.53, H@1: 0.221, H@3: 0.324, H@10: 0.456 | Test - MRR: 0.2951 | *
[2026-03-11 04:56:13,037][root][INFO] - Epoch: 118 | Loss: 0.0016 | Val - MRR: 0.2986, MR:  245.06, H@1: 0.219, H@3: 0.325, H@10: 0.458 | 
[2026-03-11 04:58:15,822][root][INFO] - Epoch: 119 | Loss: 0.0016 | Val - MRR: 0.2992, MR:  242.40, H@1: 0.220, H@3: 0.324, H@10: 0.458 | Test - MRR: 0.2952 | *
[2026-03-11 05:00:20,063][root][INFO] - Epoch: 120 | Loss: 0.0016 | Val - MRR: 0.3002, MR:  243.04, H@1: 0.221, H@3: 0.326, H@10: 0.459 | Test - MRR: 0.2972 | *
[2026-03-11 05:02:23,658][root][INFO] - Epoch: 121 | Loss: 0.0016 | Val - MRR: 0.3012, MR:  240.12, H@1: 0.221, H@3: 0.328, H@10: 0.460 | Test - MRR: 0.2982 | *
[2026-03-11 05:04:25,658][root][INFO] - Epoch: 122 | Loss: 0.0016 | Val - MRR: 0.3020, MR:  239.56, H@1: 0.223, H@3: 0.326, H@10: 0.460 | Test - MRR: 0.2980 | *
[2026-03-11 05:06:27,568][root][INFO] - Epoch: 123 | Loss: 0.0016 | Val - MRR: 0.3026, MR:  235.33, H@1: 0.223, H@3: 0.327, H@10: 0.462 | Test - MRR: 0.2995 | *
[2026-03-11 05:08:10,583][root][INFO] - Epoch: 124 | Loss: 0.0016 | Val - MRR: 0.3026, MR:  237.11, H@1: 0.223, H@3: 0.328, H@10: 0.462 | 
[2026-03-11 05:10:09,491][root][INFO] - Epoch: 125 | Loss: 0.0016 | Val - MRR: 0.3030, MR:  234.92, H@1: 0.223, H@3: 0.329, H@10: 0.463 | Test - MRR: 0.2997 | *
[2026-03-11 05:12:08,923][root][INFO] - Epoch: 126 | Loss: 0.0016 | Val - MRR: 0.3041, MR:  235.40, H@1: 0.225, H@3: 0.329, H@10: 0.463 | Test - MRR: 0.3002 | *
[2026-03-11 05:14:07,653][root][INFO] - Epoch: 127 | Loss: 0.0016 | Val - MRR: 0.3046, MR:  230.13, H@1: 0.225, H@3: 0.329, H@10: 0.465 | Test - MRR: 0.3014 | *
[2026-03-11 05:16:09,262][root][INFO] - Epoch: 128 | Loss: 0.0016 | Val - MRR: 0.3051, MR:  232.14, H@1: 0.225, H@3: 0.332, H@10: 0.466 | Test - MRR: 0.3015 | *
[2026-03-11 05:18:08,019][root][INFO] - Epoch: 129 | Loss: 0.0016 | Val - MRR: 0.3055, MR:  231.98, H@1: 0.225, H@3: 0.332, H@10: 0.466 | Test - MRR: 0.3016 | *
[2026-03-11 05:20:05,750][root][INFO] - Epoch: 130 | Loss: 0.0016 | Val - MRR: 0.3059, MR:  229.31, H@1: 0.225, H@3: 0.331, H@10: 0.469 | Test - MRR: 0.3025 | *
[2026-03-11 05:22:04,058][root][INFO] - Epoch: 131 | Loss: 0.0016 | Val - MRR: 0.3070, MR:  227.53, H@1: 0.226, H@3: 0.332, H@10: 0.468 | Test - MRR: 0.3036 | *
[2026-03-11 05:24:02,781][root][INFO] - Epoch: 132 | Loss: 0.0016 | Val - MRR: 0.3072, MR:  231.72, H@1: 0.227, H@3: 0.332, H@10: 0.470 | Test - MRR: 0.3032 | *
[2026-03-11 05:25:45,256][root][INFO] - Epoch: 133 | Loss: 0.0016 | Val - MRR: 0.3068, MR:  226.22, H@1: 0.225, H@3: 0.333, H@10: 0.471 | 
[2026-03-11 05:27:44,244][root][INFO] - Epoch: 134 | Loss: 0.0016 | Val - MRR: 0.3077, MR:  224.27, H@1: 0.227, H@3: 0.333, H@10: 0.472 | Test - MRR: 0.3046 | *
[2026-03-11 05:29:43,170][root][INFO] - Epoch: 135 | Loss: 0.0016 | Val - MRR: 0.3082, MR:  225.84, H@1: 0.227, H@3: 0.335, H@10: 0.472 | Test - MRR: 0.3052 | *
[2026-03-11 05:31:42,936][root][INFO] - Epoch: 136 | Loss: 0.0016 | Val - MRR: 0.3084, MR:  223.97, H@1: 0.227, H@3: 0.334, H@10: 0.471 | Test - MRR: 0.3056 | *
[2026-03-11 05:33:41,776][root][INFO] - Epoch: 137 | Loss: 0.0016 | Val - MRR: 0.3089, MR:  220.92, H@1: 0.227, H@3: 0.336, H@10: 0.473 | Test - MRR: 0.3060 | *
[2026-03-11 05:35:40,432][root][INFO] - Epoch: 138 | Loss: 0.0016 | Val - MRR: 0.3101, MR:  219.87, H@1: 0.228, H@3: 0.337, H@10: 0.473 | Test - MRR: 0.3063 | *
[2026-03-11 05:37:22,114][root][INFO] - Epoch: 139 | Loss: 0.0016 | Val - MRR: 0.3099, MR:  218.85, H@1: 0.228, H@3: 0.337, H@10: 0.473 | 
[2026-03-11 05:39:02,780][root][INFO] - Epoch: 140 | Loss: 0.0016 | Val - MRR: 0.3097, MR:  220.23, H@1: 0.228, H@3: 0.336, H@10: 0.475 | 
[2026-03-11 05:41:00,697][root][INFO] - Epoch: 141 | Loss: 0.0016 | Val - MRR: 0.3104, MR:  217.87, H@1: 0.228, H@3: 0.339, H@10: 0.475 | Test - MRR: 0.3078 | *
[2026-03-11 05:42:58,505][root][INFO] - Epoch: 142 | Loss: 0.0016 | Val - MRR: 0.3121, MR:  217.52, H@1: 0.230, H@3: 0.339, H@10: 0.476 | Test - MRR: 0.3078 | *
[2026-03-11 05:44:38,476][root][INFO] - Epoch: 143 | Loss: 0.0016 | Val - MRR: 0.3121, MR:  217.56, H@1: 0.230, H@3: 0.338, H@10: 0.476 | 
[2026-03-11 05:46:36,339][root][INFO] - Epoch: 144 | Loss: 0.0016 | Val - MRR: 0.3132, MR:  215.03, H@1: 0.231, H@3: 0.340, H@10: 0.477 | Test - MRR: 0.3094 | *
[2026-03-11 05:48:36,154][root][INFO] - Epoch: 145 | Loss: 0.0016 | Val - MRR: 0.3133, MR:  217.47, H@1: 0.231, H@3: 0.340, H@10: 0.480 | Test - MRR: 0.3089 | *
[2026-03-11 05:50:33,664][root][INFO] - Epoch: 146 | Loss: 0.0016 | Val - MRR: 0.3143, MR:  216.08, H@1: 0.232, H@3: 0.341, H@10: 0.480 | Test - MRR: 0.3105 | *
[2026-03-11 05:52:15,316][root][INFO] - Epoch: 147 | Loss: 0.0016 | Val - MRR: 0.3137, MR:  214.36, H@1: 0.231, H@3: 0.342, H@10: 0.480 | 
[2026-03-11 05:53:55,987][root][INFO] - Epoch: 148 | Loss: 0.0016 | Val - MRR: 0.3143, MR:  215.42, H@1: 0.231, H@3: 0.343, H@10: 0.481 | 
[2026-03-11 05:55:53,094][root][INFO] - Epoch: 149 | Loss: 0.0016 | Val - MRR: 0.3150, MR:  210.85, H@1: 0.232, H@3: 0.343, H@10: 0.483 | Test - MRR: 0.3122 | *
[2026-03-11 05:57:50,764][root][INFO] - Epoch: 150 | Loss: 0.0016 | Val - MRR: 0.3150, MR:  212.62, H@1: 0.232, H@3: 0.343, H@10: 0.481 | Test - MRR: 0.3115 | *
[2026-03-11 05:59:31,486][root][INFO] - Epoch: 151 | Loss: 0.0016 | Val - MRR: 0.3142, MR:  212.27, H@1: 0.231, H@3: 0.341, H@10: 0.481 | 
[2026-03-11 06:01:26,890][root][INFO] - Epoch: 152 | Loss: 0.0016 | Val - MRR: 0.3156, MR:  211.93, H@1: 0.233, H@3: 0.342, H@10: 0.482 | Test - MRR: 0.3120 | *
[2026-03-11 06:03:06,824][root][INFO] - Epoch: 153 | Loss: 0.0016 | Val - MRR: 0.3155, MR:  212.54, H@1: 0.232, H@3: 0.344, H@10: 0.482 | 
[2026-03-11 06:05:03,679][root][INFO] - Epoch: 154 | Loss: 0.0016 | Val - MRR: 0.3163, MR:  208.45, H@1: 0.233, H@3: 0.344, H@10: 0.483 | Test - MRR: 0.3124 | *
[2026-03-11 06:07:00,842][root][INFO] - Epoch: 155 | Loss: 0.0016 | Val - MRR: 0.3168, MR:  207.63, H@1: 0.233, H@3: 0.346, H@10: 0.485 | Test - MRR: 0.3135 | *
[2026-03-11 06:08:55,702][root][INFO] - Epoch: 156 | Loss: 0.0016 | Val - MRR: 0.3178, MR:  205.53, H@1: 0.234, H@3: 0.346, H@10: 0.486 | Test - MRR: 0.3140 | *
[2026-03-11 06:10:37,257][root][INFO] - Epoch: 157 | Loss: 0.0016 | Val - MRR: 0.3175, MR:  204.85, H@1: 0.233, H@3: 0.347, H@10: 0.486 | 
[2026-03-11 06:12:34,449][root][INFO] - Epoch: 158 | Loss: 0.0016 | Val - MRR: 0.3185, MR:  204.52, H@1: 0.235, H@3: 0.345, H@10: 0.488 | Test - MRR: 0.3144 | *
[2026-03-11 06:14:14,748][root][INFO] - Epoch: 159 | Loss: 0.0016 | Val - MRR: 0.3182, MR:  204.16, H@1: 0.234, H@3: 0.347, H@10: 0.487 | 
[2026-03-11 06:16:12,358][root][INFO] - Epoch: 160 | Loss: 0.0016 | Val - MRR: 0.3191, MR:  204.74, H@1: 0.236, H@3: 0.347, H@10: 0.487 | Test - MRR: 0.3156 | *
[2026-03-11 06:18:09,708][root][INFO] - Epoch: 161 | Loss: 0.0016 | Val - MRR: 0.3196, MR:  204.05, H@1: 0.235, H@3: 0.349, H@10: 0.488 | Test - MRR: 0.3163 | *
[2026-03-11 06:20:06,343][root][INFO] - Epoch: 162 | Loss: 0.0016 | Val - MRR: 0.3196, MR:  203.62, H@1: 0.235, H@3: 0.349, H@10: 0.489 | Test - MRR: 0.3155 | *
[2026-03-11 06:22:03,065][root][INFO] - Epoch: 163 | Loss: 0.0016 | Val - MRR: 0.3203, MR:  204.44, H@1: 0.236, H@3: 0.349, H@10: 0.490 | Test - MRR: 0.3166 | *
[2026-03-11 06:23:44,136][root][INFO] - Epoch: 164 | Loss: 0.0016 | Val - MRR: 0.3192, MR:  202.57, H@1: 0.234, H@3: 0.349, H@10: 0.489 | 
[2026-03-11 06:25:41,282][root][INFO] - Epoch: 165 | Loss: 0.0016 | Val - MRR: 0.3217, MR:  203.81, H@1: 0.238, H@3: 0.352, H@10: 0.490 | Test - MRR: 0.3174 | *
[2026-03-11 06:27:21,171][root][INFO] - Epoch: 166 | Loss: 0.0016 | Val - MRR: 0.3203, MR:  202.88, H@1: 0.235, H@3: 0.349, H@10: 0.491 | 
[2026-03-11 06:29:01,194][root][INFO] - Epoch: 167 | Loss: 0.0016 | Val - MRR: 0.3204, MR:  204.01, H@1: 0.236, H@3: 0.349, H@10: 0.491 | 
[2026-03-11 06:30:43,026][root][INFO] - Epoch: 168 | Loss: 0.0016 | Val - MRR: 0.3209, MR:  204.00, H@1: 0.236, H@3: 0.350, H@10: 0.491 | 
[2026-03-11 06:32:40,337][root][INFO] - Epoch: 169 | Loss: 0.0016 | Val - MRR: 0.3224, MR:  201.88, H@1: 0.238, H@3: 0.352, H@10: 0.492 | Test - MRR: 0.3192 | *
[2026-03-11 06:34:21,131][root][INFO] - Epoch: 170 | Loss: 0.0016 | Val - MRR: 0.3223, MR:  200.98, H@1: 0.238, H@3: 0.352, H@10: 0.492 | 
[2026-03-11 06:36:01,298][root][INFO] - Epoch: 171 | Loss: 0.0016 | Val - MRR: 0.3221, MR:  201.12, H@1: 0.237, H@3: 0.352, H@10: 0.493 | 
[2026-03-11 06:37:57,382][root][INFO] - Epoch: 172 | Loss: 0.0016 | Val - MRR: 0.3227, MR:  201.56, H@1: 0.238, H@3: 0.352, H@10: 0.493 | Test - MRR: 0.3200 | *
[2026-03-11 06:39:39,100][root][INFO] - Epoch: 173 | Loss: 0.0016 | Val - MRR: 0.3224, MR:  201.41, H@1: 0.238, H@3: 0.351, H@10: 0.493 | 
[2026-03-11 06:41:37,081][root][INFO] - Epoch: 174 | Loss: 0.0016 | Val - MRR: 0.3236, MR:  198.50, H@1: 0.239, H@3: 0.352, H@10: 0.494 | Test - MRR: 0.3201 | *
[2026-03-11 06:43:18,786][root][INFO] - Epoch: 175 | Loss: 0.0016 | Val - MRR: 0.3227, MR:  197.40, H@1: 0.237, H@3: 0.352, H@10: 0.494 | 
[2026-03-11 06:45:00,042][root][INFO] - Epoch: 176 | Loss: 0.0016 | Val - MRR: 0.3231, MR:  197.93, H@1: 0.237, H@3: 0.353, H@10: 0.495 | 
[2026-03-11 06:46:55,655][root][INFO] - Epoch: 177 | Loss: 0.0016 | Val - MRR: 0.3246, MR:  197.93, H@1: 0.240, H@3: 0.354, H@10: 0.495 | Test - MRR: 0.3205 | *
[2026-03-11 06:48:37,212][root][INFO] - Epoch: 178 | Loss: 0.0016 | Val - MRR: 0.3246, MR:  194.78, H@1: 0.240, H@3: 0.353, H@10: 0.497 | 
[2026-03-11 06:50:32,507][root][INFO] - Epoch: 179 | Loss: 0.0016 | Val - MRR: 0.3251, MR:  195.79, H@1: 0.240, H@3: 0.355, H@10: 0.496 | Test - MRR: 0.3216 | *
[2026-03-11 06:52:12,681][root][INFO] - Epoch: 180 | Loss: 0.0016 | Val - MRR: 0.3251, MR:  196.19, H@1: 0.241, H@3: 0.354, H@10: 0.496 | 
[2026-03-11 06:53:52,607][root][INFO] - Epoch: 181 | Loss: 0.0016 | Val - MRR: 0.3251, MR:  194.90, H@1: 0.240, H@3: 0.355, H@10: 0.495 | 
[2026-03-11 06:55:49,411][root][INFO] - Epoch: 182 | Loss: 0.0016 | Val - MRR: 0.3258, MR:  192.43, H@1: 0.240, H@3: 0.355, H@10: 0.497 | Test - MRR: 0.3222 | *
[2026-03-11 06:57:29,475][root][INFO] - Epoch: 183 | Loss: 0.0016 | Val - MRR: 0.3243, MR:  191.95, H@1: 0.239, H@3: 0.354, H@10: 0.496 | 
[2026-03-11 06:59:26,824][root][INFO] - Epoch: 184 | Loss: 0.0016 | Val - MRR: 0.3269, MR:  190.95, H@1: 0.242, H@3: 0.357, H@10: 0.498 | Test - MRR: 0.3232 | *
[2026-03-11 07:01:24,907][root][INFO] - Epoch: 185 | Loss: 0.0016 | Val - MRR: 0.3275, MR:  191.93, H@1: 0.242, H@3: 0.359, H@10: 0.497 | Test - MRR: 0.3230 | *
[2026-03-11 07:03:19,854][root][INFO] - Epoch: 186 | Loss: 0.0016 | Val - MRR: 0.3285, MR:  190.80, H@1: 0.245, H@3: 0.357, H@10: 0.497 | Test - MRR: 0.3238 | *
[2026-03-11 07:04:59,993][root][INFO] - Epoch: 187 | Loss: 0.0016 | Val - MRR: 0.3285, MR:  191.11, H@1: 0.244, H@3: 0.358, H@10: 0.497 | 
[2026-03-11 07:06:39,471][root][INFO] - Epoch: 188 | Loss: 0.0016 | Val - MRR: 0.3284, MR:  191.12, H@1: 0.243, H@3: 0.359, H@10: 0.498 | 
[2026-03-11 07:08:19,233][root][INFO] - Epoch: 189 | Loss: 0.0016 | Val - MRR: 0.3278, MR:  192.61, H@1: 0.242, H@3: 0.358, H@10: 0.499 | 
[2026-03-11 07:09:59,899][root][INFO] - Epoch: 190 | Loss: 0.0016 | Val - MRR: 0.3284, MR:  191.00, H@1: 0.244, H@3: 0.357, H@10: 0.498 | 
[2026-03-11 07:11:39,688][root][INFO] - Epoch: 191 | Loss: 0.0016 | Val - MRR: 0.3280, MR:  191.25, H@1: 0.243, H@3: 0.358, H@10: 0.499 | 
[2026-03-11 07:13:38,348][root][INFO] - Epoch: 192 | Loss: 0.0016 | Val - MRR: 0.3297, MR:  190.52, H@1: 0.245, H@3: 0.359, H@10: 0.499 | Test - MRR: 0.3255 | *
[2026-03-11 07:15:17,950][root][INFO] - Epoch: 193 | Loss: 0.0016 | Val - MRR: 0.3277, MR:  190.68, H@1: 0.242, H@3: 0.359, H@10: 0.499 | 
[2026-03-11 07:17:14,447][root][INFO] - Epoch: 194 | Loss: 0.0016 | Val - MRR: 0.3299, MR:  189.93, H@1: 0.245, H@3: 0.361, H@10: 0.502 | Test - MRR: 0.3255 | *
[2026-03-11 07:19:11,152][root][INFO] - Epoch: 195 | Loss: 0.0016 | Val - MRR: 0.3302, MR:  188.51, H@1: 0.244, H@3: 0.360, H@10: 0.502 | Test - MRR: 0.3273 | *
[2026-03-11 07:20:51,928][root][INFO] - Epoch: 196 | Loss: 0.0016 | Val - MRR: 0.3296, MR:  188.77, H@1: 0.244, H@3: 0.360, H@10: 0.501 | 
[2026-03-11 07:22:48,913][root][INFO] - Epoch: 197 | Loss: 0.0016 | Val - MRR: 0.3318, MR:  188.46, H@1: 0.246, H@3: 0.362, H@10: 0.502 | Test - MRR: 0.3279 | *
[2026-03-11 07:24:28,740][root][INFO] - Epoch: 198 | Loss: 0.0016 | Val - MRR: 0.3307, MR:  189.46, H@1: 0.245, H@3: 0.361, H@10: 0.503 | 
[2026-03-11 07:26:07,900][root][INFO] - Epoch: 199 | Loss: 0.0015 | Val - MRR: 0.3307, MR:  189.21, H@1: 0.245, H@3: 0.360, H@10: 0.504 | 
[2026-03-11 07:27:48,666][root][INFO] - Epoch: 200 | Loss: 0.0015 | Val - MRR: 0.3303, MR:  188.96, H@1: 0.245, H@3: 0.359, H@10: 0.503 | 
[2026-03-11 07:29:28,392][root][INFO] - Epoch: 201 | Loss: 0.0016 | Val - MRR: 0.3309, MR:  187.37, H@1: 0.246, H@3: 0.360, H@10: 0.503 | 
[2026-03-11 07:31:26,028][root][INFO] - Epoch: 202 | Loss: 0.0015 | Val - MRR: 0.3322, MR:  188.44, H@1: 0.247, H@3: 0.362, H@10: 0.504 | Test - MRR: 0.3280 | *
[2026-03-11 07:33:06,878][root][INFO] - Epoch: 203 | Loss: 0.0015 | Val - MRR: 0.3319, MR:  187.62, H@1: 0.247, H@3: 0.362, H@10: 0.505 | 
[2026-03-11 07:34:46,434][root][INFO] - Epoch: 204 | Loss: 0.0015 | Val - MRR: 0.3320, MR:  186.28, H@1: 0.247, H@3: 0.361, H@10: 0.503 | 
[2026-03-11 07:36:43,635][root][INFO] - Epoch: 205 | Loss: 0.0015 | Val - MRR: 0.3323, MR:  187.18, H@1: 0.247, H@3: 0.362, H@10: 0.504 | Test - MRR: 0.3278 | *
[2026-03-11 07:38:40,618][root][INFO] - Epoch: 206 | Loss: 0.0015 | Val - MRR: 0.3326, MR:  185.63, H@1: 0.247, H@3: 0.363, H@10: 0.504 | Test - MRR: 0.3288 | *
[2026-03-11 07:40:19,541][root][INFO] - Epoch: 207 | Loss: 0.0015 | Val - MRR: 0.3325, MR:  186.55, H@1: 0.247, H@3: 0.363, H@10: 0.503 | 
[2026-03-11 07:41:59,468][root][INFO] - Epoch: 208 | Loss: 0.0015 | Val - MRR: 0.3314, MR:  186.40, H@1: 0.245, H@3: 0.361, H@10: 0.504 | 
[2026-03-11 07:43:40,513][root][INFO] - Epoch: 209 | Loss: 0.0015 | Val - MRR: 0.3319, MR:  185.50, H@1: 0.246, H@3: 0.363, H@10: 0.504 | 
[2026-03-11 07:45:20,781][root][INFO] - Epoch: 210 | Loss: 0.0015 | Val - MRR: 0.3320, MR:  185.16, H@1: 0.246, H@3: 0.363, H@10: 0.504 | 
[2026-03-11 07:47:01,274][root][INFO] - Epoch: 211 | Loss: 0.0015 | Val - MRR: 0.3319, MR:  186.30, H@1: 0.246, H@3: 0.363, H@10: 0.505 | 
[2026-03-11 07:48:56,802][root][INFO] - Epoch: 212 | Loss: 0.0015 | Val - MRR: 0.3330, MR:  185.31, H@1: 0.247, H@3: 0.363, H@10: 0.506 | Test - MRR: 0.3288 | *
[2026-03-11 07:50:37,592][root][INFO] - Epoch: 213 | Loss: 0.0015 | Val - MRR: 0.3327, MR:  184.13, H@1: 0.246, H@3: 0.364, H@10: 0.506 | 
[2026-03-11 07:52:33,810][root][INFO] - Epoch: 214 | Loss: 0.0015 | Val - MRR: 0.3336, MR:  184.80, H@1: 0.248, H@3: 0.363, H@10: 0.506 | Test - MRR: 0.3299 | *
[2026-03-11 07:54:13,039][root][INFO] - Epoch: 215 | Loss: 0.0015 | Val - MRR: 0.3331, MR:  184.14, H@1: 0.247, H@3: 0.363, H@10: 0.506 | 
[2026-03-11 07:56:08,882][root][INFO] - Epoch: 216 | Loss: 0.0015 | Val - MRR: 0.3344, MR:  182.98, H@1: 0.249, H@3: 0.363, H@10: 0.507 | Test - MRR: 0.3305 | *
[2026-03-11 07:57:49,004][root][INFO] - Epoch: 217 | Loss: 0.0015 | Val - MRR: 0.3343, MR:  181.96, H@1: 0.248, H@3: 0.365, H@10: 0.507 | 
[2026-03-11 07:59:45,909][root][INFO] - Epoch: 218 | Loss: 0.0015 | Val - MRR: 0.3352, MR:  181.07, H@1: 0.250, H@3: 0.365, H@10: 0.508 | Test - MRR: 0.3316 | *
[2026-03-11 08:01:24,477][root][INFO] - Epoch: 219 | Loss: 0.0015 | Val - MRR: 0.3338, MR:  182.87, H@1: 0.247, H@3: 0.364, H@10: 0.508 | 
[2026-03-11 08:03:04,381][root][INFO] - Epoch: 220 | Loss: 0.0015 | Val - MRR: 0.3347, MR:  182.04, H@1: 0.249, H@3: 0.365, H@10: 0.508 | 
[2026-03-11 08:04:44,384][root][INFO] - Epoch: 221 | Loss: 0.0015 | Val - MRR: 0.3340, MR:  180.93, H@1: 0.248, H@3: 0.365, H@10: 0.507 | 
[2026-03-11 08:06:39,304][root][INFO] - Epoch: 222 | Loss: 0.0015 | Val - MRR: 0.3356, MR:  180.66, H@1: 0.250, H@3: 0.365, H@10: 0.507 | Test - MRR: 0.3316 | *
[2026-03-11 08:08:19,690][root][INFO] - Epoch: 223 | Loss: 0.0015 | Val - MRR: 0.3353, MR:  181.17, H@1: 0.249, H@3: 0.365, H@10: 0.508 | 
[2026-03-11 08:10:03,977][root][INFO] - Epoch: 224 | Loss: 0.0015 | Val - MRR: 0.3352, MR:  180.14, H@1: 0.249, H@3: 0.364, H@10: 0.509 | 
[2026-03-11 08:12:02,559][root][INFO] - Epoch: 225 | Loss: 0.0015 | Val - MRR: 0.3360, MR:  179.92, H@1: 0.250, H@3: 0.366, H@10: 0.509 | Test - MRR: 0.3326 | *
[2026-03-11 08:13:58,487][root][INFO] - Epoch: 226 | Loss: 0.0015 | Val - MRR: 0.3365, MR:  180.93, H@1: 0.251, H@3: 0.366, H@10: 0.509 | Test - MRR: 0.3323 | *
[2026-03-11 08:15:55,475][root][INFO] - Epoch: 227 | Loss: 0.0015 | Val - MRR: 0.3368, MR:  181.21, H@1: 0.251, H@3: 0.366, H@10: 0.509 | Test - MRR: 0.3324 | *
[2026-03-11 08:17:51,806][root][INFO] - Epoch: 228 | Loss: 0.0015 | Val - MRR: 0.3370, MR:  181.52, H@1: 0.251, H@3: 0.367, H@10: 0.508 | Test - MRR: 0.3317 | *
[2026-03-11 08:19:48,383][root][INFO] - Epoch: 229 | Loss: 0.0015 | Val - MRR: 0.3375, MR:  180.18, H@1: 0.251, H@3: 0.369, H@10: 0.509 | Test - MRR: 0.3332 | *
[2026-03-11 08:21:28,208][root][INFO] - Epoch: 230 | Loss: 0.0015 | Val - MRR: 0.3369, MR:  181.13, H@1: 0.251, H@3: 0.367, H@10: 0.509 | 
[2026-03-11 08:23:25,162][root][INFO] - Epoch: 231 | Loss: 0.0015 | Val - MRR: 0.3381, MR:  180.49, H@1: 0.252, H@3: 0.369, H@10: 0.510 | Test - MRR: 0.3335 | *
[2026-03-11 08:25:03,940][root][INFO] - Epoch: 232 | Loss: 0.0015 | Val - MRR: 0.3379, MR:  181.31, H@1: 0.252, H@3: 0.369, H@10: 0.510 | 
[2026-03-11 08:26:59,965][root][INFO] - Epoch: 233 | Loss: 0.0015 | Val - MRR: 0.3387, MR:  179.90, H@1: 0.253, H@3: 0.370, H@10: 0.511 | Test - MRR: 0.3338 | *
[2026-03-11 08:28:57,881][root][INFO] - Epoch: 234 | Loss: 0.0015 | Val - MRR: 0.3387, MR:  180.38, H@1: 0.253, H@3: 0.369, H@10: 0.511 | Test - MRR: 0.3346 | *
[2026-03-11 08:30:38,049][root][INFO] - Epoch: 235 | Loss: 0.0015 | Val - MRR: 0.3384, MR:  178.48, H@1: 0.252, H@3: 0.370, H@10: 0.511 | 
[2026-03-11 08:32:18,127][root][INFO] - Epoch: 236 | Loss: 0.0015 | Val - MRR: 0.3385, MR:  178.61, H@1: 0.252, H@3: 0.369, H@10: 0.511 | 
[2026-03-11 08:34:13,665][root][INFO] - Epoch: 237 | Loss: 0.0015 | Val - MRR: 0.3391, MR:  177.89, H@1: 0.253, H@3: 0.370, H@10: 0.512 | Test - MRR: 0.3349 | *
[2026-03-11 08:36:11,020][root][INFO] - Epoch: 238 | Loss: 0.0015 | Val - MRR: 0.3391, MR:  178.56, H@1: 0.253, H@3: 0.371, H@10: 0.512 | Test - MRR: 0.3345 | *
[2026-03-11 08:38:06,895][root][INFO] - Epoch: 239 | Loss: 0.0015 | Val - MRR: 0.3395, MR:  178.58, H@1: 0.253, H@3: 0.370, H@10: 0.513 | Test - MRR: 0.3349 | *
[2026-03-11 08:39:46,195][root][INFO] - Epoch: 240 | Loss: 0.0015 | Val - MRR: 0.3394, MR:  178.15, H@1: 0.253, H@3: 0.371, H@10: 0.513 | 
[2026-03-11 08:41:26,967][root][INFO] - Epoch: 241 | Loss: 0.0015 | Val - MRR: 0.3395, MR:  177.69, H@1: 0.254, H@3: 0.370, H@10: 0.512 | 
[2026-03-11 08:43:24,202][root][INFO] - Epoch: 242 | Loss: 0.0015 | Val - MRR: 0.3397, MR:  177.86, H@1: 0.254, H@3: 0.370, H@10: 0.513 | Test - MRR: 0.3351 | *
[2026-03-11 08:45:21,049][root][INFO] - Epoch: 243 | Loss: 0.0015 | Val - MRR: 0.3397, MR:  177.35, H@1: 0.253, H@3: 0.370, H@10: 0.515 | Test - MRR: 0.3354 | *
[2026-03-11 08:47:00,814][root][INFO] - Epoch: 244 | Loss: 0.0015 | Val - MRR: 0.3396, MR:  177.41, H@1: 0.253, H@3: 0.371, H@10: 0.513 | 
[2026-03-11 08:48:41,450][root][INFO] - Epoch: 245 | Loss: 0.0015 | Val - MRR: 0.3394, MR:  175.90, H@1: 0.253, H@3: 0.369, H@10: 0.514 | 
[2026-03-11 08:50:21,371][root][INFO] - Epoch: 246 | Loss: 0.0015 | Val - MRR: 0.3394, MR:  176.06, H@1: 0.253, H@3: 0.369, H@10: 0.513 | 
[2026-03-11 08:52:01,836][root][INFO] - Epoch: 247 | Loss: 0.0015 | Val - MRR: 0.3397, MR:  175.21, H@1: 0.253, H@3: 0.370, H@10: 0.513 | 
[2026-03-11 08:53:57,814][root][INFO] - Epoch: 248 | Loss: 0.0015 | Val - MRR: 0.3401, MR:  175.71, H@1: 0.254, H@3: 0.371, H@10: 0.512 | Test - MRR: 0.3352 | *
[2026-03-11 08:55:53,301][root][INFO] - Epoch: 249 | Loss: 0.0015 | Val - MRR: 0.3408, MR:  176.59, H@1: 0.255, H@3: 0.370, H@10: 0.515 | Test - MRR: 0.3363 | *
[2026-03-11 08:57:33,499][root][INFO] - Epoch: 250 | Loss: 0.0015 | Val - MRR: 0.3404, MR:  176.04, H@1: 0.254, H@3: 0.371, H@10: 0.513 | 
[2026-03-11 08:59:14,721][root][INFO] - Epoch: 251 | Loss: 0.0015 | Val - MRR: 0.3400, MR:  175.39, H@1: 0.254, H@3: 0.369, H@10: 0.515 | 
[2026-03-11 09:00:53,596][root][INFO] - Epoch: 252 | Loss: 0.0015 | Val - MRR: 0.3400, MR:  174.89, H@1: 0.253, H@3: 0.370, H@10: 0.514 | 
[2026-03-11 09:02:34,312][root][INFO] - Epoch: 253 | Loss: 0.0015 | Val - MRR: 0.3400, MR:  174.96, H@1: 0.254, H@3: 0.369, H@10: 0.516 | 
[2026-03-11 09:04:13,781][root][INFO] - Epoch: 254 | Loss: 0.0015 | Val - MRR: 0.3405, MR:  173.95, H@1: 0.255, H@3: 0.371, H@10: 0.515 | 
[2026-03-11 09:05:54,560][root][INFO] - Epoch: 255 | Loss: 0.0015 | Val - MRR: 0.3399, MR:  173.17, H@1: 0.253, H@3: 0.371, H@10: 0.515 | 
[2026-03-11 09:07:35,290][root][INFO] - Epoch: 256 | Loss: 0.0015 | Val - MRR: 0.3403, MR:  173.42, H@1: 0.254, H@3: 0.370, H@10: 0.515 | 
[2026-03-11 09:09:31,305][root][INFO] - Epoch: 257 | Loss: 0.0015 | Val - MRR: 0.3410, MR:  173.04, H@1: 0.255, H@3: 0.370, H@10: 0.516 | Test - MRR: 0.3358 | *
[2026-03-11 09:11:13,003][root][INFO] - Epoch: 258 | Loss: 0.0015 | Val - MRR: 0.3404, MR:  174.24, H@1: 0.254, H@3: 0.371, H@10: 0.515 | 
[2026-03-11 09:13:10,817][root][INFO] - Epoch: 259 | Loss: 0.0015 | Val - MRR: 0.3413, MR:  174.12, H@1: 0.255, H@3: 0.371, H@10: 0.515 | Test - MRR: 0.3369 | *
[2026-03-11 09:14:51,052][root][INFO] - Epoch: 260 | Loss: 0.0015 | Val - MRR: 0.3412, MR:  173.35, H@1: 0.254, H@3: 0.371, H@10: 0.516 | 
[2026-03-11 09:16:46,464][root][INFO] - Epoch: 261 | Loss: 0.0015 | Val - MRR: 0.3417, MR:  174.04, H@1: 0.255, H@3: 0.374, H@10: 0.515 | Test - MRR: 0.3363 | *
[2026-03-11 09:18:26,887][root][INFO] - Epoch: 262 | Loss: 0.0015 | Val - MRR: 0.3414, MR:  173.13, H@1: 0.255, H@3: 0.372, H@10: 0.515 | 
[2026-03-11 09:20:06,618][root][INFO] - Epoch: 263 | Loss: 0.0015 | Val - MRR: 0.3411, MR:  173.86, H@1: 0.254, H@3: 0.372, H@10: 0.516 | 
[2026-03-11 09:21:46,544][root][INFO] - Epoch: 264 | Loss: 0.0015 | Val - MRR: 0.3412, MR:  172.37, H@1: 0.255, H@3: 0.371, H@10: 0.517 | 
[2026-03-11 09:23:43,109][root][INFO] - Epoch: 265 | Loss: 0.0015 | Val - MRR: 0.3423, MR:  173.30, H@1: 0.257, H@3: 0.372, H@10: 0.517 | Test - MRR: 0.3375 | *
[2026-03-11 09:25:24,134][root][INFO] - Epoch: 266 | Loss: 0.0015 | Val - MRR: 0.3411, MR:  173.72, H@1: 0.254, H@3: 0.371, H@10: 0.516 | 
[2026-03-11 09:27:04,856][root][INFO] - Epoch: 267 | Loss: 0.0015 | Val - MRR: 0.3422, MR:  172.44, H@1: 0.255, H@3: 0.373, H@10: 0.517 | 
[2026-03-11 09:28:45,031][root][INFO] - Epoch: 268 | Loss: 0.0015 | Val - MRR: 0.3423, MR:  173.40, H@1: 0.256, H@3: 0.372, H@10: 0.517 | 
[2026-03-11 09:30:41,514][root][INFO] - Epoch: 269 | Loss: 0.0015 | Val - MRR: 0.3424, MR:  172.58, H@1: 0.256, H@3: 0.373, H@10: 0.517 | Test - MRR: 0.3381 | *
[2026-03-11 09:32:36,544][root][INFO] - Epoch: 270 | Loss: 0.0015 | Val - MRR: 0.3429, MR:  171.91, H@1: 0.257, H@3: 0.373, H@10: 0.517 | Test - MRR: 0.3383 | *
[2026-03-11 09:34:17,489][root][INFO] - Epoch: 271 | Loss: 0.0015 | Val - MRR: 0.3426, MR:  171.23, H@1: 0.256, H@3: 0.372, H@10: 0.518 | 
[2026-03-11 09:35:56,990][root][INFO] - Epoch: 272 | Loss: 0.0015 | Val - MRR: 0.3421, MR:  171.55, H@1: 0.256, H@3: 0.371, H@10: 0.517 | 
[2026-03-11 09:37:37,752][root][INFO] - Epoch: 273 | Loss: 0.0015 | Val - MRR: 0.3422, MR:  171.51, H@1: 0.255, H@3: 0.373, H@10: 0.517 | 
[2026-03-11 09:39:16,865][root][INFO] - Epoch: 274 | Loss: 0.0015 | Val - MRR: 0.3426, MR:  172.76, H@1: 0.256, H@3: 0.373, H@10: 0.518 | 
[2026-03-11 09:40:56,593][root][INFO] - Epoch: 275 | Loss: 0.0015 | Val - MRR: 0.3424, MR:  171.32, H@1: 0.255, H@3: 0.373, H@10: 0.518 | 
[2026-03-11 09:42:53,551][root][INFO] - Epoch: 276 | Loss: 0.0015 | Val - MRR: 0.3429, MR:  170.75, H@1: 0.255, H@3: 0.375, H@10: 0.517 | Test - MRR: 0.3386 | *
[2026-03-11 09:44:51,028][root][INFO] - Epoch: 277 | Loss: 0.0015 | Val - MRR: 0.3434, MR:  171.22, H@1: 0.256, H@3: 0.375, H@10: 0.519 | Test - MRR: 0.3379 | *
[2026-03-11 09:46:47,001][root][INFO] - Epoch: 278 | Loss: 0.0015 | Val - MRR: 0.3440, MR:  170.92, H@1: 0.257, H@3: 0.374, H@10: 0.519 | Test - MRR: 0.3383 | *
[2026-03-11 09:48:27,778][root][INFO] - Epoch: 279 | Loss: 0.0015 | Val - MRR: 0.3433, MR:  170.55, H@1: 0.256, H@3: 0.374, H@10: 0.519 | 
[2026-03-11 09:50:07,195][root][INFO] - Epoch: 280 | Loss: 0.0015 | Val - MRR: 0.3428, MR:  171.73, H@1: 0.255, H@3: 0.374, H@10: 0.519 | 
[2026-03-11 09:52:04,553][root][INFO] - Epoch: 281 | Loss: 0.0015 | Val - MRR: 0.3441, MR:  171.40, H@1: 0.257, H@3: 0.374, H@10: 0.519 | Test - MRR: 0.3384 | *
[2026-03-11 09:53:44,033][root][INFO] - Epoch: 282 | Loss: 0.0015 | Val - MRR: 0.3436, MR:  171.06, H@1: 0.257, H@3: 0.375, H@10: 0.520 | 
[2026-03-11 09:55:41,471][root][INFO] - Epoch: 283 | Loss: 0.0015 | Val - MRR: 0.3442, MR:  170.41, H@1: 0.257, H@3: 0.375, H@10: 0.520 | Test - MRR: 0.3387 | *
[2026-03-11 09:57:21,851][root][INFO] - Epoch: 284 | Loss: 0.0015 | Val - MRR: 0.3438, MR:  170.63, H@1: 0.256, H@3: 0.376, H@10: 0.519 | 
[2026-03-11 09:59:02,050][root][INFO] - Epoch: 285 | Loss: 0.0015 | Val - MRR: 0.3440, MR:  170.78, H@1: 0.257, H@3: 0.375, H@10: 0.519 | 
[2026-03-11 10:00:59,059][root][INFO] - Epoch: 286 | Loss: 0.0015 | Val - MRR: 0.3445, MR:  169.14, H@1: 0.257, H@3: 0.376, H@10: 0.520 | Test - MRR: 0.3391 | *
[2026-03-11 10:02:55,771][root][INFO] - Epoch: 287 | Loss: 0.0015 | Val - MRR: 0.3447, MR:  169.45, H@1: 0.257, H@3: 0.375, H@10: 0.520 | Test - MRR: 0.3387 | *
[2026-03-11 10:04:51,598][root][INFO] - Epoch: 288 | Loss: 0.0015 | Val - MRR: 0.3451, MR:  169.25, H@1: 0.258, H@3: 0.376, H@10: 0.520 | Test - MRR: 0.3406 | *
[2026-03-11 10:06:32,065][root][INFO] - Epoch: 289 | Loss: 0.0015 | Val - MRR: 0.3450, MR:  168.77, H@1: 0.258, H@3: 0.375, H@10: 0.520 | 
[2026-03-11 10:08:28,597][root][INFO] - Epoch: 290 | Loss: 0.0015 | Val - MRR: 0.3451, MR:  169.55, H@1: 0.258, H@3: 0.377, H@10: 0.518 | Test - MRR: 0.3397 | *
[2026-03-11 10:10:07,936][root][INFO] - Epoch: 291 | Loss: 0.0015 | Val - MRR: 0.3445, MR:  168.32, H@1: 0.257, H@3: 0.375, H@10: 0.522 | 
[2026-03-11 10:11:47,776][root][INFO] - Epoch: 292 | Loss: 0.0015 | Val - MRR: 0.3446, MR:  168.23, H@1: 0.257, H@3: 0.374, H@10: 0.520 | 
[2026-03-11 10:13:29,076][root][INFO] - Epoch: 293 | Loss: 0.0015 | Val - MRR: 0.3448, MR:  168.43, H@1: 0.258, H@3: 0.376, H@10: 0.522 | 
[2026-03-11 10:15:08,993][root][INFO] - Epoch: 294 | Loss: 0.0015 | Val - MRR: 0.3446, MR:  169.08, H@1: 0.257, H@3: 0.375, H@10: 0.521 | 
[2026-03-11 10:16:48,855][root][INFO] - Epoch: 295 | Loss: 0.0015 | Val - MRR: 0.3450, MR:  168.65, H@1: 0.258, H@3: 0.376, H@10: 0.520 | 
[2026-03-11 10:18:29,451][root][INFO] - Epoch: 296 | Loss: 0.0015 | Val - MRR: 0.3450, MR:  169.06, H@1: 0.258, H@3: 0.376, H@10: 0.521 | 
[2026-03-11 10:20:26,916][root][INFO] - Epoch: 297 | Loss: 0.0015 | Val - MRR: 0.3452, MR:  169.49, H@1: 0.258, H@3: 0.376, H@10: 0.521 | Test - MRR: 0.3404 | *
[2026-03-11 10:22:07,190][root][INFO] - Epoch: 298 | Loss: 0.0015 | Val - MRR: 0.3450, MR:  168.16, H@1: 0.258, H@3: 0.376, H@10: 0.521 | 
[2026-03-11 10:23:46,008][root][INFO] - Epoch: 299 | Loss: 0.0015 | Val - MRR: 0.3448, MR:  167.82, H@1: 0.257, H@3: 0.376, H@10: 0.520 | 
[2026-03-11 10:25:25,916][root][INFO] - Epoch: 300 | Loss: 0.0015 | Val - MRR: 0.3450, MR:  168.39, H@1: 0.257, H@3: 0.376, H@10: 0.521 | 
[2026-03-11 10:27:22,131][root][INFO] - Epoch: 301 | Loss: 0.0015 | Val - MRR: 0.3453, MR:  168.03, H@1: 0.257, H@3: 0.377, H@10: 0.521 | Test - MRR: 0.3401 | *
[2026-03-11 10:29:02,994][root][INFO] - Epoch: 302 | Loss: 0.0015 | Val - MRR: 0.3450, MR:  168.40, H@1: 0.257, H@3: 0.378, H@10: 0.521 | 
[2026-03-11 10:30:42,640][root][INFO] - Epoch: 303 | Loss: 0.0015 | Val - MRR: 0.3446, MR:  168.39, H@1: 0.256, H@3: 0.377, H@10: 0.521 | 
[2026-03-11 10:32:37,631][root][INFO] - Epoch: 304 | Loss: 0.0015 | Val - MRR: 0.3460, MR:  168.87, H@1: 0.258, H@3: 0.377, H@10: 0.521 | Test - MRR: 0.3409 | *
[2026-03-11 10:34:17,843][root][INFO] - Epoch: 305 | Loss: 0.0015 | Val - MRR: 0.3459, MR:  168.19, H@1: 0.258, H@3: 0.378, H@10: 0.521 | 
[2026-03-11 10:36:13,965][root][INFO] - Epoch: 306 | Loss: 0.0015 | Val - MRR: 0.3464, MR:  167.52, H@1: 0.259, H@3: 0.378, H@10: 0.522 | Test - MRR: 0.3411 | *
[2026-03-11 10:37:54,211][root][INFO] - Epoch: 307 | Loss: 0.0015 | Val - MRR: 0.3461, MR:  167.10, H@1: 0.259, H@3: 0.378, H@10: 0.521 | 
[2026-03-11 10:39:33,936][root][INFO] - Epoch: 308 | Loss: 0.0015 | Val - MRR: 0.3463, MR:  166.79, H@1: 0.258, H@3: 0.379, H@10: 0.523 | 
[2026-03-11 10:41:12,804][root][INFO] - Epoch: 309 | Loss: 0.0015 | Val - MRR: 0.3460, MR:  167.98, H@1: 0.258, H@3: 0.377, H@10: 0.522 | 
[2026-03-11 10:42:51,948][root][INFO] - Epoch: 310 | Loss: 0.0015 | Val - MRR: 0.3464, MR:  169.12, H@1: 0.258, H@3: 0.378, H@10: 0.523 | 
[2026-03-11 10:44:32,490][root][INFO] - Epoch: 311 | Loss: 0.0015 | Val - MRR: 0.3461, MR:  167.20, H@1: 0.258, H@3: 0.377, H@10: 0.521 | 
[2026-03-11 10:46:10,488][root][INFO] - Epoch: 312 | Loss: 0.0015 | Val - MRR: 0.3462, MR:  167.06, H@1: 0.259, H@3: 0.378, H@10: 0.522 | 
[2026-03-11 10:48:07,013][root][INFO] - Epoch: 313 | Loss: 0.0015 | Val - MRR: 0.3467, MR:  168.08, H@1: 0.259, H@3: 0.378, H@10: 0.522 | Test - MRR: 0.3410 | *
[2026-03-11 10:49:47,145][root][INFO] - Epoch: 314 | Loss: 0.0015 | Val - MRR: 0.3461, MR:  167.11, H@1: 0.258, H@3: 0.377, H@10: 0.523 | 
[2026-03-11 10:51:27,794][root][INFO] - Epoch: 315 | Loss: 0.0015 | Val - MRR: 0.3465, MR:  168.49, H@1: 0.258, H@3: 0.378, H@10: 0.523 | 
[2026-03-11 10:53:24,934][root][INFO] - Epoch: 316 | Loss: 0.0015 | Val - MRR: 0.3471, MR:  167.31, H@1: 0.259, H@3: 0.379, H@10: 0.524 | Test - MRR: 0.3419 | *
[2026-03-11 10:55:21,188][root][INFO] - Epoch: 317 | Loss: 0.0015 | Val - MRR: 0.3472, MR:  166.61, H@1: 0.260, H@3: 0.377, H@10: 0.524 | Test - MRR: 0.3417 | *
[2026-03-11 10:57:02,605][root][INFO] - Epoch: 318 | Loss: 0.0015 | Val - MRR: 0.3468, MR:  166.50, H@1: 0.259, H@3: 0.379, H@10: 0.523 | 
[2026-03-11 10:58:43,168][root][INFO] - Epoch: 319 | Loss: 0.0015 | Val - MRR: 0.3467, MR:  166.11, H@1: 0.259, H@3: 0.378, H@10: 0.524 | 
[2026-03-11 11:00:22,021][root][INFO] - Epoch: 320 | Loss: 0.0015 | Val - MRR: 0.3469, MR:  166.33, H@1: 0.259, H@3: 0.378, H@10: 0.523 | 
[2026-03-11 11:02:02,125][root][INFO] - Epoch: 321 | Loss: 0.0015 | Val - MRR: 0.3471, MR:  166.93, H@1: 0.259, H@3: 0.378, H@10: 0.524 | 
[2026-03-11 11:03:41,981][root][INFO] - Epoch: 322 | Loss: 0.0015 | Val - MRR: 0.3467, MR:  167.66, H@1: 0.259, H@3: 0.379, H@10: 0.523 | 
[2026-03-11 11:05:37,627][root][INFO] - Epoch: 323 | Loss: 0.0015 | Val - MRR: 0.3474, MR:  167.41, H@1: 0.260, H@3: 0.379, H@10: 0.523 | Test - MRR: 0.3415 | *
[2026-03-11 11:07:17,615][root][INFO] - Epoch: 324 | Loss: 0.0015 | Val - MRR: 0.3472, MR:  167.65, H@1: 0.260, H@3: 0.379, H@10: 0.523 | 
[2026-03-11 11:08:58,094][root][INFO] - Epoch: 325 | Loss: 0.0015 | Val - MRR: 0.3473, MR:  166.38, H@1: 0.260, H@3: 0.378, H@10: 0.524 | 
[2026-03-11 11:10:37,452][root][INFO] - Epoch: 326 | Loss: 0.0015 | Val - MRR: 0.3473, MR:  166.69, H@1: 0.259, H@3: 0.378, H@10: 0.523 | 
[2026-03-11 11:12:16,483][root][INFO] - Epoch: 327 | Loss: 0.0015 | Val - MRR: 0.3467, MR:  167.64, H@1: 0.259, H@3: 0.378, H@10: 0.523 | 
[2026-03-11 11:13:56,445][root][INFO] - Epoch: 328 | Loss: 0.0015 | Val - MRR: 0.3465, MR:  167.26, H@1: 0.259, H@3: 0.377, H@10: 0.523 | 
[2026-03-11 11:15:52,279][root][INFO] - Epoch: 329 | Loss: 0.0015 | Val - MRR: 0.3475, MR:  166.61, H@1: 0.259, H@3: 0.379, H@10: 0.524 | Test - MRR: 0.3423 | *
[2026-03-11 11:17:48,747][root][INFO] - Epoch: 330 | Loss: 0.0015 | Val - MRR: 0.3475, MR:  166.23, H@1: 0.260, H@3: 0.379, H@10: 0.525 | Test - MRR: 0.3431 | *
[2026-03-11 11:19:46,071][root][INFO] - Epoch: 331 | Loss: 0.0015 | Val - MRR: 0.3487, MR:  166.66, H@1: 0.261, H@3: 0.379, H@10: 0.525 | Test - MRR: 0.3433 | *
[2026-03-11 11:21:26,825][root][INFO] - Epoch: 332 | Loss: 0.0015 | Val - MRR: 0.3484, MR:  166.07, H@1: 0.260, H@3: 0.379, H@10: 0.525 | 
[2026-03-11 11:23:04,992][root][INFO] - Epoch: 333 | Loss: 0.0015 | Val - MRR: 0.3478, MR:  165.66, H@1: 0.259, H@3: 0.380, H@10: 0.525 | 
[2026-03-11 11:24:45,552][root][INFO] - Epoch: 334 | Loss: 0.0015 | Val - MRR: 0.3479, MR:  165.43, H@1: 0.259, H@3: 0.379, H@10: 0.525 | 
[2026-03-11 11:26:26,114][root][INFO] - Epoch: 335 | Loss: 0.0015 | Val - MRR: 0.3478, MR:  165.61, H@1: 0.259, H@3: 0.380, H@10: 0.525 | 
[2026-03-11 11:28:05,383][root][INFO] - Epoch: 336 | Loss: 0.0015 | Val - MRR: 0.3482, MR:  166.49, H@1: 0.259, H@3: 0.380, H@10: 0.526 | 
[2026-03-11 11:29:44,993][root][INFO] - Epoch: 337 | Loss: 0.0015 | Val - MRR: 0.3481, MR:  165.34, H@1: 0.259, H@3: 0.381, H@10: 0.526 | 
[2026-03-11 11:31:24,943][root][INFO] - Epoch: 338 | Loss: 0.0015 | Val - MRR: 0.3474, MR:  165.88, H@1: 0.258, H@3: 0.380, H@10: 0.525 | 
[2026-03-11 11:33:04,908][root][INFO] - Epoch: 339 | Loss: 0.0015 | Val - MRR: 0.3479, MR:  165.80, H@1: 0.260, H@3: 0.380, H@10: 0.525 | 
[2026-03-11 11:34:43,907][root][INFO] - Epoch: 340 | Loss: 0.0015 | Val - MRR: 0.3480, MR:  166.05, H@1: 0.259, H@3: 0.381, H@10: 0.525 | 
[2026-03-11 11:36:22,218][root][INFO] - Epoch: 341 | Loss: 0.0015 | Val - MRR: 0.3484, MR:  165.35, H@1: 0.260, H@3: 0.380, H@10: 0.526 | 
[2026-03-11 11:38:02,234][root][INFO] - Epoch: 342 | Loss: 0.0015 | Val - MRR: 0.3481, MR:  165.34, H@1: 0.260, H@3: 0.380, H@10: 0.524 | 
[2026-03-11 11:39:41,878][root][INFO] - Epoch: 343 | Loss: 0.0015 | Val - MRR: 0.3481, MR:  165.70, H@1: 0.260, H@3: 0.380, H@10: 0.525 | 
[2026-03-11 11:41:22,028][root][INFO] - Epoch: 344 | Loss: 0.0015 | Val - MRR: 0.3485, MR:  164.29, H@1: 0.260, H@3: 0.380, H@10: 0.525 | 
[2026-03-11 11:43:00,265][root][INFO] - Epoch: 345 | Loss: 0.0015 | Val - MRR: 0.3485, MR:  165.28, H@1: 0.260, H@3: 0.380, H@10: 0.525 | 
[2026-03-11 11:44:40,679][root][INFO] - Epoch: 346 | Loss: 0.0015 | Val - MRR: 0.3486, MR:  165.34, H@1: 0.261, H@3: 0.379, H@10: 0.525 | 
[2026-03-11 11:46:20,052][root][INFO] - Epoch: 347 | Loss: 0.0015 | Val - MRR: 0.3485, MR:  164.75, H@1: 0.260, H@3: 0.380, H@10: 0.526 | 
[2026-03-11 11:48:00,576][root][INFO] - Epoch: 348 | Loss: 0.0015 | Val - MRR: 0.3480, MR:  165.16, H@1: 0.260, H@3: 0.379, H@10: 0.527 | 
[2026-03-11 11:49:40,215][root][INFO] - Epoch: 349 | Loss: 0.0015 | Val - MRR: 0.3481, MR:  164.94, H@1: 0.260, H@3: 0.380, H@10: 0.527 | 
[2026-03-11 11:51:36,201][root][INFO] - Epoch: 350 | Loss: 0.0015 | Val - MRR: 0.3493, MR:  164.62, H@1: 0.261, H@3: 0.381, H@10: 0.527 | Test - MRR: 0.3439 | *
[2026-03-11 11:53:32,834][root][INFO] - Epoch: 351 | Loss: 0.0015 | Val - MRR: 0.3496, MR:  165.79, H@1: 0.261, H@3: 0.382, H@10: 0.527 | Test - MRR: 0.3441 | *
[2026-03-11 11:55:30,347][root][INFO] - Epoch: 352 | Loss: 0.0015 | Val - MRR: 0.3497, MR:  164.91, H@1: 0.262, H@3: 0.381, H@10: 0.526 | Test - MRR: 0.3444 | *
[2026-03-11 11:57:10,035][root][INFO] - Epoch: 353 | Loss: 0.0015 | Val - MRR: 0.3497, MR:  164.79, H@1: 0.262, H@3: 0.381, H@10: 0.527 | 
[2026-03-11 11:58:50,209][root][INFO] - Epoch: 354 | Loss: 0.0015 | Val - MRR: 0.3486, MR:  165.79, H@1: 0.260, H@3: 0.381, H@10: 0.527 | 
[2026-03-11 12:00:29,364][root][INFO] - Epoch: 355 | Loss: 0.0015 | Val - MRR: 0.3484, MR:  164.97, H@1: 0.260, H@3: 0.380, H@10: 0.527 | 
[2026-03-11 12:02:10,080][root][INFO] - Epoch: 356 | Loss: 0.0015 | Val - MRR: 0.3490, MR:  165.59, H@1: 0.261, H@3: 0.380, H@10: 0.526 | 
[2026-03-11 12:03:49,767][root][INFO] - Epoch: 357 | Loss: 0.0015 | Val - MRR: 0.3495, MR:  165.63, H@1: 0.261, H@3: 0.381, H@10: 0.526 | 
[2026-03-11 12:05:31,072][root][INFO] - Epoch: 358 | Loss: 0.0015 | Val - MRR: 0.3494, MR:  165.92, H@1: 0.261, H@3: 0.381, H@10: 0.527 | 
[2026-03-11 12:07:11,381][root][INFO] - Epoch: 359 | Loss: 0.0015 | Val - MRR: 0.3490, MR:  164.53, H@1: 0.260, H@3: 0.381, H@10: 0.527 | 
[2026-03-11 12:08:50,726][root][INFO] - Epoch: 360 | Loss: 0.0015 | Val - MRR: 0.3493, MR:  165.10, H@1: 0.261, H@3: 0.382, H@10: 0.526 | 
[2026-03-11 12:10:32,159][root][INFO] - Epoch: 361 | Loss: 0.0015 | Val - MRR: 0.3485, MR:  165.29, H@1: 0.260, H@3: 0.381, H@10: 0.527 | 
[2026-03-11 12:12:12,856][root][INFO] - Epoch: 362 | Loss: 0.0015 | Val - MRR: 0.3494, MR:  164.68, H@1: 0.261, H@3: 0.381, H@10: 0.527 | 
[2026-03-11 12:13:52,655][root][INFO] - Epoch: 363 | Loss: 0.0015 | Val - MRR: 0.3488, MR:  163.64, H@1: 0.260, H@3: 0.379, H@10: 0.527 | 
[2026-03-11 12:15:46,775][root][INFO] - Epoch: 364 | Loss: 0.0015 | Val - MRR: 0.3500, MR:  163.87, H@1: 0.261, H@3: 0.381, H@10: 0.527 | Test - MRR: 0.3447 | *
[2026-03-11 12:17:26,357][root][INFO] - Epoch: 365 | Loss: 0.0015 | Val - MRR: 0.3497, MR:  163.67, H@1: 0.261, H@3: 0.381, H@10: 0.527 | 
[2026-03-11 12:19:07,231][root][INFO] - Epoch: 366 | Loss: 0.0015 | Val - MRR: 0.3499, MR:  163.60, H@1: 0.261, H@3: 0.381, H@10: 0.528 | 
[2026-03-11 12:21:04,522][root][INFO] - Epoch: 367 | Loss: 0.0015 | Val - MRR: 0.3507, MR:  164.89, H@1: 0.263, H@3: 0.383, H@10: 0.528 | Test - MRR: 0.3452 | *
[2026-03-11 12:22:43,645][root][INFO] - Epoch: 368 | Loss: 0.0015 | Val - MRR: 0.3492, MR:  164.14, H@1: 0.260, H@3: 0.382, H@10: 0.528 | 
[2026-03-11 12:24:23,135][root][INFO] - Epoch: 369 | Loss: 0.0015 | Val - MRR: 0.3491, MR:  163.26, H@1: 0.260, H@3: 0.381, H@10: 0.527 | 
[2026-03-11 12:26:03,443][root][INFO] - Epoch: 370 | Loss: 0.0015 | Val - MRR: 0.3500, MR:  163.88, H@1: 0.262, H@3: 0.382, H@10: 0.527 | 
[2026-03-11 12:27:44,274][root][INFO] - Epoch: 371 | Loss: 0.0015 | Val - MRR: 0.3505, MR:  163.88, H@1: 0.262, H@3: 0.382, H@10: 0.528 | 
[2026-03-11 12:29:24,060][root][INFO] - Epoch: 372 | Loss: 0.0015 | Val - MRR: 0.3502, MR:  163.34, H@1: 0.262, H@3: 0.382, H@10: 0.528 | 
[2026-03-11 12:31:04,033][root][INFO] - Epoch: 373 | Loss: 0.0015 | Val - MRR: 0.3497, MR:  163.50, H@1: 0.261, H@3: 0.381, H@10: 0.527 | 
[2026-03-11 12:32:47,841][root][INFO] - Epoch: 374 | Loss: 0.0015 | Val - MRR: 0.3504, MR:  163.32, H@1: 0.262, H@3: 0.382, H@10: 0.528 | 
[2026-03-11 12:34:27,757][root][INFO] - Epoch: 375 | Loss: 0.0015 | Val - MRR: 0.3503, MR:  163.68, H@1: 0.261, H@3: 0.383, H@10: 0.528 | 
[2026-03-11 12:36:08,428][root][INFO] - Epoch: 376 | Loss: 0.0015 | Val - MRR: 0.3504, MR:  164.12, H@1: 0.262, H@3: 0.382, H@10: 0.527 | 
[2026-03-11 12:37:49,478][root][INFO] - Epoch: 377 | Loss: 0.0015 | Val - MRR: 0.3501, MR:  163.66, H@1: 0.261, H@3: 0.383, H@10: 0.528 | 
[2026-03-11 12:39:29,910][root][INFO] - Epoch: 378 | Loss: 0.0015 | Val - MRR: 0.3502, MR:  164.13, H@1: 0.261, H@3: 0.383, H@10: 0.528 | 
[2026-03-11 12:41:10,598][root][INFO] - Epoch: 379 | Loss: 0.0015 | Val - MRR: 0.3505, MR:  163.85, H@1: 0.261, H@3: 0.384, H@10: 0.529 | 
[2026-03-11 12:42:51,630][root][INFO] - Epoch: 380 | Loss: 0.0015 | Val - MRR: 0.3503, MR:  164.10, H@1: 0.261, H@3: 0.383, H@10: 0.529 | 
[2026-03-11 12:44:32,166][root][INFO] - Epoch: 381 | Loss: 0.0015 | Val - MRR: 0.3507, MR:  163.44, H@1: 0.261, H@3: 0.383, H@10: 0.529 | 
[2026-03-11 12:46:11,342][root][INFO] - Epoch: 382 | Loss: 0.0015 | Val - MRR: 0.3507, MR:  164.20, H@1: 0.262, H@3: 0.383, H@10: 0.529 | 
[2026-03-11 12:48:08,639][root][INFO] - Epoch: 383 | Loss: 0.0015 | Val - MRR: 0.3508, MR:  163.91, H@1: 0.262, H@3: 0.384, H@10: 0.529 | Test - MRR: 0.3457 | *
[2026-03-11 12:50:05,153][root][INFO] - Epoch: 384 | Loss: 0.0015 | Val - MRR: 0.3510, MR:  164.26, H@1: 0.262, H@3: 0.384, H@10: 0.529 | Test - MRR: 0.3460 | *
[2026-03-11 12:51:45,462][root][INFO] - Epoch: 385 | Loss: 0.0015 | Val - MRR: 0.3504, MR:  163.72, H@1: 0.261, H@3: 0.383, H@10: 0.529 | 
[2026-03-11 12:53:23,680][root][INFO] - Epoch: 386 | Loss: 0.0015 | Val - MRR: 0.3509, MR:  162.65, H@1: 0.262, H@3: 0.382, H@10: 0.529 | 
[2026-03-11 12:55:04,663][root][INFO] - Epoch: 387 | Loss: 0.0015 | Val - MRR: 0.3502, MR:  161.57, H@1: 0.260, H@3: 0.383, H@10: 0.529 | 
[2026-03-11 12:57:00,901][root][INFO] - Epoch: 388 | Loss: 0.0015 | Val - MRR: 0.3511, MR:  162.18, H@1: 0.262, H@3: 0.383, H@10: 0.528 | Test - MRR: 0.3463 | *
[2026-03-11 12:58:42,357][root][INFO] - Epoch: 389 | Loss: 0.0015 | Val - MRR: 0.3503, MR:  163.44, H@1: 0.261, H@3: 0.383, H@10: 0.530 | 
[2026-03-11 13:00:39,201][root][INFO] - Epoch: 390 | Loss: 0.0015 | Val - MRR: 0.3512, MR:  162.60, H@1: 0.262, H@3: 0.384, H@10: 0.532 | Test - MRR: 0.3461 | *
[2026-03-11 13:02:17,771][root][INFO] - Epoch: 391 | Loss: 0.0015 | Val - MRR: 0.3505, MR:  162.80, H@1: 0.261, H@3: 0.383, H@10: 0.530 | 
[2026-03-11 13:03:58,596][root][INFO] - Epoch: 392 | Loss: 0.0015 | Val - MRR: 0.3509, MR:  162.52, H@1: 0.262, H@3: 0.383, H@10: 0.529 | 
[2026-03-11 13:05:38,723][root][INFO] - Epoch: 393 | Loss: 0.0015 | Val - MRR: 0.3503, MR:  163.10, H@1: 0.261, H@3: 0.382, H@10: 0.529 | 
[2026-03-11 13:07:19,607][root][INFO] - Epoch: 394 | Loss: 0.0015 | Val - MRR: 0.3504, MR:  163.64, H@1: 0.261, H@3: 0.382, H@10: 0.529 | 
[2026-03-11 13:08:59,624][root][INFO] - Epoch: 395 | Loss: 0.0015 | Val - MRR: 0.3510, MR:  163.40, H@1: 0.261, H@3: 0.384, H@10: 0.529 | 
[2026-03-11 13:10:38,470][root][INFO] - Epoch: 396 | Loss: 0.0015 | Val - MRR: 0.3509, MR:  162.69, H@1: 0.261, H@3: 0.384, H@10: 0.529 | 
[2026-03-11 13:12:33,420][root][INFO] - Epoch: 397 | Loss: 0.0015 | Val - MRR: 0.3515, MR:  162.90, H@1: 0.263, H@3: 0.384, H@10: 0.530 | Test - MRR: 0.3469 | *
[2026-03-11 13:14:29,485][root][INFO] - Epoch: 398 | Loss: 0.0015 | Val - MRR: 0.3518, MR:  163.44, H@1: 0.263, H@3: 0.384, H@10: 0.530 | Test - MRR: 0.3464 | *
[2026-03-11 13:16:09,700][root][INFO] - Epoch: 399 | Loss: 0.0015 | Val - MRR: 0.3517, MR:  163.42, H@1: 0.262, H@3: 0.385, H@10: 0.531 | 
[2026-03-11 13:17:50,307][root][INFO] - Epoch: 400 | Loss: 0.0015 | Val - MRR: 0.3517, MR:  162.39, H@1: 0.263, H@3: 0.384, H@10: 0.529 | 
[2026-03-11 13:19:46,621][root][INFO] - Epoch: 401 | Loss: 0.0015 | Val - MRR: 0.3529, MR:  163.28, H@1: 0.264, H@3: 0.385, H@10: 0.530 | Test - MRR: 0.3473 | *
[2026-03-11 13:21:25,021][root][INFO] - Epoch: 402 | Loss: 0.0015 | Val - MRR: 0.3516, MR:  162.80, H@1: 0.262, H@3: 0.384, H@10: 0.530 | 
[2026-03-11 13:23:06,429][root][INFO] - Epoch: 403 | Loss: 0.0015 | Val - MRR: 0.3512, MR:  162.34, H@1: 0.262, H@3: 0.384, H@10: 0.530 | 
[2026-03-11 13:24:45,599][root][INFO] - Epoch: 404 | Loss: 0.0015 | Val - MRR: 0.3516, MR:  162.42, H@1: 0.262, H@3: 0.383, H@10: 0.531 | 
[2026-03-11 13:26:26,555][root][INFO] - Epoch: 405 | Loss: 0.0015 | Val - MRR: 0.3519, MR:  162.27, H@1: 0.263, H@3: 0.383, H@10: 0.531 | 
[2026-03-11 13:28:06,525][root][INFO] - Epoch: 406 | Loss: 0.0015 | Val - MRR: 0.3521, MR:  162.44, H@1: 0.263, H@3: 0.384, H@10: 0.531 | 
[2026-03-11 13:29:46,552][root][INFO] - Epoch: 407 | Loss: 0.0015 | Val - MRR: 0.3520, MR:  162.97, H@1: 0.263, H@3: 0.385, H@10: 0.530 | 
[2026-03-11 13:31:26,833][root][INFO] - Epoch: 408 | Loss: 0.0015 | Val - MRR: 0.3521, MR:  162.21, H@1: 0.263, H@3: 0.384, H@10: 0.530 | 
[2026-03-11 13:33:06,649][root][INFO] - Epoch: 409 | Loss: 0.0015 | Val - MRR: 0.3519, MR:  162.31, H@1: 0.263, H@3: 0.384, H@10: 0.530 | 
[2026-03-11 13:34:46,463][root][INFO] - Epoch: 410 | Loss: 0.0015 | Val - MRR: 0.3522, MR:  161.98, H@1: 0.263, H@3: 0.385, H@10: 0.530 | 
[2026-03-11 13:36:25,338][root][INFO] - Epoch: 411 | Loss: 0.0015 | Val - MRR: 0.3518, MR:  162.02, H@1: 0.263, H@3: 0.384, H@10: 0.531 | 
[2026-03-11 13:38:21,034][root][INFO] - Epoch: 412 | Loss: 0.0015 | Val - MRR: 0.3529, MR:  163.04, H@1: 0.264, H@3: 0.385, H@10: 0.531 | Test - MRR: 0.3470 | *
[2026-03-11 13:40:00,962][root][INFO] - Epoch: 413 | Loss: 0.0015 | Val - MRR: 0.3522, MR:  161.75, H@1: 0.264, H@3: 0.384, H@10: 0.530 | 
[2026-03-11 13:41:41,755][root][INFO] - Epoch: 414 | Loss: 0.0015 | Val - MRR: 0.3522, MR:  163.47, H@1: 0.263, H@3: 0.383, H@10: 0.530 | 
[2026-03-11 13:43:21,813][root][INFO] - Epoch: 415 | Loss: 0.0015 | Val - MRR: 0.3523, MR:  162.47, H@1: 0.264, H@3: 0.383, H@10: 0.531 | 
[2026-03-11 13:45:02,305][root][INFO] - Epoch: 416 | Loss: 0.0015 | Val - MRR: 0.3517, MR:  162.91, H@1: 0.263, H@3: 0.383, H@10: 0.530 | 
[2026-03-11 13:46:40,675][root][INFO] - Epoch: 417 | Loss: 0.0015 | Val - MRR: 0.3520, MR:  161.17, H@1: 0.264, H@3: 0.383, H@10: 0.530 | 
[2026-03-11 13:48:18,963][root][INFO] - Epoch: 418 | Loss: 0.0015 | Val - MRR: 0.3521, MR:  161.67, H@1: 0.263, H@3: 0.383, H@10: 0.531 | 
[2026-03-11 13:49:57,384][root][INFO] - Epoch: 419 | Loss: 0.0015 | Val - MRR: 0.3514, MR:  162.48, H@1: 0.262, H@3: 0.383, H@10: 0.532 | 
[2026-03-11 13:51:37,943][root][INFO] - Epoch: 420 | Loss: 0.0015 | Val - MRR: 0.3514, MR:  161.71, H@1: 0.262, H@3: 0.383, H@10: 0.530 | 
[2026-03-11 13:53:17,156][root][INFO] - Epoch: 421 | Loss: 0.0015 | Val - MRR: 0.3520, MR:  161.15, H@1: 0.264, H@3: 0.383, H@10: 0.532 | 
[2026-03-11 13:54:58,092][root][INFO] - Epoch: 422 | Loss: 0.0015 | Val - MRR: 0.3518, MR:  161.50, H@1: 0.263, H@3: 0.383, H@10: 0.531 | 
[2026-03-11 13:56:37,467][root][INFO] - Epoch: 423 | Loss: 0.0015 | Val - MRR: 0.3519, MR:  162.19, H@1: 0.263, H@3: 0.383, H@10: 0.531 | 
[2026-03-11 13:58:18,743][root][INFO] - Epoch: 424 | Loss: 0.0015 | Val - MRR: 0.3525, MR:  162.97, H@1: 0.264, H@3: 0.385, H@10: 0.531 | 
[2026-03-11 13:59:58,362][root][INFO] - Epoch: 425 | Loss: 0.0015 | Val - MRR: 0.3521, MR:  161.72, H@1: 0.263, H@3: 0.383, H@10: 0.532 | 
[2026-03-11 14:01:38,335][root][INFO] - Epoch: 426 | Loss: 0.0015 | Val - MRR: 0.3524, MR:  160.96, H@1: 0.264, H@3: 0.384, H@10: 0.532 | 
[2026-03-11 14:03:16,584][root][INFO] - Epoch: 427 | Loss: 0.0015 | Val - MRR: 0.3521, MR:  161.19, H@1: 0.263, H@3: 0.383, H@10: 0.531 | 
[2026-03-11 14:04:57,255][root][INFO] - Epoch: 428 | Loss: 0.0015 | Val - MRR: 0.3527, MR:  161.52, H@1: 0.264, H@3: 0.383, H@10: 0.532 | 
[2026-03-11 14:06:37,752][root][INFO] - Epoch: 429 | Loss: 0.0015 | Val - MRR: 0.3524, MR:  161.12, H@1: 0.264, H@3: 0.383, H@10: 0.532 | 
[2026-03-11 14:08:18,574][root][INFO] - Epoch: 430 | Loss: 0.0015 | Val - MRR: 0.3522, MR:  161.32, H@1: 0.263, H@3: 0.383, H@10: 0.532 | 
[2026-03-11 14:09:58,700][root][INFO] - Epoch: 431 | Loss: 0.0015 | Val - MRR: 0.3521, MR:  160.69, H@1: 0.263, H@3: 0.383, H@10: 0.531 | 
[2026-03-11 14:11:37,862][root][INFO] - Epoch: 432 | Loss: 0.0015 | Val - MRR: 0.3524, MR:  162.30, H@1: 0.264, H@3: 0.383, H@10: 0.531 | 
[2026-03-11 14:13:18,436][root][INFO] - Epoch: 433 | Loss: 0.0015 | Val - MRR: 0.3524, MR:  161.55, H@1: 0.264, H@3: 0.383, H@10: 0.532 | 
[2026-03-11 14:15:15,568][root][INFO] - Epoch: 434 | Loss: 0.0015 | Val - MRR: 0.3531, MR:  161.62, H@1: 0.264, H@3: 0.384, H@10: 0.532 | Test - MRR: 0.3474 | *
[2026-03-11 14:16:55,802][root][INFO] - Epoch: 435 | Loss: 0.0015 | Val - MRR: 0.3530, MR:  161.12, H@1: 0.264, H@3: 0.385, H@10: 0.532 | 
[2026-03-11 14:18:35,990][root][INFO] - Epoch: 436 | Loss: 0.0015 | Val - MRR: 0.3527, MR:  161.21, H@1: 0.264, H@3: 0.383, H@10: 0.532 | 
[2026-03-11 14:20:16,417][root][INFO] - Epoch: 437 | Loss: 0.0015 | Val - MRR: 0.3523, MR:  161.35, H@1: 0.263, H@3: 0.384, H@10: 0.532 | 
[2026-03-11 14:21:55,276][root][INFO] - Epoch: 438 | Loss: 0.0015 | Val - MRR: 0.3528, MR:  160.93, H@1: 0.264, H@3: 0.384, H@10: 0.533 | 
[2026-03-11 14:23:35,665][root][INFO] - Epoch: 439 | Loss: 0.0015 | Val - MRR: 0.3527, MR:  161.17, H@1: 0.264, H@3: 0.385, H@10: 0.532 | 
[2026-03-11 14:25:15,755][root][INFO] - Epoch: 440 | Loss: 0.0015 | Val - MRR: 0.3526, MR:  161.30, H@1: 0.263, H@3: 0.385, H@10: 0.532 | 
[2026-03-11 14:27:12,437][root][INFO] - Epoch: 441 | Loss: 0.0015 | Val - MRR: 0.3532, MR:  161.48, H@1: 0.265, H@3: 0.384, H@10: 0.532 | Test - MRR: 0.3472 | *
[2026-03-11 14:28:53,723][root][INFO] - Epoch: 442 | Loss: 0.0015 | Val - MRR: 0.3528, MR:  162.08, H@1: 0.264, H@3: 0.385, H@10: 0.533 | 
[2026-03-11 14:30:33,289][root][INFO] - Epoch: 443 | Loss: 0.0015 | Val - MRR: 0.3527, MR:  160.24, H@1: 0.264, H@3: 0.385, H@10: 0.533 | 
[2026-03-11 14:32:13,361][root][INFO] - Epoch: 444 | Loss: 0.0015 | Val - MRR: 0.3527, MR:  161.47, H@1: 0.263, H@3: 0.386, H@10: 0.533 | 
[2026-03-11 14:33:53,851][root][INFO] - Epoch: 445 | Loss: 0.0015 | Val - MRR: 0.3528, MR:  160.72, H@1: 0.264, H@3: 0.384, H@10: 0.533 | 
[2026-03-11 14:35:33,486][root][INFO] - Epoch: 446 | Loss: 0.0015 | Val - MRR: 0.3527, MR:  161.22, H@1: 0.264, H@3: 0.385, H@10: 0.532 | 
[2026-03-11 14:37:30,383][root][INFO] - Epoch: 447 | Loss: 0.0015 | Val - MRR: 0.3532, MR:  160.29, H@1: 0.264, H@3: 0.384, H@10: 0.532 | Test - MRR: 0.3478 | *
[2026-03-11 14:39:10,174][root][INFO] - Epoch: 448 | Loss: 0.0015 | Val - MRR: 0.3529, MR:  159.68, H@1: 0.264, H@3: 0.384, H@10: 0.533 | 
[2026-03-11 14:40:49,980][root][INFO] - Epoch: 449 | Loss: 0.0015 | Val - MRR: 0.3529, MR:  160.13, H@1: 0.264, H@3: 0.384, H@10: 0.533 | 
[2026-03-11 14:42:32,098][root][INFO] - Epoch: 450 | Loss: 0.0015 | Val - MRR: 0.3531, MR:  160.89, H@1: 0.265, H@3: 0.383, H@10: 0.532 | 
[2026-03-11 14:44:27,520][root][INFO] - Epoch: 451 | Loss: 0.0015 | Val - MRR: 0.3535, MR:  160.04, H@1: 0.265, H@3: 0.385, H@10: 0.532 | Test - MRR: 0.3484 | *
[2026-03-11 14:46:07,581][root][INFO] - Epoch: 452 | Loss: 0.0015 | Val - MRR: 0.3534, MR:  161.02, H@1: 0.265, H@3: 0.384, H@10: 0.533 | 
[2026-03-11 14:47:46,817][root][INFO] - Epoch: 453 | Loss: 0.0015 | Val - MRR: 0.3530, MR:  160.49, H@1: 0.264, H@3: 0.384, H@10: 0.532 | 
[2026-03-11 14:49:26,414][root][INFO] - Epoch: 454 | Loss: 0.0015 | Val - MRR: 0.3532, MR:  160.24, H@1: 0.264, H@3: 0.385, H@10: 0.534 | 
[2026-03-11 14:51:07,305][root][INFO] - Epoch: 455 | Loss: 0.0015 | Val - MRR: 0.3527, MR:  160.80, H@1: 0.264, H@3: 0.384, H@10: 0.533 | 
[2026-03-11 14:52:46,437][root][INFO] - Epoch: 456 | Loss: 0.0015 | Val - MRR: 0.3529, MR:  160.52, H@1: 0.263, H@3: 0.385, H@10: 0.533 | 
[2026-03-11 14:54:27,508][root][INFO] - Epoch: 457 | Loss: 0.0015 | Val - MRR: 0.3532, MR:  160.70, H@1: 0.264, H@3: 0.386, H@10: 0.533 | 
[2026-03-11 14:56:08,575][root][INFO] - Epoch: 458 | Loss: 0.0015 | Val - MRR: 0.3535, MR:  161.04, H@1: 0.264, H@3: 0.385, H@10: 0.533 | 
[2026-03-11 14:58:04,620][root][INFO] - Epoch: 459 | Loss: 0.0015 | Val - MRR: 0.3542, MR:  161.25, H@1: 0.265, H@3: 0.386, H@10: 0.534 | Test - MRR: 0.3488 | *
[2026-03-11 14:59:45,340][root][INFO] - Epoch: 460 | Loss: 0.0015 | Val - MRR: 0.3539, MR:  161.21, H@1: 0.265, H@3: 0.385, H@10: 0.534 | 
[2026-03-11 15:01:24,291][root][INFO] - Epoch: 461 | Loss: 0.0015 | Val - MRR: 0.3541, MR:  160.97, H@1: 0.265, H@3: 0.387, H@10: 0.534 | 
[2026-03-11 15:03:03,661][root][INFO] - Epoch: 462 | Loss: 0.0015 | Val - MRR: 0.3536, MR:  161.49, H@1: 0.264, H@3: 0.386, H@10: 0.534 | 
[2026-03-11 15:04:42,786][root][INFO] - Epoch: 463 | Loss: 0.0015 | Val - MRR: 0.3541, MR:  161.48, H@1: 0.265, H@3: 0.386, H@10: 0.534 | 
[2026-03-11 15:06:39,157][root][INFO] - Epoch: 464 | Loss: 0.0015 | Val - MRR: 0.3546, MR:  161.21, H@1: 0.266, H@3: 0.386, H@10: 0.534 | Test - MRR: 0.3488 | *
[2026-03-11 15:08:34,217][root][INFO] - Epoch: 465 | Loss: 0.0015 | Val - MRR: 0.3547, MR:  160.85, H@1: 0.265, H@3: 0.387, H@10: 0.535 | Test - MRR: 0.3495 | *
[2026-03-11 15:10:14,902][root][INFO] - Epoch: 466 | Loss: 0.0015 | Val - MRR: 0.3544, MR:  160.40, H@1: 0.265, H@3: 0.387, H@10: 0.535 | 
[2026-03-11 15:11:54,516][root][INFO] - Epoch: 467 | Loss: 0.0015 | Val - MRR: 0.3545, MR:  159.98, H@1: 0.265, H@3: 0.388, H@10: 0.534 | 
[2026-03-11 15:13:34,334][root][INFO] - Epoch: 468 | Loss: 0.0015 | Val - MRR: 0.3542, MR:  160.80, H@1: 0.265, H@3: 0.387, H@10: 0.534 | 
[2026-03-11 15:15:14,254][root][INFO] - Epoch: 469 | Loss: 0.0015 | Val - MRR: 0.3537, MR:  161.40, H@1: 0.264, H@3: 0.387, H@10: 0.534 | 
[2026-03-11 15:16:55,856][root][INFO] - Epoch: 470 | Loss: 0.0015 | Val - MRR: 0.3541, MR:  161.02, H@1: 0.264, H@3: 0.386, H@10: 0.534 | 
[2026-03-11 15:18:34,648][root][INFO] - Epoch: 471 | Loss: 0.0015 | Val - MRR: 0.3543, MR:  160.84, H@1: 0.265, H@3: 0.386, H@10: 0.533 | 
[2026-03-11 15:20:14,902][root][INFO] - Epoch: 472 | Loss: 0.0015 | Val - MRR: 0.3539, MR:  160.60, H@1: 0.264, H@3: 0.386, H@10: 0.534 | 
[2026-03-11 15:21:54,100][root][INFO] - Epoch: 473 | Loss: 0.0015 | Val - MRR: 0.3541, MR:  161.40, H@1: 0.264, H@3: 0.387, H@10: 0.533 | 
[2026-03-11 15:23:35,265][root][INFO] - Epoch: 474 | Loss: 0.0015 | Val - MRR: 0.3541, MR:  161.57, H@1: 0.265, H@3: 0.386, H@10: 0.533 | 
[2026-03-11 15:25:15,462][root][INFO] - Epoch: 475 | Loss: 0.0015 | Val - MRR: 0.3542, MR:  160.82, H@1: 0.265, H@3: 0.385, H@10: 0.533 | 
[2026-03-11 15:26:54,764][root][INFO] - Epoch: 476 | Loss: 0.0015 | Val - MRR: 0.3532, MR:  160.75, H@1: 0.264, H@3: 0.385, H@10: 0.534 | 
[2026-03-11 15:28:35,095][root][INFO] - Epoch: 477 | Loss: 0.0015 | Val - MRR: 0.3534, MR:  161.21, H@1: 0.264, H@3: 0.385, H@10: 0.533 | 
[2026-03-11 15:30:16,113][root][INFO] - Epoch: 478 | Loss: 0.0015 | Val - MRR: 0.3534, MR:  160.89, H@1: 0.264, H@3: 0.386, H@10: 0.533 | 
[2026-03-11 15:31:56,856][root][INFO] - Epoch: 479 | Loss: 0.0015 | Val - MRR: 0.3533, MR:  160.87, H@1: 0.264, H@3: 0.386, H@10: 0.534 | 
[2026-03-11 15:33:36,241][root][INFO] - Epoch: 480 | Loss: 0.0015 | Val - MRR: 0.3537, MR:  161.14, H@1: 0.264, H@3: 0.386, H@10: 0.535 | 
[2026-03-11 15:35:16,423][root][INFO] - Epoch: 481 | Loss: 0.0015 | Val - MRR: 0.3539, MR:  160.63, H@1: 0.265, H@3: 0.385, H@10: 0.533 | 
[2026-03-11 15:36:55,430][root][INFO] - Epoch: 482 | Loss: 0.0015 | Val - MRR: 0.3537, MR:  160.81, H@1: 0.265, H@3: 0.385, H@10: 0.534 | 
[2026-03-11 15:38:35,130][root][INFO] - Epoch: 483 | Loss: 0.0015 | Val - MRR: 0.3534, MR:  161.65, H@1: 0.264, H@3: 0.385, H@10: 0.534 | 
[2026-03-11 15:40:15,523][root][INFO] - Epoch: 484 | Loss: 0.0015 | Val - MRR: 0.3545, MR:  160.69, H@1: 0.265, H@3: 0.386, H@10: 0.534 | 
[2026-03-11 15:41:55,255][root][INFO] - Epoch: 485 | Loss: 0.0015 | Val - MRR: 0.3543, MR:  160.73, H@1: 0.265, H@3: 0.386, H@10: 0.534 | 
[2026-03-11 15:43:34,364][root][INFO] - Epoch: 486 | Loss: 0.0015 | Val - MRR: 0.3544, MR:  160.44, H@1: 0.265, H@3: 0.386, H@10: 0.535 | 
[2026-03-11 15:45:15,315][root][INFO] - Epoch: 487 | Loss: 0.0015 | Val - MRR: 0.3544, MR:  160.97, H@1: 0.265, H@3: 0.387, H@10: 0.535 | 
[2026-03-11 15:46:55,345][root][INFO] - Epoch: 488 | Loss: 0.0015 | Val - MRR: 0.3540, MR:  160.27, H@1: 0.265, H@3: 0.386, H@10: 0.535 | 
[2026-03-11 15:48:35,549][root][INFO] - Epoch: 489 | Loss: 0.0015 | Val - MRR: 0.3539, MR:  160.90, H@1: 0.264, H@3: 0.386, H@10: 0.534 | 
[2026-03-11 15:50:14,532][root][INFO] - Epoch: 490 | Loss: 0.0015 | Val - MRR: 0.3541, MR:  159.76, H@1: 0.265, H@3: 0.386, H@10: 0.534 | 
[2026-03-11 15:51:53,896][root][INFO] - Epoch: 491 | Loss: 0.0015 | Val - MRR: 0.3533, MR:  160.84, H@1: 0.263, H@3: 0.386, H@10: 0.534 | 
[2026-03-11 15:53:34,724][root][INFO] - Epoch: 492 | Loss: 0.0015 | Val - MRR: 0.3539, MR:  160.36, H@1: 0.264, H@3: 0.386, H@10: 0.535 | 
[2026-03-11 15:55:14,519][root][INFO] - Epoch: 493 | Loss: 0.0015 | Val - MRR: 0.3538, MR:  159.58, H@1: 0.264, H@3: 0.386, H@10: 0.534 | 
[2026-03-11 15:56:54,570][root][INFO] - Epoch: 494 | Loss: 0.0015 | Val - MRR: 0.3539, MR:  160.48, H@1: 0.265, H@3: 0.385, H@10: 0.535 | 
[2026-03-11 15:58:34,349][root][INFO] - Epoch: 495 | Loss: 0.0015 | Val - MRR: 0.3542, MR:  160.58, H@1: 0.265, H@3: 0.386, H@10: 0.534 | 
[2026-03-11 16:00:14,032][root][INFO] - Epoch: 496 | Loss: 0.0015 | Val - MRR: 0.3539, MR:  159.98, H@1: 0.264, H@3: 0.386, H@10: 0.534 | 
[2026-03-11 16:01:53,681][root][INFO] - Epoch: 497 | Loss: 0.0015 | Val - MRR: 0.3541, MR:  160.99, H@1: 0.265, H@3: 0.386, H@10: 0.535 | 
[2026-03-11 16:03:34,367][root][INFO] - Epoch: 498 | Loss: 0.0015 | Val - MRR: 0.3540, MR:  160.83, H@1: 0.265, H@3: 0.386, H@10: 0.535 | 
[2026-03-11 16:05:14,744][root][INFO] - Epoch: 499 | Loss: 0.0015 | Val - MRR: 0.3541, MR:  160.64, H@1: 0.264, H@3: 0.386, H@10: 0.534 | 
[2026-03-11 16:06:54,357][root][INFO] - Epoch: 500 | Loss: 0.0015 | Val - MRR: 0.3542, MR:  160.48, H@1: 0.264, H@3: 0.387, H@10: 0.535 | 
[2026-03-11 16:08:34,320][root][INFO] - Epoch: 501 | Loss: 0.0015 | Val - MRR: 0.3540, MR:  160.40, H@1: 0.264, H@3: 0.387, H@10: 0.536 | 
[2026-03-11 16:10:13,693][root][INFO] - Epoch: 502 | Loss: 0.0015 | Val - MRR: 0.3542, MR:  160.41, H@1: 0.265, H@3: 0.387, H@10: 0.535 | 
[2026-03-11 16:11:52,749][root][INFO] - Epoch: 503 | Loss: 0.0015 | Val - MRR: 0.3538, MR:  161.02, H@1: 0.264, H@3: 0.387, H@10: 0.534 | 
[2026-03-11 16:13:33,252][root][INFO] - Epoch: 504 | Loss: 0.0015 | Val - MRR: 0.3543, MR:  160.80, H@1: 0.265, H@3: 0.387, H@10: 0.535 | 
[2026-03-11 16:15:12,871][root][INFO] - Epoch: 505 | Loss: 0.0015 | Val - MRR: 0.3542, MR:  160.12, H@1: 0.265, H@3: 0.387, H@10: 0.535 | 
[2026-03-11 16:16:52,461][root][INFO] - Epoch: 506 | Loss: 0.0015 | Val - MRR: 0.3539, MR:  160.69, H@1: 0.264, H@3: 0.387, H@10: 0.535 | 
[2026-03-11 16:18:32,088][root][INFO] - Epoch: 507 | Loss: 0.0015 | Val - MRR: 0.3547, MR:  160.12, H@1: 0.265, H@3: 0.387, H@10: 0.536 | 
[2026-03-11 16:20:11,134][root][INFO] - Epoch: 508 | Loss: 0.0015 | Val - MRR: 0.3546, MR:  160.46, H@1: 0.265, H@3: 0.387, H@10: 0.535 | 
[2026-03-11 16:21:51,053][root][INFO] - Epoch: 509 | Loss: 0.0015 | Val - MRR: 0.3544, MR:  160.59, H@1: 0.264, H@3: 0.387, H@10: 0.535 | 
[2026-03-11 16:23:31,706][root][INFO] - Epoch: 510 | Loss: 0.0015 | Val - MRR: 0.3543, MR:  161.80, H@1: 0.264, H@3: 0.387, H@10: 0.535 | 
[2026-03-11 16:25:12,875][root][INFO] - Epoch: 511 | Loss: 0.0015 | Val - MRR: 0.3543, MR:  160.99, H@1: 0.265, H@3: 0.387, H@10: 0.535 | 
[2026-03-11 16:25:12,875][root][INFO] - Long time no improvenment, stop training...
[2026-03-11 16:25:12,875][root][INFO] - Training end...
[2026-03-11 16:25:12,875][root][INFO] - Train metrics ...
[2026-03-11 16:26:19,680][root][INFO] - Train (head) - MRR: 0.4667, MR:   28.85, H@1: 0.340, H@3: 0.534, H@10: 0.713
[2026-03-11 16:26:19,680][root][INFO] - Train (tail) - MRR: 0.5725, MR:   18.82, H@1: 0.450, H@3: 0.646, H@10: 0.804
[2026-03-11 16:26:19,680][root][INFO] - Train (avg) - MRR: 0.5196, MR:   23.84, H@1: 0.395, H@3: 0.590, H@10: 0.759

[2026-03-11 16:26:19,680][root][INFO] - Valid metrics ...
[2026-03-11 16:26:35,082][root][INFO] - Valid (head) - MRR: 0.2534, MR:  212.73, H@1: 0.168, H@3: 0.277, H@10: 0.427
[2026-03-11 16:26:35,082][root][INFO] - Valid (tail) - MRR: 0.4553, MR:  109.26, H@1: 0.361, H@3: 0.496, H@10: 0.642
[2026-03-11 16:26:35,082][root][INFO] - Valid (avg) - MRR: 0.3543, MR:  160.99, H@1: 0.265, H@3: 0.387, H@10: 0.535

[2026-03-11 16:26:35,082][root][INFO] - Test metrics...
[2026-03-11 16:26:50,964][root][INFO] - Test (head) - MRR: 0.2514, MR:  223.10, H@1: 0.166, H@3: 0.274, H@10: 0.427
[2026-03-11 16:26:50,965][root][INFO] - Test (tail) - MRR: 0.4478, MR:  125.00, H@1: 0.353, H@3: 0.489, H@10: 0.636
[2026-03-11 16:26:50,965][root][INFO] - Test (avg) - MRR: 0.3496, MR:  174.05, H@1: 0.259, H@3: 0.382, H@10: 0.532

[2026-03-11 16:26:50,965][root][INFO] - Model save path: /home/wangwei/DSGNet-main/DSGNet/data/output/FB15k_237/2026-03-11/00-54-24
