[2026-03-10 01:59:46,311][root][INFO] - 
------Config------
 {'dataset': 'FB15k_237', 'epoch': 600, 'batch_size': 1024, 'learning_rate': 0.00035, 'h_dim': 480, 'pred_rel_w': False, 'label_smooth': 0.1, 'n_heads': 8, 'topk': 15, 'kg_layer': 2, 'rm_rate': 0.5, 'ent_drop': 0.3, 'rel_drop': 0.1, 'comp_op': 'mul', 'bn': False, 'k_h': 16, 'k_w': 30, 'conv_drop': 0.3, 'ent_drop_pred': 0.3, 'fc_drop': 0.5, 'ker_sz': 8, 'out_channel': 200, 'device': 1, 'max_no_improve': 45, 'cpu_worker_num': 10, 'warmup_epoch': 5}
[2026-03-10 01:59:46,311][root][INFO] - Code dir path: /home/wangwei/DSGNet-main/DSGNet/code_new
[2026-03-10 01:59:46,311][root][INFO] - Config dir path: /home/wangwei/DSGNet-main/DSGNet/config
[2026-03-10 01:59:46,311][root][INFO] - Model save path: /home/wangwei/DSGNet-main/DSGNet/data/output/FB15k_237/2026-03-10/01-59-46
[2026-03-10 01:59:50,701][root][INFO] - kg # node: 14541
[2026-03-10 01:59:50,701][root][INFO] - kg # edge: 544230
[2026-03-10 01:59:50,701][root][INFO] - kg # zero deg node: 36
[2026-03-10 01:59:50,701][root][INFO] - ---Load Train Data---
[2026-03-10 01:59:53,551][root][INFO] - -----Model Parameter Configuration-----
[2026-03-10 01:59:53,551][root][INFO] - Parameter ent_emb: torch.Size([14541, 480]), require_grad = True
[2026-03-10 01:59:53,551][root][INFO] - Parameter pred_rel_emb: torch.Size([474, 480]), require_grad = True
[2026-03-10 01:59:53,551][root][INFO] - Parameter W_fuse: torch.Size([480, 480]), require_grad = True
[2026-03-10 01:59:53,551][root][INFO] - Parameter a_fuse: torch.Size([960, 1]), require_grad = True
[2026-03-10 01:59:53,551][root][INFO] - Parameter rel_embs.0: torch.Size([474, 480]), require_grad = True
[2026-03-10 01:59:53,551][root][INFO] - Parameter rel_embs.1: torch.Size([474, 480]), require_grad = True
[2026-03-10 01:59:53,551][root][INFO] - Parameter predictor.bn0.weight: torch.Size([1]), require_grad = True
[2026-03-10 01:59:53,552][root][INFO] - Parameter predictor.bn0.bias: torch.Size([1]), require_grad = True
[2026-03-10 01:59:53,552][root][INFO] - Parameter predictor.bn1.weight: torch.Size([200]), require_grad = True
[2026-03-10 01:59:53,552][root][INFO] - Parameter predictor.bn1.bias: torch.Size([200]), require_grad = True
[2026-03-10 01:59:53,552][root][INFO] - Parameter predictor.bn2.weight: torch.Size([480]), require_grad = True
[2026-03-10 01:59:53,552][root][INFO] - Parameter predictor.bn2.bias: torch.Size([480]), require_grad = True
[2026-03-10 01:59:53,552][root][INFO] - Parameter predictor.conv.weight: torch.Size([200, 1, 8, 8]), require_grad = True
[2026-03-10 01:59:53,552][root][INFO] - Parameter predictor.fc.weight: torch.Size([480, 115000]), require_grad = True
[2026-03-10 01:59:53,552][root][INFO] - Parameter L.weight: torch.Size([480, 480]), require_grad = True
[2026-03-10 01:59:53,552][root][INFO] - Parameter L.bias: torch.Size([480]), require_grad = True
[2026-03-10 01:59:53,552][root][INFO] - Parameter S.weight: torch.Size([480, 480]), require_grad = True
[2026-03-10 01:59:53,552][root][INFO] - Parameter S.bias: torch.Size([480]), require_grad = True
[2026-03-10 01:59:53,552][root][INFO] - Parameter comp_layers.0.W: torch.Size([480, 480]), require_grad = True
[2026-03-10 01:59:53,552][root][INFO] - Parameter comp_layers.0.W_r: torch.Size([480, 480]), require_grad = True
[2026-03-10 01:59:53,552][root][INFO] - Parameter comp_layers.0.a: torch.Size([1440, 1]), require_grad = True
[2026-03-10 01:59:53,552][root][INFO] - Parameter comp_layers.0.neigh_w: torch.Size([480, 480]), require_grad = True
[2026-03-10 01:59:53,552][root][INFO] - Parameter comp_layers.1.W: torch.Size([480, 480]), require_grad = True
[2026-03-10 01:59:53,552][root][INFO] - Parameter comp_layers.1.W_r: torch.Size([480, 480]), require_grad = True
[2026-03-10 01:59:53,552][root][INFO] - Parameter comp_layers.1.a: torch.Size([1440, 1]), require_grad = True
[2026-03-10 01:59:53,552][root][INFO] - Parameter comp_layers.1.neigh_w: torch.Size([480, 480]), require_grad = True
[2026-03-10 01:59:54,467][root][INFO] - Training... total epoch: 600, step: 88200
[2026-03-10 02:01:55,481][root][INFO] - Epoch:   0 | Loss: 0.5776 | Val - MRR: 0.0122, MR: 6408.61, H@1: 0.003, H@3: 0.019, H@10: 0.022 | Test - MRR: 0.0124 | *
[2026-03-10 02:03:41,809][root][INFO] - Epoch:   1 | Loss: 0.0169 | Val - MRR: 0.0107, MR: 6566.80, H@1: 0.010, H@3: 0.010, H@10: 0.010 | 
[2026-03-10 02:05:42,499][root][INFO] - Epoch:   2 | Loss: 0.0035 | Val - MRR: 0.0144, MR: 5432.10, H@1: 0.010, H@3: 0.014, H@10: 0.018 | Test - MRR: 0.0142 | *
[2026-03-10 02:07:44,173][root][INFO] - Epoch:   3 | Loss: 0.0034 | Val - MRR: 0.0623, MR: 4363.39, H@1: 0.056, H@3: 0.064, H@10: 0.067 | Test - MRR: 0.0602 | *
[2026-03-10 02:09:46,612][root][INFO] - Epoch:   4 | Loss: 0.0032 | Val - MRR: 0.0824, MR: 3611.46, H@1: 0.072, H@3: 0.085, H@10: 0.096 | Test - MRR: 0.0812 | *
[2026-03-10 02:11:47,631][root][INFO] - Epoch:   5 | Loss: 0.0031 | Val - MRR: 0.1026, MR: 3139.70, H@1: 0.085, H@3: 0.107, H@10: 0.129 | Test - MRR: 0.1012 | *
[2026-03-10 02:13:48,936][root][INFO] - Epoch:   6 | Loss: 0.0028 | Val - MRR: 0.1187, MR: 2784.21, H@1: 0.092, H@3: 0.127, H@10: 0.169 | Test - MRR: 0.1180 | *
[2026-03-10 02:15:53,083][root][INFO] - Epoch:   7 | Loss: 0.0028 | Val - MRR: 0.1343, MR: 2465.96, H@1: 0.103, H@3: 0.144, H@10: 0.194 | Test - MRR: 0.1338 | *
[2026-03-10 02:17:55,414][root][INFO] - Epoch:   8 | Loss: 0.0028 | Val - MRR: 0.1440, MR: 2218.71, H@1: 0.109, H@3: 0.154, H@10: 0.214 | Test - MRR: 0.1436 | *
[2026-03-10 02:19:56,783][root][INFO] - Epoch:   9 | Loss: 0.0026 | Val - MRR: 0.1535, MR: 1937.57, H@1: 0.115, H@3: 0.166, H@10: 0.228 | Test - MRR: 0.1532 | *
[2026-03-10 02:21:58,124][root][INFO] - Epoch:  10 | Loss: 0.0026 | Val - MRR: 0.1621, MR: 1623.72, H@1: 0.122, H@3: 0.173, H@10: 0.238 | Test - MRR: 0.1613 | *
[2026-03-10 02:23:59,815][root][INFO] - Epoch:  11 | Loss: 0.0026 | Val - MRR: 0.1690, MR: 1347.81, H@1: 0.126, H@3: 0.181, H@10: 0.252 | Test - MRR: 0.1680 | *
[2026-03-10 02:26:01,684][root][INFO] - Epoch:  12 | Loss: 0.0026 | Val - MRR: 0.1791, MR: 1142.47, H@1: 0.132, H@3: 0.193, H@10: 0.267 | Test - MRR: 0.1779 | *
[2026-03-10 02:28:03,614][root][INFO] - Epoch:  13 | Loss: 0.0025 | Val - MRR: 0.1853, MR: 1016.52, H@1: 0.136, H@3: 0.200, H@10: 0.280 | Test - MRR: 0.1840 | *
[2026-03-10 02:30:07,834][root][INFO] - Epoch:  14 | Loss: 0.0024 | Val - MRR: 0.1939, MR:  893.60, H@1: 0.143, H@3: 0.210, H@10: 0.291 | Test - MRR: 0.1916 | *
[2026-03-10 02:32:11,680][root][INFO] - Epoch:  15 | Loss: 0.0024 | Val - MRR: 0.1994, MR:  838.01, H@1: 0.148, H@3: 0.215, H@10: 0.298 | Test - MRR: 0.1964 | *
[2026-03-10 02:34:15,792][root][INFO] - Epoch:  16 | Loss: 0.0023 | Val - MRR: 0.2039, MR:  767.18, H@1: 0.151, H@3: 0.220, H@10: 0.305 | Test - MRR: 0.2012 | *
[2026-03-10 02:36:20,483][root][INFO] - Epoch:  17 | Loss: 0.0024 | Val - MRR: 0.2069, MR:  724.44, H@1: 0.152, H@3: 0.224, H@10: 0.312 | Test - MRR: 0.2039 | *
[2026-03-10 02:38:23,680][root][INFO] - Epoch:  18 | Loss: 0.0023 | Val - MRR: 0.2076, MR:  681.08, H@1: 0.153, H@3: 0.223, H@10: 0.313 | Test - MRR: 0.2055 | *
[2026-03-10 02:40:25,708][root][INFO] - Epoch:  19 | Loss: 0.0023 | Val - MRR: 0.2115, MR:  649.34, H@1: 0.156, H@3: 0.229, H@10: 0.319 | Test - MRR: 0.2090 | *
[2026-03-10 02:42:31,478][root][INFO] - Epoch:  20 | Loss: 0.0022 | Val - MRR: 0.2143, MR:  619.01, H@1: 0.157, H@3: 0.232, H@10: 0.325 | Test - MRR: 0.2127 | *
[2026-03-10 02:44:36,435][root][INFO] - Epoch:  21 | Loss: 0.0022 | Val - MRR: 0.2175, MR:  579.24, H@1: 0.161, H@3: 0.234, H@10: 0.328 | Test - MRR: 0.2155 | *
[2026-03-10 02:46:43,576][root][INFO] - Epoch:  22 | Loss: 0.0022 | Val - MRR: 0.2193, MR:  562.87, H@1: 0.161, H@3: 0.237, H@10: 0.332 | Test - MRR: 0.2177 | *
[2026-03-10 02:48:47,217][root][INFO] - Epoch:  23 | Loss: 0.0022 | Val - MRR: 0.2211, MR:  544.14, H@1: 0.162, H@3: 0.240, H@10: 0.336 | Test - MRR: 0.2201 | *
[2026-03-10 02:50:51,386][root][INFO] - Epoch:  24 | Loss: 0.0022 | Val - MRR: 0.2254, MR:  521.88, H@1: 0.166, H@3: 0.244, H@10: 0.340 | Test - MRR: 0.2231 | *
[2026-03-10 02:52:53,373][root][INFO] - Epoch:  25 | Loss: 0.0021 | Val - MRR: 0.2274, MR:  503.09, H@1: 0.167, H@3: 0.246, H@10: 0.345 | Test - MRR: 0.2250 | *
[2026-03-10 02:54:56,805][root][INFO] - Epoch:  26 | Loss: 0.0021 | Val - MRR: 0.2285, MR:  482.99, H@1: 0.167, H@3: 0.247, H@10: 0.347 | Test - MRR: 0.2263 | *
[2026-03-10 02:57:01,916][root][INFO] - Epoch:  27 | Loss: 0.0021 | Val - MRR: 0.2314, MR:  468.51, H@1: 0.170, H@3: 0.251, H@10: 0.350 | Test - MRR: 0.2291 | *
[2026-03-10 02:59:05,227][root][INFO] - Epoch:  28 | Loss: 0.0021 | Val - MRR: 0.2341, MR:  457.92, H@1: 0.172, H@3: 0.252, H@10: 0.354 | Test - MRR: 0.2313 | *
[2026-03-10 03:01:08,476][root][INFO] - Epoch:  29 | Loss: 0.0020 | Val - MRR: 0.2353, MR:  440.92, H@1: 0.173, H@3: 0.255, H@10: 0.357 | Test - MRR: 0.2330 | *
[2026-03-10 03:03:11,318][root][INFO] - Epoch:  30 | Loss: 0.0021 | Val - MRR: 0.2362, MR:  432.09, H@1: 0.174, H@3: 0.255, H@10: 0.357 | Test - MRR: 0.2336 | *
[2026-03-10 03:05:14,725][root][INFO] - Epoch:  31 | Loss: 0.0021 | Val - MRR: 0.2378, MR:  419.72, H@1: 0.175, H@3: 0.257, H@10: 0.360 | Test - MRR: 0.2361 | *
[2026-03-10 03:07:18,009][root][INFO] - Epoch:  32 | Loss: 0.0020 | Val - MRR: 0.2379, MR:  410.66, H@1: 0.175, H@3: 0.256, H@10: 0.360 | Test - MRR: 0.2358 | *
[2026-03-10 03:09:20,657][root][INFO] - Epoch:  33 | Loss: 0.0020 | Val - MRR: 0.2392, MR:  404.48, H@1: 0.174, H@3: 0.261, H@10: 0.363 | Test - MRR: 0.2379 | *
[2026-03-10 03:11:26,905][root][INFO] - Epoch:  34 | Loss: 0.0020 | Val - MRR: 0.2410, MR:  391.42, H@1: 0.176, H@3: 0.261, H@10: 0.365 | Test - MRR: 0.2395 | *
[2026-03-10 03:13:30,699][root][INFO] - Epoch:  35 | Loss: 0.0020 | Val - MRR: 0.2435, MR:  382.42, H@1: 0.179, H@3: 0.264, H@10: 0.369 | Test - MRR: 0.2416 | *
[2026-03-10 03:15:35,130][root][INFO] - Epoch:  36 | Loss: 0.0020 | Val - MRR: 0.2461, MR:  371.70, H@1: 0.180, H@3: 0.267, H@10: 0.372 | Test - MRR: 0.2445 | *
[2026-03-10 03:17:38,613][root][INFO] - Epoch:  37 | Loss: 0.0020 | Val - MRR: 0.2478, MR:  365.79, H@1: 0.183, H@3: 0.267, H@10: 0.374 | Test - MRR: 0.2463 | *
[2026-03-10 03:19:42,543][root][INFO] - Epoch:  38 | Loss: 0.0019 | Val - MRR: 0.2489, MR:  355.39, H@1: 0.182, H@3: 0.270, H@10: 0.379 | Test - MRR: 0.2478 | *
[2026-03-10 03:21:48,171][root][INFO] - Epoch:  39 | Loss: 0.0020 | Val - MRR: 0.2509, MR:  346.74, H@1: 0.183, H@3: 0.273, H@10: 0.381 | Test - MRR: 0.2495 | *
[2026-03-10 03:23:52,038][root][INFO] - Epoch:  40 | Loss: 0.0019 | Val - MRR: 0.2518, MR:  343.87, H@1: 0.184, H@3: 0.273, H@10: 0.382 | Test - MRR: 0.2502 | *
[2026-03-10 03:25:56,504][root][INFO] - Epoch:  41 | Loss: 0.0019 | Val - MRR: 0.2552, MR:  333.81, H@1: 0.187, H@3: 0.275, H@10: 0.386 | Test - MRR: 0.2541 | *
[2026-03-10 03:27:59,116][root][INFO] - Epoch:  42 | Loss: 0.0019 | Val - MRR: 0.2568, MR:  327.78, H@1: 0.188, H@3: 0.279, H@10: 0.389 | Test - MRR: 0.2542 | *
[2026-03-10 03:30:03,685][root][INFO] - Epoch:  43 | Loss: 0.0018 | Val - MRR: 0.2580, MR:  322.59, H@1: 0.189, H@3: 0.281, H@10: 0.392 | Test - MRR: 0.2561 | *
[2026-03-10 03:32:08,899][root][INFO] - Epoch:  44 | Loss: 0.0019 | Val - MRR: 0.2594, MR:  318.62, H@1: 0.190, H@3: 0.282, H@10: 0.394 | Test - MRR: 0.2581 | *
[2026-03-10 03:34:14,195][root][INFO] - Epoch:  45 | Loss: 0.0019 | Val - MRR: 0.2615, MR:  311.66, H@1: 0.192, H@3: 0.284, H@10: 0.397 | Test - MRR: 0.2594 | *
[2026-03-10 03:36:17,136][root][INFO] - Epoch:  46 | Loss: 0.0019 | Val - MRR: 0.2623, MR:  304.99, H@1: 0.192, H@3: 0.285, H@10: 0.399 | Test - MRR: 0.2600 | *
[2026-03-10 03:38:20,528][root][INFO] - Epoch:  47 | Loss: 0.0018 | Val - MRR: 0.2648, MR:  299.82, H@1: 0.194, H@3: 0.288, H@10: 0.404 | Test - MRR: 0.2633 | *
[2026-03-10 03:40:23,848][root][INFO] - Epoch:  48 | Loss: 0.0018 | Val - MRR: 0.2674, MR:  294.19, H@1: 0.196, H@3: 0.292, H@10: 0.406 | Test - MRR: 0.2659 | *
[2026-03-10 03:42:30,760][root][INFO] - Epoch:  49 | Loss: 0.0018 | Val - MRR: 0.2683, MR:  289.92, H@1: 0.195, H@3: 0.293, H@10: 0.410 | Test - MRR: 0.2666 | *
[2026-03-10 03:44:36,716][root][INFO] - Epoch:  50 | Loss: 0.0018 | Val - MRR: 0.2725, MR:  279.91, H@1: 0.200, H@3: 0.295, H@10: 0.413 | Test - MRR: 0.2715 | *
[2026-03-10 03:46:40,964][root][INFO] - Epoch:  51 | Loss: 0.0018 | Val - MRR: 0.2737, MR:  280.29, H@1: 0.201, H@3: 0.297, H@10: 0.416 | Test - MRR: 0.2711 | *
[2026-03-10 03:48:41,473][root][INFO] - Epoch:  52 | Loss: 0.0018 | Val - MRR: 0.2769, MR:  275.76, H@1: 0.204, H@3: 0.300, H@10: 0.419 | Test - MRR: 0.2737 | *
[2026-03-10 03:50:43,491][root][INFO] - Epoch:  53 | Loss: 0.0018 | Val - MRR: 0.2770, MR:  271.57, H@1: 0.204, H@3: 0.302, H@10: 0.420 | Test - MRR: 0.2755 | *
[2026-03-10 03:52:52,741][root][INFO] - Epoch:  54 | Loss: 0.0017 | Val - MRR: 0.2794, MR:  263.11, H@1: 0.205, H@3: 0.303, H@10: 0.425 | Test - MRR: 0.2776 | *
[2026-03-10 03:54:55,014][root][INFO] - Epoch:  55 | Loss: 0.0017 | Val - MRR: 0.2826, MR:  256.29, H@1: 0.208, H@3: 0.306, H@10: 0.427 | Test - MRR: 0.2797 | *
[2026-03-10 03:56:56,674][root][INFO] - Epoch:  56 | Loss: 0.0017 | Val - MRR: 0.2844, MR:  255.92, H@1: 0.210, H@3: 0.308, H@10: 0.430 | Test - MRR: 0.2819 | *
[2026-03-10 03:58:59,293][root][INFO] - Epoch:  57 | Loss: 0.0017 | Val - MRR: 0.2852, MR:  251.23, H@1: 0.210, H@3: 0.309, H@10: 0.432 | Test - MRR: 0.2820 | *
[2026-03-10 04:01:00,455][root][INFO] - Epoch:  58 | Loss: 0.0017 | Val - MRR: 0.2871, MR:  241.52, H@1: 0.212, H@3: 0.310, H@10: 0.436 | Test - MRR: 0.2845 | *
[2026-03-10 04:03:02,600][root][INFO] - Epoch:  59 | Loss: 0.0017 | Val - MRR: 0.2906, MR:  239.28, H@1: 0.216, H@3: 0.313, H@10: 0.440 | Test - MRR: 0.2867 | *
[2026-03-10 04:05:03,439][root][INFO] - Epoch:  60 | Loss: 0.0017 | Val - MRR: 0.2918, MR:  233.09, H@1: 0.216, H@3: 0.317, H@10: 0.441 | Test - MRR: 0.2895 | *
[2026-03-10 04:07:06,720][root][INFO] - Epoch:  61 | Loss: 0.0017 | Val - MRR: 0.2940, MR:  229.18, H@1: 0.218, H@3: 0.319, H@10: 0.447 | Test - MRR: 0.2912 | *
[2026-03-10 04:09:07,799][root][INFO] - Epoch:  62 | Loss: 0.0017 | Val - MRR: 0.2970, MR:  230.11, H@1: 0.221, H@3: 0.322, H@10: 0.448 | Test - MRR: 0.2933 | *
[2026-03-10 04:11:09,657][root][INFO] - Epoch:  63 | Loss: 0.0017 | Val - MRR: 0.2991, MR:  222.75, H@1: 0.222, H@3: 0.323, H@10: 0.453 | Test - MRR: 0.2960 | *
[2026-03-10 04:12:55,877][root][INFO] - Epoch:  64 | Loss: 0.0016 | Val - MRR: 0.2990, MR:  218.77, H@1: 0.222, H@3: 0.323, H@10: 0.452 | 
[2026-03-10 04:14:57,197][root][INFO] - Epoch:  65 | Loss: 0.0017 | Val - MRR: 0.3012, MR:  222.34, H@1: 0.223, H@3: 0.327, H@10: 0.455 | Test - MRR: 0.2989 | *
[2026-03-10 04:17:01,123][root][INFO] - Epoch:  66 | Loss: 0.0017 | Val - MRR: 0.3028, MR:  211.17, H@1: 0.225, H@3: 0.327, H@10: 0.459 | Test - MRR: 0.3007 | *
[2026-03-10 04:19:02,766][root][INFO] - Epoch:  67 | Loss: 0.0016 | Val - MRR: 0.3054, MR:  211.44, H@1: 0.228, H@3: 0.330, H@10: 0.460 | Test - MRR: 0.3009 | *
[2026-03-10 04:21:05,326][root][INFO] - Epoch:  68 | Loss: 0.0016 | Val - MRR: 0.3063, MR:  212.24, H@1: 0.229, H@3: 0.330, H@10: 0.464 | Test - MRR: 0.3019 | *
[2026-03-10 04:23:07,728][root][INFO] - Epoch:  69 | Loss: 0.0016 | Val - MRR: 0.3074, MR:  204.40, H@1: 0.228, H@3: 0.334, H@10: 0.464 | Test - MRR: 0.3041 | *
[2026-03-10 04:25:09,874][root][INFO] - Epoch:  70 | Loss: 0.0016 | Val - MRR: 0.3093, MR:  205.98, H@1: 0.230, H@3: 0.335, H@10: 0.468 | Test - MRR: 0.3054 | *
[2026-03-10 04:27:09,236][root][INFO] - Epoch:  71 | Loss: 0.0016 | Val - MRR: 0.3114, MR:  199.43, H@1: 0.232, H@3: 0.337, H@10: 0.469 | Test - MRR: 0.3081 | *
[2026-03-10 04:29:09,691][root][INFO] - Epoch:  72 | Loss: 0.0016 | Val - MRR: 0.3118, MR:  197.58, H@1: 0.231, H@3: 0.337, H@10: 0.471 | Test - MRR: 0.3086 | *
[2026-03-10 04:31:09,269][root][INFO] - Epoch:  73 | Loss: 0.0016 | Val - MRR: 0.3145, MR:  194.36, H@1: 0.233, H@3: 0.344, H@10: 0.476 | Test - MRR: 0.3109 | *
[2026-03-10 04:33:09,711][root][INFO] - Epoch:  74 | Loss: 0.0016 | Val - MRR: 0.3155, MR:  195.41, H@1: 0.235, H@3: 0.341, H@10: 0.476 | Test - MRR: 0.3118 | *
[2026-03-10 04:35:09,918][root][INFO] - Epoch:  75 | Loss: 0.0016 | Val - MRR: 0.3174, MR:  192.53, H@1: 0.236, H@3: 0.344, H@10: 0.480 | Test - MRR: 0.3144 | *
[2026-03-10 04:37:11,726][root][INFO] - Epoch:  76 | Loss: 0.0016 | Val - MRR: 0.3189, MR:  189.91, H@1: 0.237, H@3: 0.347, H@10: 0.482 | Test - MRR: 0.3153 | *
[2026-03-10 04:39:12,630][root][INFO] - Epoch:  77 | Loss: 0.0016 | Val - MRR: 0.3205, MR:  187.91, H@1: 0.238, H@3: 0.349, H@10: 0.485 | Test - MRR: 0.3158 | *
[2026-03-10 04:41:11,324][root][INFO] - Epoch:  78 | Loss: 0.0016 | Val - MRR: 0.3230, MR:  184.47, H@1: 0.240, H@3: 0.351, H@10: 0.487 | Test - MRR: 0.3185 | *
[2026-03-10 04:43:11,406][root][INFO] - Epoch:  79 | Loss: 0.0016 | Val - MRR: 0.3233, MR:  187.16, H@1: 0.241, H@3: 0.352, H@10: 0.488 | Test - MRR: 0.3186 | *
[2026-03-10 04:45:10,933][root][INFO] - Epoch:  80 | Loss: 0.0016 | Val - MRR: 0.3244, MR:  187.92, H@1: 0.242, H@3: 0.352, H@10: 0.490 | Test - MRR: 0.3198 | *
[2026-03-10 04:47:10,583][root][INFO] - Epoch:  81 | Loss: 0.0016 | Val - MRR: 0.3262, MR:  185.95, H@1: 0.243, H@3: 0.356, H@10: 0.492 | Test - MRR: 0.3206 | *
[2026-03-10 04:48:53,723][root][INFO] - Epoch:  82 | Loss: 0.0015 | Val - MRR: 0.3261, MR:  179.38, H@1: 0.242, H@3: 0.356, H@10: 0.492 | 
[2026-03-10 04:50:54,690][root][INFO] - Epoch:  83 | Loss: 0.0015 | Val - MRR: 0.3293, MR:  179.61, H@1: 0.246, H@3: 0.359, H@10: 0.496 | Test - MRR: 0.3239 | *
[2026-03-10 04:52:53,864][root][INFO] - Epoch:  84 | Loss: 0.0015 | Val - MRR: 0.3295, MR:  180.29, H@1: 0.246, H@3: 0.360, H@10: 0.495 | Test - MRR: 0.3254 | *
[2026-03-10 04:54:51,994][root][INFO] - Epoch:  85 | Loss: 0.0015 | Val - MRR: 0.3296, MR:  178.28, H@1: 0.246, H@3: 0.359, H@10: 0.497 | Test - MRR: 0.3254 | *
[2026-03-10 04:56:51,850][root][INFO] - Epoch:  86 | Loss: 0.0015 | Val - MRR: 0.3316, MR:  175.81, H@1: 0.248, H@3: 0.361, H@10: 0.498 | Test - MRR: 0.3269 | *
[2026-03-10 04:58:34,132][root][INFO] - Epoch:  87 | Loss: 0.0015 | Val - MRR: 0.3316, MR:  173.35, H@1: 0.247, H@3: 0.361, H@10: 0.499 | 
[2026-03-10 05:00:32,939][root][INFO] - Epoch:  88 | Loss: 0.0015 | Val - MRR: 0.3323, MR:  175.90, H@1: 0.248, H@3: 0.361, H@10: 0.501 | Test - MRR: 0.3286 | *
[2026-03-10 05:02:32,537][root][INFO] - Epoch:  89 | Loss: 0.0015 | Val - MRR: 0.3330, MR:  173.52, H@1: 0.248, H@3: 0.362, H@10: 0.502 | Test - MRR: 0.3292 | *
[2026-03-10 05:04:31,226][root][INFO] - Epoch:  90 | Loss: 0.0015 | Val - MRR: 0.3335, MR:  176.21, H@1: 0.249, H@3: 0.362, H@10: 0.503 | Test - MRR: 0.3295 | *
[2026-03-10 05:06:29,454][root][INFO] - Epoch:  91 | Loss: 0.0015 | Val - MRR: 0.3356, MR:  173.20, H@1: 0.251, H@3: 0.364, H@10: 0.505 | Test - MRR: 0.3312 | *
[2026-03-10 05:08:27,870][root][INFO] - Epoch:  92 | Loss: 0.0015 | Val - MRR: 0.3371, MR:  170.57, H@1: 0.252, H@3: 0.366, H@10: 0.510 | Test - MRR: 0.3331 | *
[2026-03-10 05:10:10,822][root][INFO] - Epoch:  93 | Loss: 0.0015 | Val - MRR: 0.3366, MR:  171.22, H@1: 0.251, H@3: 0.367, H@10: 0.509 | 
[2026-03-10 05:12:08,139][root][INFO] - Epoch:  94 | Loss: 0.0015 | Val - MRR: 0.3381, MR:  170.94, H@1: 0.252, H@3: 0.368, H@10: 0.509 | Test - MRR: 0.3337 | *
[2026-03-10 05:14:06,770][root][INFO] - Epoch:  95 | Loss: 0.0015 | Val - MRR: 0.3388, MR:  172.09, H@1: 0.253, H@3: 0.368, H@10: 0.511 | Test - MRR: 0.3349 | *
[2026-03-10 05:16:04,354][root][INFO] - Epoch:  96 | Loss: 0.0015 | Val - MRR: 0.3394, MR:  169.48, H@1: 0.253, H@3: 0.371, H@10: 0.511 | Test - MRR: 0.3348 | *
[2026-03-10 05:18:03,123][root][INFO] - Epoch:  97 | Loss: 0.0015 | Val - MRR: 0.3403, MR:  169.22, H@1: 0.254, H@3: 0.371, H@10: 0.513 | Test - MRR: 0.3361 | *
[2026-03-10 05:20:01,497][root][INFO] - Epoch:  98 | Loss: 0.0015 | Val - MRR: 0.3404, MR:  168.37, H@1: 0.254, H@3: 0.372, H@10: 0.514 | Test - MRR: 0.3364 | *
[2026-03-10 05:21:59,983][root][INFO] - Epoch:  99 | Loss: 0.0015 | Val - MRR: 0.3413, MR:  167.80, H@1: 0.254, H@3: 0.372, H@10: 0.516 | Test - MRR: 0.3376 | *
[2026-03-10 05:23:59,420][root][INFO] - Epoch: 100 | Loss: 0.0015 | Val - MRR: 0.3427, MR:  167.72, H@1: 0.256, H@3: 0.374, H@10: 0.516 | Test - MRR: 0.3380 | *
[2026-03-10 05:25:39,762][root][INFO] - Epoch: 101 | Loss: 0.0015 | Val - MRR: 0.3426, MR:  169.98, H@1: 0.256, H@3: 0.374, H@10: 0.517 | 
[2026-03-10 05:27:36,785][root][INFO] - Epoch: 102 | Loss: 0.0015 | Val - MRR: 0.3435, MR:  170.03, H@1: 0.257, H@3: 0.375, H@10: 0.518 | Test - MRR: 0.3391 | *
[2026-03-10 05:29:34,011][root][INFO] - Epoch: 103 | Loss: 0.0015 | Val - MRR: 0.3438, MR:  166.54, H@1: 0.257, H@3: 0.376, H@10: 0.518 | Test - MRR: 0.3395 | *
[2026-03-10 05:31:34,383][root][INFO] - Epoch: 104 | Loss: 0.0015 | Val - MRR: 0.3444, MR:  164.71, H@1: 0.257, H@3: 0.376, H@10: 0.518 | Test - MRR: 0.3400 | *
[2026-03-10 05:33:32,691][root][INFO] - Epoch: 105 | Loss: 0.0015 | Val - MRR: 0.3455, MR:  168.66, H@1: 0.259, H@3: 0.376, H@10: 0.519 | Test - MRR: 0.3410 | *
[2026-03-10 05:35:15,243][root][INFO] - Epoch: 106 | Loss: 0.0015 | Val - MRR: 0.3454, MR:  166.31, H@1: 0.258, H@3: 0.377, H@10: 0.520 | 
[2026-03-10 05:37:15,059][root][INFO] - Epoch: 107 | Loss: 0.0015 | Val - MRR: 0.3476, MR:  162.94, H@1: 0.261, H@3: 0.379, H@10: 0.520 | Test - MRR: 0.3424 | *
[2026-03-10 05:38:56,019][root][INFO] - Epoch: 108 | Loss: 0.0015 | Val - MRR: 0.3472, MR:  165.21, H@1: 0.261, H@3: 0.377, H@10: 0.523 | 
[2026-03-10 05:40:39,506][root][INFO] - Epoch: 109 | Loss: 0.0015 | Val - MRR: 0.3475, MR:  165.36, H@1: 0.260, H@3: 0.378, H@10: 0.524 | 
[2026-03-10 05:42:20,969][root][INFO] - Epoch: 110 | Loss: 0.0015 | Val - MRR: 0.3471, MR:  162.39, H@1: 0.259, H@3: 0.380, H@10: 0.524 | 
[2026-03-10 05:44:18,859][root][INFO] - Epoch: 111 | Loss: 0.0015 | Val - MRR: 0.3476, MR:  163.07, H@1: 0.260, H@3: 0.379, H@10: 0.523 | Test - MRR: 0.3426 | *
[2026-03-10 05:46:16,192][root][INFO] - Epoch: 112 | Loss: 0.0015 | Val - MRR: 0.3477, MR:  161.50, H@1: 0.259, H@3: 0.380, H@10: 0.523 | Test - MRR: 0.3428 | *
[2026-03-10 05:48:14,230][root][INFO] - Epoch: 113 | Loss: 0.0014 | Val - MRR: 0.3486, MR:  162.07, H@1: 0.261, H@3: 0.379, H@10: 0.525 | Test - MRR: 0.3442 | *
[2026-03-10 05:50:13,566][root][INFO] - Epoch: 114 | Loss: 0.0015 | Val - MRR: 0.3488, MR:  160.42, H@1: 0.261, H@3: 0.381, H@10: 0.526 | Test - MRR: 0.3444 | *
[2026-03-10 05:51:56,808][root][INFO] - Epoch: 115 | Loss: 0.0015 | Val - MRR: 0.3484, MR:  160.49, H@1: 0.259, H@3: 0.382, H@10: 0.526 | 
[2026-03-10 05:53:56,089][root][INFO] - Epoch: 116 | Loss: 0.0014 | Val - MRR: 0.3493, MR:  162.43, H@1: 0.260, H@3: 0.382, H@10: 0.527 | Test - MRR: 0.3460 | *
[2026-03-10 05:55:54,242][root][INFO] - Epoch: 117 | Loss: 0.0014 | Val - MRR: 0.3502, MR:  163.72, H@1: 0.262, H@3: 0.382, H@10: 0.527 | Test - MRR: 0.3458 | *
[2026-03-10 05:57:37,279][root][INFO] - Epoch: 118 | Loss: 0.0014 | Val - MRR: 0.3500, MR:  160.78, H@1: 0.261, H@3: 0.382, H@10: 0.528 | 
[2026-03-10 05:59:35,018][root][INFO] - Epoch: 119 | Loss: 0.0014 | Val - MRR: 0.3507, MR:  160.46, H@1: 0.262, H@3: 0.383, H@10: 0.529 | Test - MRR: 0.3455 | *
[2026-03-10 06:01:33,313][root][INFO] - Epoch: 120 | Loss: 0.0014 | Val - MRR: 0.3514, MR:  160.34, H@1: 0.264, H@3: 0.382, H@10: 0.527 | Test - MRR: 0.3462 | *
[2026-03-10 06:03:31,890][root][INFO] - Epoch: 121 | Loss: 0.0014 | Val - MRR: 0.3515, MR:  162.33, H@1: 0.262, H@3: 0.385, H@10: 0.530 | Test - MRR: 0.3468 | *
[2026-03-10 06:05:31,172][root][INFO] - Epoch: 122 | Loss: 0.0014 | Val - MRR: 0.3520, MR:  161.73, H@1: 0.263, H@3: 0.385, H@10: 0.530 | Test - MRR: 0.3471 | *
[2026-03-10 06:07:29,662][root][INFO] - Epoch: 123 | Loss: 0.0014 | Val - MRR: 0.3524, MR:  161.03, H@1: 0.264, H@3: 0.384, H@10: 0.532 | Test - MRR: 0.3473 | *
[2026-03-10 06:09:27,576][root][INFO] - Epoch: 124 | Loss: 0.0014 | Val - MRR: 0.3531, MR:  160.71, H@1: 0.264, H@3: 0.386, H@10: 0.533 | Test - MRR: 0.3476 | *
[2026-03-10 06:11:26,103][root][INFO] - Epoch: 125 | Loss: 0.0014 | Val - MRR: 0.3531, MR:  160.99, H@1: 0.264, H@3: 0.387, H@10: 0.534 | Test - MRR: 0.3482 | *
[2026-03-10 06:13:24,663][root][INFO] - Epoch: 126 | Loss: 0.0014 | Val - MRR: 0.3532, MR:  156.37, H@1: 0.264, H@3: 0.385, H@10: 0.533 | Test - MRR: 0.3490 | *
[2026-03-10 06:15:05,593][root][INFO] - Epoch: 127 | Loss: 0.0014 | Val - MRR: 0.3529, MR:  162.05, H@1: 0.263, H@3: 0.385, H@10: 0.533 | 
[2026-03-10 06:16:49,258][root][INFO] - Epoch: 128 | Loss: 0.0014 | Val - MRR: 0.3529, MR:  163.31, H@1: 0.264, H@3: 0.385, H@10: 0.532 | 
[2026-03-10 06:18:48,490][root][INFO] - Epoch: 129 | Loss: 0.0014 | Val - MRR: 0.3534, MR:  160.29, H@1: 0.264, H@3: 0.387, H@10: 0.533 | Test - MRR: 0.3500 | *
[2026-03-10 06:20:45,551][root][INFO] - Epoch: 130 | Loss: 0.0014 | Val - MRR: 0.3548, MR:  161.02, H@1: 0.266, H@3: 0.388, H@10: 0.534 | Test - MRR: 0.3495 | *
[2026-03-10 06:22:28,159][root][INFO] - Epoch: 131 | Loss: 0.0014 | Val - MRR: 0.3541, MR:  158.01, H@1: 0.264, H@3: 0.388, H@10: 0.534 | 
[2026-03-10 06:24:10,865][root][INFO] - Epoch: 132 | Loss: 0.0014 | Val - MRR: 0.3544, MR:  159.75, H@1: 0.265, H@3: 0.387, H@10: 0.536 | 
[2026-03-10 06:26:09,547][root][INFO] - Epoch: 133 | Loss: 0.0014 | Val - MRR: 0.3556, MR:  157.79, H@1: 0.266, H@3: 0.389, H@10: 0.536 | Test - MRR: 0.3508 | *
[2026-03-10 06:27:52,332][root][INFO] - Epoch: 134 | Loss: 0.0014 | Val - MRR: 0.3550, MR:  159.38, H@1: 0.265, H@3: 0.389, H@10: 0.537 | 
[2026-03-10 06:29:51,363][root][INFO] - Epoch: 135 | Loss: 0.0014 | Val - MRR: 0.3561, MR:  159.77, H@1: 0.266, H@3: 0.390, H@10: 0.537 | Test - MRR: 0.3517 | *
[2026-03-10 06:31:33,728][root][INFO] - Epoch: 136 | Loss: 0.0014 | Val - MRR: 0.3554, MR:  160.12, H@1: 0.266, H@3: 0.387, H@10: 0.537 | 
[2026-03-10 06:33:17,251][root][INFO] - Epoch: 137 | Loss: 0.0014 | Val - MRR: 0.3557, MR:  160.57, H@1: 0.265, H@3: 0.388, H@10: 0.538 | 
[2026-03-10 06:35:16,490][root][INFO] - Epoch: 138 | Loss: 0.0014 | Val - MRR: 0.3564, MR:  160.21, H@1: 0.266, H@3: 0.389, H@10: 0.539 | Test - MRR: 0.3524 | *
[2026-03-10 06:36:58,135][root][INFO] - Epoch: 139 | Loss: 0.0014 | Val - MRR: 0.3563, MR:  159.75, H@1: 0.266, H@3: 0.389, H@10: 0.538 | 
[2026-03-10 06:38:57,619][root][INFO] - Epoch: 140 | Loss: 0.0014 | Val - MRR: 0.3564, MR:  159.44, H@1: 0.266, H@3: 0.389, H@10: 0.539 | Test - MRR: 0.3525 | *
[2026-03-10 06:40:39,876][root][INFO] - Epoch: 141 | Loss: 0.0014 | Val - MRR: 0.3554, MR:  157.82, H@1: 0.265, H@3: 0.389, H@10: 0.538 | 
[2026-03-10 06:42:38,606][root][INFO] - Epoch: 142 | Loss: 0.0014 | Val - MRR: 0.3566, MR:  158.70, H@1: 0.266, H@3: 0.390, H@10: 0.540 | Test - MRR: 0.3529 | *
[2026-03-10 06:44:20,234][root][INFO] - Epoch: 143 | Loss: 0.0014 | Val - MRR: 0.3564, MR:  159.15, H@1: 0.265, H@3: 0.390, H@10: 0.540 | 
[2026-03-10 06:46:08,069][root][INFO] - Epoch: 144 | Loss: 0.0014 | Val - MRR: 0.3565, MR:  160.20, H@1: 0.266, H@3: 0.390, H@10: 0.540 | 
[2026-03-10 06:48:11,569][root][INFO] - Epoch: 145 | Loss: 0.0014 | Val - MRR: 0.3572, MR:  158.95, H@1: 0.267, H@3: 0.390, H@10: 0.540 | Test - MRR: 0.3533 | *
[2026-03-10 06:49:59,061][root][INFO] - Epoch: 146 | Loss: 0.0014 | Val - MRR: 0.3571, MR:  161.19, H@1: 0.267, H@3: 0.391, H@10: 0.541 | 
[2026-03-10 06:52:02,992][root][INFO] - Epoch: 147 | Loss: 0.0014 | Val - MRR: 0.3573, MR:  160.59, H@1: 0.266, H@3: 0.392, H@10: 0.539 | Test - MRR: 0.3544 | *
[2026-03-10 06:54:08,094][root][INFO] - Epoch: 148 | Loss: 0.0014 | Val - MRR: 0.3582, MR:  157.20, H@1: 0.267, H@3: 0.393, H@10: 0.543 | Test - MRR: 0.3542 | *
[2026-03-10 06:56:12,536][root][INFO] - Epoch: 149 | Loss: 0.0014 | Val - MRR: 0.3598, MR:  157.54, H@1: 0.269, H@3: 0.394, H@10: 0.543 | Test - MRR: 0.3557 | *
[2026-03-10 06:58:00,135][root][INFO] - Epoch: 150 | Loss: 0.0014 | Val - MRR: 0.3581, MR:  158.29, H@1: 0.267, H@3: 0.392, H@10: 0.541 | 
[2026-03-10 06:59:46,972][root][INFO] - Epoch: 151 | Loss: 0.0014 | Val - MRR: 0.3596, MR:  159.39, H@1: 0.270, H@3: 0.393, H@10: 0.540 | 
[2026-03-10 07:01:36,532][root][INFO] - Epoch: 152 | Loss: 0.0014 | Val - MRR: 0.3578, MR:  159.33, H@1: 0.267, H@3: 0.392, H@10: 0.541 | 
[2026-03-10 07:03:23,900][root][INFO] - Epoch: 153 | Loss: 0.0014 | Val - MRR: 0.3593, MR:  157.46, H@1: 0.269, H@3: 0.394, H@10: 0.542 | 
[2026-03-10 07:05:13,169][root][INFO] - Epoch: 154 | Loss: 0.0014 | Val - MRR: 0.3587, MR:  159.76, H@1: 0.267, H@3: 0.395, H@10: 0.543 | 
[2026-03-10 07:07:18,998][root][INFO] - Epoch: 155 | Loss: 0.0014 | Val - MRR: 0.3598, MR:  157.25, H@1: 0.268, H@3: 0.394, H@10: 0.544 | Test - MRR: 0.3553 | *
[2026-03-10 07:09:07,117][root][INFO] - Epoch: 156 | Loss: 0.0014 | Val - MRR: 0.3598, MR:  158.08, H@1: 0.269, H@3: 0.394, H@10: 0.544 | 
[2026-03-10 07:10:53,622][root][INFO] - Epoch: 157 | Loss: 0.0014 | Val - MRR: 0.3593, MR:  159.41, H@1: 0.267, H@3: 0.394, H@10: 0.544 | 
[2026-03-10 07:13:00,741][root][INFO] - Epoch: 158 | Loss: 0.0014 | Val - MRR: 0.3600, MR:  158.92, H@1: 0.268, H@3: 0.395, H@10: 0.544 | Test - MRR: 0.3563 | *
[2026-03-10 07:14:48,845][root][INFO] - Epoch: 159 | Loss: 0.0014 | Val - MRR: 0.3585, MR:  159.32, H@1: 0.267, H@3: 0.393, H@10: 0.543 | 
[2026-03-10 07:16:34,993][root][INFO] - Epoch: 160 | Loss: 0.0014 | Val - MRR: 0.3587, MR:  157.02, H@1: 0.267, H@3: 0.394, H@10: 0.544 | 
[2026-03-10 07:18:21,569][root][INFO] - Epoch: 161 | Loss: 0.0014 | Val - MRR: 0.3596, MR:  159.32, H@1: 0.268, H@3: 0.396, H@10: 0.543 | 
[2026-03-10 07:20:10,569][root][INFO] - Epoch: 162 | Loss: 0.0014 | Val - MRR: 0.3591, MR:  160.98, H@1: 0.268, H@3: 0.394, H@10: 0.541 | 
[2026-03-10 07:21:58,454][root][INFO] - Epoch: 163 | Loss: 0.0014 | Val - MRR: 0.3589, MR:  158.90, H@1: 0.268, H@3: 0.392, H@10: 0.542 | 
[2026-03-10 07:23:45,820][root][INFO] - Epoch: 164 | Loss: 0.0014 | Val - MRR: 0.3599, MR:  156.89, H@1: 0.269, H@3: 0.394, H@10: 0.545 | 
[2026-03-10 07:25:50,841][root][INFO] - Epoch: 165 | Loss: 0.0014 | Val - MRR: 0.3604, MR:  160.70, H@1: 0.269, H@3: 0.395, H@10: 0.545 | Test - MRR: 0.3555 | *
[2026-03-10 07:27:37,271][root][INFO] - Epoch: 166 | Loss: 0.0014 | Val - MRR: 0.3604, MR:  162.53, H@1: 0.270, H@3: 0.393, H@10: 0.543 | 
[2026-03-10 07:29:23,400][root][INFO] - Epoch: 167 | Loss: 0.0014 | Val - MRR: 0.3602, MR:  160.70, H@1: 0.269, H@3: 0.394, H@10: 0.544 | 
[2026-03-10 07:31:10,666][root][INFO] - Epoch: 168 | Loss: 0.0014 | Val - MRR: 0.3594, MR:  161.79, H@1: 0.268, H@3: 0.394, H@10: 0.545 | 
[2026-03-10 07:32:57,473][root][INFO] - Epoch: 169 | Loss: 0.0014 | Val - MRR: 0.3604, MR:  158.91, H@1: 0.270, H@3: 0.394, H@10: 0.542 | 
[2026-03-10 07:35:01,843][root][INFO] - Epoch: 170 | Loss: 0.0014 | Val - MRR: 0.3612, MR:  158.63, H@1: 0.271, H@3: 0.395, H@10: 0.545 | Test - MRR: 0.3566 | *
[2026-03-10 07:36:49,585][root][INFO] - Epoch: 171 | Loss: 0.0014 | Val - MRR: 0.3594, MR:  159.33, H@1: 0.268, H@3: 0.393, H@10: 0.544 | 
[2026-03-10 07:38:35,756][root][INFO] - Epoch: 172 | Loss: 0.0014 | Val - MRR: 0.3607, MR:  157.71, H@1: 0.269, H@3: 0.395, H@10: 0.546 | 
[2026-03-10 07:40:38,917][root][INFO] - Epoch: 173 | Loss: 0.0014 | Val - MRR: 0.3613, MR:  157.26, H@1: 0.269, H@3: 0.396, H@10: 0.547 | Test - MRR: 0.3569 | *
[2026-03-10 07:42:27,854][root][INFO] - Epoch: 174 | Loss: 0.0014 | Val - MRR: 0.3603, MR:  159.94, H@1: 0.269, H@3: 0.396, H@10: 0.544 | 
[2026-03-10 07:44:28,982][root][INFO] - Epoch: 175 | Loss: 0.0014 | Val - MRR: 0.3622, MR:  159.53, H@1: 0.270, H@3: 0.397, H@10: 0.547 | Test - MRR: 0.3581 | *
[2026-03-10 07:46:18,172][root][INFO] - Epoch: 176 | Loss: 0.0014 | Val - MRR: 0.3613, MR:  159.93, H@1: 0.269, H@3: 0.396, H@10: 0.547 | 
[2026-03-10 07:48:03,876][root][INFO] - Epoch: 177 | Loss: 0.0014 | Val - MRR: 0.3613, MR:  161.16, H@1: 0.271, H@3: 0.394, H@10: 0.546 | 
[2026-03-10 07:49:51,896][root][INFO] - Epoch: 178 | Loss: 0.0014 | Val - MRR: 0.3620, MR:  160.06, H@1: 0.271, H@3: 0.395, H@10: 0.547 | 
[2026-03-10 07:51:37,200][root][INFO] - Epoch: 179 | Loss: 0.0014 | Val - MRR: 0.3612, MR:  161.37, H@1: 0.270, H@3: 0.395, H@10: 0.548 | 
[2026-03-10 07:53:23,819][root][INFO] - Epoch: 180 | Loss: 0.0014 | Val - MRR: 0.3613, MR:  159.07, H@1: 0.270, H@3: 0.394, H@10: 0.549 | 
[2026-03-10 07:55:11,272][root][INFO] - Epoch: 181 | Loss: 0.0013 | Val - MRR: 0.3612, MR:  161.86, H@1: 0.270, H@3: 0.395, H@10: 0.546 | 
[2026-03-10 07:57:00,145][root][INFO] - Epoch: 182 | Loss: 0.0014 | Val - MRR: 0.3619, MR:  159.11, H@1: 0.270, H@3: 0.396, H@10: 0.548 | 
[2026-03-10 07:58:49,221][root][INFO] - Epoch: 183 | Loss: 0.0014 | Val - MRR: 0.3604, MR:  159.77, H@1: 0.268, H@3: 0.396, H@10: 0.548 | 
[2026-03-10 08:00:36,450][root][INFO] - Epoch: 184 | Loss: 0.0013 | Val - MRR: 0.3621, MR:  161.25, H@1: 0.270, H@3: 0.397, H@10: 0.549 | 
[2026-03-10 08:02:24,125][root][INFO] - Epoch: 185 | Loss: 0.0013 | Val - MRR: 0.3617, MR:  161.64, H@1: 0.269, H@3: 0.398, H@10: 0.549 | 
[2026-03-10 08:04:11,852][root][INFO] - Epoch: 186 | Loss: 0.0013 | Val - MRR: 0.3613, MR:  162.63, H@1: 0.269, H@3: 0.395, H@10: 0.548 | 
[2026-03-10 08:06:13,798][root][INFO] - Epoch: 187 | Loss: 0.0013 | Val - MRR: 0.3626, MR:  158.74, H@1: 0.271, H@3: 0.397, H@10: 0.548 | Test - MRR: 0.3567 | *
[2026-03-10 08:08:03,219][root][INFO] - Epoch: 188 | Loss: 0.0013 | Val - MRR: 0.3625, MR:  160.80, H@1: 0.271, H@3: 0.396, H@10: 0.546 | 
[2026-03-10 08:10:07,128][root][INFO] - Epoch: 189 | Loss: 0.0013 | Val - MRR: 0.3634, MR:  160.41, H@1: 0.272, H@3: 0.397, H@10: 0.549 | Test - MRR: 0.3582 | *
[2026-03-10 08:11:54,962][root][INFO] - Epoch: 190 | Loss: 0.0013 | Val - MRR: 0.3631, MR:  161.39, H@1: 0.270, H@3: 0.397, H@10: 0.550 | 
[2026-03-10 08:13:42,303][root][INFO] - Epoch: 191 | Loss: 0.0013 | Val - MRR: 0.3620, MR:  161.62, H@1: 0.269, H@3: 0.399, H@10: 0.549 | 
[2026-03-10 08:15:47,043][root][INFO] - Epoch: 192 | Loss: 0.0013 | Val - MRR: 0.3639, MR:  160.94, H@1: 0.272, H@3: 0.399, H@10: 0.550 | Test - MRR: 0.3581 | *
[2026-03-10 08:17:32,263][root][INFO] - Epoch: 193 | Loss: 0.0013 | Val - MRR: 0.3612, MR:  162.45, H@1: 0.268, H@3: 0.396, H@10: 0.548 | 
[2026-03-10 08:19:19,103][root][INFO] - Epoch: 194 | Loss: 0.0013 | Val - MRR: 0.3618, MR:  159.37, H@1: 0.268, H@3: 0.399, H@10: 0.549 | 
[2026-03-10 08:21:26,536][root][INFO] - Epoch: 195 | Loss: 0.0013 | Val - MRR: 0.3641, MR:  158.45, H@1: 0.271, H@3: 0.399, H@10: 0.551 | Test - MRR: 0.3599 | *
[2026-03-10 08:23:15,107][root][INFO] - Epoch: 196 | Loss: 0.0013 | Val - MRR: 0.3616, MR:  161.59, H@1: 0.269, H@3: 0.397, H@10: 0.550 | 
[2026-03-10 08:25:05,347][root][INFO] - Epoch: 197 | Loss: 0.0013 | Val - MRR: 0.3618, MR:  159.25, H@1: 0.269, H@3: 0.399, H@10: 0.549 | 
[2026-03-10 08:26:53,445][root][INFO] - Epoch: 198 | Loss: 0.0013 | Val - MRR: 0.3614, MR:  160.27, H@1: 0.268, H@3: 0.397, H@10: 0.549 | 
[2026-03-10 08:28:42,742][root][INFO] - Epoch: 199 | Loss: 0.0013 | Val - MRR: 0.3625, MR:  163.00, H@1: 0.270, H@3: 0.397, H@10: 0.549 | 
[2026-03-10 08:30:33,140][root][INFO] - Epoch: 200 | Loss: 0.0013 | Val - MRR: 0.3616, MR:  162.89, H@1: 0.269, H@3: 0.395, H@10: 0.551 | 
[2026-03-10 08:32:20,483][root][INFO] - Epoch: 201 | Loss: 0.0013 | Val - MRR: 0.3622, MR:  161.16, H@1: 0.269, H@3: 0.398, H@10: 0.550 | 
[2026-03-10 08:34:09,190][root][INFO] - Epoch: 202 | Loss: 0.0013 | Val - MRR: 0.3630, MR:  164.04, H@1: 0.270, H@3: 0.399, H@10: 0.551 | 
[2026-03-10 08:35:55,065][root][INFO] - Epoch: 203 | Loss: 0.0013 | Val - MRR: 0.3629, MR:  163.71, H@1: 0.271, H@3: 0.395, H@10: 0.550 | 
[2026-03-10 08:37:41,837][root][INFO] - Epoch: 204 | Loss: 0.0013 | Val - MRR: 0.3627, MR:  162.99, H@1: 0.270, H@3: 0.398, H@10: 0.551 | 
[2026-03-10 08:39:29,757][root][INFO] - Epoch: 205 | Loss: 0.0013 | Val - MRR: 0.3637, MR:  164.52, H@1: 0.271, H@3: 0.399, H@10: 0.551 | 
[2026-03-10 08:41:15,827][root][INFO] - Epoch: 206 | Loss: 0.0013 | Val - MRR: 0.3621, MR:  161.23, H@1: 0.270, H@3: 0.397, H@10: 0.548 | 
[2026-03-10 08:43:08,231][root][INFO] - Epoch: 207 | Loss: 0.0013 | Val - MRR: 0.3634, MR:  163.20, H@1: 0.272, H@3: 0.398, H@10: 0.549 | 
[2026-03-10 08:45:11,021][root][INFO] - Epoch: 208 | Loss: 0.0013 | Val - MRR: 0.3647, MR:  160.90, H@1: 0.274, H@3: 0.399, H@10: 0.550 | Test - MRR: 0.3587 | *
[2026-03-10 08:46:58,450][root][INFO] - Epoch: 209 | Loss: 0.0013 | Val - MRR: 0.3629, MR:  163.73, H@1: 0.271, H@3: 0.397, H@10: 0.550 | 
[2026-03-10 08:48:47,338][root][INFO] - Epoch: 210 | Loss: 0.0013 | Val - MRR: 0.3644, MR:  158.99, H@1: 0.273, H@3: 0.397, H@10: 0.551 | 
[2026-03-10 08:50:32,627][root][INFO] - Epoch: 211 | Loss: 0.0013 | Val - MRR: 0.3643, MR:  162.38, H@1: 0.272, H@3: 0.398, H@10: 0.552 | 
[2026-03-10 08:52:21,605][root][INFO] - Epoch: 212 | Loss: 0.0013 | Val - MRR: 0.3642, MR:  164.08, H@1: 0.272, H@3: 0.398, H@10: 0.550 | 
[2026-03-10 08:54:07,727][root][INFO] - Epoch: 213 | Loss: 0.0013 | Val - MRR: 0.3642, MR:  163.28, H@1: 0.271, H@3: 0.400, H@10: 0.551 | 
[2026-03-10 08:56:10,610][root][INFO] - Epoch: 214 | Loss: 0.0013 | Val - MRR: 0.3651, MR:  163.88, H@1: 0.274, H@3: 0.397, H@10: 0.552 | Test - MRR: 0.3601 | *
[2026-03-10 08:57:58,966][root][INFO] - Epoch: 215 | Loss: 0.0013 | Val - MRR: 0.3635, MR:  162.30, H@1: 0.271, H@3: 0.396, H@10: 0.551 | 
[2026-03-10 08:59:47,649][root][INFO] - Epoch: 216 | Loss: 0.0013 | Val - MRR: 0.3634, MR:  163.46, H@1: 0.272, H@3: 0.395, H@10: 0.550 | 
[2026-03-10 09:01:36,264][root][INFO] - Epoch: 217 | Loss: 0.0013 | Val - MRR: 0.3644, MR:  158.97, H@1: 0.273, H@3: 0.397, H@10: 0.551 | 
[2026-03-10 09:03:23,263][root][INFO] - Epoch: 218 | Loss: 0.0013 | Val - MRR: 0.3636, MR:  163.50, H@1: 0.271, H@3: 0.398, H@10: 0.550 | 
[2026-03-10 09:05:12,081][root][INFO] - Epoch: 219 | Loss: 0.0013 | Val - MRR: 0.3641, MR:  165.04, H@1: 0.272, H@3: 0.398, H@10: 0.551 | 
[2026-03-10 09:06:59,818][root][INFO] - Epoch: 220 | Loss: 0.0013 | Val - MRR: 0.3641, MR:  166.54, H@1: 0.272, H@3: 0.398, H@10: 0.550 | 
[2026-03-10 09:08:46,130][root][INFO] - Epoch: 221 | Loss: 0.0013 | Val - MRR: 0.3639, MR:  163.61, H@1: 0.272, H@3: 0.397, H@10: 0.551 | 
[2026-03-10 09:10:36,824][root][INFO] - Epoch: 222 | Loss: 0.0013 | Val - MRR: 0.3645, MR:  166.41, H@1: 0.273, H@3: 0.397, H@10: 0.551 | 
[2026-03-10 09:12:21,810][root][INFO] - Epoch: 223 | Loss: 0.0013 | Val - MRR: 0.3642, MR:  167.63, H@1: 0.271, H@3: 0.399, H@10: 0.552 | 
[2026-03-10 09:14:10,938][root][INFO] - Epoch: 224 | Loss: 0.0013 | Val - MRR: 0.3643, MR:  162.91, H@1: 0.273, H@3: 0.397, H@10: 0.552 | 
[2026-03-10 09:15:56,188][root][INFO] - Epoch: 225 | Loss: 0.0013 | Val - MRR: 0.3647, MR:  168.06, H@1: 0.273, H@3: 0.398, H@10: 0.551 | 
[2026-03-10 09:17:44,442][root][INFO] - Epoch: 226 | Loss: 0.0013 | Val - MRR: 0.3642, MR:  167.10, H@1: 0.272, H@3: 0.398, H@10: 0.552 | 
[2026-03-10 09:19:33,909][root][INFO] - Epoch: 227 | Loss: 0.0013 | Val - MRR: 0.3650, MR:  162.26, H@1: 0.273, H@3: 0.399, H@10: 0.551 | 
[2026-03-10 09:21:17,762][root][INFO] - Epoch: 228 | Loss: 0.0013 | Val - MRR: 0.3635, MR:  167.00, H@1: 0.271, H@3: 0.397, H@10: 0.552 | 
[2026-03-10 09:23:10,125][root][INFO] - Epoch: 229 | Loss: 0.0013 | Val - MRR: 0.3640, MR:  162.74, H@1: 0.272, H@3: 0.398, H@10: 0.552 | 
[2026-03-10 09:24:54,840][root][INFO] - Epoch: 230 | Loss: 0.0013 | Val - MRR: 0.3630, MR:  163.03, H@1: 0.270, H@3: 0.397, H@10: 0.551 | 
[2026-03-10 09:26:41,026][root][INFO] - Epoch: 231 | Loss: 0.0013 | Val - MRR: 0.3642, MR:  162.08, H@1: 0.273, H@3: 0.398, H@10: 0.551 | 
[2026-03-10 09:28:28,280][root][INFO] - Epoch: 232 | Loss: 0.0013 | Val - MRR: 0.3632, MR:  165.05, H@1: 0.271, H@3: 0.398, H@10: 0.550 | 
[2026-03-10 09:30:15,037][root][INFO] - Epoch: 233 | Loss: 0.0013 | Val - MRR: 0.3644, MR:  163.73, H@1: 0.272, H@3: 0.399, H@10: 0.552 | 
[2026-03-10 09:32:01,739][root][INFO] - Epoch: 234 | Loss: 0.0013 | Val - MRR: 0.3643, MR:  165.74, H@1: 0.272, H@3: 0.398, H@10: 0.552 | 
[2026-03-10 09:33:49,009][root][INFO] - Epoch: 235 | Loss: 0.0013 | Val - MRR: 0.3637, MR:  164.40, H@1: 0.271, H@3: 0.398, H@10: 0.552 | 
[2026-03-10 09:35:36,932][root][INFO] - Epoch: 236 | Loss: 0.0013 | Val - MRR: 0.3640, MR:  168.62, H@1: 0.272, H@3: 0.397, H@10: 0.551 | 
[2026-03-10 09:37:39,902][root][INFO] - Epoch: 237 | Loss: 0.0013 | Val - MRR: 0.3652, MR:  166.21, H@1: 0.274, H@3: 0.399, H@10: 0.551 | Test - MRR: 0.3594 | *
[2026-03-10 09:39:42,260][root][INFO] - Epoch: 238 | Loss: 0.0013 | Val - MRR: 0.3655, MR:  161.88, H@1: 0.274, H@3: 0.399, H@10: 0.552 | Test - MRR: 0.3599 | *
[2026-03-10 09:41:29,581][root][INFO] - Epoch: 239 | Loss: 0.0013 | Val - MRR: 0.3634, MR:  168.38, H@1: 0.270, H@3: 0.398, H@10: 0.550 | 
[2026-03-10 09:43:16,334][root][INFO] - Epoch: 240 | Loss: 0.0013 | Val - MRR: 0.3630, MR:  165.84, H@1: 0.270, H@3: 0.398, H@10: 0.551 | 
[2026-03-10 09:45:08,935][root][INFO] - Epoch: 241 | Loss: 0.0013 | Val - MRR: 0.3631, MR:  163.46, H@1: 0.271, H@3: 0.396, H@10: 0.552 | 
[2026-03-10 09:46:55,761][root][INFO] - Epoch: 242 | Loss: 0.0013 | Val - MRR: 0.3623, MR:  169.08, H@1: 0.270, H@3: 0.396, H@10: 0.552 | 
[2026-03-10 09:48:43,128][root][INFO] - Epoch: 243 | Loss: 0.0013 | Val - MRR: 0.3626, MR:  172.65, H@1: 0.271, H@3: 0.396, H@10: 0.552 | 
[2026-03-10 09:50:28,889][root][INFO] - Epoch: 244 | Loss: 0.0013 | Val - MRR: 0.3637, MR:  168.77, H@1: 0.272, H@3: 0.396, H@10: 0.552 | 
[2026-03-10 09:52:14,711][root][INFO] - Epoch: 245 | Loss: 0.0013 | Val - MRR: 0.3640, MR:  166.70, H@1: 0.272, H@3: 0.397, H@10: 0.553 | 
[2026-03-10 09:54:04,519][root][INFO] - Epoch: 246 | Loss: 0.0013 | Val - MRR: 0.3640, MR:  169.01, H@1: 0.272, H@3: 0.397, H@10: 0.552 | 
[2026-03-10 09:55:49,764][root][INFO] - Epoch: 247 | Loss: 0.0013 | Val - MRR: 0.3633, MR:  171.04, H@1: 0.271, H@3: 0.397, H@10: 0.551 | 
[2026-03-10 09:57:41,403][root][INFO] - Epoch: 248 | Loss: 0.0013 | Val - MRR: 0.3641, MR:  171.20, H@1: 0.272, H@3: 0.397, H@10: 0.552 | 
[2026-03-10 09:59:26,643][root][INFO] - Epoch: 249 | Loss: 0.0013 | Val - MRR: 0.3644, MR:  170.67, H@1: 0.272, H@3: 0.398, H@10: 0.553 | 
[2026-03-10 10:01:10,790][root][INFO] - Epoch: 250 | Loss: 0.0013 | Val - MRR: 0.3636, MR:  169.24, H@1: 0.271, H@3: 0.398, H@10: 0.551 | 
[2026-03-10 10:03:00,658][root][INFO] - Epoch: 251 | Loss: 0.0013 | Val - MRR: 0.3631, MR:  168.17, H@1: 0.271, H@3: 0.398, H@10: 0.551 | 
[2026-03-10 10:04:47,650][root][INFO] - Epoch: 252 | Loss: 0.0013 | Val - MRR: 0.3625, MR:  170.07, H@1: 0.269, H@3: 0.397, H@10: 0.551 | 
[2026-03-10 10:06:36,232][root][INFO] - Epoch: 253 | Loss: 0.0013 | Val - MRR: 0.3630, MR:  169.20, H@1: 0.271, H@3: 0.396, H@10: 0.552 | 
[2026-03-10 10:08:21,335][root][INFO] - Epoch: 254 | Loss: 0.0013 | Val - MRR: 0.3631, MR:  167.44, H@1: 0.270, H@3: 0.397, H@10: 0.552 | 
[2026-03-10 10:10:09,631][root][INFO] - Epoch: 255 | Loss: 0.0013 | Val - MRR: 0.3629, MR:  167.69, H@1: 0.271, H@3: 0.397, H@10: 0.551 | 
[2026-03-10 10:11:56,431][root][INFO] - Epoch: 256 | Loss: 0.0013 | Val - MRR: 0.3622, MR:  170.41, H@1: 0.270, H@3: 0.396, H@10: 0.551 | 
[2026-03-10 10:13:44,220][root][INFO] - Epoch: 257 | Loss: 0.0013 | Val - MRR: 0.3636, MR:  170.92, H@1: 0.273, H@3: 0.396, H@10: 0.550 | 
[2026-03-10 10:15:31,329][root][INFO] - Epoch: 258 | Loss: 0.0013 | Val - MRR: 0.3624, MR:  171.11, H@1: 0.271, H@3: 0.395, H@10: 0.549 | 
[2026-03-10 10:17:19,323][root][INFO] - Epoch: 259 | Loss: 0.0013 | Val - MRR: 0.3626, MR:  170.91, H@1: 0.271, H@3: 0.395, H@10: 0.552 | 
[2026-03-10 10:19:04,931][root][INFO] - Epoch: 260 | Loss: 0.0013 | Val - MRR: 0.3644, MR:  171.22, H@1: 0.273, H@3: 0.398, H@10: 0.552 | 
[2026-03-10 10:20:52,939][root][INFO] - Epoch: 261 | Loss: 0.0013 | Val - MRR: 0.3638, MR:  172.96, H@1: 0.272, H@3: 0.398, H@10: 0.553 | 
[2026-03-10 10:22:41,721][root][INFO] - Epoch: 262 | Loss: 0.0013 | Val - MRR: 0.3634, MR:  171.31, H@1: 0.272, H@3: 0.397, H@10: 0.553 | 
[2026-03-10 10:24:27,471][root][INFO] - Epoch: 263 | Loss: 0.0013 | Val - MRR: 0.3641, MR:  168.97, H@1: 0.272, H@3: 0.399, H@10: 0.553 | 
[2026-03-10 10:26:10,106][root][INFO] - Epoch: 264 | Loss: 0.0013 | Val - MRR: 0.3644, MR:  168.88, H@1: 0.272, H@3: 0.398, H@10: 0.552 | 
[2026-03-10 10:27:52,461][root][INFO] - Epoch: 265 | Loss: 0.0013 | Val - MRR: 0.3644, MR:  171.35, H@1: 0.272, H@3: 0.398, H@10: 0.552 | 
[2026-03-10 10:29:35,134][root][INFO] - Epoch: 266 | Loss: 0.0013 | Val - MRR: 0.3630, MR:  167.68, H@1: 0.271, H@3: 0.397, H@10: 0.552 | 
[2026-03-10 10:31:18,599][root][INFO] - Epoch: 267 | Loss: 0.0013 | Val - MRR: 0.3639, MR:  173.37, H@1: 0.272, H@3: 0.397, H@10: 0.552 | 
[2026-03-10 10:33:01,811][root][INFO] - Epoch: 268 | Loss: 0.0013 | Val - MRR: 0.3633, MR:  168.15, H@1: 0.271, H@3: 0.396, H@10: 0.553 | 
[2026-03-10 10:34:43,669][root][INFO] - Epoch: 269 | Loss: 0.0013 | Val - MRR: 0.3645, MR:  171.13, H@1: 0.272, H@3: 0.400, H@10: 0.553 | 
[2026-03-10 10:36:25,826][root][INFO] - Epoch: 270 | Loss: 0.0013 | Val - MRR: 0.3652, MR:  171.93, H@1: 0.273, H@3: 0.399, H@10: 0.554 | 
[2026-03-10 10:38:08,784][root][INFO] - Epoch: 271 | Loss: 0.0013 | Val - MRR: 0.3641, MR:  170.37, H@1: 0.271, H@3: 0.399, H@10: 0.553 | 
[2026-03-10 10:39:51,353][root][INFO] - Epoch: 272 | Loss: 0.0013 | Val - MRR: 0.3633, MR:  175.53, H@1: 0.271, H@3: 0.396, H@10: 0.550 | 
[2026-03-10 10:41:34,068][root][INFO] - Epoch: 273 | Loss: 0.0013 | Val - MRR: 0.3639, MR:  173.48, H@1: 0.271, H@3: 0.398, H@10: 0.552 | 
[2026-03-10 10:43:17,040][root][INFO] - Epoch: 274 | Loss: 0.0013 | Val - MRR: 0.3637, MR:  174.45, H@1: 0.271, H@3: 0.399, H@10: 0.553 | 
[2026-03-10 10:44:58,449][root][INFO] - Epoch: 275 | Loss: 0.0013 | Val - MRR: 0.3635, MR:  176.38, H@1: 0.271, H@3: 0.397, H@10: 0.552 | 
[2026-03-10 10:46:41,646][root][INFO] - Epoch: 276 | Loss: 0.0013 | Val - MRR: 0.3635, MR:  176.48, H@1: 0.271, H@3: 0.397, H@10: 0.553 | 
[2026-03-10 10:48:23,214][root][INFO] - Epoch: 277 | Loss: 0.0013 | Val - MRR: 0.3637, MR:  175.37, H@1: 0.272, H@3: 0.396, H@10: 0.552 | 
[2026-03-10 10:50:05,633][root][INFO] - Epoch: 278 | Loss: 0.0013 | Val - MRR: 0.3639, MR:  174.18, H@1: 0.272, H@3: 0.397, H@10: 0.553 | 
[2026-03-10 10:51:47,697][root][INFO] - Epoch: 279 | Loss: 0.0013 | Val - MRR: 0.3645, MR:  172.23, H@1: 0.272, H@3: 0.398, H@10: 0.553 | 
[2026-03-10 10:53:30,436][root][INFO] - Epoch: 280 | Loss: 0.0013 | Val - MRR: 0.3645, MR:  174.03, H@1: 0.272, H@3: 0.398, H@10: 0.553 | 
[2026-03-10 10:55:14,639][root][INFO] - Epoch: 281 | Loss: 0.0013 | Val - MRR: 0.3639, MR:  172.41, H@1: 0.271, H@3: 0.398, H@10: 0.553 | 
[2026-03-10 10:56:58,359][root][INFO] - Epoch: 282 | Loss: 0.0013 | Val - MRR: 0.3636, MR:  175.78, H@1: 0.271, H@3: 0.398, H@10: 0.552 | 
[2026-03-10 10:58:39,995][root][INFO] - Epoch: 283 | Loss: 0.0013 | Val - MRR: 0.3635, MR:  174.25, H@1: 0.271, H@3: 0.398, H@10: 0.552 | 
[2026-03-10 11:00:23,174][root][INFO] - Epoch: 284 | Loss: 0.0013 | Val - MRR: 0.3645, MR:  173.52, H@1: 0.272, H@3: 0.399, H@10: 0.553 | 
[2026-03-10 11:00:23,175][root][INFO] - Long time no improvenment, stop training...
[2026-03-10 11:00:23,175][root][INFO] - Training end...
[2026-03-10 11:00:23,175][root][INFO] - Train metrics ...
[2026-03-10 11:01:27,107][root][INFO] - Train (head) - MRR: 0.7221, MR:    6.37, H@1: 0.618, H@3: 0.798, H@10: 0.904
[2026-03-10 11:01:27,107][root][INFO] - Train (tail) - MRR: 0.7995, MR:    3.33, H@1: 0.712, H@3: 0.866, H@10: 0.950
[2026-03-10 11:01:27,108][root][INFO] - Train (avg) - MRR: 0.7608, MR:    4.85, H@1: 0.665, H@3: 0.832, H@10: 0.927

[2026-03-10 11:01:27,108][root][INFO] - Valid metrics ...
[2026-03-10 11:01:43,434][root][INFO] - Valid (head) - MRR: 0.2658, MR:  224.99, H@1: 0.177, H@3: 0.291, H@10: 0.449
[2026-03-10 11:01:43,434][root][INFO] - Valid (tail) - MRR: 0.4633, MR:  122.05, H@1: 0.367, H@3: 0.507, H@10: 0.657
[2026-03-10 11:01:43,435][root][INFO] - Valid (avg) - MRR: 0.3645, MR:  173.52, H@1: 0.272, H@3: 0.399, H@10: 0.553

[2026-03-10 11:01:43,435][root][INFO] - Test metrics...
[2026-03-10 11:01:59,933][root][INFO] - Test (head) - MRR: 0.2610, MR:  236.25, H@1: 0.171, H@3: 0.287, H@10: 0.449
[2026-03-10 11:01:59,933][root][INFO] - Test (tail) - MRR: 0.4563, MR:  141.81, H@1: 0.359, H@3: 0.500, H@10: 0.650
[2026-03-10 11:01:59,934][root][INFO] - Test (avg) - MRR: 0.3587, MR:  189.03, H@1: 0.265, H@3: 0.394, H@10: 0.549

[2026-03-10 11:01:59,934][root][INFO] - Model save path: /home/wangwei/DSGNet-main/DSGNet/data/output/FB15k_237/2026-03-10/01-59-46
