[2026-03-11 01:12:04,859][root][INFO] - 
------Config------
 {'dataset': 'FB15k_237', 'epoch': 600, 'batch_size': 1024, 'learning_rate': 0.00035, 'h_dim': 480, 'pred_rel_w': False, 'label_smooth': 0.1, 'n_heads': 8, 'topk': 15, 'kg_layer': 2, 'rm_rate': 0.5, 'ent_drop': 0.3, 'rel_drop': 0.1, 'comp_op': 'mul', 'bn': False, 'k_h': 16, 'k_w': 30, 'conv_drop': 0.3, 'ent_drop_pred': 0.3, 'fc_drop': 0.5, 'ker_sz': 8, 'out_channel': 200, 'device': 0, 'max_no_improve': 45, 'cpu_worker_num': 10, 'warmup_epoch': 5}
[2026-03-11 01:12:04,859][root][INFO] - Code dir path: /home/wangwei/DSGNet-main/DSGNet/code_new
[2026-03-11 01:12:04,859][root][INFO] - Config dir path: /home/wangwei/DSGNet-main/DSGNet/config
[2026-03-11 01:12:04,859][root][INFO] - Model save path: /home/wangwei/DSGNet-main/DSGNet/data/output/FB15k_237/2026-03-11/01-12-04
[2026-03-11 01:12:08,611][root][INFO] - kg # node: 14541
[2026-03-11 01:12:08,611][root][INFO] - kg # edge: 544230
[2026-03-11 01:12:08,611][root][INFO] - kg # zero deg node: 36
[2026-03-11 01:12:08,611][root][INFO] - ---Load Train Data---
[2026-03-11 01:12:11,474][root][INFO] - -----Model Parameter Configuration-----
[2026-03-11 01:12:11,474][root][INFO] - Parameter ent_emb: torch.Size([14541, 480]), require_grad = True
[2026-03-11 01:12:11,474][root][INFO] - Parameter pred_rel_emb: torch.Size([474, 480]), require_grad = True
[2026-03-11 01:12:11,474][root][INFO] - Parameter W_fuse: torch.Size([480, 480]), require_grad = True
[2026-03-11 01:12:11,474][root][INFO] - Parameter a_fuse: torch.Size([960, 1]), require_grad = True
[2026-03-11 01:12:11,474][root][INFO] - Parameter rel_embs.0: torch.Size([474, 480]), require_grad = True
[2026-03-11 01:12:11,474][root][INFO] - Parameter rel_embs.1: torch.Size([474, 480]), require_grad = True
[2026-03-11 01:12:11,474][root][INFO] - Parameter predictor.bn0.weight: torch.Size([1]), require_grad = True
[2026-03-11 01:12:11,474][root][INFO] - Parameter predictor.bn0.bias: torch.Size([1]), require_grad = True
[2026-03-11 01:12:11,475][root][INFO] - Parameter predictor.bn1.weight: torch.Size([200]), require_grad = True
[2026-03-11 01:12:11,475][root][INFO] - Parameter predictor.bn1.bias: torch.Size([200]), require_grad = True
[2026-03-11 01:12:11,475][root][INFO] - Parameter predictor.bn2.weight: torch.Size([480]), require_grad = True
[2026-03-11 01:12:11,475][root][INFO] - Parameter predictor.bn2.bias: torch.Size([480]), require_grad = True
[2026-03-11 01:12:11,475][root][INFO] - Parameter predictor.conv.weight: torch.Size([200, 1, 8, 8]), require_grad = True
[2026-03-11 01:12:11,475][root][INFO] - Parameter predictor.fc.weight: torch.Size([480, 115000]), require_grad = True
[2026-03-11 01:12:11,475][root][INFO] - Parameter L.weight: torch.Size([480, 480]), require_grad = True
[2026-03-11 01:12:11,475][root][INFO] - Parameter L.bias: torch.Size([480]), require_grad = True
[2026-03-11 01:12:11,475][root][INFO] - Parameter S.weight: torch.Size([480, 480]), require_grad = True
[2026-03-11 01:12:11,475][root][INFO] - Parameter S.bias: torch.Size([480]), require_grad = True
[2026-03-11 01:12:11,475][root][INFO] - Parameter comp_layers.0.neigh_w: torch.Size([480, 480]), require_grad = True
[2026-03-11 01:12:11,475][root][INFO] - Parameter comp_layers.0.W.0: torch.Size([480, 60]), require_grad = True
[2026-03-11 01:12:11,475][root][INFO] - Parameter comp_layers.0.W.1: torch.Size([480, 60]), require_grad = True
[2026-03-11 01:12:11,475][root][INFO] - Parameter comp_layers.0.W.2: torch.Size([480, 60]), require_grad = True
[2026-03-11 01:12:11,475][root][INFO] - Parameter comp_layers.0.W.3: torch.Size([480, 60]), require_grad = True
[2026-03-11 01:12:11,475][root][INFO] - Parameter comp_layers.0.W.4: torch.Size([480, 60]), require_grad = True
[2026-03-11 01:12:11,475][root][INFO] - Parameter comp_layers.0.W.5: torch.Size([480, 60]), require_grad = True
[2026-03-11 01:12:11,475][root][INFO] - Parameter comp_layers.0.W.6: torch.Size([480, 60]), require_grad = True
[2026-03-11 01:12:11,475][root][INFO] - Parameter comp_layers.0.W.7: torch.Size([480, 60]), require_grad = True
[2026-03-11 01:12:11,475][root][INFO] - Parameter comp_layers.0.W_r.0: torch.Size([480, 60]), require_grad = True
[2026-03-11 01:12:11,475][root][INFO] - Parameter comp_layers.0.W_r.1: torch.Size([480, 60]), require_grad = True
[2026-03-11 01:12:11,475][root][INFO] - Parameter comp_layers.0.W_r.2: torch.Size([480, 60]), require_grad = True
[2026-03-11 01:12:11,475][root][INFO] - Parameter comp_layers.0.W_r.3: torch.Size([480, 60]), require_grad = True
[2026-03-11 01:12:11,475][root][INFO] - Parameter comp_layers.0.W_r.4: torch.Size([480, 60]), require_grad = True
[2026-03-11 01:12:11,476][root][INFO] - Parameter comp_layers.0.W_r.5: torch.Size([480, 60]), require_grad = True
[2026-03-11 01:12:11,476][root][INFO] - Parameter comp_layers.0.W_r.6: torch.Size([480, 60]), require_grad = True
[2026-03-11 01:12:11,476][root][INFO] - Parameter comp_layers.0.W_r.7: torch.Size([480, 60]), require_grad = True
[2026-03-11 01:12:11,476][root][INFO] - Parameter comp_layers.0.a.0: torch.Size([180, 1]), require_grad = True
[2026-03-11 01:12:11,476][root][INFO] - Parameter comp_layers.0.a.1: torch.Size([180, 1]), require_grad = True
[2026-03-11 01:12:11,476][root][INFO] - Parameter comp_layers.0.a.2: torch.Size([180, 1]), require_grad = True
[2026-03-11 01:12:11,476][root][INFO] - Parameter comp_layers.0.a.3: torch.Size([180, 1]), require_grad = True
[2026-03-11 01:12:11,476][root][INFO] - Parameter comp_layers.0.a.4: torch.Size([180, 1]), require_grad = True
[2026-03-11 01:12:11,476][root][INFO] - Parameter comp_layers.0.a.5: torch.Size([180, 1]), require_grad = True
[2026-03-11 01:12:11,476][root][INFO] - Parameter comp_layers.0.a.6: torch.Size([180, 1]), require_grad = True
[2026-03-11 01:12:11,476][root][INFO] - Parameter comp_layers.0.a.7: torch.Size([180, 1]), require_grad = True
[2026-03-11 01:12:11,476][root][INFO] - Parameter comp_layers.1.neigh_w: torch.Size([480, 480]), require_grad = True
[2026-03-11 01:12:11,476][root][INFO] - Parameter comp_layers.1.W.0: torch.Size([480, 60]), require_grad = True
[2026-03-11 01:12:11,476][root][INFO] - Parameter comp_layers.1.W.1: torch.Size([480, 60]), require_grad = True
[2026-03-11 01:12:11,476][root][INFO] - Parameter comp_layers.1.W.2: torch.Size([480, 60]), require_grad = True
[2026-03-11 01:12:11,476][root][INFO] - Parameter comp_layers.1.W.3: torch.Size([480, 60]), require_grad = True
[2026-03-11 01:12:11,476][root][INFO] - Parameter comp_layers.1.W.4: torch.Size([480, 60]), require_grad = True
[2026-03-11 01:12:11,476][root][INFO] - Parameter comp_layers.1.W.5: torch.Size([480, 60]), require_grad = True
[2026-03-11 01:12:11,476][root][INFO] - Parameter comp_layers.1.W.6: torch.Size([480, 60]), require_grad = True
[2026-03-11 01:12:11,476][root][INFO] - Parameter comp_layers.1.W.7: torch.Size([480, 60]), require_grad = True
[2026-03-11 01:12:11,476][root][INFO] - Parameter comp_layers.1.W_r.0: torch.Size([480, 60]), require_grad = True
[2026-03-11 01:12:11,476][root][INFO] - Parameter comp_layers.1.W_r.1: torch.Size([480, 60]), require_grad = True
[2026-03-11 01:12:11,476][root][INFO] - Parameter comp_layers.1.W_r.2: torch.Size([480, 60]), require_grad = True
[2026-03-11 01:12:11,476][root][INFO] - Parameter comp_layers.1.W_r.3: torch.Size([480, 60]), require_grad = True
[2026-03-11 01:12:11,476][root][INFO] - Parameter comp_layers.1.W_r.4: torch.Size([480, 60]), require_grad = True
[2026-03-11 01:12:11,477][root][INFO] - Parameter comp_layers.1.W_r.5: torch.Size([480, 60]), require_grad = True
[2026-03-11 01:12:11,477][root][INFO] - Parameter comp_layers.1.W_r.6: torch.Size([480, 60]), require_grad = True
[2026-03-11 01:12:11,477][root][INFO] - Parameter comp_layers.1.W_r.7: torch.Size([480, 60]), require_grad = True
[2026-03-11 01:12:11,477][root][INFO] - Parameter comp_layers.1.a.0: torch.Size([180, 1]), require_grad = True
[2026-03-11 01:12:11,477][root][INFO] - Parameter comp_layers.1.a.1: torch.Size([180, 1]), require_grad = True
[2026-03-11 01:12:11,477][root][INFO] - Parameter comp_layers.1.a.2: torch.Size([180, 1]), require_grad = True
[2026-03-11 01:12:11,477][root][INFO] - Parameter comp_layers.1.a.3: torch.Size([180, 1]), require_grad = True
[2026-03-11 01:12:11,477][root][INFO] - Parameter comp_layers.1.a.4: torch.Size([180, 1]), require_grad = True
[2026-03-11 01:12:11,477][root][INFO] - Parameter comp_layers.1.a.5: torch.Size([180, 1]), require_grad = True
[2026-03-11 01:12:11,477][root][INFO] - Parameter comp_layers.1.a.6: torch.Size([180, 1]), require_grad = True
[2026-03-11 01:12:11,477][root][INFO] - Parameter comp_layers.1.a.7: torch.Size([180, 1]), require_grad = True
[2026-03-11 01:12:12,359][root][INFO] - Training... total epoch: 600, step: 88200
[2026-03-11 01:14:49,813][root][INFO] - Epoch:   0 | Loss: 0.6231 | Val - MRR: 0.0200, MR: 6276.27, H@1: 0.010, H@3: 0.024, H@10: 0.038 | Test - MRR: 0.0196 | *
[2026-03-11 01:17:25,881][root][INFO] - Epoch:   1 | Loss: 0.2589 | Val - MRR: 0.0266, MR: 5998.54, H@1: 0.010, H@3: 0.030, H@10: 0.058 | Test - MRR: 0.0259 | *
[2026-03-11 01:20:01,362][root][INFO] - Epoch:   2 | Loss: 0.0791 | Val - MRR: 0.0274, MR: 5784.03, H@1: 0.010, H@3: 0.032, H@10: 0.060 | Test - MRR: 0.0267 | *
[2026-03-11 01:22:34,240][root][INFO] - Epoch:   3 | Loss: 0.0313 | Val - MRR: 0.0298, MR: 5529.20, H@1: 0.010, H@3: 0.032, H@10: 0.061 | Test - MRR: 0.0294 | *
[2026-03-11 01:24:53,366][root][INFO] - Epoch:   4 | Loss: 0.0164 | Val - MRR: 0.0294, MR: 5255.32, H@1: 0.010, H@3: 0.032, H@10: 0.064 | 
[2026-03-11 01:27:28,350][root][INFO] - Epoch:   5 | Loss: 0.0101 | Val - MRR: 0.0303, MR: 4976.08, H@1: 0.010, H@3: 0.033, H@10: 0.064 | Test - MRR: 0.0301 | *
[2026-03-11 01:30:03,018][root][INFO] - Epoch:   6 | Loss: 0.0072 | Val - MRR: 0.0326, MR: 4729.60, H@1: 0.010, H@3: 0.043, H@10: 0.065 | Test - MRR: 0.0324 | *
[2026-03-11 01:32:38,232][root][INFO] - Epoch:   7 | Loss: 0.0060 | Val - MRR: 0.0388, MR: 4510.00, H@1: 0.019, H@3: 0.050, H@10: 0.066 | Test - MRR: 0.0389 | *
[2026-03-11 01:35:13,713][root][INFO] - Epoch:   8 | Loss: 0.0050 | Val - MRR: 0.0424, MR: 4314.63, H@1: 0.022, H@3: 0.058, H@10: 0.074 | Test - MRR: 0.0424 | *
[2026-03-11 01:37:49,039][root][INFO] - Epoch:   9 | Loss: 0.0044 | Val - MRR: 0.0454, MR: 4135.72, H@1: 0.026, H@3: 0.058, H@10: 0.075 | Test - MRR: 0.0455 | *
[2026-03-11 01:40:25,006][root][INFO] - Epoch:  10 | Loss: 0.0040 | Val - MRR: 0.0461, MR: 3990.42, H@1: 0.026, H@3: 0.058, H@10: 0.077 | Test - MRR: 0.0462 | *
[2026-03-11 01:43:00,027][root][INFO] - Epoch:  11 | Loss: 0.0037 | Val - MRR: 0.0525, MR: 3836.51, H@1: 0.029, H@3: 0.060, H@10: 0.086 | Test - MRR: 0.0529 | *
[2026-03-11 01:45:35,189][root][INFO] - Epoch:  12 | Loss: 0.0036 | Val - MRR: 0.0572, MR: 3712.52, H@1: 0.033, H@3: 0.066, H@10: 0.093 | Test - MRR: 0.0578 | *
[2026-03-11 01:48:10,657][root][INFO] - Epoch:  13 | Loss: 0.0034 | Val - MRR: 0.0710, MR: 3600.76, H@1: 0.056, H@3: 0.068, H@10: 0.098 | Test - MRR: 0.0708 | *
[2026-03-11 01:50:46,695][root][INFO] - Epoch:  14 | Loss: 0.0032 | Val - MRR: 0.0753, MR: 3500.26, H@1: 0.058, H@3: 0.075, H@10: 0.105 | Test - MRR: 0.0747 | *
[2026-03-11 01:53:22,523][root][INFO] - Epoch:  15 | Loss: 0.0031 | Val - MRR: 0.0795, MR: 3408.61, H@1: 0.062, H@3: 0.077, H@10: 0.115 | Test - MRR: 0.0787 | *
[2026-03-11 01:55:57,495][root][INFO] - Epoch:  16 | Loss: 0.0030 | Val - MRR: 0.0872, MR: 3327.93, H@1: 0.068, H@3: 0.089, H@10: 0.126 | Test - MRR: 0.0858 | *
[2026-03-11 01:58:49,852][root][INFO] - Epoch:  17 | Loss: 0.0030 | Val - MRR: 0.0943, MR: 3240.32, H@1: 0.072, H@3: 0.095, H@10: 0.135 | Test - MRR: 0.0927 | *
[2026-03-11 02:01:44,358][root][INFO] - Epoch:  18 | Loss: 0.0029 | Val - MRR: 0.1088, MR: 3174.00, H@1: 0.088, H@3: 0.110, H@10: 0.148 | Test - MRR: 0.1074 | *
[2026-03-11 02:04:44,540][root][INFO] - Epoch:  19 | Loss: 0.0028 | Val - MRR: 0.1205, MR: 3099.87, H@1: 0.099, H@3: 0.123, H@10: 0.161 | Test - MRR: 0.1189 | *
[2026-03-11 02:07:44,759][root][INFO] - Epoch:  20 | Loss: 0.0027 | Val - MRR: 0.1282, MR: 3034.00, H@1: 0.105, H@3: 0.133, H@10: 0.169 | Test - MRR: 0.1264 | *
[2026-03-11 02:10:43,912][root][INFO] - Epoch:  21 | Loss: 0.0027 | Val - MRR: 0.1374, MR: 2970.08, H@1: 0.113, H@3: 0.143, H@10: 0.182 | Test - MRR: 0.1366 | *
[2026-03-11 02:13:43,809][root][INFO] - Epoch:  22 | Loss: 0.0027 | Val - MRR: 0.1436, MR: 2921.17, H@1: 0.116, H@3: 0.151, H@10: 0.197 | Test - MRR: 0.1430 | *
[2026-03-11 02:16:42,054][root][INFO] - Epoch:  23 | Loss: 0.0026 | Val - MRR: 0.1491, MR: 2853.41, H@1: 0.120, H@3: 0.156, H@10: 0.207 | Test - MRR: 0.1491 | *
[2026-03-11 02:19:42,891][root][INFO] - Epoch:  24 | Loss: 0.0026 | Val - MRR: 0.1538, MR: 2788.98, H@1: 0.122, H@3: 0.163, H@10: 0.216 | Test - MRR: 0.1533 | *
[2026-03-11 02:22:41,811][root][INFO] - Epoch:  25 | Loss: 0.0025 | Val - MRR: 0.1587, MR: 2730.91, H@1: 0.125, H@3: 0.170, H@10: 0.227 | Test - MRR: 0.1583 | *
[2026-03-11 02:25:46,181][root][INFO] - Epoch:  26 | Loss: 0.0025 | Val - MRR: 0.1652, MR: 2667.39, H@1: 0.129, H@3: 0.178, H@10: 0.235 | Test - MRR: 0.1645 | *
[2026-03-11 02:28:49,096][root][INFO] - Epoch:  27 | Loss: 0.0025 | Val - MRR: 0.1702, MR: 2603.01, H@1: 0.132, H@3: 0.184, H@10: 0.243 | Test - MRR: 0.1692 | *
[2026-03-11 02:31:50,806][root][INFO] - Epoch:  28 | Loss: 0.0025 | Val - MRR: 0.1753, MR: 2548.00, H@1: 0.135, H@3: 0.191, H@10: 0.253 | Test - MRR: 0.1751 | *
[2026-03-11 02:34:53,301][root][INFO] - Epoch:  29 | Loss: 0.0025 | Val - MRR: 0.1794, MR: 2493.83, H@1: 0.137, H@3: 0.197, H@10: 0.259 | Test - MRR: 0.1793 | *
[2026-03-11 02:37:51,781][root][INFO] - Epoch:  30 | Loss: 0.0024 | Val - MRR: 0.1871, MR: 2417.87, H@1: 0.145, H@3: 0.202, H@10: 0.271 | Test - MRR: 0.1862 | *
[2026-03-11 02:40:51,017][root][INFO] - Epoch:  31 | Loss: 0.0024 | Val - MRR: 0.1914, MR: 2346.98, H@1: 0.148, H@3: 0.207, H@10: 0.279 | Test - MRR: 0.1906 | *
[2026-03-11 02:44:02,198][root][INFO] - Epoch:  32 | Loss: 0.0023 | Val - MRR: 0.1962, MR: 2273.05, H@1: 0.151, H@3: 0.213, H@10: 0.286 | Test - MRR: 0.1949 | *
[2026-03-11 02:48:24,357][root][INFO] - Epoch:  33 | Loss: 0.0023 | Val - MRR: 0.1991, MR: 2192.93, H@1: 0.152, H@3: 0.216, H@10: 0.293 | Test - MRR: 0.1975 | *
[2026-03-11 02:51:17,142][root][INFO] - Epoch:  34 | Loss: 0.0023 | Val - MRR: 0.2029, MR: 2105.56, H@1: 0.154, H@3: 0.221, H@10: 0.299 | Test - MRR: 0.2015 | *
[2026-03-11 02:54:09,978][root][INFO] - Epoch:  35 | Loss: 0.0023 | Val - MRR: 0.2065, MR: 2008.72, H@1: 0.156, H@3: 0.225, H@10: 0.306 | Test - MRR: 0.2053 | *
[2026-03-11 02:57:05,537][root][INFO] - Epoch:  36 | Loss: 0.0023 | Val - MRR: 0.2089, MR: 1926.01, H@1: 0.157, H@3: 0.227, H@10: 0.310 | Test - MRR: 0.2072 | *
[2026-03-11 02:59:53,518][root][INFO] - Epoch:  37 | Loss: 0.0022 | Val - MRR: 0.2106, MR: 1859.37, H@1: 0.157, H@3: 0.230, H@10: 0.315 | Test - MRR: 0.2089 | *
[2026-03-11 03:02:42,158][root][INFO] - Epoch:  38 | Loss: 0.0022 | Val - MRR: 0.2128, MR: 1760.51, H@1: 0.159, H@3: 0.232, H@10: 0.318 | Test - MRR: 0.2110 | *
[2026-03-11 03:05:28,940][root][INFO] - Epoch:  39 | Loss: 0.0022 | Val - MRR: 0.2162, MR: 1652.85, H@1: 0.162, H@3: 0.235, H@10: 0.323 | Test - MRR: 0.2141 | *
[2026-03-11 03:08:18,337][root][INFO] - Epoch:  40 | Loss: 0.0022 | Val - MRR: 0.2172, MR: 1557.46, H@1: 0.161, H@3: 0.237, H@10: 0.324 | Test - MRR: 0.2153 | *
[2026-03-11 03:11:05,387][root][INFO] - Epoch:  41 | Loss: 0.0022 | Val - MRR: 0.2190, MR: 1456.20, H@1: 0.162, H@3: 0.239, H@10: 0.329 | Test - MRR: 0.2175 | *
[2026-03-11 03:13:57,550][root][INFO] - Epoch:  42 | Loss: 0.0021 | Val - MRR: 0.2207, MR: 1378.48, H@1: 0.164, H@3: 0.239, H@10: 0.332 | Test - MRR: 0.2183 | *
[2026-03-11 03:16:44,545][root][INFO] - Epoch:  43 | Loss: 0.0021 | Val - MRR: 0.2232, MR: 1285.67, H@1: 0.166, H@3: 0.241, H@10: 0.335 | Test - MRR: 0.2207 | *
[2026-03-11 03:19:32,509][root][INFO] - Epoch:  44 | Loss: 0.0021 | Val - MRR: 0.2243, MR: 1216.09, H@1: 0.166, H@3: 0.244, H@10: 0.339 | Test - MRR: 0.2221 | *
[2026-03-11 03:22:32,789][root][INFO] - Epoch:  45 | Loss: 0.0021 | Val - MRR: 0.2255, MR: 1139.25, H@1: 0.167, H@3: 0.244, H@10: 0.341 | Test - MRR: 0.2231 | *
[2026-03-11 03:25:27,865][root][INFO] - Epoch:  46 | Loss: 0.0021 | Val - MRR: 0.2269, MR: 1070.22, H@1: 0.167, H@3: 0.248, H@10: 0.344 | Test - MRR: 0.2256 | *
[2026-03-11 03:28:17,519][root][INFO] - Epoch:  47 | Loss: 0.0021 | Val - MRR: 0.2276, MR:  999.56, H@1: 0.167, H@3: 0.248, H@10: 0.345 | Test - MRR: 0.2254 | *
[2026-03-11 03:31:18,325][root][INFO] - Epoch:  48 | Loss: 0.0020 | Val - MRR: 0.2298, MR:  939.29, H@1: 0.170, H@3: 0.248, H@10: 0.347 | Test - MRR: 0.2274 | *
[2026-03-11 03:34:10,802][root][INFO] - Epoch:  49 | Loss: 0.0020 | Val - MRR: 0.2316, MR:  878.15, H@1: 0.171, H@3: 0.251, H@10: 0.350 | Test - MRR: 0.2294 | *
[2026-03-11 03:37:14,497][root][INFO] - Epoch:  50 | Loss: 0.0020 | Val - MRR: 0.2319, MR:  831.93, H@1: 0.171, H@3: 0.251, H@10: 0.351 | Test - MRR: 0.2309 | *
[2026-03-11 03:40:03,344][root][INFO] - Epoch:  51 | Loss: 0.0020 | Val - MRR: 0.2328, MR:  768.89, H@1: 0.172, H@3: 0.252, H@10: 0.352 | Test - MRR: 0.2309 | *
[2026-03-11 03:43:09,005][root][INFO] - Epoch:  52 | Loss: 0.0020 | Val - MRR: 0.2337, MR:  730.09, H@1: 0.172, H@3: 0.253, H@10: 0.355 | Test - MRR: 0.2322 | *
[2026-03-11 03:45:56,045][root][INFO] - Epoch:  53 | Loss: 0.0020 | Val - MRR: 0.2340, MR:  687.89, H@1: 0.172, H@3: 0.253, H@10: 0.356 | Test - MRR: 0.2331 | *
[2026-03-11 03:49:05,665][root][INFO] - Epoch:  54 | Loss: 0.0020 | Val - MRR: 0.2362, MR:  652.32, H@1: 0.174, H@3: 0.255, H@10: 0.358 | Test - MRR: 0.2349 | *
[2026-03-11 03:51:35,631][root][INFO] - Epoch:  55 | Loss: 0.0020 | Val - MRR: 0.2361, MR:  609.87, H@1: 0.173, H@3: 0.255, H@10: 0.359 | 
[2026-03-11 03:54:43,978][root][INFO] - Epoch:  56 | Loss: 0.0019 | Val - MRR: 0.2381, MR:  574.79, H@1: 0.175, H@3: 0.257, H@10: 0.362 | Test - MRR: 0.2361 | *
[2026-03-11 03:57:28,867][root][INFO] - Epoch:  57 | Loss: 0.0019 | Val - MRR: 0.2378, MR:  539.79, H@1: 0.174, H@3: 0.257, H@10: 0.363 | 
[2026-03-11 04:00:16,290][root][INFO] - Epoch:  58 | Loss: 0.0019 | Val - MRR: 0.2397, MR:  519.58, H@1: 0.175, H@3: 0.259, H@10: 0.365 | Test - MRR: 0.2384 | *
[2026-03-11 04:03:09,112][root][INFO] - Epoch:  59 | Loss: 0.0019 | Val - MRR: 0.2417, MR:  492.13, H@1: 0.177, H@3: 0.262, H@10: 0.367 | Test - MRR: 0.2393 | *
[2026-03-11 04:05:53,134][root][INFO] - Epoch:  60 | Loss: 0.0019 | Val - MRR: 0.2415, MR:  473.74, H@1: 0.176, H@3: 0.262, H@10: 0.367 | 
[2026-03-11 04:08:38,459][root][INFO] - Epoch:  61 | Loss: 0.0019 | Val - MRR: 0.2428, MR:  456.57, H@1: 0.177, H@3: 0.264, H@10: 0.370 | Test - MRR: 0.2414 | *
[2026-03-11 04:11:43,064][root][INFO] - Epoch:  62 | Loss: 0.0019 | Val - MRR: 0.2445, MR:  433.82, H@1: 0.178, H@3: 0.265, H@10: 0.372 | Test - MRR: 0.2427 | *
[2026-03-11 04:14:58,636][root][INFO] - Epoch:  63 | Loss: 0.0019 | Val - MRR: 0.2445, MR:  417.25, H@1: 0.177, H@3: 0.264, H@10: 0.376 | Test - MRR: 0.2428 | *
[2026-03-11 04:17:44,649][root][INFO] - Epoch:  64 | Loss: 0.0019 | Val - MRR: 0.2469, MR:  412.77, H@1: 0.180, H@3: 0.268, H@10: 0.376 | Test - MRR: 0.2450 | *
[2026-03-11 04:20:16,796][root][INFO] - Epoch:  65 | Loss: 0.0019 | Val - MRR: 0.2467, MR:  395.45, H@1: 0.179, H@3: 0.268, H@10: 0.380 | 
[2026-03-11 04:23:05,242][root][INFO] - Epoch:  66 | Loss: 0.0019 | Val - MRR: 0.2480, MR:  389.90, H@1: 0.180, H@3: 0.269, H@10: 0.381 | Test - MRR: 0.2467 | *
[2026-03-11 04:25:53,010][root][INFO] - Epoch:  67 | Loss: 0.0018 | Val - MRR: 0.2484, MR:  392.81, H@1: 0.180, H@3: 0.269, H@10: 0.382 | Test - MRR: 0.2474 | *
[2026-03-11 04:28:40,837][root][INFO] - Epoch:  68 | Loss: 0.0018 | Val - MRR: 0.2499, MR:  371.46, H@1: 0.182, H@3: 0.270, H@10: 0.384 | Test - MRR: 0.2482 | *
[2026-03-11 04:31:27,585][root][INFO] - Epoch:  69 | Loss: 0.0018 | Val - MRR: 0.2508, MR:  363.72, H@1: 0.182, H@3: 0.271, H@10: 0.386 | Test - MRR: 0.2500 | *
[2026-03-11 04:34:16,207][root][INFO] - Epoch:  70 | Loss: 0.0018 | Val - MRR: 0.2526, MR:  357.09, H@1: 0.183, H@3: 0.276, H@10: 0.387 | Test - MRR: 0.2507 | *
[2026-03-11 04:37:30,910][root][INFO] - Epoch:  71 | Loss: 0.0018 | Val - MRR: 0.2527, MR:  356.05, H@1: 0.183, H@3: 0.275, H@10: 0.389 | Test - MRR: 0.2521 | *
[2026-03-11 04:40:18,483][root][INFO] - Epoch:  72 | Loss: 0.0018 | Val - MRR: 0.2529, MR:  351.19, H@1: 0.182, H@3: 0.275, H@10: 0.390 | Test - MRR: 0.2523 | *
[2026-03-11 04:43:11,466][root][INFO] - Epoch:  73 | Loss: 0.0018 | Val - MRR: 0.2549, MR:  344.72, H@1: 0.185, H@3: 0.277, H@10: 0.393 | Test - MRR: 0.2537 | *
[2026-03-11 04:45:39,231][root][INFO] - Epoch:  74 | Loss: 0.0018 | Val - MRR: 0.2542, MR:  341.12, H@1: 0.183, H@3: 0.276, H@10: 0.394 | 
[2026-03-11 04:48:21,589][root][INFO] - Epoch:  75 | Loss: 0.0018 | Val - MRR: 0.2564, MR:  328.18, H@1: 0.185, H@3: 0.280, H@10: 0.395 | Test - MRR: 0.2550 | *
[2026-03-11 04:51:05,415][root][INFO] - Epoch:  76 | Loss: 0.0018 | Val - MRR: 0.2575, MR:  327.97, H@1: 0.186, H@3: 0.281, H@10: 0.397 | Test - MRR: 0.2562 | *
[2026-03-11 04:53:51,159][root][INFO] - Epoch:  77 | Loss: 0.0018 | Val - MRR: 0.2592, MR:  329.94, H@1: 0.187, H@3: 0.283, H@10: 0.398 | Test - MRR: 0.2580 | *
[2026-03-11 04:56:33,492][root][INFO] - Epoch:  78 | Loss: 0.0018 | Val - MRR: 0.2599, MR:  323.98, H@1: 0.188, H@3: 0.282, H@10: 0.400 | Test - MRR: 0.2576 | *
[2026-03-11 04:59:16,119][root][INFO] - Epoch:  79 | Loss: 0.0018 | Val - MRR: 0.2616, MR:  318.08, H@1: 0.189, H@3: 0.284, H@10: 0.403 | Test - MRR: 0.2599 | *
[2026-03-11 05:02:02,699][root][INFO] - Epoch:  80 | Loss: 0.0018 | Val - MRR: 0.2623, MR:  309.25, H@1: 0.189, H@3: 0.286, H@10: 0.404 | Test - MRR: 0.2607 | *
[2026-03-11 05:04:48,668][root][INFO] - Epoch:  81 | Loss: 0.0018 | Val - MRR: 0.2631, MR:  302.04, H@1: 0.191, H@3: 0.286, H@10: 0.404 | Test - MRR: 0.2608 | *
[2026-03-11 05:07:16,443][root][INFO] - Epoch:  82 | Loss: 0.0018 | Val - MRR: 0.2638, MR:  299.79, H@1: 0.190, H@3: 0.287, H@10: 0.407 | Test - MRR: 0.2627 | *
[2026-03-11 05:09:40,302][root][INFO] - Epoch:  83 | Loss: 0.0018 | Val - MRR: 0.2656, MR:  306.26, H@1: 0.192, H@3: 0.291, H@10: 0.410 | Test - MRR: 0.2637 | *
[2026-03-11 05:12:01,973][root][INFO] - Epoch:  84 | Loss: 0.0018 | Val - MRR: 0.2677, MR:  307.99, H@1: 0.195, H@3: 0.292, H@10: 0.409 | Test - MRR: 0.2651 | *
[2026-03-11 05:14:24,684][root][INFO] - Epoch:  85 | Loss: 0.0018 | Val - MRR: 0.2679, MR:  294.25, H@1: 0.194, H@3: 0.294, H@10: 0.412 | Test - MRR: 0.2659 | *
[2026-03-11 05:16:46,142][root][INFO] - Epoch:  86 | Loss: 0.0017 | Val - MRR: 0.2690, MR:  290.91, H@1: 0.195, H@3: 0.293, H@10: 0.412 | Test - MRR: 0.2665 | *
[2026-03-11 05:19:09,285][root][INFO] - Epoch:  87 | Loss: 0.0017 | Val - MRR: 0.2695, MR:  298.43, H@1: 0.195, H@3: 0.295, H@10: 0.415 | Test - MRR: 0.2672 | *
[2026-03-11 05:21:31,473][root][INFO] - Epoch:  88 | Loss: 0.0017 | Val - MRR: 0.2713, MR:  290.39, H@1: 0.197, H@3: 0.296, H@10: 0.416 | Test - MRR: 0.2686 | *
[2026-03-11 05:23:53,028][root][INFO] - Epoch:  89 | Loss: 0.0017 | Val - MRR: 0.2729, MR:  285.76, H@1: 0.199, H@3: 0.296, H@10: 0.418 | Test - MRR: 0.2697 | *
[2026-03-11 05:26:17,551][root][INFO] - Epoch:  90 | Loss: 0.0017 | Val - MRR: 0.2743, MR:  285.29, H@1: 0.200, H@3: 0.298, H@10: 0.420 | Test - MRR: 0.2712 | *
[2026-03-11 05:28:19,943][root][INFO] - Epoch:  91 | Loss: 0.0017 | Val - MRR: 0.2741, MR:  281.48, H@1: 0.200, H@3: 0.296, H@10: 0.420 | 
[2026-03-11 05:30:39,259][root][INFO] - Epoch:  92 | Loss: 0.0017 | Val - MRR: 0.2759, MR:  278.93, H@1: 0.202, H@3: 0.299, H@10: 0.423 | Test - MRR: 0.2735 | *
[2026-03-11 05:33:00,918][root][INFO] - Epoch:  93 | Loss: 0.0017 | Val - MRR: 0.2777, MR:  280.54, H@1: 0.203, H@3: 0.301, H@10: 0.425 | Test - MRR: 0.2750 | *
[2026-03-11 05:35:04,447][root][INFO] - Epoch:  94 | Loss: 0.0017 | Val - MRR: 0.2776, MR:  274.44, H@1: 0.202, H@3: 0.302, H@10: 0.426 | 
[2026-03-11 05:37:26,596][root][INFO] - Epoch:  95 | Loss: 0.0017 | Val - MRR: 0.2800, MR:  276.56, H@1: 0.205, H@3: 0.304, H@10: 0.427 | Test - MRR: 0.2766 | *
[2026-03-11 05:39:46,566][root][INFO] - Epoch:  96 | Loss: 0.0017 | Val - MRR: 0.2815, MR:  271.52, H@1: 0.207, H@3: 0.305, H@10: 0.430 | Test - MRR: 0.2782 | *
[2026-03-11 05:42:06,109][root][INFO] - Epoch:  97 | Loss: 0.0017 | Val - MRR: 0.2826, MR:  273.41, H@1: 0.208, H@3: 0.306, H@10: 0.431 | Test - MRR: 0.2812 | *
[2026-03-11 05:44:26,888][root][INFO] - Epoch:  98 | Loss: 0.0017 | Val - MRR: 0.2833, MR:  273.61, H@1: 0.208, H@3: 0.308, H@10: 0.433 | Test - MRR: 0.2821 | *
[2026-03-11 05:46:47,478][root][INFO] - Epoch:  99 | Loss: 0.0017 | Val - MRR: 0.2844, MR:  274.46, H@1: 0.209, H@3: 0.309, H@10: 0.434 | Test - MRR: 0.2819 | *
[2026-03-11 05:48:50,949][root][INFO] - Epoch: 100 | Loss: 0.0017 | Val - MRR: 0.2840, MR:  275.48, H@1: 0.207, H@3: 0.309, H@10: 0.435 | 
[2026-03-11 05:51:10,271][root][INFO] - Epoch: 101 | Loss: 0.0017 | Val - MRR: 0.2851, MR:  271.08, H@1: 0.209, H@3: 0.310, H@10: 0.435 | Test - MRR: 0.2824 | *
[2026-03-11 05:53:29,032][root][INFO] - Epoch: 102 | Loss: 0.0017 | Val - MRR: 0.2859, MR:  264.55, H@1: 0.209, H@3: 0.311, H@10: 0.437 | Test - MRR: 0.2836 | *
[2026-03-11 05:55:48,802][root][INFO] - Epoch: 103 | Loss: 0.0017 | Val - MRR: 0.2875, MR:  261.12, H@1: 0.211, H@3: 0.312, H@10: 0.439 | Test - MRR: 0.2851 | *
[2026-03-11 05:58:08,029][root][INFO] - Epoch: 104 | Loss: 0.0017 | Val - MRR: 0.2878, MR:  263.98, H@1: 0.211, H@3: 0.312, H@10: 0.440 | Test - MRR: 0.2846 | *
[2026-03-11 06:00:26,846][root][INFO] - Epoch: 105 | Loss: 0.0017 | Val - MRR: 0.2887, MR:  260.69, H@1: 0.212, H@3: 0.314, H@10: 0.441 | Test - MRR: 0.2863 | *
[2026-03-11 06:02:44,963][root][INFO] - Epoch: 106 | Loss: 0.0017 | Val - MRR: 0.2894, MR:  260.15, H@1: 0.212, H@3: 0.314, H@10: 0.442 | Test - MRR: 0.2863 | *
[2026-03-11 06:05:07,320][root][INFO] - Epoch: 107 | Loss: 0.0017 | Val - MRR: 0.2902, MR:  257.64, H@1: 0.213, H@3: 0.315, H@10: 0.445 | Test - MRR: 0.2871 | *
[2026-03-11 06:07:08,947][root][INFO] - Epoch: 108 | Loss: 0.0017 | Val - MRR: 0.2900, MR:  257.42, H@1: 0.212, H@3: 0.317, H@10: 0.443 | 
[2026-03-11 06:09:28,583][root][INFO] - Epoch: 109 | Loss: 0.0017 | Val - MRR: 0.2908, MR:  254.68, H@1: 0.213, H@3: 0.316, H@10: 0.445 | Test - MRR: 0.2887 | *
[2026-03-11 06:11:48,291][root][INFO] - Epoch: 110 | Loss: 0.0017 | Val - MRR: 0.2924, MR:  250.24, H@1: 0.214, H@3: 0.319, H@10: 0.447 | Test - MRR: 0.2897 | *
[2026-03-11 06:13:52,503][root][INFO] - Epoch: 111 | Loss: 0.0017 | Val - MRR: 0.2922, MR:  250.72, H@1: 0.214, H@3: 0.320, H@10: 0.446 | 
[2026-03-11 06:16:12,312][root][INFO] - Epoch: 112 | Loss: 0.0017 | Val - MRR: 0.2931, MR:  247.50, H@1: 0.215, H@3: 0.319, H@10: 0.448 | Test - MRR: 0.2899 | *
[2026-03-11 06:18:32,552][root][INFO] - Epoch: 113 | Loss: 0.0017 | Val - MRR: 0.2937, MR:  249.74, H@1: 0.215, H@3: 0.319, H@10: 0.449 | Test - MRR: 0.2911 | *
[2026-03-11 06:20:52,908][root][INFO] - Epoch: 114 | Loss: 0.0017 | Val - MRR: 0.2958, MR:  245.48, H@1: 0.218, H@3: 0.320, H@10: 0.450 | Test - MRR: 0.2929 | *
[2026-03-11 06:23:12,553][root][INFO] - Epoch: 115 | Loss: 0.0017 | Val - MRR: 0.2973, MR:  242.91, H@1: 0.219, H@3: 0.321, H@10: 0.452 | Test - MRR: 0.2941 | *
[2026-03-11 06:25:16,748][root][INFO] - Epoch: 116 | Loss: 0.0017 | Val - MRR: 0.2969, MR:  243.51, H@1: 0.218, H@3: 0.322, H@10: 0.452 | 
[2026-03-11 06:27:18,404][root][INFO] - Epoch: 117 | Loss: 0.0017 | Val - MRR: 0.2971, MR:  240.87, H@1: 0.219, H@3: 0.322, H@10: 0.452 | 
[2026-03-11 06:29:20,685][root][INFO] - Epoch: 118 | Loss: 0.0016 | Val - MRR: 0.2973, MR:  241.88, H@1: 0.218, H@3: 0.323, H@10: 0.454 | 
[2026-03-11 06:31:40,193][root][INFO] - Epoch: 119 | Loss: 0.0016 | Val - MRR: 0.2984, MR:  237.66, H@1: 0.220, H@3: 0.322, H@10: 0.454 | Test - MRR: 0.2959 | *
[2026-03-11 06:34:00,169][root][INFO] - Epoch: 120 | Loss: 0.0017 | Val - MRR: 0.2987, MR:  236.84, H@1: 0.219, H@3: 0.324, H@10: 0.454 | Test - MRR: 0.2959 | *
[2026-03-11 06:36:19,079][root][INFO] - Epoch: 121 | Loss: 0.0016 | Val - MRR: 0.2995, MR:  235.40, H@1: 0.220, H@3: 0.326, H@10: 0.457 | Test - MRR: 0.2975 | *
[2026-03-11 06:38:38,146][root][INFO] - Epoch: 122 | Loss: 0.0016 | Val - MRR: 0.3005, MR:  237.66, H@1: 0.222, H@3: 0.325, H@10: 0.458 | Test - MRR: 0.2975 | *
[2026-03-11 06:40:41,108][root][INFO] - Epoch: 123 | Loss: 0.0016 | Val - MRR: 0.3001, MR:  237.77, H@1: 0.220, H@3: 0.325, H@10: 0.458 | 
[2026-03-11 06:43:00,600][root][INFO] - Epoch: 124 | Loss: 0.0016 | Val - MRR: 0.3010, MR:  236.32, H@1: 0.222, H@3: 0.325, H@10: 0.459 | Test - MRR: 0.2990 | *
[2026-03-11 06:45:19,340][root][INFO] - Epoch: 125 | Loss: 0.0016 | Val - MRR: 0.3016, MR:  235.40, H@1: 0.222, H@3: 0.327, H@10: 0.460 | Test - MRR: 0.2989 | *
[2026-03-11 06:47:37,703][root][INFO] - Epoch: 126 | Loss: 0.0016 | Val - MRR: 0.3026, MR:  232.89, H@1: 0.222, H@3: 0.328, H@10: 0.461 | Test - MRR: 0.3004 | *
[2026-03-11 06:49:56,897][root][INFO] - Epoch: 127 | Loss: 0.0016 | Val - MRR: 0.3029, MR:  229.64, H@1: 0.223, H@3: 0.329, H@10: 0.462 | Test - MRR: 0.3003 | *
[2026-03-11 06:52:16,450][root][INFO] - Epoch: 128 | Loss: 0.0016 | Val - MRR: 0.3035, MR:  228.06, H@1: 0.223, H@3: 0.330, H@10: 0.465 | Test - MRR: 0.3004 | *
[2026-03-11 06:54:34,304][root][INFO] - Epoch: 129 | Loss: 0.0016 | Val - MRR: 0.3054, MR:  230.32, H@1: 0.225, H@3: 0.332, H@10: 0.464 | Test - MRR: 0.3025 | *
[2026-03-11 06:56:36,337][root][INFO] - Epoch: 130 | Loss: 0.0016 | Val - MRR: 0.3050, MR:  227.78, H@1: 0.225, H@3: 0.330, H@10: 0.464 | 
[2026-03-11 06:58:37,682][root][INFO] - Epoch: 131 | Loss: 0.0016 | Val - MRR: 0.3050, MR:  228.89, H@1: 0.225, H@3: 0.331, H@10: 0.465 | 
[2026-03-11 07:00:57,227][root][INFO] - Epoch: 132 | Loss: 0.0016 | Val - MRR: 0.3057, MR:  225.90, H@1: 0.225, H@3: 0.333, H@10: 0.466 | Test - MRR: 0.3028 | *
[2026-03-11 07:03:16,048][root][INFO] - Epoch: 133 | Loss: 0.0016 | Val - MRR: 0.3067, MR:  224.74, H@1: 0.226, H@3: 0.334, H@10: 0.468 | Test - MRR: 0.3028 | *
[2026-03-11 07:05:36,018][root][INFO] - Epoch: 134 | Loss: 0.0016 | Val - MRR: 0.3080, MR:  224.41, H@1: 0.227, H@3: 0.333, H@10: 0.469 | Test - MRR: 0.3046 | *
[2026-03-11 07:07:37,300][root][INFO] - Epoch: 135 | Loss: 0.0016 | Val - MRR: 0.3070, MR:  227.58, H@1: 0.226, H@3: 0.333, H@10: 0.469 | 
[2026-03-11 07:09:39,812][root][INFO] - Epoch: 136 | Loss: 0.0016 | Val - MRR: 0.3071, MR:  224.07, H@1: 0.226, H@3: 0.332, H@10: 0.469 | 
[2026-03-11 07:11:59,382][root][INFO] - Epoch: 137 | Loss: 0.0016 | Val - MRR: 0.3086, MR:  222.48, H@1: 0.227, H@3: 0.335, H@10: 0.469 | Test - MRR: 0.3049 | *
[2026-03-11 07:13:59,999][root][INFO] - Epoch: 138 | Loss: 0.0016 | Val - MRR: 0.3074, MR:  224.35, H@1: 0.225, H@3: 0.335, H@10: 0.471 | 
[2026-03-11 07:16:01,076][root][INFO] - Epoch: 139 | Loss: 0.0016 | Val - MRR: 0.3085, MR:  219.19, H@1: 0.226, H@3: 0.335, H@10: 0.471 | 
[2026-03-11 07:18:18,872][root][INFO] - Epoch: 140 | Loss: 0.0016 | Val - MRR: 0.3086, MR:  219.60, H@1: 0.227, H@3: 0.335, H@10: 0.472 | Test - MRR: 0.3051 | *
[2026-03-11 07:20:39,837][root][INFO] - Epoch: 141 | Loss: 0.0016 | Val - MRR: 0.3105, MR:  217.92, H@1: 0.229, H@3: 0.337, H@10: 0.473 | Test - MRR: 0.3073 | *
[2026-03-11 07:22:43,232][root][INFO] - Epoch: 142 | Loss: 0.0016 | Val - MRR: 0.3095, MR:  216.29, H@1: 0.228, H@3: 0.336, H@10: 0.472 | 
[2026-03-11 07:25:01,168][root][INFO] - Epoch: 143 | Loss: 0.0016 | Val - MRR: 0.3106, MR:  215.92, H@1: 0.229, H@3: 0.338, H@10: 0.472 | Test - MRR: 0.3069 | *
[2026-03-11 07:27:20,577][root][INFO] - Epoch: 144 | Loss: 0.0016 | Val - MRR: 0.3116, MR:  214.07, H@1: 0.229, H@3: 0.339, H@10: 0.474 | Test - MRR: 0.3075 | *
[2026-03-11 07:29:23,132][root][INFO] - Epoch: 145 | Loss: 0.0016 | Val - MRR: 0.3112, MR:  217.71, H@1: 0.229, H@3: 0.338, H@10: 0.475 | 
[2026-03-11 07:31:42,766][root][INFO] - Epoch: 146 | Loss: 0.0016 | Val - MRR: 0.3122, MR:  216.99, H@1: 0.230, H@3: 0.339, H@10: 0.476 | Test - MRR: 0.3080 | *
[2026-03-11 07:33:46,436][root][INFO] - Epoch: 147 | Loss: 0.0016 | Val - MRR: 0.3112, MR:  215.24, H@1: 0.228, H@3: 0.339, H@10: 0.476 | 
[2026-03-11 07:36:07,630][root][INFO] - Epoch: 148 | Loss: 0.0016 | Val - MRR: 0.3132, MR:  215.35, H@1: 0.231, H@3: 0.340, H@10: 0.476 | Test - MRR: 0.3098 | *
[2026-03-11 07:38:09,076][root][INFO] - Epoch: 149 | Loss: 0.0016 | Val - MRR: 0.3127, MR:  215.82, H@1: 0.230, H@3: 0.341, H@10: 0.477 | 
[2026-03-11 07:40:11,370][root][INFO] - Epoch: 150 | Loss: 0.0016 | Val - MRR: 0.3128, MR:  215.66, H@1: 0.230, H@3: 0.340, H@10: 0.479 | 
[2026-03-11 07:42:29,877][root][INFO] - Epoch: 151 | Loss: 0.0016 | Val - MRR: 0.3137, MR:  213.72, H@1: 0.231, H@3: 0.340, H@10: 0.479 | Test - MRR: 0.3111 | *
[2026-03-11 07:44:49,715][root][INFO] - Epoch: 152 | Loss: 0.0016 | Val - MRR: 0.3146, MR:  213.51, H@1: 0.232, H@3: 0.341, H@10: 0.479 | Test - MRR: 0.3106 | *
[2026-03-11 07:46:51,654][root][INFO] - Epoch: 153 | Loss: 0.0016 | Val - MRR: 0.3146, MR:  212.06, H@1: 0.231, H@3: 0.342, H@10: 0.481 | 
[2026-03-11 07:49:10,235][root][INFO] - Epoch: 154 | Loss: 0.0016 | Val - MRR: 0.3161, MR:  208.81, H@1: 0.232, H@3: 0.344, H@10: 0.482 | Test - MRR: 0.3119 | *
[2026-03-11 07:51:28,743][root][INFO] - Epoch: 155 | Loss: 0.0016 | Val - MRR: 0.3165, MR:  207.00, H@1: 0.233, H@3: 0.344, H@10: 0.482 | Test - MRR: 0.3129 | *
[2026-03-11 07:53:31,190][root][INFO] - Epoch: 156 | Loss: 0.0016 | Val - MRR: 0.3163, MR:  206.98, H@1: 0.233, H@3: 0.343, H@10: 0.482 | 
[2026-03-11 07:55:34,113][root][INFO] - Epoch: 157 | Loss: 0.0016 | Val - MRR: 0.3161, MR:  206.47, H@1: 0.233, H@3: 0.344, H@10: 0.483 | 
[2026-03-11 07:57:52,687][root][INFO] - Epoch: 158 | Loss: 0.0016 | Val - MRR: 0.3171, MR:  205.98, H@1: 0.233, H@3: 0.344, H@10: 0.485 | Test - MRR: 0.3129 | *
[2026-03-11 08:00:11,404][root][INFO] - Epoch: 159 | Loss: 0.0016 | Val - MRR: 0.3179, MR:  202.49, H@1: 0.234, H@3: 0.346, H@10: 0.484 | Test - MRR: 0.3140 | *
[2026-03-11 08:02:31,033][root][INFO] - Epoch: 160 | Loss: 0.0016 | Val - MRR: 0.3180, MR:  203.78, H@1: 0.233, H@3: 0.346, H@10: 0.487 | Test - MRR: 0.3138 | *
[2026-03-11 08:04:49,872][root][INFO] - Epoch: 161 | Loss: 0.0016 | Val - MRR: 0.3185, MR:  202.78, H@1: 0.235, H@3: 0.345, H@10: 0.486 | Test - MRR: 0.3140 | *
[2026-03-11 08:07:07,789][root][INFO] - Epoch: 162 | Loss: 0.0016 | Val - MRR: 0.3200, MR:  203.09, H@1: 0.236, H@3: 0.350, H@10: 0.486 | Test - MRR: 0.3154 | *
[2026-03-11 08:09:09,462][root][INFO] - Epoch: 163 | Loss: 0.0016 | Val - MRR: 0.3200, MR:  201.15, H@1: 0.237, H@3: 0.347, H@10: 0.486 | 
[2026-03-11 08:11:10,532][root][INFO] - Epoch: 164 | Loss: 0.0016 | Val - MRR: 0.3187, MR:  199.87, H@1: 0.234, H@3: 0.349, H@10: 0.486 | 
[2026-03-11 08:13:14,043][root][INFO] - Epoch: 165 | Loss: 0.0016 | Val - MRR: 0.3189, MR:  197.95, H@1: 0.234, H@3: 0.349, H@10: 0.486 | 
[2026-03-11 08:15:16,721][root][INFO] - Epoch: 166 | Loss: 0.0016 | Val - MRR: 0.3200, MR:  196.00, H@1: 0.236, H@3: 0.348, H@10: 0.488 | 
[2026-03-11 08:17:36,050][root][INFO] - Epoch: 167 | Loss: 0.0016 | Val - MRR: 0.3205, MR:  197.89, H@1: 0.236, H@3: 0.350, H@10: 0.489 | Test - MRR: 0.3167 | *
[2026-03-11 08:19:54,443][root][INFO] - Epoch: 168 | Loss: 0.0016 | Val - MRR: 0.3206, MR:  199.22, H@1: 0.236, H@3: 0.350, H@10: 0.490 | Test - MRR: 0.3167 | *
[2026-03-11 08:22:12,635][root][INFO] - Epoch: 169 | Loss: 0.0016 | Val - MRR: 0.3211, MR:  197.96, H@1: 0.237, H@3: 0.350, H@10: 0.489 | Test - MRR: 0.3178 | *
[2026-03-11 08:24:31,975][root][INFO] - Epoch: 170 | Loss: 0.0016 | Val - MRR: 0.3216, MR:  197.25, H@1: 0.237, H@3: 0.351, H@10: 0.490 | Test - MRR: 0.3186 | *
[2026-03-11 08:26:31,972][root][INFO] - Epoch: 171 | Loss: 0.0016 | Val - MRR: 0.3205, MR:  199.37, H@1: 0.235, H@3: 0.350, H@10: 0.490 | 
[2026-03-11 08:28:51,553][root][INFO] - Epoch: 172 | Loss: 0.0016 | Val - MRR: 0.3218, MR:  197.01, H@1: 0.237, H@3: 0.351, H@10: 0.491 | Test - MRR: 0.3186 | *
[2026-03-11 08:31:09,391][root][INFO] - Epoch: 173 | Loss: 0.0016 | Val - MRR: 0.3224, MR:  196.95, H@1: 0.238, H@3: 0.352, H@10: 0.493 | Test - MRR: 0.3189 | *
[2026-03-11 08:33:28,896][root][INFO] - Epoch: 174 | Loss: 0.0016 | Val - MRR: 0.3225, MR:  197.02, H@1: 0.238, H@3: 0.351, H@10: 0.491 | Test - MRR: 0.3186 | *
[2026-03-11 08:35:47,870][root][INFO] - Epoch: 175 | Loss: 0.0016 | Val - MRR: 0.3240, MR:  195.20, H@1: 0.239, H@3: 0.353, H@10: 0.493 | Test - MRR: 0.3202 | *
[2026-03-11 08:37:48,703][root][INFO] - Epoch: 176 | Loss: 0.0016 | Val - MRR: 0.3225, MR:  194.84, H@1: 0.237, H@3: 0.352, H@10: 0.492 | 
[2026-03-11 08:39:50,909][root][INFO] - Epoch: 177 | Loss: 0.0016 | Val - MRR: 0.3235, MR:  194.03, H@1: 0.239, H@3: 0.353, H@10: 0.492 | 
[2026-03-11 08:41:51,783][root][INFO] - Epoch: 178 | Loss: 0.0016 | Val - MRR: 0.3230, MR:  192.96, H@1: 0.237, H@3: 0.353, H@10: 0.493 | 
[2026-03-11 08:43:53,684][root][INFO] - Epoch: 179 | Loss: 0.0016 | Val - MRR: 0.3239, MR:  193.57, H@1: 0.239, H@3: 0.354, H@10: 0.493 | 
[2026-03-11 08:46:11,927][root][INFO] - Epoch: 180 | Loss: 0.0016 | Val - MRR: 0.3247, MR:  192.09, H@1: 0.240, H@3: 0.353, H@10: 0.494 | Test - MRR: 0.3213 | *
[2026-03-11 08:48:13,469][root][INFO] - Epoch: 181 | Loss: 0.0016 | Val - MRR: 0.3244, MR:  191.51, H@1: 0.239, H@3: 0.353, H@10: 0.494 | 
[2026-03-11 08:50:14,425][root][INFO] - Epoch: 182 | Loss: 0.0016 | Val - MRR: 0.3245, MR:  192.25, H@1: 0.240, H@3: 0.353, H@10: 0.495 | 
[2026-03-11 08:52:32,484][root][INFO] - Epoch: 183 | Loss: 0.0016 | Val - MRR: 0.3256, MR:  191.93, H@1: 0.240, H@3: 0.355, H@10: 0.496 | Test - MRR: 0.3217 | *
[2026-03-11 08:54:35,168][root][INFO] - Epoch: 184 | Loss: 0.0016 | Val - MRR: 0.3251, MR:  189.72, H@1: 0.240, H@3: 0.354, H@10: 0.495 | 
[2026-03-11 08:56:53,103][root][INFO] - Epoch: 185 | Loss: 0.0016 | Val - MRR: 0.3263, MR:  189.64, H@1: 0.241, H@3: 0.356, H@10: 0.496 | Test - MRR: 0.3225 | *
[2026-03-11 08:59:12,218][root][INFO] - Epoch: 186 | Loss: 0.0016 | Val - MRR: 0.3265, MR:  189.45, H@1: 0.241, H@3: 0.356, H@10: 0.498 | Test - MRR: 0.3229 | *
[2026-03-11 09:01:30,242][root][INFO] - Epoch: 187 | Loss: 0.0016 | Val - MRR: 0.3269, MR:  191.05, H@1: 0.243, H@3: 0.354, H@10: 0.497 | Test - MRR: 0.3231 | *
[2026-03-11 09:03:49,642][root][INFO] - Epoch: 188 | Loss: 0.0016 | Val - MRR: 0.3273, MR:  189.56, H@1: 0.242, H@3: 0.357, H@10: 0.497 | Test - MRR: 0.3229 | *
[2026-03-11 09:05:49,934][root][INFO] - Epoch: 189 | Loss: 0.0016 | Val - MRR: 0.3266, MR:  190.47, H@1: 0.241, H@3: 0.357, H@10: 0.497 | 
[2026-03-11 09:07:51,676][root][INFO] - Epoch: 190 | Loss: 0.0016 | Val - MRR: 0.3267, MR:  191.45, H@1: 0.242, H@3: 0.356, H@10: 0.499 | 
[2026-03-11 09:10:09,959][root][INFO] - Epoch: 191 | Loss: 0.0016 | Val - MRR: 0.3277, MR:  190.89, H@1: 0.242, H@3: 0.356, H@10: 0.500 | Test - MRR: 0.3238 | *
[2026-03-11 09:12:27,698][root][INFO] - Epoch: 192 | Loss: 0.0016 | Val - MRR: 0.3282, MR:  189.92, H@1: 0.243, H@3: 0.357, H@10: 0.499 | Test - MRR: 0.3234 | *
[2026-03-11 09:14:46,344][root][INFO] - Epoch: 193 | Loss: 0.0016 | Val - MRR: 0.3291, MR:  188.82, H@1: 0.244, H@3: 0.358, H@10: 0.499 | Test - MRR: 0.3243 | *
[2026-03-11 09:16:46,561][root][INFO] - Epoch: 194 | Loss: 0.0016 | Val - MRR: 0.3281, MR:  189.88, H@1: 0.243, H@3: 0.359, H@10: 0.499 | 
[2026-03-11 09:18:47,608][root][INFO] - Epoch: 195 | Loss: 0.0016 | Val - MRR: 0.3287, MR:  190.51, H@1: 0.243, H@3: 0.358, H@10: 0.500 | 
[2026-03-11 09:20:49,093][root][INFO] - Epoch: 196 | Loss: 0.0016 | Val - MRR: 0.3288, MR:  188.65, H@1: 0.243, H@3: 0.358, H@10: 0.501 | 
[2026-03-11 09:22:51,193][root][INFO] - Epoch: 197 | Loss: 0.0016 | Val - MRR: 0.3286, MR:  188.37, H@1: 0.243, H@3: 0.359, H@10: 0.500 | 
[2026-03-11 09:24:52,946][root][INFO] - Epoch: 198 | Loss: 0.0016 | Val - MRR: 0.3291, MR:  185.30, H@1: 0.244, H@3: 0.359, H@10: 0.501 | 
[2026-03-11 09:27:13,727][root][INFO] - Epoch: 199 | Loss: 0.0016 | Val - MRR: 0.3296, MR:  186.16, H@1: 0.244, H@3: 0.359, H@10: 0.499 | Test - MRR: 0.3253 | *
[2026-03-11 09:29:14,153][root][INFO] - Epoch: 200 | Loss: 0.0016 | Val - MRR: 0.3296, MR:  187.05, H@1: 0.244, H@3: 0.360, H@10: 0.501 | 
[2026-03-11 09:31:32,692][root][INFO] - Epoch: 201 | Loss: 0.0016 | Val - MRR: 0.3302, MR:  186.93, H@1: 0.245, H@3: 0.361, H@10: 0.501 | Test - MRR: 0.3250 | *
[2026-03-11 09:33:33,237][root][INFO] - Epoch: 202 | Loss: 0.0016 | Val - MRR: 0.3301, MR:  184.77, H@1: 0.244, H@3: 0.359, H@10: 0.501 | 
[2026-03-11 09:35:34,666][root][INFO] - Epoch: 203 | Loss: 0.0016 | Val - MRR: 0.3300, MR:  185.74, H@1: 0.244, H@3: 0.361, H@10: 0.502 | 
[2026-03-11 09:37:35,662][root][INFO] - Epoch: 204 | Loss: 0.0016 | Val - MRR: 0.3302, MR:  185.00, H@1: 0.244, H@3: 0.359, H@10: 0.503 | 
[2026-03-11 09:39:36,618][root][INFO] - Epoch: 205 | Loss: 0.0016 | Val - MRR: 0.3302, MR:  184.75, H@1: 0.244, H@3: 0.360, H@10: 0.502 | 
[2026-03-11 09:41:56,046][root][INFO] - Epoch: 206 | Loss: 0.0015 | Val - MRR: 0.3308, MR:  182.96, H@1: 0.245, H@3: 0.361, H@10: 0.503 | Test - MRR: 0.3261 | *
[2026-03-11 09:43:56,798][root][INFO] - Epoch: 207 | Loss: 0.0016 | Val - MRR: 0.3304, MR:  182.81, H@1: 0.244, H@3: 0.360, H@10: 0.503 | 
[2026-03-11 09:46:14,400][root][INFO] - Epoch: 208 | Loss: 0.0015 | Val - MRR: 0.3310, MR:  182.53, H@1: 0.245, H@3: 0.361, H@10: 0.503 | Test - MRR: 0.3271 | *
[2026-03-11 09:48:14,333][root][INFO] - Epoch: 209 | Loss: 0.0015 | Val - MRR: 0.3309, MR:  181.54, H@1: 0.244, H@3: 0.361, H@10: 0.502 | 
[2026-03-11 09:50:32,620][root][INFO] - Epoch: 210 | Loss: 0.0016 | Val - MRR: 0.3312, MR:  182.33, H@1: 0.245, H@3: 0.361, H@10: 0.503 | Test - MRR: 0.3268 | *
[2026-03-11 09:52:50,958][root][INFO] - Epoch: 211 | Loss: 0.0015 | Val - MRR: 0.3316, MR:  182.14, H@1: 0.245, H@3: 0.361, H@10: 0.505 | Test - MRR: 0.3275 | *
[2026-03-11 09:55:11,043][root][INFO] - Epoch: 212 | Loss: 0.0015 | Val - MRR: 0.3329, MR:  181.73, H@1: 0.248, H@3: 0.362, H@10: 0.505 | Test - MRR: 0.3282 | *
[2026-03-11 09:57:28,901][root][INFO] - Epoch: 213 | Loss: 0.0015 | Val - MRR: 0.3335, MR:  180.75, H@1: 0.248, H@3: 0.363, H@10: 0.506 | Test - MRR: 0.3283 | *
[2026-03-11 09:59:31,321][root][INFO] - Epoch: 214 | Loss: 0.0015 | Val - MRR: 0.3329, MR:  179.68, H@1: 0.247, H@3: 0.362, H@10: 0.505 | 
[2026-03-11 10:01:32,818][root][INFO] - Epoch: 215 | Loss: 0.0015 | Val - MRR: 0.3330, MR:  181.05, H@1: 0.247, H@3: 0.362, H@10: 0.506 | 
[2026-03-11 10:03:34,345][root][INFO] - Epoch: 216 | Loss: 0.0015 | Val - MRR: 0.3325, MR:  180.48, H@1: 0.247, H@3: 0.362, H@10: 0.506 | 
[2026-03-11 10:05:35,004][root][INFO] - Epoch: 217 | Loss: 0.0015 | Val - MRR: 0.3328, MR:  181.10, H@1: 0.247, H@3: 0.361, H@10: 0.505 | 
[2026-03-11 10:07:36,077][root][INFO] - Epoch: 218 | Loss: 0.0015 | Val - MRR: 0.3333, MR:  181.31, H@1: 0.247, H@3: 0.363, H@10: 0.507 | 
[2026-03-11 10:09:52,836][root][INFO] - Epoch: 219 | Loss: 0.0015 | Val - MRR: 0.3337, MR:  181.12, H@1: 0.247, H@3: 0.364, H@10: 0.507 | Test - MRR: 0.3302 | *
[2026-03-11 10:12:10,838][root][INFO] - Epoch: 220 | Loss: 0.0015 | Val - MRR: 0.3345, MR:  180.31, H@1: 0.248, H@3: 0.364, H@10: 0.508 | Test - MRR: 0.3304 | *
[2026-03-11 10:14:28,006][root][INFO] - Epoch: 221 | Loss: 0.0015 | Val - MRR: 0.3348, MR:  182.47, H@1: 0.249, H@3: 0.363, H@10: 0.508 | Test - MRR: 0.3307 | *
[2026-03-11 10:16:28,849][root][INFO] - Epoch: 222 | Loss: 0.0015 | Val - MRR: 0.3336, MR:  179.30, H@1: 0.247, H@3: 0.364, H@10: 0.507 | 
[2026-03-11 10:18:28,244][root][INFO] - Epoch: 223 | Loss: 0.0015 | Val - MRR: 0.3346, MR:  179.67, H@1: 0.248, H@3: 0.365, H@10: 0.508 | 
[2026-03-11 10:20:28,914][root][INFO] - Epoch: 224 | Loss: 0.0015 | Val - MRR: 0.3342, MR:  179.37, H@1: 0.247, H@3: 0.365, H@10: 0.508 | 
[2026-03-11 10:22:29,280][root][INFO] - Epoch: 225 | Loss: 0.0015 | Val - MRR: 0.3341, MR:  178.41, H@1: 0.248, H@3: 0.364, H@10: 0.508 | 
[2026-03-11 10:24:28,276][root][INFO] - Epoch: 226 | Loss: 0.0015 | Val - MRR: 0.3339, MR:  178.26, H@1: 0.247, H@3: 0.364, H@10: 0.510 | 
[2026-03-11 10:26:44,612][root][INFO] - Epoch: 227 | Loss: 0.0015 | Val - MRR: 0.3352, MR:  178.19, H@1: 0.249, H@3: 0.365, H@10: 0.509 | Test - MRR: 0.3307 | *
[2026-03-11 10:28:45,369][root][INFO] - Epoch: 228 | Loss: 0.0015 | Val - MRR: 0.3352, MR:  178.70, H@1: 0.249, H@3: 0.364, H@10: 0.508 | 
[2026-03-11 10:31:02,047][root][INFO] - Epoch: 229 | Loss: 0.0015 | Val - MRR: 0.3366, MR:  178.17, H@1: 0.251, H@3: 0.365, H@10: 0.509 | Test - MRR: 0.3318 | *
[2026-03-11 10:33:02,924][root][INFO] - Epoch: 230 | Loss: 0.0015 | Val - MRR: 0.3356, MR:  178.10, H@1: 0.249, H@3: 0.365, H@10: 0.508 | 
[2026-03-11 10:35:03,249][root][INFO] - Epoch: 231 | Loss: 0.0015 | Val - MRR: 0.3361, MR:  177.91, H@1: 0.250, H@3: 0.365, H@10: 0.511 | 
[2026-03-11 10:37:02,045][root][INFO] - Epoch: 232 | Loss: 0.0015 | Val - MRR: 0.3365, MR:  176.67, H@1: 0.250, H@3: 0.366, H@10: 0.511 | 
[2026-03-11 10:39:02,139][root][INFO] - Epoch: 233 | Loss: 0.0015 | Val - MRR: 0.3361, MR:  176.74, H@1: 0.249, H@3: 0.366, H@10: 0.510 | 
[2026-03-11 10:41:20,832][root][INFO] - Epoch: 234 | Loss: 0.0015 | Val - MRR: 0.3375, MR:  176.22, H@1: 0.252, H@3: 0.367, H@10: 0.510 | Test - MRR: 0.3328 | *
[2026-03-11 10:43:19,848][root][INFO] - Epoch: 235 | Loss: 0.0015 | Val - MRR: 0.3369, MR:  175.15, H@1: 0.250, H@3: 0.367, H@10: 0.511 | 
[2026-03-11 10:45:19,818][root][INFO] - Epoch: 236 | Loss: 0.0015 | Val - MRR: 0.3370, MR:  176.32, H@1: 0.250, H@3: 0.368, H@10: 0.511 | 
[2026-03-11 10:47:19,086][root][INFO] - Epoch: 237 | Loss: 0.0015 | Val - MRR: 0.3372, MR:  175.69, H@1: 0.250, H@3: 0.367, H@10: 0.511 | 
[2026-03-11 10:49:35,354][root][INFO] - Epoch: 238 | Loss: 0.0015 | Val - MRR: 0.3376, MR:  175.83, H@1: 0.251, H@3: 0.368, H@10: 0.510 | Test - MRR: 0.3329 | *
[2026-03-11 10:51:35,216][root][INFO] - Epoch: 239 | Loss: 0.0015 | Val - MRR: 0.3370, MR:  177.75, H@1: 0.250, H@3: 0.367, H@10: 0.513 | 
[2026-03-11 10:53:52,773][root][INFO] - Epoch: 240 | Loss: 0.0015 | Val - MRR: 0.3383, MR:  175.00, H@1: 0.252, H@3: 0.367, H@10: 0.512 | Test - MRR: 0.3339 | *
[2026-03-11 10:56:09,702][root][INFO] - Epoch: 241 | Loss: 0.0015 | Val - MRR: 0.3384, MR:  175.94, H@1: 0.252, H@3: 0.367, H@10: 0.512 | Test - MRR: 0.3331 | *
[2026-03-11 10:58:26,283][root][INFO] - Epoch: 242 | Loss: 0.0015 | Val - MRR: 0.3389, MR:  176.49, H@1: 0.252, H@3: 0.369, H@10: 0.514 | Test - MRR: 0.3341 | *
[2026-03-11 11:00:25,522][root][INFO] - Epoch: 243 | Loss: 0.0015 | Val - MRR: 0.3385, MR:  174.61, H@1: 0.252, H@3: 0.367, H@10: 0.514 | 
[2026-03-11 11:02:24,830][root][INFO] - Epoch: 244 | Loss: 0.0015 | Val - MRR: 0.3383, MR:  175.22, H@1: 0.252, H@3: 0.367, H@10: 0.514 | 
[2026-03-11 11:04:25,527][root][INFO] - Epoch: 245 | Loss: 0.0015 | Val - MRR: 0.3387, MR:  174.79, H@1: 0.252, H@3: 0.368, H@10: 0.515 | 
[2026-03-11 11:06:25,028][root][INFO] - Epoch: 246 | Loss: 0.0015 | Val - MRR: 0.3387, MR:  175.28, H@1: 0.253, H@3: 0.366, H@10: 0.513 | 
[2026-03-11 11:08:23,709][root][INFO] - Epoch: 247 | Loss: 0.0015 | Val - MRR: 0.3377, MR:  175.59, H@1: 0.251, H@3: 0.367, H@10: 0.513 | 
[2026-03-11 11:10:24,216][root][INFO] - Epoch: 248 | Loss: 0.0015 | Val - MRR: 0.3386, MR:  175.28, H@1: 0.252, H@3: 0.368, H@10: 0.514 | 
[2026-03-11 11:12:24,317][root][INFO] - Epoch: 249 | Loss: 0.0015 | Val - MRR: 0.3385, MR:  175.80, H@1: 0.252, H@3: 0.369, H@10: 0.513 | 
[2026-03-11 11:14:24,213][root][INFO] - Epoch: 250 | Loss: 0.0015 | Val - MRR: 0.3386, MR:  174.38, H@1: 0.253, H@3: 0.368, H@10: 0.512 | 
[2026-03-11 11:16:41,943][root][INFO] - Epoch: 251 | Loss: 0.0015 | Val - MRR: 0.3396, MR:  174.11, H@1: 0.253, H@3: 0.370, H@10: 0.515 | Test - MRR: 0.3356 | *
[2026-03-11 11:18:41,266][root][INFO] - Epoch: 252 | Loss: 0.0015 | Val - MRR: 0.3389, MR:  174.64, H@1: 0.252, H@3: 0.368, H@10: 0.514 | 
[2026-03-11 11:20:41,663][root][INFO] - Epoch: 253 | Loss: 0.0015 | Val - MRR: 0.3394, MR:  173.99, H@1: 0.252, H@3: 0.370, H@10: 0.515 | 
[2026-03-11 11:22:41,451][root][INFO] - Epoch: 254 | Loss: 0.0015 | Val - MRR: 0.3394, MR:  173.21, H@1: 0.253, H@3: 0.370, H@10: 0.514 | 
[2026-03-11 11:24:57,129][root][INFO] - Epoch: 255 | Loss: 0.0015 | Val - MRR: 0.3407, MR:  174.16, H@1: 0.253, H@3: 0.371, H@10: 0.516 | Test - MRR: 0.3361 | *
[2026-03-11 11:26:55,862][root][INFO] - Epoch: 256 | Loss: 0.0015 | Val - MRR: 0.3403, MR:  174.10, H@1: 0.254, H@3: 0.369, H@10: 0.515 | 
[2026-03-11 11:29:12,398][root][INFO] - Epoch: 257 | Loss: 0.0015 | Val - MRR: 0.3410, MR:  173.44, H@1: 0.254, H@3: 0.371, H@10: 0.516 | Test - MRR: 0.3365 | *
[2026-03-11 11:31:12,680][root][INFO] - Epoch: 258 | Loss: 0.0015 | Val - MRR: 0.3399, MR:  172.84, H@1: 0.253, H@3: 0.370, H@10: 0.514 | 
[2026-03-11 11:33:11,260][root][INFO] - Epoch: 259 | Loss: 0.0015 | Val - MRR: 0.3400, MR:  173.31, H@1: 0.253, H@3: 0.371, H@10: 0.514 | 
[2026-03-11 11:35:27,695][root][INFO] - Epoch: 260 | Loss: 0.0015 | Val - MRR: 0.3411, MR:  173.30, H@1: 0.255, H@3: 0.371, H@10: 0.515 | Test - MRR: 0.3364 | *
[2026-03-11 11:37:42,551][root][INFO] - Epoch: 261 | Loss: 0.0015 | Val - MRR: 0.3418, MR:  172.87, H@1: 0.256, H@3: 0.371, H@10: 0.515 | Test - MRR: 0.3366 | *
[2026-03-11 11:39:59,035][root][INFO] - Epoch: 262 | Loss: 0.0015 | Val - MRR: 0.3421, MR:  172.36, H@1: 0.256, H@3: 0.373, H@10: 0.515 | Test - MRR: 0.3375 | *
[2026-03-11 11:41:58,214][root][INFO] - Epoch: 263 | Loss: 0.0015 | Val - MRR: 0.3416, MR:  172.15, H@1: 0.254, H@3: 0.373, H@10: 0.516 | 
[2026-03-11 11:43:57,260][root][INFO] - Epoch: 264 | Loss: 0.0015 | Val - MRR: 0.3418, MR:  171.37, H@1: 0.255, H@3: 0.371, H@10: 0.516 | 
[2026-03-11 11:45:59,172][root][INFO] - Epoch: 265 | Loss: 0.0015 | Val - MRR: 0.3414, MR:  171.79, H@1: 0.255, H@3: 0.371, H@10: 0.516 | 
[2026-03-11 11:47:57,651][root][INFO] - Epoch: 266 | Loss: 0.0015 | Val - MRR: 0.3412, MR:  170.56, H@1: 0.254, H@3: 0.371, H@10: 0.517 | 
[2026-03-11 11:50:13,011][root][INFO] - Epoch: 267 | Loss: 0.0015 | Val - MRR: 0.3422, MR:  171.06, H@1: 0.255, H@3: 0.373, H@10: 0.517 | Test - MRR: 0.3376 | *
[2026-03-11 11:52:12,457][root][INFO] - Epoch: 268 | Loss: 0.0015 | Val - MRR: 0.3418, MR:  170.92, H@1: 0.255, H@3: 0.372, H@10: 0.516 | 
[2026-03-11 11:54:11,130][root][INFO] - Epoch: 269 | Loss: 0.0015 | Val - MRR: 0.3420, MR:  170.79, H@1: 0.255, H@3: 0.372, H@10: 0.516 | 
[2026-03-11 11:56:28,159][root][INFO] - Epoch: 270 | Loss: 0.0015 | Val - MRR: 0.3426, MR:  171.15, H@1: 0.256, H@3: 0.373, H@10: 0.517 | Test - MRR: 0.3375 | *
[2026-03-11 11:58:26,547][root][INFO] - Epoch: 271 | Loss: 0.0015 | Val - MRR: 0.3421, MR:  170.05, H@1: 0.255, H@3: 0.372, H@10: 0.517 | 
[2026-03-11 12:00:24,801][root][INFO] - Epoch: 272 | Loss: 0.0015 | Val - MRR: 0.3416, MR:  169.85, H@1: 0.254, H@3: 0.373, H@10: 0.517 | 
[2026-03-11 12:02:24,122][root][INFO] - Epoch: 273 | Loss: 0.0015 | Val - MRR: 0.3410, MR:  170.72, H@1: 0.254, H@3: 0.371, H@10: 0.516 | 
[2026-03-11 12:04:25,542][root][INFO] - Epoch: 274 | Loss: 0.0015 | Val - MRR: 0.3418, MR:  170.72, H@1: 0.255, H@3: 0.372, H@10: 0.517 | 
[2026-03-11 12:06:23,972][root][INFO] - Epoch: 275 | Loss: 0.0015 | Val - MRR: 0.3425, MR:  170.86, H@1: 0.255, H@3: 0.373, H@10: 0.519 | 
[2026-03-11 12:08:40,571][root][INFO] - Epoch: 276 | Loss: 0.0015 | Val - MRR: 0.3428, MR:  171.82, H@1: 0.256, H@3: 0.372, H@10: 0.519 | Test - MRR: 0.3385 | *
[2026-03-11 12:10:57,015][root][INFO] - Epoch: 277 | Loss: 0.0015 | Val - MRR: 0.3433, MR:  170.81, H@1: 0.257, H@3: 0.374, H@10: 0.519 | Test - MRR: 0.3382 | *
[2026-03-11 12:13:12,213][root][INFO] - Epoch: 278 | Loss: 0.0015 | Val - MRR: 0.3433, MR:  169.65, H@1: 0.257, H@3: 0.373, H@10: 0.518 | Test - MRR: 0.3389 | *
[2026-03-11 12:15:28,718][root][INFO] - Epoch: 279 | Loss: 0.0015 | Val - MRR: 0.3435, MR:  169.66, H@1: 0.256, H@3: 0.374, H@10: 0.519 | Test - MRR: 0.3392 | *
[2026-03-11 12:17:27,011][root][INFO] - Epoch: 280 | Loss: 0.0015 | Val - MRR: 0.3434, MR:  169.01, H@1: 0.256, H@3: 0.373, H@10: 0.520 | 
[2026-03-11 12:19:26,362][root][INFO] - Epoch: 281 | Loss: 0.0015 | Val - MRR: 0.3429, MR:  170.23, H@1: 0.255, H@3: 0.374, H@10: 0.518 | 
[2026-03-11 12:21:25,097][root][INFO] - Epoch: 282 | Loss: 0.0015 | Val - MRR: 0.3435, MR:  170.05, H@1: 0.256, H@3: 0.374, H@10: 0.519 | 
[2026-03-11 12:23:22,860][root][INFO] - Epoch: 283 | Loss: 0.0015 | Val - MRR: 0.3432, MR:  169.23, H@1: 0.256, H@3: 0.374, H@10: 0.519 | 
[2026-03-11 12:25:38,742][root][INFO] - Epoch: 284 | Loss: 0.0015 | Val - MRR: 0.3436, MR:  168.54, H@1: 0.256, H@3: 0.375, H@10: 0.519 | Test - MRR: 0.3387 | *
[2026-03-11 12:27:55,237][root][INFO] - Epoch: 285 | Loss: 0.0015 | Val - MRR: 0.3437, MR:  169.84, H@1: 0.256, H@3: 0.374, H@10: 0.519 | Test - MRR: 0.3393 | *
[2026-03-11 12:30:11,442][root][INFO] - Epoch: 286 | Loss: 0.0015 | Val - MRR: 0.3445, MR:  169.19, H@1: 0.257, H@3: 0.374, H@10: 0.520 | Test - MRR: 0.3399 | *
[2026-03-11 12:32:26,955][root][INFO] - Epoch: 287 | Loss: 0.0015 | Val - MRR: 0.3446, MR:  171.23, H@1: 0.257, H@3: 0.377, H@10: 0.519 | Test - MRR: 0.3397 | *
[2026-03-11 12:34:27,983][root][INFO] - Epoch: 288 | Loss: 0.0015 | Val - MRR: 0.3436, MR:  170.46, H@1: 0.256, H@3: 0.375, H@10: 0.520 | 
[2026-03-11 12:36:26,451][root][INFO] - Epoch: 289 | Loss: 0.0015 | Val - MRR: 0.3438, MR:  169.97, H@1: 0.256, H@3: 0.375, H@10: 0.520 | 
[2026-03-11 12:38:26,125][root][INFO] - Epoch: 290 | Loss: 0.0015 | Val - MRR: 0.3439, MR:  170.32, H@1: 0.256, H@3: 0.375, H@10: 0.520 | 
[2026-03-11 12:40:25,855][root][INFO] - Epoch: 291 | Loss: 0.0015 | Val - MRR: 0.3441, MR:  168.76, H@1: 0.256, H@3: 0.375, H@10: 0.520 | 
[2026-03-11 12:42:25,132][root][INFO] - Epoch: 292 | Loss: 0.0015 | Val - MRR: 0.3443, MR:  169.49, H@1: 0.256, H@3: 0.376, H@10: 0.521 | 
[2026-03-11 12:44:23,868][root][INFO] - Epoch: 293 | Loss: 0.0015 | Val - MRR: 0.3441, MR:  168.67, H@1: 0.256, H@3: 0.376, H@10: 0.521 | 
[2026-03-11 12:46:40,846][root][INFO] - Epoch: 294 | Loss: 0.0015 | Val - MRR: 0.3459, MR:  169.25, H@1: 0.258, H@3: 0.377, H@10: 0.521 | Test - MRR: 0.3403 | *
[2026-03-11 12:48:40,250][root][INFO] - Epoch: 295 | Loss: 0.0015 | Val - MRR: 0.3455, MR:  169.32, H@1: 0.257, H@3: 0.376, H@10: 0.521 | 
[2026-03-11 12:50:39,499][root][INFO] - Epoch: 296 | Loss: 0.0015 | Val - MRR: 0.3452, MR:  168.51, H@1: 0.258, H@3: 0.376, H@10: 0.521 | 
[2026-03-11 12:52:38,739][root][INFO] - Epoch: 297 | Loss: 0.0015 | Val - MRR: 0.3454, MR:  168.70, H@1: 0.258, H@3: 0.376, H@10: 0.521 | 
[2026-03-11 12:54:37,063][root][INFO] - Epoch: 298 | Loss: 0.0015 | Val - MRR: 0.3448, MR:  169.40, H@1: 0.257, H@3: 0.376, H@10: 0.520 | 
[2026-03-11 12:56:35,336][root][INFO] - Epoch: 299 | Loss: 0.0015 | Val - MRR: 0.3456, MR:  168.27, H@1: 0.258, H@3: 0.376, H@10: 0.520 | 
[2026-03-11 12:58:34,831][root][INFO] - Epoch: 300 | Loss: 0.0015 | Val - MRR: 0.3459, MR:  167.26, H@1: 0.258, H@3: 0.376, H@10: 0.522 | 
[2026-03-11 13:00:33,589][root][INFO] - Epoch: 301 | Loss: 0.0015 | Val - MRR: 0.3450, MR:  168.34, H@1: 0.257, H@3: 0.375, H@10: 0.521 | 
[2026-03-11 13:02:33,282][root][INFO] - Epoch: 302 | Loss: 0.0015 | Val - MRR: 0.3454, MR:  167.94, H@1: 0.258, H@3: 0.376, H@10: 0.521 | 
[2026-03-11 13:04:31,862][root][INFO] - Epoch: 303 | Loss: 0.0015 | Val - MRR: 0.3459, MR:  167.69, H@1: 0.258, H@3: 0.376, H@10: 0.521 | 
[2026-03-11 13:06:31,227][root][INFO] - Epoch: 304 | Loss: 0.0015 | Val - MRR: 0.3457, MR:  168.65, H@1: 0.258, H@3: 0.377, H@10: 0.521 | 
[2026-03-11 13:08:30,045][root][INFO] - Epoch: 305 | Loss: 0.0015 | Val - MRR: 0.3457, MR:  168.32, H@1: 0.258, H@3: 0.377, H@10: 0.521 | 
[2026-03-11 13:10:28,808][root][INFO] - Epoch: 306 | Loss: 0.0015 | Val - MRR: 0.3458, MR:  166.17, H@1: 0.258, H@3: 0.377, H@10: 0.521 | 
[2026-03-11 13:12:28,559][root][INFO] - Epoch: 307 | Loss: 0.0015 | Val - MRR: 0.3458, MR:  167.73, H@1: 0.258, H@3: 0.377, H@10: 0.520 | 
[2026-03-11 13:14:44,779][root][INFO] - Epoch: 308 | Loss: 0.0015 | Val - MRR: 0.3461, MR:  167.38, H@1: 0.258, H@3: 0.378, H@10: 0.521 | Test - MRR: 0.3414 | *
[2026-03-11 13:16:43,426][root][INFO] - Epoch: 309 | Loss: 0.0015 | Val - MRR: 0.3460, MR:  167.25, H@1: 0.258, H@3: 0.378, H@10: 0.523 | 
[2026-03-11 13:18:59,472][root][INFO] - Epoch: 310 | Loss: 0.0015 | Val - MRR: 0.3467, MR:  165.99, H@1: 0.259, H@3: 0.378, H@10: 0.521 | Test - MRR: 0.3422 | *
[2026-03-11 13:20:58,726][root][INFO] - Epoch: 311 | Loss: 0.0015 | Val - MRR: 0.3467, MR:  167.06, H@1: 0.259, H@3: 0.377, H@10: 0.523 | 
[2026-03-11 13:22:57,086][root][INFO] - Epoch: 312 | Loss: 0.0015 | Val - MRR: 0.3464, MR:  165.92, H@1: 0.259, H@3: 0.377, H@10: 0.523 | 
[2026-03-11 13:24:56,723][root][INFO] - Epoch: 313 | Loss: 0.0015 | Val - MRR: 0.3464, MR:  166.79, H@1: 0.259, H@3: 0.377, H@10: 0.523 | 
[2026-03-11 13:26:54,072][root][INFO] - Epoch: 314 | Loss: 0.0015 | Val - MRR: 0.3463, MR:  166.28, H@1: 0.258, H@3: 0.377, H@10: 0.522 | 
[2026-03-11 13:28:54,229][root][INFO] - Epoch: 315 | Loss: 0.0015 | Val - MRR: 0.3459, MR:  167.12, H@1: 0.258, H@3: 0.377, H@10: 0.523 | 
[2026-03-11 13:30:53,065][root][INFO] - Epoch: 316 | Loss: 0.0015 | Val - MRR: 0.3466, MR:  165.78, H@1: 0.259, H@3: 0.377, H@10: 0.522 | 
[2026-03-11 13:32:51,425][root][INFO] - Epoch: 317 | Loss: 0.0015 | Val - MRR: 0.3465, MR:  166.26, H@1: 0.259, H@3: 0.377, H@10: 0.523 | 
[2026-03-11 13:34:51,366][root][INFO] - Epoch: 318 | Loss: 0.0015 | Val - MRR: 0.3463, MR:  165.75, H@1: 0.259, H@3: 0.377, H@10: 0.522 | 
[2026-03-11 13:36:50,056][root][INFO] - Epoch: 319 | Loss: 0.0015 | Val - MRR: 0.3466, MR:  165.78, H@1: 0.259, H@3: 0.377, H@10: 0.524 | 
[2026-03-11 13:39:06,805][root][INFO] - Epoch: 320 | Loss: 0.0015 | Val - MRR: 0.3475, MR:  166.36, H@1: 0.260, H@3: 0.378, H@10: 0.525 | Test - MRR: 0.3415 | *
[2026-03-11 13:41:06,761][root][INFO] - Epoch: 321 | Loss: 0.0015 | Val - MRR: 0.3471, MR:  166.32, H@1: 0.259, H@3: 0.379, H@10: 0.523 | 
[2026-03-11 13:43:05,026][root][INFO] - Epoch: 322 | Loss: 0.0015 | Val - MRR: 0.3466, MR:  166.52, H@1: 0.258, H@3: 0.378, H@10: 0.524 | 
[2026-03-11 13:45:20,716][root][INFO] - Epoch: 323 | Loss: 0.0015 | Val - MRR: 0.3477, MR:  166.24, H@1: 0.260, H@3: 0.378, H@10: 0.524 | Test - MRR: 0.3423 | *
[2026-03-11 13:47:38,012][root][INFO] - Epoch: 324 | Loss: 0.0015 | Val - MRR: 0.3478, MR:  166.33, H@1: 0.260, H@3: 0.379, H@10: 0.524 | Test - MRR: 0.3423 | *
[2026-03-11 13:49:53,233][root][INFO] - Epoch: 325 | Loss: 0.0015 | Val - MRR: 0.3487, MR:  164.22, H@1: 0.261, H@3: 0.379, H@10: 0.525 | Test - MRR: 0.3427 | *
[2026-03-11 13:51:53,781][root][INFO] - Epoch: 326 | Loss: 0.0015 | Val - MRR: 0.3483, MR:  165.08, H@1: 0.261, H@3: 0.378, H@10: 0.526 | 
[2026-03-11 13:53:53,714][root][INFO] - Epoch: 327 | Loss: 0.0015 | Val - MRR: 0.3483, MR:  164.69, H@1: 0.261, H@3: 0.378, H@10: 0.525 | 
[2026-03-11 13:55:54,222][root][INFO] - Epoch: 328 | Loss: 0.0015 | Val - MRR: 0.3474, MR:  165.07, H@1: 0.260, H@3: 0.378, H@10: 0.525 | 
[2026-03-11 13:57:53,324][root][INFO] - Epoch: 329 | Loss: 0.0015 | Val - MRR: 0.3481, MR:  165.40, H@1: 0.261, H@3: 0.378, H@10: 0.525 | 
[2026-03-11 13:59:53,339][root][INFO] - Epoch: 330 | Loss: 0.0015 | Val - MRR: 0.3482, MR:  165.97, H@1: 0.261, H@3: 0.378, H@10: 0.525 | 
[2026-03-11 14:01:52,324][root][INFO] - Epoch: 331 | Loss: 0.0015 | Val - MRR: 0.3485, MR:  166.02, H@1: 0.261, H@3: 0.378, H@10: 0.525 | 
[2026-03-11 14:03:50,790][root][INFO] - Epoch: 332 | Loss: 0.0015 | Val - MRR: 0.3486, MR:  165.92, H@1: 0.261, H@3: 0.380, H@10: 0.525 | 
[2026-03-11 14:06:08,313][root][INFO] - Epoch: 333 | Loss: 0.0015 | Val - MRR: 0.3491, MR:  166.44, H@1: 0.262, H@3: 0.380, H@10: 0.525 | Test - MRR: 0.3429 | *
[2026-03-11 14:08:06,843][root][INFO] - Epoch: 334 | Loss: 0.0015 | Val - MRR: 0.3484, MR:  165.41, H@1: 0.260, H@3: 0.380, H@10: 0.525 | 
[2026-03-11 14:10:07,119][root][INFO] - Epoch: 335 | Loss: 0.0015 | Val - MRR: 0.3491, MR:  165.81, H@1: 0.262, H@3: 0.380, H@10: 0.525 | 
[2026-03-11 14:12:07,124][root][INFO] - Epoch: 336 | Loss: 0.0015 | Val - MRR: 0.3487, MR:  165.77, H@1: 0.261, H@3: 0.379, H@10: 0.526 | 
[2026-03-11 14:14:05,722][root][INFO] - Epoch: 337 | Loss: 0.0015 | Val - MRR: 0.3490, MR:  165.03, H@1: 0.261, H@3: 0.381, H@10: 0.525 | 
[2026-03-11 14:16:04,661][root][INFO] - Epoch: 338 | Loss: 0.0015 | Val - MRR: 0.3489, MR:  165.00, H@1: 0.261, H@3: 0.381, H@10: 0.526 | 
[2026-03-11 14:18:03,804][root][INFO] - Epoch: 339 | Loss: 0.0015 | Val - MRR: 0.3491, MR:  165.43, H@1: 0.261, H@3: 0.380, H@10: 0.526 | 
[2026-03-11 14:20:18,158][root][INFO] - Epoch: 340 | Loss: 0.0015 | Val - MRR: 0.3492, MR:  164.87, H@1: 0.262, H@3: 0.380, H@10: 0.525 | Test - MRR: 0.3434 | *
[2026-03-11 14:22:16,855][root][INFO] - Epoch: 341 | Loss: 0.0015 | Val - MRR: 0.3479, MR:  163.74, H@1: 0.260, H@3: 0.379, H@10: 0.526 | 
[2026-03-11 14:24:35,347][root][INFO] - Epoch: 342 | Loss: 0.0015 | Val - MRR: 0.3496, MR:  164.94, H@1: 0.262, H@3: 0.382, H@10: 0.525 | Test - MRR: 0.3442 | *
[2026-03-11 14:26:32,683][root][INFO] - Epoch: 343 | Loss: 0.0015 | Val - MRR: 0.3490, MR:  165.41, H@1: 0.261, H@3: 0.379, H@10: 0.527 | 
[2026-03-11 14:28:32,544][root][INFO] - Epoch: 344 | Loss: 0.0015 | Val - MRR: 0.3489, MR:  164.39, H@1: 0.261, H@3: 0.380, H@10: 0.526 | 
[2026-03-11 14:30:31,088][root][INFO] - Epoch: 345 | Loss: 0.0015 | Val - MRR: 0.3492, MR:  163.37, H@1: 0.261, H@3: 0.380, H@10: 0.526 | 
[2026-03-11 14:32:30,836][root][INFO] - Epoch: 346 | Loss: 0.0015 | Val - MRR: 0.3494, MR:  163.82, H@1: 0.262, H@3: 0.380, H@10: 0.526 | 
[2026-03-11 14:34:28,320][root][INFO] - Epoch: 347 | Loss: 0.0015 | Val - MRR: 0.3484, MR:  163.28, H@1: 0.260, H@3: 0.380, H@10: 0.526 | 
[2026-03-11 14:36:27,463][root][INFO] - Epoch: 348 | Loss: 0.0015 | Val - MRR: 0.3485, MR:  164.18, H@1: 0.260, H@3: 0.379, H@10: 0.525 | 
[2026-03-11 14:38:25,884][root][INFO] - Epoch: 349 | Loss: 0.0015 | Val - MRR: 0.3492, MR:  164.30, H@1: 0.261, H@3: 0.380, H@10: 0.526 | 
[2026-03-11 14:40:40,644][root][INFO] - Epoch: 350 | Loss: 0.0015 | Val - MRR: 0.3499, MR:  163.85, H@1: 0.262, H@3: 0.381, H@10: 0.526 | Test - MRR: 0.3448 | *
[2026-03-11 14:42:38,615][root][INFO] - Epoch: 351 | Loss: 0.0015 | Val - MRR: 0.3494, MR:  165.18, H@1: 0.261, H@3: 0.380, H@10: 0.526 | 
[2026-03-11 14:44:36,878][root][INFO] - Epoch: 352 | Loss: 0.0015 | Val - MRR: 0.3498, MR:  165.23, H@1: 0.262, H@3: 0.380, H@10: 0.527 | 
[2026-03-11 14:46:34,855][root][INFO] - Epoch: 353 | Loss: 0.0015 | Val - MRR: 0.3491, MR:  164.66, H@1: 0.260, H@3: 0.381, H@10: 0.527 | 
[2026-03-11 14:48:31,621][root][INFO] - Epoch: 354 | Loss: 0.0015 | Val - MRR: 0.3493, MR:  164.70, H@1: 0.261, H@3: 0.381, H@10: 0.526 | 
[2026-03-11 14:50:29,996][root][INFO] - Epoch: 355 | Loss: 0.0015 | Val - MRR: 0.3491, MR:  164.57, H@1: 0.261, H@3: 0.381, H@10: 0.527 | 
[2026-03-11 14:52:28,838][root][INFO] - Epoch: 356 | Loss: 0.0015 | Val - MRR: 0.3491, MR:  164.17, H@1: 0.261, H@3: 0.381, H@10: 0.526 | 
[2026-03-11 14:54:26,999][root][INFO] - Epoch: 357 | Loss: 0.0015 | Val - MRR: 0.3492, MR:  163.88, H@1: 0.261, H@3: 0.380, H@10: 0.528 | 
[2026-03-11 14:56:25,306][root][INFO] - Epoch: 358 | Loss: 0.0015 | Val - MRR: 0.3495, MR:  164.28, H@1: 0.261, H@3: 0.380, H@10: 0.528 | 
[2026-03-11 14:58:23,416][root][INFO] - Epoch: 359 | Loss: 0.0015 | Val - MRR: 0.3495, MR:  164.23, H@1: 0.261, H@3: 0.380, H@10: 0.529 | 
[2026-03-11 15:00:38,153][root][INFO] - Epoch: 360 | Loss: 0.0015 | Val - MRR: 0.3502, MR:  163.68, H@1: 0.262, H@3: 0.381, H@10: 0.529 | Test - MRR: 0.3452 | *
[2026-03-11 15:02:36,566][root][INFO] - Epoch: 361 | Loss: 0.0015 | Val - MRR: 0.3491, MR:  164.47, H@1: 0.261, H@3: 0.380, H@10: 0.528 | 
[2026-03-11 15:04:33,586][root][INFO] - Epoch: 362 | Loss: 0.0015 | Val - MRR: 0.3500, MR:  163.67, H@1: 0.262, H@3: 0.381, H@10: 0.529 | 
[2026-03-11 15:06:32,656][root][INFO] - Epoch: 363 | Loss: 0.0015 | Val - MRR: 0.3498, MR:  164.25, H@1: 0.261, H@3: 0.381, H@10: 0.528 | 
[2026-03-11 15:08:48,917][root][INFO] - Epoch: 364 | Loss: 0.0015 | Val - MRR: 0.3503, MR:  163.94, H@1: 0.262, H@3: 0.382, H@10: 0.527 | Test - MRR: 0.3460 | *
[2026-03-11 15:11:05,208][root][INFO] - Epoch: 365 | Loss: 0.0015 | Val - MRR: 0.3504, MR:  164.05, H@1: 0.262, H@3: 0.382, H@10: 0.528 | Test - MRR: 0.3455 | *
[2026-03-11 15:13:03,584][root][INFO] - Epoch: 366 | Loss: 0.0015 | Val - MRR: 0.3502, MR:  163.07, H@1: 0.261, H@3: 0.382, H@10: 0.528 | 
[2026-03-11 15:15:01,320][root][INFO] - Epoch: 367 | Loss: 0.0015 | Val - MRR: 0.3498, MR:  163.19, H@1: 0.262, H@3: 0.381, H@10: 0.527 | 
[2026-03-11 15:17:00,472][root][INFO] - Epoch: 368 | Loss: 0.0015 | Val - MRR: 0.3492, MR:  163.53, H@1: 0.260, H@3: 0.381, H@10: 0.527 | 
[2026-03-11 15:18:58,351][root][INFO] - Epoch: 369 | Loss: 0.0015 | Val - MRR: 0.3494, MR:  164.85, H@1: 0.261, H@3: 0.382, H@10: 0.528 | 
[2026-03-11 15:20:58,353][root][INFO] - Epoch: 370 | Loss: 0.0015 | Val - MRR: 0.3497, MR:  163.86, H@1: 0.260, H@3: 0.383, H@10: 0.529 | 
[2026-03-11 15:23:13,291][root][INFO] - Epoch: 371 | Loss: 0.0015 | Val - MRR: 0.3509, MR:  163.17, H@1: 0.263, H@3: 0.383, H@10: 0.529 | Test - MRR: 0.3457 | *
[2026-03-11 15:25:12,161][root][INFO] - Epoch: 372 | Loss: 0.0015 | Val - MRR: 0.3507, MR:  163.57, H@1: 0.262, H@3: 0.382, H@10: 0.529 | 
[2026-03-11 15:27:09,504][root][INFO] - Epoch: 373 | Loss: 0.0015 | Val - MRR: 0.3508, MR:  163.56, H@1: 0.262, H@3: 0.383, H@10: 0.528 | 
[2026-03-11 15:29:07,957][root][INFO] - Epoch: 374 | Loss: 0.0015 | Val - MRR: 0.3495, MR:  163.40, H@1: 0.261, H@3: 0.382, H@10: 0.528 | 
[2026-03-11 15:31:05,283][root][INFO] - Epoch: 375 | Loss: 0.0015 | Val - MRR: 0.3498, MR:  163.33, H@1: 0.261, H@3: 0.381, H@10: 0.528 | 
[2026-03-11 15:33:03,873][root][INFO] - Epoch: 376 | Loss: 0.0015 | Val - MRR: 0.3502, MR:  163.85, H@1: 0.262, H@3: 0.381, H@10: 0.529 | 
[2026-03-11 15:35:01,307][root][INFO] - Epoch: 377 | Loss: 0.0015 | Val - MRR: 0.3499, MR:  164.03, H@1: 0.261, H@3: 0.382, H@10: 0.529 | 
[2026-03-11 15:36:58,054][root][INFO] - Epoch: 378 | Loss: 0.0015 | Val - MRR: 0.3498, MR:  163.69, H@1: 0.261, H@3: 0.382, H@10: 0.529 | 
[2026-03-11 15:38:55,616][root][INFO] - Epoch: 379 | Loss: 0.0015 | Val - MRR: 0.3503, MR:  162.82, H@1: 0.261, H@3: 0.382, H@10: 0.528 | 
[2026-03-11 15:40:54,510][root][INFO] - Epoch: 380 | Loss: 0.0015 | Val - MRR: 0.3503, MR:  163.97, H@1: 0.261, H@3: 0.382, H@10: 0.528 | 
[2026-03-11 15:42:52,552][root][INFO] - Epoch: 381 | Loss: 0.0015 | Val - MRR: 0.3499, MR:  163.56, H@1: 0.261, H@3: 0.382, H@10: 0.530 | 
[2026-03-11 15:44:49,943][root][INFO] - Epoch: 382 | Loss: 0.0015 | Val - MRR: 0.3500, MR:  163.06, H@1: 0.260, H@3: 0.382, H@10: 0.529 | 
[2026-03-11 15:46:48,383][root][INFO] - Epoch: 383 | Loss: 0.0015 | Val - MRR: 0.3500, MR:  161.90, H@1: 0.260, H@3: 0.382, H@10: 0.529 | 
[2026-03-11 15:48:48,111][root][INFO] - Epoch: 384 | Loss: 0.0015 | Val - MRR: 0.3505, MR:  163.18, H@1: 0.262, H@3: 0.383, H@10: 0.528 | 
[2026-03-11 15:50:45,199][root][INFO] - Epoch: 385 | Loss: 0.0015 | Val - MRR: 0.3507, MR:  162.40, H@1: 0.262, H@3: 0.381, H@10: 0.529 | 
[2026-03-11 15:52:44,439][root][INFO] - Epoch: 386 | Loss: 0.0015 | Val - MRR: 0.3507, MR:  163.10, H@1: 0.262, H@3: 0.382, H@10: 0.529 | 
[2026-03-11 15:54:42,504][root][INFO] - Epoch: 387 | Loss: 0.0015 | Val - MRR: 0.3507, MR:  162.47, H@1: 0.262, H@3: 0.382, H@10: 0.530 | 
[2026-03-11 15:56:41,810][root][INFO] - Epoch: 388 | Loss: 0.0015 | Val - MRR: 0.3502, MR:  162.71, H@1: 0.261, H@3: 0.382, H@10: 0.530 | 
[2026-03-11 15:58:39,946][root][INFO] - Epoch: 389 | Loss: 0.0015 | Val - MRR: 0.3506, MR:  163.56, H@1: 0.261, H@3: 0.383, H@10: 0.530 | 
[2026-03-11 16:00:38,027][root][INFO] - Epoch: 390 | Loss: 0.0015 | Val - MRR: 0.3509, MR:  162.90, H@1: 0.261, H@3: 0.384, H@10: 0.530 | 
[2026-03-11 16:02:55,180][root][INFO] - Epoch: 391 | Loss: 0.0015 | Val - MRR: 0.3515, MR:  162.46, H@1: 0.262, H@3: 0.384, H@10: 0.531 | Test - MRR: 0.3461 | *
[2026-03-11 16:04:53,261][root][INFO] - Epoch: 392 | Loss: 0.0015 | Val - MRR: 0.3507, MR:  161.79, H@1: 0.261, H@3: 0.383, H@10: 0.531 | 
[2026-03-11 16:06:51,187][root][INFO] - Epoch: 393 | Loss: 0.0015 | Val - MRR: 0.3510, MR:  162.91, H@1: 0.262, H@3: 0.383, H@10: 0.531 | 
[2026-03-11 16:08:48,202][root][INFO] - Epoch: 394 | Loss: 0.0015 | Val - MRR: 0.3512, MR:  162.47, H@1: 0.262, H@3: 0.383, H@10: 0.531 | 
[2026-03-11 16:10:46,119][root][INFO] - Epoch: 395 | Loss: 0.0015 | Val - MRR: 0.3507, MR:  162.92, H@1: 0.261, H@3: 0.383, H@10: 0.531 | 
[2026-03-11 16:12:44,239][root][INFO] - Epoch: 396 | Loss: 0.0015 | Val - MRR: 0.3508, MR:  161.63, H@1: 0.262, H@3: 0.383, H@10: 0.531 | 
[2026-03-11 16:14:42,004][root][INFO] - Epoch: 397 | Loss: 0.0015 | Val - MRR: 0.3515, MR:  162.68, H@1: 0.263, H@3: 0.382, H@10: 0.531 | 
[2026-03-11 16:16:40,464][root][INFO] - Epoch: 398 | Loss: 0.0015 | Val - MRR: 0.3506, MR:  163.49, H@1: 0.262, H@3: 0.382, H@10: 0.531 | 
[2026-03-11 16:18:38,139][root][INFO] - Epoch: 399 | Loss: 0.0015 | Val - MRR: 0.3510, MR:  162.13, H@1: 0.262, H@3: 0.383, H@10: 0.530 | 
[2026-03-11 16:20:35,791][root][INFO] - Epoch: 400 | Loss: 0.0015 | Val - MRR: 0.3508, MR:  160.85, H@1: 0.262, H@3: 0.382, H@10: 0.531 | 
[2026-03-11 16:22:33,199][root][INFO] - Epoch: 401 | Loss: 0.0015 | Val - MRR: 0.3510, MR:  162.22, H@1: 0.262, H@3: 0.383, H@10: 0.530 | 
[2026-03-11 16:24:30,928][root][INFO] - Epoch: 402 | Loss: 0.0015 | Val - MRR: 0.3512, MR:  162.18, H@1: 0.262, H@3: 0.383, H@10: 0.530 | 
[2026-03-11 16:26:30,899][root][INFO] - Epoch: 403 | Loss: 0.0015 | Val - MRR: 0.3512, MR:  163.53, H@1: 0.262, H@3: 0.384, H@10: 0.530 | 
[2026-03-11 16:28:44,682][root][INFO] - Epoch: 404 | Loss: 0.0015 | Val - MRR: 0.3517, MR:  162.73, H@1: 0.263, H@3: 0.384, H@10: 0.531 | Test - MRR: 0.3466 | *
[2026-03-11 16:30:59,412][root][INFO] - Epoch: 405 | Loss: 0.0015 | Val - MRR: 0.3518, MR:  161.32, H@1: 0.263, H@3: 0.384, H@10: 0.533 | Test - MRR: 0.3469 | *
[2026-03-11 16:33:14,491][root][INFO] - Epoch: 406 | Loss: 0.0015 | Val - MRR: 0.3520, MR:  161.69, H@1: 0.263, H@3: 0.383, H@10: 0.533 | Test - MRR: 0.3470 | *
[2026-03-11 16:35:11,876][root][INFO] - Epoch: 407 | Loss: 0.0015 | Val - MRR: 0.3518, MR:  162.19, H@1: 0.263, H@3: 0.384, H@10: 0.534 | 
[2026-03-11 16:37:25,470][root][INFO] - Epoch: 408 | Loss: 0.0015 | Val - MRR: 0.3521, MR:  161.71, H@1: 0.263, H@3: 0.384, H@10: 0.533 | Test - MRR: 0.3472 | *
[2026-03-11 16:39:24,369][root][INFO] - Epoch: 409 | Loss: 0.0015 | Val - MRR: 0.3517, MR:  162.59, H@1: 0.263, H@3: 0.383, H@10: 0.532 | 
[2026-03-11 16:41:37,281][root][INFO] - Epoch: 410 | Loss: 0.0015 | Val - MRR: 0.3524, MR:  161.64, H@1: 0.263, H@3: 0.383, H@10: 0.533 | Test - MRR: 0.3468 | *
[2026-03-11 16:43:34,831][root][INFO] - Epoch: 411 | Loss: 0.0015 | Val - MRR: 0.3520, MR:  161.89, H@1: 0.263, H@3: 0.383, H@10: 0.533 | 
[2026-03-11 16:45:50,200][root][INFO] - Epoch: 412 | Loss: 0.0015 | Val - MRR: 0.3529, MR:  161.35, H@1: 0.264, H@3: 0.384, H@10: 0.533 | Test - MRR: 0.3472 | *
[2026-03-11 16:48:03,376][root][INFO] - Epoch: 413 | Loss: 0.0015 | Val - MRR: 0.3531, MR:  161.58, H@1: 0.264, H@3: 0.384, H@10: 0.532 | Test - MRR: 0.3468 | *
[2026-03-11 16:50:01,892][root][INFO] - Epoch: 414 | Loss: 0.0015 | Val - MRR: 0.3522, MR:  162.18, H@1: 0.263, H@3: 0.383, H@10: 0.532 | 
[2026-03-11 16:51:59,324][root][INFO] - Epoch: 415 | Loss: 0.0015 | Val - MRR: 0.3523, MR:  161.90, H@1: 0.263, H@3: 0.384, H@10: 0.531 | 
[2026-03-11 16:53:56,855][root][INFO] - Epoch: 416 | Loss: 0.0015 | Val - MRR: 0.3522, MR:  161.44, H@1: 0.263, H@3: 0.384, H@10: 0.532 | 
[2026-03-11 16:55:53,631][root][INFO] - Epoch: 417 | Loss: 0.0015 | Val - MRR: 0.3525, MR:  161.90, H@1: 0.264, H@3: 0.384, H@10: 0.533 | 
[2026-03-11 16:57:51,173][root][INFO] - Epoch: 418 | Loss: 0.0015 | Val - MRR: 0.3530, MR:  162.21, H@1: 0.264, H@3: 0.385, H@10: 0.532 | 
[2026-03-11 16:59:47,664][root][INFO] - Epoch: 419 | Loss: 0.0015 | Val - MRR: 0.3522, MR:  161.97, H@1: 0.263, H@3: 0.385, H@10: 0.532 | 
[2026-03-11 17:01:45,743][root][INFO] - Epoch: 420 | Loss: 0.0015 | Val - MRR: 0.3522, MR:  162.28, H@1: 0.263, H@3: 0.384, H@10: 0.533 | 
[2026-03-11 17:03:42,259][root][INFO] - Epoch: 421 | Loss: 0.0015 | Val - MRR: 0.3523, MR:  161.50, H@1: 0.263, H@3: 0.385, H@10: 0.531 | 
[2026-03-11 17:05:38,761][root][INFO] - Epoch: 422 | Loss: 0.0015 | Val - MRR: 0.3521, MR:  161.74, H@1: 0.263, H@3: 0.385, H@10: 0.532 | 
[2026-03-11 17:07:36,552][root][INFO] - Epoch: 423 | Loss: 0.0015 | Val - MRR: 0.3525, MR:  162.07, H@1: 0.263, H@3: 0.385, H@10: 0.532 | 
[2026-03-11 17:09:32,101][root][INFO] - Epoch: 424 | Loss: 0.0015 | Val - MRR: 0.3528, MR:  161.75, H@1: 0.263, H@3: 0.384, H@10: 0.532 | 
[2026-03-11 17:11:29,447][root][INFO] - Epoch: 425 | Loss: 0.0015 | Val - MRR: 0.3528, MR:  160.68, H@1: 0.263, H@3: 0.385, H@10: 0.534 | 
[2026-03-11 17:13:27,158][root][INFO] - Epoch: 426 | Loss: 0.0015 | Val - MRR: 0.3528, MR:  162.04, H@1: 0.264, H@3: 0.385, H@10: 0.532 | 
[2026-03-11 17:15:24,022][root][INFO] - Epoch: 427 | Loss: 0.0015 | Val - MRR: 0.3522, MR:  162.13, H@1: 0.263, H@3: 0.384, H@10: 0.532 | 
[2026-03-11 17:17:21,651][root][INFO] - Epoch: 428 | Loss: 0.0015 | Val - MRR: 0.3527, MR:  161.53, H@1: 0.263, H@3: 0.385, H@10: 0.532 | 
[2026-03-11 17:19:18,297][root][INFO] - Epoch: 429 | Loss: 0.0015 | Val - MRR: 0.3528, MR:  161.37, H@1: 0.264, H@3: 0.385, H@10: 0.532 | 
[2026-03-11 17:21:32,444][root][INFO] - Epoch: 430 | Loss: 0.0015 | Val - MRR: 0.3533, MR:  161.06, H@1: 0.264, H@3: 0.386, H@10: 0.532 | Test - MRR: 0.3474 | *
[2026-03-11 17:23:46,657][root][INFO] - Epoch: 431 | Loss: 0.0015 | Val - MRR: 0.3535, MR:  161.83, H@1: 0.265, H@3: 0.385, H@10: 0.533 | Test - MRR: 0.3471 | *
[2026-03-11 17:25:43,237][root][INFO] - Epoch: 432 | Loss: 0.0015 | Val - MRR: 0.3526, MR:  161.77, H@1: 0.263, H@3: 0.386, H@10: 0.532 | 
[2026-03-11 17:27:39,465][root][INFO] - Epoch: 433 | Loss: 0.0015 | Val - MRR: 0.3529, MR:  162.28, H@1: 0.264, H@3: 0.384, H@10: 0.533 | 
[2026-03-11 17:29:35,598][root][INFO] - Epoch: 434 | Loss: 0.0015 | Val - MRR: 0.3529, MR:  161.45, H@1: 0.263, H@3: 0.386, H@10: 0.533 | 
[2026-03-11 17:31:33,814][root][INFO] - Epoch: 435 | Loss: 0.0015 | Val - MRR: 0.3533, MR:  160.99, H@1: 0.264, H@3: 0.385, H@10: 0.533 | 
[2026-03-11 17:33:49,152][root][INFO] - Epoch: 436 | Loss: 0.0015 | Val - MRR: 0.3536, MR:  161.50, H@1: 0.264, H@3: 0.385, H@10: 0.534 | Test - MRR: 0.3477 | *
[2026-03-11 17:35:46,328][root][INFO] - Epoch: 437 | Loss: 0.0015 | Val - MRR: 0.3532, MR:  161.65, H@1: 0.264, H@3: 0.385, H@10: 0.533 | 
[2026-03-11 17:37:42,836][root][INFO] - Epoch: 438 | Loss: 0.0015 | Val - MRR: 0.3530, MR:  161.05, H@1: 0.264, H@3: 0.385, H@10: 0.533 | 
[2026-03-11 17:39:41,254][root][INFO] - Epoch: 439 | Loss: 0.0015 | Val - MRR: 0.3529, MR:  161.58, H@1: 0.263, H@3: 0.385, H@10: 0.533 | 
[2026-03-11 17:41:38,001][root][INFO] - Epoch: 440 | Loss: 0.0015 | Val - MRR: 0.3525, MR:  162.18, H@1: 0.263, H@3: 0.385, H@10: 0.533 | 
[2026-03-11 17:43:35,677][root][INFO] - Epoch: 441 | Loss: 0.0015 | Val - MRR: 0.3527, MR:  161.31, H@1: 0.263, H@3: 0.385, H@10: 0.532 | 
[2026-03-11 17:45:32,119][root][INFO] - Epoch: 442 | Loss: 0.0015 | Val - MRR: 0.3530, MR:  161.92, H@1: 0.263, H@3: 0.386, H@10: 0.533 | 
[2026-03-11 17:47:30,665][root][INFO] - Epoch: 443 | Loss: 0.0015 | Val - MRR: 0.3529, MR:  161.75, H@1: 0.263, H@3: 0.386, H@10: 0.533 | 
[2026-03-11 17:49:27,712][root][INFO] - Epoch: 444 | Loss: 0.0015 | Val - MRR: 0.3527, MR:  161.81, H@1: 0.263, H@3: 0.386, H@10: 0.532 | 
[2026-03-11 17:51:25,791][root][INFO] - Epoch: 445 | Loss: 0.0015 | Val - MRR: 0.3533, MR:  161.46, H@1: 0.264, H@3: 0.386, H@10: 0.533 | 
[2026-03-11 17:53:40,780][root][INFO] - Epoch: 446 | Loss: 0.0015 | Val - MRR: 0.3536, MR:  161.98, H@1: 0.265, H@3: 0.385, H@10: 0.533 | Test - MRR: 0.3470 | *
[2026-03-11 17:55:36,297][root][INFO] - Epoch: 447 | Loss: 0.0015 | Val - MRR: 0.3534, MR:  161.65, H@1: 0.264, H@3: 0.385, H@10: 0.533 | 
[2026-03-11 17:57:33,914][root][INFO] - Epoch: 448 | Loss: 0.0015 | Val - MRR: 0.3532, MR:  161.85, H@1: 0.264, H@3: 0.386, H@10: 0.533 | 
[2026-03-11 17:59:31,834][root][INFO] - Epoch: 449 | Loss: 0.0015 | Val - MRR: 0.3528, MR:  161.42, H@1: 0.263, H@3: 0.385, H@10: 0.534 | 
[2026-03-11 18:01:29,011][root][INFO] - Epoch: 450 | Loss: 0.0015 | Val - MRR: 0.3531, MR:  162.13, H@1: 0.263, H@3: 0.385, H@10: 0.533 | 
[2026-03-11 18:03:46,370][root][INFO] - Epoch: 451 | Loss: 0.0015 | Val - MRR: 0.3537, MR:  161.88, H@1: 0.265, H@3: 0.385, H@10: 0.534 | Test - MRR: 0.3481 | *
[2026-03-11 18:05:43,266][root][INFO] - Epoch: 452 | Loss: 0.0015 | Val - MRR: 0.3532, MR:  161.34, H@1: 0.264, H@3: 0.385, H@10: 0.534 | 
[2026-03-11 18:07:39,531][root][INFO] - Epoch: 453 | Loss: 0.0015 | Val - MRR: 0.3530, MR:  161.53, H@1: 0.263, H@3: 0.385, H@10: 0.533 | 
[2026-03-11 18:09:36,107][root][INFO] - Epoch: 454 | Loss: 0.0015 | Val - MRR: 0.3528, MR:  161.19, H@1: 0.263, H@3: 0.385, H@10: 0.533 | 
[2026-03-11 18:11:31,785][root][INFO] - Epoch: 455 | Loss: 0.0015 | Val - MRR: 0.3533, MR:  161.32, H@1: 0.263, H@3: 0.386, H@10: 0.534 | 
[2026-03-11 18:13:27,828][root][INFO] - Epoch: 456 | Loss: 0.0015 | Val - MRR: 0.3533, MR:  161.38, H@1: 0.263, H@3: 0.386, H@10: 0.534 | 
[2026-03-11 18:15:23,409][root][INFO] - Epoch: 457 | Loss: 0.0015 | Val - MRR: 0.3532, MR:  161.88, H@1: 0.263, H@3: 0.386, H@10: 0.534 | 
[2026-03-11 18:17:21,079][root][INFO] - Epoch: 458 | Loss: 0.0015 | Val - MRR: 0.3536, MR:  161.48, H@1: 0.264, H@3: 0.386, H@10: 0.533 | 
[2026-03-11 18:19:33,185][root][INFO] - Epoch: 459 | Loss: 0.0015 | Val - MRR: 0.3541, MR:  161.68, H@1: 0.265, H@3: 0.386, H@10: 0.533 | Test - MRR: 0.3479 | *
[2026-03-11 18:21:45,250][root][INFO] - Epoch: 460 | Loss: 0.0015 | Val - MRR: 0.3543, MR:  161.40, H@1: 0.265, H@3: 0.387, H@10: 0.534 | Test - MRR: 0.3484 | *
[2026-03-11 18:23:40,638][root][INFO] - Epoch: 461 | Loss: 0.0015 | Val - MRR: 0.3542, MR:  160.88, H@1: 0.265, H@3: 0.386, H@10: 0.535 | 
[2026-03-11 18:25:37,405][root][INFO] - Epoch: 462 | Loss: 0.0015 | Val - MRR: 0.3540, MR:  161.20, H@1: 0.264, H@3: 0.386, H@10: 0.534 | 
[2026-03-11 18:27:49,183][root][INFO] - Epoch: 463 | Loss: 0.0015 | Val - MRR: 0.3543, MR:  161.10, H@1: 0.265, H@3: 0.387, H@10: 0.534 | Test - MRR: 0.3481 | *
[2026-03-11 18:29:44,662][root][INFO] - Epoch: 464 | Loss: 0.0015 | Val - MRR: 0.3538, MR:  161.50, H@1: 0.264, H@3: 0.385, H@10: 0.534 | 
[2026-03-11 18:31:40,910][root][INFO] - Epoch: 465 | Loss: 0.0015 | Val - MRR: 0.3536, MR:  160.34, H@1: 0.264, H@3: 0.385, H@10: 0.533 | 
[2026-03-11 18:33:37,352][root][INFO] - Epoch: 466 | Loss: 0.0015 | Val - MRR: 0.3531, MR:  161.47, H@1: 0.263, H@3: 0.386, H@10: 0.534 | 
[2026-03-11 18:35:33,201][root][INFO] - Epoch: 467 | Loss: 0.0015 | Val - MRR: 0.3537, MR:  161.33, H@1: 0.264, H@3: 0.386, H@10: 0.534 | 
[2026-03-11 18:37:32,966][root][INFO] - Epoch: 468 | Loss: 0.0015 | Val - MRR: 0.3534, MR:  160.66, H@1: 0.264, H@3: 0.387, H@10: 0.534 | 
[2026-03-11 18:39:26,805][root][INFO] - Epoch: 469 | Loss: 0.0015 | Val - MRR: 0.3539, MR:  161.52, H@1: 0.264, H@3: 0.386, H@10: 0.533 | 
[2026-03-11 18:41:23,581][root][INFO] - Epoch: 470 | Loss: 0.0015 | Val - MRR: 0.3539, MR:  161.23, H@1: 0.264, H@3: 0.387, H@10: 0.533 | 
[2026-03-11 18:43:19,335][root][INFO] - Epoch: 471 | Loss: 0.0015 | Val - MRR: 0.3539, MR:  160.75, H@1: 0.264, H@3: 0.386, H@10: 0.533 | 
[2026-03-11 18:45:14,492][root][INFO] - Epoch: 472 | Loss: 0.0015 | Val - MRR: 0.3536, MR:  161.74, H@1: 0.264, H@3: 0.386, H@10: 0.534 | 
[2026-03-11 18:47:11,663][root][INFO] - Epoch: 473 | Loss: 0.0015 | Val - MRR: 0.3540, MR:  161.46, H@1: 0.264, H@3: 0.387, H@10: 0.535 | 
[2026-03-11 18:49:08,321][root][INFO] - Epoch: 474 | Loss: 0.0015 | Val - MRR: 0.3541, MR:  161.80, H@1: 0.265, H@3: 0.387, H@10: 0.534 | 
[2026-03-11 18:51:04,108][root][INFO] - Epoch: 475 | Loss: 0.0015 | Val - MRR: 0.3542, MR:  161.52, H@1: 0.265, H@3: 0.387, H@10: 0.534 | 
[2026-03-11 18:53:00,271][root][INFO] - Epoch: 476 | Loss: 0.0015 | Val - MRR: 0.3543, MR:  161.65, H@1: 0.265, H@3: 0.387, H@10: 0.534 | 
[2026-03-11 18:54:55,462][root][INFO] - Epoch: 477 | Loss: 0.0015 | Val - MRR: 0.3539, MR:  161.95, H@1: 0.264, H@3: 0.386, H@10: 0.534 | 
[2026-03-11 18:56:52,052][root][INFO] - Epoch: 478 | Loss: 0.0015 | Val - MRR: 0.3537, MR:  162.50, H@1: 0.264, H@3: 0.386, H@10: 0.534 | 
[2026-03-11 18:58:50,450][root][INFO] - Epoch: 479 | Loss: 0.0015 | Val - MRR: 0.3538, MR:  162.17, H@1: 0.264, H@3: 0.385, H@10: 0.534 | 
[2026-03-11 19:00:46,414][root][INFO] - Epoch: 480 | Loss: 0.0015 | Val - MRR: 0.3540, MR:  160.65, H@1: 0.265, H@3: 0.386, H@10: 0.534 | 
[2026-03-11 19:02:41,959][root][INFO] - Epoch: 481 | Loss: 0.0015 | Val - MRR: 0.3535, MR:  161.54, H@1: 0.264, H@3: 0.385, H@10: 0.534 | 
[2026-03-11 19:04:55,383][root][INFO] - Epoch: 482 | Loss: 0.0015 | Val - MRR: 0.3544, MR:  161.07, H@1: 0.265, H@3: 0.385, H@10: 0.535 | Test - MRR: 0.3487 | *
[2026-03-11 19:06:51,793][root][INFO] - Epoch: 483 | Loss: 0.0015 | Val - MRR: 0.3541, MR:  161.75, H@1: 0.265, H@3: 0.386, H@10: 0.534 | 
[2026-03-11 19:08:49,315][root][INFO] - Epoch: 484 | Loss: 0.0015 | Val - MRR: 0.3542, MR:  161.07, H@1: 0.265, H@3: 0.386, H@10: 0.534 | 
[2026-03-11 19:10:45,304][root][INFO] - Epoch: 485 | Loss: 0.0015 | Val - MRR: 0.3541, MR:  160.83, H@1: 0.264, H@3: 0.386, H@10: 0.534 | 
[2026-03-11 19:12:40,900][root][INFO] - Epoch: 486 | Loss: 0.0015 | Val - MRR: 0.3543, MR:  160.95, H@1: 0.264, H@3: 0.387, H@10: 0.534 | 
[2026-03-11 19:14:58,257][root][INFO] - Epoch: 487 | Loss: 0.0015 | Val - MRR: 0.3544, MR:  160.66, H@1: 0.265, H@3: 0.386, H@10: 0.534 | Test - MRR: 0.3488 | *
[2026-03-11 19:17:14,133][root][INFO] - Epoch: 488 | Loss: 0.0015 | Val - MRR: 0.3552, MR:  160.29, H@1: 0.266, H@3: 0.387, H@10: 0.535 | Test - MRR: 0.3493 | *
[2026-03-11 19:19:13,085][root][INFO] - Epoch: 489 | Loss: 0.0015 | Val - MRR: 0.3550, MR:  161.10, H@1: 0.266, H@3: 0.387, H@10: 0.535 | 
[2026-03-11 19:21:10,005][root][INFO] - Epoch: 490 | Loss: 0.0015 | Val - MRR: 0.3544, MR:  161.02, H@1: 0.265, H@3: 0.386, H@10: 0.535 | 
[2026-03-11 19:23:09,003][root][INFO] - Epoch: 491 | Loss: 0.0015 | Val - MRR: 0.3545, MR:  160.82, H@1: 0.265, H@3: 0.387, H@10: 0.535 | 
[2026-03-11 19:25:05,117][root][INFO] - Epoch: 492 | Loss: 0.0015 | Val - MRR: 0.3550, MR:  160.95, H@1: 0.266, H@3: 0.387, H@10: 0.534 | 
[2026-03-11 19:27:21,998][root][INFO] - Epoch: 493 | Loss: 0.0015 | Val - MRR: 0.3553, MR:  161.27, H@1: 0.266, H@3: 0.388, H@10: 0.535 | Test - MRR: 0.3490 | *
[2026-03-11 19:29:18,210][root][INFO] - Epoch: 494 | Loss: 0.0015 | Val - MRR: 0.3550, MR:  161.22, H@1: 0.266, H@3: 0.387, H@10: 0.535 | 
[2026-03-11 19:31:15,171][root][INFO] - Epoch: 495 | Loss: 0.0015 | Val - MRR: 0.3550, MR:  160.27, H@1: 0.266, H@3: 0.388, H@10: 0.534 | 
[2026-03-11 19:33:12,064][root][INFO] - Epoch: 496 | Loss: 0.0015 | Val - MRR: 0.3551, MR:  161.30, H@1: 0.266, H@3: 0.387, H@10: 0.535 | 
[2026-03-11 19:35:08,032][root][INFO] - Epoch: 497 | Loss: 0.0015 | Val - MRR: 0.3551, MR:  160.95, H@1: 0.266, H@3: 0.387, H@10: 0.534 | 
[2026-03-11 19:37:03,438][root][INFO] - Epoch: 498 | Loss: 0.0015 | Val - MRR: 0.3551, MR:  160.33, H@1: 0.266, H@3: 0.387, H@10: 0.534 | 
[2026-03-11 19:38:59,721][root][INFO] - Epoch: 499 | Loss: 0.0015 | Val - MRR: 0.3550, MR:  161.26, H@1: 0.265, H@3: 0.387, H@10: 0.534 | 
[2026-03-11 19:41:12,322][root][INFO] - Epoch: 500 | Loss: 0.0015 | Val - MRR: 0.3554, MR:  161.28, H@1: 0.266, H@3: 0.387, H@10: 0.534 | Test - MRR: 0.3493 | *
[2026-03-11 19:43:06,643][root][INFO] - Epoch: 501 | Loss: 0.0015 | Val - MRR: 0.3550, MR:  161.29, H@1: 0.266, H@3: 0.388, H@10: 0.535 | 
[2026-03-11 19:45:02,321][root][INFO] - Epoch: 502 | Loss: 0.0015 | Val - MRR: 0.3552, MR:  161.76, H@1: 0.266, H@3: 0.388, H@10: 0.535 | 
[2026-03-11 19:46:59,117][root][INFO] - Epoch: 503 | Loss: 0.0015 | Val - MRR: 0.3550, MR:  161.55, H@1: 0.265, H@3: 0.388, H@10: 0.535 | 
[2026-03-11 19:48:53,710][root][INFO] - Epoch: 504 | Loss: 0.0015 | Val - MRR: 0.3545, MR:  160.95, H@1: 0.265, H@3: 0.387, H@10: 0.535 | 
[2026-03-11 19:50:50,243][root][INFO] - Epoch: 505 | Loss: 0.0015 | Val - MRR: 0.3549, MR:  160.55, H@1: 0.265, H@3: 0.388, H@10: 0.534 | 
[2026-03-11 19:52:46,484][root][INFO] - Epoch: 506 | Loss: 0.0015 | Val - MRR: 0.3547, MR:  160.34, H@1: 0.265, H@3: 0.388, H@10: 0.534 | 
[2026-03-11 19:54:42,711][root][INFO] - Epoch: 507 | Loss: 0.0015 | Val - MRR: 0.3549, MR:  160.52, H@1: 0.265, H@3: 0.387, H@10: 0.534 | 
[2026-03-11 19:56:39,482][root][INFO] - Epoch: 508 | Loss: 0.0015 | Val - MRR: 0.3543, MR:  160.53, H@1: 0.265, H@3: 0.386, H@10: 0.534 | 
[2026-03-11 19:58:38,708][root][INFO] - Epoch: 509 | Loss: 0.0015 | Val - MRR: 0.3548, MR:  160.65, H@1: 0.265, H@3: 0.387, H@10: 0.534 | 
[2026-03-11 20:00:34,502][root][INFO] - Epoch: 510 | Loss: 0.0015 | Val - MRR: 0.3548, MR:  161.17, H@1: 0.265, H@3: 0.387, H@10: 0.534 | 
[2026-03-11 20:02:32,741][root][INFO] - Epoch: 511 | Loss: 0.0015 | Val - MRR: 0.3550, MR:  160.65, H@1: 0.266, H@3: 0.387, H@10: 0.534 | 
[2026-03-11 20:04:45,042][root][INFO] - Epoch: 512 | Loss: 0.0015 | Val - MRR: 0.3555, MR:  160.06, H@1: 0.266, H@3: 0.387, H@10: 0.535 | Test - MRR: 0.3493 | *
[2026-03-11 20:06:41,310][root][INFO] - Epoch: 513 | Loss: 0.0015 | Val - MRR: 0.3549, MR:  160.37, H@1: 0.265, H@3: 0.387, H@10: 0.534 | 
[2026-03-11 20:08:54,488][root][INFO] - Epoch: 514 | Loss: 0.0015 | Val - MRR: 0.3557, MR:  160.45, H@1: 0.266, H@3: 0.387, H@10: 0.534 | Test - MRR: 0.3497 | *
[2026-03-11 20:10:50,380][root][INFO] - Epoch: 515 | Loss: 0.0015 | Val - MRR: 0.3553, MR:  161.61, H@1: 0.266, H@3: 0.387, H@10: 0.534 | 
[2026-03-11 20:12:46,520][root][INFO] - Epoch: 516 | Loss: 0.0015 | Val - MRR: 0.3549, MR:  161.58, H@1: 0.265, H@3: 0.387, H@10: 0.534 | 
[2026-03-11 20:14:41,798][root][INFO] - Epoch: 517 | Loss: 0.0015 | Val - MRR: 0.3550, MR:  161.02, H@1: 0.266, H@3: 0.386, H@10: 0.534 | 
[2026-03-11 20:16:36,743][root][INFO] - Epoch: 518 | Loss: 0.0015 | Val - MRR: 0.3552, MR:  161.11, H@1: 0.266, H@3: 0.387, H@10: 0.535 | 
[2026-03-11 20:18:33,251][root][INFO] - Epoch: 519 | Loss: 0.0015 | Val - MRR: 0.3547, MR:  161.00, H@1: 0.265, H@3: 0.386, H@10: 0.535 | 
[2026-03-11 20:20:28,643][root][INFO] - Epoch: 520 | Loss: 0.0015 | Val - MRR: 0.3553, MR:  161.10, H@1: 0.266, H@3: 0.387, H@10: 0.534 | 
[2026-03-11 20:22:24,810][root][INFO] - Epoch: 521 | Loss: 0.0015 | Val - MRR: 0.3554, MR:  161.41, H@1: 0.266, H@3: 0.387, H@10: 0.535 | 
[2026-03-11 20:24:21,140][root][INFO] - Epoch: 522 | Loss: 0.0015 | Val - MRR: 0.3555, MR:  160.81, H@1: 0.266, H@3: 0.388, H@10: 0.535 | 
[2026-03-11 20:26:16,034][root][INFO] - Epoch: 523 | Loss: 0.0015 | Val - MRR: 0.3556, MR:  160.82, H@1: 0.266, H@3: 0.387, H@10: 0.535 | 
[2026-03-11 20:28:28,510][root][INFO] - Epoch: 524 | Loss: 0.0015 | Val - MRR: 0.3557, MR:  160.70, H@1: 0.267, H@3: 0.387, H@10: 0.535 | Test - MRR: 0.3499 | *
[2026-03-11 20:30:23,786][root][INFO] - Epoch: 525 | Loss: 0.0015 | Val - MRR: 0.3556, MR:  160.85, H@1: 0.266, H@3: 0.387, H@10: 0.535 | 
[2026-03-11 20:32:35,815][root][INFO] - Epoch: 526 | Loss: 0.0015 | Val - MRR: 0.3560, MR:  160.62, H@1: 0.267, H@3: 0.386, H@10: 0.535 | Test - MRR: 0.3504 | *
[2026-03-11 20:34:32,696][root][INFO] - Epoch: 527 | Loss: 0.0015 | Val - MRR: 0.3558, MR:  160.86, H@1: 0.266, H@3: 0.387, H@10: 0.535 | 
[2026-03-11 20:36:45,289][root][INFO] - Epoch: 528 | Loss: 0.0015 | Val - MRR: 0.3564, MR:  160.47, H@1: 0.267, H@3: 0.388, H@10: 0.536 | Test - MRR: 0.3502 | *
[2026-03-11 20:38:40,399][root][INFO] - Epoch: 529 | Loss: 0.0015 | Val - MRR: 0.3558, MR:  160.57, H@1: 0.266, H@3: 0.387, H@10: 0.535 | 
[2026-03-11 20:40:36,891][root][INFO] - Epoch: 530 | Loss: 0.0015 | Val - MRR: 0.3555, MR:  161.94, H@1: 0.266, H@3: 0.387, H@10: 0.535 | 
[2026-03-11 20:42:34,349][root][INFO] - Epoch: 531 | Loss: 0.0015 | Val - MRR: 0.3557, MR:  160.03, H@1: 0.266, H@3: 0.388, H@10: 0.535 | 
[2026-03-11 20:44:29,050][root][INFO] - Epoch: 532 | Loss: 0.0015 | Val - MRR: 0.3559, MR:  160.76, H@1: 0.266, H@3: 0.388, H@10: 0.535 | 
[2026-03-11 20:46:24,650][root][INFO] - Epoch: 533 | Loss: 0.0015 | Val - MRR: 0.3555, MR:  160.37, H@1: 0.265, H@3: 0.388, H@10: 0.536 | 
[2026-03-11 20:48:19,852][root][INFO] - Epoch: 534 | Loss: 0.0015 | Val - MRR: 0.3558, MR:  161.03, H@1: 0.266, H@3: 0.388, H@10: 0.535 | 
[2026-03-11 20:50:16,346][root][INFO] - Epoch: 535 | Loss: 0.0015 | Val - MRR: 0.3560, MR:  160.80, H@1: 0.266, H@3: 0.389, H@10: 0.536 | 
[2026-03-11 20:52:12,303][root][INFO] - Epoch: 536 | Loss: 0.0015 | Val - MRR: 0.3559, MR:  160.80, H@1: 0.266, H@3: 0.388, H@10: 0.535 | 
[2026-03-11 20:54:09,453][root][INFO] - Epoch: 537 | Loss: 0.0015 | Val - MRR: 0.3559, MR:  160.71, H@1: 0.266, H@3: 0.389, H@10: 0.535 | 
[2026-03-11 20:56:05,196][root][INFO] - Epoch: 538 | Loss: 0.0015 | Val - MRR: 0.3561, MR:  159.90, H@1: 0.266, H@3: 0.388, H@10: 0.536 | 
[2026-03-11 20:58:01,732][root][INFO] - Epoch: 539 | Loss: 0.0015 | Val - MRR: 0.3558, MR:  160.85, H@1: 0.265, H@3: 0.388, H@10: 0.536 | 
[2026-03-11 20:59:58,006][root][INFO] - Epoch: 540 | Loss: 0.0015 | Val - MRR: 0.3557, MR:  161.15, H@1: 0.266, H@3: 0.388, H@10: 0.535 | 
[2026-03-11 21:01:55,039][root][INFO] - Epoch: 541 | Loss: 0.0015 | Val - MRR: 0.3560, MR:  160.55, H@1: 0.266, H@3: 0.389, H@10: 0.536 | 
[2026-03-11 21:03:51,325][root][INFO] - Epoch: 542 | Loss: 0.0015 | Val - MRR: 0.3558, MR:  160.97, H@1: 0.266, H@3: 0.389, H@10: 0.536 | 
[2026-03-11 21:05:47,651][root][INFO] - Epoch: 543 | Loss: 0.0015 | Val - MRR: 0.3560, MR:  160.24, H@1: 0.266, H@3: 0.389, H@10: 0.536 | 
[2026-03-11 21:07:45,557][root][INFO] - Epoch: 544 | Loss: 0.0015 | Val - MRR: 0.3557, MR:  160.89, H@1: 0.266, H@3: 0.388, H@10: 0.536 | 
[2026-03-11 21:09:40,891][root][INFO] - Epoch: 545 | Loss: 0.0015 | Val - MRR: 0.3560, MR:  160.43, H@1: 0.266, H@3: 0.389, H@10: 0.536 | 
[2026-03-11 21:11:36,828][root][INFO] - Epoch: 546 | Loss: 0.0015 | Val - MRR: 0.3557, MR:  160.33, H@1: 0.266, H@3: 0.389, H@10: 0.536 | 
[2026-03-11 21:13:32,895][root][INFO] - Epoch: 547 | Loss: 0.0015 | Val - MRR: 0.3557, MR:  159.92, H@1: 0.266, H@3: 0.388, H@10: 0.535 | 
[2026-03-11 21:15:29,267][root][INFO] - Epoch: 548 | Loss: 0.0015 | Val - MRR: 0.3559, MR:  160.16, H@1: 0.266, H@3: 0.388, H@10: 0.535 | 
[2026-03-11 21:17:25,304][root][INFO] - Epoch: 549 | Loss: 0.0015 | Val - MRR: 0.3555, MR:  160.38, H@1: 0.266, H@3: 0.388, H@10: 0.535 | 
[2026-03-11 21:19:21,419][root][INFO] - Epoch: 550 | Loss: 0.0015 | Val - MRR: 0.3558, MR:  160.80, H@1: 0.266, H@3: 0.389, H@10: 0.536 | 
[2026-03-11 21:21:20,060][root][INFO] - Epoch: 551 | Loss: 0.0015 | Val - MRR: 0.3555, MR:  160.46, H@1: 0.265, H@3: 0.389, H@10: 0.536 | 
[2026-03-11 21:23:17,364][root][INFO] - Epoch: 552 | Loss: 0.0015 | Val - MRR: 0.3558, MR:  160.25, H@1: 0.266, H@3: 0.388, H@10: 0.536 | 
[2026-03-11 21:25:12,497][root][INFO] - Epoch: 553 | Loss: 0.0015 | Val - MRR: 0.3557, MR:  160.17, H@1: 0.266, H@3: 0.388, H@10: 0.536 | 
[2026-03-11 21:27:09,115][root][INFO] - Epoch: 554 | Loss: 0.0015 | Val - MRR: 0.3556, MR:  160.98, H@1: 0.266, H@3: 0.388, H@10: 0.536 | 
[2026-03-11 21:29:05,890][root][INFO] - Epoch: 555 | Loss: 0.0015 | Val - MRR: 0.3558, MR:  160.22, H@1: 0.266, H@3: 0.388, H@10: 0.535 | 
[2026-03-11 21:31:01,169][root][INFO] - Epoch: 556 | Loss: 0.0015 | Val - MRR: 0.3559, MR:  162.46, H@1: 0.266, H@3: 0.389, H@10: 0.536 | 
[2026-03-11 21:32:57,160][root][INFO] - Epoch: 557 | Loss: 0.0015 | Val - MRR: 0.3558, MR:  160.67, H@1: 0.266, H@3: 0.389, H@10: 0.535 | 
[2026-03-11 21:34:53,526][root][INFO] - Epoch: 558 | Loss: 0.0015 | Val - MRR: 0.3559, MR:  160.98, H@1: 0.266, H@3: 0.389, H@10: 0.535 | 
[2026-03-11 21:36:49,071][root][INFO] - Epoch: 559 | Loss: 0.0015 | Val - MRR: 0.3555, MR:  161.37, H@1: 0.266, H@3: 0.388, H@10: 0.535 | 
[2026-03-11 21:38:44,585][root][INFO] - Epoch: 560 | Loss: 0.0015 | Val - MRR: 0.3558, MR:  161.30, H@1: 0.266, H@3: 0.388, H@10: 0.535 | 
[2026-03-11 21:40:43,359][root][INFO] - Epoch: 561 | Loss: 0.0015 | Val - MRR: 0.3557, MR:  160.19, H@1: 0.266, H@3: 0.389, H@10: 0.535 | 
[2026-03-11 21:42:39,206][root][INFO] - Epoch: 562 | Loss: 0.0015 | Val - MRR: 0.3558, MR:  160.00, H@1: 0.266, H@3: 0.389, H@10: 0.536 | 
[2026-03-11 21:44:34,796][root][INFO] - Epoch: 563 | Loss: 0.0015 | Val - MRR: 0.3557, MR:  161.78, H@1: 0.266, H@3: 0.389, H@10: 0.535 | 
[2026-03-11 21:46:30,611][root][INFO] - Epoch: 564 | Loss: 0.0015 | Val - MRR: 0.3557, MR:  161.49, H@1: 0.266, H@3: 0.389, H@10: 0.536 | 
[2026-03-11 21:48:27,122][root][INFO] - Epoch: 565 | Loss: 0.0015 | Val - MRR: 0.3558, MR:  160.75, H@1: 0.266, H@3: 0.390, H@10: 0.536 | 
[2026-03-11 21:50:23,319][root][INFO] - Epoch: 566 | Loss: 0.0015 | Val - MRR: 0.3554, MR:  161.48, H@1: 0.265, H@3: 0.389, H@10: 0.535 | 
[2026-03-11 21:52:19,760][root][INFO] - Epoch: 567 | Loss: 0.0015 | Val - MRR: 0.3558, MR:  161.20, H@1: 0.266, H@3: 0.389, H@10: 0.536 | 
[2026-03-11 21:54:14,433][root][INFO] - Epoch: 568 | Loss: 0.0015 | Val - MRR: 0.3558, MR:  160.64, H@1: 0.266, H@3: 0.389, H@10: 0.536 | 
[2026-03-11 21:56:10,377][root][INFO] - Epoch: 569 | Loss: 0.0015 | Val - MRR: 0.3558, MR:  161.23, H@1: 0.266, H@3: 0.389, H@10: 0.536 | 
[2026-03-11 21:58:05,194][root][INFO] - Epoch: 570 | Loss: 0.0015 | Val - MRR: 0.3558, MR:  160.76, H@1: 0.266, H@3: 0.389, H@10: 0.536 | 
[2026-03-11 22:00:00,541][root][INFO] - Epoch: 571 | Loss: 0.0015 | Val - MRR: 0.3559, MR:  160.56, H@1: 0.266, H@3: 0.389, H@10: 0.536 | 
[2026-03-11 22:01:57,021][root][INFO] - Epoch: 572 | Loss: 0.0015 | Val - MRR: 0.3562, MR:  161.24, H@1: 0.267, H@3: 0.389, H@10: 0.536 | 
[2026-03-11 22:03:53,206][root][INFO] - Epoch: 573 | Loss: 0.0015 | Val - MRR: 0.3554, MR:  161.52, H@1: 0.265, H@3: 0.388, H@10: 0.536 | 
[2026-03-11 22:05:49,692][root][INFO] - Epoch: 574 | Loss: 0.0015 | Val - MRR: 0.3559, MR:  162.13, H@1: 0.266, H@3: 0.388, H@10: 0.536 | 
[2026-03-11 22:05:49,693][root][INFO] - Long time no improvenment, stop training...
[2026-03-11 22:05:49,693][root][INFO] - Training end...
[2026-03-11 22:05:49,693][root][INFO] - Train metrics ...
[2026-03-11 22:06:58,692][root][INFO] - Train (head) - MRR: 0.4703, MR:   27.45, H@1: 0.342, H@3: 0.541, H@10: 0.720
[2026-03-11 22:06:58,693][root][INFO] - Train (tail) - MRR: 0.5766, MR:   17.94, H@1: 0.454, H@3: 0.651, H@10: 0.808
[2026-03-11 22:06:58,693][root][INFO] - Train (avg) - MRR: 0.5234, MR:   22.70, H@1: 0.398, H@3: 0.596, H@10: 0.764

[2026-03-11 22:06:58,693][root][INFO] - Valid metrics ...
[2026-03-11 22:07:14,973][root][INFO] - Valid (head) - MRR: 0.2543, MR:  218.40, H@1: 0.167, H@3: 0.278, H@10: 0.431
[2026-03-11 22:07:14,973][root][INFO] - Valid (tail) - MRR: 0.4576, MR:  105.85, H@1: 0.365, H@3: 0.498, H@10: 0.641
[2026-03-11 22:07:14,973][root][INFO] - Valid (avg) - MRR: 0.3559, MR:  162.13, H@1: 0.266, H@3: 0.388, H@10: 0.536

[2026-03-11 22:07:14,974][root][INFO] - Test metrics...
[2026-03-11 22:07:29,898][root][INFO] - Test (head) - MRR: 0.2521, MR:  228.07, H@1: 0.164, H@3: 0.278, H@10: 0.429
[2026-03-11 22:07:29,898][root][INFO] - Test (tail) - MRR: 0.4486, MR:  123.13, H@1: 0.354, H@3: 0.491, H@10: 0.637
[2026-03-11 22:07:29,898][root][INFO] - Test (avg) - MRR: 0.3504, MR:  175.60, H@1: 0.259, H@3: 0.385, H@10: 0.533

[2026-03-11 22:07:29,898][root][INFO] - Model save path: /home/wangwei/DSGNet-main/DSGNet/data/output/FB15k_237/2026-03-11/01-12-04
