[2026-04-13 20:09:06,896][root][INFO] - 
------Config------
 {'dataset': 'FB15k_237', 'epoch': 600, 'batch_size': 1024, 'learning_rate': 0.00035, 'h_dim': 480, 'pred_rel_w': False, 'label_smooth': 0.1, 'n_heads': 8, 'topk': 15, 'kg_layer': 2, 'rm_rate': 0.5, 'ent_drop': 0.3, 'rel_drop': 0.2, 'comp_op': 'mul', 'bn': False, 'k_h': 16, 'k_w': 30, 'conv_drop': 0.3, 'ent_drop_pred': 0.3, 'fc_drop': 0.5, 'ker_sz': 8, 'out_channel': 200, 'device': 0, 'max_no_improve': 35, 'cpu_worker_num': 10, 'warmup_epoch': 5}
[2026-04-13 20:09:06,896][root][INFO] - Code dir path: /home/wangwei/DSGNet-main/DSGNet/code_new
[2026-04-13 20:09:06,896][root][INFO] - Config dir path: /home/wangwei/DSGNet-main/DSGNet/config
[2026-04-13 20:09:06,896][root][INFO] - Model save path: /home/wangwei/DSGNet-main/DSGNet/data/output/FB15k_237/2026-04-13/20-09-06
[2026-04-13 20:09:11,390][root][INFO] - kg # node: 14541
[2026-04-13 20:09:11,391][root][INFO] - kg # edge: 544230
[2026-04-13 20:09:11,391][root][INFO] - kg # zero deg node: 36
[2026-04-13 20:09:11,391][root][INFO] - ---Load Train Data---
[2026-04-13 20:09:14,309][root][INFO] - -----Model Parameter Configuration-----
[2026-04-13 20:09:14,310][root][INFO] - Parameter ent_emb: torch.Size([14541, 480]), require_grad = True
[2026-04-13 20:09:14,310][root][INFO] - Parameter pred_rel_emb: torch.Size([474, 480]), require_grad = True
[2026-04-13 20:09:14,310][root][INFO] - Parameter W_fuse: torch.Size([480, 480]), require_grad = True
[2026-04-13 20:09:14,310][root][INFO] - Parameter a_fuse: torch.Size([960, 1]), require_grad = True
[2026-04-13 20:09:14,310][root][INFO] - Parameter rel_embs.0: torch.Size([474, 480]), require_grad = True
[2026-04-13 20:09:14,310][root][INFO] - Parameter rel_embs.1: torch.Size([474, 480]), require_grad = True
[2026-04-13 20:09:14,310][root][INFO] - Parameter predictor.bn0.weight: torch.Size([1]), require_grad = True
[2026-04-13 20:09:14,310][root][INFO] - Parameter predictor.bn0.bias: torch.Size([1]), require_grad = True
[2026-04-13 20:09:14,310][root][INFO] - Parameter predictor.bn1.weight: torch.Size([200]), require_grad = True
[2026-04-13 20:09:14,310][root][INFO] - Parameter predictor.bn1.bias: torch.Size([200]), require_grad = True
[2026-04-13 20:09:14,310][root][INFO] - Parameter predictor.bn2.weight: torch.Size([480]), require_grad = True
[2026-04-13 20:09:14,310][root][INFO] - Parameter predictor.bn2.bias: torch.Size([480]), require_grad = True
[2026-04-13 20:09:14,311][root][INFO] - Parameter predictor.conv.weight: torch.Size([200, 1, 8, 8]), require_grad = True
[2026-04-13 20:09:14,311][root][INFO] - Parameter predictor.fc.weight: torch.Size([480, 115000]), require_grad = True
[2026-04-13 20:09:14,311][root][INFO] - Parameter L.weight: torch.Size([480, 480]), require_grad = True
[2026-04-13 20:09:14,311][root][INFO] - Parameter L.bias: torch.Size([480]), require_grad = True
[2026-04-13 20:09:14,311][root][INFO] - Parameter S.weight: torch.Size([480, 480]), require_grad = True
[2026-04-13 20:09:14,311][root][INFO] - Parameter S.bias: torch.Size([480]), require_grad = True
[2026-04-13 20:09:14,311][root][INFO] - Parameter comp_layers.0.neigh_w: torch.Size([480, 480]), require_grad = True
[2026-04-13 20:09:14,311][root][INFO] - Parameter comp_layers.0.W.0: torch.Size([480, 60]), require_grad = True
[2026-04-13 20:09:14,311][root][INFO] - Parameter comp_layers.0.W.1: torch.Size([480, 60]), require_grad = True
[2026-04-13 20:09:14,311][root][INFO] - Parameter comp_layers.0.W.2: torch.Size([480, 60]), require_grad = True
[2026-04-13 20:09:14,311][root][INFO] - Parameter comp_layers.0.W.3: torch.Size([480, 60]), require_grad = True
[2026-04-13 20:09:14,311][root][INFO] - Parameter comp_layers.0.W.4: torch.Size([480, 60]), require_grad = True
[2026-04-13 20:09:14,311][root][INFO] - Parameter comp_layers.0.W.5: torch.Size([480, 60]), require_grad = True
[2026-04-13 20:09:14,311][root][INFO] - Parameter comp_layers.0.W.6: torch.Size([480, 60]), require_grad = True
[2026-04-13 20:09:14,311][root][INFO] - Parameter comp_layers.0.W.7: torch.Size([480, 60]), require_grad = True
[2026-04-13 20:09:14,311][root][INFO] - Parameter comp_layers.0.W_r.0: torch.Size([480, 60]), require_grad = True
[2026-04-13 20:09:14,311][root][INFO] - Parameter comp_layers.0.W_r.1: torch.Size([480, 60]), require_grad = True
[2026-04-13 20:09:14,311][root][INFO] - Parameter comp_layers.0.W_r.2: torch.Size([480, 60]), require_grad = True
[2026-04-13 20:09:14,311][root][INFO] - Parameter comp_layers.0.W_r.3: torch.Size([480, 60]), require_grad = True
[2026-04-13 20:09:14,311][root][INFO] - Parameter comp_layers.0.W_r.4: torch.Size([480, 60]), require_grad = True
[2026-04-13 20:09:14,311][root][INFO] - Parameter comp_layers.0.W_r.5: torch.Size([480, 60]), require_grad = True
[2026-04-13 20:09:14,311][root][INFO] - Parameter comp_layers.0.W_r.6: torch.Size([480, 60]), require_grad = True
[2026-04-13 20:09:14,312][root][INFO] - Parameter comp_layers.0.W_r.7: torch.Size([480, 60]), require_grad = True
[2026-04-13 20:09:14,312][root][INFO] - Parameter comp_layers.0.a.0: torch.Size([180, 1]), require_grad = True
[2026-04-13 20:09:14,312][root][INFO] - Parameter comp_layers.0.a.1: torch.Size([180, 1]), require_grad = True
[2026-04-13 20:09:14,312][root][INFO] - Parameter comp_layers.0.a.2: torch.Size([180, 1]), require_grad = True
[2026-04-13 20:09:14,312][root][INFO] - Parameter comp_layers.0.a.3: torch.Size([180, 1]), require_grad = True
[2026-04-13 20:09:14,312][root][INFO] - Parameter comp_layers.0.a.4: torch.Size([180, 1]), require_grad = True
[2026-04-13 20:09:14,312][root][INFO] - Parameter comp_layers.0.a.5: torch.Size([180, 1]), require_grad = True
[2026-04-13 20:09:14,312][root][INFO] - Parameter comp_layers.0.a.6: torch.Size([180, 1]), require_grad = True
[2026-04-13 20:09:14,312][root][INFO] - Parameter comp_layers.0.a.7: torch.Size([180, 1]), require_grad = True
[2026-04-13 20:09:14,312][root][INFO] - Parameter comp_layers.1.neigh_w: torch.Size([480, 480]), require_grad = True
[2026-04-13 20:09:14,312][root][INFO] - Parameter comp_layers.1.W.0: torch.Size([480, 60]), require_grad = True
[2026-04-13 20:09:14,312][root][INFO] - Parameter comp_layers.1.W.1: torch.Size([480, 60]), require_grad = True
[2026-04-13 20:09:14,312][root][INFO] - Parameter comp_layers.1.W.2: torch.Size([480, 60]), require_grad = True
[2026-04-13 20:09:14,312][root][INFO] - Parameter comp_layers.1.W.3: torch.Size([480, 60]), require_grad = True
[2026-04-13 20:09:14,312][root][INFO] - Parameter comp_layers.1.W.4: torch.Size([480, 60]), require_grad = True
[2026-04-13 20:09:14,312][root][INFO] - Parameter comp_layers.1.W.5: torch.Size([480, 60]), require_grad = True
[2026-04-13 20:09:14,312][root][INFO] - Parameter comp_layers.1.W.6: torch.Size([480, 60]), require_grad = True
[2026-04-13 20:09:14,312][root][INFO] - Parameter comp_layers.1.W.7: torch.Size([480, 60]), require_grad = True
[2026-04-13 20:09:14,312][root][INFO] - Parameter comp_layers.1.W_r.0: torch.Size([480, 60]), require_grad = True
[2026-04-13 20:09:14,312][root][INFO] - Parameter comp_layers.1.W_r.1: torch.Size([480, 60]), require_grad = True
[2026-04-13 20:09:14,312][root][INFO] - Parameter comp_layers.1.W_r.2: torch.Size([480, 60]), require_grad = True
[2026-04-13 20:09:14,312][root][INFO] - Parameter comp_layers.1.W_r.3: torch.Size([480, 60]), require_grad = True
[2026-04-13 20:09:14,312][root][INFO] - Parameter comp_layers.1.W_r.4: torch.Size([480, 60]), require_grad = True
[2026-04-13 20:09:14,312][root][INFO] - Parameter comp_layers.1.W_r.5: torch.Size([480, 60]), require_grad = True
[2026-04-13 20:09:14,312][root][INFO] - Parameter comp_layers.1.W_r.6: torch.Size([480, 60]), require_grad = True
[2026-04-13 20:09:14,312][root][INFO] - Parameter comp_layers.1.W_r.7: torch.Size([480, 60]), require_grad = True
[2026-04-13 20:09:14,313][root][INFO] - Parameter comp_layers.1.a.0: torch.Size([180, 1]), require_grad = True
[2026-04-13 20:09:14,313][root][INFO] - Parameter comp_layers.1.a.1: torch.Size([180, 1]), require_grad = True
[2026-04-13 20:09:14,313][root][INFO] - Parameter comp_layers.1.a.2: torch.Size([180, 1]), require_grad = True
[2026-04-13 20:09:14,313][root][INFO] - Parameter comp_layers.1.a.3: torch.Size([180, 1]), require_grad = True
[2026-04-13 20:09:14,313][root][INFO] - Parameter comp_layers.1.a.4: torch.Size([180, 1]), require_grad = True
[2026-04-13 20:09:14,313][root][INFO] - Parameter comp_layers.1.a.5: torch.Size([180, 1]), require_grad = True
[2026-04-13 20:09:14,313][root][INFO] - Parameter comp_layers.1.a.6: torch.Size([180, 1]), require_grad = True
[2026-04-13 20:09:14,313][root][INFO] - Parameter comp_layers.1.a.7: torch.Size([180, 1]), require_grad = True
[2026-04-13 20:09:15,235][root][INFO] - Training... total epoch: 600, step: 88200
[2026-04-13 20:12:00,508][root][INFO] - Epoch:   0 | Loss: 0.4587 | Val - MRR: 0.0017, MR: 6533.00, H@1: 0.000, H@3: 0.000, H@10: 0.000 | Test - MRR: 0.0009 | *
[2026-04-13 20:14:43,171][root][INFO] - Epoch:   1 | Loss: 0.0057 | Val - MRR: 0.0065, MR: 5675.10, H@1: 0.002, H@3: 0.008, H@10: 0.010 | Test - MRR: 0.0007 | *
[2026-04-13 20:17:27,323][root][INFO] - Epoch:   2 | Loss: 0.0034 | Val - MRR: 0.0376, MR: 4206.41, H@1: 0.030, H@3: 0.037, H@10: 0.043 | Test - MRR: 0.0017 | *
[2026-04-13 20:20:11,108][root][INFO] - Epoch:   3 | Loss: 0.0032 | Val - MRR: 0.0850, MR: 2946.40, H@1: 0.072, H@3: 0.087, H@10: 0.101 | Test - MRR: 0.0230 | *
[2026-04-13 20:22:53,610][root][INFO] - Epoch:   4 | Loss: 0.0032 | Val - MRR: 0.1070, MR: 2231.18, H@1: 0.083, H@3: 0.112, H@10: 0.143 | Test - MRR: 0.0274 | *
[2026-04-13 20:25:36,008][root][INFO] - Epoch:   5 | Loss: 0.0030 | Val - MRR: 0.1287, MR: 1846.71, H@1: 0.099, H@3: 0.132, H@10: 0.182 | Test - MRR: 0.0756 | *
[2026-04-13 20:28:18,505][root][INFO] - Epoch:   6 | Loss: 0.0029 | Val - MRR: 0.1552, MR: 1503.55, H@1: 0.116, H@3: 0.165, H@10: 0.226 | Test - MRR: 0.0885 | *
[2026-04-13 20:31:01,713][root][INFO] - Epoch:   7 | Loss: 0.0028 | Val - MRR: 0.1699, MR: 1262.57, H@1: 0.126, H@3: 0.183, H@10: 0.250 | Test - MRR: 0.0957 | *
[2026-04-13 20:33:44,103][root][INFO] - Epoch:   8 | Loss: 0.0027 | Val - MRR: 0.1751, MR: 1089.73, H@1: 0.128, H@3: 0.188, H@10: 0.265 | Test - MRR: 0.0971 | *
[2026-04-13 20:36:27,168][root][INFO] - Epoch:   9 | Loss: 0.0026 | Val - MRR: 0.1834, MR:  980.76, H@1: 0.134, H@3: 0.198, H@10: 0.278 | Test - MRR: 0.1042 | *
[2026-04-13 20:39:08,564][root][INFO] - Epoch:  10 | Loss: 0.0026 | Val - MRR: 0.1872, MR:  862.80, H@1: 0.136, H@3: 0.202, H@10: 0.285 | Test - MRR: 0.1083 | *
[2026-04-13 20:41:51,029][root][INFO] - Epoch:  11 | Loss: 0.0026 | Val - MRR: 0.1931, MR:  775.37, H@1: 0.141, H@3: 0.206, H@10: 0.294 | Test - MRR: 0.1157 | *
[2026-04-13 20:44:34,702][root][INFO] - Epoch:  12 | Loss: 0.0025 | Val - MRR: 0.1955, MR:  704.04, H@1: 0.141, H@3: 0.209, H@10: 0.303 | Test - MRR: 0.1205 | *
[2026-04-13 20:47:16,090][root][INFO] - Epoch:  13 | Loss: 0.0025 | Val - MRR: 0.2033, MR:  652.08, H@1: 0.147, H@3: 0.218, H@10: 0.313 | Test - MRR: 0.1380 | *
[2026-04-13 20:49:58,982][root][INFO] - Epoch:  14 | Loss: 0.0024 | Val - MRR: 0.2070, MR:  624.16, H@1: 0.150, H@3: 0.222, H@10: 0.320 | Test - MRR: 0.1433 | *
[2026-04-13 20:52:40,344][root][INFO] - Epoch:  15 | Loss: 0.0024 | Val - MRR: 0.2082, MR:  584.26, H@1: 0.150, H@3: 0.225, H@10: 0.321 | Test - MRR: 0.1457 | *
[2026-04-13 20:55:22,983][root][INFO] - Epoch:  16 | Loss: 0.0025 | Val - MRR: 0.2105, MR:  557.45, H@1: 0.152, H@3: 0.227, H@10: 0.322 | Test - MRR: 0.1496 | *
[2026-04-13 20:58:05,022][root][INFO] - Epoch:  17 | Loss: 0.0023 | Val - MRR: 0.2133, MR:  537.95, H@1: 0.154, H@3: 0.231, H@10: 0.326 | Test - MRR: 0.1573 | *
[2026-04-13 21:00:46,190][root][INFO] - Epoch:  18 | Loss: 0.0023 | Val - MRR: 0.2159, MR:  518.73, H@1: 0.156, H@3: 0.234, H@10: 0.330 | Test - MRR: 0.1588 | *
[2026-04-13 21:03:27,816][root][INFO] - Epoch:  19 | Loss: 0.0023 | Val - MRR: 0.2183, MR:  504.57, H@1: 0.158, H@3: 0.236, H@10: 0.335 | Test - MRR: 0.1654 | *
[2026-04-13 21:06:09,227][root][INFO] - Epoch:  20 | Loss: 0.0022 | Val - MRR: 0.2187, MR:  487.12, H@1: 0.158, H@3: 0.237, H@10: 0.336 | Test - MRR: 0.1633 | *
[2026-04-13 21:08:50,245][root][INFO] - Epoch:  21 | Loss: 0.0023 | Val - MRR: 0.2209, MR:  474.02, H@1: 0.160, H@3: 0.239, H@10: 0.338 | Test - MRR: 0.1679 | *
[2026-04-13 21:11:31,909][root][INFO] - Epoch:  22 | Loss: 0.0023 | Val - MRR: 0.2235, MR:  471.21, H@1: 0.162, H@3: 0.242, H@10: 0.343 | Test - MRR: 0.1716 | *
[2026-04-13 21:14:11,839][root][INFO] - Epoch:  23 | Loss: 0.0022 | Val - MRR: 0.2236, MR:  465.48, H@1: 0.162, H@3: 0.242, H@10: 0.343 | Test - MRR: 0.1720 | *
[2026-04-13 21:16:51,767][root][INFO] - Epoch:  24 | Loss: 0.0022 | Val - MRR: 0.2254, MR:  449.23, H@1: 0.163, H@3: 0.243, H@10: 0.346 | Test - MRR: 0.1746 | *
[2026-04-13 21:19:32,588][root][INFO] - Epoch:  25 | Loss: 0.0022 | Val - MRR: 0.2283, MR:  428.97, H@1: 0.165, H@3: 0.247, H@10: 0.348 | Test - MRR: 0.1752 | *
[2026-04-13 21:22:13,460][root][INFO] - Epoch:  26 | Loss: 0.0022 | Val - MRR: 0.2294, MR:  420.11, H@1: 0.167, H@3: 0.246, H@10: 0.351 | Test - MRR: 0.1784 | *
[2026-04-13 21:24:54,609][root][INFO] - Epoch:  27 | Loss: 0.0022 | Val - MRR: 0.2314, MR:  421.25, H@1: 0.167, H@3: 0.252, H@10: 0.354 | Test - MRR: 0.1786 | *
[2026-04-13 21:27:34,963][root][INFO] - Epoch:  28 | Loss: 0.0021 | Val - MRR: 0.2333, MR:  408.18, H@1: 0.168, H@3: 0.254, H@10: 0.356 | Test - MRR: 0.1824 | *
[2026-04-13 21:30:13,366][root][INFO] - Epoch:  29 | Loss: 0.0021 | Val - MRR: 0.2337, MR:  392.54, H@1: 0.169, H@3: 0.253, H@10: 0.359 | Test - MRR: 0.1818 | *
[2026-04-13 21:32:53,196][root][INFO] - Epoch:  30 | Loss: 0.0021 | Val - MRR: 0.2360, MR:  397.10, H@1: 0.171, H@3: 0.256, H@10: 0.363 | Test - MRR: 0.1829 | *
[2026-04-13 21:35:34,405][root][INFO] - Epoch:  31 | Loss: 0.0021 | Val - MRR: 0.2381, MR:  382.16, H@1: 0.172, H@3: 0.259, H@10: 0.365 | Test - MRR: 0.1830 | *
[2026-04-13 21:38:13,062][root][INFO] - Epoch:  32 | Loss: 0.0021 | Val - MRR: 0.2388, MR:  378.00, H@1: 0.172, H@3: 0.259, H@10: 0.367 | Test - MRR: 0.1827 | *
[2026-04-13 21:40:53,299][root][INFO] - Epoch:  33 | Loss: 0.0020 | Val - MRR: 0.2414, MR:  364.68, H@1: 0.175, H@3: 0.263, H@10: 0.370 | Test - MRR: 0.1865 | *
[2026-04-13 21:43:32,835][root][INFO] - Epoch:  34 | Loss: 0.0021 | Val - MRR: 0.2426, MR:  362.52, H@1: 0.175, H@3: 0.265, H@10: 0.372 | Test - MRR: 0.1866 | *
[2026-04-13 21:46:12,776][root][INFO] - Epoch:  35 | Loss: 0.0021 | Val - MRR: 0.2451, MR:  369.15, H@1: 0.177, H@3: 0.267, H@10: 0.376 | Test - MRR: 0.1875 | *
[2026-04-13 21:48:52,647][root][INFO] - Epoch:  36 | Loss: 0.0020 | Val - MRR: 0.2461, MR:  361.05, H@1: 0.179, H@3: 0.268, H@10: 0.375 | Test - MRR: 0.1900 | *
[2026-04-13 21:51:30,960][root][INFO] - Epoch:  37 | Loss: 0.0021 | Val - MRR: 0.2480, MR:  355.96, H@1: 0.181, H@3: 0.269, H@10: 0.377 | Test - MRR: 0.1895 | *
[2026-04-13 21:54:08,210][root][INFO] - Epoch:  38 | Loss: 0.0020 | Val - MRR: 0.2494, MR:  347.41, H@1: 0.181, H@3: 0.271, H@10: 0.382 | Test - MRR: 0.1895 | *
[2026-04-13 21:56:47,813][root][INFO] - Epoch:  39 | Loss: 0.0020 | Val - MRR: 0.2520, MR:  333.27, H@1: 0.183, H@3: 0.275, H@10: 0.385 | Test - MRR: 0.1905 | *
[2026-04-13 21:59:25,350][root][INFO] - Epoch:  40 | Loss: 0.0020 | Val - MRR: 0.2532, MR:  323.83, H@1: 0.184, H@3: 0.276, H@10: 0.385 | Test - MRR: 0.1932 | *
[2026-04-13 22:02:07,626][root][INFO] - Epoch:  41 | Loss: 0.0020 | Val - MRR: 0.2539, MR:  318.87, H@1: 0.184, H@3: 0.277, H@10: 0.387 | Test - MRR: 0.1937 | *
[2026-04-13 22:04:48,110][root][INFO] - Epoch:  42 | Loss: 0.0020 | Val - MRR: 0.2576, MR:  323.69, H@1: 0.188, H@3: 0.280, H@10: 0.392 | Test - MRR: 0.1947 | *
[2026-04-13 22:07:24,994][root][INFO] - Epoch:  43 | Loss: 0.0019 | Val - MRR: 0.2581, MR:  324.54, H@1: 0.187, H@3: 0.282, H@10: 0.394 | Test - MRR: 0.1921 | *
[2026-04-13 22:10:02,775][root][INFO] - Epoch:  44 | Loss: 0.0020 | Val - MRR: 0.2608, MR:  315.36, H@1: 0.191, H@3: 0.283, H@10: 0.396 | Test - MRR: 0.1949 | *
[2026-04-13 22:12:40,762][root][INFO] - Epoch:  45 | Loss: 0.0020 | Val - MRR: 0.2623, MR:  313.60, H@1: 0.192, H@3: 0.284, H@10: 0.398 | Test - MRR: 0.1968 | *
[2026-04-13 22:15:19,481][root][INFO] - Epoch:  46 | Loss: 0.0019 | Val - MRR: 0.2646, MR:  304.28, H@1: 0.194, H@3: 0.287, H@10: 0.401 | Test - MRR: 0.1979 | *
[2026-04-13 22:17:58,261][root][INFO] - Epoch:  47 | Loss: 0.0019 | Val - MRR: 0.2654, MR:  301.67, H@1: 0.194, H@3: 0.289, H@10: 0.403 | Test - MRR: 0.2010 | *
[2026-04-13 22:20:33,497][root][INFO] - Epoch:  48 | Loss: 0.0019 | Val - MRR: 0.2683, MR:  287.99, H@1: 0.196, H@3: 0.292, H@10: 0.408 | Test - MRR: 0.1988 | *
[2026-04-13 22:23:08,708][root][INFO] - Epoch:  49 | Loss: 0.0019 | Val - MRR: 0.2695, MR:  284.86, H@1: 0.197, H@3: 0.294, H@10: 0.410 | Test - MRR: 0.1996 | *
[2026-04-13 22:25:43,555][root][INFO] - Epoch:  50 | Loss: 0.0019 | Val - MRR: 0.2706, MR:  278.87, H@1: 0.197, H@3: 0.295, H@10: 0.412 | Test - MRR: 0.2009 | *
[2026-04-13 22:28:20,888][root][INFO] - Epoch:  51 | Loss: 0.0019 | Val - MRR: 0.2736, MR:  288.57, H@1: 0.200, H@3: 0.298, H@10: 0.414 | Test - MRR: 0.2021 | *
[2026-04-13 22:30:58,875][root][INFO] - Epoch:  52 | Loss: 0.0019 | Val - MRR: 0.2743, MR:  283.75, H@1: 0.200, H@3: 0.297, H@10: 0.418 | Test - MRR: 0.2041 | *
[2026-04-13 22:33:21,783][root][INFO] - Epoch:  53 | Loss: 0.0019 | Val - MRR: 0.2738, MR:  280.50, H@1: 0.200, H@3: 0.298, H@10: 0.416 | 
[2026-04-13 22:35:57,134][root][INFO] - Epoch:  54 | Loss: 0.0019 | Val - MRR: 0.2761, MR:  267.10, H@1: 0.202, H@3: 0.300, H@10: 0.422 | Test - MRR: 0.2049 | *
[2026-04-13 22:38:32,890][root][INFO] - Epoch:  55 | Loss: 0.0018 | Val - MRR: 0.2767, MR:  264.65, H@1: 0.201, H@3: 0.301, H@10: 0.421 | Test - MRR: 0.2078 | *
[2026-04-13 22:41:08,781][root][INFO] - Epoch:  56 | Loss: 0.0019 | Val - MRR: 0.2793, MR:  268.90, H@1: 0.204, H@3: 0.304, H@10: 0.424 | Test - MRR: 0.2107 | *
[2026-04-13 22:43:41,671][root][INFO] - Epoch:  57 | Loss: 0.0018 | Val - MRR: 0.2823, MR:  265.15, H@1: 0.207, H@3: 0.307, H@10: 0.429 | Test - MRR: 0.2101 | *
[2026-04-13 22:46:16,443][root][INFO] - Epoch:  58 | Loss: 0.0018 | Val - MRR: 0.2826, MR:  249.45, H@1: 0.207, H@3: 0.308, H@10: 0.429 | Test - MRR: 0.2113 | *
[2026-04-13 22:48:51,433][root][INFO] - Epoch:  59 | Loss: 0.0018 | Val - MRR: 0.2848, MR:  246.92, H@1: 0.209, H@3: 0.309, H@10: 0.432 | Test - MRR: 0.2129 | *
[2026-04-13 22:51:25,845][root][INFO] - Epoch:  60 | Loss: 0.0018 | Val - MRR: 0.2876, MR:  243.19, H@1: 0.212, H@3: 0.312, H@10: 0.434 | Test - MRR: 0.2142 | *
[2026-04-13 22:53:59,549][root][INFO] - Epoch:  61 | Loss: 0.0018 | Val - MRR: 0.2871, MR:  256.48, H@1: 0.211, H@3: 0.313, H@10: 0.434 | Test - MRR: 0.2168 | *
[2026-04-13 22:56:31,246][root][INFO] - Epoch:  62 | Loss: 0.0018 | Val - MRR: 0.2882, MR:  235.08, H@1: 0.211, H@3: 0.314, H@10: 0.438 | Test - MRR: 0.2165 | *
[2026-04-13 22:59:04,546][root][INFO] - Epoch:  63 | Loss: 0.0018 | Val - MRR: 0.2909, MR:  237.08, H@1: 0.214, H@3: 0.316, H@10: 0.441 | Test - MRR: 0.2189 | *
[2026-04-13 23:01:36,327][root][INFO] - Epoch:  64 | Loss: 0.0018 | Val - MRR: 0.2924, MR:  233.75, H@1: 0.215, H@3: 0.318, H@10: 0.443 | Test - MRR: 0.2187 | *
[2026-04-13 23:04:09,048][root][INFO] - Epoch:  65 | Loss: 0.0018 | Val - MRR: 0.2933, MR:  227.74, H@1: 0.216, H@3: 0.318, H@10: 0.445 | Test - MRR: 0.2193 | *
[2026-04-13 23:06:41,095][root][INFO] - Epoch:  66 | Loss: 0.0018 | Val - MRR: 0.2939, MR:  227.54, H@1: 0.216, H@3: 0.320, H@10: 0.445 | Test - MRR: 0.2204 | *
[2026-04-13 23:09:13,829][root][INFO] - Epoch:  67 | Loss: 0.0018 | Val - MRR: 0.2949, MR:  223.52, H@1: 0.217, H@3: 0.321, H@10: 0.447 | Test - MRR: 0.2206 | *
[2026-04-13 23:11:45,902][root][INFO] - Epoch:  68 | Loss: 0.0018 | Val - MRR: 0.2967, MR:  221.98, H@1: 0.219, H@3: 0.322, H@10: 0.449 | Test - MRR: 0.2218 | *
[2026-04-13 23:14:17,172][root][INFO] - Epoch:  69 | Loss: 0.0017 | Val - MRR: 0.2980, MR:  221.39, H@1: 0.219, H@3: 0.324, H@10: 0.452 | Test - MRR: 0.2230 | *
[2026-04-13 23:16:48,585][root][INFO] - Epoch:  70 | Loss: 0.0018 | Val - MRR: 0.2994, MR:  214.98, H@1: 0.221, H@3: 0.325, H@10: 0.453 | Test - MRR: 0.2262 | *
[2026-04-13 23:19:20,778][root][INFO] - Epoch:  71 | Loss: 0.0018 | Val - MRR: 0.3002, MR:  219.63, H@1: 0.221, H@3: 0.326, H@10: 0.457 | Test - MRR: 0.2267 | *
[2026-04-13 23:21:51,382][root][INFO] - Epoch:  72 | Loss: 0.0017 | Val - MRR: 0.3026, MR:  216.01, H@1: 0.223, H@3: 0.329, H@10: 0.460 | Test - MRR: 0.2267 | *
[2026-04-13 23:24:23,525][root][INFO] - Epoch:  73 | Loss: 0.0017 | Val - MRR: 0.3035, MR:  209.03, H@1: 0.224, H@3: 0.330, H@10: 0.460 | Test - MRR: 0.2275 | *
[2026-04-13 23:26:56,900][root][INFO] - Epoch:  74 | Loss: 0.0017 | Val - MRR: 0.3045, MR:  219.02, H@1: 0.225, H@3: 0.330, H@10: 0.462 | Test - MRR: 0.2283 | *
[2026-04-13 23:29:28,010][root][INFO] - Epoch:  75 | Loss: 0.0017 | Val - MRR: 0.3053, MR:  218.61, H@1: 0.225, H@3: 0.331, H@10: 0.463 | Test - MRR: 0.2287 | *
[2026-04-13 23:31:59,476][root][INFO] - Epoch:  76 | Loss: 0.0017 | Val - MRR: 0.3067, MR:  207.23, H@1: 0.226, H@3: 0.333, H@10: 0.468 | Test - MRR: 0.2303 | *
[2026-04-13 23:34:29,192][root][INFO] - Epoch:  77 | Loss: 0.0017 | Val - MRR: 0.3070, MR:  204.13, H@1: 0.226, H@3: 0.334, H@10: 0.467 | Test - MRR: 0.2301 | *
[2026-04-13 23:37:02,837][root][INFO] - Epoch:  78 | Loss: 0.0017 | Val - MRR: 0.3101, MR:  206.44, H@1: 0.230, H@3: 0.336, H@10: 0.471 | Test - MRR: 0.2306 | *
[2026-04-13 23:39:37,012][root][INFO] - Epoch:  79 | Loss: 0.0017 | Val - MRR: 0.3113, MR:  206.06, H@1: 0.230, H@3: 0.340, H@10: 0.470 | Test - MRR: 0.2319 | *
[2026-04-13 23:42:08,686][root][INFO] - Epoch:  80 | Loss: 0.0017 | Val - MRR: 0.3119, MR:  199.00, H@1: 0.229, H@3: 0.340, H@10: 0.474 | Test - MRR: 0.2342 | *
[2026-04-13 23:44:39,401][root][INFO] - Epoch:  81 | Loss: 0.0017 | Val - MRR: 0.3127, MR:  198.44, H@1: 0.232, H@3: 0.340, H@10: 0.474 | Test - MRR: 0.2348 | *
[2026-04-13 23:46:57,750][root][INFO] - Epoch:  82 | Loss: 0.0017 | Val - MRR: 0.3121, MR:  198.88, H@1: 0.231, H@3: 0.340, H@10: 0.473 | 
[2026-04-13 23:49:27,052][root][INFO] - Epoch:  83 | Loss: 0.0017 | Val - MRR: 0.3140, MR:  196.24, H@1: 0.232, H@3: 0.340, H@10: 0.476 | Test - MRR: 0.2340 | *
[2026-04-13 23:51:56,871][root][INFO] - Epoch:  84 | Loss: 0.0017 | Val - MRR: 0.3140, MR:  195.32, H@1: 0.232, H@3: 0.342, H@10: 0.477 | Test - MRR: 0.2374 | *
[2026-04-13 23:54:26,426][root][INFO] - Epoch:  85 | Loss: 0.0017 | Val - MRR: 0.3156, MR:  196.75, H@1: 0.234, H@3: 0.342, H@10: 0.478 | Test - MRR: 0.2384 | *
[2026-04-13 23:56:55,767][root][INFO] - Epoch:  86 | Loss: 0.0017 | Val - MRR: 0.3181, MR:  192.01, H@1: 0.236, H@3: 0.344, H@10: 0.480 | Test - MRR: 0.2404 | *
[2026-04-13 23:59:25,838][root][INFO] - Epoch:  87 | Loss: 0.0016 | Val - MRR: 0.3155, MR:  190.78, H@1: 0.232, H@3: 0.344, H@10: 0.480 | Test - MRR: 0.2407 | *
[2026-04-14 00:01:53,423][root][INFO] - Epoch:  88 | Loss: 0.0016 | Val - MRR: 0.3166, MR:  196.89, H@1: 0.234, H@3: 0.344, H@10: 0.482 | Test - MRR: 0.2380 | *
[2026-04-14 00:04:22,503][root][INFO] - Epoch:  89 | Loss: 0.0016 | Val - MRR: 0.3182, MR:  186.89, H@1: 0.235, H@3: 0.346, H@10: 0.483 | Test - MRR: 0.2365 | *
[2026-04-14 00:06:51,330][root][INFO] - Epoch:  90 | Loss: 0.0017 | Val - MRR: 0.3194, MR:  186.71, H@1: 0.237, H@3: 0.346, H@10: 0.486 | Test - MRR: 0.2398 | *
[2026-04-14 00:09:10,483][root][INFO] - Epoch:  91 | Loss: 0.0016 | Val - MRR: 0.3188, MR:  186.04, H@1: 0.235, H@3: 0.347, H@10: 0.486 | 
[2026-04-14 00:11:29,437][root][INFO] - Epoch:  92 | Loss: 0.0016 | Val - MRR: 0.3193, MR:  185.91, H@1: 0.237, H@3: 0.347, H@10: 0.486 | 
[2026-04-14 00:13:58,588][root][INFO] - Epoch:  93 | Loss: 0.0016 | Val - MRR: 0.3204, MR:  181.93, H@1: 0.237, H@3: 0.349, H@10: 0.487 | Test - MRR: 0.2427 | *
[2026-04-14 00:16:27,798][root][INFO] - Epoch:  94 | Loss: 0.0016 | Val - MRR: 0.3227, MR:  182.78, H@1: 0.239, H@3: 0.351, H@10: 0.490 | Test - MRR: 0.2398 | *
[2026-04-14 00:18:56,866][root][INFO] - Epoch:  95 | Loss: 0.0016 | Val - MRR: 0.3239, MR:  183.81, H@1: 0.240, H@3: 0.351, H@10: 0.492 | Test - MRR: 0.2417 | *
[2026-04-14 00:21:13,983][root][INFO] - Epoch:  96 | Loss: 0.0016 | Val - MRR: 0.3227, MR:  178.85, H@1: 0.239, H@3: 0.351, H@10: 0.492 | 
[2026-04-14 00:23:41,705][root][INFO] - Epoch:  97 | Loss: 0.0016 | Val - MRR: 0.3245, MR:  179.40, H@1: 0.241, H@3: 0.353, H@10: 0.493 | Test - MRR: 0.2405 | *
[2026-04-14 00:26:08,771][root][INFO] - Epoch:  98 | Loss: 0.0016 | Val - MRR: 0.3246, MR:  183.17, H@1: 0.241, H@3: 0.352, H@10: 0.492 | Test - MRR: 0.2397 | *
[2026-04-14 00:28:35,469][root][INFO] - Epoch:  99 | Loss: 0.0016 | Val - MRR: 0.3253, MR:  180.86, H@1: 0.241, H@3: 0.353, H@10: 0.493 | Test - MRR: 0.2414 | *
[2026-04-14 00:31:03,341][root][INFO] - Epoch: 100 | Loss: 0.0016 | Val - MRR: 0.3257, MR:  178.60, H@1: 0.241, H@3: 0.354, H@10: 0.495 | Test - MRR: 0.2440 | *
[2026-04-14 00:33:28,473][root][INFO] - Epoch: 101 | Loss: 0.0016 | Val - MRR: 0.3279, MR:  175.31, H@1: 0.243, H@3: 0.357, H@10: 0.498 | Test - MRR: 0.2430 | *
[2026-04-14 00:35:45,560][root][INFO] - Epoch: 102 | Loss: 0.0016 | Val - MRR: 0.3276, MR:  175.66, H@1: 0.243, H@3: 0.356, H@10: 0.498 | 
[2026-04-14 00:38:11,970][root][INFO] - Epoch: 103 | Loss: 0.0016 | Val - MRR: 0.3283, MR:  177.19, H@1: 0.244, H@3: 0.356, H@10: 0.497 | Test - MRR: 0.2450 | *
[2026-04-14 00:40:40,499][root][INFO] - Epoch: 104 | Loss: 0.0016 | Val - MRR: 0.3313, MR:  175.81, H@1: 0.247, H@3: 0.359, H@10: 0.499 | Test - MRR: 0.2486 | *
[2026-04-14 00:42:56,071][root][INFO] - Epoch: 105 | Loss: 0.0016 | Val - MRR: 0.3300, MR:  177.77, H@1: 0.245, H@3: 0.359, H@10: 0.501 | 
[2026-04-14 00:45:11,320][root][INFO] - Epoch: 106 | Loss: 0.0016 | Val - MRR: 0.3306, MR:  174.81, H@1: 0.246, H@3: 0.360, H@10: 0.502 | 
[2026-04-14 00:47:38,015][root][INFO] - Epoch: 107 | Loss: 0.0016 | Val - MRR: 0.3316, MR:  174.19, H@1: 0.246, H@3: 0.360, H@10: 0.504 | Test - MRR: 0.2470 | *
[2026-04-14 00:50:05,142][root][INFO] - Epoch: 108 | Loss: 0.0016 | Val - MRR: 0.3320, MR:  172.58, H@1: 0.247, H@3: 0.360, H@10: 0.501 | Test - MRR: 0.2480 | *
[2026-04-14 00:52:19,710][root][INFO] - Epoch: 109 | Loss: 0.0016 | Val - MRR: 0.3319, MR:  171.56, H@1: 0.246, H@3: 0.362, H@10: 0.505 | 
[2026-04-14 00:54:46,028][root][INFO] - Epoch: 110 | Loss: 0.0015 | Val - MRR: 0.3339, MR:  172.20, H@1: 0.249, H@3: 0.362, H@10: 0.507 | Test - MRR: 0.2504 | *
[2026-04-14 00:57:02,014][root][INFO] - Epoch: 111 | Loss: 0.0016 | Val - MRR: 0.3333, MR:  172.55, H@1: 0.247, H@3: 0.363, H@10: 0.506 | 
[2026-04-14 00:59:30,229][root][INFO] - Epoch: 112 | Loss: 0.0016 | Val - MRR: 0.3357, MR:  177.56, H@1: 0.251, H@3: 0.365, H@10: 0.509 | Test - MRR: 0.2511 | *
[2026-04-14 01:01:57,271][root][INFO] - Epoch: 113 | Loss: 0.0015 | Val - MRR: 0.3355, MR:  173.75, H@1: 0.251, H@3: 0.364, H@10: 0.508 | Test - MRR: 0.2518 | *
[2026-04-14 01:04:13,334][root][INFO] - Epoch: 114 | Loss: 0.0015 | Val - MRR: 0.3345, MR:  176.26, H@1: 0.249, H@3: 0.363, H@10: 0.507 | 
[2026-04-14 01:06:40,825][root][INFO] - Epoch: 115 | Loss: 0.0015 | Val - MRR: 0.3369, MR:  170.62, H@1: 0.252, H@3: 0.364, H@10: 0.507 | Test - MRR: 0.2494 | *
[2026-04-14 01:08:57,510][root][INFO] - Epoch: 116 | Loss: 0.0015 | Val - MRR: 0.3364, MR:  171.41, H@1: 0.251, H@3: 0.364, H@10: 0.509 | 
[2026-04-14 01:11:12,852][root][INFO] - Epoch: 117 | Loss: 0.0015 | Val - MRR: 0.3359, MR:  169.77, H@1: 0.250, H@3: 0.365, H@10: 0.508 | 
[2026-04-14 01:13:39,229][root][INFO] - Epoch: 118 | Loss: 0.0015 | Val - MRR: 0.3377, MR:  168.38, H@1: 0.251, H@3: 0.368, H@10: 0.512 | Test - MRR: 0.2523 | *
[2026-04-14 01:15:54,556][root][INFO] - Epoch: 119 | Loss: 0.0015 | Val - MRR: 0.3374, MR:  168.95, H@1: 0.252, H@3: 0.365, H@10: 0.510 | 
[2026-04-14 01:18:21,014][root][INFO] - Epoch: 120 | Loss: 0.0015 | Val - MRR: 0.3385, MR:  168.95, H@1: 0.252, H@3: 0.369, H@10: 0.512 | Test - MRR: 0.2495 | *
[2026-04-14 01:20:47,533][root][INFO] - Epoch: 121 | Loss: 0.0015 | Val - MRR: 0.3388, MR:  169.53, H@1: 0.253, H@3: 0.369, H@10: 0.512 | Test - MRR: 0.2529 | *
[2026-04-14 01:23:11,404][root][INFO] - Epoch: 122 | Loss: 0.0015 | Val - MRR: 0.3388, MR:  167.03, H@1: 0.252, H@3: 0.369, H@10: 0.512 | Test - MRR: 0.2514 | *
[2026-04-14 01:25:37,738][root][INFO] - Epoch: 123 | Loss: 0.0015 | Val - MRR: 0.3395, MR:  168.50, H@1: 0.253, H@3: 0.369, H@10: 0.514 | Test - MRR: 0.2493 | *
[2026-04-14 01:27:53,600][root][INFO] - Epoch: 124 | Loss: 0.0015 | Val - MRR: 0.3391, MR:  167.26, H@1: 0.252, H@3: 0.370, H@10: 0.514 | 
[2026-04-14 01:30:19,890][root][INFO] - Epoch: 125 | Loss: 0.0015 | Val - MRR: 0.3398, MR:  166.94, H@1: 0.253, H@3: 0.370, H@10: 0.515 | Test - MRR: 0.2499 | *
[2026-04-14 01:32:46,574][root][INFO] - Epoch: 126 | Loss: 0.0015 | Val - MRR: 0.3412, MR:  163.53, H@1: 0.255, H@3: 0.370, H@10: 0.515 | Test - MRR: 0.2542 | *
[2026-04-14 01:35:14,709][root][INFO] - Epoch: 127 | Loss: 0.0015 | Val - MRR: 0.3412, MR:  166.16, H@1: 0.254, H@3: 0.372, H@10: 0.516 | Test - MRR: 0.2549 | *
[2026-04-14 01:37:41,865][root][INFO] - Epoch: 128 | Loss: 0.0015 | Val - MRR: 0.3428, MR:  165.74, H@1: 0.256, H@3: 0.372, H@10: 0.515 | Test - MRR: 0.2564 | *
[2026-04-14 01:40:07,945][root][INFO] - Epoch: 129 | Loss: 0.0015 | Val - MRR: 0.3424, MR:  165.76, H@1: 0.256, H@3: 0.373, H@10: 0.516 | Test - MRR: 0.2595 | *
[2026-04-14 01:42:34,123][root][INFO] - Epoch: 130 | Loss: 0.0015 | Val - MRR: 0.3433, MR:  168.27, H@1: 0.257, H@3: 0.373, H@10: 0.518 | Test - MRR: 0.2550 | *
[2026-04-14 01:44:49,371][root][INFO] - Epoch: 131 | Loss: 0.0015 | Val - MRR: 0.3432, MR:  163.61, H@1: 0.256, H@3: 0.375, H@10: 0.519 | 
[2026-04-14 01:47:15,866][root][INFO] - Epoch: 132 | Loss: 0.0015 | Val - MRR: 0.3441, MR:  164.46, H@1: 0.257, H@3: 0.375, H@10: 0.518 | Test - MRR: 0.2585 | *
[2026-04-14 01:49:30,266][root][INFO] - Epoch: 133 | Loss: 0.0015 | Val - MRR: 0.3435, MR:  160.86, H@1: 0.256, H@3: 0.374, H@10: 0.519 | 
[2026-04-14 01:51:45,335][root][INFO] - Epoch: 134 | Loss: 0.0015 | Val - MRR: 0.3437, MR:  166.50, H@1: 0.256, H@3: 0.375, H@10: 0.519 | 
[2026-04-14 01:54:11,530][root][INFO] - Epoch: 135 | Loss: 0.0015 | Val - MRR: 0.3453, MR:  164.93, H@1: 0.257, H@3: 0.377, H@10: 0.523 | Test - MRR: 0.2564 | *
[2026-04-14 01:56:36,000][root][INFO] - Epoch: 136 | Loss: 0.0015 | Val - MRR: 0.3464, MR:  164.73, H@1: 0.259, H@3: 0.377, H@10: 0.523 | Test - MRR: 0.2587 | *
[2026-04-14 01:58:51,237][root][INFO] - Epoch: 137 | Loss: 0.0015 | Val - MRR: 0.3454, MR:  162.70, H@1: 0.257, H@3: 0.377, H@10: 0.521 | 
[2026-04-14 02:01:05,525][root][INFO] - Epoch: 138 | Loss: 0.0015 | Val - MRR: 0.3460, MR:  160.67, H@1: 0.259, H@3: 0.376, H@10: 0.522 | 
[2026-04-14 02:03:21,479][root][INFO] - Epoch: 139 | Loss: 0.0015 | Val - MRR: 0.3456, MR:  159.27, H@1: 0.257, H@3: 0.377, H@10: 0.523 | 
[2026-04-14 02:05:36,948][root][INFO] - Epoch: 140 | Loss: 0.0015 | Val - MRR: 0.3450, MR:  160.93, H@1: 0.257, H@3: 0.375, H@10: 0.521 | 
[2026-04-14 02:07:53,323][root][INFO] - Epoch: 141 | Loss: 0.0015 | Val - MRR: 0.3447, MR:  160.20, H@1: 0.256, H@3: 0.376, H@10: 0.522 | 
[2026-04-14 02:10:20,048][root][INFO] - Epoch: 142 | Loss: 0.0015 | Val - MRR: 0.3457, MR:  158.63, H@1: 0.257, H@3: 0.377, H@10: 0.523 | Test - MRR: 0.2597 | *
[2026-04-14 02:12:47,968][root][INFO] - Epoch: 143 | Loss: 0.0015 | Val - MRR: 0.3458, MR:  160.15, H@1: 0.258, H@3: 0.375, H@10: 0.523 | Test - MRR: 0.2611 | *
[2026-04-14 02:15:14,642][root][INFO] - Epoch: 144 | Loss: 0.0015 | Val - MRR: 0.3459, MR:  161.04, H@1: 0.258, H@3: 0.376, H@10: 0.525 | Test - MRR: 0.2616 | *
[2026-04-14 02:17:40,941][root][INFO] - Epoch: 145 | Loss: 0.0015 | Val - MRR: 0.3468, MR:  158.84, H@1: 0.258, H@3: 0.378, H@10: 0.525 | Test - MRR: 0.2596 | *
[2026-04-14 02:20:07,406][root][INFO] - Epoch: 146 | Loss: 0.0015 | Val - MRR: 0.3473, MR:  161.83, H@1: 0.260, H@3: 0.380, H@10: 0.525 | Test - MRR: 0.2593 | *
[2026-04-14 02:22:35,589][root][INFO] - Epoch: 147 | Loss: 0.0015 | Val - MRR: 0.3483, MR:  160.81, H@1: 0.260, H@3: 0.380, H@10: 0.524 | Test - MRR: 0.2595 | *
[2026-04-14 02:24:52,396][root][INFO] - Epoch: 148 | Loss: 0.0015 | Val - MRR: 0.3480, MR:  161.73, H@1: 0.260, H@3: 0.380, H@10: 0.525 | 
[2026-04-14 02:27:19,581][root][INFO] - Epoch: 149 | Loss: 0.0015 | Val - MRR: 0.3489, MR:  163.49, H@1: 0.261, H@3: 0.380, H@10: 0.527 | Test - MRR: 0.2644 | *
[2026-04-14 02:29:49,104][root][INFO] - Epoch: 150 | Loss: 0.0015 | Val - MRR: 0.3494, MR:  161.04, H@1: 0.261, H@3: 0.381, H@10: 0.527 | Test - MRR: 0.2649 | *
[2026-04-14 02:32:18,737][root][INFO] - Epoch: 151 | Loss: 0.0014 | Val - MRR: 0.3491, MR:  159.75, H@1: 0.260, H@3: 0.381, H@10: 0.527 | Test - MRR: 0.2658 | *
[2026-04-14 02:34:35,589][root][INFO] - Epoch: 152 | Loss: 0.0014 | Val - MRR: 0.3483, MR:  160.53, H@1: 0.259, H@3: 0.381, H@10: 0.528 | 
[2026-04-14 02:37:04,086][root][INFO] - Epoch: 153 | Loss: 0.0014 | Val - MRR: 0.3499, MR:  159.81, H@1: 0.261, H@3: 0.382, H@10: 0.528 | Test - MRR: 0.2638 | *
[2026-04-14 02:39:30,795][root][INFO] - Epoch: 154 | Loss: 0.0015 | Val - MRR: 0.3500, MR:  160.37, H@1: 0.262, H@3: 0.380, H@10: 0.527 | Test - MRR: 0.2633 | *
[2026-04-14 02:41:58,009][root][INFO] - Epoch: 155 | Loss: 0.0014 | Val - MRR: 0.3503, MR:  158.75, H@1: 0.261, H@3: 0.384, H@10: 0.530 | Test - MRR: 0.2617 | *
[2026-04-14 02:44:24,623][root][INFO] - Epoch: 156 | Loss: 0.0014 | Val - MRR: 0.3507, MR:  160.20, H@1: 0.262, H@3: 0.383, H@10: 0.528 | Test - MRR: 0.2596 | *
[2026-04-14 02:46:52,937][root][INFO] - Epoch: 157 | Loss: 0.0014 | Val - MRR: 0.3510, MR:  160.87, H@1: 0.261, H@3: 0.385, H@10: 0.530 | Test - MRR: 0.2609 | *
[2026-04-14 02:49:20,304][root][INFO] - Epoch: 158 | Loss: 0.0014 | Val - MRR: 0.3519, MR:  159.68, H@1: 0.263, H@3: 0.384, H@10: 0.532 | Test - MRR: 0.2633 | *
[2026-04-14 02:51:39,147][root][INFO] - Epoch: 159 | Loss: 0.0014 | Val - MRR: 0.3502, MR:  158.03, H@1: 0.260, H@3: 0.384, H@10: 0.529 | 
[2026-04-14 02:53:54,907][root][INFO] - Epoch: 160 | Loss: 0.0014 | Val - MRR: 0.3518, MR:  157.68, H@1: 0.263, H@3: 0.384, H@10: 0.531 | 
[2026-04-14 02:56:12,027][root][INFO] - Epoch: 161 | Loss: 0.0014 | Val - MRR: 0.3512, MR:  158.53, H@1: 0.261, H@3: 0.385, H@10: 0.533 | 
[2026-04-14 02:58:40,061][root][INFO] - Epoch: 162 | Loss: 0.0014 | Val - MRR: 0.3531, MR:  161.21, H@1: 0.264, H@3: 0.387, H@10: 0.532 | Test - MRR: 0.2660 | *
[2026-04-14 03:01:08,065][root][INFO] - Epoch: 163 | Loss: 0.0014 | Val - MRR: 0.3529, MR:  159.42, H@1: 0.264, H@3: 0.387, H@10: 0.530 | Test - MRR: 0.2665 | *
[2026-04-14 03:03:24,977][root][INFO] - Epoch: 164 | Loss: 0.0014 | Val - MRR: 0.3515, MR:  159.78, H@1: 0.261, H@3: 0.387, H@10: 0.534 | 
[2026-04-14 03:05:41,020][root][INFO] - Epoch: 165 | Loss: 0.0014 | Val - MRR: 0.3526, MR:  157.84, H@1: 0.263, H@3: 0.387, H@10: 0.533 | 
[2026-04-14 03:08:08,573][root][INFO] - Epoch: 166 | Loss: 0.0014 | Val - MRR: 0.3537, MR:  157.61, H@1: 0.264, H@3: 0.387, H@10: 0.534 | Test - MRR: 0.2668 | *
[2026-04-14 03:10:37,133][root][INFO] - Epoch: 167 | Loss: 0.0014 | Val - MRR: 0.3537, MR:  161.49, H@1: 0.264, H@3: 0.387, H@10: 0.534 | Test - MRR: 0.2677 | *
[2026-04-14 03:12:53,380][root][INFO] - Epoch: 168 | Loss: 0.0014 | Val - MRR: 0.3520, MR:  159.08, H@1: 0.263, H@3: 0.384, H@10: 0.531 | 
[2026-04-14 03:15:11,602][root][INFO] - Epoch: 169 | Loss: 0.0014 | Val - MRR: 0.3531, MR:  159.84, H@1: 0.264, H@3: 0.386, H@10: 0.532 | 
[2026-04-14 03:17:29,272][root][INFO] - Epoch: 170 | Loss: 0.0014 | Val - MRR: 0.3527, MR:  160.63, H@1: 0.263, H@3: 0.386, H@10: 0.531 | 
[2026-04-14 03:19:57,660][root][INFO] - Epoch: 171 | Loss: 0.0014 | Val - MRR: 0.3547, MR:  161.35, H@1: 0.265, H@3: 0.388, H@10: 0.535 | Test - MRR: 0.2641 | *
[2026-04-14 03:22:26,540][root][INFO] - Epoch: 172 | Loss: 0.0014 | Val - MRR: 0.3535, MR:  157.00, H@1: 0.264, H@3: 0.386, H@10: 0.533 | Test - MRR: 0.2680 | *
[2026-04-14 03:24:55,180][root][INFO] - Epoch: 173 | Loss: 0.0014 | Val - MRR: 0.3536, MR:  159.16, H@1: 0.263, H@3: 0.388, H@10: 0.533 | Test - MRR: 0.2675 | *
[2026-04-14 03:27:12,503][root][INFO] - Epoch: 174 | Loss: 0.0014 | Val - MRR: 0.3532, MR:  156.05, H@1: 0.263, H@3: 0.386, H@10: 0.533 | 
[2026-04-14 03:29:41,115][root][INFO] - Epoch: 175 | Loss: 0.0014 | Val - MRR: 0.3545, MR:  158.53, H@1: 0.264, H@3: 0.388, H@10: 0.534 | Test - MRR: 0.2677 | *
[2026-04-14 03:32:09,683][root][INFO] - Epoch: 176 | Loss: 0.0014 | Val - MRR: 0.3536, MR:  158.26, H@1: 0.263, H@3: 0.388, H@10: 0.534 | Test - MRR: 0.2710 | *
[2026-04-14 03:34:38,031][root][INFO] - Epoch: 177 | Loss: 0.0014 | Val - MRR: 0.3536, MR:  156.23, H@1: 0.264, H@3: 0.387, H@10: 0.535 | Test - MRR: 0.2697 | *
[2026-04-14 03:37:05,915][root][INFO] - Epoch: 178 | Loss: 0.0014 | Val - MRR: 0.3546, MR:  157.45, H@1: 0.265, H@3: 0.387, H@10: 0.536 | Test - MRR: 0.2698 | *
[2026-04-14 03:39:34,857][root][INFO] - Epoch: 179 | Loss: 0.0014 | Val - MRR: 0.3550, MR:  156.38, H@1: 0.265, H@3: 0.388, H@10: 0.536 | Test - MRR: 0.2683 | *
[2026-04-14 03:42:02,997][root][INFO] - Epoch: 180 | Loss: 0.0014 | Val - MRR: 0.3560, MR:  156.27, H@1: 0.264, H@3: 0.391, H@10: 0.537 | Test - MRR: 0.2683 | *
[2026-04-14 03:44:20,339][root][INFO] - Epoch: 181 | Loss: 0.0014 | Val - MRR: 0.3545, MR:  155.81, H@1: 0.264, H@3: 0.388, H@10: 0.536 | 
[2026-04-14 03:46:37,097][root][INFO] - Epoch: 182 | Loss: 0.0014 | Val - MRR: 0.3549, MR:  158.44, H@1: 0.265, H@3: 0.387, H@10: 0.536 | 
[2026-04-14 03:48:53,664][root][INFO] - Epoch: 183 | Loss: 0.0014 | Val - MRR: 0.3558, MR:  158.00, H@1: 0.266, H@3: 0.389, H@10: 0.535 | 
[2026-04-14 03:51:23,531][root][INFO] - Epoch: 184 | Loss: 0.0014 | Val - MRR: 0.3571, MR:  155.52, H@1: 0.267, H@3: 0.391, H@10: 0.540 | Test - MRR: 0.2711 | *
[2026-04-14 03:53:52,880][root][INFO] - Epoch: 185 | Loss: 0.0014 | Val - MRR: 0.3564, MR:  157.98, H@1: 0.266, H@3: 0.390, H@10: 0.537 | Test - MRR: 0.2723 | *
[2026-04-14 03:56:10,341][root][INFO] - Epoch: 186 | Loss: 0.0014 | Val - MRR: 0.3557, MR:  156.50, H@1: 0.265, H@3: 0.391, H@10: 0.538 | 
[2026-04-14 03:58:39,235][root][INFO] - Epoch: 187 | Loss: 0.0014 | Val - MRR: 0.3572, MR:  156.83, H@1: 0.268, H@3: 0.389, H@10: 0.538 | Test - MRR: 0.2710 | *
[2026-04-14 04:00:57,554][root][INFO] - Epoch: 188 | Loss: 0.0014 | Val - MRR: 0.3566, MR:  156.58, H@1: 0.266, H@3: 0.389, H@10: 0.538 | 
[2026-04-14 04:03:25,683][root][INFO] - Epoch: 189 | Loss: 0.0014 | Val - MRR: 0.3572, MR:  156.66, H@1: 0.267, H@3: 0.390, H@10: 0.538 | Test - MRR: 0.2724 | *
[2026-04-14 04:05:44,378][root][INFO] - Epoch: 190 | Loss: 0.0014 | Val - MRR: 0.3564, MR:  158.27, H@1: 0.266, H@3: 0.390, H@10: 0.538 | 
[2026-04-14 04:08:12,287][root][INFO] - Epoch: 191 | Loss: 0.0014 | Val - MRR: 0.3586, MR:  159.55, H@1: 0.268, H@3: 0.392, H@10: 0.539 | Test - MRR: 0.2718 | *
[2026-04-14 04:10:41,877][root][INFO] - Epoch: 192 | Loss: 0.0014 | Val - MRR: 0.3577, MR:  156.29, H@1: 0.267, H@3: 0.390, H@10: 0.538 | Test - MRR: 0.2727 | *
[2026-04-14 04:13:00,222][root][INFO] - Epoch: 193 | Loss: 0.0014 | Val - MRR: 0.3569, MR:  157.97, H@1: 0.266, H@3: 0.392, H@10: 0.539 | 
[2026-04-14 04:15:18,355][root][INFO] - Epoch: 194 | Loss: 0.0014 | Val - MRR: 0.3563, MR:  155.82, H@1: 0.266, H@3: 0.389, H@10: 0.538 | 
[2026-04-14 04:17:35,485][root][INFO] - Epoch: 195 | Loss: 0.0014 | Val - MRR: 0.3570, MR:  156.46, H@1: 0.266, H@3: 0.390, H@10: 0.538 | 
[2026-04-14 04:19:54,148][root][INFO] - Epoch: 196 | Loss: 0.0014 | Val - MRR: 0.3563, MR:  156.72, H@1: 0.265, H@3: 0.391, H@10: 0.538 | 
[2026-04-14 04:22:14,436][root][INFO] - Epoch: 197 | Loss: 0.0014 | Val - MRR: 0.3569, MR:  154.10, H@1: 0.266, H@3: 0.391, H@10: 0.540 | 
[2026-04-14 04:24:30,541][root][INFO] - Epoch: 198 | Loss: 0.0014 | Val - MRR: 0.3570, MR:  158.46, H@1: 0.266, H@3: 0.390, H@10: 0.540 | 
[2026-04-14 04:26:48,940][root][INFO] - Epoch: 199 | Loss: 0.0014 | Val - MRR: 0.3575, MR:  159.04, H@1: 0.267, H@3: 0.391, H@10: 0.539 | 
[2026-04-14 04:29:18,233][root][INFO] - Epoch: 200 | Loss: 0.0014 | Val - MRR: 0.3575, MR:  158.57, H@1: 0.267, H@3: 0.391, H@10: 0.538 | Test - MRR: 0.2738 | *
[2026-04-14 04:31:48,581][root][INFO] - Epoch: 201 | Loss: 0.0014 | Val - MRR: 0.3584, MR:  157.15, H@1: 0.268, H@3: 0.393, H@10: 0.539 | Test - MRR: 0.2739 | *
[2026-04-14 04:34:16,712][root][INFO] - Epoch: 202 | Loss: 0.0014 | Val - MRR: 0.3589, MR:  156.43, H@1: 0.269, H@3: 0.392, H@10: 0.541 | Test - MRR: 0.2730 | *
[2026-04-14 04:36:46,600][root][INFO] - Epoch: 203 | Loss: 0.0014 | Val - MRR: 0.3588, MR:  158.88, H@1: 0.268, H@3: 0.392, H@10: 0.542 | Test - MRR: 0.2746 | *
[2026-04-14 04:39:14,739][root][INFO] - Epoch: 204 | Loss: 0.0014 | Val - MRR: 0.3599, MR:  157.63, H@1: 0.270, H@3: 0.392, H@10: 0.539 | Test - MRR: 0.2728 | *
[2026-04-14 04:41:31,892][root][INFO] - Epoch: 205 | Loss: 0.0014 | Val - MRR: 0.3596, MR:  159.33, H@1: 0.269, H@3: 0.394, H@10: 0.542 | 
[2026-04-14 04:43:49,785][root][INFO] - Epoch: 206 | Loss: 0.0014 | Val - MRR: 0.3594, MR:  156.81, H@1: 0.269, H@3: 0.393, H@10: 0.542 | 
[2026-04-14 04:46:08,115][root][INFO] - Epoch: 207 | Loss: 0.0014 | Val - MRR: 0.3589, MR:  159.69, H@1: 0.268, H@3: 0.393, H@10: 0.540 | 
[2026-04-14 04:48:26,325][root][INFO] - Epoch: 208 | Loss: 0.0014 | Val - MRR: 0.3594, MR:  158.19, H@1: 0.269, H@3: 0.394, H@10: 0.542 | 
[2026-04-14 04:50:44,827][root][INFO] - Epoch: 209 | Loss: 0.0014 | Val - MRR: 0.3595, MR:  158.03, H@1: 0.269, H@3: 0.394, H@10: 0.540 | 
[2026-04-14 04:53:14,515][root][INFO] - Epoch: 210 | Loss: 0.0014 | Val - MRR: 0.3594, MR:  160.55, H@1: 0.268, H@3: 0.394, H@10: 0.540 | Test - MRR: 0.2748 | *
[2026-04-14 04:55:42,962][root][INFO] - Epoch: 211 | Loss: 0.0014 | Val - MRR: 0.3599, MR:  159.39, H@1: 0.269, H@3: 0.394, H@10: 0.542 | Test - MRR: 0.2736 | *
[2026-04-14 04:58:13,911][root][INFO] - Epoch: 212 | Loss: 0.0014 | Val - MRR: 0.3588, MR:  156.69, H@1: 0.267, H@3: 0.393, H@10: 0.543 | Test - MRR: 0.2753 | *
[2026-04-14 05:00:44,063][root][INFO] - Epoch: 213 | Loss: 0.0014 | Val - MRR: 0.3594, MR:  156.44, H@1: 0.269, H@3: 0.393, H@10: 0.542 | Test - MRR: 0.2759 | *
[2026-04-14 05:03:14,009][root][INFO] - Epoch: 214 | Loss: 0.0014 | Val - MRR: 0.3599, MR:  157.32, H@1: 0.269, H@3: 0.394, H@10: 0.543 | Test - MRR: 0.2746 | *
[2026-04-14 05:05:44,312][root][INFO] - Epoch: 215 | Loss: 0.0014 | Val - MRR: 0.3610, MR:  158.69, H@1: 0.270, H@3: 0.394, H@10: 0.543 | Test - MRR: 0.2764 | *
[2026-04-14 05:08:13,416][root][INFO] - Epoch: 216 | Loss: 0.0014 | Val - MRR: 0.3612, MR:  158.20, H@1: 0.270, H@3: 0.396, H@10: 0.544 | Test - MRR: 0.2758 | *
[2026-04-14 05:10:31,494][root][INFO] - Epoch: 217 | Loss: 0.0014 | Val - MRR: 0.3610, MR:  158.29, H@1: 0.269, H@3: 0.396, H@10: 0.543 | 
[2026-04-14 05:13:01,777][root][INFO] - Epoch: 218 | Loss: 0.0014 | Val - MRR: 0.3626, MR:  159.92, H@1: 0.272, H@3: 0.397, H@10: 0.543 | Test - MRR: 0.2726 | *
[2026-04-14 05:15:22,436][root][INFO] - Epoch: 219 | Loss: 0.0014 | Val - MRR: 0.3624, MR:  157.36, H@1: 0.271, H@3: 0.396, H@10: 0.544 | 
[2026-04-14 05:17:40,647][root][INFO] - Epoch: 220 | Loss: 0.0014 | Val - MRR: 0.3615, MR:  158.94, H@1: 0.270, H@3: 0.396, H@10: 0.544 | 
[2026-04-14 05:20:11,870][root][INFO] - Epoch: 221 | Loss: 0.0014 | Val - MRR: 0.3612, MR:  159.32, H@1: 0.271, H@3: 0.394, H@10: 0.543 | Test - MRR: 0.2770 | *
[2026-04-14 05:22:42,481][root][INFO] - Epoch: 222 | Loss: 0.0014 | Val - MRR: 0.3612, MR:  158.46, H@1: 0.270, H@3: 0.396, H@10: 0.543 | Test - MRR: 0.2772 | *
[2026-04-14 05:25:00,741][root][INFO] - Epoch: 223 | Loss: 0.0014 | Val - MRR: 0.3604, MR:  158.46, H@1: 0.269, H@3: 0.395, H@10: 0.543 | 
[2026-04-14 05:27:29,906][root][INFO] - Epoch: 224 | Loss: 0.0014 | Val - MRR: 0.3627, MR:  156.25, H@1: 0.272, H@3: 0.398, H@10: 0.545 | Test - MRR: 0.2751 | *
[2026-04-14 05:29:50,057][root][INFO] - Epoch: 225 | Loss: 0.0014 | Val - MRR: 0.3624, MR:  161.21, H@1: 0.271, H@3: 0.396, H@10: 0.544 | 
[2026-04-14 05:32:18,616][root][INFO] - Epoch: 226 | Loss: 0.0014 | Val - MRR: 0.3631, MR:  158.89, H@1: 0.272, H@3: 0.397, H@10: 0.546 | Test - MRR: 0.2764 | *
[2026-04-14 05:34:38,915][root][INFO] - Epoch: 227 | Loss: 0.0014 | Val - MRR: 0.3614, MR:  160.31, H@1: 0.270, H@3: 0.397, H@10: 0.544 | 
[2026-04-14 05:36:57,012][root][INFO] - Epoch: 228 | Loss: 0.0014 | Val - MRR: 0.3625, MR:  159.71, H@1: 0.271, H@3: 0.397, H@10: 0.546 | 
[2026-04-14 05:39:14,705][root][INFO] - Epoch: 229 | Loss: 0.0014 | Val - MRR: 0.3612, MR:  156.89, H@1: 0.268, H@3: 0.397, H@10: 0.545 | 
[2026-04-14 05:41:46,028][root][INFO] - Epoch: 230 | Loss: 0.0014 | Val - MRR: 0.3621, MR:  160.79, H@1: 0.270, H@3: 0.398, H@10: 0.548 | Test - MRR: 0.2779 | *
[2026-04-14 05:44:16,579][root][INFO] - Epoch: 231 | Loss: 0.0014 | Val - MRR: 0.3630, MR:  161.61, H@1: 0.272, H@3: 0.397, H@10: 0.545 | Test - MRR: 0.2776 | *
[2026-04-14 05:46:34,540][root][INFO] - Epoch: 232 | Loss: 0.0014 | Val - MRR: 0.3613, MR:  161.63, H@1: 0.270, H@3: 0.395, H@10: 0.544 | 
[2026-04-14 05:48:53,530][root][INFO] - Epoch: 233 | Loss: 0.0014 | Val - MRR: 0.3613, MR:  163.58, H@1: 0.269, H@3: 0.396, H@10: 0.544 | 
[2026-04-14 05:51:11,820][root][INFO] - Epoch: 234 | Loss: 0.0014 | Val - MRR: 0.3620, MR:  160.44, H@1: 0.271, H@3: 0.396, H@10: 0.543 | 
[2026-04-14 05:53:29,677][root][INFO] - Epoch: 235 | Loss: 0.0014 | Val - MRR: 0.3628, MR:  158.82, H@1: 0.272, H@3: 0.397, H@10: 0.545 | 
[2026-04-14 05:55:49,205][root][INFO] - Epoch: 236 | Loss: 0.0014 | Val - MRR: 0.3630, MR:  159.91, H@1: 0.271, H@3: 0.399, H@10: 0.546 | 
[2026-04-14 05:58:07,810][root][INFO] - Epoch: 237 | Loss: 0.0014 | Val - MRR: 0.3620, MR:  160.01, H@1: 0.271, H@3: 0.395, H@10: 0.544 | 
[2026-04-14 06:00:24,695][root][INFO] - Epoch: 238 | Loss: 0.0014 | Val - MRR: 0.3626, MR:  161.05, H@1: 0.271, H@3: 0.396, H@10: 0.545 | 
[2026-04-14 06:02:43,797][root][INFO] - Epoch: 239 | Loss: 0.0014 | Val - MRR: 0.3617, MR:  162.59, H@1: 0.270, H@3: 0.396, H@10: 0.545 | 
[2026-04-14 06:05:13,919][root][INFO] - Epoch: 240 | Loss: 0.0014 | Val - MRR: 0.3614, MR:  162.47, H@1: 0.269, H@3: 0.397, H@10: 0.547 | Test - MRR: 0.2794 | *
[2026-04-14 06:07:44,885][root][INFO] - Epoch: 241 | Loss: 0.0013 | Val - MRR: 0.3623, MR:  159.67, H@1: 0.270, H@3: 0.397, H@10: 0.547 | Test - MRR: 0.2781 | *
[2026-04-14 06:10:17,020][root][INFO] - Epoch: 242 | Loss: 0.0014 | Val - MRR: 0.3619, MR:  162.09, H@1: 0.269, H@3: 0.398, H@10: 0.546 | Test - MRR: 0.2795 | *
[2026-04-14 06:12:48,497][root][INFO] - Epoch: 243 | Loss: 0.0014 | Val - MRR: 0.3630, MR:  160.88, H@1: 0.271, H@3: 0.398, H@10: 0.546 | Test - MRR: 0.2771 | *
[2026-04-14 06:15:08,039][root][INFO] - Epoch: 244 | Loss: 0.0014 | Val - MRR: 0.3618, MR:  163.47, H@1: 0.270, H@3: 0.396, H@10: 0.545 | 
[2026-04-14 06:17:28,234][root][INFO] - Epoch: 245 | Loss: 0.0013 | Val - MRR: 0.3619, MR:  160.03, H@1: 0.269, H@3: 0.398, H@10: 0.547 | 
[2026-04-14 06:19:49,920][root][INFO] - Epoch: 246 | Loss: 0.0013 | Val - MRR: 0.3629, MR:  162.88, H@1: 0.271, H@3: 0.397, H@10: 0.547 | 
[2026-04-14 06:22:18,841][root][INFO] - Epoch: 247 | Loss: 0.0013 | Val - MRR: 0.3636, MR:  160.96, H@1: 0.273, H@3: 0.398, H@10: 0.545 | Test - MRR: 0.2756 | *
[2026-04-14 06:24:38,879][root][INFO] - Epoch: 248 | Loss: 0.0013 | Val - MRR: 0.3631, MR:  159.54, H@1: 0.271, H@3: 0.399, H@10: 0.546 | 
[2026-04-14 06:26:58,900][root][INFO] - Epoch: 249 | Loss: 0.0014 | Val - MRR: 0.3611, MR:  163.68, H@1: 0.269, H@3: 0.396, H@10: 0.546 | 
[2026-04-14 06:29:18,045][root][INFO] - Epoch: 250 | Loss: 0.0013 | Val - MRR: 0.3628, MR:  162.69, H@1: 0.271, H@3: 0.397, H@10: 0.547 | 
[2026-04-14 06:31:37,044][root][INFO] - Epoch: 251 | Loss: 0.0013 | Val - MRR: 0.3632, MR:  163.79, H@1: 0.271, H@3: 0.397, H@10: 0.546 | 
[2026-04-14 06:33:55,585][root][INFO] - Epoch: 252 | Loss: 0.0013 | Val - MRR: 0.3623, MR:  164.00, H@1: 0.270, H@3: 0.397, H@10: 0.547 | 
[2026-04-14 06:36:14,786][root][INFO] - Epoch: 253 | Loss: 0.0013 | Val - MRR: 0.3623, MR:  163.33, H@1: 0.271, H@3: 0.396, H@10: 0.546 | 
[2026-04-14 06:38:35,795][root][INFO] - Epoch: 254 | Loss: 0.0013 | Val - MRR: 0.3629, MR:  164.45, H@1: 0.271, H@3: 0.397, H@10: 0.547 | 
[2026-04-14 06:41:06,933][root][INFO] - Epoch: 255 | Loss: 0.0013 | Val - MRR: 0.3635, MR:  158.97, H@1: 0.272, H@3: 0.397, H@10: 0.547 | Test - MRR: 0.2805 | *
[2026-04-14 06:43:37,094][root][INFO] - Epoch: 256 | Loss: 0.0013 | Val - MRR: 0.3636, MR:  164.17, H@1: 0.272, H@3: 0.398, H@10: 0.547 | Test - MRR: 0.2772 | *
[2026-04-14 06:45:57,450][root][INFO] - Epoch: 257 | Loss: 0.0013 | Val - MRR: 0.3619, MR:  161.74, H@1: 0.270, H@3: 0.397, H@10: 0.545 | 
[2026-04-14 06:48:16,229][root][INFO] - Epoch: 258 | Loss: 0.0013 | Val - MRR: 0.3636, MR:  162.96, H@1: 0.272, H@3: 0.399, H@10: 0.547 | 
[2026-04-14 06:50:47,292][root][INFO] - Epoch: 259 | Loss: 0.0013 | Val - MRR: 0.3637, MR:  160.73, H@1: 0.272, H@3: 0.398, H@10: 0.548 | Test - MRR: 0.2801 | *
[2026-04-14 06:53:20,562][root][INFO] - Epoch: 260 | Loss: 0.0013 | Val - MRR: 0.3636, MR:  161.01, H@1: 0.272, H@3: 0.397, H@10: 0.549 | Test - MRR: 0.2817 | *
[2026-04-14 06:55:39,559][root][INFO] - Epoch: 261 | Loss: 0.0013 | Val - MRR: 0.3632, MR:  160.76, H@1: 0.273, H@3: 0.397, H@10: 0.547 | 
[2026-04-14 06:58:11,038][root][INFO] - Epoch: 262 | Loss: 0.0013 | Val - MRR: 0.3636, MR:  162.79, H@1: 0.272, H@3: 0.396, H@10: 0.549 | Test - MRR: 0.2820 | *
[2026-04-14 07:00:31,343][root][INFO] - Epoch: 263 | Loss: 0.0013 | Val - MRR: 0.3619, MR:  163.64, H@1: 0.270, H@3: 0.395, H@10: 0.547 | 
[2026-04-14 07:02:50,314][root][INFO] - Epoch: 264 | Loss: 0.0013 | Val - MRR: 0.3628, MR:  161.26, H@1: 0.271, H@3: 0.397, H@10: 0.548 | 
[2026-04-14 07:05:08,866][root][INFO] - Epoch: 265 | Loss: 0.0013 | Val - MRR: 0.3616, MR:  163.06, H@1: 0.269, H@3: 0.395, H@10: 0.549 | 
[2026-04-14 07:07:28,101][root][INFO] - Epoch: 266 | Loss: 0.0013 | Val - MRR: 0.3626, MR:  165.69, H@1: 0.271, H@3: 0.397, H@10: 0.548 | 
[2026-04-14 07:09:47,687][root][INFO] - Epoch: 267 | Loss: 0.0013 | Val - MRR: 0.3634, MR:  162.62, H@1: 0.272, H@3: 0.397, H@10: 0.548 | 
[2026-04-14 07:12:18,941][root][INFO] - Epoch: 268 | Loss: 0.0013 | Val - MRR: 0.3633, MR:  164.32, H@1: 0.271, H@3: 0.397, H@10: 0.548 | Test - MRR: 0.2827 | *
[2026-04-14 07:14:38,212][root][INFO] - Epoch: 269 | Loss: 0.0013 | Val - MRR: 0.3627, MR:  164.40, H@1: 0.271, H@3: 0.396, H@10: 0.549 | 
[2026-04-14 07:16:57,959][root][INFO] - Epoch: 270 | Loss: 0.0013 | Val - MRR: 0.3633, MR:  162.33, H@1: 0.271, H@3: 0.397, H@10: 0.548 | 
[2026-04-14 07:19:17,899][root][INFO] - Epoch: 271 | Loss: 0.0013 | Val - MRR: 0.3632, MR:  162.60, H@1: 0.272, H@3: 0.396, H@10: 0.547 | 
[2026-04-14 07:21:47,151][root][INFO] - Epoch: 272 | Loss: 0.0013 | Val - MRR: 0.3637, MR:  163.66, H@1: 0.271, H@3: 0.399, H@10: 0.549 | Test - MRR: 0.2818 | *
[2026-04-14 07:24:16,982][root][INFO] - Epoch: 273 | Loss: 0.0013 | Val - MRR: 0.3641, MR:  166.99, H@1: 0.273, H@3: 0.396, H@10: 0.548 | Test - MRR: 0.2804 | *
[2026-04-14 07:26:36,188][root][INFO] - Epoch: 274 | Loss: 0.0013 | Val - MRR: 0.3634, MR:  166.65, H@1: 0.271, H@3: 0.398, H@10: 0.548 | 
[2026-04-14 07:29:08,975][root][INFO] - Epoch: 275 | Loss: 0.0013 | Val - MRR: 0.3632, MR:  163.61, H@1: 0.271, H@3: 0.398, H@10: 0.547 | Test - MRR: 0.2830 | *
[2026-04-14 07:31:38,436][root][INFO] - Epoch: 276 | Loss: 0.0013 | Val - MRR: 0.3642, MR:  164.11, H@1: 0.272, H@3: 0.399, H@10: 0.549 | Test - MRR: 0.2807 | *
[2026-04-14 07:33:57,704][root][INFO] - Epoch: 277 | Loss: 0.0013 | Val - MRR: 0.3630, MR:  164.05, H@1: 0.271, H@3: 0.398, H@10: 0.548 | 
[2026-04-14 07:36:15,585][root][INFO] - Epoch: 278 | Loss: 0.0013 | Val - MRR: 0.3628, MR:  165.95, H@1: 0.271, H@3: 0.397, H@10: 0.548 | 
[2026-04-14 07:38:37,586][root][INFO] - Epoch: 279 | Loss: 0.0013 | Val - MRR: 0.3626, MR:  166.57, H@1: 0.270, H@3: 0.397, H@10: 0.547 | 
[2026-04-14 07:40:55,280][root][INFO] - Epoch: 280 | Loss: 0.0013 | Val - MRR: 0.3638, MR:  164.67, H@1: 0.272, H@3: 0.399, H@10: 0.548 | 
[2026-04-14 07:43:15,471][root][INFO] - Epoch: 281 | Loss: 0.0013 | Val - MRR: 0.3632, MR:  161.79, H@1: 0.271, H@3: 0.397, H@10: 0.548 | 
[2026-04-14 07:45:33,820][root][INFO] - Epoch: 282 | Loss: 0.0013 | Val - MRR: 0.3637, MR:  165.32, H@1: 0.271, H@3: 0.400, H@10: 0.549 | 
[2026-04-14 07:48:04,152][root][INFO] - Epoch: 283 | Loss: 0.0013 | Val - MRR: 0.3646, MR:  166.89, H@1: 0.273, H@3: 0.399, H@10: 0.549 | Test - MRR: 0.2787 | *
[2026-04-14 07:50:23,558][root][INFO] - Epoch: 284 | Loss: 0.0013 | Val - MRR: 0.3642, MR:  164.73, H@1: 0.272, H@3: 0.398, H@10: 0.550 | 
[2026-04-14 07:52:42,478][root][INFO] - Epoch: 285 | Loss: 0.0013 | Val - MRR: 0.3634, MR:  162.55, H@1: 0.271, H@3: 0.399, H@10: 0.549 | 
[2026-04-14 07:55:01,578][root][INFO] - Epoch: 286 | Loss: 0.0013 | Val - MRR: 0.3626, MR:  165.86, H@1: 0.270, H@3: 0.398, H@10: 0.548 | 
[2026-04-14 07:57:20,516][root][INFO] - Epoch: 287 | Loss: 0.0013 | Val - MRR: 0.3640, MR:  164.70, H@1: 0.271, H@3: 0.399, H@10: 0.551 | 
[2026-04-14 07:59:39,959][root][INFO] - Epoch: 288 | Loss: 0.0013 | Val - MRR: 0.3623, MR:  164.62, H@1: 0.270, H@3: 0.398, H@10: 0.548 | 
[2026-04-14 08:01:58,513][root][INFO] - Epoch: 289 | Loss: 0.0013 | Val - MRR: 0.3636, MR:  164.07, H@1: 0.272, H@3: 0.398, H@10: 0.548 | 
[2026-04-14 08:04:17,273][root][INFO] - Epoch: 290 | Loss: 0.0013 | Val - MRR: 0.3634, MR:  162.94, H@1: 0.271, H@3: 0.399, H@10: 0.550 | 
[2026-04-14 08:06:37,440][root][INFO] - Epoch: 291 | Loss: 0.0013 | Val - MRR: 0.3639, MR:  166.11, H@1: 0.272, H@3: 0.398, H@10: 0.548 | 
[2026-04-14 08:08:56,547][root][INFO] - Epoch: 292 | Loss: 0.0013 | Val - MRR: 0.3627, MR:  167.82, H@1: 0.269, H@3: 0.399, H@10: 0.550 | 
[2026-04-14 08:11:14,719][root][INFO] - Epoch: 293 | Loss: 0.0013 | Val - MRR: 0.3626, MR:  169.49, H@1: 0.270, H@3: 0.398, H@10: 0.550 | 
[2026-04-14 08:13:34,117][root][INFO] - Epoch: 294 | Loss: 0.0013 | Val - MRR: 0.3633, MR:  165.02, H@1: 0.271, H@3: 0.397, H@10: 0.550 | 
[2026-04-14 08:15:52,279][root][INFO] - Epoch: 295 | Loss: 0.0013 | Val - MRR: 0.3635, MR:  164.57, H@1: 0.272, H@3: 0.397, H@10: 0.549 | 
[2026-04-14 08:18:11,473][root][INFO] - Epoch: 296 | Loss: 0.0013 | Val - MRR: 0.3630, MR:  163.74, H@1: 0.271, H@3: 0.397, H@10: 0.549 | 
[2026-04-14 08:20:30,028][root][INFO] - Epoch: 297 | Loss: 0.0013 | Val - MRR: 0.3638, MR:  167.11, H@1: 0.271, H@3: 0.400, H@10: 0.549 | 
[2026-04-14 08:22:48,901][root][INFO] - Epoch: 298 | Loss: 0.0013 | Val - MRR: 0.3634, MR:  165.12, H@1: 0.271, H@3: 0.398, H@10: 0.548 | 
[2026-04-14 08:25:09,142][root][INFO] - Epoch: 299 | Loss: 0.0013 | Val - MRR: 0.3637, MR:  166.59, H@1: 0.271, H@3: 0.398, H@10: 0.551 | 
[2026-04-14 08:27:28,671][root][INFO] - Epoch: 300 | Loss: 0.0013 | Val - MRR: 0.3634, MR:  164.70, H@1: 0.270, H@3: 0.398, H@10: 0.550 | 
[2026-04-14 08:29:51,528][root][INFO] - Epoch: 301 | Loss: 0.0013 | Val - MRR: 0.3641, MR:  166.67, H@1: 0.272, H@3: 0.399, H@10: 0.549 | 
[2026-04-14 08:32:10,019][root][INFO] - Epoch: 302 | Loss: 0.0013 | Val - MRR: 0.3645, MR:  166.72, H@1: 0.272, H@3: 0.398, H@10: 0.549 | 
[2026-04-14 08:34:29,050][root][INFO] - Epoch: 303 | Loss: 0.0013 | Val - MRR: 0.3640, MR:  165.12, H@1: 0.272, H@3: 0.398, H@10: 0.548 | 
[2026-04-14 08:36:48,928][root][INFO] - Epoch: 304 | Loss: 0.0013 | Val - MRR: 0.3643, MR:  166.62, H@1: 0.272, H@3: 0.399, H@10: 0.550 | 
[2026-04-14 08:39:08,665][root][INFO] - Epoch: 305 | Loss: 0.0013 | Val - MRR: 0.3634, MR:  162.52, H@1: 0.270, H@3: 0.398, H@10: 0.550 | 
[2026-04-14 08:41:26,658][root][INFO] - Epoch: 306 | Loss: 0.0013 | Val - MRR: 0.3616, MR:  166.42, H@1: 0.269, H@3: 0.395, H@10: 0.549 | 
[2026-04-14 08:43:45,298][root][INFO] - Epoch: 307 | Loss: 0.0013 | Val - MRR: 0.3633, MR:  168.32, H@1: 0.271, H@3: 0.399, H@10: 0.549 | 
[2026-04-14 08:46:05,041][root][INFO] - Epoch: 308 | Loss: 0.0013 | Val - MRR: 0.3636, MR:  165.47, H@1: 0.270, H@3: 0.399, H@10: 0.551 | 
[2026-04-14 08:48:24,122][root][INFO] - Epoch: 309 | Loss: 0.0013 | Val - MRR: 0.3632, MR:  168.07, H@1: 0.270, H@3: 0.400, H@10: 0.550 | 
[2026-04-14 08:50:54,927][root][INFO] - Epoch: 310 | Loss: 0.0013 | Val - MRR: 0.3634, MR:  169.07, H@1: 0.271, H@3: 0.399, H@10: 0.549 | Test - MRR: 0.2837 | *
[2026-04-14 08:53:27,895][root][INFO] - Epoch: 311 | Loss: 0.0013 | Val - MRR: 0.3644, MR:  165.88, H@1: 0.272, H@3: 0.401, H@10: 0.549 | Test - MRR: 0.2833 | *
[2026-04-14 08:55:46,405][root][INFO] - Epoch: 312 | Loss: 0.0013 | Val - MRR: 0.3638, MR:  167.31, H@1: 0.271, H@3: 0.400, H@10: 0.548 | 
[2026-04-14 08:58:18,151][root][INFO] - Epoch: 313 | Loss: 0.0013 | Val - MRR: 0.3642, MR:  169.45, H@1: 0.271, H@3: 0.402, H@10: 0.550 | Test - MRR: 0.2844 | *
[2026-04-14 09:00:48,968][root][INFO] - Epoch: 314 | Loss: 0.0013 | Val - MRR: 0.3644, MR:  167.17, H@1: 0.272, H@3: 0.400, H@10: 0.551 | Test - MRR: 0.2838 | *
[2026-04-14 09:03:08,154][root][INFO] - Epoch: 315 | Loss: 0.0013 | Val - MRR: 0.3642, MR:  165.98, H@1: 0.271, H@3: 0.400, H@10: 0.552 | 
[2026-04-14 09:05:26,639][root][INFO] - Epoch: 316 | Loss: 0.0013 | Val - MRR: 0.3642, MR:  170.73, H@1: 0.271, H@3: 0.398, H@10: 0.552 | 
[2026-04-14 09:07:45,278][root][INFO] - Epoch: 317 | Loss: 0.0013 | Val - MRR: 0.3633, MR:  168.69, H@1: 0.271, H@3: 0.398, H@10: 0.550 | 
[2026-04-14 09:10:04,222][root][INFO] - Epoch: 318 | Loss: 0.0013 | Val - MRR: 0.3633, MR:  170.07, H@1: 0.271, H@3: 0.398, H@10: 0.549 | 
[2026-04-14 09:12:22,581][root][INFO] - Epoch: 319 | Loss: 0.0013 | Val - MRR: 0.3641, MR:  168.74, H@1: 0.271, H@3: 0.399, H@10: 0.551 | 
[2026-04-14 09:14:51,632][root][INFO] - Epoch: 320 | Loss: 0.0013 | Val - MRR: 0.3645, MR:  167.18, H@1: 0.271, H@3: 0.402, H@10: 0.551 | Test - MRR: 0.2813 | *
[2026-04-14 09:17:22,546][root][INFO] - Epoch: 321 | Loss: 0.0013 | Val - MRR: 0.3654, MR:  168.70, H@1: 0.272, H@3: 0.401, H@10: 0.551 | Test - MRR: 0.2817 | *
[2026-04-14 09:19:41,628][root][INFO] - Epoch: 322 | Loss: 0.0013 | Val - MRR: 0.3646, MR:  168.00, H@1: 0.271, H@3: 0.402, H@10: 0.550 | 
[2026-04-14 09:22:11,129][root][INFO] - Epoch: 323 | Loss: 0.0013 | Val - MRR: 0.3655, MR:  167.39, H@1: 0.273, H@3: 0.402, H@10: 0.551 | Test - MRR: 0.2826 | *
[2026-04-14 09:24:30,160][root][INFO] - Epoch: 324 | Loss: 0.0013 | Val - MRR: 0.3650, MR:  169.26, H@1: 0.272, H@3: 0.401, H@10: 0.549 | 
[2026-04-14 09:26:48,994][root][INFO] - Epoch: 325 | Loss: 0.0013 | Val - MRR: 0.3651, MR:  165.52, H@1: 0.272, H@3: 0.402, H@10: 0.551 | 
[2026-04-14 09:29:08,781][root][INFO] - Epoch: 326 | Loss: 0.0013 | Val - MRR: 0.3654, MR:  167.17, H@1: 0.272, H@3: 0.401, H@10: 0.552 | 
[2026-04-14 09:31:28,115][root][INFO] - Epoch: 327 | Loss: 0.0013 | Val - MRR: 0.3652, MR:  167.83, H@1: 0.273, H@3: 0.400, H@10: 0.551 | 
[2026-04-14 09:33:48,052][root][INFO] - Epoch: 328 | Loss: 0.0013 | Val - MRR: 0.3653, MR:  168.58, H@1: 0.272, H@3: 0.401, H@10: 0.552 | 
[2026-04-14 09:36:07,186][root][INFO] - Epoch: 329 | Loss: 0.0013 | Val - MRR: 0.3653, MR:  168.41, H@1: 0.273, H@3: 0.402, H@10: 0.550 | 
[2026-04-14 09:38:25,847][root][INFO] - Epoch: 330 | Loss: 0.0013 | Val - MRR: 0.3646, MR:  170.74, H@1: 0.272, H@3: 0.400, H@10: 0.549 | 
[2026-04-14 09:40:45,297][root][INFO] - Epoch: 331 | Loss: 0.0013 | Val - MRR: 0.3640, MR:  167.70, H@1: 0.271, H@3: 0.398, H@10: 0.550 | 
[2026-04-14 09:43:05,497][root][INFO] - Epoch: 332 | Loss: 0.0013 | Val - MRR: 0.3647, MR:  166.64, H@1: 0.272, H@3: 0.400, H@10: 0.551 | 
[2026-04-14 09:45:25,418][root][INFO] - Epoch: 333 | Loss: 0.0013 | Val - MRR: 0.3632, MR:  174.28, H@1: 0.270, H@3: 0.398, H@10: 0.549 | 
[2026-04-14 09:47:44,653][root][INFO] - Epoch: 334 | Loss: 0.0013 | Val - MRR: 0.3638, MR:  168.47, H@1: 0.271, H@3: 0.398, H@10: 0.551 | 
[2026-04-14 09:50:04,168][root][INFO] - Epoch: 335 | Loss: 0.0013 | Val - MRR: 0.3641, MR:  168.88, H@1: 0.271, H@3: 0.401, H@10: 0.551 | 
[2026-04-14 09:52:24,220][root][INFO] - Epoch: 336 | Loss: 0.0013 | Val - MRR: 0.3626, MR:  168.78, H@1: 0.268, H@3: 0.399, H@10: 0.551 | 
[2026-04-14 09:54:42,323][root][INFO] - Epoch: 337 | Loss: 0.0013 | Val - MRR: 0.3638, MR:  170.04, H@1: 0.271, H@3: 0.399, H@10: 0.550 | 
[2026-04-14 09:57:02,717][root][INFO] - Epoch: 338 | Loss: 0.0013 | Val - MRR: 0.3632, MR:  168.29, H@1: 0.269, H@3: 0.399, H@10: 0.552 | 
[2026-04-14 09:59:23,020][root][INFO] - Epoch: 339 | Loss: 0.0013 | Val - MRR: 0.3641, MR:  170.20, H@1: 0.272, H@3: 0.399, H@10: 0.550 | 
[2026-04-14 10:01:55,666][root][INFO] - Epoch: 340 | Loss: 0.0013 | Val - MRR: 0.3640, MR:  170.84, H@1: 0.271, H@3: 0.399, H@10: 0.551 | Test - MRR: 0.2845 | *
[2026-04-14 10:04:14,876][root][INFO] - Epoch: 341 | Loss: 0.0013 | Val - MRR: 0.3639, MR:  169.62, H@1: 0.270, H@3: 0.401, H@10: 0.551 | 
[2026-04-14 10:06:34,934][root][INFO] - Epoch: 342 | Loss: 0.0013 | Val - MRR: 0.3629, MR:  173.87, H@1: 0.270, H@3: 0.398, H@10: 0.550 | 
[2026-04-14 10:09:04,861][root][INFO] - Epoch: 343 | Loss: 0.0013 | Val - MRR: 0.3648, MR:  173.12, H@1: 0.272, H@3: 0.400, H@10: 0.552 | Test - MRR: 0.2819 | *
[2026-04-14 10:11:35,491][root][INFO] - Epoch: 344 | Loss: 0.0013 | Val - MRR: 0.3664, MR:  169.43, H@1: 0.275, H@3: 0.400, H@10: 0.552 | Test - MRR: 0.2815 | *
[2026-04-14 10:13:54,759][root][INFO] - Epoch: 345 | Loss: 0.0013 | Val - MRR: 0.3652, MR:  170.70, H@1: 0.272, H@3: 0.400, H@10: 0.552 | 
[2026-04-14 10:16:13,450][root][INFO] - Epoch: 346 | Loss: 0.0013 | Val - MRR: 0.3655, MR:  169.60, H@1: 0.273, H@3: 0.401, H@10: 0.552 | 
[2026-04-14 10:18:32,323][root][INFO] - Epoch: 347 | Loss: 0.0013 | Val - MRR: 0.3651, MR:  169.18, H@1: 0.272, H@3: 0.401, H@10: 0.551 | 
[2026-04-14 10:20:53,164][root][INFO] - Epoch: 348 | Loss: 0.0013 | Val - MRR: 0.3640, MR:  172.78, H@1: 0.272, H@3: 0.398, H@10: 0.550 | 
[2026-04-14 10:23:11,041][root][INFO] - Epoch: 349 | Loss: 0.0013 | Val - MRR: 0.3644, MR:  170.81, H@1: 0.272, H@3: 0.398, H@10: 0.550 | 
[2026-04-14 10:25:30,430][root][INFO] - Epoch: 350 | Loss: 0.0013 | Val - MRR: 0.3647, MR:  171.12, H@1: 0.272, H@3: 0.400, H@10: 0.551 | 
[2026-04-14 10:27:50,064][root][INFO] - Epoch: 351 | Loss: 0.0013 | Val - MRR: 0.3654, MR:  173.33, H@1: 0.274, H@3: 0.399, H@10: 0.551 | 
[2026-04-14 10:30:10,041][root][INFO] - Epoch: 352 | Loss: 0.0013 | Val - MRR: 0.3650, MR:  174.10, H@1: 0.272, H@3: 0.399, H@10: 0.551 | 
[2026-04-14 10:32:29,796][root][INFO] - Epoch: 353 | Loss: 0.0013 | Val - MRR: 0.3644, MR:  172.11, H@1: 0.272, H@3: 0.399, H@10: 0.552 | 
[2026-04-14 10:34:49,645][root][INFO] - Epoch: 354 | Loss: 0.0013 | Val - MRR: 0.3658, MR:  167.44, H@1: 0.274, H@3: 0.399, H@10: 0.552 | 
[2026-04-14 10:37:08,413][root][INFO] - Epoch: 355 | Loss: 0.0013 | Val - MRR: 0.3641, MR:  173.49, H@1: 0.271, H@3: 0.400, H@10: 0.551 | 
[2026-04-14 10:39:26,643][root][INFO] - Epoch: 356 | Loss: 0.0013 | Val - MRR: 0.3655, MR:  172.78, H@1: 0.273, H@3: 0.400, H@10: 0.553 | 
[2026-04-14 10:41:45,741][root][INFO] - Epoch: 357 | Loss: 0.0013 | Val - MRR: 0.3644, MR:  173.35, H@1: 0.272, H@3: 0.400, H@10: 0.552 | 
[2026-04-14 10:44:05,015][root][INFO] - Epoch: 358 | Loss: 0.0013 | Val - MRR: 0.3648, MR:  173.14, H@1: 0.273, H@3: 0.399, H@10: 0.551 | 
[2026-04-14 10:46:23,667][root][INFO] - Epoch: 359 | Loss: 0.0013 | Val - MRR: 0.3662, MR:  173.64, H@1: 0.274, H@3: 0.400, H@10: 0.553 | 
[2026-04-14 10:48:41,949][root][INFO] - Epoch: 360 | Loss: 0.0013 | Val - MRR: 0.3664, MR:  170.78, H@1: 0.275, H@3: 0.399, H@10: 0.553 | 
[2026-04-14 10:51:00,510][root][INFO] - Epoch: 361 | Loss: 0.0013 | Val - MRR: 0.3652, MR:  171.33, H@1: 0.273, H@3: 0.400, H@10: 0.553 | 
[2026-04-14 10:53:19,318][root][INFO] - Epoch: 362 | Loss: 0.0013 | Val - MRR: 0.3649, MR:  172.13, H@1: 0.273, H@3: 0.398, H@10: 0.551 | 
[2026-04-14 10:55:37,299][root][INFO] - Epoch: 363 | Loss: 0.0013 | Val - MRR: 0.3654, MR:  170.74, H@1: 0.272, H@3: 0.401, H@10: 0.553 | 
[2026-04-14 10:57:56,099][root][INFO] - Epoch: 364 | Loss: 0.0013 | Val - MRR: 0.3645, MR:  169.99, H@1: 0.272, H@3: 0.400, H@10: 0.552 | 
[2026-04-14 11:00:14,913][root][INFO] - Epoch: 365 | Loss: 0.0013 | Val - MRR: 0.3647, MR:  171.72, H@1: 0.271, H@3: 0.401, H@10: 0.552 | 
[2026-04-14 11:02:34,066][root][INFO] - Epoch: 366 | Loss: 0.0013 | Val - MRR: 0.3650, MR:  169.40, H@1: 0.272, H@3: 0.401, H@10: 0.553 | 
[2026-04-14 11:05:03,039][root][INFO] - Epoch: 367 | Loss: 0.0013 | Val - MRR: 0.3669, MR:  171.15, H@1: 0.274, H@3: 0.401, H@10: 0.553 | Test - MRR: 0.2817 | *
[2026-04-14 11:07:21,020][root][INFO] - Epoch: 368 | Loss: 0.0013 | Val - MRR: 0.3662, MR:  169.68, H@1: 0.273, H@3: 0.402, H@10: 0.553 | 
[2026-04-14 11:09:39,989][root][INFO] - Epoch: 369 | Loss: 0.0013 | Val - MRR: 0.3660, MR:  171.13, H@1: 0.273, H@3: 0.402, H@10: 0.552 | 
[2026-04-14 11:11:57,688][root][INFO] - Epoch: 370 | Loss: 0.0013 | Val - MRR: 0.3653, MR:  172.98, H@1: 0.273, H@3: 0.402, H@10: 0.551 | 
[2026-04-14 11:14:16,005][root][INFO] - Epoch: 371 | Loss: 0.0013 | Val - MRR: 0.3653, MR:  174.14, H@1: 0.273, H@3: 0.401, H@10: 0.551 | 
[2026-04-14 11:16:34,191][root][INFO] - Epoch: 372 | Loss: 0.0013 | Val - MRR: 0.3657, MR:  169.98, H@1: 0.274, H@3: 0.400, H@10: 0.551 | 
[2026-04-14 11:18:52,346][root][INFO] - Epoch: 373 | Loss: 0.0013 | Val - MRR: 0.3664, MR:  172.82, H@1: 0.274, H@3: 0.401, H@10: 0.552 | 
[2026-04-14 11:21:13,229][root][INFO] - Epoch: 374 | Loss: 0.0013 | Val - MRR: 0.3651, MR:  171.86, H@1: 0.273, H@3: 0.399, H@10: 0.552 | 
[2026-04-14 11:23:31,371][root][INFO] - Epoch: 375 | Loss: 0.0013 | Val - MRR: 0.3661, MR:  174.37, H@1: 0.274, H@3: 0.400, H@10: 0.553 | 
[2026-04-14 11:25:50,108][root][INFO] - Epoch: 376 | Loss: 0.0013 | Val - MRR: 0.3649, MR:  174.48, H@1: 0.272, H@3: 0.400, H@10: 0.551 | 
[2026-04-14 11:28:09,358][root][INFO] - Epoch: 377 | Loss: 0.0013 | Val - MRR: 0.3653, MR:  170.64, H@1: 0.272, H@3: 0.401, H@10: 0.553 | 
[2026-04-14 11:30:27,224][root][INFO] - Epoch: 378 | Loss: 0.0013 | Val - MRR: 0.3662, MR:  169.63, H@1: 0.274, H@3: 0.401, H@10: 0.555 | 
[2026-04-14 11:32:46,385][root][INFO] - Epoch: 379 | Loss: 0.0013 | Val - MRR: 0.3657, MR:  173.46, H@1: 0.273, H@3: 0.401, H@10: 0.553 | 
[2026-04-14 11:35:15,988][root][INFO] - Epoch: 380 | Loss: 0.0013 | Val - MRR: 0.3651, MR:  172.50, H@1: 0.274, H@3: 0.400, H@10: 0.552 | Test - MRR: 0.2849 | *
[2026-04-14 11:37:35,050][root][INFO] - Epoch: 381 | Loss: 0.0013 | Val - MRR: 0.3648, MR:  172.14, H@1: 0.272, H@3: 0.400, H@10: 0.553 | 
[2026-04-14 11:39:53,337][root][INFO] - Epoch: 382 | Loss: 0.0013 | Val - MRR: 0.3641, MR:  174.48, H@1: 0.271, H@3: 0.401, H@10: 0.554 | 
[2026-04-14 11:42:11,684][root][INFO] - Epoch: 383 | Loss: 0.0013 | Val - MRR: 0.3645, MR:  174.53, H@1: 0.272, H@3: 0.400, H@10: 0.553 | 
[2026-04-14 11:44:29,602][root][INFO] - Epoch: 384 | Loss: 0.0013 | Val - MRR: 0.3646, MR:  173.40, H@1: 0.272, H@3: 0.400, H@10: 0.552 | 
[2026-04-14 11:46:59,009][root][INFO] - Epoch: 385 | Loss: 0.0013 | Val - MRR: 0.3652, MR:  171.03, H@1: 0.272, H@3: 0.401, H@10: 0.554 | Test - MRR: 0.2840 | *
[2026-04-14 11:49:17,036][root][INFO] - Epoch: 386 | Loss: 0.0013 | Val - MRR: 0.3651, MR:  171.80, H@1: 0.272, H@3: 0.400, H@10: 0.554 | 
[2026-04-14 11:51:44,826][root][INFO] - Epoch: 387 | Loss: 0.0013 | Val - MRR: 0.3653, MR:  173.43, H@1: 0.272, H@3: 0.400, H@10: 0.554 | Test - MRR: 0.2841 | *
[2026-04-14 11:54:02,834][root][INFO] - Epoch: 388 | Loss: 0.0013 | Val - MRR: 0.3647, MR:  174.45, H@1: 0.271, H@3: 0.400, H@10: 0.554 | 
[2026-04-14 11:56:31,417][root][INFO] - Epoch: 389 | Loss: 0.0013 | Val - MRR: 0.3659, MR:  174.91, H@1: 0.273, H@3: 0.401, H@10: 0.553 | Test - MRR: 0.2836 | *
[2026-04-14 11:58:49,389][root][INFO] - Epoch: 390 | Loss: 0.0013 | Val - MRR: 0.3656, MR:  172.10, H@1: 0.272, H@3: 0.402, H@10: 0.555 | 
[2026-04-14 12:01:07,512][root][INFO] - Epoch: 391 | Loss: 0.0013 | Val - MRR: 0.3646, MR:  174.76, H@1: 0.271, H@3: 0.400, H@10: 0.553 | 
[2026-04-14 12:03:26,081][root][INFO] - Epoch: 392 | Loss: 0.0013 | Val - MRR: 0.3652, MR:  172.78, H@1: 0.272, H@3: 0.400, H@10: 0.553 | 
[2026-04-14 12:05:42,829][root][INFO] - Epoch: 393 | Loss: 0.0013 | Val - MRR: 0.3655, MR:  170.44, H@1: 0.272, H@3: 0.402, H@10: 0.553 | 
[2026-04-14 12:08:00,939][root][INFO] - Epoch: 394 | Loss: 0.0013 | Val - MRR: 0.3655, MR:  172.61, H@1: 0.272, H@3: 0.401, H@10: 0.554 | 
[2026-04-14 12:10:19,364][root][INFO] - Epoch: 395 | Loss: 0.0013 | Val - MRR: 0.3657, MR:  176.48, H@1: 0.273, H@3: 0.401, H@10: 0.554 | 
[2026-04-14 12:12:36,688][root][INFO] - Epoch: 396 | Loss: 0.0013 | Val - MRR: 0.3648, MR:  175.70, H@1: 0.271, H@3: 0.400, H@10: 0.554 | 
[2026-04-14 12:14:54,314][root][INFO] - Epoch: 397 | Loss: 0.0013 | Val - MRR: 0.3645, MR:  176.17, H@1: 0.272, H@3: 0.401, H@10: 0.553 | 
[2026-04-14 12:17:12,095][root][INFO] - Epoch: 398 | Loss: 0.0013 | Val - MRR: 0.3649, MR:  175.38, H@1: 0.271, H@3: 0.402, H@10: 0.555 | 
[2026-04-14 12:19:30,632][root][INFO] - Epoch: 399 | Loss: 0.0013 | Val - MRR: 0.3650, MR:  171.63, H@1: 0.272, H@3: 0.401, H@10: 0.553 | 
[2026-04-14 12:21:48,585][root][INFO] - Epoch: 400 | Loss: 0.0013 | Val - MRR: 0.3645, MR:  175.21, H@1: 0.272, H@3: 0.399, H@10: 0.553 | 
[2026-04-14 12:24:05,329][root][INFO] - Epoch: 401 | Loss: 0.0013 | Val - MRR: 0.3655, MR:  174.63, H@1: 0.273, H@3: 0.400, H@10: 0.552 | 
[2026-04-14 12:26:22,442][root][INFO] - Epoch: 402 | Loss: 0.0013 | Val - MRR: 0.3649, MR:  175.86, H@1: 0.272, H@3: 0.399, H@10: 0.551 | 
[2026-04-14 12:28:40,570][root][INFO] - Epoch: 403 | Loss: 0.0013 | Val - MRR: 0.3645, MR:  174.60, H@1: 0.272, H@3: 0.400, H@10: 0.551 | 
[2026-04-14 12:30:58,875][root][INFO] - Epoch: 404 | Loss: 0.0013 | Val - MRR: 0.3658, MR:  174.78, H@1: 0.273, H@3: 0.402, H@10: 0.553 | 
[2026-04-14 12:33:17,143][root][INFO] - Epoch: 405 | Loss: 0.0013 | Val - MRR: 0.3659, MR:  173.61, H@1: 0.273, H@3: 0.402, H@10: 0.553 | 
[2026-04-14 12:35:33,019][root][INFO] - Epoch: 406 | Loss: 0.0013 | Val - MRR: 0.3649, MR:  175.80, H@1: 0.272, H@3: 0.402, H@10: 0.551 | 
[2026-04-14 12:37:50,836][root][INFO] - Epoch: 407 | Loss: 0.0013 | Val - MRR: 0.3638, MR:  173.58, H@1: 0.270, H@3: 0.402, H@10: 0.552 | 
[2026-04-14 12:40:20,131][root][INFO] - Epoch: 408 | Loss: 0.0013 | Val - MRR: 0.3660, MR:  175.92, H@1: 0.272, H@3: 0.403, H@10: 0.553 | Test - MRR: 0.2844 | *
[2026-04-14 12:42:36,943][root][INFO] - Epoch: 409 | Loss: 0.0013 | Val - MRR: 0.3655, MR:  173.03, H@1: 0.273, H@3: 0.401, H@10: 0.552 | 
[2026-04-14 12:45:05,532][root][INFO] - Epoch: 410 | Loss: 0.0013 | Val - MRR: 0.3665, MR:  174.72, H@1: 0.274, H@3: 0.403, H@10: 0.554 | Test - MRR: 0.2843 | *
[2026-04-14 12:47:33,623][root][INFO] - Epoch: 411 | Loss: 0.0013 | Val - MRR: 0.3669, MR:  176.08, H@1: 0.274, H@3: 0.402, H@10: 0.554 | Test - MRR: 0.2832 | *
[2026-04-14 12:49:52,042][root][INFO] - Epoch: 412 | Loss: 0.0013 | Val - MRR: 0.3668, MR:  175.05, H@1: 0.274, H@3: 0.402, H@10: 0.554 | 
[2026-04-14 12:52:08,696][root][INFO] - Epoch: 413 | Loss: 0.0013 | Val - MRR: 0.3655, MR:  175.16, H@1: 0.273, H@3: 0.400, H@10: 0.554 | 
[2026-04-14 12:54:26,484][root][INFO] - Epoch: 414 | Loss: 0.0013 | Val - MRR: 0.3651, MR:  177.08, H@1: 0.272, H@3: 0.401, H@10: 0.554 | 
[2026-04-14 12:56:44,200][root][INFO] - Epoch: 415 | Loss: 0.0013 | Val - MRR: 0.3658, MR:  175.78, H@1: 0.273, H@3: 0.401, H@10: 0.552 | 
[2026-04-14 12:59:03,127][root][INFO] - Epoch: 416 | Loss: 0.0013 | Val - MRR: 0.3645, MR:  177.97, H@1: 0.272, H@3: 0.400, H@10: 0.552 | 
[2026-04-14 13:01:21,011][root][INFO] - Epoch: 417 | Loss: 0.0013 | Val - MRR: 0.3650, MR:  176.63, H@1: 0.272, H@3: 0.400, H@10: 0.552 | 
[2026-04-14 13:03:42,577][root][INFO] - Epoch: 418 | Loss: 0.0013 | Val - MRR: 0.3641, MR:  175.91, H@1: 0.271, H@3: 0.401, H@10: 0.554 | 
[2026-04-14 13:06:00,345][root][INFO] - Epoch: 419 | Loss: 0.0013 | Val - MRR: 0.3642, MR:  176.54, H@1: 0.271, H@3: 0.400, H@10: 0.553 | 
[2026-04-14 13:08:20,569][root][INFO] - Epoch: 420 | Loss: 0.0013 | Val - MRR: 0.3647, MR:  177.53, H@1: 0.272, H@3: 0.401, H@10: 0.552 | 
[2026-04-14 13:10:40,996][root][INFO] - Epoch: 421 | Loss: 0.0013 | Val - MRR: 0.3656, MR:  179.39, H@1: 0.273, H@3: 0.400, H@10: 0.554 | 
[2026-04-14 13:12:59,070][root][INFO] - Epoch: 422 | Loss: 0.0013 | Val - MRR: 0.3651, MR:  177.95, H@1: 0.272, H@3: 0.400, H@10: 0.553 | 
[2026-04-14 13:15:17,821][root][INFO] - Epoch: 423 | Loss: 0.0013 | Val - MRR: 0.3653, MR:  177.92, H@1: 0.273, H@3: 0.400, H@10: 0.553 | 
[2026-04-14 13:17:34,246][root][INFO] - Epoch: 424 | Loss: 0.0013 | Val - MRR: 0.3664, MR:  176.07, H@1: 0.273, H@3: 0.403, H@10: 0.553 | 
[2026-04-14 13:19:51,960][root][INFO] - Epoch: 425 | Loss: 0.0013 | Val - MRR: 0.3654, MR:  179.05, H@1: 0.273, H@3: 0.401, H@10: 0.552 | 
[2026-04-14 13:22:09,534][root][INFO] - Epoch: 426 | Loss: 0.0013 | Val - MRR: 0.3652, MR:  175.64, H@1: 0.272, H@3: 0.400, H@10: 0.553 | 
[2026-04-14 13:24:27,656][root][INFO] - Epoch: 427 | Loss: 0.0013 | Val - MRR: 0.3667, MR:  178.60, H@1: 0.274, H@3: 0.402, H@10: 0.555 | 
[2026-04-14 13:26:45,527][root][INFO] - Epoch: 428 | Loss: 0.0013 | Val - MRR: 0.3663, MR:  175.13, H@1: 0.273, H@3: 0.402, H@10: 0.556 | 
[2026-04-14 13:29:03,431][root][INFO] - Epoch: 429 | Loss: 0.0013 | Val - MRR: 0.3657, MR:  178.41, H@1: 0.272, H@3: 0.402, H@10: 0.555 | 
[2026-04-14 13:31:21,607][root][INFO] - Epoch: 430 | Loss: 0.0013 | Val - MRR: 0.3651, MR:  179.43, H@1: 0.272, H@3: 0.402, H@10: 0.553 | 
[2026-04-14 13:33:39,333][root][INFO] - Epoch: 431 | Loss: 0.0013 | Val - MRR: 0.3659, MR:  177.95, H@1: 0.273, H@3: 0.402, H@10: 0.554 | 
[2026-04-14 13:36:07,201][root][INFO] - Epoch: 432 | Loss: 0.0013 | Val - MRR: 0.3670, MR:  178.39, H@1: 0.274, H@3: 0.403, H@10: 0.556 | Test - MRR: 0.2810 | *
[2026-04-14 13:38:24,777][root][INFO] - Epoch: 433 | Loss: 0.0013 | Val - MRR: 0.3659, MR:  176.86, H@1: 0.273, H@3: 0.401, H@10: 0.554 | 
[2026-04-14 13:40:44,039][root][INFO] - Epoch: 434 | Loss: 0.0013 | Val - MRR: 0.3657, MR:  182.05, H@1: 0.273, H@3: 0.401, H@10: 0.554 | 
[2026-04-14 13:42:59,938][root][INFO] - Epoch: 435 | Loss: 0.0013 | Val - MRR: 0.3658, MR:  181.45, H@1: 0.272, H@3: 0.403, H@10: 0.555 | 
[2026-04-14 13:45:16,768][root][INFO] - Epoch: 436 | Loss: 0.0013 | Val - MRR: 0.3666, MR:  179.94, H@1: 0.273, H@3: 0.404, H@10: 0.555 | 
[2026-04-14 13:47:34,963][root][INFO] - Epoch: 437 | Loss: 0.0013 | Val - MRR: 0.3669, MR:  177.77, H@1: 0.274, H@3: 0.404, H@10: 0.554 | 
[2026-04-14 13:49:53,800][root][INFO] - Epoch: 438 | Loss: 0.0013 | Val - MRR: 0.3660, MR:  181.17, H@1: 0.273, H@3: 0.401, H@10: 0.554 | 
[2026-04-14 13:52:11,144][root][INFO] - Epoch: 439 | Loss: 0.0013 | Val - MRR: 0.3666, MR:  179.17, H@1: 0.274, H@3: 0.402, H@10: 0.555 | 
[2026-04-14 13:54:29,856][root][INFO] - Epoch: 440 | Loss: 0.0013 | Val - MRR: 0.3666, MR:  180.07, H@1: 0.274, H@3: 0.402, H@10: 0.554 | 
[2026-04-14 13:56:46,846][root][INFO] - Epoch: 441 | Loss: 0.0013 | Val - MRR: 0.3663, MR:  179.18, H@1: 0.274, H@3: 0.400, H@10: 0.553 | 
[2026-04-14 13:59:04,589][root][INFO] - Epoch: 442 | Loss: 0.0013 | Val - MRR: 0.3660, MR:  177.31, H@1: 0.273, H@3: 0.400, H@10: 0.552 | 
[2026-04-14 14:01:23,315][root][INFO] - Epoch: 443 | Loss: 0.0013 | Val - MRR: 0.3666, MR:  176.82, H@1: 0.274, H@3: 0.401, H@10: 0.553 | 
[2026-04-14 14:03:42,699][root][INFO] - Epoch: 444 | Loss: 0.0013 | Val - MRR: 0.3662, MR:  179.68, H@1: 0.273, H@3: 0.402, H@10: 0.552 | 
[2026-04-14 14:05:59,982][root][INFO] - Epoch: 445 | Loss: 0.0013 | Val - MRR: 0.3653, MR:  181.74, H@1: 0.272, H@3: 0.401, H@10: 0.552 | 
[2026-04-14 14:08:18,262][root][INFO] - Epoch: 446 | Loss: 0.0013 | Val - MRR: 0.3663, MR:  179.69, H@1: 0.274, H@3: 0.402, H@10: 0.554 | 
[2026-04-14 14:10:34,874][root][INFO] - Epoch: 447 | Loss: 0.0013 | Val - MRR: 0.3652, MR:  178.39, H@1: 0.272, H@3: 0.401, H@10: 0.553 | 
[2026-04-14 14:12:52,570][root][INFO] - Epoch: 448 | Loss: 0.0013 | Val - MRR: 0.3662, MR:  178.09, H@1: 0.274, H@3: 0.401, H@10: 0.553 | 
[2026-04-14 14:15:12,331][root][INFO] - Epoch: 449 | Loss: 0.0013 | Val - MRR: 0.3659, MR:  179.62, H@1: 0.273, H@3: 0.401, H@10: 0.554 | 
[2026-04-14 14:17:30,445][root][INFO] - Epoch: 450 | Loss: 0.0013 | Val - MRR: 0.3665, MR:  177.82, H@1: 0.274, H@3: 0.402, H@10: 0.554 | 
[2026-04-14 14:19:47,834][root][INFO] - Epoch: 451 | Loss: 0.0013 | Val - MRR: 0.3662, MR:  177.11, H@1: 0.273, H@3: 0.401, H@10: 0.554 | 
[2026-04-14 14:22:06,799][root][INFO] - Epoch: 452 | Loss: 0.0013 | Val - MRR: 0.3664, MR:  177.61, H@1: 0.274, H@3: 0.401, H@10: 0.554 | 
[2026-04-14 14:24:25,786][root][INFO] - Epoch: 453 | Loss: 0.0013 | Val - MRR: 0.3664, MR:  178.32, H@1: 0.274, H@3: 0.401, H@10: 0.552 | 
[2026-04-14 14:26:43,372][root][INFO] - Epoch: 454 | Loss: 0.0013 | Val - MRR: 0.3666, MR:  174.76, H@1: 0.274, H@3: 0.402, H@10: 0.554 | 
[2026-04-14 14:29:01,307][root][INFO] - Epoch: 455 | Loss: 0.0013 | Val - MRR: 0.3665, MR:  179.79, H@1: 0.274, H@3: 0.401, H@10: 0.554 | 
[2026-04-14 14:31:18,882][root][INFO] - Epoch: 456 | Loss: 0.0013 | Val - MRR: 0.3649, MR:  179.68, H@1: 0.272, H@3: 0.399, H@10: 0.553 | 
[2026-04-14 14:33:36,331][root][INFO] - Epoch: 457 | Loss: 0.0013 | Val - MRR: 0.3657, MR:  177.22, H@1: 0.273, H@3: 0.401, H@10: 0.553 | 
[2026-04-14 14:35:53,922][root][INFO] - Epoch: 458 | Loss: 0.0013 | Val - MRR: 0.3660, MR:  178.08, H@1: 0.273, H@3: 0.400, H@10: 0.554 | 
[2026-04-14 14:38:12,167][root][INFO] - Epoch: 459 | Loss: 0.0013 | Val - MRR: 0.3653, MR:  178.54, H@1: 0.272, H@3: 0.400, H@10: 0.554 | 
[2026-04-14 14:40:29,106][root][INFO] - Epoch: 460 | Loss: 0.0013 | Val - MRR: 0.3651, MR:  177.46, H@1: 0.272, H@3: 0.399, H@10: 0.554 | 
[2026-04-14 14:42:46,590][root][INFO] - Epoch: 461 | Loss: 0.0013 | Val - MRR: 0.3648, MR:  179.45, H@1: 0.271, H@3: 0.400, H@10: 0.556 | 
[2026-04-14 14:45:03,506][root][INFO] - Epoch: 462 | Loss: 0.0013 | Val - MRR: 0.3651, MR:  179.70, H@1: 0.273, H@3: 0.398, H@10: 0.554 | 
[2026-04-14 14:47:20,779][root][INFO] - Epoch: 463 | Loss: 0.0013 | Val - MRR: 0.3644, MR:  181.87, H@1: 0.271, H@3: 0.399, H@10: 0.553 | 
[2026-04-14 14:49:38,325][root][INFO] - Epoch: 464 | Loss: 0.0013 | Val - MRR: 0.3661, MR:  178.40, H@1: 0.273, H@3: 0.401, H@10: 0.554 | 
[2026-04-14 14:51:55,283][root][INFO] - Epoch: 465 | Loss: 0.0013 | Val - MRR: 0.3660, MR:  179.32, H@1: 0.274, H@3: 0.400, H@10: 0.554 | 
[2026-04-14 14:54:13,215][root][INFO] - Epoch: 466 | Loss: 0.0013 | Val - MRR: 0.3647, MR:  180.55, H@1: 0.272, H@3: 0.398, H@10: 0.552 | 
[2026-04-14 14:56:31,123][root][INFO] - Epoch: 467 | Loss: 0.0013 | Val - MRR: 0.3663, MR:  177.65, H@1: 0.274, H@3: 0.400, H@10: 0.554 | 
[2026-04-14 14:58:48,644][root][INFO] - Epoch: 468 | Loss: 0.0013 | Val - MRR: 0.3655, MR:  179.24, H@1: 0.273, H@3: 0.399, H@10: 0.553 | 
[2026-04-14 14:58:48,645][root][INFO] - Long time no improvenment, stop training...
[2026-04-14 14:58:48,645][root][INFO] - Training end...
[2026-04-14 14:58:48,972][root][INFO] - ✅ 成功加载最优模型：/home/wangwei/DSGNet-main/DSGNet/model_checkpoints/best_model_FB15k_237_20260414_113504.torch
[2026-04-14 14:58:48,972][root][INFO] - 📌 最优模型来自Epoch：380，最优MRR：0.2849
[2026-04-14 14:58:48,972][root][INFO] - Train metrics ...
[2026-04-14 14:59:52,424][root][INFO] - Train (head) - MRR: 0.6998, MR:    6.77, H@1: 0.590, H@3: 0.776, H@10: 0.896
[2026-04-14 14:59:52,424][root][INFO] - Train (tail) - MRR: 0.7760, MR:    4.20, H@1: 0.682, H@3: 0.846, H@10: 0.938
[2026-04-14 14:59:52,424][root][INFO] - Train (avg) - MRR: 0.7379, MR:    5.49, H@1: 0.636, H@3: 0.811, H@10: 0.917

[2026-04-14 14:59:52,425][root][INFO] - Valid metrics ...
[2026-04-14 15:00:07,777][root][INFO] - Valid (head) - MRR: 0.2658, MR:  221.54, H@1: 0.177, H@3: 0.293, H@10: 0.449
[2026-04-14 15:00:07,777][root][INFO] - Valid (tail) - MRR: 0.4645, MR:  123.45, H@1: 0.370, H@3: 0.506, H@10: 0.655
[2026-04-14 15:00:07,777][root][INFO] - Valid (avg) - MRR: 0.3651, MR:  172.50, H@1: 0.274, H@3: 0.400, H@10: 0.552

[2026-04-14 15:00:07,777][root][INFO] - Test metrics...
[2026-04-14 15:00:18,057][root][INFO] - Test (head) - MRR: 0.4844, MR:  103.64, H@1: 0.391, H@3: 0.522, H@10: 0.665
[2026-04-14 15:00:18,058][root][INFO] - Test (tail) - MRR: 0.0854, MR:  720.31, H@1: 0.046, H@3: 0.084, H@10: 0.165
[2026-04-14 15:00:18,058][root][INFO] - Test (avg) - MRR: 0.2849, MR:  411.97, H@1: 0.218, H@3: 0.303, H@10: 0.415

[2026-04-14 15:00:18,058][root][INFO] - Model save path: /home/wangwei/DSGNet-main/DSGNet/data/output/FB15k_237/2026-04-13/20-09-06
