[2026-03-29 00:44:25,477][root][INFO] - 
------Config------
 {'dataset': 'FB15k_237', 'epoch': 600, 'batch_size': 1024, 'learning_rate': 0.00035, 'h_dim': 480, 'pred_rel_w': False, 'label_smooth': 0.1, 'n_heads': 8, 'topk': 25, 'kg_layer': 2, 'rm_rate': 0.5, 'ent_drop': 0.3, 'rel_drop': 0.2, 'comp_op': 'mul', 'bn': False, 'k_h': 16, 'k_w': 30, 'conv_drop': 0.3, 'ent_drop_pred': 0.3, 'fc_drop': 0.5, 'ker_sz': 8, 'out_channel': 200, 'device': 0, 'max_no_improve': 35, 'cpu_worker_num': 10, 'warmup_epoch': 5}
[2026-03-29 00:44:25,477][root][INFO] - Code dir path: /home/wangwei/DSGNet-main/DSGNet/code_new
[2026-03-29 00:44:25,477][root][INFO] - Config dir path: /home/wangwei/DSGNet-main/DSGNet/config
[2026-03-29 00:44:25,477][root][INFO] - Model save path: /home/wangwei/DSGNet-main/DSGNet/data/output/FB15k_237/2026-03-29/00-44-25
[2026-03-29 00:44:29,404][root][INFO] - kg # node: 14541
[2026-03-29 00:44:29,404][root][INFO] - kg # edge: 544230
[2026-03-29 00:44:29,404][root][INFO] - kg # zero deg node: 36
[2026-03-29 00:44:29,404][root][INFO] - ---Load Train Data---
[2026-03-29 00:44:31,952][root][INFO] - -----Model Parameter Configuration-----
[2026-03-29 00:44:31,952][root][INFO] - Parameter ent_emb: torch.Size([14541, 480]), require_grad = True
[2026-03-29 00:44:31,952][root][INFO] - Parameter pred_rel_emb: torch.Size([474, 480]), require_grad = True
[2026-03-29 00:44:31,952][root][INFO] - Parameter W_fuse: torch.Size([480, 480]), require_grad = True
[2026-03-29 00:44:31,952][root][INFO] - Parameter a_fuse: torch.Size([960, 1]), require_grad = True
[2026-03-29 00:44:31,952][root][INFO] - Parameter rel_embs.0: torch.Size([474, 480]), require_grad = True
[2026-03-29 00:44:31,952][root][INFO] - Parameter rel_embs.1: torch.Size([474, 480]), require_grad = True
[2026-03-29 00:44:31,952][root][INFO] - Parameter predictor.bn0.weight: torch.Size([1]), require_grad = True
[2026-03-29 00:44:31,952][root][INFO] - Parameter predictor.bn0.bias: torch.Size([1]), require_grad = True
[2026-03-29 00:44:31,952][root][INFO] - Parameter predictor.bn1.weight: torch.Size([200]), require_grad = True
[2026-03-29 00:44:31,952][root][INFO] - Parameter predictor.bn1.bias: torch.Size([200]), require_grad = True
[2026-03-29 00:44:31,952][root][INFO] - Parameter predictor.bn2.weight: torch.Size([480]), require_grad = True
[2026-03-29 00:44:31,952][root][INFO] - Parameter predictor.bn2.bias: torch.Size([480]), require_grad = True
[2026-03-29 00:44:31,952][root][INFO] - Parameter predictor.conv.weight: torch.Size([200, 1, 8, 8]), require_grad = True
[2026-03-29 00:44:31,953][root][INFO] - Parameter predictor.fc.weight: torch.Size([480, 115000]), require_grad = True
[2026-03-29 00:44:31,953][root][INFO] - Parameter L.weight: torch.Size([480, 480]), require_grad = True
[2026-03-29 00:44:31,953][root][INFO] - Parameter L.bias: torch.Size([480]), require_grad = True
[2026-03-29 00:44:31,953][root][INFO] - Parameter S.weight: torch.Size([480, 480]), require_grad = True
[2026-03-29 00:44:31,953][root][INFO] - Parameter S.bias: torch.Size([480]), require_grad = True
[2026-03-29 00:44:31,953][root][INFO] - Parameter comp_layers.0.neigh_w: torch.Size([480, 480]), require_grad = True
[2026-03-29 00:44:31,953][root][INFO] - Parameter comp_layers.0.W.0: torch.Size([480, 60]), require_grad = True
[2026-03-29 00:44:31,953][root][INFO] - Parameter comp_layers.0.W.1: torch.Size([480, 60]), require_grad = True
[2026-03-29 00:44:31,953][root][INFO] - Parameter comp_layers.0.W.2: torch.Size([480, 60]), require_grad = True
[2026-03-29 00:44:31,953][root][INFO] - Parameter comp_layers.0.W.3: torch.Size([480, 60]), require_grad = True
[2026-03-29 00:44:31,953][root][INFO] - Parameter comp_layers.0.W.4: torch.Size([480, 60]), require_grad = True
[2026-03-29 00:44:31,953][root][INFO] - Parameter comp_layers.0.W.5: torch.Size([480, 60]), require_grad = True
[2026-03-29 00:44:31,953][root][INFO] - Parameter comp_layers.0.W.6: torch.Size([480, 60]), require_grad = True
[2026-03-29 00:44:31,953][root][INFO] - Parameter comp_layers.0.W.7: torch.Size([480, 60]), require_grad = True
[2026-03-29 00:44:31,953][root][INFO] - Parameter comp_layers.0.W_r.0: torch.Size([480, 60]), require_grad = True
[2026-03-29 00:44:31,953][root][INFO] - Parameter comp_layers.0.W_r.1: torch.Size([480, 60]), require_grad = True
[2026-03-29 00:44:31,953][root][INFO] - Parameter comp_layers.0.W_r.2: torch.Size([480, 60]), require_grad = True
[2026-03-29 00:44:31,953][root][INFO] - Parameter comp_layers.0.W_r.3: torch.Size([480, 60]), require_grad = True
[2026-03-29 00:44:31,953][root][INFO] - Parameter comp_layers.0.W_r.4: torch.Size([480, 60]), require_grad = True
[2026-03-29 00:44:31,953][root][INFO] - Parameter comp_layers.0.W_r.5: torch.Size([480, 60]), require_grad = True
[2026-03-29 00:44:31,953][root][INFO] - Parameter comp_layers.0.W_r.6: torch.Size([480, 60]), require_grad = True
[2026-03-29 00:44:31,953][root][INFO] - Parameter comp_layers.0.W_r.7: torch.Size([480, 60]), require_grad = True
[2026-03-29 00:44:31,953][root][INFO] - Parameter comp_layers.0.a.0: torch.Size([180, 1]), require_grad = True
[2026-03-29 00:44:31,953][root][INFO] - Parameter comp_layers.0.a.1: torch.Size([180, 1]), require_grad = True
[2026-03-29 00:44:31,953][root][INFO] - Parameter comp_layers.0.a.2: torch.Size([180, 1]), require_grad = True
[2026-03-29 00:44:31,954][root][INFO] - Parameter comp_layers.0.a.3: torch.Size([180, 1]), require_grad = True
[2026-03-29 00:44:31,954][root][INFO] - Parameter comp_layers.0.a.4: torch.Size([180, 1]), require_grad = True
[2026-03-29 00:44:31,954][root][INFO] - Parameter comp_layers.0.a.5: torch.Size([180, 1]), require_grad = True
[2026-03-29 00:44:31,954][root][INFO] - Parameter comp_layers.0.a.6: torch.Size([180, 1]), require_grad = True
[2026-03-29 00:44:31,954][root][INFO] - Parameter comp_layers.0.a.7: torch.Size([180, 1]), require_grad = True
[2026-03-29 00:44:31,954][root][INFO] - Parameter comp_layers.1.neigh_w: torch.Size([480, 480]), require_grad = True
[2026-03-29 00:44:31,954][root][INFO] - Parameter comp_layers.1.W.0: torch.Size([480, 60]), require_grad = True
[2026-03-29 00:44:31,954][root][INFO] - Parameter comp_layers.1.W.1: torch.Size([480, 60]), require_grad = True
[2026-03-29 00:44:31,954][root][INFO] - Parameter comp_layers.1.W.2: torch.Size([480, 60]), require_grad = True
[2026-03-29 00:44:31,954][root][INFO] - Parameter comp_layers.1.W.3: torch.Size([480, 60]), require_grad = True
[2026-03-29 00:44:31,954][root][INFO] - Parameter comp_layers.1.W.4: torch.Size([480, 60]), require_grad = True
[2026-03-29 00:44:31,954][root][INFO] - Parameter comp_layers.1.W.5: torch.Size([480, 60]), require_grad = True
[2026-03-29 00:44:31,954][root][INFO] - Parameter comp_layers.1.W.6: torch.Size([480, 60]), require_grad = True
[2026-03-29 00:44:31,954][root][INFO] - Parameter comp_layers.1.W.7: torch.Size([480, 60]), require_grad = True
[2026-03-29 00:44:31,954][root][INFO] - Parameter comp_layers.1.W_r.0: torch.Size([480, 60]), require_grad = True
[2026-03-29 00:44:31,954][root][INFO] - Parameter comp_layers.1.W_r.1: torch.Size([480, 60]), require_grad = True
[2026-03-29 00:44:31,954][root][INFO] - Parameter comp_layers.1.W_r.2: torch.Size([480, 60]), require_grad = True
[2026-03-29 00:44:31,954][root][INFO] - Parameter comp_layers.1.W_r.3: torch.Size([480, 60]), require_grad = True
[2026-03-29 00:44:31,954][root][INFO] - Parameter comp_layers.1.W_r.4: torch.Size([480, 60]), require_grad = True
[2026-03-29 00:44:31,954][root][INFO] - Parameter comp_layers.1.W_r.5: torch.Size([480, 60]), require_grad = True
[2026-03-29 00:44:31,954][root][INFO] - Parameter comp_layers.1.W_r.6: torch.Size([480, 60]), require_grad = True
[2026-03-29 00:44:31,954][root][INFO] - Parameter comp_layers.1.W_r.7: torch.Size([480, 60]), require_grad = True
[2026-03-29 00:44:31,954][root][INFO] - Parameter comp_layers.1.a.0: torch.Size([180, 1]), require_grad = True
[2026-03-29 00:44:31,954][root][INFO] - Parameter comp_layers.1.a.1: torch.Size([180, 1]), require_grad = True
[2026-03-29 00:44:31,954][root][INFO] - Parameter comp_layers.1.a.2: torch.Size([180, 1]), require_grad = True
[2026-03-29 00:44:31,954][root][INFO] - Parameter comp_layers.1.a.3: torch.Size([180, 1]), require_grad = True
[2026-03-29 00:44:31,955][root][INFO] - Parameter comp_layers.1.a.4: torch.Size([180, 1]), require_grad = True
[2026-03-29 00:44:31,955][root][INFO] - Parameter comp_layers.1.a.5: torch.Size([180, 1]), require_grad = True
[2026-03-29 00:44:31,955][root][INFO] - Parameter comp_layers.1.a.6: torch.Size([180, 1]), require_grad = True
[2026-03-29 00:44:31,955][root][INFO] - Parameter comp_layers.1.a.7: torch.Size([180, 1]), require_grad = True
[2026-03-29 00:44:32,875][root][INFO] - Training... total epoch: 600, step: 88200
[2026-03-29 00:47:49,918][root][INFO] - Epoch:   0 | Loss: 0.4625 | Val - MRR: 0.0018, MR: 6185.33, H@1: 0.000, H@3: 0.000, H@10: 0.000 | Test - MRR: 0.0019 | *
[2026-03-29 00:51:05,570][root][INFO] - Epoch:   1 | Loss: 0.0052 | Val - MRR: 0.0089, MR: 5218.72, H@1: 0.005, H@3: 0.007, H@10: 0.010 | Test - MRR: 0.0087 | *
[2026-03-29 00:54:20,095][root][INFO] - Epoch:   2 | Loss: 0.0033 | Val - MRR: 0.0494, MR: 3703.50, H@1: 0.042, H@3: 0.049, H@10: 0.053 | Test - MRR: 0.0488 | *
[2026-03-29 00:57:34,364][root][INFO] - Epoch:   3 | Loss: 0.0032 | Val - MRR: 0.0899, MR: 2650.70, H@1: 0.076, H@3: 0.091, H@10: 0.108 | Test - MRR: 0.0884 | *
[2026-03-29 01:00:49,280][root][INFO] - Epoch:   4 | Loss: 0.0030 | Val - MRR: 0.1144, MR: 2132.25, H@1: 0.089, H@3: 0.120, H@10: 0.155 | Test - MRR: 0.1129 | *
[2026-03-29 01:04:03,405][root][INFO] - Epoch:   5 | Loss: 0.0030 | Val - MRR: 0.1389, MR: 1823.98, H@1: 0.106, H@3: 0.145, H@10: 0.201 | Test - MRR: 0.1378 | *
[2026-03-29 01:07:17,420][root][INFO] - Epoch:   6 | Loss: 0.0029 | Val - MRR: 0.1613, MR: 1527.87, H@1: 0.121, H@3: 0.171, H@10: 0.238 | Test - MRR: 0.1588 | *
[2026-03-29 01:10:29,523][root][INFO] - Epoch:   7 | Loss: 0.0030 | Val - MRR: 0.1716, MR: 1325.52, H@1: 0.127, H@3: 0.185, H@10: 0.258 | Test - MRR: 0.1695 | *
[2026-03-29 01:13:44,154][root][INFO] - Epoch:   8 | Loss: 0.0026 | Val - MRR: 0.1767, MR: 1145.96, H@1: 0.129, H@3: 0.189, H@10: 0.270 | Test - MRR: 0.1747 | *
[2026-03-29 01:16:59,591][root][INFO] - Epoch:   9 | Loss: 0.0026 | Val - MRR: 0.1839, MR: 1035.23, H@1: 0.133, H@3: 0.198, H@10: 0.283 | Test - MRR: 0.1818 | *
[2026-03-29 01:20:13,835][root][INFO] - Epoch:  10 | Loss: 0.0026 | Val - MRR: 0.1888, MR:  907.75, H@1: 0.136, H@3: 0.203, H@10: 0.291 | Test - MRR: 0.1872 | *
[2026-03-29 01:23:26,538][root][INFO] - Epoch:  11 | Loss: 0.0026 | Val - MRR: 0.1942, MR:  802.84, H@1: 0.142, H@3: 0.208, H@10: 0.297 | Test - MRR: 0.1916 | *
[2026-03-29 01:26:41,767][root][INFO] - Epoch:  12 | Loss: 0.0024 | Val - MRR: 0.2009, MR:  723.38, H@1: 0.146, H@3: 0.214, H@10: 0.307 | Test - MRR: 0.1989 | *
[2026-03-29 01:29:55,701][root][INFO] - Epoch:  13 | Loss: 0.0023 | Val - MRR: 0.2047, MR:  664.58, H@1: 0.149, H@3: 0.220, H@10: 0.314 | Test - MRR: 0.2031 | *
[2026-03-29 01:33:12,403][root][INFO] - Epoch:  14 | Loss: 0.0024 | Val - MRR: 0.2078, MR:  628.78, H@1: 0.150, H@3: 0.223, H@10: 0.320 | Test - MRR: 0.2059 | *
[2026-03-29 01:36:26,757][root][INFO] - Epoch:  15 | Loss: 0.0024 | Val - MRR: 0.2107, MR:  590.21, H@1: 0.152, H@3: 0.227, H@10: 0.323 | Test - MRR: 0.2088 | *
[2026-03-29 01:39:42,460][root][INFO] - Epoch:  16 | Loss: 0.0024 | Val - MRR: 0.2130, MR:  555.02, H@1: 0.154, H@3: 0.229, H@10: 0.327 | Test - MRR: 0.2117 | *
[2026-03-29 01:42:59,081][root][INFO] - Epoch:  17 | Loss: 0.0023 | Val - MRR: 0.2176, MR:  529.82, H@1: 0.158, H@3: 0.235, H@10: 0.333 | Test - MRR: 0.2163 | *
[2026-03-29 01:46:15,430][root][INFO] - Epoch:  18 | Loss: 0.0023 | Val - MRR: 0.2204, MR:  510.28, H@1: 0.160, H@3: 0.237, H@10: 0.338 | Test - MRR: 0.2187 | *
[2026-03-29 01:49:29,591][root][INFO] - Epoch:  19 | Loss: 0.0023 | Val - MRR: 0.2225, MR:  498.47, H@1: 0.162, H@3: 0.239, H@10: 0.339 | Test - MRR: 0.2209 | *
[2026-03-29 01:52:44,242][root][INFO] - Epoch:  20 | Loss: 0.0023 | Val - MRR: 0.2224, MR:  497.09, H@1: 0.161, H@3: 0.240, H@10: 0.341 | Test - MRR: 0.2209 | *
[2026-03-29 01:55:59,823][root][INFO] - Epoch:  21 | Loss: 0.0023 | Val - MRR: 0.2251, MR:  474.55, H@1: 0.164, H@3: 0.242, H@10: 0.344 | Test - MRR: 0.2227 | *
[2026-03-29 01:59:12,186][root][INFO] - Epoch:  22 | Loss: 0.0022 | Val - MRR: 0.2271, MR:  466.88, H@1: 0.165, H@3: 0.244, H@10: 0.347 | Test - MRR: 0.2254 | *
[2026-03-29 02:02:25,984][root][INFO] - Epoch:  23 | Loss: 0.0022 | Val - MRR: 0.2279, MR:  449.90, H@1: 0.165, H@3: 0.247, H@10: 0.350 | Test - MRR: 0.2265 | *
[2026-03-29 02:05:40,280][root][INFO] - Epoch:  24 | Loss: 0.0022 | Val - MRR: 0.2287, MR:  438.05, H@1: 0.165, H@3: 0.247, H@10: 0.352 | Test - MRR: 0.2272 | *
[2026-03-29 02:08:53,764][root][INFO] - Epoch:  25 | Loss: 0.0022 | Val - MRR: 0.2311, MR:  421.53, H@1: 0.167, H@3: 0.250, H@10: 0.355 | Test - MRR: 0.2303 | *
[2026-03-29 02:12:07,976][root][INFO] - Epoch:  26 | Loss: 0.0021 | Val - MRR: 0.2337, MR:  410.73, H@1: 0.169, H@3: 0.253, H@10: 0.359 | Test - MRR: 0.2325 | *
[2026-03-29 02:15:20,615][root][INFO] - Epoch:  27 | Loss: 0.0022 | Val - MRR: 0.2352, MR:  414.75, H@1: 0.170, H@3: 0.255, H@10: 0.360 | Test - MRR: 0.2343 | *
[2026-03-29 02:18:31,682][root][INFO] - Epoch:  28 | Loss: 0.0021 | Val - MRR: 0.2370, MR:  411.00, H@1: 0.172, H@3: 0.256, H@10: 0.363 | Test - MRR: 0.2355 | *
[2026-03-29 02:21:44,447][root][INFO] - Epoch:  29 | Loss: 0.0021 | Val - MRR: 0.2378, MR:  399.82, H@1: 0.173, H@3: 0.257, H@10: 0.365 | Test - MRR: 0.2362 | *
[2026-03-29 02:24:55,084][root][INFO] - Epoch:  30 | Loss: 0.0021 | Val - MRR: 0.2393, MR:  388.52, H@1: 0.173, H@3: 0.259, H@10: 0.366 | Test - MRR: 0.2389 | *
[2026-03-29 02:28:06,538][root][INFO] - Epoch:  31 | Loss: 0.0021 | Val - MRR: 0.2422, MR:  375.11, H@1: 0.176, H@3: 0.263, H@10: 0.372 | Test - MRR: 0.2405 | *
[2026-03-29 02:31:02,869][root][INFO] - Epoch:  32 | Loss: 0.0020 | Val - MRR: 0.2419, MR:  366.09, H@1: 0.175, H@3: 0.262, H@10: 0.374 | 
[2026-03-29 02:34:14,183][root][INFO] - Epoch:  33 | Loss: 0.0021 | Val - MRR: 0.2455, MR:  358.18, H@1: 0.179, H@3: 0.265, H@10: 0.376 | Test - MRR: 0.2434 | *
[2026-03-29 02:37:25,818][root][INFO] - Epoch:  34 | Loss: 0.0021 | Val - MRR: 0.2468, MR:  354.38, H@1: 0.180, H@3: 0.266, H@10: 0.378 | Test - MRR: 0.2445 | *
[2026-03-29 02:40:37,518][root][INFO] - Epoch:  35 | Loss: 0.0020 | Val - MRR: 0.2479, MR:  363.47, H@1: 0.180, H@3: 0.269, H@10: 0.379 | Test - MRR: 0.2466 | *
[2026-03-29 02:43:49,398][root][INFO] - Epoch:  36 | Loss: 0.0021 | Val - MRR: 0.2488, MR:  356.37, H@1: 0.181, H@3: 0.268, H@10: 0.380 | Test - MRR: 0.2477 | *
[2026-03-29 02:46:58,436][root][INFO] - Epoch:  37 | Loss: 0.0020 | Val - MRR: 0.2512, MR:  345.97, H@1: 0.183, H@3: 0.272, H@10: 0.384 | Test - MRR: 0.2492 | *
[2026-03-29 02:50:09,183][root][INFO] - Epoch:  38 | Loss: 0.0020 | Val - MRR: 0.2527, MR:  331.93, H@1: 0.184, H@3: 0.275, H@10: 0.386 | Test - MRR: 0.2512 | *
[2026-03-29 02:53:19,928][root][INFO] - Epoch:  39 | Loss: 0.0020 | Val - MRR: 0.2543, MR:  323.38, H@1: 0.185, H@3: 0.276, H@10: 0.388 | Test - MRR: 0.2527 | *
[2026-03-29 02:56:29,080][root][INFO] - Epoch:  40 | Loss: 0.0020 | Val - MRR: 0.2555, MR:  323.70, H@1: 0.186, H@3: 0.278, H@10: 0.390 | Test - MRR: 0.2542 | *
[2026-03-29 02:59:38,082][root][INFO] - Epoch:  41 | Loss: 0.0019 | Val - MRR: 0.2572, MR:  320.24, H@1: 0.187, H@3: 0.279, H@10: 0.393 | Test - MRR: 0.2560 | *
[2026-03-29 03:02:50,342][root][INFO] - Epoch:  42 | Loss: 0.0020 | Val - MRR: 0.2598, MR:  313.05, H@1: 0.189, H@3: 0.282, H@10: 0.395 | Test - MRR: 0.2577 | *
[2026-03-29 03:05:59,669][root][INFO] - Epoch:  43 | Loss: 0.0020 | Val - MRR: 0.2600, MR:  311.20, H@1: 0.189, H@3: 0.283, H@10: 0.395 | Test - MRR: 0.2589 | *
[2026-03-29 03:09:09,618][root][INFO] - Epoch:  44 | Loss: 0.0019 | Val - MRR: 0.2630, MR:  316.55, H@1: 0.193, H@3: 0.285, H@10: 0.399 | Test - MRR: 0.2610 | *
[2026-03-29 03:12:18,412][root][INFO] - Epoch:  45 | Loss: 0.0020 | Val - MRR: 0.2652, MR:  300.23, H@1: 0.194, H@3: 0.288, H@10: 0.403 | Test - MRR: 0.2634 | *
[2026-03-29 03:15:10,241][root][INFO] - Epoch:  46 | Loss: 0.0020 | Val - MRR: 0.2652, MR:  299.08, H@1: 0.194, H@3: 0.288, H@10: 0.403 | 
[2026-03-29 03:18:18,538][root][INFO] - Epoch:  47 | Loss: 0.0019 | Val - MRR: 0.2656, MR:  293.26, H@1: 0.193, H@3: 0.288, H@10: 0.406 | Test - MRR: 0.2633 | *
[2026-03-29 03:21:28,322][root][INFO] - Epoch:  48 | Loss: 0.0019 | Val - MRR: 0.2686, MR:  289.50, H@1: 0.196, H@3: 0.292, H@10: 0.411 | Test - MRR: 0.2665 | *
[2026-03-29 03:24:38,271][root][INFO] - Epoch:  49 | Loss: 0.0019 | Val - MRR: 0.2687, MR:  287.48, H@1: 0.195, H@3: 0.292, H@10: 0.413 | Test - MRR: 0.2662 | *
[2026-03-29 03:27:48,034][root][INFO] - Epoch:  50 | Loss: 0.0019 | Val - MRR: 0.2714, MR:  286.77, H@1: 0.198, H@3: 0.296, H@10: 0.413 | Test - MRR: 0.2688 | *
[2026-03-29 03:30:58,264][root][INFO] - Epoch:  51 | Loss: 0.0018 | Val - MRR: 0.2724, MR:  277.39, H@1: 0.199, H@3: 0.297, H@10: 0.415 | Test - MRR: 0.2696 | *
[2026-03-29 03:34:07,066][root][INFO] - Epoch:  52 | Loss: 0.0019 | Val - MRR: 0.2760, MR:  266.76, H@1: 0.202, H@3: 0.299, H@10: 0.420 | Test - MRR: 0.2736 | *
[2026-03-29 03:37:16,664][root][INFO] - Epoch:  53 | Loss: 0.0019 | Val - MRR: 0.2770, MR:  261.00, H@1: 0.203, H@3: 0.301, H@10: 0.420 | Test - MRR: 0.2742 | *
[2026-03-29 03:40:26,263][root][INFO] - Epoch:  54 | Loss: 0.0018 | Val - MRR: 0.2781, MR:  259.06, H@1: 0.203, H@3: 0.303, H@10: 0.424 | Test - MRR: 0.2749 | *
[2026-03-29 03:46:49,076][root][INFO] - Epoch:  55 | Loss: 0.0018 | Val - MRR: 0.2783, MR:  262.05, H@1: 0.203, H@3: 0.304, H@10: 0.425 | Test - MRR: 0.2758 | *
[2026-03-29 03:53:17,701][root][INFO] - Epoch:  56 | Loss: 0.0018 | Val - MRR: 0.2801, MR:  265.35, H@1: 0.205, H@3: 0.305, H@10: 0.427 | Test - MRR: 0.2782 | *
[2026-03-29 03:59:40,139][root][INFO] - Epoch:  57 | Loss: 0.0018 | Val - MRR: 0.2823, MR:  247.90, H@1: 0.207, H@3: 0.308, H@10: 0.430 | Test - MRR: 0.2797 | *
[2026-03-29 04:06:07,491][root][INFO] - Epoch:  58 | Loss: 0.0018 | Val - MRR: 0.2845, MR:  250.83, H@1: 0.209, H@3: 0.309, H@10: 0.431 | Test - MRR: 0.2817 | *
[2026-03-29 04:12:27,302][root][INFO] - Epoch:  59 | Loss: 0.0018 | Val - MRR: 0.2855, MR:  247.85, H@1: 0.210, H@3: 0.310, H@10: 0.433 | Test - MRR: 0.2825 | *
[2026-03-29 04:18:52,299][root][INFO] - Epoch:  60 | Loss: 0.0018 | Val - MRR: 0.2884, MR:  243.29, H@1: 0.213, H@3: 0.313, H@10: 0.436 | Test - MRR: 0.2856 | *
[2026-03-29 04:25:01,943][root][INFO] - Epoch:  61 | Loss: 0.0018 | Val - MRR: 0.2877, MR:  242.70, H@1: 0.212, H@3: 0.311, H@10: 0.435 | 
[2026-03-29 04:31:31,317][root][INFO] - Epoch:  62 | Loss: 0.0018 | Val - MRR: 0.2890, MR:  241.39, H@1: 0.213, H@3: 0.314, H@10: 0.438 | Test - MRR: 0.2858 | *
[2026-03-29 04:38:05,028][root][INFO] - Epoch:  63 | Loss: 0.0018 | Val - MRR: 0.2908, MR:  239.30, H@1: 0.214, H@3: 0.316, H@10: 0.440 | Test - MRR: 0.2890 | *
[2026-03-29 04:44:39,095][root][INFO] - Epoch:  64 | Loss: 0.0018 | Val - MRR: 0.2916, MR:  232.98, H@1: 0.215, H@3: 0.316, H@10: 0.442 | Test - MRR: 0.2888 | *
[2026-03-29 04:49:43,641][root][INFO] - Epoch:  65 | Loss: 0.0018 | Val - MRR: 0.2925, MR:  226.19, H@1: 0.215, H@3: 0.318, H@10: 0.444 | Test - MRR: 0.2915 | *
[2026-03-29 04:52:56,734][root][INFO] - Epoch:  66 | Loss: 0.0017 | Val - MRR: 0.2951, MR:  226.01, H@1: 0.217, H@3: 0.321, H@10: 0.448 | Test - MRR: 0.2927 | *
[2026-03-29 04:56:09,756][root][INFO] - Epoch:  67 | Loss: 0.0018 | Val - MRR: 0.2954, MR:  228.46, H@1: 0.217, H@3: 0.321, H@10: 0.448 | Test - MRR: 0.2930 | *
[2026-03-29 04:59:22,494][root][INFO] - Epoch:  68 | Loss: 0.0017 | Val - MRR: 0.2963, MR:  222.93, H@1: 0.218, H@3: 0.321, H@10: 0.450 | Test - MRR: 0.2949 | *
[2026-03-29 05:02:34,521][root][INFO] - Epoch:  69 | Loss: 0.0018 | Val - MRR: 0.2987, MR:  217.83, H@1: 0.220, H@3: 0.324, H@10: 0.453 | Test - MRR: 0.2959 | *
[2026-03-29 05:05:47,058][root][INFO] - Epoch:  70 | Loss: 0.0017 | Val - MRR: 0.2995, MR:  222.33, H@1: 0.221, H@3: 0.325, H@10: 0.455 | Test - MRR: 0.2962 | *
[2026-03-29 05:08:57,279][root][INFO] - Epoch:  71 | Loss: 0.0017 | Val - MRR: 0.3014, MR:  217.08, H@1: 0.223, H@3: 0.328, H@10: 0.456 | Test - MRR: 0.2983 | *
[2026-03-29 05:12:08,903][root][INFO] - Epoch:  72 | Loss: 0.0017 | Val - MRR: 0.3008, MR:  220.66, H@1: 0.221, H@3: 0.326, H@10: 0.457 | Test - MRR: 0.2984 | *
[2026-03-29 05:15:21,510][root][INFO] - Epoch:  73 | Loss: 0.0017 | Val - MRR: 0.3040, MR:  219.07, H@1: 0.224, H@3: 0.331, H@10: 0.460 | Test - MRR: 0.3005 | *
[2026-03-29 05:18:31,385][root][INFO] - Epoch:  74 | Loss: 0.0017 | Val - MRR: 0.3043, MR:  227.52, H@1: 0.224, H@3: 0.331, H@10: 0.462 | Test - MRR: 0.3015 | *
[2026-03-29 05:21:24,039][root][INFO] - Epoch:  75 | Loss: 0.0017 | Val - MRR: 0.3027, MR:  214.81, H@1: 0.222, H@3: 0.329, H@10: 0.460 | 
[2026-03-29 05:24:18,002][root][INFO] - Epoch:  76 | Loss: 0.0017 | Val - MRR: 0.3037, MR:  217.69, H@1: 0.223, H@3: 0.330, H@10: 0.462 | 
[2026-03-29 05:27:27,276][root][INFO] - Epoch:  77 | Loss: 0.0017 | Val - MRR: 0.3051, MR:  209.32, H@1: 0.225, H@3: 0.331, H@10: 0.465 | Test - MRR: 0.3028 | *
[2026-03-29 05:30:36,581][root][INFO] - Epoch:  78 | Loss: 0.0017 | Val - MRR: 0.3086, MR:  204.68, H@1: 0.228, H@3: 0.335, H@10: 0.468 | Test - MRR: 0.3064 | *
[2026-03-29 05:33:46,094][root][INFO] - Epoch:  79 | Loss: 0.0017 | Val - MRR: 0.3101, MR:  205.91, H@1: 0.229, H@3: 0.337, H@10: 0.472 | Test - MRR: 0.3072 | *
[2026-03-29 05:36:38,216][root][INFO] - Epoch:  80 | Loss: 0.0017 | Val - MRR: 0.3086, MR:  204.02, H@1: 0.227, H@3: 0.337, H@10: 0.470 | 
[2026-03-29 05:39:29,002][root][INFO] - Epoch:  81 | Loss: 0.0017 | Val - MRR: 0.3100, MR:  209.01, H@1: 0.229, H@3: 0.336, H@10: 0.471 | 
[2026-03-29 05:42:37,016][root][INFO] - Epoch:  82 | Loss: 0.0017 | Val - MRR: 0.3121, MR:  204.05, H@1: 0.230, H@3: 0.341, H@10: 0.474 | Test - MRR: 0.3082 | *
[2026-03-29 05:45:48,295][root][INFO] - Epoch:  83 | Loss: 0.0017 | Val - MRR: 0.3122, MR:  201.99, H@1: 0.230, H@3: 0.341, H@10: 0.477 | Test - MRR: 0.3089 | *
[2026-03-29 05:48:56,418][root][INFO] - Epoch:  84 | Loss: 0.0017 | Val - MRR: 0.3148, MR:  194.89, H@1: 0.233, H@3: 0.343, H@10: 0.477 | Test - MRR: 0.3112 | *
[2026-03-29 05:51:47,986][root][INFO] - Epoch:  85 | Loss: 0.0016 | Val - MRR: 0.3143, MR:  198.19, H@1: 0.232, H@3: 0.341, H@10: 0.478 | 
[2026-03-29 05:54:55,776][root][INFO] - Epoch:  86 | Loss: 0.0016 | Val - MRR: 0.3159, MR:  194.45, H@1: 0.234, H@3: 0.344, H@10: 0.480 | Test - MRR: 0.3110 | *
[2026-03-29 05:58:04,965][root][INFO] - Epoch:  87 | Loss: 0.0017 | Val - MRR: 0.3169, MR:  194.03, H@1: 0.234, H@3: 0.345, H@10: 0.481 | Test - MRR: 0.3135 | *
[2026-03-29 06:00:55,442][root][INFO] - Epoch:  88 | Loss: 0.0016 | Val - MRR: 0.3158, MR:  189.48, H@1: 0.234, H@3: 0.342, H@10: 0.481 | 
[2026-03-29 06:04:04,364][root][INFO] - Epoch:  89 | Loss: 0.0016 | Val - MRR: 0.3182, MR:  189.21, H@1: 0.236, H@3: 0.346, H@10: 0.482 | Test - MRR: 0.3139 | *
[2026-03-29 06:07:11,764][root][INFO] - Epoch:  90 | Loss: 0.0017 | Val - MRR: 0.3185, MR:  188.93, H@1: 0.236, H@3: 0.345, H@10: 0.482 | Test - MRR: 0.3155 | *
[2026-03-29 06:10:20,273][root][INFO] - Epoch:  91 | Loss: 0.0016 | Val - MRR: 0.3207, MR:  187.16, H@1: 0.237, H@3: 0.349, H@10: 0.485 | Test - MRR: 0.3167 | *
[2026-03-29 06:13:28,458][root][INFO] - Epoch:  92 | Loss: 0.0016 | Val - MRR: 0.3227, MR:  184.86, H@1: 0.239, H@3: 0.351, H@10: 0.489 | Test - MRR: 0.3188 | *
[2026-03-29 06:16:36,660][root][INFO] - Epoch:  93 | Loss: 0.0016 | Val - MRR: 0.3231, MR:  187.89, H@1: 0.239, H@3: 0.351, H@10: 0.490 | Test - MRR: 0.3196 | *
[2026-03-29 06:19:27,163][root][INFO] - Epoch:  94 | Loss: 0.0016 | Val - MRR: 0.3205, MR:  187.26, H@1: 0.237, H@3: 0.348, H@10: 0.487 | 
[2026-03-29 06:22:33,937][root][INFO] - Epoch:  95 | Loss: 0.0016 | Val - MRR: 0.3233, MR:  184.26, H@1: 0.239, H@3: 0.351, H@10: 0.492 | Test - MRR: 0.3194 | *
[2026-03-29 06:25:25,823][root][INFO] - Epoch:  96 | Loss: 0.0016 | Val - MRR: 0.3219, MR:  184.31, H@1: 0.238, H@3: 0.351, H@10: 0.491 | 
[2026-03-29 06:28:34,028][root][INFO] - Epoch:  97 | Loss: 0.0016 | Val - MRR: 0.3229, MR:  181.89, H@1: 0.238, H@3: 0.351, H@10: 0.494 | Test - MRR: 0.3208 | *
[2026-03-29 06:31:41,620][root][INFO] - Epoch:  98 | Loss: 0.0016 | Val - MRR: 0.3247, MR:  180.38, H@1: 0.240, H@3: 0.353, H@10: 0.493 | Test - MRR: 0.3211 | *
[2026-03-29 06:34:52,214][root][INFO] - Epoch:  99 | Loss: 0.0016 | Val - MRR: 0.3266, MR:  182.97, H@1: 0.243, H@3: 0.353, H@10: 0.496 | Test - MRR: 0.3236 | *
[2026-03-29 06:37:43,038][root][INFO] - Epoch: 100 | Loss: 0.0016 | Val - MRR: 0.3262, MR:  178.35, H@1: 0.241, H@3: 0.355, H@10: 0.495 | 
[2026-03-29 06:40:49,864][root][INFO] - Epoch: 101 | Loss: 0.0016 | Val - MRR: 0.3270, MR:  176.53, H@1: 0.242, H@3: 0.356, H@10: 0.498 | Test - MRR: 0.3235 | *
[2026-03-29 06:43:58,274][root][INFO] - Epoch: 102 | Loss: 0.0016 | Val - MRR: 0.3287, MR:  174.20, H@1: 0.244, H@3: 0.357, H@10: 0.500 | Test - MRR: 0.3250 | *
[2026-03-29 06:47:05,249][root][INFO] - Epoch: 103 | Loss: 0.0016 | Val - MRR: 0.3284, MR:  177.57, H@1: 0.244, H@3: 0.356, H@10: 0.497 | Test - MRR: 0.3252 | *
[2026-03-29 06:50:14,538][root][INFO] - Epoch: 104 | Loss: 0.0016 | Val - MRR: 0.3303, MR:  173.91, H@1: 0.246, H@3: 0.357, H@10: 0.501 | Test - MRR: 0.3275 | *
[2026-03-29 06:53:24,399][root][INFO] - Epoch: 105 | Loss: 0.0016 | Val - MRR: 0.3309, MR:  176.93, H@1: 0.247, H@3: 0.358, H@10: 0.501 | Test - MRR: 0.3277 | *
[2026-03-29 06:56:33,084][root][INFO] - Epoch: 106 | Loss: 0.0016 | Val - MRR: 0.3308, MR:  175.97, H@1: 0.245, H@3: 0.360, H@10: 0.504 | Test - MRR: 0.3286 | *
[2026-03-29 06:59:23,913][root][INFO] - Epoch: 107 | Loss: 0.0016 | Val - MRR: 0.3305, MR:  173.25, H@1: 0.245, H@3: 0.359, H@10: 0.503 | 
[2026-03-29 07:02:31,483][root][INFO] - Epoch: 108 | Loss: 0.0016 | Val - MRR: 0.3315, MR:  174.10, H@1: 0.246, H@3: 0.361, H@10: 0.503 | Test - MRR: 0.3291 | *
[2026-03-29 07:05:40,573][root][INFO] - Epoch: 109 | Loss: 0.0015 | Val - MRR: 0.3322, MR:  189.75, H@1: 0.247, H@3: 0.362, H@10: 0.504 | Test - MRR: 0.3298 | *
[2026-03-29 07:08:31,522][root][INFO] - Epoch: 110 | Loss: 0.0015 | Val - MRR: 0.3321, MR:  174.04, H@1: 0.247, H@3: 0.360, H@10: 0.505 | 
[2026-03-29 07:11:39,978][root][INFO] - Epoch: 111 | Loss: 0.0015 | Val - MRR: 0.3338, MR:  177.22, H@1: 0.248, H@3: 0.363, H@10: 0.505 | Test - MRR: 0.3300 | *
[2026-03-29 07:14:50,107][root][INFO] - Epoch: 112 | Loss: 0.0015 | Val - MRR: 0.3342, MR:  173.87, H@1: 0.249, H@3: 0.364, H@10: 0.506 | Test - MRR: 0.3306 | *
[2026-03-29 07:17:58,100][root][INFO] - Epoch: 113 | Loss: 0.0015 | Val - MRR: 0.3349, MR:  172.03, H@1: 0.250, H@3: 0.362, H@10: 0.507 | Test - MRR: 0.3320 | *
[2026-03-29 07:21:07,670][root][INFO] - Epoch: 114 | Loss: 0.0015 | Val - MRR: 0.3360, MR:  173.81, H@1: 0.250, H@3: 0.367, H@10: 0.509 | Test - MRR: 0.3333 | *
[2026-03-29 07:23:59,198][root][INFO] - Epoch: 115 | Loss: 0.0015 | Val - MRR: 0.3351, MR:  170.69, H@1: 0.250, H@3: 0.364, H@10: 0.508 | 
[2026-03-29 07:27:07,748][root][INFO] - Epoch: 116 | Loss: 0.0015 | Val - MRR: 0.3361, MR:  171.91, H@1: 0.250, H@3: 0.367, H@10: 0.508 | Test - MRR: 0.3336 | *
[2026-03-29 07:30:17,699][root][INFO] - Epoch: 117 | Loss: 0.0015 | Val - MRR: 0.3368, MR:  166.91, H@1: 0.251, H@3: 0.365, H@10: 0.511 | Test - MRR: 0.3337 | *
[2026-03-29 07:33:09,199][root][INFO] - Epoch: 118 | Loss: 0.0015 | Val - MRR: 0.3362, MR:  166.18, H@1: 0.250, H@3: 0.366, H@10: 0.509 | 
[2026-03-29 07:36:20,211][root][INFO] - Epoch: 119 | Loss: 0.0015 | Val - MRR: 0.3370, MR:  167.89, H@1: 0.250, H@3: 0.366, H@10: 0.511 | Test - MRR: 0.3342 | *
[2026-03-29 07:39:28,605][root][INFO] - Epoch: 120 | Loss: 0.0015 | Val - MRR: 0.3375, MR:  169.97, H@1: 0.251, H@3: 0.367, H@10: 0.512 | Test - MRR: 0.3344 | *
[2026-03-29 07:42:19,010][root][INFO] - Epoch: 121 | Loss: 0.0015 | Val - MRR: 0.3372, MR:  167.05, H@1: 0.249, H@3: 0.369, H@10: 0.514 | 
[2026-03-29 07:45:27,453][root][INFO] - Epoch: 122 | Loss: 0.0015 | Val - MRR: 0.3378, MR:  168.61, H@1: 0.251, H@3: 0.368, H@10: 0.513 | Test - MRR: 0.3345 | *
[2026-03-29 07:48:37,462][root][INFO] - Epoch: 123 | Loss: 0.0015 | Val - MRR: 0.3396, MR:  166.46, H@1: 0.253, H@3: 0.370, H@10: 0.515 | Test - MRR: 0.3352 | *
[2026-03-29 07:51:46,073][root][INFO] - Epoch: 124 | Loss: 0.0015 | Val - MRR: 0.3384, MR:  166.84, H@1: 0.251, H@3: 0.369, H@10: 0.515 | Test - MRR: 0.3360 | *
[2026-03-29 07:54:55,378][root][INFO] - Epoch: 125 | Loss: 0.0015 | Val - MRR: 0.3395, MR:  166.00, H@1: 0.253, H@3: 0.369, H@10: 0.515 | Test - MRR: 0.3363 | *
[2026-03-29 07:58:05,345][root][INFO] - Epoch: 126 | Loss: 0.0015 | Val - MRR: 0.3410, MR:  164.08, H@1: 0.254, H@3: 0.371, H@10: 0.517 | Test - MRR: 0.3370 | *
[2026-03-29 08:01:15,238][root][INFO] - Epoch: 127 | Loss: 0.0015 | Val - MRR: 0.3411, MR:  163.28, H@1: 0.254, H@3: 0.372, H@10: 0.516 | Test - MRR: 0.3392 | *
[2026-03-29 08:04:22,197][root][INFO] - Epoch: 128 | Loss: 0.0015 | Val - MRR: 0.3412, MR:  166.60, H@1: 0.253, H@3: 0.372, H@10: 0.518 | Test - MRR: 0.3379 | *
[2026-03-29 08:07:30,173][root][INFO] - Epoch: 129 | Loss: 0.0015 | Val - MRR: 0.3412, MR:  164.97, H@1: 0.253, H@3: 0.372, H@10: 0.519 | Test - MRR: 0.3382 | *
[2026-03-29 08:10:36,783][root][INFO] - Epoch: 130 | Loss: 0.0015 | Val - MRR: 0.3416, MR:  164.23, H@1: 0.254, H@3: 0.372, H@10: 0.519 | Test - MRR: 0.3387 | *
[2026-03-29 08:13:46,424][root][INFO] - Epoch: 131 | Loss: 0.0015 | Val - MRR: 0.3423, MR:  163.94, H@1: 0.254, H@3: 0.374, H@10: 0.519 | Test - MRR: 0.3399 | *
[2026-03-29 08:16:57,647][root][INFO] - Epoch: 132 | Loss: 0.0015 | Val - MRR: 0.3435, MR:  163.72, H@1: 0.257, H@3: 0.374, H@10: 0.520 | Test - MRR: 0.3401 | *
[2026-03-29 08:19:48,625][root][INFO] - Epoch: 133 | Loss: 0.0015 | Val - MRR: 0.3420, MR:  164.77, H@1: 0.254, H@3: 0.373, H@10: 0.519 | 
[2026-03-29 08:22:39,689][root][INFO] - Epoch: 134 | Loss: 0.0015 | Val - MRR: 0.3433, MR:  169.21, H@1: 0.256, H@3: 0.373, H@10: 0.523 | 
[2026-03-29 08:25:46,866][root][INFO] - Epoch: 135 | Loss: 0.0015 | Val - MRR: 0.3442, MR:  165.74, H@1: 0.257, H@3: 0.374, H@10: 0.521 | Test - MRR: 0.3408 | *
[2026-03-29 08:28:39,201][root][INFO] - Epoch: 136 | Loss: 0.0015 | Val - MRR: 0.3441, MR:  162.52, H@1: 0.256, H@3: 0.375, H@10: 0.521 | 
[2026-03-29 08:31:48,645][root][INFO] - Epoch: 137 | Loss: 0.0015 | Val - MRR: 0.3446, MR:  162.02, H@1: 0.257, H@3: 0.375, H@10: 0.521 | Test - MRR: 0.3420 | *
[2026-03-29 08:34:56,721][root][INFO] - Epoch: 138 | Loss: 0.0015 | Val - MRR: 0.3446, MR:  161.25, H@1: 0.257, H@3: 0.374, H@10: 0.522 | Test - MRR: 0.3420 | *
[2026-03-29 08:37:48,226][root][INFO] - Epoch: 139 | Loss: 0.0015 | Val - MRR: 0.3425, MR:  161.34, H@1: 0.254, H@3: 0.373, H@10: 0.521 | 
[2026-03-29 08:40:42,422][root][INFO] - Epoch: 140 | Loss: 0.0015 | Val - MRR: 0.3442, MR:  161.21, H@1: 0.257, H@3: 0.374, H@10: 0.521 | 
[2026-03-29 08:43:52,238][root][INFO] - Epoch: 141 | Loss: 0.0015 | Val - MRR: 0.3457, MR:  158.38, H@1: 0.258, H@3: 0.376, H@10: 0.524 | Test - MRR: 0.3427 | *
[2026-03-29 08:47:02,679][root][INFO] - Epoch: 142 | Loss: 0.0015 | Val - MRR: 0.3469, MR:  159.76, H@1: 0.259, H@3: 0.378, H@10: 0.524 | Test - MRR: 0.3439 | *
[2026-03-29 08:49:54,614][root][INFO] - Epoch: 143 | Loss: 0.0015 | Val - MRR: 0.3447, MR:  161.59, H@1: 0.256, H@3: 0.376, H@10: 0.524 | 
[2026-03-29 08:53:06,047][root][INFO] - Epoch: 144 | Loss: 0.0015 | Val - MRR: 0.3467, MR:  160.62, H@1: 0.259, H@3: 0.377, H@10: 0.524 | Test - MRR: 0.3442 | *
[2026-03-29 08:56:15,995][root][INFO] - Epoch: 145 | Loss: 0.0015 | Val - MRR: 0.3477, MR:  162.15, H@1: 0.260, H@3: 0.378, H@10: 0.526 | Test - MRR: 0.3451 | *
[2026-03-29 08:59:08,687][root][INFO] - Epoch: 146 | Loss: 0.0015 | Val - MRR: 0.3476, MR:  162.89, H@1: 0.261, H@3: 0.378, H@10: 0.526 | 
[2026-03-29 09:02:18,967][root][INFO] - Epoch: 147 | Loss: 0.0015 | Val - MRR: 0.3480, MR:  160.70, H@1: 0.260, H@3: 0.378, H@10: 0.527 | Test - MRR: 0.3452 | *
[2026-03-29 09:05:11,845][root][INFO] - Epoch: 148 | Loss: 0.0014 | Val - MRR: 0.3474, MR:  161.24, H@1: 0.260, H@3: 0.378, H@10: 0.523 | 
[2026-03-29 09:08:22,389][root][INFO] - Epoch: 149 | Loss: 0.0014 | Val - MRR: 0.3485, MR:  161.42, H@1: 0.261, H@3: 0.379, H@10: 0.527 | Test - MRR: 0.3450 | *
[2026-03-29 09:11:13,640][root][INFO] - Epoch: 150 | Loss: 0.0015 | Val - MRR: 0.3476, MR:  161.57, H@1: 0.259, H@3: 0.379, H@10: 0.527 | 
[2026-03-29 09:14:05,741][root][INFO] - Epoch: 151 | Loss: 0.0014 | Val - MRR: 0.3465, MR:  160.21, H@1: 0.257, H@3: 0.378, H@10: 0.527 | 
[2026-03-29 09:16:59,140][root][INFO] - Epoch: 152 | Loss: 0.0014 | Val - MRR: 0.3478, MR:  162.75, H@1: 0.258, H@3: 0.380, H@10: 0.528 | 
[2026-03-29 09:20:09,930][root][INFO] - Epoch: 153 | Loss: 0.0014 | Val - MRR: 0.3491, MR:  158.71, H@1: 0.260, H@3: 0.380, H@10: 0.531 | Test - MRR: 0.3452 | *
[2026-03-29 09:23:22,057][root][INFO] - Epoch: 154 | Loss: 0.0014 | Val - MRR: 0.3489, MR:  159.92, H@1: 0.260, H@3: 0.380, H@10: 0.529 | Test - MRR: 0.3459 | *
[2026-03-29 09:26:15,745][root][INFO] - Epoch: 155 | Loss: 0.0015 | Val - MRR: 0.3488, MR:  161.55, H@1: 0.260, H@3: 0.380, H@10: 0.529 | 
[2026-03-29 09:29:08,960][root][INFO] - Epoch: 156 | Loss: 0.0014 | Val - MRR: 0.3482, MR:  163.12, H@1: 0.259, H@3: 0.381, H@10: 0.527 | 
[2026-03-29 09:32:19,684][root][INFO] - Epoch: 157 | Loss: 0.0014 | Val - MRR: 0.3508, MR:  158.60, H@1: 0.261, H@3: 0.384, H@10: 0.532 | Test - MRR: 0.3470 | *
[2026-03-29 09:35:13,535][root][INFO] - Epoch: 158 | Loss: 0.0014 | Val - MRR: 0.3493, MR:  158.82, H@1: 0.260, H@3: 0.382, H@10: 0.528 | 
[2026-03-29 09:38:07,298][root][INFO] - Epoch: 159 | Loss: 0.0014 | Val - MRR: 0.3490, MR:  160.27, H@1: 0.260, H@3: 0.381, H@10: 0.527 | 
[2026-03-29 09:41:00,577][root][INFO] - Epoch: 160 | Loss: 0.0014 | Val - MRR: 0.3501, MR:  159.29, H@1: 0.262, H@3: 0.382, H@10: 0.526 | 
[2026-03-29 09:43:54,749][root][INFO] - Epoch: 161 | Loss: 0.0014 | Val - MRR: 0.3500, MR:  158.53, H@1: 0.261, H@3: 0.381, H@10: 0.528 | 
[2026-03-29 09:47:04,440][root][INFO] - Epoch: 162 | Loss: 0.0014 | Val - MRR: 0.3518, MR:  158.58, H@1: 0.263, H@3: 0.384, H@10: 0.532 | Test - MRR: 0.3484 | *
[2026-03-29 09:49:59,444][root][INFO] - Epoch: 163 | Loss: 0.0014 | Val - MRR: 0.3511, MR:  159.54, H@1: 0.262, H@3: 0.383, H@10: 0.530 | 
[2026-03-29 09:52:52,061][root][INFO] - Epoch: 164 | Loss: 0.0014 | Val - MRR: 0.3506, MR:  157.82, H@1: 0.261, H@3: 0.384, H@10: 0.530 | 
[2026-03-29 09:56:02,926][root][INFO] - Epoch: 165 | Loss: 0.0014 | Val - MRR: 0.3509, MR:  158.15, H@1: 0.261, H@3: 0.383, H@10: 0.533 | Test - MRR: 0.3488 | *
[2026-03-29 09:59:11,702][root][INFO] - Epoch: 166 | Loss: 0.0014 | Val - MRR: 0.3509, MR:  157.36, H@1: 0.262, H@3: 0.382, H@10: 0.531 | Test - MRR: 0.3468 | *
[2026-03-29 10:02:22,120][root][INFO] - Epoch: 167 | Loss: 0.0014 | Val - MRR: 0.3511, MR:  160.30, H@1: 0.262, H@3: 0.384, H@10: 0.531 | Test - MRR: 0.3478 | *
[2026-03-29 10:05:32,391][root][INFO] - Epoch: 168 | Loss: 0.0014 | Val - MRR: 0.3517, MR:  158.68, H@1: 0.262, H@3: 0.384, H@10: 0.532 | Test - MRR: 0.3485 | *
[2026-03-29 10:08:42,508][root][INFO] - Epoch: 169 | Loss: 0.0014 | Val - MRR: 0.3516, MR:  157.37, H@1: 0.261, H@3: 0.383, H@10: 0.534 | Test - MRR: 0.3489 | *
[2026-03-29 10:11:55,781][root][INFO] - Epoch: 170 | Loss: 0.0014 | Val - MRR: 0.3526, MR:  162.35, H@1: 0.262, H@3: 0.386, H@10: 0.534 | Test - MRR: 0.3501 | *
[2026-03-29 10:14:47,860][root][INFO] - Epoch: 171 | Loss: 0.0014 | Val - MRR: 0.3521, MR:  160.78, H@1: 0.262, H@3: 0.385, H@10: 0.534 | 
[2026-03-29 10:17:59,923][root][INFO] - Epoch: 172 | Loss: 0.0014 | Val - MRR: 0.3532, MR:  157.94, H@1: 0.263, H@3: 0.386, H@10: 0.534 | Test - MRR: 0.3503 | *
[2026-03-29 10:21:09,577][root][INFO] - Epoch: 173 | Loss: 0.0014 | Val - MRR: 0.3534, MR:  158.85, H@1: 0.263, H@3: 0.388, H@10: 0.535 | Test - MRR: 0.3496 | *
[2026-03-29 10:24:03,593][root][INFO] - Epoch: 174 | Loss: 0.0014 | Val - MRR: 0.3534, MR:  158.82, H@1: 0.264, H@3: 0.385, H@10: 0.537 | 
[2026-03-29 10:27:14,129][root][INFO] - Epoch: 175 | Loss: 0.0014 | Val - MRR: 0.3535, MR:  160.86, H@1: 0.263, H@3: 0.388, H@10: 0.535 | Test - MRR: 0.3512 | *
[2026-03-29 10:30:23,349][root][INFO] - Epoch: 176 | Loss: 0.0014 | Val - MRR: 0.3538, MR:  159.31, H@1: 0.265, H@3: 0.386, H@10: 0.534 | Test - MRR: 0.3503 | *
[2026-03-29 10:33:16,210][root][INFO] - Epoch: 177 | Loss: 0.0014 | Val - MRR: 0.3535, MR:  158.78, H@1: 0.264, H@3: 0.385, H@10: 0.535 | 
[2026-03-29 10:36:27,705][root][INFO] - Epoch: 178 | Loss: 0.0014 | Val - MRR: 0.3539, MR:  155.73, H@1: 0.263, H@3: 0.388, H@10: 0.537 | Test - MRR: 0.3507 | *
[2026-03-29 10:39:37,122][root][INFO] - Epoch: 179 | Loss: 0.0014 | Val - MRR: 0.3544, MR:  157.71, H@1: 0.264, H@3: 0.388, H@10: 0.536 | Test - MRR: 0.3503 | *
[2026-03-29 10:42:30,055][root][INFO] - Epoch: 180 | Loss: 0.0014 | Val - MRR: 0.3538, MR:  159.46, H@1: 0.263, H@3: 0.387, H@10: 0.536 | 
[2026-03-29 10:45:40,217][root][INFO] - Epoch: 181 | Loss: 0.0014 | Val - MRR: 0.3532, MR:  156.30, H@1: 0.262, H@3: 0.387, H@10: 0.536 | Test - MRR: 0.3513 | *
[2026-03-29 10:48:50,389][root][INFO] - Epoch: 182 | Loss: 0.0014 | Val - MRR: 0.3543, MR:  156.45, H@1: 0.263, H@3: 0.388, H@10: 0.536 | Test - MRR: 0.3523 | *
[2026-03-29 10:52:01,756][root][INFO] - Epoch: 183 | Loss: 0.0014 | Val - MRR: 0.3558, MR:  159.91, H@1: 0.265, H@3: 0.390, H@10: 0.538 | Test - MRR: 0.3528 | *
[2026-03-29 10:55:13,085][root][INFO] - Epoch: 184 | Loss: 0.0014 | Val - MRR: 0.3555, MR:  156.11, H@1: 0.265, H@3: 0.388, H@10: 0.537 | Test - MRR: 0.3533 | *
[2026-03-29 10:58:22,079][root][INFO] - Epoch: 185 | Loss: 0.0014 | Val - MRR: 0.3560, MR:  158.19, H@1: 0.265, H@3: 0.390, H@10: 0.537 | Test - MRR: 0.3527 | *
[2026-03-29 11:01:15,032][root][INFO] - Epoch: 186 | Loss: 0.0014 | Val - MRR: 0.3556, MR:  156.72, H@1: 0.265, H@3: 0.390, H@10: 0.538 | 
[2026-03-29 11:04:25,197][root][INFO] - Epoch: 187 | Loss: 0.0014 | Val - MRR: 0.3572, MR:  158.64, H@1: 0.267, H@3: 0.389, H@10: 0.537 | Test - MRR: 0.3531 | *
[2026-03-29 11:07:18,493][root][INFO] - Epoch: 188 | Loss: 0.0014 | Val - MRR: 0.3571, MR:  157.71, H@1: 0.267, H@3: 0.392, H@10: 0.537 | 
[2026-03-29 11:10:12,944][root][INFO] - Epoch: 189 | Loss: 0.0014 | Val - MRR: 0.3548, MR:  161.58, H@1: 0.265, H@3: 0.387, H@10: 0.535 | 
[2026-03-29 11:13:25,922][root][INFO] - Epoch: 190 | Loss: 0.0014 | Val - MRR: 0.3571, MR:  157.89, H@1: 0.267, H@3: 0.390, H@10: 0.538 | Test - MRR: 0.3536 | *
[2026-03-29 11:16:19,758][root][INFO] - Epoch: 191 | Loss: 0.0014 | Val - MRR: 0.3566, MR:  159.20, H@1: 0.266, H@3: 0.389, H@10: 0.538 | 
[2026-03-29 11:19:32,032][root][INFO] - Epoch: 192 | Loss: 0.0014 | Val - MRR: 0.3566, MR:  155.85, H@1: 0.266, H@3: 0.390, H@10: 0.538 | Test - MRR: 0.3538 | *
[2026-03-29 11:22:43,650][root][INFO] - Epoch: 193 | Loss: 0.0014 | Val - MRR: 0.3571, MR:  156.22, H@1: 0.267, H@3: 0.390, H@10: 0.537 | Test - MRR: 0.3542 | *
[2026-03-29 11:25:37,476][root][INFO] - Epoch: 194 | Loss: 0.0014 | Val - MRR: 0.3559, MR:  158.34, H@1: 0.265, H@3: 0.389, H@10: 0.538 | 
[2026-03-29 11:28:49,807][root][INFO] - Epoch: 195 | Loss: 0.0014 | Val - MRR: 0.3564, MR:  154.26, H@1: 0.266, H@3: 0.390, H@10: 0.537 | Test - MRR: 0.3542 | *
[2026-03-29 11:31:42,615][root][INFO] - Epoch: 196 | Loss: 0.0014 | Val - MRR: 0.3562, MR:  157.53, H@1: 0.266, H@3: 0.388, H@10: 0.535 | 
[2026-03-29 11:34:36,931][root][INFO] - Epoch: 197 | Loss: 0.0014 | Val - MRR: 0.3561, MR:  155.54, H@1: 0.265, H@3: 0.389, H@10: 0.539 | 
[2026-03-29 11:37:47,302][root][INFO] - Epoch: 198 | Loss: 0.0014 | Val - MRR: 0.3569, MR:  156.84, H@1: 0.266, H@3: 0.391, H@10: 0.538 | Test - MRR: 0.3542 | *
[2026-03-29 11:40:57,160][root][INFO] - Epoch: 199 | Loss: 0.0014 | Val - MRR: 0.3578, MR:  156.87, H@1: 0.268, H@3: 0.390, H@10: 0.541 | Test - MRR: 0.3554 | *
[2026-03-29 11:43:49,967][root][INFO] - Epoch: 200 | Loss: 0.0014 | Val - MRR: 0.3568, MR:  157.38, H@1: 0.267, H@3: 0.389, H@10: 0.538 | 
[2026-03-29 11:46:43,560][root][INFO] - Epoch: 201 | Loss: 0.0014 | Val - MRR: 0.3575, MR:  157.36, H@1: 0.268, H@3: 0.389, H@10: 0.539 | 
[2026-03-29 11:49:36,343][root][INFO] - Epoch: 202 | Loss: 0.0014 | Val - MRR: 0.3577, MR:  157.82, H@1: 0.268, H@3: 0.390, H@10: 0.540 | 
[2026-03-29 11:52:29,483][root][INFO] - Epoch: 203 | Loss: 0.0014 | Val - MRR: 0.3571, MR:  158.11, H@1: 0.267, H@3: 0.389, H@10: 0.541 | 
[2026-03-29 11:55:23,720][root][INFO] - Epoch: 204 | Loss: 0.0014 | Val - MRR: 0.3564, MR:  159.53, H@1: 0.266, H@3: 0.388, H@10: 0.540 | 
[2026-03-29 11:58:16,587][root][INFO] - Epoch: 205 | Loss: 0.0014 | Val - MRR: 0.3568, MR:  157.62, H@1: 0.266, H@3: 0.389, H@10: 0.540 | 
[2026-03-29 12:01:09,395][root][INFO] - Epoch: 206 | Loss: 0.0014 | Val - MRR: 0.3568, MR:  155.95, H@1: 0.265, H@3: 0.390, H@10: 0.540 | 
[2026-03-29 12:04:04,163][root][INFO] - Epoch: 207 | Loss: 0.0014 | Val - MRR: 0.3575, MR:  157.54, H@1: 0.268, H@3: 0.388, H@10: 0.540 | 
[2026-03-29 12:07:14,269][root][INFO] - Epoch: 208 | Loss: 0.0014 | Val - MRR: 0.3587, MR:  157.57, H@1: 0.268, H@3: 0.391, H@10: 0.541 | Test - MRR: 0.3556 | *
[2026-03-29 12:10:08,161][root][INFO] - Epoch: 209 | Loss: 0.0014 | Val - MRR: 0.3583, MR:  157.01, H@1: 0.268, H@3: 0.390, H@10: 0.540 | 
[2026-03-29 12:13:02,463][root][INFO] - Epoch: 210 | Loss: 0.0014 | Val - MRR: 0.3581, MR:  157.45, H@1: 0.267, H@3: 0.391, H@10: 0.542 | 
[2026-03-29 12:16:13,221][root][INFO] - Epoch: 211 | Loss: 0.0014 | Val - MRR: 0.3583, MR:  160.36, H@1: 0.267, H@3: 0.391, H@10: 0.541 | Test - MRR: 0.3562 | *
[2026-03-29 12:19:24,381][root][INFO] - Epoch: 212 | Loss: 0.0014 | Val - MRR: 0.3589, MR:  155.81, H@1: 0.268, H@3: 0.392, H@10: 0.541 | Test - MRR: 0.3553 | *
[2026-03-29 12:22:19,734][root][INFO] - Epoch: 213 | Loss: 0.0014 | Val - MRR: 0.3584, MR:  159.63, H@1: 0.268, H@3: 0.391, H@10: 0.540 | 
[2026-03-29 12:25:13,174][root][INFO] - Epoch: 214 | Loss: 0.0014 | Val - MRR: 0.3582, MR:  159.05, H@1: 0.267, H@3: 0.390, H@10: 0.543 | 
[2026-03-29 12:28:07,651][root][INFO] - Epoch: 215 | Loss: 0.0014 | Val - MRR: 0.3573, MR:  160.89, H@1: 0.267, H@3: 0.389, H@10: 0.539 | 
[2026-03-29 12:31:00,220][root][INFO] - Epoch: 216 | Loss: 0.0014 | Val - MRR: 0.3567, MR:  159.08, H@1: 0.266, H@3: 0.388, H@10: 0.540 | 
[2026-03-29 12:34:08,218][root][INFO] - Epoch: 217 | Loss: 0.0014 | Val - MRR: 0.3592, MR:  158.12, H@1: 0.268, H@3: 0.391, H@10: 0.543 | Test - MRR: 0.3548 | *
[2026-03-29 12:37:01,975][root][INFO] - Epoch: 218 | Loss: 0.0014 | Val - MRR: 0.3581, MR:  158.12, H@1: 0.267, H@3: 0.391, H@10: 0.541 | 
[2026-03-29 12:40:14,555][root][INFO] - Epoch: 219 | Loss: 0.0014 | Val - MRR: 0.3595, MR:  159.00, H@1: 0.269, H@3: 0.393, H@10: 0.542 | Test - MRR: 0.3553 | *
[2026-03-29 12:43:07,989][root][INFO] - Epoch: 220 | Loss: 0.0014 | Val - MRR: 0.3590, MR:  156.74, H@1: 0.268, H@3: 0.392, H@10: 0.543 | 
[2026-03-29 12:46:01,824][root][INFO] - Epoch: 221 | Loss: 0.0014 | Val - MRR: 0.3591, MR:  156.37, H@1: 0.268, H@3: 0.392, H@10: 0.543 | 
[2026-03-29 12:48:54,580][root][INFO] - Epoch: 222 | Loss: 0.0014 | Val - MRR: 0.3589, MR:  158.27, H@1: 0.268, H@3: 0.393, H@10: 0.542 | 
[2026-03-29 12:51:48,319][root][INFO] - Epoch: 223 | Loss: 0.0014 | Val - MRR: 0.3588, MR:  158.57, H@1: 0.268, H@3: 0.391, H@10: 0.541 | 
[2026-03-29 12:54:40,641][root][INFO] - Epoch: 224 | Loss: 0.0014 | Val - MRR: 0.3594, MR:  159.26, H@1: 0.269, H@3: 0.391, H@10: 0.542 | 
[2026-03-29 12:57:50,253][root][INFO] - Epoch: 225 | Loss: 0.0014 | Val - MRR: 0.3600, MR:  158.83, H@1: 0.269, H@3: 0.392, H@10: 0.543 | Test - MRR: 0.3553 | *
[2026-03-29 13:00:44,368][root][INFO] - Epoch: 226 | Loss: 0.0014 | Val - MRR: 0.3591, MR:  156.42, H@1: 0.268, H@3: 0.392, H@10: 0.542 | 
[2026-03-29 13:03:53,335][root][INFO] - Epoch: 227 | Loss: 0.0014 | Val - MRR: 0.3600, MR:  156.16, H@1: 0.269, H@3: 0.393, H@10: 0.544 | Test - MRR: 0.3556 | *
[2026-03-29 13:06:48,409][root][INFO] - Epoch: 228 | Loss: 0.0014 | Val - MRR: 0.3596, MR:  160.07, H@1: 0.268, H@3: 0.393, H@10: 0.545 | 
[2026-03-29 13:09:43,454][root][INFO] - Epoch: 229 | Loss: 0.0014 | Val - MRR: 0.3596, MR:  160.60, H@1: 0.268, H@3: 0.393, H@10: 0.542 | 
[2026-03-29 13:12:38,806][root][INFO] - Epoch: 230 | Loss: 0.0014 | Val - MRR: 0.3592, MR:  157.67, H@1: 0.268, H@3: 0.393, H@10: 0.543 | 
[2026-03-29 13:15:32,162][root][INFO] - Epoch: 231 | Loss: 0.0014 | Val - MRR: 0.3594, MR:  155.52, H@1: 0.268, H@3: 0.391, H@10: 0.543 | 
[2026-03-29 13:18:27,181][root][INFO] - Epoch: 232 | Loss: 0.0014 | Val - MRR: 0.3589, MR:  159.26, H@1: 0.268, H@3: 0.393, H@10: 0.544 | 
[2026-03-29 13:21:20,230][root][INFO] - Epoch: 233 | Loss: 0.0014 | Val - MRR: 0.3592, MR:  161.21, H@1: 0.269, H@3: 0.393, H@10: 0.542 | 
[2026-03-29 13:24:12,858][root][INFO] - Epoch: 234 | Loss: 0.0014 | Val - MRR: 0.3588, MR:  157.85, H@1: 0.267, H@3: 0.393, H@10: 0.545 | 
[2026-03-29 13:27:25,545][root][INFO] - Epoch: 235 | Loss: 0.0014 | Val - MRR: 0.3593, MR:  158.01, H@1: 0.268, H@3: 0.392, H@10: 0.545 | Test - MRR: 0.3567 | *
[2026-03-29 13:30:35,753][root][INFO] - Epoch: 236 | Loss: 0.0014 | Val - MRR: 0.3603, MR:  157.74, H@1: 0.268, H@3: 0.393, H@10: 0.546 | Test - MRR: 0.3568 | *
[2026-03-29 13:33:47,519][root][INFO] - Epoch: 237 | Loss: 0.0013 | Val - MRR: 0.3617, MR:  158.07, H@1: 0.271, H@3: 0.395, H@10: 0.545 | Test - MRR: 0.3592 | *
[2026-03-29 13:36:41,383][root][INFO] - Epoch: 238 | Loss: 0.0014 | Val - MRR: 0.3591, MR:  158.58, H@1: 0.268, H@3: 0.393, H@10: 0.544 | 
[2026-03-29 13:39:31,525][root][INFO] - Epoch: 239 | Loss: 0.0014 | Val - MRR: 0.3599, MR:  159.57, H@1: 0.269, H@3: 0.392, H@10: 0.544 | 
[2026-03-29 13:42:43,032][root][INFO] - Epoch: 240 | Loss: 0.0013 | Val - MRR: 0.3621, MR:  157.66, H@1: 0.271, H@3: 0.395, H@10: 0.546 | Test - MRR: 0.3586 | *
[2026-03-29 13:45:52,762][root][INFO] - Epoch: 241 | Loss: 0.0013 | Val - MRR: 0.3624, MR:  157.42, H@1: 0.272, H@3: 0.394, H@10: 0.546 | Test - MRR: 0.3585 | *
[2026-03-29 13:48:45,913][root][INFO] - Epoch: 242 | Loss: 0.0014 | Val - MRR: 0.3611, MR:  162.81, H@1: 0.270, H@3: 0.394, H@10: 0.546 | 
[2026-03-29 13:51:39,161][root][INFO] - Epoch: 243 | Loss: 0.0013 | Val - MRR: 0.3617, MR:  158.49, H@1: 0.270, H@3: 0.394, H@10: 0.547 | 
[2026-03-29 13:54:33,286][root][INFO] - Epoch: 244 | Loss: 0.0014 | Val - MRR: 0.3610, MR:  161.90, H@1: 0.270, H@3: 0.392, H@10: 0.547 | 
[2026-03-29 13:57:27,558][root][INFO] - Epoch: 245 | Loss: 0.0013 | Val - MRR: 0.3620, MR:  159.51, H@1: 0.272, H@3: 0.395, H@10: 0.545 | 
[2026-03-29 14:00:21,306][root][INFO] - Epoch: 246 | Loss: 0.0013 | Val - MRR: 0.3606, MR:  161.78, H@1: 0.269, H@3: 0.394, H@10: 0.544 | 
[2026-03-29 14:03:14,388][root][INFO] - Epoch: 247 | Loss: 0.0013 | Val - MRR: 0.3620, MR:  160.97, H@1: 0.272, H@3: 0.395, H@10: 0.546 | 
[2026-03-29 14:06:06,358][root][INFO] - Epoch: 248 | Loss: 0.0014 | Val - MRR: 0.3607, MR:  157.96, H@1: 0.270, H@3: 0.393, H@10: 0.545 | 
[2026-03-29 14:09:00,393][root][INFO] - Epoch: 249 | Loss: 0.0013 | Val - MRR: 0.3611, MR:  160.95, H@1: 0.269, H@3: 0.396, H@10: 0.547 | 
[2026-03-29 14:11:53,624][root][INFO] - Epoch: 250 | Loss: 0.0013 | Val - MRR: 0.3612, MR:  160.87, H@1: 0.270, H@3: 0.393, H@10: 0.546 | 
[2026-03-29 14:14:46,474][root][INFO] - Epoch: 251 | Loss: 0.0013 | Val - MRR: 0.3622, MR:  157.96, H@1: 0.270, H@3: 0.396, H@10: 0.548 | 
[2026-03-29 14:17:40,240][root][INFO] - Epoch: 252 | Loss: 0.0013 | Val - MRR: 0.3616, MR:  160.52, H@1: 0.270, H@3: 0.396, H@10: 0.547 | 
[2026-03-29 14:20:33,518][root][INFO] - Epoch: 253 | Loss: 0.0013 | Val - MRR: 0.3614, MR:  160.42, H@1: 0.270, H@3: 0.393, H@10: 0.547 | 
[2026-03-29 14:23:27,276][root][INFO] - Epoch: 254 | Loss: 0.0013 | Val - MRR: 0.3623, MR:  158.37, H@1: 0.271, H@3: 0.394, H@10: 0.546 | 
[2026-03-29 14:26:37,414][root][INFO] - Epoch: 255 | Loss: 0.0013 | Val - MRR: 0.3615, MR:  157.79, H@1: 0.269, H@3: 0.395, H@10: 0.547 | Test - MRR: 0.3592 | *
[2026-03-29 14:29:31,079][root][INFO] - Epoch: 256 | Loss: 0.0013 | Val - MRR: 0.3608, MR:  160.41, H@1: 0.269, H@3: 0.394, H@10: 0.546 | 
[2026-03-29 14:32:38,653][root][INFO] - Epoch: 257 | Loss: 0.0013 | Val - MRR: 0.3620, MR:  158.11, H@1: 0.270, H@3: 0.395, H@10: 0.546 | Test - MRR: 0.3582 | *
[2026-03-29 14:35:32,427][root][INFO] - Epoch: 258 | Loss: 0.0013 | Val - MRR: 0.3618, MR:  160.00, H@1: 0.270, H@3: 0.395, H@10: 0.548 | 
[2026-03-29 14:38:42,009][root][INFO] - Epoch: 259 | Loss: 0.0013 | Val - MRR: 0.3620, MR:  158.06, H@1: 0.272, H@3: 0.394, H@10: 0.545 | Test - MRR: 0.3582 | *
[2026-03-29 14:41:35,490][root][INFO] - Epoch: 260 | Loss: 0.0013 | Val - MRR: 0.3607, MR:  161.01, H@1: 0.269, H@3: 0.393, H@10: 0.546 | 
[2026-03-29 14:44:27,018][root][INFO] - Epoch: 261 | Loss: 0.0013 | Val - MRR: 0.3608, MR:  157.10, H@1: 0.269, H@3: 0.394, H@10: 0.546 | 
[2026-03-29 14:47:35,958][root][INFO] - Epoch: 262 | Loss: 0.0013 | Val - MRR: 0.3620, MR:  158.87, H@1: 0.270, H@3: 0.396, H@10: 0.549 | Test - MRR: 0.3587 | *
[2026-03-29 14:50:28,932][root][INFO] - Epoch: 263 | Loss: 0.0013 | Val - MRR: 0.3613, MR:  160.38, H@1: 0.270, H@3: 0.395, H@10: 0.546 | 
[2026-03-29 14:53:21,992][root][INFO] - Epoch: 264 | Loss: 0.0013 | Val - MRR: 0.3619, MR:  161.21, H@1: 0.271, H@3: 0.396, H@10: 0.547 | 
[2026-03-29 14:56:14,957][root][INFO] - Epoch: 265 | Loss: 0.0013 | Val - MRR: 0.3619, MR:  161.31, H@1: 0.270, H@3: 0.394, H@10: 0.549 | 
[2026-03-29 14:59:26,258][root][INFO] - Epoch: 266 | Loss: 0.0013 | Val - MRR: 0.3635, MR:  160.51, H@1: 0.271, H@3: 0.397, H@10: 0.548 | Test - MRR: 0.3596 | *
[2026-03-29 15:02:20,340][root][INFO] - Epoch: 267 | Loss: 0.0013 | Val - MRR: 0.3616, MR:  160.17, H@1: 0.270, H@3: 0.396, H@10: 0.547 | 
[2026-03-29 15:05:13,680][root][INFO] - Epoch: 268 | Loss: 0.0013 | Val - MRR: 0.3624, MR:  158.05, H@1: 0.271, H@3: 0.395, H@10: 0.547 | 
[2026-03-29 15:08:06,916][root][INFO] - Epoch: 269 | Loss: 0.0013 | Val - MRR: 0.3617, MR:  157.66, H@1: 0.270, H@3: 0.395, H@10: 0.549 | 
[2026-03-29 15:10:59,783][root][INFO] - Epoch: 270 | Loss: 0.0013 | Val - MRR: 0.3618, MR:  160.76, H@1: 0.269, H@3: 0.395, H@10: 0.549 | 
[2026-03-29 15:13:53,077][root][INFO] - Epoch: 271 | Loss: 0.0013 | Val - MRR: 0.3622, MR:  161.05, H@1: 0.270, H@3: 0.397, H@10: 0.548 | 
[2026-03-29 15:16:46,177][root][INFO] - Epoch: 272 | Loss: 0.0013 | Val - MRR: 0.3628, MR:  158.96, H@1: 0.271, H@3: 0.396, H@10: 0.550 | 
[2026-03-29 15:19:39,740][root][INFO] - Epoch: 273 | Loss: 0.0013 | Val - MRR: 0.3620, MR:  158.32, H@1: 0.269, H@3: 0.397, H@10: 0.548 | 
[2026-03-29 15:22:32,922][root][INFO] - Epoch: 274 | Loss: 0.0013 | Val - MRR: 0.3605, MR:  160.63, H@1: 0.269, H@3: 0.393, H@10: 0.548 | 
[2026-03-29 15:25:43,829][root][INFO] - Epoch: 275 | Loss: 0.0013 | Val - MRR: 0.3619, MR:  161.03, H@1: 0.269, H@3: 0.396, H@10: 0.549 | Test - MRR: 0.3596 | *
[2026-03-29 15:28:35,473][root][INFO] - Epoch: 276 | Loss: 0.0013 | Val - MRR: 0.3609, MR:  160.03, H@1: 0.268, H@3: 0.394, H@10: 0.550 | 
[2026-03-29 15:31:45,021][root][INFO] - Epoch: 277 | Loss: 0.0013 | Val - MRR: 0.3619, MR:  158.47, H@1: 0.270, H@3: 0.394, H@10: 0.549 | Test - MRR: 0.3591 | *
[2026-03-29 15:34:39,212][root][INFO] - Epoch: 278 | Loss: 0.0013 | Val - MRR: 0.3604, MR:  162.81, H@1: 0.268, H@3: 0.394, H@10: 0.546 | 
[2026-03-29 15:37:49,355][root][INFO] - Epoch: 279 | Loss: 0.0013 | Val - MRR: 0.3636, MR:  162.63, H@1: 0.271, H@3: 0.396, H@10: 0.551 | Test - MRR: 0.3594 | *
[2026-03-29 15:40:43,110][root][INFO] - Epoch: 280 | Loss: 0.0013 | Val - MRR: 0.3616, MR:  161.01, H@1: 0.270, H@3: 0.394, H@10: 0.549 | 
[2026-03-29 15:43:36,576][root][INFO] - Epoch: 281 | Loss: 0.0013 | Val - MRR: 0.3613, MR:  158.17, H@1: 0.269, H@3: 0.394, H@10: 0.549 | 
[2026-03-29 15:46:29,834][root][INFO] - Epoch: 282 | Loss: 0.0013 | Val - MRR: 0.3619, MR:  163.59, H@1: 0.269, H@3: 0.396, H@10: 0.549 | 
[2026-03-29 15:49:21,972][root][INFO] - Epoch: 283 | Loss: 0.0013 | Val - MRR: 0.3610, MR:  164.03, H@1: 0.268, H@3: 0.395, H@10: 0.549 | 
[2026-03-29 15:52:16,035][root][INFO] - Epoch: 284 | Loss: 0.0013 | Val - MRR: 0.3617, MR:  161.73, H@1: 0.269, H@3: 0.395, H@10: 0.550 | 
[2026-03-29 15:55:09,341][root][INFO] - Epoch: 285 | Loss: 0.0013 | Val - MRR: 0.3621, MR:  161.18, H@1: 0.270, H@3: 0.396, H@10: 0.548 | 
[2026-03-29 15:58:02,402][root][INFO] - Epoch: 286 | Loss: 0.0013 | Val - MRR: 0.3610, MR:  160.92, H@1: 0.268, H@3: 0.396, H@10: 0.550 | 
[2026-03-29 16:01:11,411][root][INFO] - Epoch: 287 | Loss: 0.0013 | Val - MRR: 0.3626, MR:  162.81, H@1: 0.270, H@3: 0.397, H@10: 0.550 | Test - MRR: 0.3596 | *
[2026-03-29 16:04:05,053][root][INFO] - Epoch: 288 | Loss: 0.0013 | Val - MRR: 0.3615, MR:  162.84, H@1: 0.270, H@3: 0.394, H@10: 0.549 | 
[2026-03-29 16:06:56,780][root][INFO] - Epoch: 289 | Loss: 0.0013 | Val - MRR: 0.3616, MR:  162.37, H@1: 0.269, H@3: 0.395, H@10: 0.550 | 
[2026-03-29 16:09:49,594][root][INFO] - Epoch: 290 | Loss: 0.0013 | Val - MRR: 0.3617, MR:  160.67, H@1: 0.269, H@3: 0.396, H@10: 0.548 | 
[2026-03-29 16:12:42,633][root][INFO] - Epoch: 291 | Loss: 0.0013 | Val - MRR: 0.3619, MR:  159.43, H@1: 0.269, H@3: 0.396, H@10: 0.549 | 
[2026-03-29 16:15:36,070][root][INFO] - Epoch: 292 | Loss: 0.0013 | Val - MRR: 0.3616, MR:  163.23, H@1: 0.269, H@3: 0.395, H@10: 0.550 | 
[2026-03-29 16:18:29,178][root][INFO] - Epoch: 293 | Loss: 0.0013 | Val - MRR: 0.3624, MR:  164.18, H@1: 0.270, H@3: 0.398, H@10: 0.550 | 
[2026-03-29 16:21:22,076][root][INFO] - Epoch: 294 | Loss: 0.0013 | Val - MRR: 0.3616, MR:  164.72, H@1: 0.269, H@3: 0.396, H@10: 0.548 | 
[2026-03-29 16:24:14,500][root][INFO] - Epoch: 295 | Loss: 0.0013 | Val - MRR: 0.3618, MR:  162.91, H@1: 0.269, H@3: 0.397, H@10: 0.549 | 
[2026-03-29 16:27:25,071][root][INFO] - Epoch: 296 | Loss: 0.0013 | Val - MRR: 0.3636, MR:  163.22, H@1: 0.271, H@3: 0.398, H@10: 0.549 | Test - MRR: 0.3597 | *
[2026-03-29 16:30:18,585][root][INFO] - Epoch: 297 | Loss: 0.0013 | Val - MRR: 0.3623, MR:  161.91, H@1: 0.270, H@3: 0.397, H@10: 0.550 | 
[2026-03-29 16:33:11,174][root][INFO] - Epoch: 298 | Loss: 0.0013 | Val - MRR: 0.3618, MR:  162.82, H@1: 0.269, H@3: 0.396, H@10: 0.550 | 
[2026-03-29 16:36:05,705][root][INFO] - Epoch: 299 | Loss: 0.0013 | Val - MRR: 0.3634, MR:  163.91, H@1: 0.271, H@3: 0.397, H@10: 0.552 | 
[2026-03-29 16:38:58,188][root][INFO] - Epoch: 300 | Loss: 0.0013 | Val - MRR: 0.3619, MR:  164.61, H@1: 0.270, H@3: 0.394, H@10: 0.547 | 
[2026-03-29 16:41:51,069][root][INFO] - Epoch: 301 | Loss: 0.0013 | Val - MRR: 0.3615, MR:  165.98, H@1: 0.269, H@3: 0.396, H@10: 0.549 | 
[2026-03-29 16:44:44,580][root][INFO] - Epoch: 302 | Loss: 0.0013 | Val - MRR: 0.3627, MR:  162.17, H@1: 0.271, H@3: 0.395, H@10: 0.548 | 
[2026-03-29 16:47:55,861][root][INFO] - Epoch: 303 | Loss: 0.0013 | Val - MRR: 0.3649, MR:  161.23, H@1: 0.272, H@3: 0.399, H@10: 0.551 | Test - MRR: 0.3608 | *
[2026-03-29 16:50:48,609][root][INFO] - Epoch: 304 | Loss: 0.0013 | Val - MRR: 0.3634, MR:  162.82, H@1: 0.271, H@3: 0.398, H@10: 0.549 | 
[2026-03-29 16:53:41,360][root][INFO] - Epoch: 305 | Loss: 0.0013 | Val - MRR: 0.3633, MR:  167.68, H@1: 0.271, H@3: 0.397, H@10: 0.550 | 
[2026-03-29 16:56:36,493][root][INFO] - Epoch: 306 | Loss: 0.0013 | Val - MRR: 0.3639, MR:  162.22, H@1: 0.272, H@3: 0.396, H@10: 0.552 | 
[2026-03-29 16:59:29,483][root][INFO] - Epoch: 307 | Loss: 0.0013 | Val - MRR: 0.3632, MR:  163.21, H@1: 0.272, H@3: 0.396, H@10: 0.548 | 
[2026-03-29 17:02:22,455][root][INFO] - Epoch: 308 | Loss: 0.0013 | Val - MRR: 0.3632, MR:  163.94, H@1: 0.271, H@3: 0.396, H@10: 0.549 | 
[2026-03-29 17:05:16,531][root][INFO] - Epoch: 309 | Loss: 0.0013 | Val - MRR: 0.3636, MR:  161.94, H@1: 0.272, H@3: 0.396, H@10: 0.550 | 
[2026-03-29 17:08:09,274][root][INFO] - Epoch: 310 | Loss: 0.0013 | Val - MRR: 0.3618, MR:  164.48, H@1: 0.270, H@3: 0.394, H@10: 0.549 | 
[2026-03-29 17:11:03,291][root][INFO] - Epoch: 311 | Loss: 0.0013 | Val - MRR: 0.3623, MR:  163.74, H@1: 0.270, H@3: 0.395, H@10: 0.550 | 
[2026-03-29 17:13:55,074][root][INFO] - Epoch: 312 | Loss: 0.0013 | Val - MRR: 0.3622, MR:  162.72, H@1: 0.269, H@3: 0.396, H@10: 0.550 | 
[2026-03-29 17:16:48,806][root][INFO] - Epoch: 313 | Loss: 0.0013 | Val - MRR: 0.3624, MR:  166.15, H@1: 0.269, H@3: 0.397, H@10: 0.550 | 
[2026-03-29 17:19:43,343][root][INFO] - Epoch: 314 | Loss: 0.0013 | Val - MRR: 0.3626, MR:  165.47, H@1: 0.269, H@3: 0.397, H@10: 0.550 | 
[2026-03-29 17:22:37,725][root][INFO] - Epoch: 315 | Loss: 0.0013 | Val - MRR: 0.3624, MR:  164.28, H@1: 0.269, H@3: 0.398, H@10: 0.550 | 
[2026-03-29 17:25:30,798][root][INFO] - Epoch: 316 | Loss: 0.0013 | Val - MRR: 0.3620, MR:  164.00, H@1: 0.269, H@3: 0.398, H@10: 0.551 | 
[2026-03-29 17:28:24,670][root][INFO] - Epoch: 317 | Loss: 0.0013 | Val - MRR: 0.3622, MR:  164.61, H@1: 0.269, H@3: 0.398, H@10: 0.549 | 
[2026-03-29 17:31:17,886][root][INFO] - Epoch: 318 | Loss: 0.0013 | Val - MRR: 0.3630, MR:  165.60, H@1: 0.270, H@3: 0.398, H@10: 0.551 | 
[2026-03-29 17:34:12,206][root][INFO] - Epoch: 319 | Loss: 0.0013 | Val - MRR: 0.3645, MR:  163.71, H@1: 0.271, H@3: 0.400, H@10: 0.552 | 
[2026-03-29 17:37:06,175][root][INFO] - Epoch: 320 | Loss: 0.0013 | Val - MRR: 0.3633, MR:  164.49, H@1: 0.269, H@3: 0.400, H@10: 0.551 | 
[2026-03-29 17:39:59,336][root][INFO] - Epoch: 321 | Loss: 0.0013 | Val - MRR: 0.3635, MR:  164.31, H@1: 0.271, H@3: 0.398, H@10: 0.551 | 
[2026-03-29 17:42:52,825][root][INFO] - Epoch: 322 | Loss: 0.0013 | Val - MRR: 0.3636, MR:  165.99, H@1: 0.271, H@3: 0.398, H@10: 0.551 | 
[2026-03-29 17:45:45,528][root][INFO] - Epoch: 323 | Loss: 0.0013 | Val - MRR: 0.3643, MR:  168.76, H@1: 0.272, H@3: 0.399, H@10: 0.552 | 
[2026-03-29 17:48:40,634][root][INFO] - Epoch: 324 | Loss: 0.0013 | Val - MRR: 0.3635, MR:  165.57, H@1: 0.270, H@3: 0.399, H@10: 0.552 | 
[2026-03-29 17:51:34,133][root][INFO] - Epoch: 325 | Loss: 0.0013 | Val - MRR: 0.3631, MR:  163.33, H@1: 0.270, H@3: 0.398, H@10: 0.551 | 
[2026-03-29 17:54:26,565][root][INFO] - Epoch: 326 | Loss: 0.0013 | Val - MRR: 0.3632, MR:  163.63, H@1: 0.271, H@3: 0.398, H@10: 0.551 | 
[2026-03-29 17:57:21,198][root][INFO] - Epoch: 327 | Loss: 0.0013 | Val - MRR: 0.3648, MR:  163.35, H@1: 0.272, H@3: 0.400, H@10: 0.553 | 
[2026-03-29 18:00:14,361][root][INFO] - Epoch: 328 | Loss: 0.0013 | Val - MRR: 0.3641, MR:  162.64, H@1: 0.270, H@3: 0.399, H@10: 0.552 | 
[2026-03-29 18:03:07,728][root][INFO] - Epoch: 329 | Loss: 0.0013 | Val - MRR: 0.3624, MR:  166.78, H@1: 0.269, H@3: 0.398, H@10: 0.551 | 
[2026-03-29 18:06:01,921][root][INFO] - Epoch: 330 | Loss: 0.0013 | Val - MRR: 0.3641, MR:  164.89, H@1: 0.270, H@3: 0.399, H@10: 0.553 | 
[2026-03-29 18:08:53,553][root][INFO] - Epoch: 331 | Loss: 0.0013 | Val - MRR: 0.3644, MR:  164.71, H@1: 0.271, H@3: 0.399, H@10: 0.552 | 
[2026-03-29 18:11:46,310][root][INFO] - Epoch: 332 | Loss: 0.0013 | Val - MRR: 0.3641, MR:  165.73, H@1: 0.271, H@3: 0.398, H@10: 0.552 | 
[2026-03-29 18:14:44,030][root][INFO] - Epoch: 333 | Loss: 0.0013 | Val - MRR: 0.3638, MR:  166.29, H@1: 0.271, H@3: 0.398, H@10: 0.550 | 
[2026-03-29 18:17:38,921][root][INFO] - Epoch: 334 | Loss: 0.0013 | Val - MRR: 0.3635, MR:  166.42, H@1: 0.271, H@3: 0.396, H@10: 0.552 | 
[2026-03-29 18:20:33,105][root][INFO] - Epoch: 335 | Loss: 0.0013 | Val - MRR: 0.3635, MR:  170.46, H@1: 0.271, H@3: 0.397, H@10: 0.551 | 
[2026-03-29 18:23:26,704][root][INFO] - Epoch: 336 | Loss: 0.0013 | Val - MRR: 0.3630, MR:  164.68, H@1: 0.270, H@3: 0.398, H@10: 0.552 | 
[2026-03-29 18:26:36,129][root][INFO] - Epoch: 337 | Loss: 0.0013 | Val - MRR: 0.3649, MR:  166.48, H@1: 0.272, H@3: 0.400, H@10: 0.553 | Test - MRR: 0.3606 | *
[2026-03-29 18:29:48,323][root][INFO] - Epoch: 338 | Loss: 0.0013 | Val - MRR: 0.3650, MR:  168.11, H@1: 0.272, H@3: 0.400, H@10: 0.553 | Test - MRR: 0.3613 | *
[2026-03-29 18:33:01,581][root][INFO] - Epoch: 339 | Loss: 0.0013 | Val - MRR: 0.3654, MR:  166.19, H@1: 0.273, H@3: 0.399, H@10: 0.552 | Test - MRR: 0.3607 | *
[2026-03-29 18:35:56,152][root][INFO] - Epoch: 340 | Loss: 0.0013 | Val - MRR: 0.3650, MR:  167.27, H@1: 0.272, H@3: 0.399, H@10: 0.553 | 
[2026-03-29 18:39:05,697][root][INFO] - Epoch: 341 | Loss: 0.0013 | Val - MRR: 0.3659, MR:  167.23, H@1: 0.273, H@3: 0.400, H@10: 0.555 | Test - MRR: 0.3608 | *
[2026-03-29 18:41:59,624][root][INFO] - Epoch: 342 | Loss: 0.0013 | Val - MRR: 0.3652, MR:  166.39, H@1: 0.272, H@3: 0.398, H@10: 0.552 | 
[2026-03-29 18:44:53,425][root][INFO] - Epoch: 343 | Loss: 0.0013 | Val - MRR: 0.3645, MR:  165.18, H@1: 0.272, H@3: 0.399, H@10: 0.552 | 
[2026-03-29 18:47:47,349][root][INFO] - Epoch: 344 | Loss: 0.0013 | Val - MRR: 0.3639, MR:  166.18, H@1: 0.271, H@3: 0.398, H@10: 0.552 | 
[2026-03-29 18:50:41,727][root][INFO] - Epoch: 345 | Loss: 0.0013 | Val - MRR: 0.3636, MR:  164.52, H@1: 0.271, H@3: 0.398, H@10: 0.551 | 
[2026-03-29 18:53:34,458][root][INFO] - Epoch: 346 | Loss: 0.0013 | Val - MRR: 0.3646, MR:  167.88, H@1: 0.272, H@3: 0.398, H@10: 0.552 | 
[2026-03-29 18:56:29,394][root][INFO] - Epoch: 347 | Loss: 0.0013 | Val - MRR: 0.3640, MR:  169.17, H@1: 0.271, H@3: 0.399, H@10: 0.553 | 
[2026-03-29 18:59:23,755][root][INFO] - Epoch: 348 | Loss: 0.0013 | Val - MRR: 0.3628, MR:  168.92, H@1: 0.270, H@3: 0.396, H@10: 0.552 | 
[2026-03-29 19:02:18,768][root][INFO] - Epoch: 349 | Loss: 0.0013 | Val - MRR: 0.3629, MR:  165.90, H@1: 0.269, H@3: 0.397, H@10: 0.550 | 
[2026-03-29 19:05:14,170][root][INFO] - Epoch: 350 | Loss: 0.0013 | Val - MRR: 0.3638, MR:  166.17, H@1: 0.271, H@3: 0.397, H@10: 0.551 | 
[2026-03-29 19:08:09,883][root][INFO] - Epoch: 351 | Loss: 0.0013 | Val - MRR: 0.3634, MR:  167.87, H@1: 0.270, H@3: 0.398, H@10: 0.551 | 
[2026-03-29 19:11:04,377][root][INFO] - Epoch: 352 | Loss: 0.0013 | Val - MRR: 0.3638, MR:  167.13, H@1: 0.271, H@3: 0.398, H@10: 0.550 | 
[2026-03-29 19:13:58,031][root][INFO] - Epoch: 353 | Loss: 0.0013 | Val - MRR: 0.3637, MR:  163.51, H@1: 0.271, H@3: 0.397, H@10: 0.551 | 
[2026-03-29 19:16:53,017][root][INFO] - Epoch: 354 | Loss: 0.0013 | Val - MRR: 0.3645, MR:  166.26, H@1: 0.272, H@3: 0.399, H@10: 0.550 | 
[2026-03-29 19:19:48,572][root][INFO] - Epoch: 355 | Loss: 0.0013 | Val - MRR: 0.3630, MR:  166.88, H@1: 0.270, H@3: 0.397, H@10: 0.549 | 
[2026-03-29 19:22:42,842][root][INFO] - Epoch: 356 | Loss: 0.0013 | Val - MRR: 0.3649, MR:  166.76, H@1: 0.272, H@3: 0.399, H@10: 0.553 | 
[2026-03-29 19:25:37,221][root][INFO] - Epoch: 357 | Loss: 0.0013 | Val - MRR: 0.3629, MR:  165.73, H@1: 0.270, H@3: 0.397, H@10: 0.550 | 
[2026-03-29 19:28:32,510][root][INFO] - Epoch: 358 | Loss: 0.0013 | Val - MRR: 0.3635, MR:  167.97, H@1: 0.270, H@3: 0.397, H@10: 0.551 | 
[2026-03-29 19:31:25,954][root][INFO] - Epoch: 359 | Loss: 0.0013 | Val - MRR: 0.3643, MR:  170.99, H@1: 0.271, H@3: 0.399, H@10: 0.552 | 
[2026-03-29 19:34:19,543][root][INFO] - Epoch: 360 | Loss: 0.0013 | Val - MRR: 0.3641, MR:  164.18, H@1: 0.272, H@3: 0.397, H@10: 0.551 | 
[2026-03-29 19:37:13,486][root][INFO] - Epoch: 361 | Loss: 0.0013 | Val - MRR: 0.3651, MR:  165.85, H@1: 0.273, H@3: 0.399, H@10: 0.553 | 
[2026-03-29 19:40:09,034][root][INFO] - Epoch: 362 | Loss: 0.0013 | Val - MRR: 0.3633, MR:  170.58, H@1: 0.272, H@3: 0.397, H@10: 0.549 | 
[2026-03-29 19:43:02,270][root][INFO] - Epoch: 363 | Loss: 0.0013 | Val - MRR: 0.3634, MR:  168.25, H@1: 0.271, H@3: 0.396, H@10: 0.550 | 
[2026-03-29 19:45:55,517][root][INFO] - Epoch: 364 | Loss: 0.0013 | Val - MRR: 0.3636, MR:  164.74, H@1: 0.271, H@3: 0.398, H@10: 0.552 | 
[2026-03-29 19:48:49,405][root][INFO] - Epoch: 365 | Loss: 0.0013 | Val - MRR: 0.3639, MR:  167.32, H@1: 0.272, H@3: 0.398, H@10: 0.551 | 
[2026-03-29 19:51:42,128][root][INFO] - Epoch: 366 | Loss: 0.0013 | Val - MRR: 0.3649, MR:  166.75, H@1: 0.272, H@3: 0.400, H@10: 0.552 | 
[2026-03-29 19:54:35,384][root][INFO] - Epoch: 367 | Loss: 0.0013 | Val - MRR: 0.3652, MR:  168.78, H@1: 0.273, H@3: 0.398, H@10: 0.552 | 
[2026-03-29 19:57:29,911][root][INFO] - Epoch: 368 | Loss: 0.0013 | Val - MRR: 0.3638, MR:  172.01, H@1: 0.271, H@3: 0.397, H@10: 0.552 | 
[2026-03-29 20:00:23,869][root][INFO] - Epoch: 369 | Loss: 0.0013 | Val - MRR: 0.3647, MR:  168.36, H@1: 0.272, H@3: 0.399, H@10: 0.551 | 
[2026-03-29 20:03:18,723][root][INFO] - Epoch: 370 | Loss: 0.0013 | Val - MRR: 0.3647, MR:  168.29, H@1: 0.273, H@3: 0.398, H@10: 0.551 | 
[2026-03-29 20:06:14,130][root][INFO] - Epoch: 371 | Loss: 0.0013 | Val - MRR: 0.3630, MR:  169.23, H@1: 0.270, H@3: 0.396, H@10: 0.551 | 
[2026-03-29 20:09:08,157][root][INFO] - Epoch: 372 | Loss: 0.0013 | Val - MRR: 0.3645, MR:  165.38, H@1: 0.272, H@3: 0.398, H@10: 0.553 | 
[2026-03-29 20:12:01,997][root][INFO] - Epoch: 373 | Loss: 0.0013 | Val - MRR: 0.3646, MR:  165.16, H@1: 0.272, H@3: 0.399, H@10: 0.552 | 
[2026-03-29 20:14:55,223][root][INFO] - Epoch: 374 | Loss: 0.0013 | Val - MRR: 0.3640, MR:  170.24, H@1: 0.271, H@3: 0.399, H@10: 0.552 | 
[2026-03-29 20:17:51,593][root][INFO] - Epoch: 375 | Loss: 0.0013 | Val - MRR: 0.3652, MR:  170.12, H@1: 0.272, H@3: 0.400, H@10: 0.553 | 
[2026-03-29 20:20:44,744][root][INFO] - Epoch: 376 | Loss: 0.0013 | Val - MRR: 0.3643, MR:  170.12, H@1: 0.271, H@3: 0.399, H@10: 0.552 | 
[2026-03-29 20:23:38,151][root][INFO] - Epoch: 377 | Loss: 0.0013 | Val - MRR: 0.3647, MR:  168.37, H@1: 0.272, H@3: 0.399, H@10: 0.552 | 
[2026-03-29 20:23:38,152][root][INFO] - Long time no improvenment, stop training...
[2026-03-29 20:23:38,152][root][INFO] - Training end...
[2026-03-29 20:23:38,541][root][INFO] - ✅ 成功加载最优模型：/home/wangwei/DSGNet-main/DSGNet/model_checkpoints/best_model_FB15k_237_20260329_182930.torch
[2026-03-29 20:23:38,541][root][INFO] - 📌 最优模型来自Epoch：338，最优MRR：0.3613
[2026-03-29 20:23:38,541][root][INFO] - Train metrics ...
[2026-03-29 20:24:43,404][root][INFO] - Train (head) - MRR: 0.6714, MR:    8.55, H@1: 0.556, H@3: 0.751, H@10: 0.877
[2026-03-29 20:24:43,404][root][INFO] - Train (tail) - MRR: 0.7539, MR:    4.90, H@1: 0.653, H@3: 0.829, H@10: 0.929
[2026-03-29 20:24:43,404][root][INFO] - Train (avg) - MRR: 0.7127, MR:    6.73, H@1: 0.605, H@3: 0.790, H@10: 0.903

[2026-03-29 20:24:43,404][root][INFO] - Valid metrics ...
[2026-03-29 20:24:59,232][root][INFO] - Valid (head) - MRR: 0.2664, MR:  220.16, H@1: 0.174, H@3: 0.294, H@10: 0.452
[2026-03-29 20:24:59,233][root][INFO] - Valid (tail) - MRR: 0.4635, MR:  116.05, H@1: 0.369, H@3: 0.505, H@10: 0.655
[2026-03-29 20:24:59,233][root][INFO] - Valid (avg) - MRR: 0.3650, MR:  168.11, H@1: 0.272, H@3: 0.400, H@10: 0.553

[2026-03-29 20:24:59,233][root][INFO] - Test metrics...
[2026-03-29 20:25:17,208][root][INFO] - Test (head) - MRR: 0.2646, MR:  218.27, H@1: 0.174, H@3: 0.294, H@10: 0.445
[2026-03-29 20:25:17,209][root][INFO] - Test (tail) - MRR: 0.4579, MR:  133.86, H@1: 0.361, H@3: 0.504, H@10: 0.648
[2026-03-29 20:25:17,209][root][INFO] - Test (avg) - MRR: 0.3613, MR:  176.06, H@1: 0.267, H@3: 0.399, H@10: 0.547

[2026-03-29 20:25:17,209][root][INFO] - Model save path: /home/wangwei/DSGNet-main/DSGNet/data/output/FB15k_237/2026-03-29/00-44-25
