[2026-03-18 22:41:05,110][root][INFO] - 
------Config------
 {'dataset': 'WN18RR', 'epoch': 800, 'batch_size': 256, 'learning_rate': 0.0015, 'h_dim': 200, 'pred_rel_w': True, 'label_smooth': 0.1, 'n_heads': 4, 'topk': 5, 'kg_layer': 1, 'rm_rate': 0.4, 'ent_drop': 0.4, 'rel_drop': 0.3, 'attn_drop': 0.3, 'comp_op': 'mul', 'bn': True, 'k_h': 10, 'k_w': 20, 'ent_drop_pred': 0.3, 'conv_drop': 0.1, 'fc_drop': 0.4, 'ker_sz': 7, 'out_channel': 250, 'device': 1, 'max_no_improve': 45, 'cpu_worker_num': 10, 'warmup_epoch': 5}
[2026-03-18 22:41:05,110][root][INFO] - Code dir path: /home/wangwei/DSGNet-main/DSGNet/code_new
[2026-03-18 22:41:05,111][root][INFO] - Config dir path: /home/wangwei/DSGNet-main/DSGNet/config
[2026-03-18 22:41:05,111][root][INFO] - Model save path: /home/wangwei/DSGNet-main/DSGNet/data/output/WN18RR/2026-03-18/22-41-05
[2026-03-18 22:41:07,767][root][INFO] - kg # node: 40943
[2026-03-18 22:41:07,768][root][INFO] - kg # edge: 173670
[2026-03-18 22:41:07,768][root][INFO] - kg # zero deg node: 384
[2026-03-18 22:41:07,768][root][INFO] - ---Load Train Data---
[2026-03-18 22:41:08,882][root][INFO] - -----Model Parameter Configuration-----
[2026-03-18 22:41:08,882][root][INFO] - Parameter ent_emb: torch.Size([40943, 200]), require_grad = True
[2026-03-18 22:41:08,882][root][INFO] - Parameter rel_w: torch.Size([200, 200]), require_grad = True
[2026-03-18 22:41:08,882][root][INFO] - Parameter W_fuse: torch.Size([200, 200]), require_grad = True
[2026-03-18 22:41:08,882][root][INFO] - Parameter a_fuse: torch.Size([400, 1]), require_grad = True
[2026-03-18 22:41:08,882][root][INFO] - Parameter rel_embs.0: torch.Size([22, 200]), require_grad = True
[2026-03-18 22:41:08,882][root][INFO] - Parameter predictor.bn0.weight: torch.Size([1]), require_grad = True
[2026-03-18 22:41:08,882][root][INFO] - Parameter predictor.bn0.bias: torch.Size([1]), require_grad = True
[2026-03-18 22:41:08,883][root][INFO] - Parameter predictor.bn1.weight: torch.Size([250]), require_grad = True
[2026-03-18 22:41:08,883][root][INFO] - Parameter predictor.bn1.bias: torch.Size([250]), require_grad = True
[2026-03-18 22:41:08,883][root][INFO] - Parameter predictor.bn2.weight: torch.Size([200]), require_grad = True
[2026-03-18 22:41:08,883][root][INFO] - Parameter predictor.bn2.bias: torch.Size([200]), require_grad = True
[2026-03-18 22:41:08,883][root][INFO] - Parameter predictor.conv.weight: torch.Size([250, 1, 7, 7]), require_grad = True
[2026-03-18 22:41:08,883][root][INFO] - Parameter predictor.fc.weight: torch.Size([200, 49000]), require_grad = True
[2026-03-18 22:41:08,883][root][INFO] - Parameter L.weight: torch.Size([200, 200]), require_grad = True
[2026-03-18 22:41:08,883][root][INFO] - Parameter L.bias: torch.Size([200]), require_grad = True
[2026-03-18 22:41:08,883][root][INFO] - Parameter S.weight: torch.Size([200, 200]), require_grad = True
[2026-03-18 22:41:08,883][root][INFO] - Parameter S.bias: torch.Size([200]), require_grad = True
[2026-03-18 22:41:08,883][root][INFO] - Parameter comp_layers.0.W: torch.Size([200, 200]), require_grad = True
[2026-03-18 22:41:08,883][root][INFO] - Parameter comp_layers.0.W_r: torch.Size([200, 200]), require_grad = True
[2026-03-18 22:41:08,883][root][INFO] - Parameter comp_layers.0.a: torch.Size([600, 1]), require_grad = True
[2026-03-18 22:41:08,883][root][INFO] - Parameter comp_layers.0.neigh_w: torch.Size([200, 200]), require_grad = True
[2026-03-18 22:41:08,883][root][INFO] - Parameter comp_layers.0.bn.weight: torch.Size([200]), require_grad = True
[2026-03-18 22:41:08,883][root][INFO] - Parameter comp_layers.0.bn.bias: torch.Size([200]), require_grad = True
[2026-03-18 22:41:08,883][root][INFO] - Parameter comp_layers.0.rel_bias.weight: torch.Size([200, 1]), require_grad = True
[2026-03-18 22:41:09,788][root][INFO] - Training... total epoch: 800, step: 324000
[2026-03-18 22:42:19,549][root][INFO] - Epoch:   0 | Loss: 1.9734 | Val - MRR: 0.0002, MR: 18377.10, H@1: 0.000, H@3: 0.000, H@10: 0.000 | Test - MRR: 0.0003 | *
[2026-03-18 22:43:29,732][root][INFO] - Epoch:   1 | Loss: 0.0183 | Val - MRR: 0.0002, MR: 18398.85, H@1: 0.000, H@3: 0.000, H@10: 0.000 | Test - MRR: 0.0003 | *
[2026-03-18 22:44:40,645][root][INFO] - Epoch:   2 | Loss: 0.0040 | Val - MRR: 0.0003, MR: 18075.62, H@1: 0.000, H@3: 0.000, H@10: 0.000 | Test - MRR: 0.0004 | *
[2026-03-18 22:45:43,060][root][INFO] - Epoch:   3 | Loss: 0.0024 | Val - MRR: 0.0003, MR: 18332.30, H@1: 0.000, H@3: 0.000, H@10: 0.000 | 
[2026-03-18 22:46:53,578][root][INFO] - Epoch:   4 | Loss: 0.0019 | Val - MRR: 0.0004, MR: 17181.07, H@1: 0.000, H@3: 0.000, H@10: 0.000 | Test - MRR: 0.0007 | *
[2026-03-18 22:48:03,588][root][INFO] - Epoch:   5 | Loss: 0.0016 | Val - MRR: 0.0005, MR: 16681.46, H@1: 0.000, H@3: 0.000, H@10: 0.001 | Test - MRR: 0.0007 | *
[2026-03-18 22:49:05,803][root][INFO] - Epoch:   6 | Loss: 0.0015 | Val - MRR: 0.0004, MR: 16541.75, H@1: 0.000, H@3: 0.000, H@10: 0.000 | 
[2026-03-18 22:50:15,149][root][INFO] - Epoch:   7 | Loss: 0.0015 | Val - MRR: 0.0009, MR: 16560.60, H@1: 0.000, H@3: 0.001, H@10: 0.001 | Test - MRR: 0.0013 | *
[2026-03-18 22:51:26,946][root][INFO] - Epoch:   8 | Loss: 0.0014 | Val - MRR: 0.0012, MR: 15866.48, H@1: 0.000, H@3: 0.001, H@10: 0.003 | Test - MRR: 0.0015 | *
[2026-03-18 22:52:36,267][root][INFO] - Epoch:   9 | Loss: 0.0014 | Val - MRR: 0.0021, MR: 16460.33, H@1: 0.000, H@3: 0.002, H@10: 0.006 | Test - MRR: 0.0023 | *
[2026-03-18 22:53:38,636][root][INFO] - Epoch:  10 | Loss: 0.0013 | Val - MRR: 0.0014, MR: 15500.82, H@1: 0.000, H@3: 0.000, H@10: 0.005 | 
[2026-03-18 22:54:47,809][root][INFO] - Epoch:  11 | Loss: 0.0013 | Val - MRR: 0.0026, MR: 15144.38, H@1: 0.001, H@3: 0.001, H@10: 0.005 | Test - MRR: 0.0024 | *
[2026-03-18 22:55:49,779][root][INFO] - Epoch:  12 | Loss: 0.0013 | Val - MRR: 0.0021, MR: 14097.35, H@1: 0.000, H@3: 0.000, H@10: 0.006 | 
[2026-03-18 22:56:59,430][root][INFO] - Epoch:  13 | Loss: 0.0013 | Val - MRR: 0.0036, MR: 14788.03, H@1: 0.001, H@3: 0.003, H@10: 0.008 | Test - MRR: 0.0046 | *
[2026-03-18 22:58:01,822][root][INFO] - Epoch:  14 | Loss: 0.0012 | Val - MRR: 0.0026, MR: 14635.16, H@1: 0.000, H@3: 0.001, H@10: 0.007 | 
[2026-03-18 22:59:04,614][root][INFO] - Epoch:  15 | Loss: 0.0012 | Val - MRR: 0.0029, MR: 13809.14, H@1: 0.000, H@3: 0.002, H@10: 0.006 | 
[2026-03-18 23:00:13,854][root][INFO] - Epoch:  16 | Loss: 0.0012 | Val - MRR: 0.0048, MR: 13012.64, H@1: 0.002, H@3: 0.004, H@10: 0.010 | Test - MRR: 0.0053 | *
[2026-03-18 23:01:16,305][root][INFO] - Epoch:  17 | Loss: 0.0012 | Val - MRR: 0.0035, MR: 13554.95, H@1: 0.001, H@3: 0.003, H@10: 0.007 | 
[2026-03-18 23:02:25,268][root][INFO] - Epoch:  18 | Loss: 0.0011 | Val - MRR: 0.0049, MR: 13698.70, H@1: 0.002, H@3: 0.003, H@10: 0.008 | Test - MRR: 0.0054 | *
[2026-03-18 23:03:27,228][root][INFO] - Epoch:  19 | Loss: 0.0011 | Val - MRR: 0.0043, MR: 12978.83, H@1: 0.002, H@3: 0.003, H@10: 0.006 | 
[2026-03-18 23:04:29,435][root][INFO] - Epoch:  20 | Loss: 0.0011 | Val - MRR: 0.0037, MR: 12622.54, H@1: 0.001, H@3: 0.003, H@10: 0.008 | 
[2026-03-18 23:05:32,496][root][INFO] - Epoch:  21 | Loss: 0.0011 | Val - MRR: 0.0035, MR: 13597.25, H@1: 0.002, H@3: 0.002, H@10: 0.004 | 
[2026-03-18 23:06:34,528][root][INFO] - Epoch:  22 | Loss: 0.0011 | Val - MRR: 0.0038, MR: 12737.91, H@1: 0.002, H@3: 0.003, H@10: 0.005 | 
[2026-03-18 23:07:36,570][root][INFO] - Epoch:  23 | Loss: 0.0010 | Val - MRR: 0.0035, MR: 13093.28, H@1: 0.002, H@3: 0.003, H@10: 0.004 | 
[2026-03-18 23:08:38,725][root][INFO] - Epoch:  24 | Loss: 0.0010 | Val - MRR: 0.0044, MR: 12140.76, H@1: 0.001, H@3: 0.004, H@10: 0.008 | 
[2026-03-18 23:09:48,293][root][INFO] - Epoch:  25 | Loss: 0.0010 | Val - MRR: 0.0055, MR: 11451.34, H@1: 0.002, H@3: 0.004, H@10: 0.010 | Test - MRR: 0.0058 | *
[2026-03-18 23:10:58,490][root][INFO] - Epoch:  26 | Loss: 0.0010 | Val - MRR: 0.0073, MR: 11081.61, H@1: 0.003, H@3: 0.007, H@10: 0.011 | Test - MRR: 0.0070 | *
[2026-03-18 23:12:00,405][root][INFO] - Epoch:  27 | Loss: 0.0009 | Val - MRR: 0.0069, MR: 12081.98, H@1: 0.004, H@3: 0.006, H@10: 0.010 | 
[2026-03-18 23:13:03,356][root][INFO] - Epoch:  28 | Loss: 0.0009 | Val - MRR: 0.0073, MR: 11492.06, H@1: 0.002, H@3: 0.007, H@10: 0.014 | 
[2026-03-18 23:14:12,497][root][INFO] - Epoch:  29 | Loss: 0.0009 | Val - MRR: 0.0079, MR: 11486.65, H@1: 0.003, H@3: 0.005, H@10: 0.016 | Test - MRR: 0.0086 | *
[2026-03-18 23:15:15,578][root][INFO] - Epoch:  30 | Loss: 0.0009 | Val - MRR: 0.0060, MR: 11109.10, H@1: 0.002, H@3: 0.004, H@10: 0.011 | 
[2026-03-18 23:16:24,917][root][INFO] - Epoch:  31 | Loss: 0.0009 | Val - MRR: 0.0102, MR: 10627.99, H@1: 0.003, H@3: 0.009, H@10: 0.024 | Test - MRR: 0.0107 | *
[2026-03-18 23:17:26,627][root][INFO] - Epoch:  32 | Loss: 0.0008 | Val - MRR: 0.0091, MR: 11121.61, H@1: 0.003, H@3: 0.008, H@10: 0.018 | 
[2026-03-18 23:18:28,209][root][INFO] - Epoch:  33 | Loss: 0.0008 | Val - MRR: 0.0097, MR: 11410.13, H@1: 0.004, H@3: 0.010, H@10: 0.020 | 
[2026-03-18 23:19:30,783][root][INFO] - Epoch:  34 | Loss: 0.0008 | Val - MRR: 0.0102, MR: 11340.14, H@1: 0.004, H@3: 0.008, H@10: 0.021 | 
[2026-03-18 23:20:33,429][root][INFO] - Epoch:  35 | Loss: 0.0008 | Val - MRR: 0.0090, MR: 11318.66, H@1: 0.002, H@3: 0.009, H@10: 0.018 | 
[2026-03-18 23:21:41,975][root][INFO] - Epoch:  36 | Loss: 0.0007 | Val - MRR: 0.0171, MR: 10164.91, H@1: 0.008, H@3: 0.017, H@10: 0.033 | Test - MRR: 0.0173 | *
[2026-03-18 23:22:44,603][root][INFO] - Epoch:  37 | Loss: 0.0007 | Val - MRR: 0.0163, MR: 10338.79, H@1: 0.008, H@3: 0.015, H@10: 0.031 | 
[2026-03-18 23:23:46,758][root][INFO] - Epoch:  38 | Loss: 0.0007 | Val - MRR: 0.0077, MR: 11361.48, H@1: 0.001, H@3: 0.004, H@10: 0.021 | 
[2026-03-18 23:24:48,462][root][INFO] - Epoch:  39 | Loss: 0.0007 | Val - MRR: 0.0149, MR: 9795.55, H@1: 0.004, H@3: 0.014, H@10: 0.033 | 
[2026-03-18 23:25:50,261][root][INFO] - Epoch:  40 | Loss: 0.0007 | Val - MRR: 0.0168, MR: 9693.35, H@1: 0.005, H@3: 0.016, H@10: 0.040 | 
[2026-03-18 23:26:59,536][root][INFO] - Epoch:  41 | Loss: 0.0007 | Val - MRR: 0.0231, MR: 9275.44, H@1: 0.010, H@3: 0.022, H@10: 0.044 | Test - MRR: 0.0233 | *
[2026-03-18 23:28:01,720][root][INFO] - Epoch:  42 | Loss: 0.0007 | Val - MRR: 0.0215, MR: 8783.60, H@1: 0.009, H@3: 0.019, H@10: 0.042 | 
[2026-03-18 23:29:10,088][root][INFO] - Epoch:  43 | Loss: 0.0007 | Val - MRR: 0.0243, MR: 8867.65, H@1: 0.010, H@3: 0.025, H@10: 0.047 | Test - MRR: 0.0249 | *
[2026-03-18 23:30:11,696][root][INFO] - Epoch:  44 | Loss: 0.0007 | Val - MRR: 0.0233, MR: 8827.23, H@1: 0.009, H@3: 0.023, H@10: 0.048 | 
[2026-03-18 23:31:20,703][root][INFO] - Epoch:  45 | Loss: 0.0007 | Val - MRR: 0.0279, MR: 9254.35, H@1: 0.015, H@3: 0.027, H@10: 0.050 | Test - MRR: 0.0285 | *
[2026-03-18 23:32:29,418][root][INFO] - Epoch:  46 | Loss: 0.0007 | Val - MRR: 0.0343, MR: 7479.56, H@1: 0.016, H@3: 0.035, H@10: 0.071 | Test - MRR: 0.0341 | *
[2026-03-18 23:33:38,442][root][INFO] - Epoch:  47 | Loss: 0.0007 | Val - MRR: 0.0345, MR: 7710.50, H@1: 0.016, H@3: 0.033, H@10: 0.067 | Test - MRR: 0.0331 | *
[2026-03-18 23:34:48,267][root][INFO] - Epoch:  48 | Loss: 0.0007 | Val - MRR: 0.0361, MR: 7354.59, H@1: 0.015, H@3: 0.036, H@10: 0.075 | Test - MRR: 0.0342 | *
[2026-03-18 23:35:57,767][root][INFO] - Epoch:  49 | Loss: 0.0007 | Val - MRR: 0.0444, MR: 6817.49, H@1: 0.022, H@3: 0.040, H@10: 0.089 | Test - MRR: 0.0438 | *
[2026-03-18 23:37:07,498][root][INFO] - Epoch:  50 | Loss: 0.0007 | Val - MRR: 0.0475, MR: 6765.96, H@1: 0.021, H@3: 0.050, H@10: 0.094 | Test - MRR: 0.0472 | *
[2026-03-18 23:38:17,117][root][INFO] - Epoch:  51 | Loss: 0.0006 | Val - MRR: 0.0506, MR: 6260.67, H@1: 0.024, H@3: 0.050, H@10: 0.103 | Test - MRR: 0.0499 | *
[2026-03-18 23:39:19,874][root][INFO] - Epoch:  52 | Loss: 0.0006 | Val - MRR: 0.0506, MR: 5948.37, H@1: 0.024, H@3: 0.049, H@10: 0.104 | 
[2026-03-18 23:40:28,551][root][INFO] - Epoch:  53 | Loss: 0.0006 | Val - MRR: 0.0623, MR: 5684.27, H@1: 0.031, H@3: 0.063, H@10: 0.122 | Test - MRR: 0.0603 | *
[2026-03-18 23:41:29,945][root][INFO] - Epoch:  54 | Loss: 0.0006 | Val - MRR: 0.0581, MR: 6028.44, H@1: 0.027, H@3: 0.061, H@10: 0.117 | 
[2026-03-18 23:42:39,467][root][INFO] - Epoch:  55 | Loss: 0.0006 | Val - MRR: 0.0828, MR: 5571.05, H@1: 0.046, H@3: 0.086, H@10: 0.157 | Test - MRR: 0.0785 | *
[2026-03-18 23:43:48,958][root][INFO] - Epoch:  56 | Loss: 0.0006 | Val - MRR: 0.0966, MR: 5198.84, H@1: 0.057, H@3: 0.104, H@10: 0.178 | Test - MRR: 0.0907 | *
[2026-03-18 23:44:51,620][root][INFO] - Epoch:  57 | Loss: 0.0006 | Val - MRR: 0.0856, MR: 5154.31, H@1: 0.046, H@3: 0.091, H@10: 0.166 | 
[2026-03-18 23:46:01,392][root][INFO] - Epoch:  58 | Loss: 0.0006 | Val - MRR: 0.1121, MR: 4929.78, H@1: 0.065, H@3: 0.122, H@10: 0.207 | Test - MRR: 0.1074 | *
[2026-03-18 23:47:11,262][root][INFO] - Epoch:  59 | Loss: 0.0006 | Val - MRR: 0.1154, MR: 4682.17, H@1: 0.066, H@3: 0.130, H@10: 0.213 | Test - MRR: 0.1095 | *
[2026-03-18 23:48:20,083][root][INFO] - Epoch:  60 | Loss: 0.0006 | Val - MRR: 0.1304, MR: 4583.60, H@1: 0.081, H@3: 0.144, H@10: 0.229 | Test - MRR: 0.1213 | *
[2026-03-18 23:49:23,657][root][INFO] - Epoch:  61 | Loss: 0.0006 | Val - MRR: 0.1293, MR: 4255.16, H@1: 0.077, H@3: 0.143, H@10: 0.232 | 
[2026-03-18 23:50:32,200][root][INFO] - Epoch:  62 | Loss: 0.0006 | Val - MRR: 0.1419, MR: 4239.69, H@1: 0.085, H@3: 0.159, H@10: 0.254 | Test - MRR: 0.1373 | *
[2026-03-18 23:51:41,575][root][INFO] - Epoch:  63 | Loss: 0.0006 | Val - MRR: 0.1544, MR: 3961.34, H@1: 0.097, H@3: 0.176, H@10: 0.264 | Test - MRR: 0.1501 | *
[2026-03-18 23:52:44,624][root][INFO] - Epoch:  64 | Loss: 0.0006 | Val - MRR: 0.1504, MR: 4029.52, H@1: 0.094, H@3: 0.170, H@10: 0.264 | 
[2026-03-18 23:53:53,406][root][INFO] - Epoch:  65 | Loss: 0.0006 | Val - MRR: 0.1641, MR: 3901.08, H@1: 0.107, H@3: 0.182, H@10: 0.277 | Test - MRR: 0.1616 | *
[2026-03-18 23:55:03,175][root][INFO] - Epoch:  66 | Loss: 0.0006 | Val - MRR: 0.1734, MR: 3831.47, H@1: 0.115, H@3: 0.192, H@10: 0.289 | Test - MRR: 0.1677 | *
[2026-03-18 23:56:11,820][root][INFO] - Epoch:  67 | Loss: 0.0006 | Val - MRR: 0.1826, MR: 3527.90, H@1: 0.122, H@3: 0.205, H@10: 0.303 | Test - MRR: 0.1755 | *
[2026-03-18 23:57:20,704][root][INFO] - Epoch:  68 | Loss: 0.0006 | Val - MRR: 0.1941, MR: 3653.77, H@1: 0.128, H@3: 0.221, H@10: 0.321 | Test - MRR: 0.1871 | *
[2026-03-18 23:58:29,430][root][INFO] - Epoch:  69 | Loss: 0.0006 | Val - MRR: 0.2047, MR: 3574.51, H@1: 0.140, H@3: 0.227, H@10: 0.331 | Test - MRR: 0.2002 | *
[2026-03-18 23:59:38,826][root][INFO] - Epoch:  70 | Loss: 0.0006 | Val - MRR: 0.2216, MR: 3468.79, H@1: 0.155, H@3: 0.249, H@10: 0.351 | Test - MRR: 0.2119 | *
[2026-03-19 00:00:40,313][root][INFO] - Epoch:  71 | Loss: 0.0006 | Val - MRR: 0.2145, MR: 3493.31, H@1: 0.149, H@3: 0.237, H@10: 0.345 | 
[2026-03-19 00:01:49,017][root][INFO] - Epoch:  72 | Loss: 0.0006 | Val - MRR: 0.2228, MR: 3288.15, H@1: 0.153, H@3: 0.252, H@10: 0.361 | Test - MRR: 0.2169 | *
[2026-03-19 00:02:57,929][root][INFO] - Epoch:  73 | Loss: 0.0006 | Val - MRR: 0.2338, MR: 3345.97, H@1: 0.165, H@3: 0.261, H@10: 0.369 | Test - MRR: 0.2263 | *
[2026-03-19 00:04:07,665][root][INFO] - Epoch:  74 | Loss: 0.0006 | Val - MRR: 0.2345, MR: 3269.92, H@1: 0.166, H@3: 0.263, H@10: 0.368 | Test - MRR: 0.2270 | *
[2026-03-19 00:05:17,280][root][INFO] - Epoch:  75 | Loss: 0.0006 | Val - MRR: 0.2467, MR: 3152.58, H@1: 0.177, H@3: 0.276, H@10: 0.384 | Test - MRR: 0.2402 | *
[2026-03-19 00:06:25,732][root][INFO] - Epoch:  76 | Loss: 0.0006 | Val - MRR: 0.2510, MR: 3033.18, H@1: 0.179, H@3: 0.281, H@10: 0.394 | Test - MRR: 0.2460 | *
[2026-03-19 00:07:35,402][root][INFO] - Epoch:  77 | Loss: 0.0006 | Val - MRR: 0.2596, MR: 3058.38, H@1: 0.186, H@3: 0.293, H@10: 0.407 | Test - MRR: 0.2549 | *
[2026-03-19 00:08:37,325][root][INFO] - Epoch:  78 | Loss: 0.0006 | Val - MRR: 0.2574, MR: 3048.63, H@1: 0.182, H@3: 0.294, H@10: 0.401 | 
[2026-03-19 00:09:47,408][root][INFO] - Epoch:  79 | Loss: 0.0006 | Val - MRR: 0.2759, MR: 3012.80, H@1: 0.205, H@3: 0.307, H@10: 0.415 | Test - MRR: 0.2682 | *
[2026-03-19 00:10:49,104][root][INFO] - Epoch:  80 | Loss: 0.0006 | Val - MRR: 0.2699, MR: 3048.56, H@1: 0.196, H@3: 0.305, H@10: 0.409 | 
[2026-03-19 00:11:51,455][root][INFO] - Epoch:  81 | Loss: 0.0006 | Val - MRR: 0.2741, MR: 2990.60, H@1: 0.202, H@3: 0.305, H@10: 0.414 | 
[2026-03-19 00:13:01,561][root][INFO] - Epoch:  82 | Loss: 0.0006 | Val - MRR: 0.2857, MR: 2918.54, H@1: 0.213, H@3: 0.322, H@10: 0.422 | Test - MRR: 0.2766 | *
[2026-03-19 00:14:04,386][root][INFO] - Epoch:  83 | Loss: 0.0006 | Val - MRR: 0.2828, MR: 2986.06, H@1: 0.208, H@3: 0.322, H@10: 0.422 | 
[2026-03-19 00:15:13,438][root][INFO] - Epoch:  84 | Loss: 0.0006 | Val - MRR: 0.2920, MR: 2802.14, H@1: 0.220, H@3: 0.328, H@10: 0.430 | Test - MRR: 0.2842 | *
[2026-03-19 00:16:23,481][root][INFO] - Epoch:  85 | Loss: 0.0006 | Val - MRR: 0.2941, MR: 2812.90, H@1: 0.221, H@3: 0.332, H@10: 0.428 | Test - MRR: 0.2880 | *
[2026-03-19 00:17:32,738][root][INFO] - Epoch:  86 | Loss: 0.0006 | Val - MRR: 0.3008, MR: 2837.56, H@1: 0.225, H@3: 0.341, H@10: 0.440 | Test - MRR: 0.2940 | *
[2026-03-19 00:18:42,733][root][INFO] - Epoch:  87 | Loss: 0.0006 | Val - MRR: 0.3058, MR: 2894.77, H@1: 0.232, H@3: 0.344, H@10: 0.444 | Test - MRR: 0.3020 | *
[2026-03-19 00:19:52,752][root][INFO] - Epoch:  88 | Loss: 0.0006 | Val - MRR: 0.3166, MR: 2786.73, H@1: 0.242, H@3: 0.355, H@10: 0.455 | Test - MRR: 0.3084 | *
[2026-03-19 00:20:55,368][root][INFO] - Epoch:  89 | Loss: 0.0006 | Val - MRR: 0.3072, MR: 2742.15, H@1: 0.232, H@3: 0.345, H@10: 0.447 | 
[2026-03-19 00:22:05,297][root][INFO] - Epoch:  90 | Loss: 0.0006 | Val - MRR: 0.3190, MR: 2749.85, H@1: 0.244, H@3: 0.358, H@10: 0.463 | Test - MRR: 0.3111 | *
[2026-03-19 00:23:15,310][root][INFO] - Epoch:  91 | Loss: 0.0006 | Val - MRR: 0.3225, MR: 2743.00, H@1: 0.247, H@3: 0.362, H@10: 0.466 | Test - MRR: 0.3158 | *
[2026-03-19 00:24:23,762][root][INFO] - Epoch:  92 | Loss: 0.0005 | Val - MRR: 0.3244, MR: 2749.62, H@1: 0.251, H@3: 0.362, H@10: 0.460 | Test - MRR: 0.3154 | *
[2026-03-19 00:25:33,677][root][INFO] - Epoch:  93 | Loss: 0.0005 | Val - MRR: 0.3307, MR: 2744.95, H@1: 0.256, H@3: 0.371, H@10: 0.467 | Test - MRR: 0.3212 | *
[2026-03-19 00:26:42,580][root][INFO] - Epoch:  94 | Loss: 0.0005 | Val - MRR: 0.3331, MR: 2671.85, H@1: 0.259, H@3: 0.370, H@10: 0.471 | Test - MRR: 0.3246 | *
[2026-03-19 00:27:51,765][root][INFO] - Epoch:  95 | Loss: 0.0005 | Val - MRR: 0.3334, MR: 2740.59, H@1: 0.258, H@3: 0.375, H@10: 0.473 | Test - MRR: 0.3238 | *
[2026-03-19 00:29:01,733][root][INFO] - Epoch:  96 | Loss: 0.0005 | Val - MRR: 0.3368, MR: 2669.80, H@1: 0.264, H@3: 0.376, H@10: 0.473 | Test - MRR: 0.3264 | *
[2026-03-19 00:30:04,851][root][INFO] - Epoch:  97 | Loss: 0.0005 | Val - MRR: 0.3331, MR: 2587.47, H@1: 0.259, H@3: 0.372, H@10: 0.474 | 
[2026-03-19 00:31:14,554][root][INFO] - Epoch:  98 | Loss: 0.0005 | Val - MRR: 0.3403, MR: 2696.38, H@1: 0.266, H@3: 0.383, H@10: 0.474 | Test - MRR: 0.3346 | *
[2026-03-19 00:32:23,191][root][INFO] - Epoch:  99 | Loss: 0.0005 | Val - MRR: 0.3425, MR: 2604.87, H@1: 0.269, H@3: 0.383, H@10: 0.480 | Test - MRR: 0.3344 | *
[2026-03-19 00:33:32,105][root][INFO] - Epoch: 100 | Loss: 0.0005 | Val - MRR: 0.3475, MR: 2767.78, H@1: 0.277, H@3: 0.386, H@10: 0.477 | Test - MRR: 0.3405 | *
[2026-03-19 00:34:41,146][root][INFO] - Epoch: 101 | Loss: 0.0005 | Val - MRR: 0.3512, MR: 2623.03, H@1: 0.279, H@3: 0.393, H@10: 0.484 | Test - MRR: 0.3433 | *
[2026-03-19 00:35:42,805][root][INFO] - Epoch: 102 | Loss: 0.0005 | Val - MRR: 0.3457, MR: 2670.82, H@1: 0.273, H@3: 0.387, H@10: 0.481 | 
[2026-03-19 00:36:51,772][root][INFO] - Epoch: 103 | Loss: 0.0005 | Val - MRR: 0.3604, MR: 2617.07, H@1: 0.291, H@3: 0.399, H@10: 0.489 | Test - MRR: 0.3505 | *
[2026-03-19 00:38:00,289][root][INFO] - Epoch: 104 | Loss: 0.0005 | Val - MRR: 0.3608, MR: 2700.76, H@1: 0.291, H@3: 0.400, H@10: 0.487 | Test - MRR: 0.3529 | *
[2026-03-19 00:39:10,212][root][INFO] - Epoch: 105 | Loss: 0.0005 | Val - MRR: 0.3667, MR: 2615.51, H@1: 0.298, H@3: 0.404, H@10: 0.494 | Test - MRR: 0.3578 | *
[2026-03-19 00:40:12,594][root][INFO] - Epoch: 106 | Loss: 0.0005 | Val - MRR: 0.3648, MR: 2594.76, H@1: 0.297, H@3: 0.401, H@10: 0.492 | 
[2026-03-19 00:41:22,387][root][INFO] - Epoch: 107 | Loss: 0.0005 | Val - MRR: 0.3696, MR: 2624.94, H@1: 0.301, H@3: 0.405, H@10: 0.498 | Test - MRR: 0.3630 | *
[2026-03-19 00:42:23,905][root][INFO] - Epoch: 108 | Loss: 0.0005 | Val - MRR: 0.3695, MR: 2628.79, H@1: 0.303, H@3: 0.404, H@10: 0.491 | 
[2026-03-19 00:43:32,685][root][INFO] - Epoch: 109 | Loss: 0.0005 | Val - MRR: 0.3706, MR: 2545.56, H@1: 0.302, H@3: 0.407, H@10: 0.491 | Test - MRR: 0.3616 | *
[2026-03-19 00:44:42,587][root][INFO] - Epoch: 110 | Loss: 0.0005 | Val - MRR: 0.3759, MR: 2661.78, H@1: 0.308, H@3: 0.412, H@10: 0.497 | Test - MRR: 0.3717 | *
[2026-03-19 00:45:52,528][root][INFO] - Epoch: 111 | Loss: 0.0005 | Val - MRR: 0.3795, MR: 2554.08, H@1: 0.314, H@3: 0.417, H@10: 0.497 | Test - MRR: 0.3760 | *
[2026-03-19 00:46:53,821][root][INFO] - Epoch: 112 | Loss: 0.0005 | Val - MRR: 0.3793, MR: 2437.86, H@1: 0.313, H@3: 0.415, H@10: 0.499 | 
[2026-03-19 00:48:03,925][root][INFO] - Epoch: 113 | Loss: 0.0005 | Val - MRR: 0.3838, MR: 2511.74, H@1: 0.319, H@3: 0.418, H@10: 0.500 | Test - MRR: 0.3768 | *
[2026-03-19 00:49:12,552][root][INFO] - Epoch: 114 | Loss: 0.0005 | Val - MRR: 0.3902, MR: 2552.11, H@1: 0.326, H@3: 0.427, H@10: 0.505 | Test - MRR: 0.3837 | *
[2026-03-19 00:50:15,566][root][INFO] - Epoch: 115 | Loss: 0.0005 | Val - MRR: 0.3888, MR: 2590.35, H@1: 0.324, H@3: 0.425, H@10: 0.507 | 
[2026-03-19 00:51:24,310][root][INFO] - Epoch: 116 | Loss: 0.0005 | Val - MRR: 0.3926, MR: 2524.72, H@1: 0.328, H@3: 0.426, H@10: 0.508 | Test - MRR: 0.3848 | *
[2026-03-19 00:52:32,895][root][INFO] - Epoch: 117 | Loss: 0.0005 | Val - MRR: 0.3957, MR: 2517.42, H@1: 0.331, H@3: 0.433, H@10: 0.508 | Test - MRR: 0.3897 | *
[2026-03-19 00:53:35,614][root][INFO] - Epoch: 118 | Loss: 0.0005 | Val - MRR: 0.3926, MR: 2559.22, H@1: 0.329, H@3: 0.430, H@10: 0.503 | 
[2026-03-19 00:54:37,927][root][INFO] - Epoch: 119 | Loss: 0.0005 | Val - MRR: 0.3948, MR: 2585.75, H@1: 0.332, H@3: 0.429, H@10: 0.505 | 
[2026-03-19 00:55:47,487][root][INFO] - Epoch: 120 | Loss: 0.0005 | Val - MRR: 0.4000, MR: 2428.66, H@1: 0.339, H@3: 0.431, H@10: 0.510 | Test - MRR: 0.3952 | *
[2026-03-19 00:56:49,968][root][INFO] - Epoch: 121 | Loss: 0.0005 | Val - MRR: 0.3989, MR: 2550.72, H@1: 0.335, H@3: 0.433, H@10: 0.509 | 
[2026-03-19 00:57:59,164][root][INFO] - Epoch: 122 | Loss: 0.0005 | Val - MRR: 0.4008, MR: 2540.65, H@1: 0.340, H@3: 0.434, H@10: 0.510 | Test - MRR: 0.3970 | *
[2026-03-19 00:59:00,477][root][INFO] - Epoch: 123 | Loss: 0.0005 | Val - MRR: 0.4001, MR: 2567.53, H@1: 0.338, H@3: 0.432, H@10: 0.508 | 
[2026-03-19 01:00:10,953][root][INFO] - Epoch: 124 | Loss: 0.0005 | Val - MRR: 0.4013, MR: 2478.40, H@1: 0.338, H@3: 0.437, H@10: 0.510 | Test - MRR: 0.3949 | *
[2026-03-19 01:01:20,570][root][INFO] - Epoch: 125 | Loss: 0.0005 | Val - MRR: 0.4035, MR: 2484.52, H@1: 0.343, H@3: 0.437, H@10: 0.509 | Test - MRR: 0.3964 | *
[2026-03-19 01:02:31,076][root][INFO] - Epoch: 126 | Loss: 0.0005 | Val - MRR: 0.4036, MR: 2498.58, H@1: 0.342, H@3: 0.439, H@10: 0.509 | Test - MRR: 0.4014 | *
[2026-03-19 01:03:40,646][root][INFO] - Epoch: 127 | Loss: 0.0005 | Val - MRR: 0.4061, MR: 2436.01, H@1: 0.345, H@3: 0.440, H@10: 0.515 | Test - MRR: 0.4056 | *
[2026-03-19 01:04:50,891][root][INFO] - Epoch: 128 | Loss: 0.0005 | Val - MRR: 0.4085, MR: 2447.76, H@1: 0.349, H@3: 0.442, H@10: 0.511 | Test - MRR: 0.4056 | *
[2026-03-19 01:05:53,824][root][INFO] - Epoch: 129 | Loss: 0.0005 | Val - MRR: 0.4036, MR: 2500.94, H@1: 0.342, H@3: 0.438, H@10: 0.510 | 
[2026-03-19 01:06:55,657][root][INFO] - Epoch: 130 | Loss: 0.0005 | Val - MRR: 0.4077, MR: 2488.69, H@1: 0.345, H@3: 0.441, H@10: 0.521 | 
[2026-03-19 01:07:57,245][root][INFO] - Epoch: 131 | Loss: 0.0005 | Val - MRR: 0.4066, MR: 2477.77, H@1: 0.346, H@3: 0.442, H@10: 0.515 | 
[2026-03-19 01:08:58,732][root][INFO] - Epoch: 132 | Loss: 0.0005 | Val - MRR: 0.4084, MR: 2457.40, H@1: 0.347, H@3: 0.443, H@10: 0.518 | 
[2026-03-19 01:10:07,638][root][INFO] - Epoch: 133 | Loss: 0.0005 | Val - MRR: 0.4120, MR: 2434.65, H@1: 0.349, H@3: 0.448, H@10: 0.519 | Test - MRR: 0.4088 | *
[2026-03-19 01:11:18,361][root][INFO] - Epoch: 134 | Loss: 0.0005 | Val - MRR: 0.4128, MR: 2562.97, H@1: 0.355, H@3: 0.444, H@10: 0.515 | Test - MRR: 0.4118 | *
[2026-03-19 01:12:21,022][root][INFO] - Epoch: 135 | Loss: 0.0005 | Val - MRR: 0.4105, MR: 2503.44, H@1: 0.351, H@3: 0.441, H@10: 0.517 | 
[2026-03-19 01:13:23,471][root][INFO] - Epoch: 136 | Loss: 0.0005 | Val - MRR: 0.4124, MR: 2404.29, H@1: 0.352, H@3: 0.446, H@10: 0.521 | 
[2026-03-19 01:14:33,153][root][INFO] - Epoch: 137 | Loss: 0.0005 | Val - MRR: 0.4133, MR: 2432.56, H@1: 0.352, H@3: 0.448, H@10: 0.522 | Test - MRR: 0.4092 | *
[2026-03-19 01:15:42,385][root][INFO] - Epoch: 138 | Loss: 0.0005 | Val - MRR: 0.4134, MR: 2445.83, H@1: 0.354, H@3: 0.446, H@10: 0.519 | Test - MRR: 0.4110 | *
[2026-03-19 01:16:52,013][root][INFO] - Epoch: 139 | Loss: 0.0005 | Val - MRR: 0.4139, MR: 2479.16, H@1: 0.353, H@3: 0.447, H@10: 0.522 | Test - MRR: 0.4072 | *
[2026-03-19 01:18:02,451][root][INFO] - Epoch: 140 | Loss: 0.0005 | Val - MRR: 0.4144, MR: 2477.23, H@1: 0.352, H@3: 0.448, H@10: 0.522 | Test - MRR: 0.4134 | *
[2026-03-19 01:19:03,786][root][INFO] - Epoch: 141 | Loss: 0.0005 | Val - MRR: 0.4121, MR: 2420.16, H@1: 0.351, H@3: 0.444, H@10: 0.521 | 
[2026-03-19 01:20:06,595][root][INFO] - Epoch: 142 | Loss: 0.0005 | Val - MRR: 0.4136, MR: 2431.48, H@1: 0.354, H@3: 0.446, H@10: 0.517 | 
[2026-03-19 01:21:15,176][root][INFO] - Epoch: 143 | Loss: 0.0005 | Val - MRR: 0.4147, MR: 2418.88, H@1: 0.353, H@3: 0.447, H@10: 0.525 | Test - MRR: 0.4120 | *
[2026-03-19 01:22:23,794][root][INFO] - Epoch: 144 | Loss: 0.0005 | Val - MRR: 0.4154, MR: 2417.00, H@1: 0.354, H@3: 0.450, H@10: 0.527 | Test - MRR: 0.4141 | *
[2026-03-19 01:23:32,806][root][INFO] - Epoch: 145 | Loss: 0.0005 | Val - MRR: 0.4173, MR: 2377.65, H@1: 0.357, H@3: 0.447, H@10: 0.525 | Test - MRR: 0.4154 | *
[2026-03-19 01:24:34,596][root][INFO] - Epoch: 146 | Loss: 0.0005 | Val - MRR: 0.4164, MR: 2529.58, H@1: 0.355, H@3: 0.451, H@10: 0.526 | 
[2026-03-19 01:25:44,464][root][INFO] - Epoch: 147 | Loss: 0.0005 | Val - MRR: 0.4189, MR: 2378.84, H@1: 0.358, H@3: 0.452, H@10: 0.526 | Test - MRR: 0.4201 | *
[2026-03-19 01:26:46,591][root][INFO] - Epoch: 148 | Loss: 0.0005 | Val - MRR: 0.4173, MR: 2449.43, H@1: 0.356, H@3: 0.454, H@10: 0.522 | 
[2026-03-19 01:27:49,153][root][INFO] - Epoch: 149 | Loss: 0.0005 | Val - MRR: 0.4163, MR: 2462.57, H@1: 0.354, H@3: 0.452, H@10: 0.527 | 
[2026-03-19 01:28:51,434][root][INFO] - Epoch: 150 | Loss: 0.0005 | Val - MRR: 0.4185, MR: 2452.85, H@1: 0.357, H@3: 0.453, H@10: 0.526 | 
[2026-03-19 01:30:00,602][root][INFO] - Epoch: 151 | Loss: 0.0005 | Val - MRR: 0.4191, MR: 2374.94, H@1: 0.359, H@3: 0.450, H@10: 0.527 | Test - MRR: 0.4142 | *
[2026-03-19 01:31:10,155][root][INFO] - Epoch: 152 | Loss: 0.0005 | Val - MRR: 0.4206, MR: 2427.05, H@1: 0.361, H@3: 0.452, H@10: 0.525 | Test - MRR: 0.4164 | *
[2026-03-19 01:32:11,340][root][INFO] - Epoch: 153 | Loss: 0.0005 | Val - MRR: 0.4162, MR: 2436.38, H@1: 0.356, H@3: 0.449, H@10: 0.522 | 
[2026-03-19 01:33:13,146][root][INFO] - Epoch: 154 | Loss: 0.0005 | Val - MRR: 0.4204, MR: 2529.83, H@1: 0.360, H@3: 0.456, H@10: 0.522 | 
[2026-03-19 01:34:22,461][root][INFO] - Epoch: 155 | Loss: 0.0005 | Val - MRR: 0.4239, MR: 2439.84, H@1: 0.366, H@3: 0.455, H@10: 0.524 | Test - MRR: 0.4186 | *
[2026-03-19 01:35:32,681][root][INFO] - Epoch: 156 | Loss: 0.0005 | Val - MRR: 0.4247, MR: 2451.29, H@1: 0.365, H@3: 0.460, H@10: 0.527 | Test - MRR: 0.4216 | *
[2026-03-19 01:36:34,888][root][INFO] - Epoch: 157 | Loss: 0.0005 | Val - MRR: 0.4238, MR: 2435.93, H@1: 0.364, H@3: 0.457, H@10: 0.528 | 
[2026-03-19 01:37:45,042][root][INFO] - Epoch: 158 | Loss: 0.0005 | Val - MRR: 0.4251, MR: 2531.43, H@1: 0.367, H@3: 0.456, H@10: 0.525 | Test - MRR: 0.4214 | *
[2026-03-19 01:38:47,366][root][INFO] - Epoch: 159 | Loss: 0.0005 | Val - MRR: 0.4233, MR: 2419.09, H@1: 0.365, H@3: 0.456, H@10: 0.525 | 
[2026-03-19 01:39:49,700][root][INFO] - Epoch: 160 | Loss: 0.0005 | Val - MRR: 0.4229, MR: 2532.70, H@1: 0.364, H@3: 0.454, H@10: 0.527 | 
[2026-03-19 01:40:51,769][root][INFO] - Epoch: 161 | Loss: 0.0005 | Val - MRR: 0.4227, MR: 2470.14, H@1: 0.363, H@3: 0.455, H@10: 0.524 | 
[2026-03-19 01:41:54,242][root][INFO] - Epoch: 162 | Loss: 0.0005 | Val - MRR: 0.4213, MR: 2404.98, H@1: 0.362, H@3: 0.453, H@10: 0.529 | 
[2026-03-19 01:43:03,972][root][INFO] - Epoch: 163 | Loss: 0.0005 | Val - MRR: 0.4262, MR: 2460.03, H@1: 0.367, H@3: 0.458, H@10: 0.529 | Test - MRR: 0.4240 | *
[2026-03-19 01:44:06,067][root][INFO] - Epoch: 164 | Loss: 0.0005 | Val - MRR: 0.4259, MR: 2554.82, H@1: 0.367, H@3: 0.458, H@10: 0.530 | 
[2026-03-19 01:45:07,809][root][INFO] - Epoch: 165 | Loss: 0.0005 | Val - MRR: 0.4233, MR: 2488.42, H@1: 0.361, H@3: 0.458, H@10: 0.530 | 
[2026-03-19 01:46:17,455][root][INFO] - Epoch: 166 | Loss: 0.0005 | Val - MRR: 0.4263, MR: 2565.49, H@1: 0.367, H@3: 0.460, H@10: 0.533 | Test - MRR: 0.4238 | *
[2026-03-19 01:47:18,925][root][INFO] - Epoch: 167 | Loss: 0.0005 | Val - MRR: 0.4246, MR: 2505.50, H@1: 0.365, H@3: 0.455, H@10: 0.526 | 
[2026-03-19 01:48:27,500][root][INFO] - Epoch: 168 | Loss: 0.0005 | Val - MRR: 0.4303, MR: 2505.54, H@1: 0.370, H@3: 0.464, H@10: 0.535 | Test - MRR: 0.4286 | *
[2026-03-19 01:49:29,672][root][INFO] - Epoch: 169 | Loss: 0.0005 | Val - MRR: 0.4268, MR: 2409.37, H@1: 0.368, H@3: 0.458, H@10: 0.529 | 
[2026-03-19 01:50:31,358][root][INFO] - Epoch: 170 | Loss: 0.0005 | Val - MRR: 0.4257, MR: 2573.89, H@1: 0.365, H@3: 0.456, H@10: 0.530 | 
[2026-03-19 01:51:34,166][root][INFO] - Epoch: 171 | Loss: 0.0005 | Val - MRR: 0.4283, MR: 2494.86, H@1: 0.368, H@3: 0.461, H@10: 0.534 | 
[2026-03-19 01:52:35,504][root][INFO] - Epoch: 172 | Loss: 0.0005 | Val - MRR: 0.4277, MR: 2509.90, H@1: 0.369, H@3: 0.458, H@10: 0.535 | 
[2026-03-19 01:53:44,672][root][INFO] - Epoch: 173 | Loss: 0.0005 | Val - MRR: 0.4306, MR: 2486.74, H@1: 0.371, H@3: 0.464, H@10: 0.536 | Test - MRR: 0.4271 | *
[2026-03-19 01:54:53,193][root][INFO] - Epoch: 174 | Loss: 0.0005 | Val - MRR: 0.4323, MR: 2631.48, H@1: 0.376, H@3: 0.462, H@10: 0.534 | Test - MRR: 0.4292 | *
[2026-03-19 01:55:56,106][root][INFO] - Epoch: 175 | Loss: 0.0005 | Val - MRR: 0.4297, MR: 2588.78, H@1: 0.371, H@3: 0.461, H@10: 0.533 | 
[2026-03-19 01:56:58,119][root][INFO] - Epoch: 176 | Loss: 0.0005 | Val - MRR: 0.4272, MR: 2552.69, H@1: 0.366, H@3: 0.457, H@10: 0.534 | 
[2026-03-19 01:58:00,146][root][INFO] - Epoch: 177 | Loss: 0.0005 | Val - MRR: 0.4272, MR: 2544.30, H@1: 0.367, H@3: 0.458, H@10: 0.533 | 
[2026-03-19 01:59:02,769][root][INFO] - Epoch: 178 | Loss: 0.0005 | Val - MRR: 0.4298, MR: 2543.89, H@1: 0.369, H@3: 0.462, H@10: 0.535 | 
[2026-03-19 02:00:04,421][root][INFO] - Epoch: 179 | Loss: 0.0005 | Val - MRR: 0.4277, MR: 2542.77, H@1: 0.369, H@3: 0.460, H@10: 0.532 | 
[2026-03-19 02:01:06,393][root][INFO] - Epoch: 180 | Loss: 0.0005 | Val - MRR: 0.4318, MR: 2569.00, H@1: 0.374, H@3: 0.462, H@10: 0.535 | 
[2026-03-19 02:02:16,022][root][INFO] - Epoch: 181 | Loss: 0.0005 | Val - MRR: 0.4326, MR: 2570.24, H@1: 0.372, H@3: 0.465, H@10: 0.538 | Test - MRR: 0.4311 | *
[2026-03-19 02:03:17,527][root][INFO] - Epoch: 182 | Loss: 0.0005 | Val - MRR: 0.4297, MR: 2545.25, H@1: 0.370, H@3: 0.461, H@10: 0.538 | 
[2026-03-19 02:04:19,932][root][INFO] - Epoch: 183 | Loss: 0.0005 | Val - MRR: 0.4299, MR: 2520.56, H@1: 0.372, H@3: 0.459, H@10: 0.532 | 
[2026-03-19 02:05:22,288][root][INFO] - Epoch: 184 | Loss: 0.0005 | Val - MRR: 0.4298, MR: 2573.09, H@1: 0.368, H@3: 0.464, H@10: 0.536 | 
[2026-03-19 02:06:31,093][root][INFO] - Epoch: 185 | Loss: 0.0005 | Val - MRR: 0.4329, MR: 2487.94, H@1: 0.374, H@3: 0.463, H@10: 0.539 | Test - MRR: 0.4307 | *
[2026-03-19 02:07:33,499][root][INFO] - Epoch: 186 | Loss: 0.0005 | Val - MRR: 0.4326, MR: 2537.88, H@1: 0.375, H@3: 0.462, H@10: 0.533 | 
[2026-03-19 02:08:43,219][root][INFO] - Epoch: 187 | Loss: 0.0005 | Val - MRR: 0.4369, MR: 2463.30, H@1: 0.379, H@3: 0.467, H@10: 0.535 | Test - MRR: 0.4340 | *
[2026-03-19 02:09:44,605][root][INFO] - Epoch: 188 | Loss: 0.0005 | Val - MRR: 0.4333, MR: 2546.63, H@1: 0.374, H@3: 0.465, H@10: 0.535 | 
[2026-03-19 02:10:47,039][root][INFO] - Epoch: 189 | Loss: 0.0005 | Val - MRR: 0.4347, MR: 2559.30, H@1: 0.379, H@3: 0.463, H@10: 0.530 | 
[2026-03-19 02:11:48,538][root][INFO] - Epoch: 190 | Loss: 0.0005 | Val - MRR: 0.4358, MR: 2551.67, H@1: 0.378, H@3: 0.465, H@10: 0.537 | 
[2026-03-19 02:12:51,027][root][INFO] - Epoch: 191 | Loss: 0.0005 | Val - MRR: 0.4353, MR: 2553.40, H@1: 0.379, H@3: 0.463, H@10: 0.535 | 
[2026-03-19 02:14:00,509][root][INFO] - Epoch: 192 | Loss: 0.0005 | Val - MRR: 0.4369, MR: 2593.55, H@1: 0.380, H@3: 0.469, H@10: 0.532 | Test - MRR: 0.4359 | *
[2026-03-19 02:15:03,237][root][INFO] - Epoch: 193 | Loss: 0.0005 | Val - MRR: 0.4369, MR: 2529.65, H@1: 0.380, H@3: 0.466, H@10: 0.537 | 
[2026-03-19 02:16:12,159][root][INFO] - Epoch: 194 | Loss: 0.0005 | Val - MRR: 0.4387, MR: 2553.19, H@1: 0.382, H@3: 0.468, H@10: 0.537 | Test - MRR: 0.4351 | *
[2026-03-19 02:17:14,805][root][INFO] - Epoch: 195 | Loss: 0.0005 | Val - MRR: 0.4370, MR: 2497.06, H@1: 0.379, H@3: 0.469, H@10: 0.535 | 
[2026-03-19 02:18:16,563][root][INFO] - Epoch: 196 | Loss: 0.0005 | Val - MRR: 0.4384, MR: 2608.94, H@1: 0.380, H@3: 0.470, H@10: 0.540 | 
[2026-03-19 02:19:18,781][root][INFO] - Epoch: 197 | Loss: 0.0005 | Val - MRR: 0.4366, MR: 2482.36, H@1: 0.377, H@3: 0.471, H@10: 0.538 | 
[2026-03-19 02:20:20,725][root][INFO] - Epoch: 198 | Loss: 0.0005 | Val - MRR: 0.4356, MR: 2594.29, H@1: 0.375, H@3: 0.469, H@10: 0.542 | 
[2026-03-19 02:21:22,675][root][INFO] - Epoch: 199 | Loss: 0.0005 | Val - MRR: 0.4361, MR: 2600.48, H@1: 0.378, H@3: 0.467, H@10: 0.536 | 
[2026-03-19 02:22:32,257][root][INFO] - Epoch: 200 | Loss: 0.0005 | Val - MRR: 0.4392, MR: 2622.64, H@1: 0.383, H@3: 0.469, H@10: 0.538 | Test - MRR: 0.4363 | *
[2026-03-19 02:23:33,874][root][INFO] - Epoch: 201 | Loss: 0.0005 | Val - MRR: 0.4380, MR: 2561.13, H@1: 0.382, H@3: 0.467, H@10: 0.539 | 
[2026-03-19 02:24:35,435][root][INFO] - Epoch: 202 | Loss: 0.0005 | Val - MRR: 0.4383, MR: 2583.88, H@1: 0.382, H@3: 0.467, H@10: 0.537 | 
[2026-03-19 02:25:37,902][root][INFO] - Epoch: 203 | Loss: 0.0005 | Val - MRR: 0.4386, MR: 2583.83, H@1: 0.380, H@3: 0.471, H@10: 0.540 | 
[2026-03-19 02:26:39,049][root][INFO] - Epoch: 204 | Loss: 0.0005 | Val - MRR: 0.4360, MR: 2506.65, H@1: 0.377, H@3: 0.468, H@10: 0.540 | 
[2026-03-19 02:27:41,888][root][INFO] - Epoch: 205 | Loss: 0.0005 | Val - MRR: 0.4380, MR: 2707.70, H@1: 0.381, H@3: 0.469, H@10: 0.538 | 
[2026-03-19 02:28:43,906][root][INFO] - Epoch: 206 | Loss: 0.0005 | Val - MRR: 0.4357, MR: 2749.58, H@1: 0.379, H@3: 0.465, H@10: 0.535 | 
[2026-03-19 02:29:45,490][root][INFO] - Epoch: 207 | Loss: 0.0005 | Val - MRR: 0.4360, MR: 2664.91, H@1: 0.377, H@3: 0.466, H@10: 0.539 | 
[2026-03-19 02:30:47,602][root][INFO] - Epoch: 208 | Loss: 0.0005 | Val - MRR: 0.4387, MR: 2534.36, H@1: 0.382, H@3: 0.469, H@10: 0.536 | 
[2026-03-19 02:31:49,439][root][INFO] - Epoch: 209 | Loss: 0.0005 | Val - MRR: 0.4380, MR: 2520.42, H@1: 0.380, H@3: 0.470, H@10: 0.537 | 
[2026-03-19 02:32:59,333][root][INFO] - Epoch: 210 | Loss: 0.0005 | Val - MRR: 0.4396, MR: 2707.21, H@1: 0.382, H@3: 0.471, H@10: 0.539 | Test - MRR: 0.4372 | *
[2026-03-19 02:34:01,963][root][INFO] - Epoch: 211 | Loss: 0.0005 | Val - MRR: 0.4386, MR: 2602.66, H@1: 0.380, H@3: 0.472, H@10: 0.538 | 
[2026-03-19 02:35:11,320][root][INFO] - Epoch: 212 | Loss: 0.0005 | Val - MRR: 0.4407, MR: 2527.98, H@1: 0.384, H@3: 0.471, H@10: 0.536 | Test - MRR: 0.4388 | *
[2026-03-19 02:36:14,037][root][INFO] - Epoch: 213 | Loss: 0.0005 | Val - MRR: 0.4396, MR: 2600.12, H@1: 0.383, H@3: 0.471, H@10: 0.537 | 
[2026-03-19 02:37:22,822][root][INFO] - Epoch: 214 | Loss: 0.0005 | Val - MRR: 0.4418, MR: 2652.50, H@1: 0.385, H@3: 0.472, H@10: 0.535 | Test - MRR: 0.4399 | *
[2026-03-19 02:38:32,042][root][INFO] - Epoch: 215 | Loss: 0.0005 | Val - MRR: 0.4445, MR: 2683.84, H@1: 0.390, H@3: 0.472, H@10: 0.538 | Test - MRR: 0.4417 | *
[2026-03-19 02:39:33,537][root][INFO] - Epoch: 216 | Loss: 0.0005 | Val - MRR: 0.4431, MR: 2688.50, H@1: 0.387, H@3: 0.473, H@10: 0.538 | 
[2026-03-19 02:40:35,258][root][INFO] - Epoch: 217 | Loss: 0.0005 | Val - MRR: 0.4432, MR: 2614.93, H@1: 0.386, H@3: 0.472, H@10: 0.544 | 
[2026-03-19 02:41:38,980][root][INFO] - Epoch: 218 | Loss: 0.0005 | Val - MRR: 0.4426, MR: 2633.68, H@1: 0.387, H@3: 0.473, H@10: 0.541 | 
[2026-03-19 02:42:41,913][root][INFO] - Epoch: 219 | Loss: 0.0005 | Val - MRR: 0.4422, MR: 2587.55, H@1: 0.386, H@3: 0.472, H@10: 0.539 | 
[2026-03-19 02:43:44,072][root][INFO] - Epoch: 220 | Loss: 0.0005 | Val - MRR: 0.4403, MR: 2649.87, H@1: 0.385, H@3: 0.469, H@10: 0.536 | 
[2026-03-19 02:44:45,129][root][INFO] - Epoch: 221 | Loss: 0.0005 | Val - MRR: 0.4444, MR: 2538.69, H@1: 0.389, H@3: 0.473, H@10: 0.540 | 
[2026-03-19 02:45:47,689][root][INFO] - Epoch: 222 | Loss: 0.0005 | Val - MRR: 0.4440, MR: 2729.96, H@1: 0.390, H@3: 0.470, H@10: 0.539 | 
[2026-03-19 02:46:50,204][root][INFO] - Epoch: 223 | Loss: 0.0005 | Val - MRR: 0.4412, MR: 2649.42, H@1: 0.384, H@3: 0.471, H@10: 0.541 | 
[2026-03-19 02:47:53,096][root][INFO] - Epoch: 224 | Loss: 0.0005 | Val - MRR: 0.4433, MR: 2619.03, H@1: 0.389, H@3: 0.470, H@10: 0.538 | 
[2026-03-19 02:48:55,773][root][INFO] - Epoch: 225 | Loss: 0.0005 | Val - MRR: 0.4420, MR: 2575.16, H@1: 0.386, H@3: 0.472, H@10: 0.539 | 
[2026-03-19 02:49:57,612][root][INFO] - Epoch: 226 | Loss: 0.0005 | Val - MRR: 0.4404, MR: 2663.16, H@1: 0.383, H@3: 0.468, H@10: 0.542 | 
[2026-03-19 02:51:07,082][root][INFO] - Epoch: 227 | Loss: 0.0005 | Val - MRR: 0.4446, MR: 2627.86, H@1: 0.387, H@3: 0.474, H@10: 0.544 | Test - MRR: 0.4415 | *
[2026-03-19 02:52:09,321][root][INFO] - Epoch: 228 | Loss: 0.0005 | Val - MRR: 0.4430, MR: 2740.14, H@1: 0.389, H@3: 0.470, H@10: 0.537 | 
[2026-03-19 02:53:11,384][root][INFO] - Epoch: 229 | Loss: 0.0005 | Val - MRR: 0.4442, MR: 2727.46, H@1: 0.389, H@3: 0.472, H@10: 0.544 | 
[2026-03-19 02:54:13,624][root][INFO] - Epoch: 230 | Loss: 0.0005 | Val - MRR: 0.4437, MR: 2762.95, H@1: 0.390, H@3: 0.470, H@10: 0.538 | 
[2026-03-19 02:55:22,351][root][INFO] - Epoch: 231 | Loss: 0.0005 | Val - MRR: 0.4457, MR: 2739.08, H@1: 0.392, H@3: 0.473, H@10: 0.541 | Test - MRR: 0.4432 | *
[2026-03-19 02:56:24,408][root][INFO] - Epoch: 232 | Loss: 0.0005 | Val - MRR: 0.4406, MR: 2679.10, H@1: 0.384, H@3: 0.469, H@10: 0.542 | 
[2026-03-19 02:57:26,520][root][INFO] - Epoch: 233 | Loss: 0.0005 | Val - MRR: 0.4414, MR: 2810.05, H@1: 0.387, H@3: 0.468, H@10: 0.536 | 
[2026-03-19 02:58:29,010][root][INFO] - Epoch: 234 | Loss: 0.0005 | Val - MRR: 0.4446, MR: 2601.66, H@1: 0.389, H@3: 0.471, H@10: 0.541 | 
[2026-03-19 02:59:31,922][root][INFO] - Epoch: 235 | Loss: 0.0005 | Val - MRR: 0.4424, MR: 2602.46, H@1: 0.385, H@3: 0.472, H@10: 0.545 | 
[2026-03-19 03:00:34,633][root][INFO] - Epoch: 236 | Loss: 0.0005 | Val - MRR: 0.4438, MR: 2659.26, H@1: 0.388, H@3: 0.471, H@10: 0.540 | 
[2026-03-19 03:01:44,340][root][INFO] - Epoch: 237 | Loss: 0.0005 | Val - MRR: 0.4462, MR: 2598.08, H@1: 0.393, H@3: 0.473, H@10: 0.541 | Test - MRR: 0.4445 | *
[2026-03-19 03:02:46,139][root][INFO] - Epoch: 238 | Loss: 0.0005 | Val - MRR: 0.4448, MR: 2669.77, H@1: 0.391, H@3: 0.470, H@10: 0.544 | 
[2026-03-19 03:03:47,916][root][INFO] - Epoch: 239 | Loss: 0.0005 | Val - MRR: 0.4412, MR: 2735.64, H@1: 0.384, H@3: 0.468, H@10: 0.544 | 
[2026-03-19 03:04:50,239][root][INFO] - Epoch: 240 | Loss: 0.0005 | Val - MRR: 0.4456, MR: 2757.94, H@1: 0.390, H@3: 0.473, H@10: 0.549 | 
[2026-03-19 03:05:52,021][root][INFO] - Epoch: 241 | Loss: 0.0005 | Val - MRR: 0.4457, MR: 2770.82, H@1: 0.392, H@3: 0.471, H@10: 0.542 | 
[2026-03-19 03:06:54,665][root][INFO] - Epoch: 242 | Loss: 0.0005 | Val - MRR: 0.4454, MR: 2642.60, H@1: 0.391, H@3: 0.471, H@10: 0.543 | 
[2026-03-19 03:08:03,503][root][INFO] - Epoch: 243 | Loss: 0.0005 | Val - MRR: 0.4463, MR: 2619.16, H@1: 0.391, H@3: 0.472, H@10: 0.543 | Test - MRR: 0.4450 | *
[2026-03-19 03:09:06,062][root][INFO] - Epoch: 244 | Loss: 0.0005 | Val - MRR: 0.4437, MR: 2699.99, H@1: 0.388, H@3: 0.473, H@10: 0.542 | 
[2026-03-19 03:10:08,984][root][INFO] - Epoch: 245 | Loss: 0.0005 | Val - MRR: 0.4462, MR: 2674.11, H@1: 0.392, H@3: 0.472, H@10: 0.542 | 
[2026-03-19 03:11:10,294][root][INFO] - Epoch: 246 | Loss: 0.0005 | Val - MRR: 0.4451, MR: 2644.54, H@1: 0.391, H@3: 0.473, H@10: 0.541 | 
[2026-03-19 03:12:13,308][root][INFO] - Epoch: 247 | Loss: 0.0005 | Val - MRR: 0.4454, MR: 2866.67, H@1: 0.391, H@3: 0.471, H@10: 0.543 | 
[2026-03-19 03:13:15,242][root][INFO] - Epoch: 248 | Loss: 0.0005 | Val - MRR: 0.4448, MR: 2734.87, H@1: 0.390, H@3: 0.473, H@10: 0.540 | 
[2026-03-19 03:14:24,904][root][INFO] - Epoch: 249 | Loss: 0.0005 | Val - MRR: 0.4479, MR: 2658.15, H@1: 0.394, H@3: 0.473, H@10: 0.542 | Test - MRR: 0.4449 | *
[2026-03-19 03:15:26,663][root][INFO] - Epoch: 250 | Loss: 0.0005 | Val - MRR: 0.4465, MR: 2852.40, H@1: 0.391, H@3: 0.475, H@10: 0.543 | 
[2026-03-19 03:16:34,863][root][INFO] - Epoch: 251 | Loss: 0.0005 | Val - MRR: 0.4479, MR: 2751.15, H@1: 0.395, H@3: 0.474, H@10: 0.536 | Test - MRR: 0.4451 | *
[2026-03-19 03:17:37,496][root][INFO] - Epoch: 252 | Loss: 0.0005 | Val - MRR: 0.4466, MR: 2662.54, H@1: 0.392, H@3: 0.474, H@10: 0.544 | 
[2026-03-19 03:18:46,953][root][INFO] - Epoch: 253 | Loss: 0.0005 | Val - MRR: 0.4484, MR: 2778.09, H@1: 0.394, H@3: 0.476, H@10: 0.542 | Test - MRR: 0.4471 | *
[2026-03-19 03:19:48,467][root][INFO] - Epoch: 254 | Loss: 0.0005 | Val - MRR: 0.4467, MR: 2757.37, H@1: 0.393, H@3: 0.474, H@10: 0.542 | 
[2026-03-19 03:20:50,616][root][INFO] - Epoch: 255 | Loss: 0.0005 | Val - MRR: 0.4461, MR: 2646.59, H@1: 0.391, H@3: 0.474, H@10: 0.540 | 
[2026-03-19 03:21:59,910][root][INFO] - Epoch: 256 | Loss: 0.0005 | Val - MRR: 0.4489, MR: 2656.20, H@1: 0.394, H@3: 0.476, H@10: 0.543 | Test - MRR: 0.4460 | *
[2026-03-19 03:23:01,583][root][INFO] - Epoch: 257 | Loss: 0.0005 | Val - MRR: 0.4475, MR: 2704.46, H@1: 0.392, H@3: 0.476, H@10: 0.544 | 
[2026-03-19 03:24:03,187][root][INFO] - Epoch: 258 | Loss: 0.0005 | Val - MRR: 0.4448, MR: 2665.50, H@1: 0.390, H@3: 0.473, H@10: 0.536 | 
[2026-03-19 03:25:06,051][root][INFO] - Epoch: 259 | Loss: 0.0005 | Val - MRR: 0.4433, MR: 2754.50, H@1: 0.388, H@3: 0.471, H@10: 0.538 | 
[2026-03-19 03:26:08,445][root][INFO] - Epoch: 260 | Loss: 0.0005 | Val - MRR: 0.4463, MR: 2734.98, H@1: 0.391, H@3: 0.473, H@10: 0.542 | 
[2026-03-19 03:27:10,521][root][INFO] - Epoch: 261 | Loss: 0.0005 | Val - MRR: 0.4462, MR: 2655.39, H@1: 0.392, H@3: 0.473, H@10: 0.542 | 
[2026-03-19 03:28:12,296][root][INFO] - Epoch: 262 | Loss: 0.0005 | Val - MRR: 0.4461, MR: 2721.59, H@1: 0.392, H@3: 0.474, H@10: 0.538 | 
[2026-03-19 03:29:14,143][root][INFO] - Epoch: 263 | Loss: 0.0005 | Val - MRR: 0.4484, MR: 2739.72, H@1: 0.394, H@3: 0.477, H@10: 0.542 | 
[2026-03-19 03:30:15,740][root][INFO] - Epoch: 264 | Loss: 0.0005 | Val - MRR: 0.4480, MR: 2830.11, H@1: 0.394, H@3: 0.475, H@10: 0.542 | 
[2026-03-19 03:31:18,343][root][INFO] - Epoch: 265 | Loss: 0.0005 | Val - MRR: 0.4457, MR: 2788.30, H@1: 0.388, H@3: 0.477, H@10: 0.543 | 
[2026-03-19 03:32:27,555][root][INFO] - Epoch: 266 | Loss: 0.0005 | Val - MRR: 0.4494, MR: 2802.28, H@1: 0.398, H@3: 0.473, H@10: 0.541 | Test - MRR: 0.4496 | *
[2026-03-19 03:33:30,017][root][INFO] - Epoch: 267 | Loss: 0.0005 | Val - MRR: 0.4481, MR: 2758.63, H@1: 0.395, H@3: 0.476, H@10: 0.541 | 
[2026-03-19 03:34:32,746][root][INFO] - Epoch: 268 | Loss: 0.0005 | Val - MRR: 0.4461, MR: 2818.00, H@1: 0.392, H@3: 0.471, H@10: 0.540 | 
[2026-03-19 03:35:41,931][root][INFO] - Epoch: 269 | Loss: 0.0005 | Val - MRR: 0.4508, MR: 2805.68, H@1: 0.397, H@3: 0.479, H@10: 0.546 | Test - MRR: 0.4489 | *
[2026-03-19 03:36:43,584][root][INFO] - Epoch: 270 | Loss: 0.0005 | Val - MRR: 0.4497, MR: 2789.46, H@1: 0.398, H@3: 0.475, H@10: 0.543 | 
[2026-03-19 03:37:45,920][root][INFO] - Epoch: 271 | Loss: 0.0005 | Val - MRR: 0.4478, MR: 2741.27, H@1: 0.393, H@3: 0.477, H@10: 0.543 | 
[2026-03-19 03:38:48,008][root][INFO] - Epoch: 272 | Loss: 0.0005 | Val - MRR: 0.4478, MR: 2759.20, H@1: 0.393, H@3: 0.477, H@10: 0.546 | 
[2026-03-19 03:39:50,611][root][INFO] - Epoch: 273 | Loss: 0.0005 | Val - MRR: 0.4492, MR: 2738.93, H@1: 0.396, H@3: 0.478, H@10: 0.544 | 
[2026-03-19 03:40:53,444][root][INFO] - Epoch: 274 | Loss: 0.0005 | Val - MRR: 0.4479, MR: 2849.44, H@1: 0.394, H@3: 0.476, H@10: 0.542 | 
[2026-03-19 03:42:04,067][root][INFO] - Epoch: 275 | Loss: 0.0005 | Val - MRR: 0.4521, MR: 2745.63, H@1: 0.401, H@3: 0.476, H@10: 0.539 | Test - MRR: 0.4506 | *
[2026-03-19 03:43:07,248][root][INFO] - Epoch: 276 | Loss: 0.0005 | Val - MRR: 0.4512, MR: 2806.02, H@1: 0.399, H@3: 0.477, H@10: 0.541 | 
[2026-03-19 03:44:09,144][root][INFO] - Epoch: 277 | Loss: 0.0005 | Val - MRR: 0.4512, MR: 2684.68, H@1: 0.399, H@3: 0.477, H@10: 0.541 | 
[2026-03-19 03:45:18,301][root][INFO] - Epoch: 278 | Loss: 0.0005 | Val - MRR: 0.4529, MR: 2747.88, H@1: 0.403, H@3: 0.475, H@10: 0.542 | Test - MRR: 0.4490 | *
[2026-03-19 03:46:27,286][root][INFO] - Epoch: 279 | Loss: 0.0005 | Val - MRR: 0.4529, MR: 2742.80, H@1: 0.401, H@3: 0.478, H@10: 0.542 | Test - MRR: 0.4514 | *
[2026-03-19 03:47:29,000][root][INFO] - Epoch: 280 | Loss: 0.0005 | Val - MRR: 0.4521, MR: 2875.88, H@1: 0.399, H@3: 0.479, H@10: 0.544 | 
[2026-03-19 03:48:30,686][root][INFO] - Epoch: 281 | Loss: 0.0005 | Val - MRR: 0.4493, MR: 2837.37, H@1: 0.395, H@3: 0.478, H@10: 0.544 | 
[2026-03-19 03:49:32,831][root][INFO] - Epoch: 282 | Loss: 0.0005 | Val - MRR: 0.4523, MR: 2819.09, H@1: 0.400, H@3: 0.478, H@10: 0.544 | 
[2026-03-19 03:50:34,409][root][INFO] - Epoch: 283 | Loss: 0.0005 | Val - MRR: 0.4494, MR: 2868.67, H@1: 0.397, H@3: 0.477, H@10: 0.542 | 
[2026-03-19 03:51:36,211][root][INFO] - Epoch: 284 | Loss: 0.0005 | Val - MRR: 0.4516, MR: 2900.46, H@1: 0.397, H@3: 0.479, H@10: 0.549 | 
[2026-03-19 03:52:38,027][root][INFO] - Epoch: 285 | Loss: 0.0005 | Val - MRR: 0.4513, MR: 2794.08, H@1: 0.400, H@3: 0.477, H@10: 0.542 | 
[2026-03-19 03:53:40,464][root][INFO] - Epoch: 286 | Loss: 0.0005 | Val - MRR: 0.4516, MR: 2743.95, H@1: 0.399, H@3: 0.477, H@10: 0.543 | 
[2026-03-19 03:54:48,951][root][INFO] - Epoch: 287 | Loss: 0.0005 | Val - MRR: 0.4536, MR: 2819.68, H@1: 0.403, H@3: 0.476, H@10: 0.546 | Test - MRR: 0.4525 | *
[2026-03-19 03:55:50,918][root][INFO] - Epoch: 288 | Loss: 0.0005 | Val - MRR: 0.4490, MR: 2836.03, H@1: 0.396, H@3: 0.476, H@10: 0.543 | 
[2026-03-19 03:57:01,013][root][INFO] - Epoch: 289 | Loss: 0.0005 | Val - MRR: 0.4553, MR: 2865.57, H@1: 0.403, H@3: 0.482, H@10: 0.546 | Test - MRR: 0.4537 | *
[2026-03-19 03:58:02,681][root][INFO] - Epoch: 290 | Loss: 0.0005 | Val - MRR: 0.4492, MR: 2814.83, H@1: 0.394, H@3: 0.476, H@10: 0.543 | 
[2026-03-19 03:59:05,438][root][INFO] - Epoch: 291 | Loss: 0.0005 | Val - MRR: 0.4532, MR: 2785.04, H@1: 0.400, H@3: 0.480, H@10: 0.546 | 
[2026-03-19 04:00:07,883][root][INFO] - Epoch: 292 | Loss: 0.0005 | Val - MRR: 0.4521, MR: 2820.58, H@1: 0.400, H@3: 0.477, H@10: 0.546 | 
[2026-03-19 04:01:09,701][root][INFO] - Epoch: 293 | Loss: 0.0005 | Val - MRR: 0.4497, MR: 2797.26, H@1: 0.396, H@3: 0.476, H@10: 0.542 | 
[2026-03-19 04:02:18,792][root][INFO] - Epoch: 294 | Loss: 0.0005 | Val - MRR: 0.4558, MR: 2840.71, H@1: 0.406, H@3: 0.475, H@10: 0.546 | Test - MRR: 0.4538 | *
[2026-03-19 04:03:20,189][root][INFO] - Epoch: 295 | Loss: 0.0005 | Val - MRR: 0.4542, MR: 2825.49, H@1: 0.404, H@3: 0.475, H@10: 0.544 | 
[2026-03-19 04:04:21,797][root][INFO] - Epoch: 296 | Loss: 0.0005 | Val - MRR: 0.4547, MR: 2692.28, H@1: 0.403, H@3: 0.479, H@10: 0.546 | 
[2026-03-19 04:05:23,391][root][INFO] - Epoch: 297 | Loss: 0.0005 | Val - MRR: 0.4514, MR: 2879.68, H@1: 0.399, H@3: 0.478, H@10: 0.544 | 
[2026-03-19 04:06:26,377][root][INFO] - Epoch: 298 | Loss: 0.0005 | Val - MRR: 0.4483, MR: 2999.86, H@1: 0.396, H@3: 0.475, H@10: 0.540 | 
[2026-03-19 04:07:29,079][root][INFO] - Epoch: 299 | Loss: 0.0005 | Val - MRR: 0.4506, MR: 2918.21, H@1: 0.397, H@3: 0.478, H@10: 0.544 | 
[2026-03-19 04:08:30,687][root][INFO] - Epoch: 300 | Loss: 0.0005 | Val - MRR: 0.4514, MR: 2890.36, H@1: 0.400, H@3: 0.475, H@10: 0.543 | 
[2026-03-19 04:09:33,215][root][INFO] - Epoch: 301 | Loss: 0.0005 | Val - MRR: 0.4522, MR: 2870.57, H@1: 0.398, H@3: 0.480, H@10: 0.545 | 
[2026-03-19 04:10:34,750][root][INFO] - Epoch: 302 | Loss: 0.0005 | Val - MRR: 0.4523, MR: 2872.71, H@1: 0.401, H@3: 0.477, H@10: 0.541 | 
[2026-03-19 04:11:37,941][root][INFO] - Epoch: 303 | Loss: 0.0005 | Val - MRR: 0.4503, MR: 2933.30, H@1: 0.398, H@3: 0.476, H@10: 0.541 | 
[2026-03-19 04:12:41,321][root][INFO] - Epoch: 304 | Loss: 0.0005 | Val - MRR: 0.4518, MR: 2794.69, H@1: 0.399, H@3: 0.479, H@10: 0.546 | 
[2026-03-19 04:13:44,014][root][INFO] - Epoch: 305 | Loss: 0.0005 | Val - MRR: 0.4533, MR: 2945.36, H@1: 0.401, H@3: 0.480, H@10: 0.544 | 
[2026-03-19 04:14:45,787][root][INFO] - Epoch: 306 | Loss: 0.0005 | Val - MRR: 0.4523, MR: 2990.59, H@1: 0.401, H@3: 0.478, H@10: 0.543 | 
[2026-03-19 04:15:48,300][root][INFO] - Epoch: 307 | Loss: 0.0005 | Val - MRR: 0.4523, MR: 2886.77, H@1: 0.401, H@3: 0.477, H@10: 0.543 | 
[2026-03-19 04:16:52,421][root][INFO] - Epoch: 308 | Loss: 0.0005 | Val - MRR: 0.4520, MR: 2804.14, H@1: 0.399, H@3: 0.477, H@10: 0.544 | 
[2026-03-19 04:17:54,869][root][INFO] - Epoch: 309 | Loss: 0.0005 | Val - MRR: 0.4528, MR: 2858.10, H@1: 0.400, H@3: 0.479, H@10: 0.543 | 
[2026-03-19 04:18:56,333][root][INFO] - Epoch: 310 | Loss: 0.0005 | Val - MRR: 0.4553, MR: 2980.58, H@1: 0.405, H@3: 0.479, H@10: 0.545 | 
[2026-03-19 04:19:58,294][root][INFO] - Epoch: 311 | Loss: 0.0005 | Val - MRR: 0.4516, MR: 2921.75, H@1: 0.400, H@3: 0.477, H@10: 0.542 | 
[2026-03-19 04:21:07,665][root][INFO] - Epoch: 312 | Loss: 0.0005 | Val - MRR: 0.4567, MR: 2866.69, H@1: 0.405, H@3: 0.482, H@10: 0.547 | Test - MRR: 0.4560 | *
[2026-03-19 04:22:09,394][root][INFO] - Epoch: 313 | Loss: 0.0005 | Val - MRR: 0.4548, MR: 2818.94, H@1: 0.403, H@3: 0.479, H@10: 0.542 | 
[2026-03-19 04:23:10,886][root][INFO] - Epoch: 314 | Loss: 0.0005 | Val - MRR: 0.4551, MR: 2871.40, H@1: 0.403, H@3: 0.480, H@10: 0.547 | 
[2026-03-19 04:24:13,029][root][INFO] - Epoch: 315 | Loss: 0.0005 | Val - MRR: 0.4541, MR: 2965.21, H@1: 0.401, H@3: 0.481, H@10: 0.548 | 
[2026-03-19 04:25:14,483][root][INFO] - Epoch: 316 | Loss: 0.0005 | Val - MRR: 0.4553, MR: 3003.79, H@1: 0.403, H@3: 0.481, H@10: 0.550 | 
[2026-03-19 04:26:17,227][root][INFO] - Epoch: 317 | Loss: 0.0005 | Val - MRR: 0.4548, MR: 2899.95, H@1: 0.402, H@3: 0.481, H@10: 0.549 | 
[2026-03-19 04:27:18,866][root][INFO] - Epoch: 318 | Loss: 0.0005 | Val - MRR: 0.4552, MR: 2881.51, H@1: 0.404, H@3: 0.480, H@10: 0.545 | 
[2026-03-19 04:28:20,541][root][INFO] - Epoch: 319 | Loss: 0.0005 | Val - MRR: 0.4565, MR: 2900.61, H@1: 0.406, H@3: 0.481, H@10: 0.545 | 
[2026-03-19 04:29:22,908][root][INFO] - Epoch: 320 | Loss: 0.0005 | Val - MRR: 0.4527, MR: 2796.54, H@1: 0.401, H@3: 0.477, H@10: 0.545 | 
[2026-03-19 04:30:24,386][root][INFO] - Epoch: 321 | Loss: 0.0005 | Val - MRR: 0.4545, MR: 2889.48, H@1: 0.402, H@3: 0.479, H@10: 0.546 | 
[2026-03-19 04:31:26,136][root][INFO] - Epoch: 322 | Loss: 0.0005 | Val - MRR: 0.4545, MR: 2968.83, H@1: 0.404, H@3: 0.479, H@10: 0.544 | 
[2026-03-19 04:32:27,548][root][INFO] - Epoch: 323 | Loss: 0.0005 | Val - MRR: 0.4525, MR: 2881.71, H@1: 0.400, H@3: 0.477, H@10: 0.547 | 
[2026-03-19 04:33:36,017][root][INFO] - Epoch: 324 | Loss: 0.0005 | Val - MRR: 0.4576, MR: 2937.87, H@1: 0.406, H@3: 0.484, H@10: 0.549 | Test - MRR: 0.4571 | *
[2026-03-19 04:34:38,494][root][INFO] - Epoch: 325 | Loss: 0.0005 | Val - MRR: 0.4554, MR: 2926.70, H@1: 0.404, H@3: 0.482, H@10: 0.544 | 
[2026-03-19 04:35:41,314][root][INFO] - Epoch: 326 | Loss: 0.0005 | Val - MRR: 0.4542, MR: 3006.66, H@1: 0.403, H@3: 0.478, H@10: 0.543 | 
[2026-03-19 04:36:43,154][root][INFO] - Epoch: 327 | Loss: 0.0005 | Val - MRR: 0.4534, MR: 2983.68, H@1: 0.402, H@3: 0.478, H@10: 0.542 | 
[2026-03-19 04:37:45,939][root][INFO] - Epoch: 328 | Loss: 0.0005 | Val - MRR: 0.4561, MR: 2965.07, H@1: 0.407, H@3: 0.479, H@10: 0.544 | 
[2026-03-19 04:38:48,854][root][INFO] - Epoch: 329 | Loss: 0.0005 | Val - MRR: 0.4540, MR: 2857.91, H@1: 0.403, H@3: 0.479, H@10: 0.543 | 
[2026-03-19 04:39:50,597][root][INFO] - Epoch: 330 | Loss: 0.0005 | Val - MRR: 0.4554, MR: 2984.77, H@1: 0.405, H@3: 0.481, H@10: 0.541 | 
[2026-03-19 04:40:52,978][root][INFO] - Epoch: 331 | Loss: 0.0005 | Val - MRR: 0.4555, MR: 2950.55, H@1: 0.404, H@3: 0.481, H@10: 0.545 | 
[2026-03-19 04:42:01,767][root][INFO] - Epoch: 332 | Loss: 0.0005 | Val - MRR: 0.4590, MR: 2890.37, H@1: 0.410, H@3: 0.484, H@10: 0.544 | Test - MRR: 0.4577 | *
[2026-03-19 04:43:11,298][root][INFO] - Epoch: 333 | Loss: 0.0005 | Val - MRR: 0.4591, MR: 2960.91, H@1: 0.408, H@3: 0.485, H@10: 0.549 | Test - MRR: 0.4569 | *
[2026-03-19 04:44:14,059][root][INFO] - Epoch: 334 | Loss: 0.0005 | Val - MRR: 0.4565, MR: 2877.09, H@1: 0.406, H@3: 0.484, H@10: 0.543 | 
[2026-03-19 04:45:16,875][root][INFO] - Epoch: 335 | Loss: 0.0005 | Val - MRR: 0.4566, MR: 3017.60, H@1: 0.404, H@3: 0.485, H@10: 0.549 | 
[2026-03-19 04:46:18,715][root][INFO] - Epoch: 336 | Loss: 0.0005 | Val - MRR: 0.4555, MR: 3002.79, H@1: 0.404, H@3: 0.482, H@10: 0.544 | 
[2026-03-19 04:47:20,590][root][INFO] - Epoch: 337 | Loss: 0.0005 | Val - MRR: 0.4551, MR: 2920.85, H@1: 0.402, H@3: 0.484, H@10: 0.545 | 
[2026-03-19 04:48:23,013][root][INFO] - Epoch: 338 | Loss: 0.0005 | Val - MRR: 0.4566, MR: 2982.44, H@1: 0.405, H@3: 0.483, H@10: 0.544 | 
[2026-03-19 04:49:24,862][root][INFO] - Epoch: 339 | Loss: 0.0005 | Val - MRR: 0.4570, MR: 2931.29, H@1: 0.407, H@3: 0.482, H@10: 0.545 | 
[2026-03-19 04:50:26,458][root][INFO] - Epoch: 340 | Loss: 0.0005 | Val - MRR: 0.4590, MR: 2894.27, H@1: 0.406, H@3: 0.486, H@10: 0.551 | 
[2026-03-19 04:51:36,146][root][INFO] - Epoch: 341 | Loss: 0.0005 | Val - MRR: 0.4601, MR: 2903.47, H@1: 0.410, H@3: 0.485, H@10: 0.548 | Test - MRR: 0.4570 | *
[2026-03-19 04:52:38,738][root][INFO] - Epoch: 342 | Loss: 0.0005 | Val - MRR: 0.4581, MR: 2974.69, H@1: 0.408, H@3: 0.482, H@10: 0.546 | 
[2026-03-19 04:53:41,369][root][INFO] - Epoch: 343 | Loss: 0.0005 | Val - MRR: 0.4564, MR: 3018.24, H@1: 0.404, H@3: 0.482, H@10: 0.546 | 
[2026-03-19 04:54:50,799][root][INFO] - Epoch: 344 | Loss: 0.0005 | Val - MRR: 0.4607, MR: 2905.64, H@1: 0.409, H@3: 0.488, H@10: 0.548 | Test - MRR: 0.4596 | *
[2026-03-19 04:55:52,742][root][INFO] - Epoch: 345 | Loss: 0.0005 | Val - MRR: 0.4602, MR: 2898.40, H@1: 0.411, H@3: 0.485, H@10: 0.546 | 
[2026-03-19 04:56:54,474][root][INFO] - Epoch: 346 | Loss: 0.0005 | Val - MRR: 0.4584, MR: 2907.09, H@1: 0.407, H@3: 0.484, H@10: 0.546 | 
[2026-03-19 04:57:56,201][root][INFO] - Epoch: 347 | Loss: 0.0005 | Val - MRR: 0.4591, MR: 2905.25, H@1: 0.410, H@3: 0.483, H@10: 0.544 | 
[2026-03-19 04:59:06,157][root][INFO] - Epoch: 348 | Loss: 0.0005 | Val - MRR: 0.4612, MR: 2933.09, H@1: 0.412, H@3: 0.485, H@10: 0.548 | Test - MRR: 0.4576 | *
[2026-03-19 05:00:07,995][root][INFO] - Epoch: 349 | Loss: 0.0005 | Val - MRR: 0.4585, MR: 2980.63, H@1: 0.408, H@3: 0.484, H@10: 0.546 | 
[2026-03-19 05:01:15,807][root][INFO] - Epoch: 350 | Loss: 0.0005 | Val - MRR: 0.4601, MR: 2927.42, H@1: 0.411, H@3: 0.484, H@10: 0.545 | 
[2026-03-19 05:02:26,047][root][INFO] - Epoch: 351 | Loss: 0.0005 | Val - MRR: 0.4586, MR: 2912.93, H@1: 0.411, H@3: 0.480, H@10: 0.543 | 
[2026-03-19 05:03:30,059][root][INFO] - Epoch: 352 | Loss: 0.0005 | Val - MRR: 0.4590, MR: 2934.34, H@1: 0.410, H@3: 0.481, H@10: 0.546 | 
[2026-03-19 05:04:31,749][root][INFO] - Epoch: 353 | Loss: 0.0005 | Val - MRR: 0.4579, MR: 2938.79, H@1: 0.410, H@3: 0.481, H@10: 0.542 | 
[2026-03-19 05:05:33,787][root][INFO] - Epoch: 354 | Loss: 0.0005 | Val - MRR: 0.4578, MR: 2968.07, H@1: 0.406, H@3: 0.482, H@10: 0.550 | 
[2026-03-19 05:06:35,584][root][INFO] - Epoch: 355 | Loss: 0.0005 | Val - MRR: 0.4555, MR: 2947.93, H@1: 0.405, H@3: 0.479, H@10: 0.543 | 
[2026-03-19 05:07:38,388][root][INFO] - Epoch: 356 | Loss: 0.0005 | Val - MRR: 0.4561, MR: 3010.27, H@1: 0.407, H@3: 0.479, H@10: 0.543 | 
[2026-03-19 05:08:40,328][root][INFO] - Epoch: 357 | Loss: 0.0005 | Val - MRR: 0.4564, MR: 3013.99, H@1: 0.405, H@3: 0.483, H@10: 0.545 | 
[2026-03-19 05:09:42,650][root][INFO] - Epoch: 358 | Loss: 0.0005 | Val - MRR: 0.4562, MR: 2904.61, H@1: 0.405, H@3: 0.481, H@10: 0.544 | 
[2026-03-19 05:10:43,774][root][INFO] - Epoch: 359 | Loss: 0.0005 | Val - MRR: 0.4598, MR: 2983.96, H@1: 0.411, H@3: 0.484, H@10: 0.544 | 
[2026-03-19 05:11:45,931][root][INFO] - Epoch: 360 | Loss: 0.0005 | Val - MRR: 0.4605, MR: 3024.07, H@1: 0.410, H@3: 0.486, H@10: 0.548 | 
[2026-03-19 05:12:49,397][root][INFO] - Epoch: 361 | Loss: 0.0005 | Val - MRR: 0.4581, MR: 2993.06, H@1: 0.409, H@3: 0.482, H@10: 0.547 | 
[2026-03-19 05:13:51,239][root][INFO] - Epoch: 362 | Loss: 0.0005 | Val - MRR: 0.4575, MR: 2911.95, H@1: 0.407, H@3: 0.483, H@10: 0.544 | 
[2026-03-19 05:14:52,604][root][INFO] - Epoch: 363 | Loss: 0.0005 | Val - MRR: 0.4581, MR: 2943.97, H@1: 0.407, H@3: 0.482, H@10: 0.546 | 
[2026-03-19 05:15:54,735][root][INFO] - Epoch: 364 | Loss: 0.0005 | Val - MRR: 0.4588, MR: 2993.38, H@1: 0.410, H@3: 0.482, H@10: 0.543 | 
[2026-03-19 05:16:56,523][root][INFO] - Epoch: 365 | Loss: 0.0005 | Val - MRR: 0.4581, MR: 3002.43, H@1: 0.408, H@3: 0.482, H@10: 0.547 | 
[2026-03-19 05:17:58,824][root][INFO] - Epoch: 366 | Loss: 0.0005 | Val - MRR: 0.4603, MR: 2908.03, H@1: 0.409, H@3: 0.486, H@10: 0.549 | 
[2026-03-19 05:19:00,053][root][INFO] - Epoch: 367 | Loss: 0.0005 | Val - MRR: 0.4609, MR: 2941.92, H@1: 0.410, H@3: 0.484, H@10: 0.549 | 
[2026-03-19 05:20:01,212][root][INFO] - Epoch: 368 | Loss: 0.0005 | Val - MRR: 0.4599, MR: 3057.41, H@1: 0.411, H@3: 0.482, H@10: 0.548 | 
[2026-03-19 05:21:02,486][root][INFO] - Epoch: 369 | Loss: 0.0005 | Val - MRR: 0.4587, MR: 2949.32, H@1: 0.407, H@3: 0.484, H@10: 0.551 | 
[2026-03-19 05:22:11,346][root][INFO] - Epoch: 370 | Loss: 0.0005 | Val - MRR: 0.4617, MR: 3019.67, H@1: 0.413, H@3: 0.484, H@10: 0.545 | Test - MRR: 0.4592 | *
[2026-03-19 05:23:19,827][root][INFO] - Epoch: 371 | Loss: 0.0005 | Val - MRR: 0.4628, MR: 2990.34, H@1: 0.413, H@3: 0.487, H@10: 0.548 | Test - MRR: 0.4587 | *
[2026-03-19 05:24:21,293][root][INFO] - Epoch: 372 | Loss: 0.0005 | Val - MRR: 0.4620, MR: 3020.08, H@1: 0.411, H@3: 0.488, H@10: 0.552 | 
[2026-03-19 05:25:24,048][root][INFO] - Epoch: 373 | Loss: 0.0005 | Val - MRR: 0.4606, MR: 3053.86, H@1: 0.411, H@3: 0.485, H@10: 0.547 | 
[2026-03-19 05:26:25,408][root][INFO] - Epoch: 374 | Loss: 0.0005 | Val - MRR: 0.4626, MR: 2960.85, H@1: 0.416, H@3: 0.483, H@10: 0.547 | 
[2026-03-19 05:27:26,798][root][INFO] - Epoch: 375 | Loss: 0.0005 | Val - MRR: 0.4612, MR: 2994.17, H@1: 0.412, H@3: 0.484, H@10: 0.546 | 
[2026-03-19 05:28:28,078][root][INFO] - Epoch: 376 | Loss: 0.0005 | Val - MRR: 0.4611, MR: 2888.35, H@1: 0.412, H@3: 0.484, H@10: 0.548 | 
[2026-03-19 05:29:37,872][root][INFO] - Epoch: 377 | Loss: 0.0005 | Val - MRR: 0.4648, MR: 2956.74, H@1: 0.416, H@3: 0.488, H@10: 0.550 | Test - MRR: 0.4618 | *
[2026-03-19 05:30:39,514][root][INFO] - Epoch: 378 | Loss: 0.0005 | Val - MRR: 0.4633, MR: 3084.02, H@1: 0.414, H@3: 0.486, H@10: 0.548 | 
[2026-03-19 05:31:40,884][root][INFO] - Epoch: 379 | Loss: 0.0005 | Val - MRR: 0.4616, MR: 3123.58, H@1: 0.415, H@3: 0.483, H@10: 0.543 | 
[2026-03-19 05:32:42,432][root][INFO] - Epoch: 380 | Loss: 0.0005 | Val - MRR: 0.4616, MR: 2979.54, H@1: 0.416, H@3: 0.481, H@10: 0.542 | 
[2026-03-19 05:33:44,111][root][INFO] - Epoch: 381 | Loss: 0.0005 | Val - MRR: 0.4616, MR: 2989.53, H@1: 0.413, H@3: 0.483, H@10: 0.547 | 
[2026-03-19 05:34:46,274][root][INFO] - Epoch: 382 | Loss: 0.0005 | Val - MRR: 0.4618, MR: 3066.20, H@1: 0.414, H@3: 0.485, H@10: 0.544 | 
[2026-03-19 05:35:48,713][root][INFO] - Epoch: 383 | Loss: 0.0005 | Val - MRR: 0.4626, MR: 3057.77, H@1: 0.414, H@3: 0.485, H@10: 0.546 | 
[2026-03-19 05:36:51,493][root][INFO] - Epoch: 384 | Loss: 0.0005 | Val - MRR: 0.4637, MR: 3100.52, H@1: 0.414, H@3: 0.487, H@10: 0.551 | 
[2026-03-19 05:37:53,303][root][INFO] - Epoch: 385 | Loss: 0.0005 | Val - MRR: 0.4620, MR: 3030.54, H@1: 0.413, H@3: 0.485, H@10: 0.548 | 
[2026-03-19 05:38:55,655][root][INFO] - Epoch: 386 | Loss: 0.0005 | Val - MRR: 0.4602, MR: 3082.36, H@1: 0.411, H@3: 0.484, H@10: 0.546 | 
[2026-03-19 05:39:57,977][root][INFO] - Epoch: 387 | Loss: 0.0005 | Val - MRR: 0.4590, MR: 3049.64, H@1: 0.409, H@3: 0.484, H@10: 0.544 | 
[2026-03-19 05:40:59,277][root][INFO] - Epoch: 388 | Loss: 0.0005 | Val - MRR: 0.4634, MR: 3136.99, H@1: 0.416, H@3: 0.485, H@10: 0.547 | 
[2026-03-19 05:42:02,128][root][INFO] - Epoch: 389 | Loss: 0.0005 | Val - MRR: 0.4624, MR: 2982.83, H@1: 0.415, H@3: 0.484, H@10: 0.546 | 
[2026-03-19 05:43:03,729][root][INFO] - Epoch: 390 | Loss: 0.0005 | Val - MRR: 0.4598, MR: 2972.85, H@1: 0.411, H@3: 0.481, H@10: 0.546 | 
[2026-03-19 05:44:05,981][root][INFO] - Epoch: 391 | Loss: 0.0005 | Val - MRR: 0.4599, MR: 3128.69, H@1: 0.409, H@3: 0.484, H@10: 0.551 | 
[2026-03-19 05:45:07,484][root][INFO] - Epoch: 392 | Loss: 0.0005 | Val - MRR: 0.4622, MR: 3096.88, H@1: 0.412, H@3: 0.487, H@10: 0.554 | 
[2026-03-19 05:46:08,996][root][INFO] - Epoch: 393 | Loss: 0.0005 | Val - MRR: 0.4621, MR: 2925.76, H@1: 0.411, H@3: 0.487, H@10: 0.553 | 
[2026-03-19 05:47:11,272][root][INFO] - Epoch: 394 | Loss: 0.0005 | Val - MRR: 0.4635, MR: 3045.35, H@1: 0.415, H@3: 0.486, H@10: 0.552 | 
[2026-03-19 05:48:13,684][root][INFO] - Epoch: 395 | Loss: 0.0005 | Val - MRR: 0.4597, MR: 3019.23, H@1: 0.410, H@3: 0.483, H@10: 0.549 | 
[2026-03-19 05:49:15,845][root][INFO] - Epoch: 396 | Loss: 0.0005 | Val - MRR: 0.4628, MR: 3042.41, H@1: 0.414, H@3: 0.486, H@10: 0.551 | 
[2026-03-19 05:50:25,252][root][INFO] - Epoch: 397 | Loss: 0.0005 | Val - MRR: 0.4651, MR: 3043.34, H@1: 0.418, H@3: 0.486, H@10: 0.551 | Test - MRR: 0.4600 | *
[2026-03-19 05:51:26,650][root][INFO] - Epoch: 398 | Loss: 0.0005 | Val - MRR: 0.4623, MR: 3110.86, H@1: 0.413, H@3: 0.488, H@10: 0.550 | 
[2026-03-19 05:52:28,056][root][INFO] - Epoch: 399 | Loss: 0.0005 | Val - MRR: 0.4642, MR: 3110.55, H@1: 0.415, H@3: 0.488, H@10: 0.550 | 
[2026-03-19 05:53:30,126][root][INFO] - Epoch: 400 | Loss: 0.0005 | Val - MRR: 0.4638, MR: 3061.00, H@1: 0.415, H@3: 0.486, H@10: 0.552 | 
[2026-03-19 05:54:31,957][root][INFO] - Epoch: 401 | Loss: 0.0005 | Val - MRR: 0.4614, MR: 2967.02, H@1: 0.412, H@3: 0.485, H@10: 0.550 | 
[2026-03-19 05:55:33,758][root][INFO] - Epoch: 402 | Loss: 0.0005 | Val - MRR: 0.4620, MR: 3010.54, H@1: 0.414, H@3: 0.485, H@10: 0.548 | 
[2026-03-19 05:56:35,250][root][INFO] - Epoch: 403 | Loss: 0.0005 | Val - MRR: 0.4595, MR: 3072.75, H@1: 0.411, H@3: 0.482, H@10: 0.545 | 
[2026-03-19 05:57:37,351][root][INFO] - Epoch: 404 | Loss: 0.0005 | Val - MRR: 0.4636, MR: 3077.56, H@1: 0.415, H@3: 0.487, H@10: 0.547 | 
[2026-03-19 05:58:40,133][root][INFO] - Epoch: 405 | Loss: 0.0005 | Val - MRR: 0.4614, MR: 3074.91, H@1: 0.412, H@3: 0.485, H@10: 0.548 | 
[2026-03-19 05:59:41,462][root][INFO] - Epoch: 406 | Loss: 0.0005 | Val - MRR: 0.4625, MR: 3135.88, H@1: 0.416, H@3: 0.483, H@10: 0.547 | 
[2026-03-19 06:00:44,339][root][INFO] - Epoch: 407 | Loss: 0.0005 | Val - MRR: 0.4628, MR: 3082.62, H@1: 0.414, H@3: 0.486, H@10: 0.545 | 
[2026-03-19 06:01:45,584][root][INFO] - Epoch: 408 | Loss: 0.0005 | Val - MRR: 0.4617, MR: 3022.07, H@1: 0.413, H@3: 0.485, H@10: 0.546 | 
[2026-03-19 06:02:48,281][root][INFO] - Epoch: 409 | Loss: 0.0005 | Val - MRR: 0.4629, MR: 3078.40, H@1: 0.414, H@3: 0.487, H@10: 0.549 | 
[2026-03-19 06:03:49,656][root][INFO] - Epoch: 410 | Loss: 0.0005 | Val - MRR: 0.4638, MR: 3054.86, H@1: 0.415, H@3: 0.488, H@10: 0.549 | 
[2026-03-19 06:04:52,082][root][INFO] - Epoch: 411 | Loss: 0.0005 | Val - MRR: 0.4641, MR: 3070.53, H@1: 0.416, H@3: 0.486, H@10: 0.549 | 
[2026-03-19 06:05:54,150][root][INFO] - Epoch: 412 | Loss: 0.0005 | Val - MRR: 0.4613, MR: 2925.53, H@1: 0.411, H@3: 0.485, H@10: 0.546 | 
[2026-03-19 06:06:55,969][root][INFO] - Epoch: 413 | Loss: 0.0005 | Val - MRR: 0.4625, MR: 3025.38, H@1: 0.414, H@3: 0.485, H@10: 0.546 | 
[2026-03-19 06:07:57,685][root][INFO] - Epoch: 414 | Loss: 0.0005 | Val - MRR: 0.4629, MR: 3014.01, H@1: 0.414, H@3: 0.484, H@10: 0.549 | 
[2026-03-19 06:08:59,157][root][INFO] - Epoch: 415 | Loss: 0.0005 | Val - MRR: 0.4629, MR: 3064.13, H@1: 0.415, H@3: 0.485, H@10: 0.547 | 
[2026-03-19 06:10:01,788][root][INFO] - Epoch: 416 | Loss: 0.0005 | Val - MRR: 0.4641, MR: 3105.63, H@1: 0.416, H@3: 0.485, H@10: 0.547 | 
[2026-03-19 06:11:03,749][root][INFO] - Epoch: 417 | Loss: 0.0005 | Val - MRR: 0.4635, MR: 3019.62, H@1: 0.414, H@3: 0.486, H@10: 0.552 | 
[2026-03-19 06:12:06,453][root][INFO] - Epoch: 418 | Loss: 0.0005 | Val - MRR: 0.4641, MR: 3153.19, H@1: 0.415, H@3: 0.488, H@10: 0.550 | 
[2026-03-19 06:13:08,420][root][INFO] - Epoch: 419 | Loss: 0.0005 | Val - MRR: 0.4636, MR: 3058.28, H@1: 0.415, H@3: 0.487, H@10: 0.550 | 
[2026-03-19 06:14:11,614][root][INFO] - Epoch: 420 | Loss: 0.0005 | Val - MRR: 0.4633, MR: 3022.14, H@1: 0.416, H@3: 0.485, H@10: 0.547 | 
[2026-03-19 06:15:20,359][root][INFO] - Epoch: 421 | Loss: 0.0005 | Val - MRR: 0.4660, MR: 3102.61, H@1: 0.418, H@3: 0.489, H@10: 0.550 | Test - MRR: 0.4630 | *
[2026-03-19 06:16:22,816][root][INFO] - Epoch: 422 | Loss: 0.0005 | Val - MRR: 0.4632, MR: 3023.63, H@1: 0.414, H@3: 0.488, H@10: 0.548 | 
[2026-03-19 06:17:24,880][root][INFO] - Epoch: 423 | Loss: 0.0005 | Val - MRR: 0.4634, MR: 2962.87, H@1: 0.415, H@3: 0.487, H@10: 0.549 | 
[2026-03-19 06:18:27,315][root][INFO] - Epoch: 424 | Loss: 0.0005 | Val - MRR: 0.4635, MR: 3103.24, H@1: 0.414, H@3: 0.486, H@10: 0.551 | 
[2026-03-19 06:19:29,650][root][INFO] - Epoch: 425 | Loss: 0.0005 | Val - MRR: 0.4647, MR: 3094.48, H@1: 0.416, H@3: 0.487, H@10: 0.551 | 
[2026-03-19 06:20:31,838][root][INFO] - Epoch: 426 | Loss: 0.0005 | Val - MRR: 0.4634, MR: 3096.00, H@1: 0.415, H@3: 0.487, H@10: 0.550 | 
[2026-03-19 06:21:34,582][root][INFO] - Epoch: 427 | Loss: 0.0005 | Val - MRR: 0.4653, MR: 3067.76, H@1: 0.417, H@3: 0.489, H@10: 0.550 | 
[2026-03-19 06:22:36,781][root][INFO] - Epoch: 428 | Loss: 0.0005 | Val - MRR: 0.4628, MR: 3111.16, H@1: 0.416, H@3: 0.485, H@10: 0.544 | 
[2026-03-19 06:23:45,435][root][INFO] - Epoch: 429 | Loss: 0.0005 | Val - MRR: 0.4664, MR: 3110.03, H@1: 0.420, H@3: 0.488, H@10: 0.550 | Test - MRR: 0.4631 | *
[2026-03-19 06:24:47,493][root][INFO] - Epoch: 430 | Loss: 0.0005 | Val - MRR: 0.4651, MR: 3072.10, H@1: 0.417, H@3: 0.489, H@10: 0.552 | 
[2026-03-19 06:25:49,347][root][INFO] - Epoch: 431 | Loss: 0.0005 | Val - MRR: 0.4618, MR: 3179.31, H@1: 0.415, H@3: 0.484, H@10: 0.546 | 
[2026-03-19 06:26:51,223][root][INFO] - Epoch: 432 | Loss: 0.0005 | Val - MRR: 0.4651, MR: 3088.00, H@1: 0.417, H@3: 0.487, H@10: 0.550 | 
[2026-03-19 06:27:53,172][root][INFO] - Epoch: 433 | Loss: 0.0005 | Val - MRR: 0.4645, MR: 3114.26, H@1: 0.417, H@3: 0.487, H@10: 0.552 | 
[2026-03-19 06:29:02,326][root][INFO] - Epoch: 434 | Loss: 0.0005 | Val - MRR: 0.4668, MR: 3092.47, H@1: 0.420, H@3: 0.488, H@10: 0.553 | Test - MRR: 0.4629 | *
[2026-03-19 06:30:04,255][root][INFO] - Epoch: 435 | Loss: 0.0005 | Val - MRR: 0.4620, MR: 3132.81, H@1: 0.415, H@3: 0.483, H@10: 0.545 | 
[2026-03-19 06:31:06,987][root][INFO] - Epoch: 436 | Loss: 0.0005 | Val - MRR: 0.4653, MR: 3089.35, H@1: 0.419, H@3: 0.485, H@10: 0.546 | 
[2026-03-19 06:32:09,479][root][INFO] - Epoch: 437 | Loss: 0.0005 | Val - MRR: 0.4665, MR: 3088.54, H@1: 0.420, H@3: 0.485, H@10: 0.548 | 
[2026-03-19 06:33:11,032][root][INFO] - Epoch: 438 | Loss: 0.0005 | Val - MRR: 0.4650, MR: 3046.89, H@1: 0.417, H@3: 0.487, H@10: 0.549 | 
[2026-03-19 06:34:12,555][root][INFO] - Epoch: 439 | Loss: 0.0005 | Val - MRR: 0.4657, MR: 3031.54, H@1: 0.418, H@3: 0.486, H@10: 0.549 | 
[2026-03-19 06:35:13,905][root][INFO] - Epoch: 440 | Loss: 0.0005 | Val - MRR: 0.4649, MR: 3076.53, H@1: 0.418, H@3: 0.485, H@10: 0.550 | 
[2026-03-19 06:36:15,841][root][INFO] - Epoch: 441 | Loss: 0.0005 | Val - MRR: 0.4656, MR: 3031.26, H@1: 0.417, H@3: 0.488, H@10: 0.549 | 
[2026-03-19 06:37:18,139][root][INFO] - Epoch: 442 | Loss: 0.0005 | Val - MRR: 0.4645, MR: 3044.29, H@1: 0.416, H@3: 0.487, H@10: 0.550 | 
[2026-03-19 06:38:19,473][root][INFO] - Epoch: 443 | Loss: 0.0005 | Val - MRR: 0.4653, MR: 3145.91, H@1: 0.419, H@3: 0.484, H@10: 0.549 | 
[2026-03-19 06:39:22,676][root][INFO] - Epoch: 444 | Loss: 0.0005 | Val - MRR: 0.4647, MR: 3073.03, H@1: 0.417, H@3: 0.486, H@10: 0.550 | 
[2026-03-19 06:40:24,208][root][INFO] - Epoch: 445 | Loss: 0.0005 | Val - MRR: 0.4653, MR: 3068.66, H@1: 0.418, H@3: 0.486, H@10: 0.549 | 
[2026-03-19 06:41:26,070][root][INFO] - Epoch: 446 | Loss: 0.0005 | Val - MRR: 0.4644, MR: 3054.66, H@1: 0.417, H@3: 0.486, H@10: 0.549 | 
[2026-03-19 06:42:28,647][root][INFO] - Epoch: 447 | Loss: 0.0005 | Val - MRR: 0.4654, MR: 3075.84, H@1: 0.416, H@3: 0.491, H@10: 0.552 | 
[2026-03-19 06:43:30,260][root][INFO] - Epoch: 448 | Loss: 0.0005 | Val - MRR: 0.4643, MR: 3117.30, H@1: 0.417, H@3: 0.486, H@10: 0.549 | 
[2026-03-19 06:44:32,499][root][INFO] - Epoch: 449 | Loss: 0.0005 | Val - MRR: 0.4627, MR: 3110.80, H@1: 0.414, H@3: 0.485, H@10: 0.550 | 
[2026-03-19 06:45:35,057][root][INFO] - Epoch: 450 | Loss: 0.0005 | Val - MRR: 0.4652, MR: 3108.35, H@1: 0.415, H@3: 0.490, H@10: 0.553 | 
[2026-03-19 06:46:37,467][root][INFO] - Epoch: 451 | Loss: 0.0005 | Val - MRR: 0.4633, MR: 3059.41, H@1: 0.414, H@3: 0.486, H@10: 0.550 | 
[2026-03-19 06:47:39,743][root][INFO] - Epoch: 452 | Loss: 0.0005 | Val - MRR: 0.4649, MR: 2984.40, H@1: 0.416, H@3: 0.488, H@10: 0.554 | 
[2026-03-19 06:48:42,220][root][INFO] - Epoch: 453 | Loss: 0.0005 | Val - MRR: 0.4635, MR: 3026.80, H@1: 0.415, H@3: 0.486, H@10: 0.551 | 
[2026-03-19 06:49:44,849][root][INFO] - Epoch: 454 | Loss: 0.0005 | Val - MRR: 0.4647, MR: 3067.39, H@1: 0.416, H@3: 0.487, H@10: 0.551 | 
[2026-03-19 06:50:46,686][root][INFO] - Epoch: 455 | Loss: 0.0005 | Val - MRR: 0.4634, MR: 3148.64, H@1: 0.416, H@3: 0.486, H@10: 0.546 | 
[2026-03-19 06:51:49,205][root][INFO] - Epoch: 456 | Loss: 0.0005 | Val - MRR: 0.4628, MR: 3019.15, H@1: 0.415, H@3: 0.485, H@10: 0.547 | 
[2026-03-19 06:52:57,894][root][INFO] - Epoch: 457 | Loss: 0.0005 | Val - MRR: 0.4673, MR: 3027.90, H@1: 0.420, H@3: 0.488, H@10: 0.550 | Test - MRR: 0.4653 | *
[2026-03-19 06:53:59,410][root][INFO] - Epoch: 458 | Loss: 0.0005 | Val - MRR: 0.4640, MR: 3146.50, H@1: 0.415, H@3: 0.486, H@10: 0.552 | 
[2026-03-19 06:55:01,399][root][INFO] - Epoch: 459 | Loss: 0.0005 | Val - MRR: 0.4660, MR: 3077.39, H@1: 0.419, H@3: 0.487, H@10: 0.549 | 
[2026-03-19 06:56:03,749][root][INFO] - Epoch: 460 | Loss: 0.0005 | Val - MRR: 0.4661, MR: 3020.15, H@1: 0.419, H@3: 0.487, H@10: 0.549 | 
[2026-03-19 06:57:06,589][root][INFO] - Epoch: 461 | Loss: 0.0005 | Val - MRR: 0.4642, MR: 3146.59, H@1: 0.419, H@3: 0.485, H@10: 0.545 | 
[2026-03-19 06:58:08,337][root][INFO] - Epoch: 462 | Loss: 0.0005 | Val - MRR: 0.4647, MR: 3094.52, H@1: 0.417, H@3: 0.487, H@10: 0.549 | 
[2026-03-19 06:59:10,174][root][INFO] - Epoch: 463 | Loss: 0.0005 | Val - MRR: 0.4652, MR: 3221.29, H@1: 0.417, H@3: 0.488, H@10: 0.548 | 
[2026-03-19 07:00:13,277][root][INFO] - Epoch: 464 | Loss: 0.0005 | Val - MRR: 0.4665, MR: 3199.57, H@1: 0.419, H@3: 0.489, H@10: 0.551 | 
[2026-03-19 07:01:15,676][root][INFO] - Epoch: 465 | Loss: 0.0005 | Val - MRR: 0.4646, MR: 3131.41, H@1: 0.416, H@3: 0.488, H@10: 0.548 | 
[2026-03-19 07:02:18,105][root][INFO] - Epoch: 466 | Loss: 0.0005 | Val - MRR: 0.4658, MR: 3181.14, H@1: 0.418, H@3: 0.487, H@10: 0.552 | 
[2026-03-19 07:03:20,231][root][INFO] - Epoch: 467 | Loss: 0.0005 | Val - MRR: 0.4666, MR: 3165.01, H@1: 0.420, H@3: 0.487, H@10: 0.551 | 
[2026-03-19 07:04:38,152][root][INFO] - Epoch: 468 | Loss: 0.0005 | Val - MRR: 0.4647, MR: 3073.11, H@1: 0.417, H@3: 0.486, H@10: 0.551 | 
[2026-03-19 07:05:39,826][root][INFO] - Epoch: 469 | Loss: 0.0005 | Val - MRR: 0.4622, MR: 3117.27, H@1: 0.412, H@3: 0.485, H@10: 0.550 | 
[2026-03-19 07:06:41,895][root][INFO] - Epoch: 470 | Loss: 0.0005 | Val - MRR: 0.4654, MR: 3156.39, H@1: 0.418, H@3: 0.487, H@10: 0.551 | 
[2026-03-19 07:07:44,211][root][INFO] - Epoch: 471 | Loss: 0.0005 | Val - MRR: 0.4659, MR: 3131.33, H@1: 0.419, H@3: 0.488, H@10: 0.550 | 
[2026-03-19 07:08:47,170][root][INFO] - Epoch: 472 | Loss: 0.0005 | Val - MRR: 0.4644, MR: 3090.92, H@1: 0.416, H@3: 0.488, H@10: 0.551 | 
[2026-03-19 07:09:48,714][root][INFO] - Epoch: 473 | Loss: 0.0005 | Val - MRR: 0.4662, MR: 3056.33, H@1: 0.418, H@3: 0.487, H@10: 0.551 | 
[2026-03-19 07:10:50,565][root][INFO] - Epoch: 474 | Loss: 0.0005 | Val - MRR: 0.4650, MR: 3209.75, H@1: 0.416, H@3: 0.486, H@10: 0.552 | 
[2026-03-19 07:11:53,069][root][INFO] - Epoch: 475 | Loss: 0.0005 | Val - MRR: 0.4652, MR: 3090.44, H@1: 0.416, H@3: 0.489, H@10: 0.552 | 
[2026-03-19 07:12:54,518][root][INFO] - Epoch: 476 | Loss: 0.0005 | Val - MRR: 0.4653, MR: 3013.91, H@1: 0.416, H@3: 0.489, H@10: 0.555 | 
[2026-03-19 07:13:57,477][root][INFO] - Epoch: 477 | Loss: 0.0005 | Val - MRR: 0.4647, MR: 3063.45, H@1: 0.418, H@3: 0.485, H@10: 0.550 | 
[2026-03-19 07:14:59,344][root][INFO] - Epoch: 478 | Loss: 0.0005 | Val - MRR: 0.4643, MR: 3097.95, H@1: 0.416, H@3: 0.487, H@10: 0.550 | 
[2026-03-19 07:16:01,184][root][INFO] - Epoch: 479 | Loss: 0.0005 | Val - MRR: 0.4641, MR: 3059.56, H@1: 0.415, H@3: 0.487, H@10: 0.554 | 
[2026-03-19 07:17:02,808][root][INFO] - Epoch: 480 | Loss: 0.0005 | Val - MRR: 0.4656, MR: 3145.70, H@1: 0.419, H@3: 0.485, H@10: 0.548 | 
[2026-03-19 07:18:05,450][root][INFO] - Epoch: 481 | Loss: 0.0005 | Val - MRR: 0.4642, MR: 3100.36, H@1: 0.416, H@3: 0.485, H@10: 0.551 | 
[2026-03-19 07:19:07,035][root][INFO] - Epoch: 482 | Loss: 0.0005 | Val - MRR: 0.4635, MR: 3192.71, H@1: 0.416, H@3: 0.485, H@10: 0.550 | 
[2026-03-19 07:20:08,557][root][INFO] - Epoch: 483 | Loss: 0.0005 | Val - MRR: 0.4637, MR: 3189.88, H@1: 0.414, H@3: 0.486, H@10: 0.551 | 
[2026-03-19 07:21:10,696][root][INFO] - Epoch: 484 | Loss: 0.0005 | Val - MRR: 0.4649, MR: 3117.08, H@1: 0.416, H@3: 0.487, H@10: 0.553 | 
[2026-03-19 07:22:12,219][root][INFO] - Epoch: 485 | Loss: 0.0005 | Val - MRR: 0.4653, MR: 3230.09, H@1: 0.418, H@3: 0.486, H@10: 0.550 | 
[2026-03-19 07:23:13,534][root][INFO] - Epoch: 486 | Loss: 0.0005 | Val - MRR: 0.4658, MR: 3112.79, H@1: 0.418, H@3: 0.487, H@10: 0.552 | 
[2026-03-19 07:24:22,575][root][INFO] - Epoch: 487 | Loss: 0.0005 | Val - MRR: 0.4679, MR: 3124.76, H@1: 0.420, H@3: 0.490, H@10: 0.553 | Test - MRR: 0.4651 | *
[2026-03-19 07:25:25,004][root][INFO] - Epoch: 488 | Loss: 0.0005 | Val - MRR: 0.4657, MR: 3242.59, H@1: 0.417, H@3: 0.488, H@10: 0.551 | 
[2026-03-19 07:26:27,702][root][INFO] - Epoch: 489 | Loss: 0.0005 | Val - MRR: 0.4652, MR: 3091.20, H@1: 0.417, H@3: 0.485, H@10: 0.553 | 
[2026-03-19 07:27:30,342][root][INFO] - Epoch: 490 | Loss: 0.0005 | Val - MRR: 0.4644, MR: 3170.66, H@1: 0.418, H@3: 0.485, H@10: 0.548 | 
[2026-03-19 07:28:32,010][root][INFO] - Epoch: 491 | Loss: 0.0005 | Val - MRR: 0.4677, MR: 3187.09, H@1: 0.421, H@3: 0.488, H@10: 0.552 | 
[2026-03-19 07:29:33,512][root][INFO] - Epoch: 492 | Loss: 0.0005 | Val - MRR: 0.4661, MR: 3106.45, H@1: 0.419, H@3: 0.487, H@10: 0.551 | 
[2026-03-19 07:30:35,870][root][INFO] - Epoch: 493 | Loss: 0.0005 | Val - MRR: 0.4659, MR: 3074.19, H@1: 0.419, H@3: 0.485, H@10: 0.550 | 
[2026-03-19 07:31:37,569][root][INFO] - Epoch: 494 | Loss: 0.0005 | Val - MRR: 0.4644, MR: 3213.23, H@1: 0.417, H@3: 0.484, H@10: 0.551 | 
[2026-03-19 07:32:46,177][root][INFO] - Epoch: 495 | Loss: 0.0005 | Val - MRR: 0.4689, MR: 3122.20, H@1: 0.423, H@3: 0.489, H@10: 0.552 | Test - MRR: 0.4682 | *
[2026-03-19 07:33:47,815][root][INFO] - Epoch: 496 | Loss: 0.0005 | Val - MRR: 0.4667, MR: 3095.27, H@1: 0.419, H@3: 0.488, H@10: 0.551 | 
[2026-03-19 07:34:49,658][root][INFO] - Epoch: 497 | Loss: 0.0005 | Val - MRR: 0.4668, MR: 3140.69, H@1: 0.419, H@3: 0.487, H@10: 0.553 | 
[2026-03-19 07:35:51,085][root][INFO] - Epoch: 498 | Loss: 0.0005 | Val - MRR: 0.4674, MR: 3201.42, H@1: 0.420, H@3: 0.488, H@10: 0.554 | 
[2026-03-19 07:36:52,945][root][INFO] - Epoch: 499 | Loss: 0.0005 | Val - MRR: 0.4678, MR: 3169.56, H@1: 0.422, H@3: 0.487, H@10: 0.554 | 
[2026-03-19 07:37:55,623][root][INFO] - Epoch: 500 | Loss: 0.0005 | Val - MRR: 0.4675, MR: 3180.87, H@1: 0.420, H@3: 0.487, H@10: 0.553 | 
[2026-03-19 07:38:57,810][root][INFO] - Epoch: 501 | Loss: 0.0005 | Val - MRR: 0.4658, MR: 3163.28, H@1: 0.419, H@3: 0.486, H@10: 0.550 | 
[2026-03-19 07:40:00,398][root][INFO] - Epoch: 502 | Loss: 0.0005 | Val - MRR: 0.4669, MR: 3174.35, H@1: 0.421, H@3: 0.486, H@10: 0.549 | 
[2026-03-19 07:41:02,189][root][INFO] - Epoch: 503 | Loss: 0.0005 | Val - MRR: 0.4655, MR: 3178.98, H@1: 0.418, H@3: 0.485, H@10: 0.552 | 
[2026-03-19 07:42:04,498][root][INFO] - Epoch: 504 | Loss: 0.0005 | Val - MRR: 0.4660, MR: 3218.39, H@1: 0.420, H@3: 0.485, H@10: 0.550 | 
[2026-03-19 07:43:06,077][root][INFO] - Epoch: 505 | Loss: 0.0005 | Val - MRR: 0.4674, MR: 3200.48, H@1: 0.422, H@3: 0.487, H@10: 0.552 | 
[2026-03-19 07:44:07,969][root][INFO] - Epoch: 506 | Loss: 0.0005 | Val - MRR: 0.4675, MR: 3176.21, H@1: 0.421, H@3: 0.486, H@10: 0.553 | 
[2026-03-19 07:45:09,410][root][INFO] - Epoch: 507 | Loss: 0.0005 | Val - MRR: 0.4653, MR: 3122.89, H@1: 0.417, H@3: 0.485, H@10: 0.553 | 
[2026-03-19 07:46:11,080][root][INFO] - Epoch: 508 | Loss: 0.0005 | Val - MRR: 0.4674, MR: 3142.40, H@1: 0.421, H@3: 0.486, H@10: 0.551 | 
[2026-03-19 07:47:13,606][root][INFO] - Epoch: 509 | Loss: 0.0005 | Val - MRR: 0.4669, MR: 3176.56, H@1: 0.421, H@3: 0.485, H@10: 0.550 | 
[2026-03-19 07:48:16,320][root][INFO] - Epoch: 510 | Loss: 0.0005 | Val - MRR: 0.4671, MR: 3200.14, H@1: 0.420, H@3: 0.487, H@10: 0.551 | 
[2026-03-19 07:49:18,462][root][INFO] - Epoch: 511 | Loss: 0.0005 | Val - MRR: 0.4668, MR: 3152.32, H@1: 0.420, H@3: 0.487, H@10: 0.551 | 
[2026-03-19 07:50:21,096][root][INFO] - Epoch: 512 | Loss: 0.0005 | Val - MRR: 0.4680, MR: 3207.47, H@1: 0.420, H@3: 0.489, H@10: 0.555 | 
[2026-03-19 07:51:23,373][root][INFO] - Epoch: 513 | Loss: 0.0005 | Val - MRR: 0.4662, MR: 3120.14, H@1: 0.419, H@3: 0.486, H@10: 0.555 | 
[2026-03-19 07:52:24,881][root][INFO] - Epoch: 514 | Loss: 0.0005 | Val - MRR: 0.4682, MR: 3219.85, H@1: 0.420, H@3: 0.489, H@10: 0.555 | 
[2026-03-19 07:53:27,141][root][INFO] - Epoch: 515 | Loss: 0.0005 | Val - MRR: 0.4674, MR: 3295.48, H@1: 0.421, H@3: 0.489, H@10: 0.551 | 
[2026-03-19 07:54:28,935][root][INFO] - Epoch: 516 | Loss: 0.0005 | Val - MRR: 0.4673, MR: 3193.68, H@1: 0.420, H@3: 0.487, H@10: 0.552 | 
[2026-03-19 07:55:32,037][root][INFO] - Epoch: 517 | Loss: 0.0005 | Val - MRR: 0.4667, MR: 3231.17, H@1: 0.420, H@3: 0.485, H@10: 0.549 | 
[2026-03-19 07:56:40,277][root][INFO] - Epoch: 518 | Loss: 0.0005 | Val - MRR: 0.4693, MR: 3294.74, H@1: 0.421, H@3: 0.490, H@10: 0.556 | Test - MRR: 0.4673 | *
[2026-03-19 07:57:42,614][root][INFO] - Epoch: 519 | Loss: 0.0005 | Val - MRR: 0.4678, MR: 3125.35, H@1: 0.421, H@3: 0.487, H@10: 0.553 | 
[2026-03-19 07:58:46,599][root][INFO] - Epoch: 520 | Loss: 0.0005 | Val - MRR: 0.4673, MR: 3182.09, H@1: 0.421, H@3: 0.488, H@10: 0.550 | 
[2026-03-19 07:59:47,782][root][INFO] - Epoch: 521 | Loss: 0.0005 | Val - MRR: 0.4665, MR: 3200.20, H@1: 0.419, H@3: 0.488, H@10: 0.554 | 
[2026-03-19 08:00:49,509][root][INFO] - Epoch: 522 | Loss: 0.0005 | Val - MRR: 0.4676, MR: 3180.89, H@1: 0.420, H@3: 0.489, H@10: 0.553 | 
[2026-03-19 08:01:52,048][root][INFO] - Epoch: 523 | Loss: 0.0005 | Val - MRR: 0.4659, MR: 3144.63, H@1: 0.418, H@3: 0.487, H@10: 0.552 | 
[2026-03-19 08:02:53,581][root][INFO] - Epoch: 524 | Loss: 0.0005 | Val - MRR: 0.4659, MR: 3220.70, H@1: 0.418, H@3: 0.489, H@10: 0.550 | 
[2026-03-19 08:03:55,438][root][INFO] - Epoch: 525 | Loss: 0.0005 | Val - MRR: 0.4656, MR: 3212.10, H@1: 0.417, H@3: 0.489, H@10: 0.552 | 
[2026-03-19 08:04:58,738][root][INFO] - Epoch: 526 | Loss: 0.0005 | Val - MRR: 0.4682, MR: 3228.34, H@1: 0.421, H@3: 0.491, H@10: 0.555 | 
[2026-03-19 08:06:00,691][root][INFO] - Epoch: 527 | Loss: 0.0005 | Val - MRR: 0.4669, MR: 3170.27, H@1: 0.420, H@3: 0.488, H@10: 0.551 | 
[2026-03-19 08:07:02,789][root][INFO] - Epoch: 528 | Loss: 0.0005 | Val - MRR: 0.4676, MR: 3248.33, H@1: 0.419, H@3: 0.493, H@10: 0.555 | 
[2026-03-19 08:08:05,986][root][INFO] - Epoch: 529 | Loss: 0.0005 | Val - MRR: 0.4692, MR: 3187.98, H@1: 0.422, H@3: 0.492, H@10: 0.555 | 
[2026-03-19 08:09:09,105][root][INFO] - Epoch: 530 | Loss: 0.0005 | Val - MRR: 0.4665, MR: 3186.59, H@1: 0.418, H@3: 0.488, H@10: 0.553 | 
[2026-03-19 08:10:10,735][root][INFO] - Epoch: 531 | Loss: 0.0005 | Val - MRR: 0.4676, MR: 3222.70, H@1: 0.421, H@3: 0.489, H@10: 0.552 | 
[2026-03-19 08:11:12,740][root][INFO] - Epoch: 532 | Loss: 0.0005 | Val - MRR: 0.4678, MR: 3137.92, H@1: 0.420, H@3: 0.489, H@10: 0.553 | 
[2026-03-19 08:12:15,117][root][INFO] - Epoch: 533 | Loss: 0.0005 | Val - MRR: 0.4664, MR: 3145.31, H@1: 0.417, H@3: 0.489, H@10: 0.555 | 
[2026-03-19 08:13:17,211][root][INFO] - Epoch: 534 | Loss: 0.0005 | Val - MRR: 0.4683, MR: 3156.05, H@1: 0.420, H@3: 0.490, H@10: 0.553 | 
[2026-03-19 08:14:18,333][root][INFO] - Epoch: 535 | Loss: 0.0005 | Val - MRR: 0.4681, MR: 3221.37, H@1: 0.422, H@3: 0.488, H@10: 0.551 | 
[2026-03-19 08:15:20,473][root][INFO] - Epoch: 536 | Loss: 0.0005 | Val - MRR: 0.4653, MR: 3177.74, H@1: 0.417, H@3: 0.488, H@10: 0.550 | 
[2026-03-19 08:16:22,198][root][INFO] - Epoch: 537 | Loss: 0.0005 | Val - MRR: 0.4670, MR: 3165.30, H@1: 0.421, H@3: 0.487, H@10: 0.553 | 
[2026-03-19 08:17:24,679][root][INFO] - Epoch: 538 | Loss: 0.0005 | Val - MRR: 0.4658, MR: 3325.90, H@1: 0.417, H@3: 0.488, H@10: 0.551 | 
[2026-03-19 08:18:26,548][root][INFO] - Epoch: 539 | Loss: 0.0005 | Val - MRR: 0.4670, MR: 3228.06, H@1: 0.421, H@3: 0.487, H@10: 0.550 | 
[2026-03-19 08:19:28,502][root][INFO] - Epoch: 540 | Loss: 0.0005 | Val - MRR: 0.4685, MR: 3193.61, H@1: 0.421, H@3: 0.491, H@10: 0.555 | 
[2026-03-19 08:20:30,307][root][INFO] - Epoch: 541 | Loss: 0.0005 | Val - MRR: 0.4670, MR: 3209.25, H@1: 0.420, H@3: 0.487, H@10: 0.553 | 
[2026-03-19 08:21:32,199][root][INFO] - Epoch: 542 | Loss: 0.0005 | Val - MRR: 0.4678, MR: 3190.95, H@1: 0.421, H@3: 0.489, H@10: 0.552 | 
[2026-03-19 08:22:34,449][root][INFO] - Epoch: 543 | Loss: 0.0005 | Val - MRR: 0.4688, MR: 3234.72, H@1: 0.423, H@3: 0.487, H@10: 0.553 | 
[2026-03-19 08:23:36,565][root][INFO] - Epoch: 544 | Loss: 0.0005 | Val - MRR: 0.4670, MR: 3240.00, H@1: 0.420, H@3: 0.487, H@10: 0.551 | 
[2026-03-19 08:24:38,772][root][INFO] - Epoch: 545 | Loss: 0.0005 | Val - MRR: 0.4670, MR: 3164.24, H@1: 0.419, H@3: 0.489, H@10: 0.553 | 
[2026-03-19 08:25:41,284][root][INFO] - Epoch: 546 | Loss: 0.0005 | Val - MRR: 0.4658, MR: 3313.48, H@1: 0.420, H@3: 0.488, H@10: 0.548 | 
[2026-03-19 08:26:44,283][root][INFO] - Epoch: 547 | Loss: 0.0005 | Val - MRR: 0.4678, MR: 3170.92, H@1: 0.420, H@3: 0.490, H@10: 0.554 | 
[2026-03-19 08:27:45,840][root][INFO] - Epoch: 548 | Loss: 0.0005 | Val - MRR: 0.4673, MR: 3260.87, H@1: 0.419, H@3: 0.491, H@10: 0.552 | 
[2026-03-19 08:28:56,439][root][INFO] - Epoch: 549 | Loss: 0.0005 | Val - MRR: 0.4712, MR: 3205.70, H@1: 0.425, H@3: 0.492, H@10: 0.556 | Test - MRR: 0.4674 | *
[2026-03-19 08:29:59,153][root][INFO] - Epoch: 550 | Loss: 0.0005 | Val - MRR: 0.4693, MR: 3185.07, H@1: 0.422, H@3: 0.491, H@10: 0.554 | 
[2026-03-19 08:31:00,726][root][INFO] - Epoch: 551 | Loss: 0.0005 | Val - MRR: 0.4680, MR: 3270.12, H@1: 0.421, H@3: 0.489, H@10: 0.553 | 
[2026-03-19 08:32:02,124][root][INFO] - Epoch: 552 | Loss: 0.0005 | Val - MRR: 0.4705, MR: 3188.09, H@1: 0.422, H@3: 0.494, H@10: 0.558 | 
[2026-03-19 08:33:04,524][root][INFO] - Epoch: 553 | Loss: 0.0005 | Val - MRR: 0.4689, MR: 3245.99, H@1: 0.420, H@3: 0.492, H@10: 0.557 | 
[2026-03-19 08:34:06,181][root][INFO] - Epoch: 554 | Loss: 0.0005 | Val - MRR: 0.4692, MR: 3137.80, H@1: 0.422, H@3: 0.490, H@10: 0.556 | 
[2026-03-19 08:35:08,350][root][INFO] - Epoch: 555 | Loss: 0.0005 | Val - MRR: 0.4673, MR: 3208.32, H@1: 0.419, H@3: 0.489, H@10: 0.555 | 
[2026-03-19 08:36:11,093][root][INFO] - Epoch: 556 | Loss: 0.0005 | Val - MRR: 0.4672, MR: 3219.93, H@1: 0.422, H@3: 0.486, H@10: 0.551 | 
[2026-03-19 08:37:12,671][root][INFO] - Epoch: 557 | Loss: 0.0005 | Val - MRR: 0.4683, MR: 3266.01, H@1: 0.422, H@3: 0.488, H@10: 0.553 | 
[2026-03-19 08:38:15,483][root][INFO] - Epoch: 558 | Loss: 0.0005 | Val - MRR: 0.4686, MR: 3221.69, H@1: 0.422, H@3: 0.489, H@10: 0.555 | 
[2026-03-19 08:39:17,193][root][INFO] - Epoch: 559 | Loss: 0.0005 | Val - MRR: 0.4666, MR: 3256.96, H@1: 0.420, H@3: 0.486, H@10: 0.551 | 
[2026-03-19 08:40:18,761][root][INFO] - Epoch: 560 | Loss: 0.0005 | Val - MRR: 0.4652, MR: 3218.14, H@1: 0.418, H@3: 0.485, H@10: 0.550 | 
[2026-03-19 08:41:20,941][root][INFO] - Epoch: 561 | Loss: 0.0005 | Val - MRR: 0.4676, MR: 3215.81, H@1: 0.421, H@3: 0.487, H@10: 0.551 | 
[2026-03-19 08:42:22,617][root][INFO] - Epoch: 562 | Loss: 0.0005 | Val - MRR: 0.4679, MR: 3136.58, H@1: 0.421, H@3: 0.489, H@10: 0.552 | 
[2026-03-19 08:43:24,576][root][INFO] - Epoch: 563 | Loss: 0.0004 | Val - MRR: 0.4686, MR: 3158.89, H@1: 0.421, H@3: 0.490, H@10: 0.553 | 
[2026-03-19 08:44:26,704][root][INFO] - Epoch: 564 | Loss: 0.0005 | Val - MRR: 0.4692, MR: 3278.20, H@1: 0.422, H@3: 0.491, H@10: 0.554 | 
[2026-03-19 08:45:29,484][root][INFO] - Epoch: 565 | Loss: 0.0005 | Val - MRR: 0.4694, MR: 3188.59, H@1: 0.423, H@3: 0.490, H@10: 0.554 | 
[2026-03-19 08:46:30,980][root][INFO] - Epoch: 566 | Loss: 0.0004 | Val - MRR: 0.4687, MR: 3222.59, H@1: 0.422, H@3: 0.490, H@10: 0.550 | 
[2026-03-19 08:47:33,670][root][INFO] - Epoch: 567 | Loss: 0.0005 | Val - MRR: 0.4676, MR: 3229.83, H@1: 0.420, H@3: 0.489, H@10: 0.549 | 
[2026-03-19 08:48:35,941][root][INFO] - Epoch: 568 | Loss: 0.0005 | Val - MRR: 0.4682, MR: 3238.88, H@1: 0.421, H@3: 0.490, H@10: 0.550 | 
[2026-03-19 08:49:38,078][root][INFO] - Epoch: 569 | Loss: 0.0004 | Val - MRR: 0.4682, MR: 3206.89, H@1: 0.422, H@3: 0.488, H@10: 0.550 | 
[2026-03-19 08:50:40,372][root][INFO] - Epoch: 570 | Loss: 0.0005 | Val - MRR: 0.4694, MR: 3268.67, H@1: 0.422, H@3: 0.492, H@10: 0.553 | 
[2026-03-19 08:51:41,880][root][INFO] - Epoch: 571 | Loss: 0.0004 | Val - MRR: 0.4695, MR: 3209.43, H@1: 0.422, H@3: 0.492, H@10: 0.552 | 
[2026-03-19 08:52:44,174][root][INFO] - Epoch: 572 | Loss: 0.0005 | Val - MRR: 0.4697, MR: 3262.20, H@1: 0.423, H@3: 0.490, H@10: 0.551 | 
[2026-03-19 08:53:46,102][root][INFO] - Epoch: 573 | Loss: 0.0005 | Val - MRR: 0.4679, MR: 3184.55, H@1: 0.420, H@3: 0.490, H@10: 0.553 | 
[2026-03-19 08:54:47,637][root][INFO] - Epoch: 574 | Loss: 0.0004 | Val - MRR: 0.4685, MR: 3177.83, H@1: 0.421, H@3: 0.488, H@10: 0.551 | 
[2026-03-19 08:55:50,713][root][INFO] - Epoch: 575 | Loss: 0.0004 | Val - MRR: 0.4699, MR: 3334.92, H@1: 0.424, H@3: 0.489, H@10: 0.550 | 
[2026-03-19 08:56:53,048][root][INFO] - Epoch: 576 | Loss: 0.0005 | Val - MRR: 0.4694, MR: 3221.06, H@1: 0.423, H@3: 0.490, H@10: 0.552 | 
[2026-03-19 08:57:54,736][root][INFO] - Epoch: 577 | Loss: 0.0004 | Val - MRR: 0.4680, MR: 3293.42, H@1: 0.421, H@3: 0.490, H@10: 0.549 | 
[2026-03-19 08:58:57,741][root][INFO] - Epoch: 578 | Loss: 0.0005 | Val - MRR: 0.4678, MR: 3219.09, H@1: 0.421, H@3: 0.488, H@10: 0.550 | 
[2026-03-19 09:00:00,521][root][INFO] - Epoch: 579 | Loss: 0.0004 | Val - MRR: 0.4682, MR: 3264.00, H@1: 0.421, H@3: 0.489, H@10: 0.549 | 
[2026-03-19 09:01:03,547][root][INFO] - Epoch: 580 | Loss: 0.0004 | Val - MRR: 0.4673, MR: 3208.28, H@1: 0.421, H@3: 0.488, H@10: 0.550 | 
[2026-03-19 09:02:06,214][root][INFO] - Epoch: 581 | Loss: 0.0004 | Val - MRR: 0.4700, MR: 3246.40, H@1: 0.424, H@3: 0.489, H@10: 0.549 | 
[2026-03-19 09:03:07,955][root][INFO] - Epoch: 582 | Loss: 0.0004 | Val - MRR: 0.4711, MR: 3198.19, H@1: 0.424, H@3: 0.493, H@10: 0.555 | 
[2026-03-19 09:04:11,039][root][INFO] - Epoch: 583 | Loss: 0.0004 | Val - MRR: 0.4687, MR: 3263.00, H@1: 0.423, H@3: 0.489, H@10: 0.547 | 
[2026-03-19 09:05:13,886][root][INFO] - Epoch: 584 | Loss: 0.0004 | Val - MRR: 0.4687, MR: 3229.78, H@1: 0.423, H@3: 0.488, H@10: 0.549 | 
[2026-03-19 09:06:16,854][root][INFO] - Epoch: 585 | Loss: 0.0004 | Val - MRR: 0.4698, MR: 3248.35, H@1: 0.424, H@3: 0.491, H@10: 0.550 | 
[2026-03-19 09:07:19,789][root][INFO] - Epoch: 586 | Loss: 0.0004 | Val - MRR: 0.4681, MR: 3268.99, H@1: 0.423, H@3: 0.488, H@10: 0.548 | 
[2026-03-19 09:08:21,824][root][INFO] - Epoch: 587 | Loss: 0.0004 | Val - MRR: 0.4692, MR: 3270.03, H@1: 0.424, H@3: 0.488, H@10: 0.551 | 
[2026-03-19 09:09:25,775][root][INFO] - Epoch: 588 | Loss: 0.0004 | Val - MRR: 0.4682, MR: 3239.60, H@1: 0.423, H@3: 0.487, H@10: 0.549 | 
[2026-03-19 09:10:28,784][root][INFO] - Epoch: 589 | Loss: 0.0004 | Val - MRR: 0.4685, MR: 3285.48, H@1: 0.423, H@3: 0.489, H@10: 0.549 | 
[2026-03-19 09:11:31,545][root][INFO] - Epoch: 590 | Loss: 0.0004 | Val - MRR: 0.4698, MR: 3161.84, H@1: 0.425, H@3: 0.489, H@10: 0.550 | 
[2026-03-19 09:12:33,840][root][INFO] - Epoch: 591 | Loss: 0.0004 | Val - MRR: 0.4706, MR: 3162.84, H@1: 0.425, H@3: 0.490, H@10: 0.552 | 
[2026-03-19 09:13:35,411][root][INFO] - Epoch: 592 | Loss: 0.0004 | Val - MRR: 0.4709, MR: 3209.05, H@1: 0.425, H@3: 0.492, H@10: 0.551 | 
[2026-03-19 09:14:38,090][root][INFO] - Epoch: 593 | Loss: 0.0004 | Val - MRR: 0.4699, MR: 3270.55, H@1: 0.425, H@3: 0.488, H@10: 0.550 | 
[2026-03-19 09:15:39,742][root][INFO] - Epoch: 594 | Loss: 0.0004 | Val - MRR: 0.4684, MR: 3268.90, H@1: 0.423, H@3: 0.489, H@10: 0.549 | 
[2026-03-19 09:16:41,526][root][INFO] - Epoch: 595 | Loss: 0.0004 | Val - MRR: 0.4682, MR: 3222.81, H@1: 0.421, H@3: 0.489, H@10: 0.551 | 
[2026-03-19 09:16:41,526][root][INFO] - Long time no improvenment, stop training...
[2026-03-19 09:16:41,526][root][INFO] - Training end...
