[2026-04-19 06:45:16,634][root][INFO] - 
------Config------
 {'dataset': 'FB15k_237', 'epoch': 600, 'batch_size': 1024, 'learning_rate': 0.000175, 'h_dim': 480, 'pred_rel_w': False, 'label_smooth': 0.1, 'n_heads': 8, 'topk': 15, 'kg_layer': 1, 'rm_rate': 0.5, 'ent_drop': 0.3, 'rel_drop': 0.2, 'comp_op': 'mul', 'bn': False, 'k_h': 16, 'k_w': 30, 'conv_drop': 0.3, 'ent_drop_pred': 0.3, 'fc_drop': 0.5, 'ker_sz': 8, 'out_channel': 200, 'device': 0, 'max_no_improve': 35, 'cpu_worker_num': 10, 'warmup_epoch': 5}
[2026-04-19 06:45:16,634][root][INFO] - Code dir path: /home/wangwei/DSGNet-main/DSGNet/code_new
[2026-04-19 06:45:16,634][root][INFO] - Config dir path: /home/wangwei/DSGNet-main/DSGNet/config
[2026-04-19 06:45:16,634][root][INFO] - Model save path: /home/wangwei/DSGNet-main/DSGNet/data/output/FB15k_237/2026-04-19/06-45-16
[2026-04-19 06:45:20,824][root][INFO] - kg # node: 14541
[2026-04-19 06:45:20,824][root][INFO] - kg # edge: 544230
[2026-04-19 06:45:20,824][root][INFO] - kg # zero deg node: 36
[2026-04-19 06:45:20,824][root][INFO] - ---Load Train Data---
[2026-04-19 06:45:23,219][root][INFO] - -----Model Parameter Configuration-----
[2026-04-19 06:45:23,219][root][INFO] - Parameter ent_emb: torch.Size([14541, 480]), require_grad = True
[2026-04-19 06:45:23,219][root][INFO] - Parameter pred_rel_emb: torch.Size([474, 480]), require_grad = True
[2026-04-19 06:45:23,219][root][INFO] - Parameter W_fuse: torch.Size([480, 480]), require_grad = True
[2026-04-19 06:45:23,219][root][INFO] - Parameter a_fuse: torch.Size([960, 1]), require_grad = True
[2026-04-19 06:45:23,220][root][INFO] - Parameter rel_embs.0: torch.Size([474, 480]), require_grad = True
[2026-04-19 06:45:23,220][root][INFO] - Parameter predictor.bn0.weight: torch.Size([1]), require_grad = True
[2026-04-19 06:45:23,220][root][INFO] - Parameter predictor.bn0.bias: torch.Size([1]), require_grad = True
[2026-04-19 06:45:23,220][root][INFO] - Parameter predictor.bn1.weight: torch.Size([200]), require_grad = True
[2026-04-19 06:45:23,220][root][INFO] - Parameter predictor.bn1.bias: torch.Size([200]), require_grad = True
[2026-04-19 06:45:23,220][root][INFO] - Parameter predictor.bn2.weight: torch.Size([480]), require_grad = True
[2026-04-19 06:45:23,220][root][INFO] - Parameter predictor.bn2.bias: torch.Size([480]), require_grad = True
[2026-04-19 06:45:23,220][root][INFO] - Parameter predictor.conv.weight: torch.Size([200, 1, 8, 8]), require_grad = True
[2026-04-19 06:45:23,220][root][INFO] - Parameter predictor.fc.weight: torch.Size([480, 115000]), require_grad = True
[2026-04-19 06:45:23,220][root][INFO] - Parameter L.weight: torch.Size([480, 480]), require_grad = True
[2026-04-19 06:45:23,220][root][INFO] - Parameter L.bias: torch.Size([480]), require_grad = True
[2026-04-19 06:45:23,220][root][INFO] - Parameter S.weight: torch.Size([480, 480]), require_grad = True
[2026-04-19 06:45:23,220][root][INFO] - Parameter S.bias: torch.Size([480]), require_grad = True
[2026-04-19 06:45:23,220][root][INFO] - Parameter comp_layers.0.neigh_w: torch.Size([480, 480]), require_grad = True
[2026-04-19 06:45:23,220][root][INFO] - Parameter comp_layers.0.W.0: torch.Size([480, 60]), require_grad = True
[2026-04-19 06:45:23,220][root][INFO] - Parameter comp_layers.0.W.1: torch.Size([480, 60]), require_grad = True
[2026-04-19 06:45:23,220][root][INFO] - Parameter comp_layers.0.W.2: torch.Size([480, 60]), require_grad = True
[2026-04-19 06:45:23,220][root][INFO] - Parameter comp_layers.0.W.3: torch.Size([480, 60]), require_grad = True
[2026-04-19 06:45:23,220][root][INFO] - Parameter comp_layers.0.W.4: torch.Size([480, 60]), require_grad = True
[2026-04-19 06:45:23,220][root][INFO] - Parameter comp_layers.0.W.5: torch.Size([480, 60]), require_grad = True
[2026-04-19 06:45:23,220][root][INFO] - Parameter comp_layers.0.W.6: torch.Size([480, 60]), require_grad = True
[2026-04-19 06:45:23,220][root][INFO] - Parameter comp_layers.0.W.7: torch.Size([480, 60]), require_grad = True
[2026-04-19 06:45:23,220][root][INFO] - Parameter comp_layers.0.W_r.0: torch.Size([480, 60]), require_grad = True
[2026-04-19 06:45:23,221][root][INFO] - Parameter comp_layers.0.W_r.1: torch.Size([480, 60]), require_grad = True
[2026-04-19 06:45:23,221][root][INFO] - Parameter comp_layers.0.W_r.2: torch.Size([480, 60]), require_grad = True
[2026-04-19 06:45:23,221][root][INFO] - Parameter comp_layers.0.W_r.3: torch.Size([480, 60]), require_grad = True
[2026-04-19 06:45:23,221][root][INFO] - Parameter comp_layers.0.W_r.4: torch.Size([480, 60]), require_grad = True
[2026-04-19 06:45:23,221][root][INFO] - Parameter comp_layers.0.W_r.5: torch.Size([480, 60]), require_grad = True
[2026-04-19 06:45:23,221][root][INFO] - Parameter comp_layers.0.W_r.6: torch.Size([480, 60]), require_grad = True
[2026-04-19 06:45:23,221][root][INFO] - Parameter comp_layers.0.W_r.7: torch.Size([480, 60]), require_grad = True
[2026-04-19 06:45:23,221][root][INFO] - Parameter comp_layers.0.a.0: torch.Size([180, 1]), require_grad = True
[2026-04-19 06:45:23,221][root][INFO] - Parameter comp_layers.0.a.1: torch.Size([180, 1]), require_grad = True
[2026-04-19 06:45:23,221][root][INFO] - Parameter comp_layers.0.a.2: torch.Size([180, 1]), require_grad = True
[2026-04-19 06:45:23,221][root][INFO] - Parameter comp_layers.0.a.3: torch.Size([180, 1]), require_grad = True
[2026-04-19 06:45:23,221][root][INFO] - Parameter comp_layers.0.a.4: torch.Size([180, 1]), require_grad = True
[2026-04-19 06:45:23,221][root][INFO] - Parameter comp_layers.0.a.5: torch.Size([180, 1]), require_grad = True
[2026-04-19 06:45:23,221][root][INFO] - Parameter comp_layers.0.a.6: torch.Size([180, 1]), require_grad = True
[2026-04-19 06:45:23,221][root][INFO] - Parameter comp_layers.0.a.7: torch.Size([180, 1]), require_grad = True
[2026-04-19 06:45:24,116][root][INFO] - Training... total epoch: 600, step: 88200
[2026-04-19 06:49:38,317][root][INFO] - Epoch:   0 | Loss: 0.5904 | Val - MRR: 0.0119, MR: 6149.45, H@1: 0.004, H@3: 0.010, H@10: 0.031 | Test - MRR: 0.0114 | *
[2026-04-19 06:53:58,059][root][INFO] - Epoch:   1 | Loss: 0.0373 | Val - MRR: 0.0024, MR: 6090.92, H@1: 0.000, H@3: 0.000, H@10: 0.002 | 
[2026-04-19 06:58:38,389][root][INFO] - Epoch:   2 | Loss: 0.0043 | Val - MRR: 0.0153, MR: 5015.71, H@1: 0.010, H@3: 0.012, H@10: 0.017 | Test - MRR: 0.0151 | *
[2026-04-19 07:03:18,678][root][INFO] - Epoch:   3 | Loss: 0.0036 | Val - MRR: 0.0612, MR: 3923.99, H@1: 0.047, H@3: 0.064, H@10: 0.076 | Test - MRR: 0.0611 | *
[2026-04-19 07:07:56,833][root][INFO] - Epoch:   4 | Loss: 0.0027 | Val - MRR: 0.0956, MR: 2967.31, H@1: 0.079, H@3: 0.096, H@10: 0.124 | Test - MRR: 0.0930 | *
[2026-04-19 07:12:12,543][root][INFO] - Epoch:   5 | Loss: 0.0025 | Val - MRR: 0.1196, MR: 2207.81, H@1: 0.092, H@3: 0.126, H@10: 0.164 | Test - MRR: 0.1187 | *
[2026-04-19 07:16:46,421][root][INFO] - Epoch:   6 | Loss: 0.0024 | Val - MRR: 0.1368, MR: 1828.88, H@1: 0.107, H@3: 0.142, H@10: 0.189 | Test - MRR: 0.1344 | *
[2026-04-19 07:21:22,440][root][INFO] - Epoch:   7 | Loss: 0.0024 | Val - MRR: 0.1503, MR: 1566.54, H@1: 0.114, H@3: 0.158, H@10: 0.216 | Test - MRR: 0.1474 | *
[2026-04-19 07:25:48,943][root][INFO] - Epoch:   8 | Loss: 0.0023 | Val - MRR: 0.1608, MR: 1353.05, H@1: 0.122, H@3: 0.170, H@10: 0.232 | Test - MRR: 0.1581 | *
[2026-04-19 07:30:24,257][root][INFO] - Epoch:   9 | Loss: 0.0023 | Val - MRR: 0.1723, MR: 1224.31, H@1: 0.130, H@3: 0.184, H@10: 0.251 | Test - MRR: 0.1691 | *
[2026-04-19 07:34:46,062][root][INFO] - Epoch:  10 | Loss: 0.0022 | Val - MRR: 0.1808, MR: 1068.94, H@1: 0.134, H@3: 0.195, H@10: 0.268 | Test - MRR: 0.1785 | *
[2026-04-19 07:39:18,566][root][INFO] - Epoch:  11 | Loss: 0.0022 | Val - MRR: 0.1842, MR:  957.68, H@1: 0.136, H@3: 0.198, H@10: 0.278 | Test - MRR: 0.1822 | *
[2026-04-19 07:43:50,079][root][INFO] - Epoch:  12 | Loss: 0.0022 | Val - MRR: 0.1905, MR:  852.17, H@1: 0.139, H@3: 0.207, H@10: 0.288 | Test - MRR: 0.1887 | *
[2026-04-19 07:48:24,234][root][INFO] - Epoch:  13 | Loss: 0.0021 | Val - MRR: 0.1963, MR:  788.34, H@1: 0.144, H@3: 0.212, H@10: 0.297 | Test - MRR: 0.1951 | *
[2026-04-19 07:52:57,471][root][INFO] - Epoch:  14 | Loss: 0.0021 | Val - MRR: 0.2002, MR:  704.82, H@1: 0.146, H@3: 0.216, H@10: 0.305 | Test - MRR: 0.1991 | *
[2026-04-19 07:57:30,768][root][INFO] - Epoch:  15 | Loss: 0.0021 | Val - MRR: 0.2042, MR:  659.31, H@1: 0.149, H@3: 0.221, H@10: 0.310 | Test - MRR: 0.2027 | *
[2026-04-19 08:01:44,019][root][INFO] - Epoch:  16 | Loss: 0.0021 | Val - MRR: 0.2067, MR:  644.34, H@1: 0.150, H@3: 0.225, H@10: 0.315 | Test - MRR: 0.2056 | *
[2026-04-19 08:06:17,577][root][INFO] - Epoch:  17 | Loss: 0.0021 | Val - MRR: 0.2089, MR:  604.51, H@1: 0.151, H@3: 0.226, H@10: 0.318 | Test - MRR: 0.2075 | *
[2026-04-19 08:10:51,004][root][INFO] - Epoch:  18 | Loss: 0.0020 | Val - MRR: 0.2106, MR:  569.87, H@1: 0.152, H@3: 0.228, H@10: 0.322 | Test - MRR: 0.2098 | *
[2026-04-19 08:15:23,778][root][INFO] - Epoch:  19 | Loss: 0.0020 | Val - MRR: 0.2129, MR:  552.51, H@1: 0.154, H@3: 0.231, H@10: 0.326 | Test - MRR: 0.2122 | *
[2026-04-19 08:19:56,280][root][INFO] - Epoch:  20 | Loss: 0.0020 | Val - MRR: 0.2149, MR:  538.77, H@1: 0.157, H@3: 0.231, H@10: 0.328 | Test - MRR: 0.2139 | *
[2026-04-19 08:23:45,271][root][INFO] - Epoch:  21 | Loss: 0.0020 | Val - MRR: 0.2178, MR:  522.42, H@1: 0.159, H@3: 0.236, H@10: 0.332 | Test - MRR: 0.2163 | *
[2026-04-19 08:28:16,620][root][INFO] - Epoch:  22 | Loss: 0.0020 | Val - MRR: 0.2181, MR:  511.68, H@1: 0.158, H@3: 0.237, H@10: 0.334 | Test - MRR: 0.2173 | *
[2026-04-19 08:32:52,979][root][INFO] - Epoch:  23 | Loss: 0.0020 | Val - MRR: 0.2213, MR:  502.64, H@1: 0.161, H@3: 0.240, H@10: 0.339 | Test - MRR: 0.2205 | *
[2026-04-19 08:37:29,184][root][INFO] - Epoch:  24 | Loss: 0.0020 | Val - MRR: 0.2227, MR:  484.48, H@1: 0.161, H@3: 0.241, H@10: 0.341 | Test - MRR: 0.2224 | *
[2026-04-19 08:42:06,372][root][INFO] - Epoch:  25 | Loss: 0.0020 | Val - MRR: 0.2238, MR:  470.22, H@1: 0.162, H@3: 0.243, H@10: 0.343 | Test - MRR: 0.2240 | *
[2026-04-19 08:46:35,948][root][INFO] - Epoch:  26 | Loss: 0.0019 | Val - MRR: 0.2255, MR:  462.68, H@1: 0.163, H@3: 0.247, H@10: 0.347 | Test - MRR: 0.2248 | *
[2026-04-19 08:50:47,232][root][INFO] - Epoch:  27 | Loss: 0.0019 | Val - MRR: 0.2269, MR:  448.24, H@1: 0.164, H@3: 0.246, H@10: 0.349 | Test - MRR: 0.2262 | *
[2026-04-19 08:55:18,590][root][INFO] - Epoch:  28 | Loss: 0.0019 | Val - MRR: 0.2277, MR:  439.77, H@1: 0.165, H@3: 0.247, H@10: 0.350 | Test - MRR: 0.2273 | *
[2026-04-19 08:59:50,924][root][INFO] - Epoch:  29 | Loss: 0.0019 | Val - MRR: 0.2304, MR:  433.12, H@1: 0.168, H@3: 0.249, H@10: 0.354 | Test - MRR: 0.2297 | *
[2026-04-19 09:04:20,929][root][INFO] - Epoch:  30 | Loss: 0.0019 | Val - MRR: 0.2313, MR:  437.63, H@1: 0.169, H@3: 0.249, H@10: 0.353 | Test - MRR: 0.2303 | *
[2026-04-19 09:08:52,620][root][INFO] - Epoch:  31 | Loss: 0.0019 | Val - MRR: 0.2328, MR:  439.13, H@1: 0.170, H@3: 0.252, H@10: 0.357 | Test - MRR: 0.2317 | *
[2026-04-19 09:12:56,271][root][INFO] - Epoch:  32 | Loss: 0.0019 | Val - MRR: 0.2338, MR:  422.16, H@1: 0.169, H@3: 0.254, H@10: 0.360 | Test - MRR: 0.2337 | *
[2026-04-19 09:17:25,573][root][INFO] - Epoch:  33 | Loss: 0.0019 | Val - MRR: 0.2369, MR:  422.39, H@1: 0.173, H@3: 0.257, H@10: 0.361 | Test - MRR: 0.2355 | *
[2026-04-19 09:21:47,576][root][INFO] - Epoch:  34 | Loss: 0.0019 | Val - MRR: 0.2373, MR:  419.23, H@1: 0.172, H@3: 0.258, H@10: 0.364 | Test - MRR: 0.2368 | *
[2026-04-19 09:26:16,395][root][INFO] - Epoch:  35 | Loss: 0.0019 | Val - MRR: 0.2390, MR:  399.70, H@1: 0.174, H@3: 0.259, H@10: 0.365 | Test - MRR: 0.2384 | *
[2026-04-19 09:30:43,990][root][INFO] - Epoch:  36 | Loss: 0.0019 | Val - MRR: 0.2410, MR:  399.26, H@1: 0.175, H@3: 0.262, H@10: 0.368 | Test - MRR: 0.2395 | *
[2026-04-19 09:35:07,954][root][INFO] - Epoch:  37 | Loss: 0.0018 | Val - MRR: 0.2414, MR:  400.95, H@1: 0.176, H@3: 0.262, H@10: 0.369 | Test - MRR: 0.2406 | *
[2026-04-19 09:39:16,538][root][INFO] - Epoch:  38 | Loss: 0.0018 | Val - MRR: 0.2432, MR:  386.48, H@1: 0.177, H@3: 0.265, H@10: 0.372 | Test - MRR: 0.2422 | *
[2026-04-19 09:43:42,441][root][INFO] - Epoch:  39 | Loss: 0.0018 | Val - MRR: 0.2448, MR:  382.37, H@1: 0.179, H@3: 0.265, H@10: 0.374 | Test - MRR: 0.2438 | *
[2026-04-19 09:48:09,292][root][INFO] - Epoch:  40 | Loss: 0.0018 | Val - MRR: 0.2455, MR:  372.06, H@1: 0.179, H@3: 0.267, H@10: 0.375 | Test - MRR: 0.2441 | *
[2026-04-19 09:52:35,462][root][INFO] - Epoch:  41 | Loss: 0.0018 | Val - MRR: 0.2473, MR:  380.69, H@1: 0.180, H@3: 0.269, H@10: 0.376 | Test - MRR: 0.2459 | *
[2026-04-19 09:56:59,976][root][INFO] - Epoch:  42 | Loss: 0.0018 | Val - MRR: 0.2485, MR:  369.32, H@1: 0.181, H@3: 0.271, H@10: 0.378 | Test - MRR: 0.2471 | *
[2026-04-19 10:01:08,123][root][INFO] - Epoch:  43 | Loss: 0.0018 | Val - MRR: 0.2502, MR:  355.52, H@1: 0.183, H@3: 0.272, H@10: 0.381 | Test - MRR: 0.2478 | *
[2026-04-19 10:05:35,974][root][INFO] - Epoch:  44 | Loss: 0.0018 | Val - MRR: 0.2502, MR:  351.90, H@1: 0.182, H@3: 0.273, H@10: 0.382 | Test - MRR: 0.2483 | *
[2026-04-19 10:10:01,771][root][INFO] - Epoch:  45 | Loss: 0.0018 | Val - MRR: 0.2526, MR:  351.38, H@1: 0.185, H@3: 0.275, H@10: 0.384 | Test - MRR: 0.2504 | *
[2026-04-19 10:14:26,948][root][INFO] - Epoch:  46 | Loss: 0.0018 | Val - MRR: 0.2540, MR:  351.90, H@1: 0.186, H@3: 0.275, H@10: 0.386 | Test - MRR: 0.2515 | *
[2026-04-19 10:18:45,495][root][INFO] - Epoch:  47 | Loss: 0.0018 | Val - MRR: 0.2554, MR:  347.47, H@1: 0.187, H@3: 0.277, H@10: 0.387 | Test - MRR: 0.2519 | *
[2026-04-19 10:23:09,957][root][INFO] - Epoch:  48 | Loss: 0.0018 | Val - MRR: 0.2572, MR:  349.89, H@1: 0.189, H@3: 0.279, H@10: 0.389 | Test - MRR: 0.2542 | *
[2026-04-19 10:27:13,642][root][INFO] - Epoch:  49 | Loss: 0.0018 | Val - MRR: 0.2586, MR:  338.86, H@1: 0.190, H@3: 0.281, H@10: 0.391 | Test - MRR: 0.2563 | *
[2026-04-19 10:31:37,522][root][INFO] - Epoch:  50 | Loss: 0.0018 | Val - MRR: 0.2591, MR:  340.40, H@1: 0.190, H@3: 0.281, H@10: 0.394 | Test - MRR: 0.2572 | *
[2026-04-19 10:35:58,694][root][INFO] - Epoch:  51 | Loss: 0.0018 | Val - MRR: 0.2623, MR:  337.54, H@1: 0.193, H@3: 0.284, H@10: 0.396 | Test - MRR: 0.2605 | *
[2026-04-19 10:40:22,770][root][INFO] - Epoch:  52 | Loss: 0.0017 | Val - MRR: 0.2633, MR:  320.11, H@1: 0.194, H@3: 0.286, H@10: 0.399 | Test - MRR: 0.2615 | *
[2026-04-19 10:44:45,802][root][INFO] - Epoch:  53 | Loss: 0.0017 | Val - MRR: 0.2653, MR:  317.45, H@1: 0.195, H@3: 0.288, H@10: 0.402 | Test - MRR: 0.2630 | *
[2026-04-19 10:48:56,403][root][INFO] - Epoch:  54 | Loss: 0.0017 | Val - MRR: 0.2655, MR:  301.80, H@1: 0.194, H@3: 0.289, H@10: 0.403 | Test - MRR: 0.2636 | *
[2026-04-19 10:53:18,997][root][INFO] - Epoch:  55 | Loss: 0.0017 | Val - MRR: 0.2689, MR:  303.27, H@1: 0.198, H@3: 0.293, H@10: 0.407 | Test - MRR: 0.2668 | *
[2026-04-19 10:57:40,167][root][INFO] - Epoch:  56 | Loss: 0.0017 | Val - MRR: 0.2708, MR:  290.60, H@1: 0.200, H@3: 0.293, H@10: 0.408 | Test - MRR: 0.2681 | *
[2026-04-19 11:02:01,229][root][INFO] - Epoch:  57 | Loss: 0.0017 | Val - MRR: 0.2723, MR:  298.77, H@1: 0.200, H@3: 0.297, H@10: 0.412 | Test - MRR: 0.2698 | *
[2026-04-19 11:06:28,283][root][INFO] - Epoch:  58 | Loss: 0.0017 | Val - MRR: 0.2741, MR:  286.39, H@1: 0.202, H@3: 0.297, H@10: 0.413 | Test - MRR: 0.2715 | *
[2026-04-19 11:10:50,023][root][INFO] - Epoch:  59 | Loss: 0.0017 | Val - MRR: 0.2765, MR:  283.35, H@1: 0.204, H@3: 0.300, H@10: 0.418 | Test - MRR: 0.2735 | *
[2026-04-19 11:14:09,025][root][INFO] - Epoch:  60 | Loss: 0.0017 | Val - MRR: 0.2786, MR:  277.14, H@1: 0.206, H@3: 0.301, H@10: 0.420 | Test - MRR: 0.2752 | *
[2026-04-19 11:18:06,019][root][INFO] - Epoch:  61 | Loss: 0.0017 | Val - MRR: 0.2801, MR:  272.74, H@1: 0.206, H@3: 0.305, H@10: 0.422 | Test - MRR: 0.2774 | *
[2026-04-19 11:22:27,972][root][INFO] - Epoch:  62 | Loss: 0.0017 | Val - MRR: 0.2827, MR:  264.53, H@1: 0.209, H@3: 0.306, H@10: 0.427 | Test - MRR: 0.2799 | *
[2026-04-19 11:26:52,000][root][INFO] - Epoch:  63 | Loss: 0.0017 | Val - MRR: 0.2832, MR:  269.93, H@1: 0.209, H@3: 0.307, H@10: 0.429 | Test - MRR: 0.2824 | *
[2026-04-19 11:31:21,193][root][INFO] - Epoch:  64 | Loss: 0.0017 | Val - MRR: 0.2866, MR:  257.81, H@1: 0.212, H@3: 0.311, H@10: 0.434 | Test - MRR: 0.2835 | *
[2026-04-19 11:35:45,430][root][INFO] - Epoch:  65 | Loss: 0.0016 | Val - MRR: 0.2888, MR:  255.79, H@1: 0.215, H@3: 0.312, H@10: 0.434 | Test - MRR: 0.2851 | *
[2026-04-19 11:39:53,404][root][INFO] - Epoch:  66 | Loss: 0.0016 | Val - MRR: 0.2900, MR:  253.05, H@1: 0.215, H@3: 0.314, H@10: 0.439 | Test - MRR: 0.2864 | *
[2026-04-19 11:44:22,496][root][INFO] - Epoch:  67 | Loss: 0.0016 | Val - MRR: 0.2929, MR:  247.01, H@1: 0.218, H@3: 0.317, H@10: 0.439 | Test - MRR: 0.2897 | *
[2026-04-19 11:48:49,969][root][INFO] - Epoch:  68 | Loss: 0.0016 | Val - MRR: 0.2950, MR:  239.65, H@1: 0.219, H@3: 0.319, H@10: 0.443 | Test - MRR: 0.2913 | *
[2026-04-19 11:53:17,629][root][INFO] - Epoch:  69 | Loss: 0.0016 | Val - MRR: 0.2965, MR:  242.05, H@1: 0.221, H@3: 0.322, H@10: 0.447 | Test - MRR: 0.2933 | *
[2026-04-19 11:57:40,640][root][INFO] - Epoch:  70 | Loss: 0.0016 | Val - MRR: 0.2980, MR:  231.88, H@1: 0.221, H@3: 0.322, H@10: 0.449 | Test - MRR: 0.2947 | *
[2026-04-19 12:01:49,608][root][INFO] - Epoch:  71 | Loss: 0.0016 | Val - MRR: 0.2994, MR:  227.19, H@1: 0.222, H@3: 0.324, H@10: 0.452 | Test - MRR: 0.2966 | *
[2026-04-19 12:06:11,633][root][INFO] - Epoch:  72 | Loss: 0.0016 | Val - MRR: 0.3020, MR:  227.61, H@1: 0.225, H@3: 0.327, H@10: 0.455 | Test - MRR: 0.2991 | *
[2026-04-19 12:10:31,142][root][INFO] - Epoch:  73 | Loss: 0.0016 | Val - MRR: 0.3022, MR:  227.72, H@1: 0.224, H@3: 0.328, H@10: 0.456 | Test - MRR: 0.2988 | *
[2026-04-19 12:14:25,710][root][INFO] - Epoch:  74 | Loss: 0.0016 | Val - MRR: 0.3041, MR:  222.28, H@1: 0.225, H@3: 0.331, H@10: 0.461 | Test - MRR: 0.3017 | *
[2026-04-19 12:18:47,315][root][INFO] - Epoch:  75 | Loss: 0.0016 | Val - MRR: 0.3061, MR:  221.32, H@1: 0.228, H@3: 0.332, H@10: 0.462 | Test - MRR: 0.3022 | *
[2026-04-19 12:23:10,898][root][INFO] - Epoch:  76 | Loss: 0.0016 | Val - MRR: 0.3061, MR:  221.85, H@1: 0.226, H@3: 0.333, H@10: 0.464 | Test - MRR: 0.3032 | *
[2026-04-19 12:27:04,614][root][INFO] - Epoch:  77 | Loss: 0.0016 | Val - MRR: 0.3087, MR:  215.55, H@1: 0.229, H@3: 0.334, H@10: 0.467 | Test - MRR: 0.3055 | *
[2026-04-19 12:31:23,218][root][INFO] - Epoch:  78 | Loss: 0.0016 | Val - MRR: 0.3104, MR:  209.90, H@1: 0.231, H@3: 0.337, H@10: 0.467 | Test - MRR: 0.3066 | *
[2026-04-19 12:35:42,560][root][INFO] - Epoch:  79 | Loss: 0.0015 | Val - MRR: 0.3126, MR:  204.36, H@1: 0.233, H@3: 0.339, H@10: 0.471 | Test - MRR: 0.3090 | *
[2026-04-19 12:39:59,860][root][INFO] - Epoch:  80 | Loss: 0.0016 | Val - MRR: 0.3128, MR:  204.10, H@1: 0.233, H@3: 0.338, H@10: 0.472 | Test - MRR: 0.3074 | *
[2026-04-19 12:44:20,200][root][INFO] - Epoch:  81 | Loss: 0.0015 | Val - MRR: 0.3148, MR:  202.13, H@1: 0.235, H@3: 0.341, H@10: 0.475 | Test - MRR: 0.3105 | *
[2026-04-19 12:48:36,956][root][INFO] - Epoch:  82 | Loss: 0.0015 | Val - MRR: 0.3163, MR:  197.80, H@1: 0.235, H@3: 0.343, H@10: 0.479 | Test - MRR: 0.3114 | *
[2026-04-19 12:52:36,489][root][INFO] - Epoch:  83 | Loss: 0.0015 | Val - MRR: 0.3168, MR:  197.08, H@1: 0.235, H@3: 0.344, H@10: 0.480 | Test - MRR: 0.3130 | *
[2026-04-19 12:56:55,329][root][INFO] - Epoch:  84 | Loss: 0.0015 | Val - MRR: 0.3187, MR:  193.78, H@1: 0.237, H@3: 0.345, H@10: 0.483 | Test - MRR: 0.3145 | *
[2026-04-19 13:01:13,855][root][INFO] - Epoch:  85 | Loss: 0.0015 | Val - MRR: 0.3192, MR:  195.10, H@1: 0.236, H@3: 0.348, H@10: 0.485 | Test - MRR: 0.3152 | *
[2026-04-19 13:05:30,424][root][INFO] - Epoch:  86 | Loss: 0.0015 | Val - MRR: 0.3204, MR:  194.59, H@1: 0.238, H@3: 0.349, H@10: 0.487 | Test - MRR: 0.3169 | *
[2026-04-19 13:09:44,312][root][INFO] - Epoch:  87 | Loss: 0.0015 | Val - MRR: 0.3227, MR:  190.57, H@1: 0.240, H@3: 0.351, H@10: 0.488 | Test - MRR: 0.3190 | *
[2026-04-19 13:13:49,062][root][INFO] - Epoch:  88 | Loss: 0.0015 | Val - MRR: 0.3242, MR:  188.86, H@1: 0.241, H@3: 0.353, H@10: 0.490 | Test - MRR: 0.3193 | *
[2026-04-19 13:17:58,084][root][INFO] - Epoch:  89 | Loss: 0.0015 | Val - MRR: 0.3246, MR:  195.78, H@1: 0.240, H@3: 0.355, H@10: 0.493 | Test - MRR: 0.3211 | *
[2026-04-19 13:22:15,891][root][INFO] - Epoch:  90 | Loss: 0.0015 | Val - MRR: 0.3277, MR:  195.43, H@1: 0.244, H@3: 0.356, H@10: 0.495 | Test - MRR: 0.3236 | *
[2026-04-19 13:26:32,674][root][INFO] - Epoch:  91 | Loss: 0.0015 | Val - MRR: 0.3272, MR:  191.26, H@1: 0.243, H@3: 0.356, H@10: 0.495 | Test - MRR: 0.3237 | *
[2026-04-19 13:30:49,915][root][INFO] - Epoch:  92 | Loss: 0.0015 | Val - MRR: 0.3314, MR:  184.26, H@1: 0.248, H@3: 0.360, H@10: 0.498 | Test - MRR: 0.3263 | *
[2026-04-19 13:35:07,346][root][INFO] - Epoch:  93 | Loss: 0.0015 | Val - MRR: 0.3306, MR:  184.82, H@1: 0.247, H@3: 0.359, H@10: 0.499 | Test - MRR: 0.3264 | *
[2026-04-19 13:39:01,987][root][INFO] - Epoch:  94 | Loss: 0.0015 | Val - MRR: 0.3316, MR:  182.91, H@1: 0.247, H@3: 0.362, H@10: 0.500 | Test - MRR: 0.3266 | *
[2026-04-19 13:43:18,716][root][INFO] - Epoch:  95 | Loss: 0.0015 | Val - MRR: 0.3327, MR:  183.07, H@1: 0.249, H@3: 0.361, H@10: 0.503 | Test - MRR: 0.3283 | *
[2026-04-19 13:47:15,130][root][INFO] - Epoch:  96 | Loss: 0.0015 | Val - MRR: 0.3318, MR:  180.59, H@1: 0.247, H@3: 0.362, H@10: 0.502 | 
[2026-04-19 13:51:31,931][root][INFO] - Epoch:  97 | Loss: 0.0015 | Val - MRR: 0.3321, MR:  184.48, H@1: 0.247, H@3: 0.362, H@10: 0.503 | Test - MRR: 0.3286 | *
[2026-04-19 13:55:47,775][root][INFO] - Epoch:  98 | Loss: 0.0015 | Val - MRR: 0.3333, MR:  181.41, H@1: 0.248, H@3: 0.364, H@10: 0.505 | Test - MRR: 0.3293 | *
[2026-04-19 14:00:03,335][root][INFO] - Epoch:  99 | Loss: 0.0015 | Val - MRR: 0.3353, MR:  180.33, H@1: 0.250, H@3: 0.366, H@10: 0.505 | Test - MRR: 0.3314 | *
[2026-04-19 14:03:55,361][root][INFO] - Epoch: 100 | Loss: 0.0015 | Val - MRR: 0.3362, MR:  178.82, H@1: 0.251, H@3: 0.367, H@10: 0.506 | Test - MRR: 0.3316 | *
[2026-04-19 14:07:45,447][root][INFO] - Epoch: 101 | Loss: 0.0015 | Val - MRR: 0.3356, MR:  179.70, H@1: 0.250, H@3: 0.367, H@10: 0.506 | Test - MRR: 0.3321 | *
[2026-04-19 14:11:59,248][root][INFO] - Epoch: 102 | Loss: 0.0015 | Val - MRR: 0.3366, MR:  178.18, H@1: 0.251, H@3: 0.367, H@10: 0.509 | Test - MRR: 0.3319 | *
[2026-04-19 14:16:15,296][root][INFO] - Epoch: 103 | Loss: 0.0015 | Val - MRR: 0.3387, MR:  177.64, H@1: 0.253, H@3: 0.369, H@10: 0.510 | Test - MRR: 0.3331 | *
[2026-04-19 14:20:29,618][root][INFO] - Epoch: 104 | Loss: 0.0015 | Val - MRR: 0.3389, MR:  177.55, H@1: 0.251, H@3: 0.373, H@10: 0.513 | Test - MRR: 0.3342 | *
[2026-04-19 14:24:46,560][root][INFO] - Epoch: 105 | Loss: 0.0015 | Val - MRR: 0.3386, MR:  175.31, H@1: 0.252, H@3: 0.370, H@10: 0.511 | Test - MRR: 0.3346 | *
[2026-04-19 14:28:40,434][root][INFO] - Epoch: 106 | Loss: 0.0014 | Val - MRR: 0.3391, MR:  174.60, H@1: 0.251, H@3: 0.371, H@10: 0.514 | Test - MRR: 0.3347 | *
[2026-04-19 14:32:55,586][root][INFO] - Epoch: 107 | Loss: 0.0014 | Val - MRR: 0.3401, MR:  175.22, H@1: 0.252, H@3: 0.372, H@10: 0.516 | Test - MRR: 0.3360 | *
[2026-04-19 14:37:11,115][root][INFO] - Epoch: 108 | Loss: 0.0014 | Val - MRR: 0.3409, MR:  171.73, H@1: 0.253, H@3: 0.372, H@10: 0.515 | Test - MRR: 0.3364 | *
[2026-04-19 14:41:27,030][root][INFO] - Epoch: 109 | Loss: 0.0014 | Val - MRR: 0.3400, MR:  176.65, H@1: 0.252, H@3: 0.372, H@10: 0.515 | Test - MRR: 0.3367 | *
[2026-04-19 14:45:43,579][root][INFO] - Epoch: 110 | Loss: 0.0014 | Val - MRR: 0.3410, MR:  175.83, H@1: 0.254, H@3: 0.371, H@10: 0.517 | Test - MRR: 0.3379 | *
[2026-04-19 14:49:49,407][root][INFO] - Epoch: 111 | Loss: 0.0014 | Val - MRR: 0.3412, MR:  176.81, H@1: 0.254, H@3: 0.374, H@10: 0.517 | Test - MRR: 0.3368 | *
[2026-04-19 14:53:48,322][root][INFO] - Epoch: 112 | Loss: 0.0014 | Val - MRR: 0.3421, MR:  173.80, H@1: 0.254, H@3: 0.375, H@10: 0.518 | Test - MRR: 0.3384 | *
[2026-04-19 14:58:03,055][root][INFO] - Epoch: 113 | Loss: 0.0014 | Val - MRR: 0.3434, MR:  174.64, H@1: 0.255, H@3: 0.376, H@10: 0.520 | Test - MRR: 0.3394 | *
[2026-04-19 15:02:17,110][root][INFO] - Epoch: 114 | Loss: 0.0014 | Val - MRR: 0.3432, MR:  172.81, H@1: 0.255, H@3: 0.375, H@10: 0.520 | Test - MRR: 0.3395 | *
[2026-04-19 15:06:12,257][root][INFO] - Epoch: 115 | Loss: 0.0014 | Val - MRR: 0.3446, MR:  172.38, H@1: 0.257, H@3: 0.376, H@10: 0.521 | Test - MRR: 0.3403 | *
[2026-04-19 15:10:27,830][root][INFO] - Epoch: 116 | Loss: 0.0014 | Val - MRR: 0.3455, MR:  173.46, H@1: 0.257, H@3: 0.378, H@10: 0.522 | Test - MRR: 0.3416 | *
[2026-04-19 15:14:31,046][root][INFO] - Epoch: 117 | Loss: 0.0014 | Val - MRR: 0.3463, MR:  172.17, H@1: 0.258, H@3: 0.379, H@10: 0.523 | Test - MRR: 0.3420 | *
[2026-04-19 15:18:47,428][root][INFO] - Epoch: 118 | Loss: 0.0014 | Val - MRR: 0.3463, MR:  171.13, H@1: 0.258, H@3: 0.377, H@10: 0.524 | Test - MRR: 0.3429 | *
[2026-04-19 15:23:05,138][root][INFO] - Epoch: 119 | Loss: 0.0014 | Val - MRR: 0.3463, MR:  170.61, H@1: 0.258, H@3: 0.378, H@10: 0.523 | Test - MRR: 0.3421 | *
[2026-04-19 15:27:21,609][root][INFO] - Epoch: 120 | Loss: 0.0014 | Val - MRR: 0.3472, MR:  171.20, H@1: 0.260, H@3: 0.378, H@10: 0.525 | Test - MRR: 0.3425 | *
[2026-04-19 15:31:38,312][root][INFO] - Epoch: 121 | Loss: 0.0014 | Val - MRR: 0.3481, MR:  168.04, H@1: 0.259, H@3: 0.379, H@10: 0.527 | Test - MRR: 0.3443 | *
[2026-04-19 15:35:34,042][root][INFO] - Epoch: 122 | Loss: 0.0014 | Val - MRR: 0.3472, MR:  170.73, H@1: 0.258, H@3: 0.380, H@10: 0.526 | 
[2026-04-19 15:39:31,960][root][INFO] - Epoch: 123 | Loss: 0.0014 | Val - MRR: 0.3479, MR:  170.79, H@1: 0.259, H@3: 0.380, H@10: 0.525 | Test - MRR: 0.3446 | *
[2026-04-19 15:43:47,613][root][INFO] - Epoch: 124 | Loss: 0.0014 | Val - MRR: 0.3477, MR:  171.96, H@1: 0.258, H@3: 0.381, H@10: 0.528 | Test - MRR: 0.3450 | *
[2026-04-19 15:48:04,777][root][INFO] - Epoch: 125 | Loss: 0.0014 | Val - MRR: 0.3483, MR:  173.27, H@1: 0.260, H@3: 0.381, H@10: 0.527 | Test - MRR: 0.3445 | *
[2026-04-19 15:52:19,739][root][INFO] - Epoch: 126 | Loss: 0.0014 | Val - MRR: 0.3493, MR:  170.40, H@1: 0.260, H@3: 0.383, H@10: 0.528 | Test - MRR: 0.3456 | *
[2026-04-19 15:56:15,338][root][INFO] - Epoch: 127 | Loss: 0.0014 | Val - MRR: 0.3486, MR:  170.62, H@1: 0.260, H@3: 0.381, H@10: 0.527 | 
[2026-04-19 16:00:04,135][root][INFO] - Epoch: 128 | Loss: 0.0014 | Val - MRR: 0.3482, MR:  170.75, H@1: 0.259, H@3: 0.381, H@10: 0.528 | 
[2026-04-19 16:03:58,528][root][INFO] - Epoch: 129 | Loss: 0.0014 | Val - MRR: 0.3493, MR:  166.85, H@1: 0.259, H@3: 0.383, H@10: 0.529 | Test - MRR: 0.3459 | *
[2026-04-19 16:08:14,307][root][INFO] - Epoch: 130 | Loss: 0.0014 | Val - MRR: 0.3504, MR:  168.92, H@1: 0.261, H@3: 0.383, H@10: 0.529 | Test - MRR: 0.3466 | *
[2026-04-19 16:12:10,829][root][INFO] - Epoch: 131 | Loss: 0.0014 | Val - MRR: 0.3494, MR:  169.45, H@1: 0.260, H@3: 0.382, H@10: 0.529 | 
[2026-04-19 16:16:27,135][root][INFO] - Epoch: 132 | Loss: 0.0014 | Val - MRR: 0.3504, MR:  169.28, H@1: 0.261, H@3: 0.384, H@10: 0.531 | Test - MRR: 0.3481 | *
[2026-04-19 16:20:40,622][root][INFO] - Epoch: 133 | Loss: 0.0014 | Val - MRR: 0.3510, MR:  168.04, H@1: 0.261, H@3: 0.384, H@10: 0.533 | Test - MRR: 0.3470 | *
[2026-04-19 16:24:57,520][root][INFO] - Epoch: 134 | Loss: 0.0014 | Val - MRR: 0.3513, MR:  168.55, H@1: 0.261, H@3: 0.384, H@10: 0.535 | Test - MRR: 0.3473 | *
[2026-04-19 16:28:47,103][root][INFO] - Epoch: 135 | Loss: 0.0014 | Val - MRR: 0.3515, MR:  165.98, H@1: 0.261, H@3: 0.385, H@10: 0.532 | Test - MRR: 0.3475 | *
[2026-04-19 16:33:01,573][root][INFO] - Epoch: 136 | Loss: 0.0014 | Val - MRR: 0.3521, MR:  167.80, H@1: 0.262, H@3: 0.385, H@10: 0.533 | Test - MRR: 0.3474 | *
[2026-04-19 16:37:16,254][root][INFO] - Epoch: 137 | Loss: 0.0014 | Val - MRR: 0.3522, MR:  169.16, H@1: 0.261, H@3: 0.387, H@10: 0.534 | Test - MRR: 0.3484 | *
[2026-04-19 16:41:12,147][root][INFO] - Epoch: 138 | Loss: 0.0014 | Val - MRR: 0.3516, MR:  168.45, H@1: 0.261, H@3: 0.385, H@10: 0.533 | 
[2026-04-19 16:45:06,839][root][INFO] - Epoch: 139 | Loss: 0.0014 | Val - MRR: 0.3521, MR:  167.56, H@1: 0.261, H@3: 0.387, H@10: 0.533 | 
[2026-04-19 16:49:21,785][root][INFO] - Epoch: 140 | Loss: 0.0014 | Val - MRR: 0.3526, MR:  167.11, H@1: 0.262, H@3: 0.386, H@10: 0.535 | Test - MRR: 0.3483 | *
[2026-04-19 16:53:13,305][root][INFO] - Epoch: 141 | Loss: 0.0014 | Val - MRR: 0.3527, MR:  168.85, H@1: 0.263, H@3: 0.384, H@10: 0.534 | Test - MRR: 0.3488 | *
[2026-04-19 16:57:10,702][root][INFO] - Epoch: 142 | Loss: 0.0014 | Val - MRR: 0.3525, MR:  168.25, H@1: 0.262, H@3: 0.384, H@10: 0.533 | Test - MRR: 0.3493 | *
[2026-04-19 17:01:05,491][root][INFO] - Epoch: 143 | Loss: 0.0014 | Val - MRR: 0.3522, MR:  168.76, H@1: 0.262, H@3: 0.385, H@10: 0.534 | 
[2026-04-19 17:05:20,281][root][INFO] - Epoch: 144 | Loss: 0.0014 | Val - MRR: 0.3534, MR:  170.30, H@1: 0.263, H@3: 0.387, H@10: 0.534 | Test - MRR: 0.3503 | *
[2026-04-19 17:09:13,186][root][INFO] - Epoch: 145 | Loss: 0.0014 | Val - MRR: 0.3525, MR:  168.13, H@1: 0.262, H@3: 0.386, H@10: 0.536 | 
[2026-04-19 17:13:06,716][root][INFO] - Epoch: 146 | Loss: 0.0014 | Val - MRR: 0.3531, MR:  168.79, H@1: 0.263, H@3: 0.385, H@10: 0.536 | 
[2026-04-19 17:16:56,792][root][INFO] - Epoch: 147 | Loss: 0.0014 | Val - MRR: 0.3539, MR:  167.58, H@1: 0.264, H@3: 0.387, H@10: 0.538 | Test - MRR: 0.3511 | *
[2026-04-19 17:21:14,358][root][INFO] - Epoch: 148 | Loss: 0.0014 | Val - MRR: 0.3549, MR:  167.46, H@1: 0.265, H@3: 0.388, H@10: 0.536 | Test - MRR: 0.3518 | *
[2026-04-19 17:25:08,717][root][INFO] - Epoch: 149 | Loss: 0.0014 | Val - MRR: 0.3543, MR:  172.23, H@1: 0.264, H@3: 0.386, H@10: 0.537 | 
[2026-04-19 17:29:04,161][root][INFO] - Epoch: 150 | Loss: 0.0014 | Val - MRR: 0.3545, MR:  166.64, H@1: 0.263, H@3: 0.388, H@10: 0.536 | 
[2026-04-19 17:32:58,604][root][INFO] - Epoch: 151 | Loss: 0.0014 | Val - MRR: 0.3544, MR:  169.79, H@1: 0.264, H@3: 0.388, H@10: 0.535 | 
[2026-04-19 17:36:53,111][root][INFO] - Epoch: 152 | Loss: 0.0014 | Val - MRR: 0.3549, MR:  167.74, H@1: 0.264, H@3: 0.390, H@10: 0.538 | 
[2026-04-19 17:40:26,536][root][INFO] - Epoch: 153 | Loss: 0.0014 | Val - MRR: 0.3540, MR:  169.94, H@1: 0.263, H@3: 0.388, H@10: 0.537 | 
[2026-04-19 17:44:20,836][root][INFO] - Epoch: 154 | Loss: 0.0014 | Val - MRR: 0.3541, MR:  171.52, H@1: 0.263, H@3: 0.388, H@10: 0.537 | 
[2026-04-19 17:48:14,806][root][INFO] - Epoch: 155 | Loss: 0.0014 | Val - MRR: 0.3536, MR:  169.10, H@1: 0.262, H@3: 0.388, H@10: 0.537 | 
[2026-04-19 17:52:08,496][root][INFO] - Epoch: 156 | Loss: 0.0014 | Val - MRR: 0.3548, MR:  166.65, H@1: 0.264, H@3: 0.389, H@10: 0.538 | 
[2026-04-19 17:55:55,592][root][INFO] - Epoch: 157 | Loss: 0.0014 | Val - MRR: 0.3558, MR:  168.45, H@1: 0.265, H@3: 0.389, H@10: 0.538 | Test - MRR: 0.3514 | *
[2026-04-19 18:00:10,526][root][INFO] - Epoch: 158 | Loss: 0.0013 | Val - MRR: 0.3560, MR:  168.96, H@1: 0.265, H@3: 0.390, H@10: 0.540 | Test - MRR: 0.3516 | *
[2026-04-19 18:04:16,837][root][INFO] - Epoch: 159 | Loss: 0.0013 | Val - MRR: 0.3563, MR:  171.96, H@1: 0.265, H@3: 0.389, H@10: 0.541 | Test - MRR: 0.3519 | *
[2026-04-19 18:07:58,311][root][INFO] - Epoch: 160 | Loss: 0.0013 | Val - MRR: 0.3555, MR:  170.63, H@1: 0.264, H@3: 0.389, H@10: 0.539 | 
[2026-04-19 18:11:52,138][root][INFO] - Epoch: 161 | Loss: 0.0013 | Val - MRR: 0.3559, MR:  170.12, H@1: 0.265, H@3: 0.390, H@10: 0.539 | 
[2026-04-19 18:16:05,479][root][INFO] - Epoch: 162 | Loss: 0.0013 | Val - MRR: 0.3567, MR:  171.76, H@1: 0.265, H@3: 0.390, H@10: 0.541 | Test - MRR: 0.3525 | *
[2026-04-19 18:19:59,062][root][INFO] - Epoch: 163 | Loss: 0.0013 | Val - MRR: 0.3561, MR:  167.60, H@1: 0.264, H@3: 0.390, H@10: 0.540 | 
[2026-04-19 18:24:12,697][root][INFO] - Epoch: 164 | Loss: 0.0013 | Val - MRR: 0.3568, MR:  171.64, H@1: 0.265, H@3: 0.390, H@10: 0.540 | Test - MRR: 0.3515 | *
[2026-04-19 18:28:02,860][root][INFO] - Epoch: 165 | Loss: 0.0013 | Val - MRR: 0.3560, MR:  170.39, H@1: 0.264, H@3: 0.391, H@10: 0.539 | 
[2026-04-19 18:31:46,323][root][INFO] - Epoch: 166 | Loss: 0.0013 | Val - MRR: 0.3577, MR:  169.58, H@1: 0.266, H@3: 0.392, H@10: 0.540 | Test - MRR: 0.3535 | *
[2026-04-19 18:35:44,687][root][INFO] - Epoch: 167 | Loss: 0.0013 | Val - MRR: 0.3575, MR:  169.90, H@1: 0.266, H@3: 0.390, H@10: 0.541 | 
[2026-04-19 18:39:39,162][root][INFO] - Epoch: 168 | Loss: 0.0013 | Val - MRR: 0.3571, MR:  171.02, H@1: 0.265, H@3: 0.392, H@10: 0.542 | 
[2026-04-19 18:43:34,524][root][INFO] - Epoch: 169 | Loss: 0.0013 | Val - MRR: 0.3575, MR:  168.15, H@1: 0.266, H@3: 0.391, H@10: 0.541 | 
[2026-04-19 18:47:28,377][root][INFO] - Epoch: 170 | Loss: 0.0013 | Val - MRR: 0.3575, MR:  171.14, H@1: 0.266, H@3: 0.391, H@10: 0.541 | 
[2026-04-19 18:51:36,635][root][INFO] - Epoch: 171 | Loss: 0.0013 | Val - MRR: 0.3582, MR:  168.37, H@1: 0.266, H@3: 0.393, H@10: 0.542 | Test - MRR: 0.3536 | *
[2026-04-19 18:54:56,756][root][INFO] - Epoch: 172 | Loss: 0.0013 | Val - MRR: 0.3575, MR:  170.41, H@1: 0.267, H@3: 0.390, H@10: 0.541 | Test - MRR: 0.3537 | *
[2026-04-19 18:58:50,493][root][INFO] - Epoch: 173 | Loss: 0.0013 | Val - MRR: 0.3575, MR:  173.00, H@1: 0.266, H@3: 0.390, H@10: 0.542 | 
[2026-04-19 19:03:04,875][root][INFO] - Epoch: 174 | Loss: 0.0013 | Val - MRR: 0.3577, MR:  172.83, H@1: 0.266, H@3: 0.391, H@10: 0.541 | Test - MRR: 0.3541 | *
[2026-04-19 19:06:59,628][root][INFO] - Epoch: 175 | Loss: 0.0013 | Val - MRR: 0.3570, MR:  173.96, H@1: 0.265, H@3: 0.390, H@10: 0.540 | 
[2026-04-19 19:11:13,763][root][INFO] - Epoch: 176 | Loss: 0.0013 | Val - MRR: 0.3589, MR:  172.78, H@1: 0.268, H@3: 0.392, H@10: 0.543 | Test - MRR: 0.3547 | *
[2026-04-19 19:15:32,091][root][INFO] - Epoch: 177 | Loss: 0.0013 | Val - MRR: 0.3594, MR:  171.33, H@1: 0.268, H@3: 0.392, H@10: 0.543 | Test - MRR: 0.3545 | *
[2026-04-19 19:18:51,173][root][INFO] - Epoch: 178 | Loss: 0.0013 | Val - MRR: 0.3578, MR:  172.61, H@1: 0.265, H@3: 0.393, H@10: 0.542 | 
[2026-04-19 19:22:45,789][root][INFO] - Epoch: 179 | Loss: 0.0013 | Val - MRR: 0.3577, MR:  172.44, H@1: 0.266, H@3: 0.390, H@10: 0.544 | 
[2026-04-19 19:26:40,253][root][INFO] - Epoch: 180 | Loss: 0.0013 | Val - MRR: 0.3573, MR:  172.09, H@1: 0.265, H@3: 0.391, H@10: 0.542 | 
[2026-04-19 19:30:34,400][root][INFO] - Epoch: 181 | Loss: 0.0013 | Val - MRR: 0.3578, MR:  169.86, H@1: 0.266, H@3: 0.392, H@10: 0.543 | 
[2026-04-19 19:34:29,929][root][INFO] - Epoch: 182 | Loss: 0.0013 | Val - MRR: 0.3582, MR:  172.07, H@1: 0.266, H@3: 0.391, H@10: 0.545 | 
[2026-04-19 19:38:23,535][root][INFO] - Epoch: 183 | Loss: 0.0013 | Val - MRR: 0.3580, MR:  173.11, H@1: 0.267, H@3: 0.391, H@10: 0.543 | 
[2026-04-19 19:42:02,433][root][INFO] - Epoch: 184 | Loss: 0.0013 | Val - MRR: 0.3587, MR:  173.24, H@1: 0.267, H@3: 0.391, H@10: 0.544 | 
[2026-04-19 19:45:54,950][root][INFO] - Epoch: 185 | Loss: 0.0013 | Val - MRR: 0.3568, MR:  174.26, H@1: 0.264, H@3: 0.391, H@10: 0.542 | 
[2026-04-19 19:49:43,189][root][INFO] - Epoch: 186 | Loss: 0.0013 | Val - MRR: 0.3571, MR:  173.65, H@1: 0.265, H@3: 0.390, H@10: 0.543 | 
[2026-04-19 19:53:32,601][root][INFO] - Epoch: 187 | Loss: 0.0013 | Val - MRR: 0.3577, MR:  171.93, H@1: 0.266, H@3: 0.392, H@10: 0.543 | 
[2026-04-19 19:57:26,319][root][INFO] - Epoch: 188 | Loss: 0.0013 | Val - MRR: 0.3583, MR:  172.28, H@1: 0.266, H@3: 0.392, H@10: 0.544 | 
[2026-04-19 20:01:22,698][root][INFO] - Epoch: 189 | Loss: 0.0013 | Val - MRR: 0.3585, MR:  171.76, H@1: 0.266, H@3: 0.393, H@10: 0.544 | 
[2026-04-19 20:05:16,900][root][INFO] - Epoch: 190 | Loss: 0.0013 | Val - MRR: 0.3586, MR:  174.90, H@1: 0.267, H@3: 0.392, H@10: 0.543 | 
[2026-04-19 20:08:37,844][root][INFO] - Epoch: 191 | Loss: 0.0013 | Val - MRR: 0.3580, MR:  173.75, H@1: 0.266, H@3: 0.393, H@10: 0.543 | 
[2026-04-19 20:12:31,270][root][INFO] - Epoch: 192 | Loss: 0.0013 | Val - MRR: 0.3576, MR:  173.49, H@1: 0.266, H@3: 0.392, H@10: 0.542 | 
[2026-04-19 20:16:25,946][root][INFO] - Epoch: 193 | Loss: 0.0013 | Val - MRR: 0.3585, MR:  176.56, H@1: 0.267, H@3: 0.393, H@10: 0.544 | 
[2026-04-19 20:20:19,052][root][INFO] - Epoch: 194 | Loss: 0.0013 | Val - MRR: 0.3586, MR:  173.50, H@1: 0.266, H@3: 0.394, H@10: 0.544 | 
[2026-04-19 20:24:33,339][root][INFO] - Epoch: 195 | Loss: 0.0013 | Val - MRR: 0.3591, MR:  175.79, H@1: 0.267, H@3: 0.394, H@10: 0.544 | Test - MRR: 0.3552 | *
[2026-04-19 20:28:48,864][root][INFO] - Epoch: 196 | Loss: 0.0013 | Val - MRR: 0.3592, MR:  173.73, H@1: 0.267, H@3: 0.394, H@10: 0.543 | Test - MRR: 0.3544 | *
[2026-04-19 20:32:26,144][root][INFO] - Epoch: 197 | Loss: 0.0013 | Val - MRR: 0.3596, MR:  176.00, H@1: 0.268, H@3: 0.394, H@10: 0.542 | Test - MRR: 0.3541 | *
[2026-04-19 20:36:38,669][root][INFO] - Epoch: 198 | Loss: 0.0013 | Val - MRR: 0.3601, MR:  174.07, H@1: 0.269, H@3: 0.394, H@10: 0.545 | Test - MRR: 0.3561 | *
[2026-04-19 20:40:51,484][root][INFO] - Epoch: 199 | Loss: 0.0013 | Val - MRR: 0.3601, MR:  174.76, H@1: 0.269, H@3: 0.394, H@10: 0.545 | Test - MRR: 0.3554 | *
[2026-04-19 20:44:45,284][root][INFO] - Epoch: 200 | Loss: 0.0013 | Val - MRR: 0.3597, MR:  175.63, H@1: 0.268, H@3: 0.394, H@10: 0.546 | 
[2026-04-19 20:48:32,587][root][INFO] - Epoch: 201 | Loss: 0.0013 | Val - MRR: 0.3603, MR:  175.57, H@1: 0.269, H@3: 0.395, H@10: 0.545 | Test - MRR: 0.3561 | *
[2026-04-19 20:52:25,558][root][INFO] - Epoch: 202 | Loss: 0.0013 | Val - MRR: 0.3590, MR:  174.77, H@1: 0.267, H@3: 0.393, H@10: 0.544 | 
[2026-04-19 20:55:54,119][root][INFO] - Epoch: 203 | Loss: 0.0013 | Val - MRR: 0.3602, MR:  171.09, H@1: 0.269, H@3: 0.393, H@10: 0.546 | 
[2026-04-19 20:59:48,989][root][INFO] - Epoch: 204 | Loss: 0.0013 | Val - MRR: 0.3588, MR:  174.53, H@1: 0.267, H@3: 0.393, H@10: 0.546 | 
[2026-04-19 21:03:41,295][root][INFO] - Epoch: 205 | Loss: 0.0013 | Val - MRR: 0.3585, MR:  176.39, H@1: 0.265, H@3: 0.394, H@10: 0.546 | 
[2026-04-19 21:07:55,711][root][INFO] - Epoch: 206 | Loss: 0.0013 | Val - MRR: 0.3596, MR:  175.45, H@1: 0.268, H@3: 0.394, H@10: 0.546 | Test - MRR: 0.3566 | *
[2026-04-19 21:12:12,759][root][INFO] - Epoch: 207 | Loss: 0.0013 | Val - MRR: 0.3607, MR:  174.04, H@1: 0.269, H@3: 0.394, H@10: 0.548 | Test - MRR: 0.3568 | *
[2026-04-19 21:16:06,027][root][INFO] - Epoch: 208 | Loss: 0.0013 | Val - MRR: 0.3604, MR:  176.02, H@1: 0.268, H@3: 0.396, H@10: 0.547 | 
[2026-04-19 21:19:49,511][root][INFO] - Epoch: 209 | Loss: 0.0013 | Val - MRR: 0.3601, MR:  177.34, H@1: 0.268, H@3: 0.395, H@10: 0.546 | 
[2026-04-19 21:23:34,465][root][INFO] - Epoch: 210 | Loss: 0.0013 | Val - MRR: 0.3604, MR:  175.02, H@1: 0.268, H@3: 0.396, H@10: 0.547 | 
[2026-04-19 21:27:46,953][root][INFO] - Epoch: 211 | Loss: 0.0013 | Val - MRR: 0.3609, MR:  176.64, H@1: 0.269, H@3: 0.396, H@10: 0.548 | Test - MRR: 0.3566 | *
[2026-04-19 21:31:41,024][root][INFO] - Epoch: 212 | Loss: 0.0013 | Val - MRR: 0.3605, MR:  178.75, H@1: 0.269, H@3: 0.396, H@10: 0.546 | 
[2026-04-19 21:35:35,163][root][INFO] - Epoch: 213 | Loss: 0.0013 | Val - MRR: 0.3602, MR:  176.07, H@1: 0.268, H@3: 0.395, H@10: 0.548 | 
[2026-04-19 21:39:28,904][root][INFO] - Epoch: 214 | Loss: 0.0013 | Val - MRR: 0.3595, MR:  178.42, H@1: 0.267, H@3: 0.394, H@10: 0.546 | 
[2026-04-19 21:43:19,858][root][INFO] - Epoch: 215 | Loss: 0.0013 | Val - MRR: 0.3589, MR:  179.27, H@1: 0.267, H@3: 0.395, H@10: 0.545 | 
[2026-04-19 21:45:57,215][root][INFO] - Epoch: 216 | Loss: 0.0013 | Val - MRR: 0.3600, MR:  177.18, H@1: 0.268, H@3: 0.395, H@10: 0.545 | 
[2026-04-19 21:49:50,761][root][INFO] - Epoch: 217 | Loss: 0.0013 | Val - MRR: 0.3602, MR:  178.59, H@1: 0.268, H@3: 0.396, H@10: 0.546 | 
[2026-04-19 21:53:44,071][root][INFO] - Epoch: 218 | Loss: 0.0013 | Val - MRR: 0.3600, MR:  178.54, H@1: 0.268, H@3: 0.393, H@10: 0.546 | 
[2026-04-19 21:57:37,394][root][INFO] - Epoch: 219 | Loss: 0.0013 | Val - MRR: 0.3597, MR:  177.86, H@1: 0.267, H@3: 0.395, H@10: 0.547 | 
[2026-04-19 22:01:30,855][root][INFO] - Epoch: 220 | Loss: 0.0013 | Val - MRR: 0.3602, MR:  183.44, H@1: 0.268, H@3: 0.395, H@10: 0.546 | 
[2026-04-19 22:05:24,208][root][INFO] - Epoch: 221 | Loss: 0.0013 | Val - MRR: 0.3592, MR:  178.80, H@1: 0.266, H@3: 0.394, H@10: 0.546 | 
[2026-04-19 22:09:02,406][root][INFO] - Epoch: 222 | Loss: 0.0013 | Val - MRR: 0.3597, MR:  178.23, H@1: 0.267, H@3: 0.393, H@10: 0.547 | 
[2026-04-19 22:12:46,486][root][INFO] - Epoch: 223 | Loss: 0.0013 | Val - MRR: 0.3591, MR:  180.79, H@1: 0.268, H@3: 0.393, H@10: 0.545 | 
[2026-04-19 22:16:39,433][root][INFO] - Epoch: 224 | Loss: 0.0013 | Val - MRR: 0.3595, MR:  177.91, H@1: 0.268, H@3: 0.394, H@10: 0.543 | 
[2026-04-19 22:20:32,875][root][INFO] - Epoch: 225 | Loss: 0.0013 | Val - MRR: 0.3608, MR:  178.18, H@1: 0.269, H@3: 0.394, H@10: 0.546 | 
[2026-04-19 22:24:27,426][root][INFO] - Epoch: 226 | Loss: 0.0013 | Val - MRR: 0.3597, MR:  178.73, H@1: 0.267, H@3: 0.396, H@10: 0.546 | 
[2026-04-19 22:28:18,641][root][INFO] - Epoch: 227 | Loss: 0.0013 | Val - MRR: 0.3603, MR:  178.51, H@1: 0.268, H@3: 0.394, H@10: 0.547 | 
[2026-04-19 22:32:11,283][root][INFO] - Epoch: 228 | Loss: 0.0013 | Val - MRR: 0.3595, MR:  178.06, H@1: 0.267, H@3: 0.395, H@10: 0.547 | 
[2026-04-19 22:35:29,994][root][INFO] - Epoch: 229 | Loss: 0.0013 | Val - MRR: 0.3595, MR:  177.23, H@1: 0.267, H@3: 0.395, H@10: 0.545 | 
[2026-04-19 22:39:23,127][root][INFO] - Epoch: 230 | Loss: 0.0013 | Val - MRR: 0.3602, MR:  180.85, H@1: 0.268, H@3: 0.395, H@10: 0.545 | 
[2026-04-19 22:43:14,635][root][INFO] - Epoch: 231 | Loss: 0.0013 | Val - MRR: 0.3609, MR:  179.48, H@1: 0.269, H@3: 0.395, H@10: 0.547 | 
[2026-04-19 22:47:01,558][root][INFO] - Epoch: 232 | Loss: 0.0013 | Val - MRR: 0.3611, MR:  179.41, H@1: 0.269, H@3: 0.396, H@10: 0.548 | Test - MRR: 0.3558 | *
[2026-04-19 22:50:55,160][root][INFO] - Epoch: 233 | Loss: 0.0013 | Val - MRR: 0.3605, MR:  180.25, H@1: 0.269, H@3: 0.394, H@10: 0.546 | 
[2026-04-19 22:55:08,484][root][INFO] - Epoch: 234 | Loss: 0.0013 | Val - MRR: 0.3611, MR:  181.71, H@1: 0.269, H@3: 0.396, H@10: 0.547 | Test - MRR: 0.3560 | *
[2026-04-19 22:58:34,809][root][INFO] - Epoch: 235 | Loss: 0.0013 | Val - MRR: 0.3598, MR:  180.45, H@1: 0.267, H@3: 0.395, H@10: 0.547 | 
[2026-04-19 23:02:45,838][root][INFO] - Epoch: 236 | Loss: 0.0013 | Val - MRR: 0.3611, MR:  180.41, H@1: 0.269, H@3: 0.396, H@10: 0.547 | Test - MRR: 0.3561 | *
[2026-04-19 23:06:58,892][root][INFO] - Epoch: 237 | Loss: 0.0013 | Val - MRR: 0.3616, MR:  178.09, H@1: 0.269, H@3: 0.398, H@10: 0.548 | Test - MRR: 0.3570 | *
[2026-04-19 23:10:52,494][root][INFO] - Epoch: 238 | Loss: 0.0013 | Val - MRR: 0.3610, MR:  182.03, H@1: 0.269, H@3: 0.396, H@10: 0.549 | 
[2026-04-19 23:14:46,025][root][INFO] - Epoch: 239 | Loss: 0.0013 | Val - MRR: 0.3604, MR:  183.77, H@1: 0.267, H@3: 0.397, H@10: 0.548 | 
[2026-04-19 23:18:38,454][root][INFO] - Epoch: 240 | Loss: 0.0013 | Val - MRR: 0.3602, MR:  184.18, H@1: 0.268, H@3: 0.396, H@10: 0.547 | 
[2026-04-19 23:22:20,770][root][INFO] - Epoch: 241 | Loss: 0.0013 | Val - MRR: 0.3602, MR:  182.19, H@1: 0.268, H@3: 0.395, H@10: 0.547 | 
[2026-04-19 23:26:01,735][root][INFO] - Epoch: 242 | Loss: 0.0013 | Val - MRR: 0.3605, MR:  179.51, H@1: 0.268, H@3: 0.396, H@10: 0.548 | 
[2026-04-19 23:29:56,355][root][INFO] - Epoch: 243 | Loss: 0.0013 | Val - MRR: 0.3614, MR:  180.39, H@1: 0.269, H@3: 0.396, H@10: 0.549 | 
[2026-04-19 23:34:12,230][root][INFO] - Epoch: 244 | Loss: 0.0013 | Val - MRR: 0.3616, MR:  178.73, H@1: 0.269, H@3: 0.396, H@10: 0.549 | Test - MRR: 0.3573 | *
[2026-04-19 23:38:05,567][root][INFO] - Epoch: 245 | Loss: 0.0013 | Val - MRR: 0.3612, MR:  181.18, H@1: 0.269, H@3: 0.396, H@10: 0.548 | 
[2026-04-19 23:41:55,685][root][INFO] - Epoch: 246 | Loss: 0.0013 | Val - MRR: 0.3616, MR:  184.08, H@1: 0.269, H@3: 0.397, H@10: 0.548 | 
[2026-04-19 23:45:22,953][root][INFO] - Epoch: 247 | Loss: 0.0013 | Val - MRR: 0.3600, MR:  181.53, H@1: 0.267, H@3: 0.396, H@10: 0.548 | 
[2026-04-19 23:48:39,257][root][INFO] - Epoch: 248 | Loss: 0.0013 | Val - MRR: 0.3609, MR:  181.18, H@1: 0.269, H@3: 0.395, H@10: 0.547 | 
[2026-04-19 23:52:32,152][root][INFO] - Epoch: 249 | Loss: 0.0013 | Val - MRR: 0.3604, MR:  184.14, H@1: 0.268, H@3: 0.395, H@10: 0.547 | 
[2026-04-19 23:56:25,895][root][INFO] - Epoch: 250 | Loss: 0.0013 | Val - MRR: 0.3605, MR:  184.55, H@1: 0.268, H@3: 0.395, H@10: 0.548 | 
[2026-04-20 00:00:19,605][root][INFO] - Epoch: 251 | Loss: 0.0013 | Val - MRR: 0.3613, MR:  181.36, H@1: 0.269, H@3: 0.396, H@10: 0.549 | 
[2026-04-20 00:04:12,919][root][INFO] - Epoch: 252 | Loss: 0.0013 | Val - MRR: 0.3610, MR:  183.30, H@1: 0.268, H@3: 0.396, H@10: 0.549 | 
[2026-04-20 00:08:06,561][root][INFO] - Epoch: 253 | Loss: 0.0013 | Val - MRR: 0.3603, MR:  183.24, H@1: 0.268, H@3: 0.394, H@10: 0.547 | 
[2026-04-20 00:11:44,351][root][INFO] - Epoch: 254 | Loss: 0.0013 | Val - MRR: 0.3614, MR:  183.07, H@1: 0.269, H@3: 0.395, H@10: 0.548 | 
[2026-04-20 00:15:36,111][root][INFO] - Epoch: 255 | Loss: 0.0013 | Val - MRR: 0.3609, MR:  185.33, H@1: 0.268, H@3: 0.396, H@10: 0.549 | 
[2026-04-20 00:19:28,490][root][INFO] - Epoch: 256 | Loss: 0.0013 | Val - MRR: 0.3600, MR:  183.00, H@1: 0.267, H@3: 0.395, H@10: 0.548 | 
[2026-04-20 00:23:22,971][root][INFO] - Epoch: 257 | Loss: 0.0013 | Val - MRR: 0.3602, MR:  185.68, H@1: 0.267, H@3: 0.395, H@10: 0.548 | 
[2026-04-20 00:27:15,697][root][INFO] - Epoch: 258 | Loss: 0.0013 | Val - MRR: 0.3600, MR:  181.99, H@1: 0.267, H@3: 0.394, H@10: 0.549 | 
[2026-04-20 00:31:08,616][root][INFO] - Epoch: 259 | Loss: 0.0013 | Val - MRR: 0.3601, MR:  188.17, H@1: 0.267, H@3: 0.395, H@10: 0.548 | 
[2026-04-20 00:34:59,285][root][INFO] - Epoch: 260 | Loss: 0.0013 | Val - MRR: 0.3614, MR:  185.60, H@1: 0.268, H@3: 0.397, H@10: 0.550 | 
[2026-04-20 00:38:17,955][root][INFO] - Epoch: 261 | Loss: 0.0013 | Val - MRR: 0.3608, MR:  185.63, H@1: 0.268, H@3: 0.396, H@10: 0.549 | 
[2026-04-20 00:41:42,904][root][INFO] - Epoch: 262 | Loss: 0.0013 | Val - MRR: 0.3591, MR:  185.17, H@1: 0.266, H@3: 0.393, H@10: 0.546 | 
[2026-04-20 00:45:34,991][root][INFO] - Epoch: 263 | Loss: 0.0013 | Val - MRR: 0.3608, MR:  185.87, H@1: 0.268, H@3: 0.395, H@10: 0.549 | 
[2026-04-20 00:49:28,912][root][INFO] - Epoch: 264 | Loss: 0.0013 | Val - MRR: 0.3610, MR:  185.14, H@1: 0.268, H@3: 0.396, H@10: 0.550 | 
[2026-04-20 00:53:21,756][root][INFO] - Epoch: 265 | Loss: 0.0013 | Val - MRR: 0.3606, MR:  184.81, H@1: 0.267, H@3: 0.395, H@10: 0.549 | 
[2026-04-20 00:57:34,653][root][INFO] - Epoch: 266 | Loss: 0.0013 | Val - MRR: 0.3617, MR:  184.68, H@1: 0.269, H@3: 0.397, H@10: 0.547 | Test - MRR: 0.3565 | *
[2026-04-20 01:01:02,865][root][INFO] - Epoch: 267 | Loss: 0.0013 | Val - MRR: 0.3613, MR:  186.25, H@1: 0.269, H@3: 0.397, H@10: 0.547 | 
[2026-04-20 01:04:54,941][root][INFO] - Epoch: 268 | Loss: 0.0013 | Val - MRR: 0.3608, MR:  186.31, H@1: 0.268, H@3: 0.396, H@10: 0.548 | 
[2026-04-20 01:08:47,437][root][INFO] - Epoch: 269 | Loss: 0.0013 | Val - MRR: 0.3609, MR:  188.05, H@1: 0.268, H@3: 0.395, H@10: 0.548 | 
[2026-04-20 01:12:39,700][root][INFO] - Epoch: 270 | Loss: 0.0013 | Val - MRR: 0.3605, MR:  186.05, H@1: 0.268, H@3: 0.394, H@10: 0.548 | 
[2026-04-20 01:16:32,899][root][INFO] - Epoch: 271 | Loss: 0.0013 | Val - MRR: 0.3605, MR:  184.93, H@1: 0.268, H@3: 0.396, H@10: 0.547 | 
[2026-04-20 01:20:25,183][root][INFO] - Epoch: 272 | Loss: 0.0013 | Val - MRR: 0.3610, MR:  185.32, H@1: 0.269, H@3: 0.395, H@10: 0.547 | 
[2026-04-20 01:24:15,614][root][INFO] - Epoch: 273 | Loss: 0.0013 | Val - MRR: 0.3594, MR:  187.44, H@1: 0.266, H@3: 0.395, H@10: 0.546 | 
[2026-04-20 01:27:32,947][root][INFO] - Epoch: 274 | Loss: 0.0013 | Val - MRR: 0.3608, MR:  186.09, H@1: 0.268, H@3: 0.396, H@10: 0.548 | 
[2026-04-20 01:31:24,890][root][INFO] - Epoch: 275 | Loss: 0.0013 | Val - MRR: 0.3606, MR:  186.61, H@1: 0.268, H@3: 0.396, H@10: 0.551 | 
[2026-04-20 01:35:19,001][root][INFO] - Epoch: 276 | Loss: 0.0013 | Val - MRR: 0.3603, MR:  186.73, H@1: 0.267, H@3: 0.395, H@10: 0.548 | 
[2026-04-20 01:39:08,108][root][INFO] - Epoch: 277 | Loss: 0.0013 | Val - MRR: 0.3607, MR:  190.19, H@1: 0.267, H@3: 0.397, H@10: 0.549 | 
[2026-04-20 01:43:03,211][root][INFO] - Epoch: 278 | Loss: 0.0013 | Val - MRR: 0.3603, MR:  187.71, H@1: 0.267, H@3: 0.395, H@10: 0.549 | 
[2026-04-20 01:46:57,712][root][INFO] - Epoch: 279 | Loss: 0.0013 | Val - MRR: 0.3601, MR:  189.35, H@1: 0.267, H@3: 0.395, H@10: 0.548 | 
[2026-04-20 01:50:24,733][root][INFO] - Epoch: 280 | Loss: 0.0013 | Val - MRR: 0.3603, MR:  187.30, H@1: 0.267, H@3: 0.396, H@10: 0.548 | 
[2026-04-20 01:54:15,974][root][INFO] - Epoch: 281 | Loss: 0.0013 | Val - MRR: 0.3598, MR:  189.31, H@1: 0.267, H@3: 0.396, H@10: 0.548 | 
[2026-04-20 01:58:08,694][root][INFO] - Epoch: 282 | Loss: 0.0013 | Val - MRR: 0.3608, MR:  189.89, H@1: 0.268, H@3: 0.396, H@10: 0.548 | 
[2026-04-20 02:02:01,429][root][INFO] - Epoch: 283 | Loss: 0.0013 | Val - MRR: 0.3611, MR:  189.18, H@1: 0.268, H@3: 0.397, H@10: 0.548 | 
[2026-04-20 02:05:55,086][root][INFO] - Epoch: 284 | Loss: 0.0013 | Val - MRR: 0.3612, MR:  189.96, H@1: 0.269, H@3: 0.395, H@10: 0.547 | 
[2026-04-20 02:09:48,260][root][INFO] - Epoch: 285 | Loss: 0.0013 | Val - MRR: 0.3603, MR:  187.13, H@1: 0.267, H@3: 0.397, H@10: 0.548 | 
[2026-04-20 02:13:40,635][root][INFO] - Epoch: 286 | Loss: 0.0013 | Val - MRR: 0.3606, MR:  189.93, H@1: 0.268, H@3: 0.396, H@10: 0.548 | 
[2026-04-20 02:17:02,944][root][INFO] - Epoch: 287 | Loss: 0.0013 | Val - MRR: 0.3608, MR:  192.03, H@1: 0.268, H@3: 0.396, H@10: 0.547 | 
[2026-04-20 02:20:54,707][root][INFO] - Epoch: 288 | Loss: 0.0013 | Val - MRR: 0.3610, MR:  187.76, H@1: 0.267, H@3: 0.397, H@10: 0.549 | 
[2026-04-20 02:24:47,778][root][INFO] - Epoch: 289 | Loss: 0.0013 | Val - MRR: 0.3613, MR:  188.50, H@1: 0.268, H@3: 0.396, H@10: 0.548 | 
[2026-04-20 02:28:40,193][root][INFO] - Epoch: 290 | Loss: 0.0013 | Val - MRR: 0.3603, MR:  188.23, H@1: 0.267, H@3: 0.395, H@10: 0.548 | 
[2026-04-20 02:32:33,077][root][INFO] - Epoch: 291 | Loss: 0.0012 | Val - MRR: 0.3599, MR:  187.60, H@1: 0.267, H@3: 0.395, H@10: 0.545 | 
[2026-04-20 02:36:23,217][root][INFO] - Epoch: 292 | Loss: 0.0013 | Val - MRR: 0.3609, MR:  188.71, H@1: 0.268, H@3: 0.395, H@10: 0.548 | 
[2026-04-20 02:39:32,157][root][INFO] - Epoch: 293 | Loss: 0.0012 | Val - MRR: 0.3610, MR:  191.31, H@1: 0.268, H@3: 0.396, H@10: 0.547 | 
[2026-04-20 02:43:24,320][root][INFO] - Epoch: 294 | Loss: 0.0012 | Val - MRR: 0.3605, MR:  191.42, H@1: 0.267, H@3: 0.395, H@10: 0.548 | 
[2026-04-20 02:47:18,023][root][INFO] - Epoch: 295 | Loss: 0.0012 | Val - MRR: 0.3603, MR:  188.89, H@1: 0.267, H@3: 0.395, H@10: 0.549 | 
[2026-04-20 02:51:09,745][root][INFO] - Epoch: 296 | Loss: 0.0012 | Val - MRR: 0.3609, MR:  187.98, H@1: 0.268, H@3: 0.395, H@10: 0.548 | 
[2026-04-20 02:55:03,001][root][INFO] - Epoch: 297 | Loss: 0.0012 | Val - MRR: 0.3604, MR:  188.93, H@1: 0.267, H@3: 0.395, H@10: 0.547 | 
[2026-04-20 02:58:55,655][root][INFO] - Epoch: 298 | Loss: 0.0012 | Val - MRR: 0.3611, MR:  190.96, H@1: 0.269, H@3: 0.394, H@10: 0.548 | 
[2026-04-20 03:02:47,491][root][INFO] - Epoch: 299 | Loss: 0.0012 | Val - MRR: 0.3617, MR:  188.96, H@1: 0.269, H@3: 0.396, H@10: 0.549 | 
[2026-04-20 03:06:09,085][root][INFO] - Epoch: 300 | Loss: 0.0012 | Val - MRR: 0.3602, MR:  191.18, H@1: 0.267, H@3: 0.395, H@10: 0.546 | 
[2026-04-20 03:10:02,743][root][INFO] - Epoch: 301 | Loss: 0.0012 | Val - MRR: 0.3608, MR:  190.38, H@1: 0.267, H@3: 0.397, H@10: 0.548 | 
[2026-04-20 03:13:55,876][root][INFO] - Epoch: 302 | Loss: 0.0012 | Val - MRR: 0.3602, MR:  190.59, H@1: 0.267, H@3: 0.396, H@10: 0.547 | 
[2026-04-20 03:13:55,877][root][INFO] - Long time no improvenment, stop training...
[2026-04-20 03:13:55,877][root][INFO] - Training end...
[2026-04-20 03:13:56,694][root][INFO] - ✅ 成功加载最优模型：/home/wangwei/DSGNet-main/DSGNet/model_checkpoints/best_model_FB15k_237_20260419_233351.torch
[2026-04-20 03:13:56,694][root][INFO] - 📌 最优模型来自Epoch：244，最优MRR：0.3573
[2026-04-20 03:13:56,694][root][INFO] - Train metrics ...
[2026-04-20 03:15:24,443][root][INFO] - Train (head) - MRR: 0.7128, MR:    7.08, H@1: 0.609, H@3: 0.786, H@10: 0.898
[2026-04-20 03:15:24,443][root][INFO] - Train (tail) - MRR: 0.7984, MR:    3.55, H@1: 0.711, H@3: 0.865, H@10: 0.948
[2026-04-20 03:15:24,443][root][INFO] - Train (avg) - MRR: 0.7556, MR:    5.31, H@1: 0.660, H@3: 0.826, H@10: 0.923

[2026-04-20 03:15:24,443][root][INFO] - Valid metrics ...
[2026-04-20 03:15:44,185][root][INFO] - Valid (head) - MRR: 0.2600, MR:  231.94, H@1: 0.171, H@3: 0.284, H@10: 0.444
[2026-04-20 03:15:44,186][root][INFO] - Valid (tail) - MRR: 0.4633, MR:  125.52, H@1: 0.368, H@3: 0.507, H@10: 0.654
[2026-04-20 03:15:44,186][root][INFO] - Valid (avg) - MRR: 0.3616, MR:  178.73, H@1: 0.269, H@3: 0.396, H@10: 0.549

[2026-04-20 03:15:44,186][root][INFO] - Test metrics...
[2026-04-20 03:16:02,576][root][INFO] - Test (head) - MRR: 0.2575, MR:  236.46, H@1: 0.167, H@3: 0.286, H@10: 0.442
[2026-04-20 03:16:02,576][root][INFO] - Test (tail) - MRR: 0.4571, MR:  139.91, H@1: 0.361, H@3: 0.502, H@10: 0.649
[2026-04-20 03:16:02,576][root][INFO] - Test (avg) - MRR: 0.3573, MR:  188.19, H@1: 0.264, H@3: 0.394, H@10: 0.546

[2026-04-20 03:16:02,576][root][INFO] - Model save path: /home/wangwei/DSGNet-main/DSGNet/data/output/FB15k_237/2026-04-19/06-45-16
