[2026-03-26 01:44:54,184][root][INFO] - 
------Config------
 {'dataset': 'WN18RR', 'epoch': 800, 'batch_size': 256, 'learning_rate': 0.0015, 'h_dim': 200, 'pred_rel_w': True, 'label_smooth': 0.1, 'n_heads': 4, 'topk': 5, 'kg_layer': 1, 'rm_rate': 0.4, 'ent_drop': 0.2, 'rel_drop': 0, 'comp_op': 'mul', 'bn': True, 'k_h': 10, 'k_w': 20, 'ent_drop_pred': 0.3, 'conv_drop': 0.1, 'fc_drop': 0.4, 'ker_sz': 7, 'out_channel': 250, 'device': 0, 'max_no_improve': 45, 'cpu_worker_num': 10, 'warmup_epoch': 5}
[2026-03-26 01:44:54,184][root][INFO] - Code dir path: /home/wangwei/DSGNet-main/DSGNet/code_new
[2026-03-26 01:44:54,184][root][INFO] - Config dir path: /home/wangwei/DSGNet-main/DSGNet/config
[2026-03-26 01:44:54,184][root][INFO] - Model save path: /home/wangwei/DSGNet-main/DSGNet/data/output/WN18RR/2026-03-26/01-44-54
[2026-03-26 01:44:56,737][root][INFO] - kg # node: 40943
[2026-03-26 01:44:56,738][root][INFO] - kg # edge: 173670
[2026-03-26 01:44:56,738][root][INFO] - kg # zero deg node: 384
[2026-03-26 01:44:56,738][root][INFO] - ---Load Train Data---
[2026-03-26 01:44:57,764][root][INFO] - -----Model Parameter Configuration-----
[2026-03-26 01:44:57,764][root][INFO] - Parameter ent_emb: torch.Size([40943, 200]), require_grad = True
[2026-03-26 01:44:57,764][root][INFO] - Parameter rel_w: torch.Size([200, 200]), require_grad = True
[2026-03-26 01:44:57,764][root][INFO] - Parameter W_fuse: torch.Size([200, 200]), require_grad = True
[2026-03-26 01:44:57,764][root][INFO] - Parameter a_fuse: torch.Size([400, 1]), require_grad = True
[2026-03-26 01:44:57,764][root][INFO] - Parameter rel_embs.0: torch.Size([22, 200]), require_grad = True
[2026-03-26 01:44:57,764][root][INFO] - Parameter predictor.bn0.weight: torch.Size([1]), require_grad = True
[2026-03-26 01:44:57,765][root][INFO] - Parameter predictor.bn0.bias: torch.Size([1]), require_grad = True
[2026-03-26 01:44:57,765][root][INFO] - Parameter predictor.bn1.weight: torch.Size([250]), require_grad = True
[2026-03-26 01:44:57,765][root][INFO] - Parameter predictor.bn1.bias: torch.Size([250]), require_grad = True
[2026-03-26 01:44:57,765][root][INFO] - Parameter predictor.bn2.weight: torch.Size([200]), require_grad = True
[2026-03-26 01:44:57,765][root][INFO] - Parameter predictor.bn2.bias: torch.Size([200]), require_grad = True
[2026-03-26 01:44:57,765][root][INFO] - Parameter predictor.conv.weight: torch.Size([250, 1, 7, 7]), require_grad = True
[2026-03-26 01:44:57,765][root][INFO] - Parameter predictor.fc.weight: torch.Size([200, 49000]), require_grad = True
[2026-03-26 01:44:57,765][root][INFO] - Parameter L.weight: torch.Size([200, 200]), require_grad = True
[2026-03-26 01:44:57,765][root][INFO] - Parameter L.bias: torch.Size([200]), require_grad = True
[2026-03-26 01:44:57,765][root][INFO] - Parameter S.weight: torch.Size([200, 200]), require_grad = True
[2026-03-26 01:44:57,765][root][INFO] - Parameter S.bias: torch.Size([200]), require_grad = True
[2026-03-26 01:44:57,765][root][INFO] - Parameter comp_layers.0.W: torch.Size([200, 200]), require_grad = True
[2026-03-26 01:44:57,765][root][INFO] - Parameter comp_layers.0.W_r: torch.Size([200, 200]), require_grad = True
[2026-03-26 01:44:57,765][root][INFO] - Parameter comp_layers.0.a: torch.Size([600, 1]), require_grad = True
[2026-03-26 01:44:57,765][root][INFO] - Parameter comp_layers.0.neigh_w: torch.Size([200, 200]), require_grad = True
[2026-03-26 01:44:57,765][root][INFO] - Parameter comp_layers.0.bn.weight: torch.Size([200]), require_grad = True
[2026-03-26 01:44:57,765][root][INFO] - Parameter comp_layers.0.bn.bias: torch.Size([200]), require_grad = True
[2026-03-26 01:44:58,664][root][INFO] - Training... total epoch: 800, step: 324000
[2026-03-26 01:46:15,607][root][INFO] - Epoch:   0 | Loss: 0.2392 | Val - MRR: 0.0002, MR: 23808.62, H@1: 0.000, H@3: 0.000, H@10: 0.000 | Test - MRR: 0.0003 | *
[2026-03-26 01:47:31,531][root][INFO] - Epoch:   1 | Loss: 0.0030 | Val - MRR: 0.0003, MR: 20584.09, H@1: 0.000, H@3: 0.000, H@10: 0.000 | Test - MRR: 0.0003 | *
[2026-03-26 01:48:47,830][root][INFO] - Epoch:   2 | Loss: 0.0014 | Val - MRR: 0.0036, MR: 18748.96, H@1: 0.000, H@3: 0.004, H@10: 0.012 | Test - MRR: 0.0042 | *
[2026-03-26 01:50:03,452][root][INFO] - Epoch:   3 | Loss: 0.0011 | Val - MRR: 0.0102, MR: 16742.08, H@1: 0.004, H@3: 0.012, H@10: 0.022 | Test - MRR: 0.0113 | *
[2026-03-26 01:51:17,783][root][INFO] - Epoch:   4 | Loss: 0.0009 | Val - MRR: 0.0129, MR: 15440.79, H@1: 0.005, H@3: 0.015, H@10: 0.026 | Test - MRR: 0.0144 | *
[2026-03-26 01:52:32,748][root][INFO] - Epoch:   5 | Loss: 0.0009 | Val - MRR: 0.0141, MR: 12959.38, H@1: 0.005, H@3: 0.017, H@10: 0.031 | Test - MRR: 0.0139 | *
[2026-03-26 01:53:47,289][root][INFO] - Epoch:   6 | Loss: 0.0008 | Val - MRR: 0.0138, MR: 12238.36, H@1: 0.005, H@3: 0.016, H@10: 0.032 | Test - MRR: 0.0152 | *
[2026-03-26 01:55:02,140][root][INFO] - Epoch:   7 | Loss: 0.0008 | Val - MRR: 0.0162, MR: 11042.58, H@1: 0.007, H@3: 0.016, H@10: 0.034 | Test - MRR: 0.0174 | *
[2026-03-26 01:56:16,533][root][INFO] - Epoch:   8 | Loss: 0.0008 | Val - MRR: 0.0213, MR: 10462.52, H@1: 0.012, H@3: 0.021, H@10: 0.038 | Test - MRR: 0.0234 | *
[2026-03-26 01:57:25,035][root][INFO] - Epoch:   9 | Loss: 0.0008 | Val - MRR: 0.0189, MR: 10918.44, H@1: 0.009, H@3: 0.021, H@10: 0.039 | 
[2026-03-26 01:58:41,315][root][INFO] - Epoch:  10 | Loss: 0.0007 | Val - MRR: 0.0225, MR: 9833.19, H@1: 0.013, H@3: 0.022, H@10: 0.040 | Test - MRR: 0.0248 | *
[2026-03-26 01:59:49,615][root][INFO] - Epoch:  11 | Loss: 0.0007 | Val - MRR: 0.0220, MR: 8768.59, H@1: 0.012, H@3: 0.023, H@10: 0.042 | 
[2026-03-26 02:01:04,770][root][INFO] - Epoch:  12 | Loss: 0.0007 | Val - MRR: 0.0249, MR: 8750.63, H@1: 0.013, H@3: 0.027, H@10: 0.047 | Test - MRR: 0.0256 | *
[2026-03-26 02:02:20,122][root][INFO] - Epoch:  13 | Loss: 0.0007 | Val - MRR: 0.0250, MR: 8612.00, H@1: 0.014, H@3: 0.026, H@10: 0.044 | Test - MRR: 0.0256 | *
[2026-03-26 02:03:28,570][root][INFO] - Epoch:  14 | Loss: 0.0007 | Val - MRR: 0.0241, MR: 8249.83, H@1: 0.013, H@3: 0.024, H@10: 0.047 | 
[2026-03-26 02:04:43,219][root][INFO] - Epoch:  15 | Loss: 0.0007 | Val - MRR: 0.0272, MR: 7536.52, H@1: 0.016, H@3: 0.026, H@10: 0.047 | Test - MRR: 0.0271 | *
[2026-03-26 02:05:51,584][root][INFO] - Epoch:  16 | Loss: 0.0007 | Val - MRR: 0.0271, MR: 8339.48, H@1: 0.014, H@3: 0.029, H@10: 0.051 | 
[2026-03-26 02:07:06,473][root][INFO] - Epoch:  17 | Loss: 0.0007 | Val - MRR: 0.0278, MR: 8845.09, H@1: 0.015, H@3: 0.031, H@10: 0.051 | Test - MRR: 0.0274 | *
[2026-03-26 02:08:15,482][root][INFO] - Epoch:  18 | Loss: 0.0007 | Val - MRR: 0.0263, MR: 8248.85, H@1: 0.013, H@3: 0.028, H@10: 0.051 | 
[2026-03-26 02:09:23,942][root][INFO] - Epoch:  19 | Loss: 0.0007 | Val - MRR: 0.0226, MR: 12724.65, H@1: 0.012, H@3: 0.024, H@10: 0.042 | 
[2026-03-26 02:10:40,691][root][INFO] - Epoch:  20 | Loss: 0.0007 | Val - MRR: 0.0280, MR: 8567.52, H@1: 0.014, H@3: 0.029, H@10: 0.052 | Test - MRR: 0.0286 | *
[2026-03-26 02:11:56,766][root][INFO] - Epoch:  21 | Loss: 0.0007 | Val - MRR: 0.0304, MR: 8663.82, H@1: 0.017, H@3: 0.032, H@10: 0.055 | Test - MRR: 0.0296 | *
[2026-03-26 02:13:05,365][root][INFO] - Epoch:  22 | Loss: 0.0007 | Val - MRR: 0.0302, MR: 7546.39, H@1: 0.016, H@3: 0.031, H@10: 0.055 | 
[2026-03-26 02:14:19,643][root][INFO] - Epoch:  23 | Loss: 0.0007 | Val - MRR: 0.0310, MR: 7401.22, H@1: 0.018, H@3: 0.030, H@10: 0.057 | Test - MRR: 0.0316 | *
[2026-03-26 02:15:35,465][root][INFO] - Epoch:  24 | Loss: 0.0007 | Val - MRR: 0.0325, MR: 8148.68, H@1: 0.017, H@3: 0.034, H@10: 0.059 | Test - MRR: 0.0328 | *
[2026-03-26 02:16:50,427][root][INFO] - Epoch:  25 | Loss: 0.0007 | Val - MRR: 0.0342, MR: 6798.24, H@1: 0.018, H@3: 0.035, H@10: 0.063 | Test - MRR: 0.0348 | *
[2026-03-26 02:18:06,363][root][INFO] - Epoch:  26 | Loss: 0.0007 | Val - MRR: 0.0372, MR: 6527.44, H@1: 0.020, H@3: 0.039, H@10: 0.066 | Test - MRR: 0.0381 | *
[2026-03-26 02:19:21,259][root][INFO] - Epoch:  27 | Loss: 0.0007 | Val - MRR: 0.0376, MR: 6350.80, H@1: 0.019, H@3: 0.039, H@10: 0.070 | Test - MRR: 0.0376 | *
[2026-03-26 02:20:36,839][root][INFO] - Epoch:  28 | Loss: 0.0006 | Val - MRR: 0.0380, MR: 6231.70, H@1: 0.019, H@3: 0.038, H@10: 0.072 | Test - MRR: 0.0405 | *
[2026-03-26 02:21:52,115][root][INFO] - Epoch:  29 | Loss: 0.0007 | Val - MRR: 0.0428, MR: 5811.75, H@1: 0.021, H@3: 0.044, H@10: 0.081 | Test - MRR: 0.0430 | *
[2026-03-26 02:23:08,204][root][INFO] - Epoch:  30 | Loss: 0.0006 | Val - MRR: 0.0469, MR: 5939.06, H@1: 0.024, H@3: 0.047, H@10: 0.089 | Test - MRR: 0.0477 | *
[2026-03-26 02:24:16,184][root][INFO] - Epoch:  31 | Loss: 0.0007 | Val - MRR: 0.0450, MR: 5850.09, H@1: 0.023, H@3: 0.048, H@10: 0.086 | 
[2026-03-26 02:25:32,106][root][INFO] - Epoch:  32 | Loss: 0.0006 | Val - MRR: 0.0550, MR: 5713.47, H@1: 0.031, H@3: 0.056, H@10: 0.102 | Test - MRR: 0.0530 | *
[2026-03-26 02:26:46,767][root][INFO] - Epoch:  33 | Loss: 0.0006 | Val - MRR: 0.0668, MR: 5149.97, H@1: 0.038, H@3: 0.071, H@10: 0.120 | Test - MRR: 0.0640 | *
[2026-03-26 02:28:01,231][root][INFO] - Epoch:  34 | Loss: 0.0006 | Val - MRR: 0.0766, MR: 4899.39, H@1: 0.045, H@3: 0.080, H@10: 0.139 | Test - MRR: 0.0767 | *
[2026-03-26 02:29:18,845][root][INFO] - Epoch:  35 | Loss: 0.0006 | Val - MRR: 0.0840, MR: 5114.26, H@1: 0.050, H@3: 0.088, H@10: 0.150 | Test - MRR: 0.0785 | *
[2026-03-26 02:30:33,978][root][INFO] - Epoch:  36 | Loss: 0.0006 | Val - MRR: 0.1027, MR: 4717.37, H@1: 0.062, H@3: 0.110, H@10: 0.182 | Test - MRR: 0.0986 | *
[2026-03-26 02:31:53,296][root][INFO] - Epoch:  37 | Loss: 0.0006 | Val - MRR: 0.1145, MR: 4659.07, H@1: 0.071, H@3: 0.127, H@10: 0.198 | Test - MRR: 0.1079 | *
[2026-03-26 02:33:09,033][root][INFO] - Epoch:  38 | Loss: 0.0006 | Val - MRR: 0.1362, MR: 4610.85, H@1: 0.090, H@3: 0.148, H@10: 0.226 | Test - MRR: 0.1278 | *
[2026-03-26 02:34:25,496][root][INFO] - Epoch:  39 | Loss: 0.0006 | Val - MRR: 0.1526, MR: 4262.95, H@1: 0.102, H@3: 0.166, H@10: 0.249 | Test - MRR: 0.1442 | *
[2026-03-26 02:35:40,479][root][INFO] - Epoch:  40 | Loss: 0.0006 | Val - MRR: 0.1741, MR: 3979.40, H@1: 0.122, H@3: 0.190, H@10: 0.276 | Test - MRR: 0.1652 | *
[2026-03-26 02:36:48,553][root][INFO] - Epoch:  41 | Loss: 0.0006 | Val - MRR: 0.1555, MR: 4004.43, H@1: 0.106, H@3: 0.172, H@10: 0.248 | 
[2026-03-26 02:38:04,636][root][INFO] - Epoch:  42 | Loss: 0.0006 | Val - MRR: 0.1982, MR: 3962.28, H@1: 0.140, H@3: 0.218, H@10: 0.311 | Test - MRR: 0.1893 | *
[2026-03-26 02:39:13,486][root][INFO] - Epoch:  43 | Loss: 0.0006 | Val - MRR: 0.1954, MR: 4149.04, H@1: 0.138, H@3: 0.214, H@10: 0.311 | 
[2026-03-26 02:40:29,377][root][INFO] - Epoch:  44 | Loss: 0.0005 | Val - MRR: 0.2273, MR: 3819.02, H@1: 0.166, H@3: 0.251, H@10: 0.346 | Test - MRR: 0.2263 | *
[2026-03-26 02:41:44,977][root][INFO] - Epoch:  45 | Loss: 0.0005 | Val - MRR: 0.2379, MR: 3669.22, H@1: 0.176, H@3: 0.265, H@10: 0.358 | Test - MRR: 0.2319 | *
[2026-03-26 02:43:00,754][root][INFO] - Epoch:  46 | Loss: 0.0006 | Val - MRR: 0.2460, MR: 3619.04, H@1: 0.182, H@3: 0.273, H@10: 0.372 | Test - MRR: 0.2431 | *
[2026-03-26 02:44:15,708][root][INFO] - Epoch:  47 | Loss: 0.0006 | Val - MRR: 0.2648, MR: 3742.33, H@1: 0.199, H@3: 0.300, H@10: 0.392 | Test - MRR: 0.2658 | *
[2026-03-26 02:45:31,143][root][INFO] - Epoch:  48 | Loss: 0.0006 | Val - MRR: 0.2740, MR: 3622.45, H@1: 0.207, H@3: 0.310, H@10: 0.401 | Test - MRR: 0.2714 | *
[2026-03-26 02:46:45,907][root][INFO] - Epoch:  49 | Loss: 0.0005 | Val - MRR: 0.2983, MR: 3639.15, H@1: 0.231, H@3: 0.336, H@10: 0.423 | Test - MRR: 0.2970 | *
[2026-03-26 02:48:01,190][root][INFO] - Epoch:  50 | Loss: 0.0005 | Val - MRR: 0.3051, MR: 3590.18, H@1: 0.239, H@3: 0.342, H@10: 0.427 | Test - MRR: 0.3001 | *
[2026-03-26 02:49:16,433][root][INFO] - Epoch:  51 | Loss: 0.0005 | Val - MRR: 0.3091, MR: 3574.33, H@1: 0.241, H@3: 0.346, H@10: 0.435 | Test - MRR: 0.3068 | *
[2026-03-26 02:50:32,302][root][INFO] - Epoch:  52 | Loss: 0.0005 | Val - MRR: 0.3169, MR: 3587.39, H@1: 0.250, H@3: 0.357, H@10: 0.440 | Test - MRR: 0.3105 | *
[2026-03-26 02:51:47,230][root][INFO] - Epoch:  53 | Loss: 0.0005 | Val - MRR: 0.3329, MR: 3651.16, H@1: 0.265, H@3: 0.375, H@10: 0.455 | Test - MRR: 0.3294 | *
[2026-03-26 02:53:04,571][root][INFO] - Epoch:  54 | Loss: 0.0005 | Val - MRR: 0.3462, MR: 3715.26, H@1: 0.283, H@3: 0.383, H@10: 0.459 | Test - MRR: 0.3430 | *
[2026-03-26 02:54:13,712][root][INFO] - Epoch:  55 | Loss: 0.0005 | Val - MRR: 0.3374, MR: 3635.88, H@1: 0.268, H@3: 0.380, H@10: 0.461 | 
[2026-03-26 02:55:29,455][root][INFO] - Epoch:  56 | Loss: 0.0005 | Val - MRR: 0.3439, MR: 3437.11, H@1: 0.275, H@3: 0.387, H@10: 0.464 | Test - MRR: 0.3442 | *
[2026-03-26 02:56:45,017][root][INFO] - Epoch:  57 | Loss: 0.0005 | Val - MRR: 0.3749, MR: 3581.08, H@1: 0.315, H@3: 0.413, H@10: 0.479 | Test - MRR: 0.3687 | *
[2026-03-26 02:58:01,333][root][INFO] - Epoch:  58 | Loss: 0.0005 | Val - MRR: 0.3743, MR: 3654.93, H@1: 0.313, H@3: 0.412, H@10: 0.479 | Test - MRR: 0.3690 | *
[2026-03-26 02:59:09,502][root][INFO] - Epoch:  59 | Loss: 0.0005 | Val - MRR: 0.3395, MR: 3650.28, H@1: 0.275, H@3: 0.373, H@10: 0.458 | 
[2026-03-26 03:00:17,490][root][INFO] - Epoch:  60 | Loss: 0.0005 | Val - MRR: 0.3690, MR: 3674.19, H@1: 0.305, H@3: 0.408, H@10: 0.480 | 
[2026-03-26 03:01:34,129][root][INFO] - Epoch:  61 | Loss: 0.0005 | Val - MRR: 0.3872, MR: 3639.68, H@1: 0.328, H@3: 0.424, H@10: 0.487 | Test - MRR: 0.3868 | *
[2026-03-26 03:02:49,291][root][INFO] - Epoch:  62 | Loss: 0.0005 | Val - MRR: 0.3899, MR: 3656.85, H@1: 0.330, H@3: 0.428, H@10: 0.489 | Test - MRR: 0.3917 | *
[2026-03-26 03:04:05,258][root][INFO] - Epoch:  63 | Loss: 0.0005 | Val - MRR: 0.3974, MR: 3650.43, H@1: 0.342, H@3: 0.429, H@10: 0.491 | Test - MRR: 0.3929 | *
[2026-03-26 03:05:20,805][root][INFO] - Epoch:  64 | Loss: 0.0005 | Val - MRR: 0.4003, MR: 3734.09, H@1: 0.344, H@3: 0.434, H@10: 0.495 | Test - MRR: 0.3990 | *
[2026-03-26 03:06:29,687][root][INFO] - Epoch:  65 | Loss: 0.0005 | Val - MRR: 0.3729, MR: 3715.05, H@1: 0.311, H@3: 0.409, H@10: 0.485 | 
[2026-03-26 03:07:44,961][root][INFO] - Epoch:  66 | Loss: 0.0005 | Val - MRR: 0.4107, MR: 3809.08, H@1: 0.359, H@3: 0.442, H@10: 0.502 | Test - MRR: 0.4054 | *
[2026-03-26 03:08:53,902][root][INFO] - Epoch:  67 | Loss: 0.0005 | Val - MRR: 0.4079, MR: 3453.62, H@1: 0.353, H@3: 0.442, H@10: 0.502 | 
[2026-03-26 03:10:09,333][root][INFO] - Epoch:  68 | Loss: 0.0005 | Val - MRR: 0.4123, MR: 3706.47, H@1: 0.359, H@3: 0.449, H@10: 0.500 | Test - MRR: 0.4077 | *
[2026-03-26 03:11:20,596][root][INFO] - Epoch:  69 | Loss: 0.0005 | Val - MRR: 0.4105, MR: 3723.69, H@1: 0.354, H@3: 0.446, H@10: 0.507 | 
[2026-03-26 03:12:39,851][root][INFO] - Epoch:  70 | Loss: 0.0005 | Val - MRR: 0.4185, MR: 3932.82, H@1: 0.367, H@3: 0.451, H@10: 0.507 | Test - MRR: 0.4133 | *
[2026-03-26 03:13:59,591][root][INFO] - Epoch:  71 | Loss: 0.0005 | Val - MRR: 0.4220, MR: 3856.66, H@1: 0.371, H@3: 0.453, H@10: 0.506 | Test - MRR: 0.4192 | *
[2026-03-26 03:15:09,790][root][INFO] - Epoch:  72 | Loss: 0.0005 | Val - MRR: 0.4090, MR: 3892.49, H@1: 0.353, H@3: 0.442, H@10: 0.504 | 
[2026-03-26 03:16:27,959][root][INFO] - Epoch:  73 | Loss: 0.0005 | Val - MRR: 0.4238, MR: 3837.76, H@1: 0.372, H@3: 0.458, H@10: 0.507 | Test - MRR: 0.4215 | *
[2026-03-26 03:17:45,094][root][INFO] - Epoch:  74 | Loss: 0.0005 | Val - MRR: 0.4229, MR: 3878.71, H@1: 0.371, H@3: 0.456, H@10: 0.508 | Test - MRR: 0.4244 | *
[2026-03-26 03:19:03,677][root][INFO] - Epoch:  75 | Loss: 0.0005 | Val - MRR: 0.4295, MR: 4021.96, H@1: 0.381, H@3: 0.458, H@10: 0.508 | Test - MRR: 0.4245 | *
[2026-03-26 03:20:21,907][root][INFO] - Epoch:  76 | Loss: 0.0005 | Val - MRR: 0.4236, MR: 4042.31, H@1: 0.373, H@3: 0.456, H@10: 0.509 | Test - MRR: 0.4250 | *
[2026-03-26 03:21:41,658][root][INFO] - Epoch:  77 | Loss: 0.0005 | Val - MRR: 0.4296, MR: 3930.67, H@1: 0.381, H@3: 0.459, H@10: 0.511 | Test - MRR: 0.4286 | *
[2026-03-26 03:23:02,039][root][INFO] - Epoch:  78 | Loss: 0.0005 | Val - MRR: 0.4320, MR: 4085.87, H@1: 0.381, H@3: 0.466, H@10: 0.514 | Test - MRR: 0.4302 | *
[2026-03-26 03:24:13,458][root][INFO] - Epoch:  79 | Loss: 0.0005 | Val - MRR: 0.4078, MR: 4154.22, H@1: 0.351, H@3: 0.444, H@10: 0.504 | 
[2026-03-26 03:25:33,137][root][INFO] - Epoch:  80 | Loss: 0.0005 | Val - MRR: 0.4352, MR: 3999.08, H@1: 0.387, H@3: 0.464, H@10: 0.515 | Test - MRR: 0.4325 | *
[2026-03-26 03:26:53,480][root][INFO] - Epoch:  81 | Loss: 0.0005 | Val - MRR: 0.4355, MR: 4042.20, H@1: 0.389, H@3: 0.464, H@10: 0.512 | Test - MRR: 0.4329 | *
[2026-03-26 03:28:13,441][root][INFO] - Epoch:  82 | Loss: 0.0005 | Val - MRR: 0.4378, MR: 4101.60, H@1: 0.392, H@3: 0.466, H@10: 0.515 | Test - MRR: 0.4333 | *
[2026-03-26 03:29:32,334][root][INFO] - Epoch:  83 | Loss: 0.0005 | Val - MRR: 0.4384, MR: 4082.27, H@1: 0.394, H@3: 0.466, H@10: 0.515 | Test - MRR: 0.4339 | *
[2026-03-26 03:30:48,662][root][INFO] - Epoch:  84 | Loss: 0.0005 | Val - MRR: 0.4389, MR: 4228.74, H@1: 0.394, H@3: 0.467, H@10: 0.516 | Test - MRR: 0.4358 | *
[2026-03-26 03:32:04,754][root][INFO] - Epoch:  85 | Loss: 0.0005 | Val - MRR: 0.4401, MR: 4140.87, H@1: 0.395, H@3: 0.466, H@10: 0.516 | Test - MRR: 0.4373 | *
[2026-03-26 03:33:20,733][root][INFO] - Epoch:  86 | Loss: 0.0005 | Val - MRR: 0.4410, MR: 4279.53, H@1: 0.397, H@3: 0.468, H@10: 0.515 | Test - MRR: 0.4370 | *
[2026-03-26 03:34:31,090][root][INFO] - Epoch:  87 | Loss: 0.0005 | Val - MRR: 0.4378, MR: 3918.46, H@1: 0.390, H@3: 0.467, H@10: 0.519 | 
[2026-03-26 03:35:48,878][root][INFO] - Epoch:  88 | Loss: 0.0005 | Val - MRR: 0.4414, MR: 4146.36, H@1: 0.398, H@3: 0.464, H@10: 0.517 | Test - MRR: 0.4379 | *
[2026-03-26 03:37:05,071][root][INFO] - Epoch:  89 | Loss: 0.0005 | Val - MRR: 0.4424, MR: 4265.86, H@1: 0.399, H@3: 0.468, H@10: 0.514 | Test - MRR: 0.4392 | *
[2026-03-26 03:38:12,736][root][INFO] - Epoch:  90 | Loss: 0.0005 | Val - MRR: 0.4400, MR: 4218.34, H@1: 0.394, H@3: 0.466, H@10: 0.520 | 
[2026-03-26 03:39:21,100][root][INFO] - Epoch:  91 | Loss: 0.0005 | Val - MRR: 0.4366, MR: 4368.04, H@1: 0.390, H@3: 0.465, H@10: 0.517 | 
[2026-03-26 03:40:36,376][root][INFO] - Epoch:  92 | Loss: 0.0005 | Val - MRR: 0.4431, MR: 4495.54, H@1: 0.401, H@3: 0.468, H@10: 0.514 | Test - MRR: 0.4399 | *
[2026-03-26 03:41:53,777][root][INFO] - Epoch:  93 | Loss: 0.0005 | Val - MRR: 0.4459, MR: 4219.67, H@1: 0.403, H@3: 0.469, H@10: 0.520 | Test - MRR: 0.4449 | *
[2026-03-26 03:43:03,737][root][INFO] - Epoch:  94 | Loss: 0.0005 | Val - MRR: 0.4447, MR: 4429.70, H@1: 0.402, H@3: 0.468, H@10: 0.517 | 
[2026-03-26 03:44:13,282][root][INFO] - Epoch:  95 | Loss: 0.0005 | Val - MRR: 0.4360, MR: 4377.71, H@1: 0.388, H@3: 0.464, H@10: 0.516 | 
[2026-03-26 03:45:29,388][root][INFO] - Epoch:  96 | Loss: 0.0005 | Val - MRR: 0.4464, MR: 4320.39, H@1: 0.405, H@3: 0.467, H@10: 0.519 | Test - MRR: 0.4465 | *
[2026-03-26 03:46:40,712][root][INFO] - Epoch:  97 | Loss: 0.0005 | Val - MRR: 0.4462, MR: 4397.37, H@1: 0.404, H@3: 0.471, H@10: 0.515 | 
[2026-03-26 03:47:52,822][root][INFO] - Epoch:  98 | Loss: 0.0005 | Val - MRR: 0.4426, MR: 4396.99, H@1: 0.399, H@3: 0.467, H@10: 0.515 | 
[2026-03-26 03:49:05,243][root][INFO] - Epoch:  99 | Loss: 0.0005 | Val - MRR: 0.4458, MR: 4286.84, H@1: 0.403, H@3: 0.470, H@10: 0.518 | 
[2026-03-26 03:50:24,978][root][INFO] - Epoch: 100 | Loss: 0.0005 | Val - MRR: 0.4471, MR: 4571.53, H@1: 0.406, H@3: 0.468, H@10: 0.518 | Test - MRR: 0.4437 | *
[2026-03-26 03:51:36,292][root][INFO] - Epoch: 101 | Loss: 0.0005 | Val - MRR: 0.4451, MR: 4486.54, H@1: 0.402, H@3: 0.471, H@10: 0.518 | 
[2026-03-26 03:52:56,159][root][INFO] - Epoch: 102 | Loss: 0.0005 | Val - MRR: 0.4490, MR: 4445.34, H@1: 0.408, H@3: 0.471, H@10: 0.521 | Test - MRR: 0.4433 | *
[2026-03-26 03:54:15,272][root][INFO] - Epoch: 103 | Loss: 0.0005 | Val - MRR: 0.4500, MR: 4456.96, H@1: 0.411, H@3: 0.471, H@10: 0.517 | Test - MRR: 0.4439 | *
[2026-03-26 03:55:27,930][root][INFO] - Epoch: 104 | Loss: 0.0005 | Val - MRR: 0.4459, MR: 4631.26, H@1: 0.404, H@3: 0.469, H@10: 0.518 | 
[2026-03-26 03:56:47,261][root][INFO] - Epoch: 105 | Loss: 0.0005 | Val - MRR: 0.4495, MR: 4495.34, H@1: 0.411, H@3: 0.470, H@10: 0.518 | Test - MRR: 0.4496 | *
[2026-03-26 03:57:58,225][root][INFO] - Epoch: 106 | Loss: 0.0005 | Val - MRR: 0.4480, MR: 4456.45, H@1: 0.407, H@3: 0.471, H@10: 0.515 | 
[2026-03-26 03:59:09,773][root][INFO] - Epoch: 107 | Loss: 0.0005 | Val - MRR: 0.4471, MR: 4558.52, H@1: 0.406, H@3: 0.470, H@10: 0.516 | 
[2026-03-26 04:00:28,536][root][INFO] - Epoch: 108 | Loss: 0.0005 | Val - MRR: 0.4509, MR: 4434.53, H@1: 0.410, H@3: 0.472, H@10: 0.523 | Test - MRR: 0.4484 | *
[2026-03-26 04:01:39,916][root][INFO] - Epoch: 109 | Loss: 0.0005 | Val - MRR: 0.4503, MR: 4538.18, H@1: 0.412, H@3: 0.470, H@10: 0.518 | 
[2026-03-26 04:02:57,537][root][INFO] - Epoch: 110 | Loss: 0.0005 | Val - MRR: 0.4509, MR: 4571.86, H@1: 0.412, H@3: 0.473, H@10: 0.513 | Test - MRR: 0.4440 | *
[2026-03-26 04:04:07,555][root][INFO] - Epoch: 111 | Loss: 0.0005 | Val - MRR: 0.4455, MR: 4568.45, H@1: 0.402, H@3: 0.474, H@10: 0.516 | 
[2026-03-26 04:05:18,558][root][INFO] - Epoch: 112 | Loss: 0.0004 | Val - MRR: 0.4492, MR: 4522.57, H@1: 0.410, H@3: 0.471, H@10: 0.515 | 
[2026-03-26 04:06:35,012][root][INFO] - Epoch: 113 | Loss: 0.0005 | Val - MRR: 0.4520, MR: 4404.97, H@1: 0.414, H@3: 0.472, H@10: 0.520 | Test - MRR: 0.4478 | *
[2026-03-26 04:07:53,630][root][INFO] - Epoch: 114 | Loss: 0.0005 | Val - MRR: 0.4524, MR: 4528.24, H@1: 0.413, H@3: 0.474, H@10: 0.522 | Test - MRR: 0.4515 | *
[2026-03-26 04:09:10,719][root][INFO] - Epoch: 115 | Loss: 0.0005 | Val - MRR: 0.4548, MR: 4437.03, H@1: 0.415, H@3: 0.478, H@10: 0.521 | Test - MRR: 0.4521 | *
[2026-03-26 04:10:28,842][root][INFO] - Epoch: 116 | Loss: 0.0004 | Val - MRR: 0.4540, MR: 4548.99, H@1: 0.416, H@3: 0.474, H@10: 0.519 | Test - MRR: 0.4523 | *
[2026-03-26 04:11:38,921][root][INFO] - Epoch: 117 | Loss: 0.0005 | Val - MRR: 0.4533, MR: 4575.49, H@1: 0.413, H@3: 0.474, H@10: 0.521 | 
[2026-03-26 04:12:49,114][root][INFO] - Epoch: 118 | Loss: 0.0004 | Val - MRR: 0.4507, MR: 4611.02, H@1: 0.412, H@3: 0.472, H@10: 0.515 | 
[2026-03-26 04:13:58,554][root][INFO] - Epoch: 119 | Loss: 0.0004 | Val - MRR: 0.4516, MR: 4684.09, H@1: 0.415, H@3: 0.470, H@10: 0.515 | 
[2026-03-26 04:15:09,456][root][INFO] - Epoch: 120 | Loss: 0.0005 | Val - MRR: 0.4531, MR: 4588.23, H@1: 0.415, H@3: 0.474, H@10: 0.517 | 
[2026-03-26 04:16:27,328][root][INFO] - Epoch: 121 | Loss: 0.0004 | Val - MRR: 0.4543, MR: 4587.89, H@1: 0.415, H@3: 0.477, H@10: 0.520 | Test - MRR: 0.4509 | *
[2026-03-26 04:17:36,560][root][INFO] - Epoch: 122 | Loss: 0.0004 | Val - MRR: 0.4532, MR: 4695.84, H@1: 0.414, H@3: 0.475, H@10: 0.523 | 
[2026-03-26 04:18:45,528][root][INFO] - Epoch: 123 | Loss: 0.0005 | Val - MRR: 0.4527, MR: 4647.77, H@1: 0.415, H@3: 0.472, H@10: 0.517 | 
[2026-03-26 04:20:01,898][root][INFO] - Epoch: 124 | Loss: 0.0004 | Val - MRR: 0.4538, MR: 4620.92, H@1: 0.417, H@3: 0.474, H@10: 0.517 | Test - MRR: 0.4528 | *
[2026-03-26 04:21:10,914][root][INFO] - Epoch: 125 | Loss: 0.0004 | Val - MRR: 0.4537, MR: 4742.10, H@1: 0.419, H@3: 0.471, H@10: 0.518 | 
[2026-03-26 04:22:27,061][root][INFO] - Epoch: 126 | Loss: 0.0004 | Val - MRR: 0.4575, MR: 4419.63, H@1: 0.418, H@3: 0.478, H@10: 0.528 | Test - MRR: 0.4573 | *
[2026-03-26 04:23:43,291][root][INFO] - Epoch: 127 | Loss: 0.0004 | Val - MRR: 0.4594, MR: 4507.23, H@1: 0.425, H@3: 0.475, H@10: 0.523 | Test - MRR: 0.4558 | *
[2026-03-26 04:24:52,659][root][INFO] - Epoch: 128 | Loss: 0.0004 | Val - MRR: 0.4580, MR: 4570.28, H@1: 0.420, H@3: 0.477, H@10: 0.525 | 
[2026-03-26 04:26:03,323][root][INFO] - Epoch: 129 | Loss: 0.0004 | Val - MRR: 0.4587, MR: 4662.21, H@1: 0.423, H@3: 0.475, H@10: 0.523 | 
[2026-03-26 04:27:12,971][root][INFO] - Epoch: 130 | Loss: 0.0004 | Val - MRR: 0.4569, MR: 4685.35, H@1: 0.421, H@3: 0.475, H@10: 0.522 | 
[2026-03-26 04:28:21,342][root][INFO] - Epoch: 131 | Loss: 0.0004 | Val - MRR: 0.4557, MR: 4537.04, H@1: 0.417, H@3: 0.476, H@10: 0.524 | 
[2026-03-26 04:29:31,131][root][INFO] - Epoch: 132 | Loss: 0.0004 | Val - MRR: 0.4566, MR: 4572.38, H@1: 0.420, H@3: 0.474, H@10: 0.522 | 
[2026-03-26 04:30:39,701][root][INFO] - Epoch: 133 | Loss: 0.0004 | Val - MRR: 0.4578, MR: 4606.10, H@1: 0.422, H@3: 0.477, H@10: 0.521 | 
[2026-03-26 04:31:50,013][root][INFO] - Epoch: 134 | Loss: 0.0004 | Val - MRR: 0.4580, MR: 4604.70, H@1: 0.422, H@3: 0.474, H@10: 0.522 | 
[2026-03-26 04:32:59,313][root][INFO] - Epoch: 135 | Loss: 0.0004 | Val - MRR: 0.4538, MR: 4755.23, H@1: 0.419, H@3: 0.472, H@10: 0.515 | 
[2026-03-26 04:34:09,255][root][INFO] - Epoch: 136 | Loss: 0.0004 | Val - MRR: 0.4575, MR: 4616.00, H@1: 0.421, H@3: 0.476, H@10: 0.521 | 
[2026-03-26 04:35:20,793][root][INFO] - Epoch: 137 | Loss: 0.0004 | Val - MRR: 0.4567, MR: 4671.48, H@1: 0.421, H@3: 0.475, H@10: 0.520 | 
[2026-03-26 04:36:33,194][root][INFO] - Epoch: 138 | Loss: 0.0004 | Val - MRR: 0.4579, MR: 4737.27, H@1: 0.424, H@3: 0.474, H@10: 0.519 | 
[2026-03-26 04:37:44,512][root][INFO] - Epoch: 139 | Loss: 0.0004 | Val - MRR: 0.4573, MR: 4666.68, H@1: 0.423, H@3: 0.473, H@10: 0.522 | 
[2026-03-26 04:38:55,247][root][INFO] - Epoch: 140 | Loss: 0.0004 | Val - MRR: 0.4564, MR: 4623.18, H@1: 0.419, H@3: 0.475, H@10: 0.525 | 
[2026-03-26 04:40:07,619][root][INFO] - Epoch: 141 | Loss: 0.0004 | Val - MRR: 0.4551, MR: 4703.31, H@1: 0.419, H@3: 0.473, H@10: 0.519 | 
[2026-03-26 04:41:18,930][root][INFO] - Epoch: 142 | Loss: 0.0004 | Val - MRR: 0.4547, MR: 4628.46, H@1: 0.419, H@3: 0.472, H@10: 0.519 | 
[2026-03-26 04:42:29,990][root][INFO] - Epoch: 143 | Loss: 0.0004 | Val - MRR: 0.4556, MR: 4715.18, H@1: 0.421, H@3: 0.473, H@10: 0.517 | 
[2026-03-26 04:43:41,955][root][INFO] - Epoch: 144 | Loss: 0.0004 | Val - MRR: 0.4577, MR: 4671.92, H@1: 0.425, H@3: 0.472, H@10: 0.519 | 
[2026-03-26 04:44:52,813][root][INFO] - Epoch: 145 | Loss: 0.0004 | Val - MRR: 0.4583, MR: 4707.02, H@1: 0.424, H@3: 0.475, H@10: 0.518 | 
[2026-03-26 04:46:03,093][root][INFO] - Epoch: 146 | Loss: 0.0004 | Val - MRR: 0.4580, MR: 4803.77, H@1: 0.423, H@3: 0.474, H@10: 0.519 | 
[2026-03-26 04:47:14,626][root][INFO] - Epoch: 147 | Loss: 0.0004 | Val - MRR: 0.4530, MR: 4832.46, H@1: 0.415, H@3: 0.474, H@10: 0.516 | 
[2026-03-26 04:48:33,378][root][INFO] - Epoch: 148 | Loss: 0.0004 | Val - MRR: 0.4628, MR: 4676.02, H@1: 0.429, H@3: 0.478, H@10: 0.523 | Test - MRR: 0.4577 | *
[2026-03-26 04:49:45,530][root][INFO] - Epoch: 149 | Loss: 0.0004 | Val - MRR: 0.4605, MR: 4799.67, H@1: 0.427, H@3: 0.476, H@10: 0.522 | 
[2026-03-26 04:50:56,058][root][INFO] - Epoch: 150 | Loss: 0.0004 | Val - MRR: 0.4581, MR: 4798.35, H@1: 0.425, H@3: 0.473, H@10: 0.518 | 
[2026-03-26 04:52:14,904][root][INFO] - Epoch: 151 | Loss: 0.0004 | Val - MRR: 0.4616, MR: 4624.89, H@1: 0.427, H@3: 0.476, H@10: 0.522 | Test - MRR: 0.4577 | *
[2026-03-26 04:53:25,982][root][INFO] - Epoch: 152 | Loss: 0.0004 | Val - MRR: 0.4592, MR: 4789.75, H@1: 0.425, H@3: 0.475, H@10: 0.520 | 
[2026-03-26 04:54:37,022][root][INFO] - Epoch: 153 | Loss: 0.0004 | Val - MRR: 0.4591, MR: 4687.75, H@1: 0.425, H@3: 0.475, H@10: 0.519 | 
[2026-03-26 04:55:47,334][root][INFO] - Epoch: 154 | Loss: 0.0004 | Val - MRR: 0.4596, MR: 4599.32, H@1: 0.424, H@3: 0.478, H@10: 0.521 | 
[2026-03-26 04:57:05,983][root][INFO] - Epoch: 155 | Loss: 0.0004 | Val - MRR: 0.4622, MR: 4576.80, H@1: 0.426, H@3: 0.481, H@10: 0.525 | Test - MRR: 0.4587 | *
[2026-03-26 04:58:17,445][root][INFO] - Epoch: 156 | Loss: 0.0004 | Val - MRR: 0.4600, MR: 4768.27, H@1: 0.425, H@3: 0.478, H@10: 0.525 | 
[2026-03-26 04:59:29,772][root][INFO] - Epoch: 157 | Loss: 0.0004 | Val - MRR: 0.4586, MR: 4698.78, H@1: 0.424, H@3: 0.476, H@10: 0.522 | 
[2026-03-26 05:00:41,138][root][INFO] - Epoch: 158 | Loss: 0.0004 | Val - MRR: 0.4596, MR: 4759.16, H@1: 0.426, H@3: 0.476, H@10: 0.519 | 
[2026-03-26 05:01:52,038][root][INFO] - Epoch: 159 | Loss: 0.0004 | Val - MRR: 0.4582, MR: 4629.01, H@1: 0.423, H@3: 0.476, H@10: 0.522 | 
[2026-03-26 05:03:03,662][root][INFO] - Epoch: 160 | Loss: 0.0004 | Val - MRR: 0.4584, MR: 4663.61, H@1: 0.423, H@3: 0.475, H@10: 0.525 | 
[2026-03-26 05:04:21,558][root][INFO] - Epoch: 161 | Loss: 0.0004 | Val - MRR: 0.4602, MR: 4555.97, H@1: 0.423, H@3: 0.478, H@10: 0.527 | Test - MRR: 0.4592 | *
[2026-03-26 05:05:32,741][root][INFO] - Epoch: 162 | Loss: 0.0004 | Val - MRR: 0.4595, MR: 4814.10, H@1: 0.424, H@3: 0.479, H@10: 0.523 | 
[2026-03-26 05:06:51,881][root][INFO] - Epoch: 163 | Loss: 0.0004 | Val - MRR: 0.4603, MR: 4783.97, H@1: 0.426, H@3: 0.477, H@10: 0.522 | Test - MRR: 0.4561 | *
[2026-03-26 05:08:03,143][root][INFO] - Epoch: 164 | Loss: 0.0004 | Val - MRR: 0.4580, MR: 4601.43, H@1: 0.421, H@3: 0.477, H@10: 0.524 | 
[2026-03-26 05:09:13,895][root][INFO] - Epoch: 165 | Loss: 0.0004 | Val - MRR: 0.4587, MR: 4853.60, H@1: 0.426, H@3: 0.474, H@10: 0.517 | 
[2026-03-26 05:10:32,412][root][INFO] - Epoch: 166 | Loss: 0.0004 | Val - MRR: 0.4641, MR: 4486.28, H@1: 0.427, H@3: 0.483, H@10: 0.528 | Test - MRR: 0.4577 | *
[2026-03-26 05:11:42,871][root][INFO] - Epoch: 167 | Loss: 0.0004 | Val - MRR: 0.4595, MR: 4715.96, H@1: 0.426, H@3: 0.477, H@10: 0.521 | 
[2026-03-26 05:12:53,705][root][INFO] - Epoch: 168 | Loss: 0.0004 | Val - MRR: 0.4618, MR: 4797.84, H@1: 0.429, H@3: 0.477, H@10: 0.519 | 
[2026-03-26 05:14:04,227][root][INFO] - Epoch: 169 | Loss: 0.0004 | Val - MRR: 0.4625, MR: 4548.96, H@1: 0.429, H@3: 0.478, H@10: 0.527 | 
[2026-03-26 05:15:14,582][root][INFO] - Epoch: 170 | Loss: 0.0004 | Val - MRR: 0.4626, MR: 4691.90, H@1: 0.429, H@3: 0.480, H@10: 0.525 | 
[2026-03-26 05:16:24,367][root][INFO] - Epoch: 171 | Loss: 0.0004 | Val - MRR: 0.4616, MR: 4699.44, H@1: 0.429, H@3: 0.478, H@10: 0.520 | 
[2026-03-26 05:17:36,083][root][INFO] - Epoch: 172 | Loss: 0.0004 | Val - MRR: 0.4596, MR: 4805.53, H@1: 0.427, H@3: 0.474, H@10: 0.521 | 
[2026-03-26 05:18:47,359][root][INFO] - Epoch: 173 | Loss: 0.0004 | Val - MRR: 0.4605, MR: 4847.15, H@1: 0.427, H@3: 0.477, H@10: 0.522 | 
[2026-03-26 05:20:06,188][root][INFO] - Epoch: 174 | Loss: 0.0004 | Val - MRR: 0.4622, MR: 4682.80, H@1: 0.428, H@3: 0.477, H@10: 0.526 | Test - MRR: 0.4605 | *
[2026-03-26 05:21:17,297][root][INFO] - Epoch: 175 | Loss: 0.0004 | Val - MRR: 0.4608, MR: 4763.97, H@1: 0.426, H@3: 0.478, H@10: 0.526 | 
[2026-03-26 05:22:36,911][root][INFO] - Epoch: 176 | Loss: 0.0004 | Val - MRR: 0.4640, MR: 4706.27, H@1: 0.429, H@3: 0.480, H@10: 0.529 | Test - MRR: 0.4621 | *
[2026-03-26 05:23:47,165][root][INFO] - Epoch: 177 | Loss: 0.0004 | Val - MRR: 0.4640, MR: 4766.73, H@1: 0.431, H@3: 0.479, H@10: 0.525 | 
[2026-03-26 05:25:05,638][root][INFO] - Epoch: 178 | Loss: 0.0004 | Val - MRR: 0.4637, MR: 4714.63, H@1: 0.431, H@3: 0.479, H@10: 0.525 | Test - MRR: 0.4625 | *
[2026-03-26 05:26:17,294][root][INFO] - Epoch: 179 | Loss: 0.0004 | Val - MRR: 0.4616, MR: 4741.21, H@1: 0.427, H@3: 0.477, H@10: 0.527 | 
[2026-03-26 05:27:27,712][root][INFO] - Epoch: 180 | Loss: 0.0004 | Val - MRR: 0.4626, MR: 4704.92, H@1: 0.429, H@3: 0.478, H@10: 0.527 | 
[2026-03-26 05:28:38,507][root][INFO] - Epoch: 181 | Loss: 0.0004 | Val - MRR: 0.4628, MR: 4829.89, H@1: 0.429, H@3: 0.481, H@10: 0.521 | 
[2026-03-26 05:29:49,280][root][INFO] - Epoch: 182 | Loss: 0.0004 | Val - MRR: 0.4628, MR: 4697.65, H@1: 0.428, H@3: 0.479, H@10: 0.526 | 
[2026-03-26 05:30:59,664][root][INFO] - Epoch: 183 | Loss: 0.0004 | Val - MRR: 0.4633, MR: 4805.05, H@1: 0.430, H@3: 0.479, H@10: 0.524 | 
[2026-03-26 05:32:09,995][root][INFO] - Epoch: 184 | Loss: 0.0004 | Val - MRR: 0.4612, MR: 4893.68, H@1: 0.427, H@3: 0.478, H@10: 0.522 | 
[2026-03-26 05:33:20,967][root][INFO] - Epoch: 185 | Loss: 0.0004 | Val - MRR: 0.4633, MR: 4773.74, H@1: 0.429, H@3: 0.482, H@10: 0.525 | 
[2026-03-26 05:34:32,607][root][INFO] - Epoch: 186 | Loss: 0.0004 | Val - MRR: 0.4621, MR: 4803.46, H@1: 0.428, H@3: 0.479, H@10: 0.522 | 
[2026-03-26 05:35:50,450][root][INFO] - Epoch: 187 | Loss: 0.0004 | Val - MRR: 0.4660, MR: 4766.17, H@1: 0.433, H@3: 0.483, H@10: 0.528 | Test - MRR: 0.4601 | *
[2026-03-26 05:37:00,792][root][INFO] - Epoch: 188 | Loss: 0.0004 | Val - MRR: 0.4652, MR: 4805.92, H@1: 0.431, H@3: 0.482, H@10: 0.526 | 
[2026-03-26 05:38:12,071][root][INFO] - Epoch: 189 | Loss: 0.0004 | Val - MRR: 0.4649, MR: 4706.35, H@1: 0.431, H@3: 0.480, H@10: 0.526 | 
[2026-03-26 05:39:23,118][root][INFO] - Epoch: 190 | Loss: 0.0004 | Val - MRR: 0.4644, MR: 4751.80, H@1: 0.432, H@3: 0.480, H@10: 0.523 | 
[2026-03-26 05:40:32,921][root][INFO] - Epoch: 191 | Loss: 0.0004 | Val - MRR: 0.4638, MR: 4742.09, H@1: 0.429, H@3: 0.481, H@10: 0.526 | 
[2026-03-26 05:41:51,075][root][INFO] - Epoch: 192 | Loss: 0.0004 | Val - MRR: 0.4665, MR: 4714.54, H@1: 0.433, H@3: 0.482, H@10: 0.528 | Test - MRR: 0.4628 | *
[2026-03-26 05:43:07,146][root][INFO] - Epoch: 193 | Loss: 0.0004 | Val - MRR: 0.4652, MR: 4742.19, H@1: 0.431, H@3: 0.482, H@10: 0.529 | Test - MRR: 0.4633 | *
[2026-03-26 05:44:24,711][root][INFO] - Epoch: 194 | Loss: 0.0004 | Val - MRR: 0.4660, MR: 4774.86, H@1: 0.432, H@3: 0.484, H@10: 0.529 | Test - MRR: 0.4617 | *
[2026-03-26 05:45:41,345][root][INFO] - Epoch: 195 | Loss: 0.0004 | Val - MRR: 0.4680, MR: 4751.28, H@1: 0.435, H@3: 0.484, H@10: 0.528 | Test - MRR: 0.4599 | *
[2026-03-26 05:46:50,258][root][INFO] - Epoch: 196 | Loss: 0.0004 | Val - MRR: 0.4668, MR: 4792.21, H@1: 0.434, H@3: 0.483, H@10: 0.526 | 
[2026-03-26 05:48:06,029][root][INFO] - Epoch: 197 | Loss: 0.0004 | Val - MRR: 0.4688, MR: 4638.68, H@1: 0.436, H@3: 0.483, H@10: 0.530 | Test - MRR: 0.4626 | *
[2026-03-26 05:49:23,078][root][INFO] - Epoch: 198 | Loss: 0.0004 | Val - MRR: 0.4679, MR: 4581.30, H@1: 0.433, H@3: 0.483, H@10: 0.534 | Test - MRR: 0.4641 | *
[2026-03-26 05:50:39,197][root][INFO] - Epoch: 199 | Loss: 0.0004 | Val - MRR: 0.4679, MR: 4670.27, H@1: 0.433, H@3: 0.485, H@10: 0.529 | Test - MRR: 0.4621 | *
[2026-03-26 05:51:47,702][root][INFO] - Epoch: 200 | Loss: 0.0004 | Val - MRR: 0.4675, MR: 4798.29, H@1: 0.435, H@3: 0.483, H@10: 0.528 | 
[2026-03-26 05:53:04,578][root][INFO] - Epoch: 201 | Loss: 0.0004 | Val - MRR: 0.4681, MR: 4723.61, H@1: 0.434, H@3: 0.484, H@10: 0.527 | Test - MRR: 0.4623 | *
[2026-03-26 05:54:14,137][root][INFO] - Epoch: 202 | Loss: 0.0004 | Val - MRR: 0.4648, MR: 4848.22, H@1: 0.433, H@3: 0.478, H@10: 0.526 | 
[2026-03-26 05:55:23,084][root][INFO] - Epoch: 203 | Loss: 0.0004 | Val - MRR: 0.4662, MR: 4850.72, H@1: 0.434, H@3: 0.482, H@10: 0.526 | 
[2026-03-26 05:56:31,499][root][INFO] - Epoch: 204 | Loss: 0.0004 | Val - MRR: 0.4660, MR: 4792.77, H@1: 0.433, H@3: 0.482, H@10: 0.526 | 
[2026-03-26 05:57:40,246][root][INFO] - Epoch: 205 | Loss: 0.0004 | Val - MRR: 0.4659, MR: 4679.72, H@1: 0.432, H@3: 0.482, H@10: 0.527 | 
[2026-03-26 05:58:49,705][root][INFO] - Epoch: 206 | Loss: 0.0004 | Val - MRR: 0.4653, MR: 4844.47, H@1: 0.433, H@3: 0.481, H@10: 0.524 | 
[2026-03-26 05:59:59,769][root][INFO] - Epoch: 207 | Loss: 0.0004 | Val - MRR: 0.4662, MR: 4824.31, H@1: 0.434, H@3: 0.482, H@10: 0.527 | 
[2026-03-26 06:01:09,022][root][INFO] - Epoch: 208 | Loss: 0.0004 | Val - MRR: 0.4653, MR: 4830.20, H@1: 0.432, H@3: 0.481, H@10: 0.528 | 
[2026-03-26 06:02:17,421][root][INFO] - Epoch: 209 | Loss: 0.0004 | Val - MRR: 0.4631, MR: 4979.39, H@1: 0.429, H@3: 0.480, H@10: 0.526 | 
[2026-03-26 06:03:27,923][root][INFO] - Epoch: 210 | Loss: 0.0004 | Val - MRR: 0.4665, MR: 4770.69, H@1: 0.434, H@3: 0.479, H@10: 0.529 | 
[2026-03-26 06:04:43,191][root][INFO] - Epoch: 211 | Loss: 0.0004 | Val - MRR: 0.4674, MR: 4760.75, H@1: 0.433, H@3: 0.483, H@10: 0.532 | Test - MRR: 0.4643 | *
[2026-03-26 06:05:53,097][root][INFO] - Epoch: 212 | Loss: 0.0004 | Val - MRR: 0.4665, MR: 4793.59, H@1: 0.433, H@3: 0.482, H@10: 0.532 | 
[2026-03-26 06:07:01,615][root][INFO] - Epoch: 213 | Loss: 0.0004 | Val - MRR: 0.4645, MR: 4950.29, H@1: 0.431, H@3: 0.480, H@10: 0.526 | 
[2026-03-26 06:08:18,249][root][INFO] - Epoch: 214 | Loss: 0.0004 | Val - MRR: 0.4675, MR: 4745.31, H@1: 0.434, H@3: 0.484, H@10: 0.531 | Test - MRR: 0.4641 | *
[2026-03-26 06:09:26,593][root][INFO] - Epoch: 215 | Loss: 0.0004 | Val - MRR: 0.4650, MR: 4833.28, H@1: 0.432, H@3: 0.480, H@10: 0.526 | 
[2026-03-26 06:10:35,926][root][INFO] - Epoch: 216 | Loss: 0.0004 | Val - MRR: 0.4670, MR: 4727.28, H@1: 0.432, H@3: 0.485, H@10: 0.532 | 
[2026-03-26 06:11:54,940][root][INFO] - Epoch: 217 | Loss: 0.0004 | Val - MRR: 0.4679, MR: 4769.44, H@1: 0.435, H@3: 0.483, H@10: 0.529 | Test - MRR: 0.4621 | *
[2026-03-26 06:13:12,287][root][INFO] - Epoch: 218 | Loss: 0.0004 | Val - MRR: 0.4679, MR: 4714.59, H@1: 0.434, H@3: 0.483, H@10: 0.528 | Test - MRR: 0.4642 | *
[2026-03-26 06:14:22,990][root][INFO] - Epoch: 219 | Loss: 0.0004 | Val - MRR: 0.4650, MR: 4813.50, H@1: 0.432, H@3: 0.480, H@10: 0.527 | 
[2026-03-26 06:15:35,221][root][INFO] - Epoch: 220 | Loss: 0.0004 | Val - MRR: 0.4654, MR: 4745.14, H@1: 0.432, H@3: 0.480, H@10: 0.526 | 
[2026-03-26 06:16:45,992][root][INFO] - Epoch: 221 | Loss: 0.0004 | Val - MRR: 0.4655, MR: 4840.46, H@1: 0.433, H@3: 0.481, H@10: 0.526 | 
[2026-03-26 06:17:57,313][root][INFO] - Epoch: 222 | Loss: 0.0004 | Val - MRR: 0.4662, MR: 4881.16, H@1: 0.433, H@3: 0.482, H@10: 0.528 | 
[2026-03-26 06:19:08,598][root][INFO] - Epoch: 223 | Loss: 0.0004 | Val - MRR: 0.4672, MR: 4611.29, H@1: 0.430, H@3: 0.484, H@10: 0.535 | 
[2026-03-26 06:20:28,543][root][INFO] - Epoch: 224 | Loss: 0.0004 | Val - MRR: 0.4712, MR: 4552.36, H@1: 0.435, H@3: 0.488, H@10: 0.539 | Test - MRR: 0.4671 | *
[2026-03-26 06:21:46,937][root][INFO] - Epoch: 225 | Loss: 0.0004 | Val - MRR: 0.4710, MR: 4527.28, H@1: 0.435, H@3: 0.489, H@10: 0.538 | Test - MRR: 0.4684 | *
[2026-03-26 06:23:06,559][root][INFO] - Epoch: 226 | Loss: 0.0004 | Val - MRR: 0.4695, MR: 4601.68, H@1: 0.433, H@3: 0.486, H@10: 0.538 | Test - MRR: 0.4686 | *
[2026-03-26 06:24:17,811][root][INFO] - Epoch: 227 | Loss: 0.0004 | Val - MRR: 0.4675, MR: 4701.48, H@1: 0.432, H@3: 0.484, H@10: 0.533 | 
[2026-03-26 06:25:28,820][root][INFO] - Epoch: 228 | Loss: 0.0004 | Val - MRR: 0.4691, MR: 4665.87, H@1: 0.435, H@3: 0.485, H@10: 0.535 | 
[2026-03-26 06:26:46,650][root][INFO] - Epoch: 229 | Loss: 0.0004 | Val - MRR: 0.4706, MR: 4593.87, H@1: 0.436, H@3: 0.486, H@10: 0.538 | Test - MRR: 0.4684 | *
[2026-03-26 06:27:58,246][root][INFO] - Epoch: 230 | Loss: 0.0004 | Val - MRR: 0.4650, MR: 4714.13, H@1: 0.432, H@3: 0.481, H@10: 0.525 | 
[2026-03-26 06:29:15,697][root][INFO] - Epoch: 231 | Loss: 0.0004 | Val - MRR: 0.4710, MR: 4611.54, H@1: 0.436, H@3: 0.486, H@10: 0.539 | Test - MRR: 0.4684 | *
[2026-03-26 06:30:26,339][root][INFO] - Epoch: 232 | Loss: 0.0004 | Val - MRR: 0.4670, MR: 4639.66, H@1: 0.431, H@3: 0.482, H@10: 0.539 | 
[2026-03-26 06:31:37,267][root][INFO] - Epoch: 233 | Loss: 0.0004 | Val - MRR: 0.4687, MR: 4726.47, H@1: 0.436, H@3: 0.482, H@10: 0.534 | 
[2026-03-26 06:32:48,127][root][INFO] - Epoch: 234 | Loss: 0.0004 | Val - MRR: 0.4695, MR: 4802.41, H@1: 0.436, H@3: 0.485, H@10: 0.535 | 
[2026-03-26 06:33:59,270][root][INFO] - Epoch: 235 | Loss: 0.0004 | Val - MRR: 0.4697, MR: 4713.28, H@1: 0.434, H@3: 0.485, H@10: 0.537 | 
[2026-03-26 06:35:18,146][root][INFO] - Epoch: 236 | Loss: 0.0004 | Val - MRR: 0.4718, MR: 4686.14, H@1: 0.438, H@3: 0.487, H@10: 0.537 | Test - MRR: 0.4691 | *
[2026-03-26 06:36:28,683][root][INFO] - Epoch: 237 | Loss: 0.0004 | Val - MRR: 0.4682, MR: 4654.70, H@1: 0.433, H@3: 0.483, H@10: 0.534 | 
[2026-03-26 06:37:39,977][root][INFO] - Epoch: 238 | Loss: 0.0004 | Val - MRR: 0.4713, MR: 4634.21, H@1: 0.438, H@3: 0.485, H@10: 0.534 | 
[2026-03-26 06:38:50,826][root][INFO] - Epoch: 239 | Loss: 0.0004 | Val - MRR: 0.4718, MR: 4643.59, H@1: 0.437, H@3: 0.489, H@10: 0.538 | 
[2026-03-26 06:40:02,613][root][INFO] - Epoch: 240 | Loss: 0.0004 | Val - MRR: 0.4709, MR: 4651.46, H@1: 0.436, H@3: 0.487, H@10: 0.537 | 
[2026-03-26 06:41:13,622][root][INFO] - Epoch: 241 | Loss: 0.0004 | Val - MRR: 0.4696, MR: 4802.69, H@1: 0.435, H@3: 0.485, H@10: 0.535 | 
[2026-03-26 06:42:33,273][root][INFO] - Epoch: 242 | Loss: 0.0004 | Val - MRR: 0.4726, MR: 4599.59, H@1: 0.438, H@3: 0.487, H@10: 0.539 | Test - MRR: 0.4685 | *
[2026-03-26 06:43:44,439][root][INFO] - Epoch: 243 | Loss: 0.0004 | Val - MRR: 0.4725, MR: 4676.88, H@1: 0.437, H@3: 0.489, H@10: 0.537 | 
[2026-03-26 06:44:54,440][root][INFO] - Epoch: 244 | Loss: 0.0004 | Val - MRR: 0.4704, MR: 4684.78, H@1: 0.436, H@3: 0.485, H@10: 0.537 | 
[2026-03-26 06:46:06,021][root][INFO] - Epoch: 245 | Loss: 0.0004 | Val - MRR: 0.4718, MR: 4651.45, H@1: 0.437, H@3: 0.487, H@10: 0.535 | 
[2026-03-26 06:47:16,811][root][INFO] - Epoch: 246 | Loss: 0.0004 | Val - MRR: 0.4717, MR: 4622.26, H@1: 0.437, H@3: 0.487, H@10: 0.538 | 
[2026-03-26 06:48:28,628][root][INFO] - Epoch: 247 | Loss: 0.0004 | Val - MRR: 0.4725, MR: 4639.72, H@1: 0.438, H@3: 0.488, H@10: 0.534 | 
[2026-03-26 06:49:39,269][root][INFO] - Epoch: 248 | Loss: 0.0004 | Val - MRR: 0.4706, MR: 4696.33, H@1: 0.437, H@3: 0.484, H@10: 0.533 | 
[2026-03-26 06:50:57,644][root][INFO] - Epoch: 249 | Loss: 0.0004 | Val - MRR: 0.4728, MR: 4779.86, H@1: 0.439, H@3: 0.487, H@10: 0.536 | Test - MRR: 0.4667 | *
[2026-03-26 06:52:07,877][root][INFO] - Epoch: 250 | Loss: 0.0004 | Val - MRR: 0.4728, MR: 4653.97, H@1: 0.439, H@3: 0.487, H@10: 0.533 | 
[2026-03-26 06:53:18,953][root][INFO] - Epoch: 251 | Loss: 0.0004 | Val - MRR: 0.4712, MR: 4745.95, H@1: 0.437, H@3: 0.489, H@10: 0.535 | 
[2026-03-26 06:54:30,348][root][INFO] - Epoch: 252 | Loss: 0.0004 | Val - MRR: 0.4719, MR: 4732.07, H@1: 0.438, H@3: 0.490, H@10: 0.535 | 
[2026-03-26 06:55:41,920][root][INFO] - Epoch: 253 | Loss: 0.0004 | Val - MRR: 0.4721, MR: 4764.38, H@1: 0.438, H@3: 0.486, H@10: 0.535 | 
[2026-03-26 06:57:01,612][root][INFO] - Epoch: 254 | Loss: 0.0004 | Val - MRR: 0.4740, MR: 4639.76, H@1: 0.439, H@3: 0.488, H@10: 0.540 | Test - MRR: 0.4693 | *
[2026-03-26 06:58:13,246][root][INFO] - Epoch: 255 | Loss: 0.0004 | Val - MRR: 0.4710, MR: 4631.04, H@1: 0.435, H@3: 0.487, H@10: 0.538 | 
[2026-03-26 06:59:31,048][root][INFO] - Epoch: 256 | Loss: 0.0004 | Val - MRR: 0.4744, MR: 4652.24, H@1: 0.440, H@3: 0.489, H@10: 0.541 | Test - MRR: 0.4672 | *
[2026-03-26 07:00:41,865][root][INFO] - Epoch: 257 | Loss: 0.0004 | Val - MRR: 0.4722, MR: 4746.50, H@1: 0.438, H@3: 0.487, H@10: 0.536 | 
[2026-03-26 07:01:51,702][root][INFO] - Epoch: 258 | Loss: 0.0004 | Val - MRR: 0.4724, MR: 4703.77, H@1: 0.438, H@3: 0.486, H@10: 0.539 | 
[2026-03-26 07:03:03,482][root][INFO] - Epoch: 259 | Loss: 0.0004 | Val - MRR: 0.4719, MR: 4707.22, H@1: 0.438, H@3: 0.486, H@10: 0.538 | 
[2026-03-26 07:04:14,334][root][INFO] - Epoch: 260 | Loss: 0.0004 | Val - MRR: 0.4731, MR: 4728.69, H@1: 0.438, H@3: 0.489, H@10: 0.538 | 
[2026-03-26 07:05:33,897][root][INFO] - Epoch: 261 | Loss: 0.0004 | Val - MRR: 0.4717, MR: 4731.38, H@1: 0.437, H@3: 0.487, H@10: 0.534 | Test - MRR: 0.4696 | *
[2026-03-26 07:06:52,621][root][INFO] - Epoch: 262 | Loss: 0.0004 | Val - MRR: 0.4726, MR: 4632.98, H@1: 0.436, H@3: 0.489, H@10: 0.542 | Test - MRR: 0.4699 | *
[2026-03-26 07:08:10,308][root][INFO] - Epoch: 263 | Loss: 0.0004 | Val - MRR: 0.4730, MR: 4651.14, H@1: 0.439, H@3: 0.486, H@10: 0.538 | Test - MRR: 0.4686 | *
[2026-03-26 07:09:21,074][root][INFO] - Epoch: 264 | Loss: 0.0004 | Val - MRR: 0.4711, MR: 4806.54, H@1: 0.437, H@3: 0.488, H@10: 0.534 | 
[2026-03-26 07:10:33,447][root][INFO] - Epoch: 265 | Loss: 0.0004 | Val - MRR: 0.4717, MR: 4766.17, H@1: 0.438, H@3: 0.488, H@10: 0.534 | 
[2026-03-26 07:11:51,839][root][INFO] - Epoch: 266 | Loss: 0.0004 | Val - MRR: 0.4723, MR: 4715.52, H@1: 0.438, H@3: 0.488, H@10: 0.535 | Test - MRR: 0.4701 | *
[2026-03-26 07:13:09,236][root][INFO] - Epoch: 267 | Loss: 0.0004 | Val - MRR: 0.4731, MR: 4681.69, H@1: 0.440, H@3: 0.486, H@10: 0.540 | Test - MRR: 0.4687 | *
[2026-03-26 07:14:20,289][root][INFO] - Epoch: 268 | Loss: 0.0004 | Val - MRR: 0.4719, MR: 4714.73, H@1: 0.437, H@3: 0.488, H@10: 0.538 | 
[2026-03-26 07:15:37,610][root][INFO] - Epoch: 269 | Loss: 0.0004 | Val - MRR: 0.4735, MR: 4781.95, H@1: 0.440, H@3: 0.488, H@10: 0.538 | Test - MRR: 0.4690 | *
[2026-03-26 07:16:48,290][root][INFO] - Epoch: 270 | Loss: 0.0004 | Val - MRR: 0.4708, MR: 4717.00, H@1: 0.436, H@3: 0.486, H@10: 0.539 | 
[2026-03-26 07:18:00,007][root][INFO] - Epoch: 271 | Loss: 0.0004 | Val - MRR: 0.4710, MR: 4613.10, H@1: 0.435, H@3: 0.488, H@10: 0.539 | 
[2026-03-26 07:19:10,737][root][INFO] - Epoch: 272 | Loss: 0.0004 | Val - MRR: 0.4729, MR: 4574.58, H@1: 0.437, H@3: 0.489, H@10: 0.542 | 
[2026-03-26 07:20:21,415][root][INFO] - Epoch: 273 | Loss: 0.0004 | Val - MRR: 0.4713, MR: 4691.38, H@1: 0.436, H@3: 0.485, H@10: 0.538 | 
[2026-03-26 07:21:32,782][root][INFO] - Epoch: 274 | Loss: 0.0004 | Val - MRR: 0.4711, MR: 4838.78, H@1: 0.437, H@3: 0.487, H@10: 0.533 | 
[2026-03-26 07:22:44,398][root][INFO] - Epoch: 275 | Loss: 0.0004 | Val - MRR: 0.4712, MR: 4722.04, H@1: 0.436, H@3: 0.490, H@10: 0.537 | 
[2026-03-26 07:24:02,283][root][INFO] - Epoch: 276 | Loss: 0.0004 | Val - MRR: 0.4736, MR: 4667.47, H@1: 0.438, H@3: 0.489, H@10: 0.542 | Test - MRR: 0.4687 | *
[2026-03-26 07:25:13,079][root][INFO] - Epoch: 277 | Loss: 0.0004 | Val - MRR: 0.4719, MR: 4782.73, H@1: 0.437, H@3: 0.488, H@10: 0.537 | 
[2026-03-26 07:26:22,983][root][INFO] - Epoch: 278 | Loss: 0.0004 | Val - MRR: 0.4706, MR: 4775.43, H@1: 0.437, H@3: 0.485, H@10: 0.537 | 
[2026-03-26 07:27:42,535][root][INFO] - Epoch: 279 | Loss: 0.0004 | Val - MRR: 0.4727, MR: 4657.52, H@1: 0.439, H@3: 0.488, H@10: 0.539 | Test - MRR: 0.4709 | *
[2026-03-26 07:28:53,070][root][INFO] - Epoch: 280 | Loss: 0.0004 | Val - MRR: 0.4722, MR: 4846.44, H@1: 0.438, H@3: 0.489, H@10: 0.534 | 
[2026-03-26 07:30:03,664][root][INFO] - Epoch: 281 | Loss: 0.0004 | Val - MRR: 0.4725, MR: 4823.90, H@1: 0.439, H@3: 0.488, H@10: 0.538 | 
[2026-03-26 07:31:21,088][root][INFO] - Epoch: 282 | Loss: 0.0004 | Val - MRR: 0.4735, MR: 4766.46, H@1: 0.440, H@3: 0.487, H@10: 0.538 | Test - MRR: 0.4676 | *
[2026-03-26 07:32:32,100][root][INFO] - Epoch: 283 | Loss: 0.0004 | Val - MRR: 0.4719, MR: 4802.91, H@1: 0.440, H@3: 0.485, H@10: 0.533 | 
[2026-03-26 07:33:42,953][root][INFO] - Epoch: 284 | Loss: 0.0004 | Val - MRR: 0.4731, MR: 4798.99, H@1: 0.440, H@3: 0.487, H@10: 0.534 | 
[2026-03-26 07:34:53,532][root][INFO] - Epoch: 285 | Loss: 0.0004 | Val - MRR: 0.4711, MR: 4858.22, H@1: 0.437, H@3: 0.485, H@10: 0.534 | 
[2026-03-26 07:36:04,312][root][INFO] - Epoch: 286 | Loss: 0.0004 | Val - MRR: 0.4725, MR: 4772.09, H@1: 0.440, H@3: 0.486, H@10: 0.536 | 
[2026-03-26 07:37:14,434][root][INFO] - Epoch: 287 | Loss: 0.0004 | Val - MRR: 0.4717, MR: 4783.98, H@1: 0.437, H@3: 0.487, H@10: 0.535 | 
[2026-03-26 07:38:25,639][root][INFO] - Epoch: 288 | Loss: 0.0004 | Val - MRR: 0.4434, MR: 5108.06, H@1: 0.406, H@3: 0.461, H@10: 0.513 | 
[2026-03-26 07:39:37,175][root][INFO] - Epoch: 289 | Loss: 0.0004 | Val - MRR: 0.4727, MR: 4761.48, H@1: 0.439, H@3: 0.488, H@10: 0.533 | 
[2026-03-26 07:40:48,579][root][INFO] - Epoch: 290 | Loss: 0.0004 | Val - MRR: 0.4729, MR: 4743.18, H@1: 0.439, H@3: 0.487, H@10: 0.538 | 
[2026-03-26 07:41:59,223][root][INFO] - Epoch: 291 | Loss: 0.0004 | Val - MRR: 0.4715, MR: 4862.01, H@1: 0.437, H@3: 0.487, H@10: 0.535 | 
[2026-03-26 07:43:09,425][root][INFO] - Epoch: 292 | Loss: 0.0004 | Val - MRR: 0.4717, MR: 4769.03, H@1: 0.436, H@3: 0.489, H@10: 0.538 | 
[2026-03-26 07:44:20,262][root][INFO] - Epoch: 293 | Loss: 0.0004 | Val - MRR: 0.4732, MR: 4882.40, H@1: 0.439, H@3: 0.487, H@10: 0.536 | 
[2026-03-26 07:45:37,935][root][INFO] - Epoch: 294 | Loss: 0.0004 | Val - MRR: 0.4737, MR: 4725.75, H@1: 0.440, H@3: 0.489, H@10: 0.536 | Test - MRR: 0.4705 | *
[2026-03-26 07:46:48,984][root][INFO] - Epoch: 295 | Loss: 0.0004 | Val - MRR: 0.4689, MR: 4860.01, H@1: 0.433, H@3: 0.487, H@10: 0.533 | 
[2026-03-26 07:48:07,358][root][INFO] - Epoch: 296 | Loss: 0.0004 | Val - MRR: 0.4726, MR: 4756.79, H@1: 0.437, H@3: 0.490, H@10: 0.537 | Test - MRR: 0.4710 | *
[2026-03-26 07:49:24,424][root][INFO] - Epoch: 297 | Loss: 0.0004 | Val - MRR: 0.4736, MR: 4727.08, H@1: 0.439, H@3: 0.489, H@10: 0.538 | Test - MRR: 0.4709 | *
[2026-03-26 07:50:36,966][root][INFO] - Epoch: 298 | Loss: 0.0004 | Val - MRR: 0.4721, MR: 4795.08, H@1: 0.439, H@3: 0.485, H@10: 0.536 | 
[2026-03-26 07:51:48,284][root][INFO] - Epoch: 299 | Loss: 0.0004 | Val - MRR: 0.4711, MR: 4810.71, H@1: 0.438, H@3: 0.485, H@10: 0.534 | 
[2026-03-26 07:52:59,109][root][INFO] - Epoch: 300 | Loss: 0.0004 | Val - MRR: 0.4730, MR: 4770.35, H@1: 0.439, H@3: 0.488, H@10: 0.539 | 
[2026-03-26 07:54:09,198][root][INFO] - Epoch: 301 | Loss: 0.0004 | Val - MRR: 0.4726, MR: 4752.20, H@1: 0.439, H@3: 0.486, H@10: 0.535 | 
[2026-03-26 07:55:20,278][root][INFO] - Epoch: 302 | Loss: 0.0004 | Val - MRR: 0.4730, MR: 4756.48, H@1: 0.439, H@3: 0.489, H@10: 0.536 | 
[2026-03-26 07:56:31,670][root][INFO] - Epoch: 303 | Loss: 0.0004 | Val - MRR: 0.4725, MR: 4727.26, H@1: 0.437, H@3: 0.492, H@10: 0.539 | 
[2026-03-26 07:57:49,507][root][INFO] - Epoch: 304 | Loss: 0.0004 | Val - MRR: 0.4745, MR: 4749.95, H@1: 0.440, H@3: 0.493, H@10: 0.538 | Test - MRR: 0.4697 | *
[2026-03-26 07:59:00,156][root][INFO] - Epoch: 305 | Loss: 0.0004 | Val - MRR: 0.4725, MR: 4712.27, H@1: 0.437, H@3: 0.489, H@10: 0.537 | 
[2026-03-26 08:00:11,615][root][INFO] - Epoch: 306 | Loss: 0.0004 | Val - MRR: 0.4718, MR: 4771.65, H@1: 0.437, H@3: 0.487, H@10: 0.536 | 
[2026-03-26 08:01:22,485][root][INFO] - Epoch: 307 | Loss: 0.0004 | Val - MRR: 0.4711, MR: 4903.36, H@1: 0.437, H@3: 0.486, H@10: 0.539 | 
[2026-03-26 08:02:33,786][root][INFO] - Epoch: 308 | Loss: 0.0004 | Val - MRR: 0.4739, MR: 4793.70, H@1: 0.440, H@3: 0.488, H@10: 0.538 | 
[2026-03-26 08:03:44,332][root][INFO] - Epoch: 309 | Loss: 0.0004 | Val - MRR: 0.4739, MR: 4800.62, H@1: 0.441, H@3: 0.487, H@10: 0.536 | 
[2026-03-26 08:05:02,370][root][INFO] - Epoch: 310 | Loss: 0.0004 | Val - MRR: 0.4767, MR: 4689.49, H@1: 0.443, H@3: 0.492, H@10: 0.538 | Test - MRR: 0.4712 | *
[2026-03-26 08:06:13,538][root][INFO] - Epoch: 311 | Loss: 0.0004 | Val - MRR: 0.4730, MR: 4804.87, H@1: 0.440, H@3: 0.487, H@10: 0.535 | 
[2026-03-26 08:07:24,186][root][INFO] - Epoch: 312 | Loss: 0.0004 | Val - MRR: 0.4735, MR: 4763.96, H@1: 0.439, H@3: 0.489, H@10: 0.537 | 
[2026-03-26 08:08:34,525][root][INFO] - Epoch: 313 | Loss: 0.0004 | Val - MRR: 0.4720, MR: 4743.01, H@1: 0.438, H@3: 0.487, H@10: 0.537 | 
[2026-03-26 08:09:45,604][root][INFO] - Epoch: 314 | Loss: 0.0004 | Val - MRR: 0.4726, MR: 4733.35, H@1: 0.438, H@3: 0.487, H@10: 0.538 | 
[2026-03-26 08:10:55,746][root][INFO] - Epoch: 315 | Loss: 0.0004 | Val - MRR: 0.4740, MR: 4659.27, H@1: 0.440, H@3: 0.490, H@10: 0.539 | 
[2026-03-26 08:12:07,444][root][INFO] - Epoch: 316 | Loss: 0.0004 | Val - MRR: 0.4740, MR: 4762.19, H@1: 0.440, H@3: 0.487, H@10: 0.537 | 
[2026-03-26 08:13:17,130][root][INFO] - Epoch: 317 | Loss: 0.0004 | Val - MRR: 0.4752, MR: 4782.39, H@1: 0.441, H@3: 0.490, H@10: 0.540 | 
[2026-03-26 08:14:28,345][root][INFO] - Epoch: 318 | Loss: 0.0004 | Val - MRR: 0.4737, MR: 4762.63, H@1: 0.439, H@3: 0.491, H@10: 0.537 | 
[2026-03-26 08:15:39,630][root][INFO] - Epoch: 319 | Loss: 0.0004 | Val - MRR: 0.4727, MR: 4786.40, H@1: 0.438, H@3: 0.490, H@10: 0.536 | 
[2026-03-26 08:16:49,930][root][INFO] - Epoch: 320 | Loss: 0.0004 | Val - MRR: 0.4718, MR: 4793.43, H@1: 0.435, H@3: 0.489, H@10: 0.540 | 
[2026-03-26 08:18:00,305][root][INFO] - Epoch: 321 | Loss: 0.0004 | Val - MRR: 0.4735, MR: 4709.72, H@1: 0.439, H@3: 0.488, H@10: 0.536 | 
[2026-03-26 08:19:11,151][root][INFO] - Epoch: 322 | Loss: 0.0004 | Val - MRR: 0.4731, MR: 4735.00, H@1: 0.439, H@3: 0.487, H@10: 0.536 | 
[2026-03-26 08:20:20,996][root][INFO] - Epoch: 323 | Loss: 0.0004 | Val - MRR: 0.4739, MR: 4732.99, H@1: 0.439, H@3: 0.488, H@10: 0.540 | 
[2026-03-26 08:21:31,379][root][INFO] - Epoch: 324 | Loss: 0.0004 | Val - MRR: 0.4734, MR: 4794.89, H@1: 0.439, H@3: 0.488, H@10: 0.538 | 
[2026-03-26 08:22:41,040][root][INFO] - Epoch: 325 | Loss: 0.0004 | Val - MRR: 0.4741, MR: 4813.71, H@1: 0.441, H@3: 0.488, H@10: 0.536 | 
[2026-03-26 08:23:53,019][root][INFO] - Epoch: 326 | Loss: 0.0004 | Val - MRR: 0.4735, MR: 4933.56, H@1: 0.440, H@3: 0.489, H@10: 0.538 | 
[2026-03-26 08:25:04,350][root][INFO] - Epoch: 327 | Loss: 0.0004 | Val - MRR: 0.4749, MR: 4886.83, H@1: 0.442, H@3: 0.488, H@10: 0.540 | 
[2026-03-26 08:26:14,472][root][INFO] - Epoch: 328 | Loss: 0.0004 | Val - MRR: 0.4730, MR: 4839.61, H@1: 0.439, H@3: 0.488, H@10: 0.537 | 
[2026-03-26 08:27:23,899][root][INFO] - Epoch: 329 | Loss: 0.0004 | Val - MRR: 0.4727, MR: 4825.44, H@1: 0.439, H@3: 0.486, H@10: 0.537 | 
[2026-03-26 08:28:35,349][root][INFO] - Epoch: 330 | Loss: 0.0004 | Val - MRR: 0.4738, MR: 4821.60, H@1: 0.441, H@3: 0.487, H@10: 0.537 | 
[2026-03-26 08:29:46,009][root][INFO] - Epoch: 331 | Loss: 0.0004 | Val - MRR: 0.4726, MR: 4859.78, H@1: 0.439, H@3: 0.488, H@10: 0.538 | 
[2026-03-26 08:30:56,387][root][INFO] - Epoch: 332 | Loss: 0.0004 | Val - MRR: 0.4725, MR: 4845.87, H@1: 0.438, H@3: 0.489, H@10: 0.537 | 
[2026-03-26 08:32:06,582][root][INFO] - Epoch: 333 | Loss: 0.0004 | Val - MRR: 0.4729, MR: 4826.84, H@1: 0.438, H@3: 0.488, H@10: 0.542 | 
[2026-03-26 08:33:17,118][root][INFO] - Epoch: 334 | Loss: 0.0004 | Val - MRR: 0.4726, MR: 4830.47, H@1: 0.439, H@3: 0.487, H@10: 0.537 | 
[2026-03-26 08:34:29,288][root][INFO] - Epoch: 335 | Loss: 0.0004 | Val - MRR: 0.4751, MR: 4827.04, H@1: 0.441, H@3: 0.490, H@10: 0.539 | 
[2026-03-26 08:35:40,005][root][INFO] - Epoch: 336 | Loss: 0.0004 | Val - MRR: 0.4746, MR: 4762.24, H@1: 0.439, H@3: 0.490, H@10: 0.543 | 
[2026-03-26 08:36:59,301][root][INFO] - Epoch: 337 | Loss: 0.0004 | Val - MRR: 0.4738, MR: 4814.19, H@1: 0.440, H@3: 0.490, H@10: 0.539 | Test - MRR: 0.4715 | *
[2026-03-26 08:38:17,280][root][INFO] - Epoch: 338 | Loss: 0.0004 | Val - MRR: 0.4750, MR: 4839.51, H@1: 0.441, H@3: 0.490, H@10: 0.543 | Test - MRR: 0.4711 | *
[2026-03-26 08:39:35,680][root][INFO] - Epoch: 339 | Loss: 0.0004 | Val - MRR: 0.4748, MR: 4788.95, H@1: 0.441, H@3: 0.489, H@10: 0.538 | Test - MRR: 0.4720 | *
[2026-03-26 08:40:54,057][root][INFO] - Epoch: 340 | Loss: 0.0004 | Val - MRR: 0.4759, MR: 4826.64, H@1: 0.442, H@3: 0.490, H@10: 0.540 | Test - MRR: 0.4694 | *
[2026-03-26 08:42:04,761][root][INFO] - Epoch: 341 | Loss: 0.0004 | Val - MRR: 0.4738, MR: 4811.38, H@1: 0.439, H@3: 0.490, H@10: 0.539 | 
[2026-03-26 08:43:15,993][root][INFO] - Epoch: 342 | Loss: 0.0004 | Val - MRR: 0.4745, MR: 4855.49, H@1: 0.441, H@3: 0.490, H@10: 0.538 | 
[2026-03-26 08:44:27,580][root][INFO] - Epoch: 343 | Loss: 0.0004 | Val - MRR: 0.4753, MR: 4793.70, H@1: 0.441, H@3: 0.490, H@10: 0.541 | 
[2026-03-26 08:45:45,856][root][INFO] - Epoch: 344 | Loss: 0.0004 | Val - MRR: 0.4761, MR: 4838.64, H@1: 0.443, H@3: 0.491, H@10: 0.539 | Test - MRR: 0.4708 | *
[2026-03-26 08:46:56,299][root][INFO] - Epoch: 345 | Loss: 0.0004 | Val - MRR: 0.4738, MR: 4894.46, H@1: 0.440, H@3: 0.490, H@10: 0.538 | 
[2026-03-26 08:48:06,867][root][INFO] - Epoch: 346 | Loss: 0.0004 | Val - MRR: 0.4736, MR: 4845.35, H@1: 0.439, H@3: 0.490, H@10: 0.542 | 
[2026-03-26 08:49:17,164][root][INFO] - Epoch: 347 | Loss: 0.0004 | Val - MRR: 0.4713, MR: 5002.09, H@1: 0.438, H@3: 0.486, H@10: 0.536 | 
[2026-03-26 08:50:27,459][root][INFO] - Epoch: 348 | Loss: 0.0004 | Val - MRR: 0.4736, MR: 4838.22, H@1: 0.440, H@3: 0.489, H@10: 0.538 | 
[2026-03-26 08:51:38,479][root][INFO] - Epoch: 349 | Loss: 0.0004 | Val - MRR: 0.4736, MR: 4871.33, H@1: 0.441, H@3: 0.490, H@10: 0.538 | 
[2026-03-26 08:52:49,892][root][INFO] - Epoch: 350 | Loss: 0.0004 | Val - MRR: 0.4728, MR: 4952.66, H@1: 0.440, H@3: 0.489, H@10: 0.534 | 
[2026-03-26 08:54:01,284][root][INFO] - Epoch: 351 | Loss: 0.0004 | Val - MRR: 0.4756, MR: 4858.37, H@1: 0.443, H@3: 0.490, H@10: 0.538 | 
[2026-03-26 08:55:12,464][root][INFO] - Epoch: 352 | Loss: 0.0004 | Val - MRR: 0.4739, MR: 4947.03, H@1: 0.441, H@3: 0.488, H@10: 0.540 | 
[2026-03-26 08:56:24,150][root][INFO] - Epoch: 353 | Loss: 0.0004 | Val - MRR: 0.4748, MR: 4918.52, H@1: 0.442, H@3: 0.489, H@10: 0.536 | 
[2026-03-26 08:57:35,744][root][INFO] - Epoch: 354 | Loss: 0.0004 | Val - MRR: 0.4731, MR: 4889.88, H@1: 0.438, H@3: 0.488, H@10: 0.534 | 
[2026-03-26 08:58:45,934][root][INFO] - Epoch: 355 | Loss: 0.0004 | Val - MRR: 0.4738, MR: 4934.50, H@1: 0.441, H@3: 0.489, H@10: 0.537 | 
[2026-03-26 08:59:56,590][root][INFO] - Epoch: 356 | Loss: 0.0004 | Val - MRR: 0.4747, MR: 4891.71, H@1: 0.442, H@3: 0.486, H@10: 0.540 | 
[2026-03-26 09:01:06,844][root][INFO] - Epoch: 357 | Loss: 0.0004 | Val - MRR: 0.4720, MR: 5007.56, H@1: 0.438, H@3: 0.488, H@10: 0.534 | 
[2026-03-26 09:02:18,026][root][INFO] - Epoch: 358 | Loss: 0.0004 | Val - MRR: 0.4755, MR: 4858.51, H@1: 0.442, H@3: 0.490, H@10: 0.538 | 
[2026-03-26 09:03:28,294][root][INFO] - Epoch: 359 | Loss: 0.0004 | Val - MRR: 0.4753, MR: 4813.92, H@1: 0.441, H@3: 0.491, H@10: 0.540 | 
[2026-03-26 09:04:38,851][root][INFO] - Epoch: 360 | Loss: 0.0004 | Val - MRR: 0.4740, MR: 4863.32, H@1: 0.440, H@3: 0.489, H@10: 0.537 | 
[2026-03-26 09:05:48,991][root][INFO] - Epoch: 361 | Loss: 0.0004 | Val - MRR: 0.4752, MR: 4906.30, H@1: 0.443, H@3: 0.491, H@10: 0.539 | 
[2026-03-26 09:07:00,150][root][INFO] - Epoch: 362 | Loss: 0.0004 | Val - MRR: 0.4754, MR: 4963.76, H@1: 0.443, H@3: 0.491, H@10: 0.538 | 
[2026-03-26 09:08:12,589][root][INFO] - Epoch: 363 | Loss: 0.0004 | Val - MRR: 0.4754, MR: 4964.41, H@1: 0.444, H@3: 0.491, H@10: 0.535 | 
[2026-03-26 09:09:23,898][root][INFO] - Epoch: 364 | Loss: 0.0004 | Val - MRR: 0.4760, MR: 4940.54, H@1: 0.443, H@3: 0.492, H@10: 0.540 | 
[2026-03-26 09:10:34,867][root][INFO] - Epoch: 365 | Loss: 0.0004 | Val - MRR: 0.4756, MR: 4939.07, H@1: 0.442, H@3: 0.491, H@10: 0.540 | 
[2026-03-26 09:11:45,316][root][INFO] - Epoch: 366 | Loss: 0.0004 | Val - MRR: 0.4719, MR: 4900.80, H@1: 0.437, H@3: 0.488, H@10: 0.541 | 
[2026-03-26 09:13:03,998][root][INFO] - Epoch: 367 | Loss: 0.0004 | Val - MRR: 0.4774, MR: 4814.53, H@1: 0.444, H@3: 0.493, H@10: 0.541 | Test - MRR: 0.4724 | *
[2026-03-26 09:14:14,670][root][INFO] - Epoch: 368 | Loss: 0.0004 | Val - MRR: 0.4742, MR: 4863.50, H@1: 0.441, H@3: 0.488, H@10: 0.536 | 
[2026-03-26 09:15:26,486][root][INFO] - Epoch: 369 | Loss: 0.0004 | Val - MRR: 0.4759, MR: 4857.63, H@1: 0.444, H@3: 0.489, H@10: 0.539 | 
[2026-03-26 09:16:37,256][root][INFO] - Epoch: 370 | Loss: 0.0004 | Val - MRR: 0.4748, MR: 4892.93, H@1: 0.442, H@3: 0.490, H@10: 0.539 | 
[2026-03-26 09:17:47,806][root][INFO] - Epoch: 371 | Loss: 0.0004 | Val - MRR: 0.4760, MR: 4885.00, H@1: 0.444, H@3: 0.489, H@10: 0.538 | 
[2026-03-26 09:18:58,806][root][INFO] - Epoch: 372 | Loss: 0.0004 | Val - MRR: 0.4741, MR: 4896.22, H@1: 0.440, H@3: 0.489, H@10: 0.539 | 
[2026-03-26 09:20:17,230][root][INFO] - Epoch: 373 | Loss: 0.0004 | Val - MRR: 0.4759, MR: 4827.75, H@1: 0.442, H@3: 0.489, H@10: 0.539 | Test - MRR: 0.4734 | *
[2026-03-26 09:21:34,566][root][INFO] - Epoch: 374 | Loss: 0.0004 | Val - MRR: 0.4766, MR: 4883.58, H@1: 0.444, H@3: 0.489, H@10: 0.538 | Test - MRR: 0.4716 | *
[2026-03-26 09:22:46,187][root][INFO] - Epoch: 375 | Loss: 0.0004 | Val - MRR: 0.4728, MR: 5078.54, H@1: 0.440, H@3: 0.487, H@10: 0.536 | 
[2026-03-26 09:23:56,518][root][INFO] - Epoch: 376 | Loss: 0.0004 | Val - MRR: 0.4733, MR: 4895.84, H@1: 0.439, H@3: 0.489, H@10: 0.538 | 
[2026-03-26 09:25:07,522][root][INFO] - Epoch: 377 | Loss: 0.0004 | Val - MRR: 0.4740, MR: 4968.05, H@1: 0.441, H@3: 0.489, H@10: 0.536 | 
[2026-03-26 09:26:17,836][root][INFO] - Epoch: 378 | Loss: 0.0004 | Val - MRR: 0.4708, MR: 4981.89, H@1: 0.437, H@3: 0.486, H@10: 0.534 | 
[2026-03-26 09:27:28,166][root][INFO] - Epoch: 379 | Loss: 0.0004 | Val - MRR: 0.4722, MR: 4916.34, H@1: 0.439, H@3: 0.487, H@10: 0.535 | 
[2026-03-26 09:28:40,400][root][INFO] - Epoch: 380 | Loss: 0.0004 | Val - MRR: 0.4731, MR: 4964.96, H@1: 0.440, H@3: 0.490, H@10: 0.535 | 
[2026-03-26 09:29:51,657][root][INFO] - Epoch: 381 | Loss: 0.0004 | Val - MRR: 0.4731, MR: 4910.05, H@1: 0.439, H@3: 0.489, H@10: 0.538 | 
[2026-03-26 09:31:01,969][root][INFO] - Epoch: 382 | Loss: 0.0004 | Val - MRR: 0.4742, MR: 4910.26, H@1: 0.441, H@3: 0.488, H@10: 0.539 | 
[2026-03-26 09:32:12,913][root][INFO] - Epoch: 383 | Loss: 0.0004 | Val - MRR: 0.4736, MR: 5003.77, H@1: 0.441, H@3: 0.488, H@10: 0.534 | 
[2026-03-26 09:33:23,136][root][INFO] - Epoch: 384 | Loss: 0.0004 | Val - MRR: 0.4709, MR: 4971.46, H@1: 0.436, H@3: 0.488, H@10: 0.536 | 
[2026-03-26 09:34:33,742][root][INFO] - Epoch: 385 | Loss: 0.0004 | Val - MRR: 0.4731, MR: 4960.33, H@1: 0.440, H@3: 0.489, H@10: 0.539 | 
[2026-03-26 09:35:45,228][root][INFO] - Epoch: 386 | Loss: 0.0004 | Val - MRR: 0.4723, MR: 5000.22, H@1: 0.438, H@3: 0.488, H@10: 0.538 | 
[2026-03-26 09:36:55,022][root][INFO] - Epoch: 387 | Loss: 0.0004 | Val - MRR: 0.4742, MR: 4935.07, H@1: 0.441, H@3: 0.489, H@10: 0.537 | 
[2026-03-26 09:38:05,934][root][INFO] - Epoch: 388 | Loss: 0.0004 | Val - MRR: 0.4739, MR: 4964.17, H@1: 0.441, H@3: 0.489, H@10: 0.536 | 
[2026-03-26 09:39:16,806][root][INFO] - Epoch: 389 | Loss: 0.0004 | Val - MRR: 0.4742, MR: 5002.11, H@1: 0.441, H@3: 0.489, H@10: 0.537 | 
[2026-03-26 09:40:28,458][root][INFO] - Epoch: 390 | Loss: 0.0004 | Val - MRR: 0.4732, MR: 5015.73, H@1: 0.440, H@3: 0.489, H@10: 0.536 | 
[2026-03-26 09:41:38,164][root][INFO] - Epoch: 391 | Loss: 0.0004 | Val - MRR: 0.4728, MR: 5065.66, H@1: 0.441, H@3: 0.486, H@10: 0.536 | 
[2026-03-26 09:42:49,233][root][INFO] - Epoch: 392 | Loss: 0.0004 | Val - MRR: 0.4736, MR: 4954.27, H@1: 0.439, H@3: 0.490, H@10: 0.538 | 
[2026-03-26 09:43:59,316][root][INFO] - Epoch: 393 | Loss: 0.0004 | Val - MRR: 0.4741, MR: 4936.86, H@1: 0.441, H@3: 0.490, H@10: 0.537 | 
[2026-03-26 09:45:09,594][root][INFO] - Epoch: 394 | Loss: 0.0004 | Val - MRR: 0.4738, MR: 5005.94, H@1: 0.441, H@3: 0.488, H@10: 0.534 | 
[2026-03-26 09:46:21,191][root][INFO] - Epoch: 395 | Loss: 0.0004 | Val - MRR: 0.4733, MR: 5048.29, H@1: 0.441, H@3: 0.487, H@10: 0.533 | 
[2026-03-26 09:47:31,322][root][INFO] - Epoch: 396 | Loss: 0.0004 | Val - MRR: 0.4738, MR: 5029.23, H@1: 0.441, H@3: 0.490, H@10: 0.536 | 
[2026-03-26 09:48:42,601][root][INFO] - Epoch: 397 | Loss: 0.0004 | Val - MRR: 0.4739, MR: 4988.58, H@1: 0.441, H@3: 0.488, H@10: 0.537 | 
[2026-03-26 09:49:52,339][root][INFO] - Epoch: 398 | Loss: 0.0004 | Val - MRR: 0.4724, MR: 5063.68, H@1: 0.439, H@3: 0.488, H@10: 0.537 | 
[2026-03-26 09:51:04,334][root][INFO] - Epoch: 399 | Loss: 0.0004 | Val - MRR: 0.4763, MR: 4954.71, H@1: 0.444, H@3: 0.489, H@10: 0.541 | 
[2026-03-26 09:52:14,953][root][INFO] - Epoch: 400 | Loss: 0.0004 | Val - MRR: 0.4744, MR: 5090.34, H@1: 0.442, H@3: 0.487, H@10: 0.536 | 
[2026-03-26 09:53:26,124][root][INFO] - Epoch: 401 | Loss: 0.0004 | Val - MRR: 0.4739, MR: 5090.21, H@1: 0.442, H@3: 0.487, H@10: 0.537 | 
[2026-03-26 09:54:37,516][root][INFO] - Epoch: 402 | Loss: 0.0004 | Val - MRR: 0.4741, MR: 5017.58, H@1: 0.442, H@3: 0.488, H@10: 0.537 | 
[2026-03-26 09:55:47,665][root][INFO] - Epoch: 403 | Loss: 0.0004 | Val - MRR: 0.4707, MR: 5050.72, H@1: 0.438, H@3: 0.485, H@10: 0.535 | 
[2026-03-26 09:56:59,549][root][INFO] - Epoch: 404 | Loss: 0.0004 | Val - MRR: 0.4737, MR: 5016.00, H@1: 0.441, H@3: 0.488, H@10: 0.538 | 
[2026-03-26 09:58:10,507][root][INFO] - Epoch: 405 | Loss: 0.0004 | Val - MRR: 0.4754, MR: 5012.67, H@1: 0.443, H@3: 0.490, H@10: 0.541 | 
[2026-03-26 09:59:21,219][root][INFO] - Epoch: 406 | Loss: 0.0004 | Val - MRR: 0.4724, MR: 4881.07, H@1: 0.439, H@3: 0.486, H@10: 0.538 | 
[2026-03-26 10:00:32,771][root][INFO] - Epoch: 407 | Loss: 0.0004 | Val - MRR: 0.4758, MR: 4959.72, H@1: 0.443, H@3: 0.491, H@10: 0.538 | 
[2026-03-26 10:01:43,494][root][INFO] - Epoch: 408 | Loss: 0.0004 | Val - MRR: 0.4760, MR: 4988.54, H@1: 0.444, H@3: 0.489, H@10: 0.540 | 
[2026-03-26 10:02:53,858][root][INFO] - Epoch: 409 | Loss: 0.0004 | Val - MRR: 0.4734, MR: 5049.46, H@1: 0.440, H@3: 0.488, H@10: 0.538 | 
[2026-03-26 10:04:04,707][root][INFO] - Epoch: 410 | Loss: 0.0004 | Val - MRR: 0.4745, MR: 5093.50, H@1: 0.442, H@3: 0.490, H@10: 0.536 | 
[2026-03-26 10:05:15,584][root][INFO] - Epoch: 411 | Loss: 0.0004 | Val - MRR: 0.4740, MR: 5025.77, H@1: 0.441, H@3: 0.490, H@10: 0.536 | 
[2026-03-26 10:06:27,105][root][INFO] - Epoch: 412 | Loss: 0.0004 | Val - MRR: 0.4738, MR: 5041.07, H@1: 0.441, H@3: 0.488, H@10: 0.533 | 
[2026-03-26 10:07:38,257][root][INFO] - Epoch: 413 | Loss: 0.0004 | Val - MRR: 0.4735, MR: 5014.50, H@1: 0.442, H@3: 0.487, H@10: 0.535 | 
[2026-03-26 10:08:49,684][root][INFO] - Epoch: 414 | Loss: 0.0004 | Val - MRR: 0.4757, MR: 4976.89, H@1: 0.444, H@3: 0.488, H@10: 0.538 | 
[2026-03-26 10:10:02,570][root][INFO] - Epoch: 415 | Loss: 0.0004 | Val - MRR: 0.4750, MR: 5005.32, H@1: 0.442, H@3: 0.491, H@10: 0.538 | 
[2026-03-26 10:11:13,528][root][INFO] - Epoch: 416 | Loss: 0.0004 | Val - MRR: 0.4749, MR: 4905.81, H@1: 0.441, H@3: 0.491, H@10: 0.538 | 
[2026-03-26 10:12:23,562][root][INFO] - Epoch: 417 | Loss: 0.0004 | Val - MRR: 0.4753, MR: 4968.33, H@1: 0.442, H@3: 0.490, H@10: 0.537 | 
[2026-03-26 10:13:40,587][root][INFO] - Epoch: 418 | Loss: 0.0004 | Val - MRR: 0.4766, MR: 4904.09, H@1: 0.443, H@3: 0.490, H@10: 0.541 | Test - MRR: 0.4723 | *
[2026-03-26 10:14:51,097][root][INFO] - Epoch: 419 | Loss: 0.0004 | Val - MRR: 0.4756, MR: 4982.43, H@1: 0.443, H@3: 0.490, H@10: 0.540 | 
[2026-03-26 10:16:01,788][root][INFO] - Epoch: 420 | Loss: 0.0004 | Val - MRR: 0.4730, MR: 5048.65, H@1: 0.441, H@3: 0.488, H@10: 0.537 | 
[2026-03-26 10:17:12,334][root][INFO] - Epoch: 421 | Loss: 0.0004 | Val - MRR: 0.4748, MR: 5034.43, H@1: 0.441, H@3: 0.489, H@10: 0.539 | 
[2026-03-26 10:18:23,098][root][INFO] - Epoch: 422 | Loss: 0.0004 | Val - MRR: 0.4745, MR: 5038.78, H@1: 0.442, H@3: 0.489, H@10: 0.536 | 
[2026-03-26 10:19:33,400][root][INFO] - Epoch: 423 | Loss: 0.0004 | Val - MRR: 0.4737, MR: 5002.58, H@1: 0.441, H@3: 0.489, H@10: 0.538 | 
[2026-03-26 10:20:43,460][root][INFO] - Epoch: 424 | Loss: 0.0004 | Val - MRR: 0.4747, MR: 5016.38, H@1: 0.442, H@3: 0.490, H@10: 0.538 | 
[2026-03-26 10:21:53,837][root][INFO] - Epoch: 425 | Loss: 0.0004 | Val - MRR: 0.4736, MR: 5040.43, H@1: 0.441, H@3: 0.490, H@10: 0.535 | 
[2026-03-26 10:23:05,389][root][INFO] - Epoch: 426 | Loss: 0.0004 | Val - MRR: 0.4738, MR: 5158.99, H@1: 0.443, H@3: 0.488, H@10: 0.534 | 
[2026-03-26 10:24:16,678][root][INFO] - Epoch: 427 | Loss: 0.0004 | Val - MRR: 0.4754, MR: 5046.06, H@1: 0.442, H@3: 0.491, H@10: 0.538 | 
[2026-03-26 10:25:26,604][root][INFO] - Epoch: 428 | Loss: 0.0004 | Val - MRR: 0.4752, MR: 5038.98, H@1: 0.443, H@3: 0.490, H@10: 0.539 | 
[2026-03-26 10:26:36,987][root][INFO] - Epoch: 429 | Loss: 0.0004 | Val - MRR: 0.4743, MR: 5113.28, H@1: 0.443, H@3: 0.489, H@10: 0.536 | 
[2026-03-26 10:27:48,343][root][INFO] - Epoch: 430 | Loss: 0.0004 | Val - MRR: 0.4756, MR: 5055.67, H@1: 0.444, H@3: 0.490, H@10: 0.540 | 
[2026-03-26 10:28:59,441][root][INFO] - Epoch: 431 | Loss: 0.0004 | Val - MRR: 0.4740, MR: 5029.04, H@1: 0.441, H@3: 0.490, H@10: 0.538 | 
[2026-03-26 10:30:11,210][root][INFO] - Epoch: 432 | Loss: 0.0004 | Val - MRR: 0.4740, MR: 5033.17, H@1: 0.441, H@3: 0.492, H@10: 0.537 | 
[2026-03-26 10:31:22,993][root][INFO] - Epoch: 433 | Loss: 0.0004 | Val - MRR: 0.4743, MR: 5110.04, H@1: 0.441, H@3: 0.490, H@10: 0.539 | 
[2026-03-26 10:32:33,596][root][INFO] - Epoch: 434 | Loss: 0.0004 | Val - MRR: 0.4733, MR: 5132.83, H@1: 0.441, H@3: 0.488, H@10: 0.535 | 
[2026-03-26 10:33:44,434][root][INFO] - Epoch: 435 | Loss: 0.0004 | Val - MRR: 0.4741, MR: 5132.89, H@1: 0.443, H@3: 0.487, H@10: 0.535 | 
[2026-03-26 10:34:55,488][root][INFO] - Epoch: 436 | Loss: 0.0004 | Val - MRR: 0.4758, MR: 5037.59, H@1: 0.444, H@3: 0.490, H@10: 0.537 | 
[2026-03-26 10:36:07,370][root][INFO] - Epoch: 437 | Loss: 0.0004 | Val - MRR: 0.4752, MR: 5035.17, H@1: 0.444, H@3: 0.489, H@10: 0.536 | 
[2026-03-26 10:37:18,564][root][INFO] - Epoch: 438 | Loss: 0.0004 | Val - MRR: 0.4744, MR: 5122.74, H@1: 0.442, H@3: 0.490, H@10: 0.536 | 
[2026-03-26 10:38:29,000][root][INFO] - Epoch: 439 | Loss: 0.0004 | Val - MRR: 0.4715, MR: 5122.64, H@1: 0.441, H@3: 0.485, H@10: 0.532 | 
[2026-03-26 10:39:40,392][root][INFO] - Epoch: 440 | Loss: 0.0004 | Val - MRR: 0.4738, MR: 5026.63, H@1: 0.442, H@3: 0.487, H@10: 0.536 | 
[2026-03-26 10:40:51,770][root][INFO] - Epoch: 441 | Loss: 0.0004 | Val - MRR: 0.4742, MR: 5031.66, H@1: 0.442, H@3: 0.489, H@10: 0.536 | 
[2026-03-26 10:42:02,043][root][INFO] - Epoch: 442 | Loss: 0.0004 | Val - MRR: 0.4740, MR: 5045.54, H@1: 0.441, H@3: 0.490, H@10: 0.536 | 
[2026-03-26 10:43:12,700][root][INFO] - Epoch: 443 | Loss: 0.0004 | Val - MRR: 0.4746, MR: 5119.65, H@1: 0.443, H@3: 0.489, H@10: 0.535 | 
[2026-03-26 10:44:23,620][root][INFO] - Epoch: 444 | Loss: 0.0004 | Val - MRR: 0.4736, MR: 5057.24, H@1: 0.441, H@3: 0.489, H@10: 0.536 | 
[2026-03-26 10:45:34,591][root][INFO] - Epoch: 445 | Loss: 0.0004 | Val - MRR: 0.4755, MR: 5032.25, H@1: 0.443, H@3: 0.489, H@10: 0.538 | 
[2026-03-26 10:46:52,005][root][INFO] - Epoch: 446 | Loss: 0.0004 | Val - MRR: 0.4768, MR: 5034.49, H@1: 0.445, H@3: 0.491, H@10: 0.536 | Test - MRR: 0.4723 | *
[2026-03-26 10:48:03,227][root][INFO] - Epoch: 447 | Loss: 0.0004 | Val - MRR: 0.4737, MR: 5072.14, H@1: 0.440, H@3: 0.491, H@10: 0.537 | 
[2026-03-26 10:49:14,310][root][INFO] - Epoch: 448 | Loss: 0.0004 | Val - MRR: 0.4756, MR: 5058.93, H@1: 0.444, H@3: 0.490, H@10: 0.540 | 
[2026-03-26 10:50:25,231][root][INFO] - Epoch: 449 | Loss: 0.0004 | Val - MRR: 0.4752, MR: 5085.28, H@1: 0.442, H@3: 0.492, H@10: 0.538 | 
[2026-03-26 10:51:35,180][root][INFO] - Epoch: 450 | Loss: 0.0004 | Val - MRR: 0.4756, MR: 5085.69, H@1: 0.444, H@3: 0.490, H@10: 0.537 | 
[2026-03-26 10:52:45,498][root][INFO] - Epoch: 451 | Loss: 0.0004 | Val - MRR: 0.4762, MR: 5151.62, H@1: 0.446, H@3: 0.489, H@10: 0.537 | 
[2026-03-26 10:53:56,739][root][INFO] - Epoch: 452 | Loss: 0.0004 | Val - MRR: 0.4767, MR: 5047.03, H@1: 0.445, H@3: 0.491, H@10: 0.540 | 
[2026-03-26 10:55:08,046][root][INFO] - Epoch: 453 | Loss: 0.0004 | Val - MRR: 0.4758, MR: 5046.37, H@1: 0.443, H@3: 0.490, H@10: 0.541 | 
[2026-03-26 10:56:18,376][root][INFO] - Epoch: 454 | Loss: 0.0004 | Val - MRR: 0.4753, MR: 5021.49, H@1: 0.443, H@3: 0.489, H@10: 0.537 | 
[2026-03-26 10:57:28,428][root][INFO] - Epoch: 455 | Loss: 0.0004 | Val - MRR: 0.4747, MR: 5093.92, H@1: 0.443, H@3: 0.489, H@10: 0.536 | 
[2026-03-26 10:58:40,370][root][INFO] - Epoch: 456 | Loss: 0.0004 | Val - MRR: 0.4731, MR: 5180.01, H@1: 0.441, H@3: 0.488, H@10: 0.534 | 
[2026-03-26 10:59:50,088][root][INFO] - Epoch: 457 | Loss: 0.0004 | Val - MRR: 0.4750, MR: 5056.06, H@1: 0.442, H@3: 0.489, H@10: 0.536 | 
[2026-03-26 11:01:01,522][root][INFO] - Epoch: 458 | Loss: 0.0004 | Val - MRR: 0.4733, MR: 5060.79, H@1: 0.440, H@3: 0.488, H@10: 0.538 | 
[2026-03-26 11:02:12,446][root][INFO] - Epoch: 459 | Loss: 0.0004 | Val - MRR: 0.4754, MR: 5083.54, H@1: 0.443, H@3: 0.490, H@10: 0.538 | 
[2026-03-26 11:03:22,335][root][INFO] - Epoch: 460 | Loss: 0.0004 | Val - MRR: 0.4763, MR: 5014.94, H@1: 0.444, H@3: 0.490, H@10: 0.542 | 
[2026-03-26 11:04:39,539][root][INFO] - Epoch: 461 | Loss: 0.0004 | Val - MRR: 0.4772, MR: 5032.69, H@1: 0.444, H@3: 0.491, H@10: 0.540 | Test - MRR: 0.4731 | *
[2026-03-26 11:05:49,510][root][INFO] - Epoch: 462 | Loss: 0.0004 | Val - MRR: 0.4755, MR: 5088.70, H@1: 0.444, H@3: 0.488, H@10: 0.537 | 
[2026-03-26 11:07:01,768][root][INFO] - Epoch: 463 | Loss: 0.0004 | Val - MRR: 0.4765, MR: 5093.08, H@1: 0.444, H@3: 0.491, H@10: 0.538 | 
[2026-03-26 11:08:12,938][root][INFO] - Epoch: 464 | Loss: 0.0004 | Val - MRR: 0.4759, MR: 5035.62, H@1: 0.443, H@3: 0.492, H@10: 0.539 | 
[2026-03-26 11:09:23,356][root][INFO] - Epoch: 465 | Loss: 0.0004 | Val - MRR: 0.4741, MR: 5119.29, H@1: 0.441, H@3: 0.491, H@10: 0.536 | 
[2026-03-26 11:10:34,942][root][INFO] - Epoch: 466 | Loss: 0.0004 | Val - MRR: 0.4752, MR: 5007.26, H@1: 0.442, H@3: 0.491, H@10: 0.537 | 
[2026-03-26 11:11:46,221][root][INFO] - Epoch: 467 | Loss: 0.0004 | Val - MRR: 0.4733, MR: 5108.99, H@1: 0.440, H@3: 0.488, H@10: 0.534 | 
[2026-03-26 11:12:56,762][root][INFO] - Epoch: 468 | Loss: 0.0004 | Val - MRR: 0.4739, MR: 5182.69, H@1: 0.442, H@3: 0.488, H@10: 0.537 | 
[2026-03-26 11:14:07,215][root][INFO] - Epoch: 469 | Loss: 0.0004 | Val - MRR: 0.4754, MR: 5068.58, H@1: 0.443, H@3: 0.490, H@10: 0.538 | 
[2026-03-26 11:15:18,457][root][INFO] - Epoch: 470 | Loss: 0.0004 | Val - MRR: 0.4729, MR: 5110.97, H@1: 0.440, H@3: 0.488, H@10: 0.536 | 
[2026-03-26 11:16:29,221][root][INFO] - Epoch: 471 | Loss: 0.0004 | Val - MRR: 0.4746, MR: 5046.84, H@1: 0.443, H@3: 0.489, H@10: 0.536 | 
[2026-03-26 11:17:40,625][root][INFO] - Epoch: 472 | Loss: 0.0004 | Val - MRR: 0.4752, MR: 5036.57, H@1: 0.442, H@3: 0.489, H@10: 0.539 | 
[2026-03-26 11:18:50,305][root][INFO] - Epoch: 473 | Loss: 0.0004 | Val - MRR: 0.4742, MR: 5091.63, H@1: 0.442, H@3: 0.487, H@10: 0.539 | 
[2026-03-26 11:20:00,887][root][INFO] - Epoch: 474 | Loss: 0.0004 | Val - MRR: 0.4728, MR: 5108.68, H@1: 0.440, H@3: 0.487, H@10: 0.538 | 
[2026-03-26 11:21:11,705][root][INFO] - Epoch: 475 | Loss: 0.0004 | Val - MRR: 0.4747, MR: 5142.21, H@1: 0.443, H@3: 0.488, H@10: 0.538 | 
[2026-03-26 11:22:22,540][root][INFO] - Epoch: 476 | Loss: 0.0004 | Val - MRR: 0.4751, MR: 5145.68, H@1: 0.443, H@3: 0.489, H@10: 0.537 | 
[2026-03-26 11:23:33,447][root][INFO] - Epoch: 477 | Loss: 0.0004 | Val - MRR: 0.4752, MR: 5081.44, H@1: 0.441, H@3: 0.489, H@10: 0.539 | 
[2026-03-26 11:24:44,125][root][INFO] - Epoch: 478 | Loss: 0.0004 | Val - MRR: 0.4744, MR: 5118.66, H@1: 0.441, H@3: 0.489, H@10: 0.538 | 
[2026-03-26 11:25:54,779][root][INFO] - Epoch: 479 | Loss: 0.0004 | Val - MRR: 0.4759, MR: 5093.76, H@1: 0.444, H@3: 0.491, H@10: 0.537 | 
[2026-03-26 11:27:06,076][root][INFO] - Epoch: 480 | Loss: 0.0004 | Val - MRR: 0.4734, MR: 5115.43, H@1: 0.440, H@3: 0.489, H@10: 0.538 | 
[2026-03-26 11:28:17,381][root][INFO] - Epoch: 481 | Loss: 0.0004 | Val - MRR: 0.4744, MR: 5094.07, H@1: 0.441, H@3: 0.489, H@10: 0.539 | 
[2026-03-26 11:29:28,730][root][INFO] - Epoch: 482 | Loss: 0.0004 | Val - MRR: 0.4741, MR: 5085.45, H@1: 0.441, H@3: 0.488, H@10: 0.539 | 
[2026-03-26 11:30:39,363][root][INFO] - Epoch: 483 | Loss: 0.0004 | Val - MRR: 0.4741, MR: 5086.48, H@1: 0.441, H@3: 0.489, H@10: 0.537 | 
[2026-03-26 11:31:49,539][root][INFO] - Epoch: 484 | Loss: 0.0004 | Val - MRR: 0.4741, MR: 5102.08, H@1: 0.442, H@3: 0.490, H@10: 0.536 | 
[2026-03-26 11:33:00,065][root][INFO] - Epoch: 485 | Loss: 0.0004 | Val - MRR: 0.4747, MR: 5122.04, H@1: 0.441, H@3: 0.492, H@10: 0.537 | 
[2026-03-26 11:34:10,698][root][INFO] - Epoch: 486 | Loss: 0.0004 | Val - MRR: 0.4749, MR: 5066.13, H@1: 0.442, H@3: 0.490, H@10: 0.537 | 
[2026-03-26 11:35:22,165][root][INFO] - Epoch: 487 | Loss: 0.0004 | Val - MRR: 0.4746, MR: 5104.80, H@1: 0.443, H@3: 0.488, H@10: 0.537 | 
[2026-03-26 11:36:33,474][root][INFO] - Epoch: 488 | Loss: 0.0004 | Val - MRR: 0.4763, MR: 5100.91, H@1: 0.444, H@3: 0.492, H@10: 0.537 | 
[2026-03-26 11:37:44,317][root][INFO] - Epoch: 489 | Loss: 0.0004 | Val - MRR: 0.4749, MR: 5064.58, H@1: 0.441, H@3: 0.493, H@10: 0.538 | 
[2026-03-26 11:38:55,058][root][INFO] - Epoch: 490 | Loss: 0.0004 | Val - MRR: 0.4753, MR: 5134.79, H@1: 0.442, H@3: 0.490, H@10: 0.538 | 
[2026-03-26 11:40:05,034][root][INFO] - Epoch: 491 | Loss: 0.0004 | Val - MRR: 0.4757, MR: 5094.15, H@1: 0.444, H@3: 0.491, H@10: 0.537 | 
[2026-03-26 11:41:16,540][root][INFO] - Epoch: 492 | Loss: 0.0004 | Val - MRR: 0.4757, MR: 5102.28, H@1: 0.442, H@3: 0.492, H@10: 0.538 | 
[2026-03-26 11:42:26,699][root][INFO] - Epoch: 493 | Loss: 0.0004 | Val - MRR: 0.4751, MR: 5060.77, H@1: 0.441, H@3: 0.492, H@10: 0.539 | 
[2026-03-26 11:43:38,155][root][INFO] - Epoch: 494 | Loss: 0.0004 | Val - MRR: 0.4747, MR: 5116.07, H@1: 0.442, H@3: 0.490, H@10: 0.540 | 
[2026-03-26 11:44:48,495][root][INFO] - Epoch: 495 | Loss: 0.0004 | Val - MRR: 0.4739, MR: 5189.74, H@1: 0.441, H@3: 0.491, H@10: 0.536 | 
[2026-03-26 11:45:59,545][root][INFO] - Epoch: 496 | Loss: 0.0004 | Val - MRR: 0.4725, MR: 5200.41, H@1: 0.440, H@3: 0.486, H@10: 0.535 | 
[2026-03-26 11:47:09,766][root][INFO] - Epoch: 497 | Loss: 0.0004 | Val - MRR: 0.4752, MR: 5129.49, H@1: 0.443, H@3: 0.489, H@10: 0.537 | 
[2026-03-26 11:48:21,145][root][INFO] - Epoch: 498 | Loss: 0.0004 | Val - MRR: 0.4767, MR: 5147.92, H@1: 0.445, H@3: 0.491, H@10: 0.537 | 
[2026-03-26 11:49:31,784][root][INFO] - Epoch: 499 | Loss: 0.0004 | Val - MRR: 0.4760, MR: 5122.60, H@1: 0.444, H@3: 0.490, H@10: 0.537 | 
[2026-03-26 11:50:43,777][root][INFO] - Epoch: 500 | Loss: 0.0004 | Val - MRR: 0.4759, MR: 5145.20, H@1: 0.443, H@3: 0.492, H@10: 0.538 | 
[2026-03-26 11:51:54,646][root][INFO] - Epoch: 501 | Loss: 0.0004 | Val - MRR: 0.4747, MR: 5232.95, H@1: 0.443, H@3: 0.489, H@10: 0.534 | 
[2026-03-26 11:53:06,500][root][INFO] - Epoch: 502 | Loss: 0.0004 | Val - MRR: 0.4769, MR: 5133.92, H@1: 0.445, H@3: 0.492, H@10: 0.538 | 
[2026-03-26 11:54:17,505][root][INFO] - Epoch: 503 | Loss: 0.0004 | Val - MRR: 0.4735, MR: 5114.05, H@1: 0.439, H@3: 0.491, H@10: 0.537 | 
[2026-03-26 11:55:27,794][root][INFO] - Epoch: 504 | Loss: 0.0004 | Val - MRR: 0.4752, MR: 5223.16, H@1: 0.442, H@3: 0.490, H@10: 0.537 | 
[2026-03-26 11:56:38,259][root][INFO] - Epoch: 505 | Loss: 0.0004 | Val - MRR: 0.4755, MR: 5208.01, H@1: 0.443, H@3: 0.489, H@10: 0.538 | 
[2026-03-26 11:57:50,189][root][INFO] - Epoch: 506 | Loss: 0.0004 | Val - MRR: 0.4765, MR: 5211.78, H@1: 0.444, H@3: 0.492, H@10: 0.538 | 
[2026-03-26 11:59:00,477][root][INFO] - Epoch: 507 | Loss: 0.0004 | Val - MRR: 0.4747, MR: 5194.34, H@1: 0.443, H@3: 0.486, H@10: 0.537 | 
[2026-03-26 11:59:00,478][root][INFO] - Long time no improvenment, stop training...
[2026-03-26 11:59:00,478][root][INFO] - Training end...
[2026-03-26 11:59:00,578][root][INFO] - ✅ 成功加载最优模型：/home/wangwei/DSGNet-main/DSGNet/model_checkpoints/best_model_WN18RR_20260326_092009.torch
[2026-03-26 11:59:00,578][root][INFO] - 📌 最优模型来自Epoch：373，最优MRR：0.4734
[2026-03-26 11:59:00,578][root][INFO] - Train metrics ...
[2026-03-26 11:59:46,063][root][INFO] - Train (head) - MRR: 0.9821, MR:    1.33, H@1: 0.975, H@3: 0.987, H@10: 0.994
[2026-03-26 11:59:46,064][root][INFO] - Train (tail) - MRR: 0.9820, MR:    1.36, H@1: 0.975, H@3: 0.987, H@10: 0.994
[2026-03-26 11:59:46,064][root][INFO] - Train (avg) - MRR: 0.9821, MR:    1.35, H@1: 0.975, H@3: 0.987, H@10: 0.994

[2026-03-26 11:59:46,064][root][INFO] - Valid metrics ...
[2026-03-26 11:59:53,168][root][INFO] - Valid (head) - MRR: 0.4512, MR: 3751.17, H@1: 0.417, H@3: 0.464, H@10: 0.516
[2026-03-26 11:59:53,168][root][INFO] - Valid (tail) - MRR: 0.5005, MR: 5904.33, H@1: 0.467, H@3: 0.515, H@10: 0.562
[2026-03-26 11:59:53,168][root][INFO] - Valid (avg) - MRR: 0.4759, MR: 4827.75, H@1: 0.442, H@3: 0.489, H@10: 0.539

[2026-03-26 11:59:53,168][root][INFO] - Test metrics...
[2026-03-26 12:00:00,788][root][INFO] - Test (head) - MRR: 0.4405, MR: 4082.80, H@1: 0.406, H@3: 0.452, H@10: 0.514
[2026-03-26 12:00:00,788][root][INFO] - Test (tail) - MRR: 0.5062, MR: 6638.59, H@1: 0.473, H@3: 0.523, H@10: 0.566
[2026-03-26 12:00:00,788][root][INFO] - Test (avg) - MRR: 0.4734, MR: 5360.69, H@1: 0.440, H@3: 0.488, H@10: 0.540

[2026-03-26 12:00:00,788][root][INFO] - Model save path: /home/wangwei/DSGNet-main/DSGNet/data/output/WN18RR/2026-03-26/01-44-54
