[2026-04-12 22:32:18,050][root][INFO] - 
------Config------
 {'dataset': 'FB15k_237', 'epoch': 600, 'batch_size': 1024, 'learning_rate': 0.00035, 'h_dim': 480, 'pred_rel_w': False, 'label_smooth': 0.1, 'n_heads': 8, 'topk': 15, 'kg_layer': 2, 'rm_rate': 0.5, 'ent_drop': 0.3, 'rel_drop': 0.2, 'comp_op': 'mul', 'bn': False, 'k_h': 16, 'k_w': 30, 'conv_drop': 0.3, 'ent_drop_pred': 0.3, 'fc_drop': 0.5, 'ker_sz': 8, 'out_channel': 200, 'device': 0, 'max_no_improve': 35, 'cpu_worker_num': 10, 'warmup_epoch': 5}
[2026-04-12 22:32:18,051][root][INFO] - Code dir path: /home/wangwei/DSGNet-main/DSGNet/code_new
[2026-04-12 22:32:18,051][root][INFO] - Config dir path: /home/wangwei/DSGNet-main/DSGNet/config
[2026-04-12 22:32:18,051][root][INFO] - Model save path: /home/wangwei/DSGNet-main/DSGNet/data/output/FB15k_237/2026-04-12/22-32-17
[2026-04-12 22:32:21,831][root][INFO] - kg # node: 14541
[2026-04-12 22:32:21,831][root][INFO] - kg # edge: 544230
[2026-04-12 22:32:21,831][root][INFO] - kg # zero deg node: 36
[2026-04-12 22:32:21,831][root][INFO] - ---Load Train Data---
[2026-04-12 22:32:24,269][root][INFO] - -----Model Parameter Configuration-----
[2026-04-12 22:32:24,269][root][INFO] - Parameter ent_emb: torch.Size([14541, 480]), require_grad = True
[2026-04-12 22:32:24,269][root][INFO] - Parameter pred_rel_emb: torch.Size([474, 480]), require_grad = True
[2026-04-12 22:32:24,269][root][INFO] - Parameter W_fuse: torch.Size([480, 480]), require_grad = True
[2026-04-12 22:32:24,269][root][INFO] - Parameter a_fuse: torch.Size([960, 1]), require_grad = True
[2026-04-12 22:32:24,269][root][INFO] - Parameter rel_embs.0: torch.Size([474, 480]), require_grad = True
[2026-04-12 22:32:24,269][root][INFO] - Parameter rel_embs.1: torch.Size([474, 480]), require_grad = True
[2026-04-12 22:32:24,269][root][INFO] - Parameter predictor.bn0.weight: torch.Size([1]), require_grad = True
[2026-04-12 22:32:24,269][root][INFO] - Parameter predictor.bn0.bias: torch.Size([1]), require_grad = True
[2026-04-12 22:32:24,269][root][INFO] - Parameter predictor.bn1.weight: torch.Size([200]), require_grad = True
[2026-04-12 22:32:24,269][root][INFO] - Parameter predictor.bn1.bias: torch.Size([200]), require_grad = True
[2026-04-12 22:32:24,269][root][INFO] - Parameter predictor.bn2.weight: torch.Size([480]), require_grad = True
[2026-04-12 22:32:24,269][root][INFO] - Parameter predictor.bn2.bias: torch.Size([480]), require_grad = True
[2026-04-12 22:32:24,269][root][INFO] - Parameter predictor.conv.weight: torch.Size([200, 1, 8, 8]), require_grad = True
[2026-04-12 22:32:24,269][root][INFO] - Parameter predictor.fc.weight: torch.Size([480, 115000]), require_grad = True
[2026-04-12 22:32:24,269][root][INFO] - Parameter L.weight: torch.Size([480, 480]), require_grad = True
[2026-04-12 22:32:24,269][root][INFO] - Parameter L.bias: torch.Size([480]), require_grad = True
[2026-04-12 22:32:24,270][root][INFO] - Parameter S.weight: torch.Size([480, 480]), require_grad = True
[2026-04-12 22:32:24,270][root][INFO] - Parameter S.bias: torch.Size([480]), require_grad = True
[2026-04-12 22:32:24,270][root][INFO] - Parameter comp_layers.0.neigh_w: torch.Size([480, 480]), require_grad = True
[2026-04-12 22:32:24,270][root][INFO] - Parameter comp_layers.0.W.0: torch.Size([480, 60]), require_grad = True
[2026-04-12 22:32:24,270][root][INFO] - Parameter comp_layers.0.W.1: torch.Size([480, 60]), require_grad = True
[2026-04-12 22:32:24,270][root][INFO] - Parameter comp_layers.0.W.2: torch.Size([480, 60]), require_grad = True
[2026-04-12 22:32:24,270][root][INFO] - Parameter comp_layers.0.W.3: torch.Size([480, 60]), require_grad = True
[2026-04-12 22:32:24,270][root][INFO] - Parameter comp_layers.0.W.4: torch.Size([480, 60]), require_grad = True
[2026-04-12 22:32:24,270][root][INFO] - Parameter comp_layers.0.W.5: torch.Size([480, 60]), require_grad = True
[2026-04-12 22:32:24,270][root][INFO] - Parameter comp_layers.0.W.6: torch.Size([480, 60]), require_grad = True
[2026-04-12 22:32:24,270][root][INFO] - Parameter comp_layers.0.W.7: torch.Size([480, 60]), require_grad = True
[2026-04-12 22:32:24,270][root][INFO] - Parameter comp_layers.0.W_r.0: torch.Size([480, 60]), require_grad = True
[2026-04-12 22:32:24,270][root][INFO] - Parameter comp_layers.0.W_r.1: torch.Size([480, 60]), require_grad = True
[2026-04-12 22:32:24,270][root][INFO] - Parameter comp_layers.0.W_r.2: torch.Size([480, 60]), require_grad = True
[2026-04-12 22:32:24,270][root][INFO] - Parameter comp_layers.0.W_r.3: torch.Size([480, 60]), require_grad = True
[2026-04-12 22:32:24,270][root][INFO] - Parameter comp_layers.0.W_r.4: torch.Size([480, 60]), require_grad = True
[2026-04-12 22:32:24,270][root][INFO] - Parameter comp_layers.0.W_r.5: torch.Size([480, 60]), require_grad = True
[2026-04-12 22:32:24,270][root][INFO] - Parameter comp_layers.0.W_r.6: torch.Size([480, 60]), require_grad = True
[2026-04-12 22:32:24,270][root][INFO] - Parameter comp_layers.0.W_r.7: torch.Size([480, 60]), require_grad = True
[2026-04-12 22:32:24,270][root][INFO] - Parameter comp_layers.0.a.0: torch.Size([180, 1]), require_grad = True
[2026-04-12 22:32:24,270][root][INFO] - Parameter comp_layers.0.a.1: torch.Size([180, 1]), require_grad = True
[2026-04-12 22:32:24,270][root][INFO] - Parameter comp_layers.0.a.2: torch.Size([180, 1]), require_grad = True
[2026-04-12 22:32:24,270][root][INFO] - Parameter comp_layers.0.a.3: torch.Size([180, 1]), require_grad = True
[2026-04-12 22:32:24,270][root][INFO] - Parameter comp_layers.0.a.4: torch.Size([180, 1]), require_grad = True
[2026-04-12 22:32:24,270][root][INFO] - Parameter comp_layers.0.a.5: torch.Size([180, 1]), require_grad = True
[2026-04-12 22:32:24,271][root][INFO] - Parameter comp_layers.0.a.6: torch.Size([180, 1]), require_grad = True
[2026-04-12 22:32:24,271][root][INFO] - Parameter comp_layers.0.a.7: torch.Size([180, 1]), require_grad = True
[2026-04-12 22:32:24,271][root][INFO] - Parameter comp_layers.1.neigh_w: torch.Size([480, 480]), require_grad = True
[2026-04-12 22:32:24,271][root][INFO] - Parameter comp_layers.1.W.0: torch.Size([480, 60]), require_grad = True
[2026-04-12 22:32:24,271][root][INFO] - Parameter comp_layers.1.W.1: torch.Size([480, 60]), require_grad = True
[2026-04-12 22:32:24,271][root][INFO] - Parameter comp_layers.1.W.2: torch.Size([480, 60]), require_grad = True
[2026-04-12 22:32:24,271][root][INFO] - Parameter comp_layers.1.W.3: torch.Size([480, 60]), require_grad = True
[2026-04-12 22:32:24,271][root][INFO] - Parameter comp_layers.1.W.4: torch.Size([480, 60]), require_grad = True
[2026-04-12 22:32:24,271][root][INFO] - Parameter comp_layers.1.W.5: torch.Size([480, 60]), require_grad = True
[2026-04-12 22:32:24,271][root][INFO] - Parameter comp_layers.1.W.6: torch.Size([480, 60]), require_grad = True
[2026-04-12 22:32:24,271][root][INFO] - Parameter comp_layers.1.W.7: torch.Size([480, 60]), require_grad = True
[2026-04-12 22:32:24,271][root][INFO] - Parameter comp_layers.1.W_r.0: torch.Size([480, 60]), require_grad = True
[2026-04-12 22:32:24,271][root][INFO] - Parameter comp_layers.1.W_r.1: torch.Size([480, 60]), require_grad = True
[2026-04-12 22:32:24,271][root][INFO] - Parameter comp_layers.1.W_r.2: torch.Size([480, 60]), require_grad = True
[2026-04-12 22:32:24,271][root][INFO] - Parameter comp_layers.1.W_r.3: torch.Size([480, 60]), require_grad = True
[2026-04-12 22:32:24,271][root][INFO] - Parameter comp_layers.1.W_r.4: torch.Size([480, 60]), require_grad = True
[2026-04-12 22:32:24,271][root][INFO] - Parameter comp_layers.1.W_r.5: torch.Size([480, 60]), require_grad = True
[2026-04-12 22:32:24,271][root][INFO] - Parameter comp_layers.1.W_r.6: torch.Size([480, 60]), require_grad = True
[2026-04-12 22:32:24,271][root][INFO] - Parameter comp_layers.1.W_r.7: torch.Size([480, 60]), require_grad = True
[2026-04-12 22:32:24,271][root][INFO] - Parameter comp_layers.1.a.0: torch.Size([180, 1]), require_grad = True
[2026-04-12 22:32:24,271][root][INFO] - Parameter comp_layers.1.a.1: torch.Size([180, 1]), require_grad = True
[2026-04-12 22:32:24,271][root][INFO] - Parameter comp_layers.1.a.2: torch.Size([180, 1]), require_grad = True
[2026-04-12 22:32:24,271][root][INFO] - Parameter comp_layers.1.a.3: torch.Size([180, 1]), require_grad = True
[2026-04-12 22:32:24,271][root][INFO] - Parameter comp_layers.1.a.4: torch.Size([180, 1]), require_grad = True
[2026-04-12 22:32:24,271][root][INFO] - Parameter comp_layers.1.a.5: torch.Size([180, 1]), require_grad = True
[2026-04-12 22:32:24,272][root][INFO] - Parameter comp_layers.1.a.6: torch.Size([180, 1]), require_grad = True
[2026-04-12 22:32:24,272][root][INFO] - Parameter comp_layers.1.a.7: torch.Size([180, 1]), require_grad = True
[2026-04-12 22:32:25,173][root][INFO] - Training... total epoch: 600, step: 88200
[2026-04-12 22:35:08,110][root][INFO] - Epoch:   0 | Loss: 0.4587 | Val - MRR: 0.0017, MR: 6533.69, H@1: 0.000, H@3: 0.000, H@10: 0.000 | Test - MRR: 0.0062 | *
[2026-04-12 22:37:51,989][root][INFO] - Epoch:   1 | Loss: 0.0057 | Val - MRR: 0.0065, MR: 5674.74, H@1: 0.002, H@3: 0.008, H@10: 0.010 | Test - MRR: 0.0261 | *
[2026-04-12 22:40:36,513][root][INFO] - Epoch:   2 | Loss: 0.0034 | Val - MRR: 0.0370, MR: 4205.94, H@1: 0.029, H@3: 0.036, H@10: 0.042 | Test - MRR: 0.1113 | *
[2026-04-12 22:43:21,197][root][INFO] - Epoch:   3 | Loss: 0.0032 | Val - MRR: 0.0848, MR: 2949.27, H@1: 0.071, H@3: 0.087, H@10: 0.100 | Test - MRR: 0.2254 | *
[2026-04-12 22:46:11,344][root][INFO] - Epoch:   4 | Loss: 0.0032 | Val - MRR: 0.1071, MR: 2235.41, H@1: 0.083, H@3: 0.113, H@10: 0.144 | Test - MRR: 0.2458 | *
[2026-04-12 22:49:00,018][root][INFO] - Epoch:   5 | Loss: 0.0030 | Val - MRR: 0.1277, MR: 1852.80, H@1: 0.098, H@3: 0.131, H@10: 0.181 | Test - MRR: 0.2612 | *
[2026-04-12 22:51:46,299][root][INFO] - Epoch:   6 | Loss: 0.0029 | Val - MRR: 0.1561, MR: 1499.18, H@1: 0.117, H@3: 0.166, H@10: 0.227 | Test - MRR: 0.2853 | *
[2026-04-12 22:54:31,562][root][INFO] - Epoch:   7 | Loss: 0.0028 | Val - MRR: 0.1694, MR: 1267.95, H@1: 0.126, H@3: 0.182, H@10: 0.250 | Test - MRR: 0.2933 | *
[2026-04-12 22:57:17,708][root][INFO] - Epoch:   8 | Loss: 0.0028 | Val - MRR: 0.1752, MR: 1086.46, H@1: 0.128, H@3: 0.188, H@10: 0.266 | Test - MRR: 0.2975 | *
[2026-04-12 23:00:03,068][root][INFO] - Epoch:   9 | Loss: 0.0027 | Val - MRR: 0.1831, MR:  989.33, H@1: 0.134, H@3: 0.196, H@10: 0.280 | Test - MRR: 0.3050 | *
[2026-04-12 23:02:47,830][root][INFO] - Epoch:  10 | Loss: 0.0025 | Val - MRR: 0.1857, MR:  860.12, H@1: 0.134, H@3: 0.200, H@10: 0.286 | Test - MRR: 0.3073 | *
[2026-04-12 23:05:34,802][root][INFO] - Epoch:  11 | Loss: 0.0026 | Val - MRR: 0.1928, MR:  797.03, H@1: 0.140, H@3: 0.207, H@10: 0.296 | Test - MRR: 0.3146 | *
[2026-04-12 23:08:19,694][root][INFO] - Epoch:  12 | Loss: 0.0025 | Val - MRR: 0.1974, MR:  720.70, H@1: 0.143, H@3: 0.210, H@10: 0.305 | Test - MRR: 0.3200 | *
[2026-04-12 23:11:05,988][root][INFO] - Epoch:  13 | Loss: 0.0024 | Val - MRR: 0.2048, MR:  669.86, H@1: 0.149, H@3: 0.220, H@10: 0.315 | Test - MRR: 0.3261 | *
[2026-04-12 23:13:51,462][root][INFO] - Epoch:  14 | Loss: 0.0024 | Val - MRR: 0.2076, MR:  630.37, H@1: 0.151, H@3: 0.223, H@10: 0.318 | Test - MRR: 0.3282 | *
[2026-04-12 23:16:36,585][root][INFO] - Epoch:  15 | Loss: 0.0024 | Val - MRR: 0.2084, MR:  596.54, H@1: 0.151, H@3: 0.225, H@10: 0.320 | Test - MRR: 0.3306 | *
[2026-04-12 23:19:21,385][root][INFO] - Epoch:  16 | Loss: 0.0024 | Val - MRR: 0.2103, MR:  566.00, H@1: 0.152, H@3: 0.227, H@10: 0.322 | Test - MRR: 0.3322 | *
[2026-04-12 23:22:07,363][root][INFO] - Epoch:  17 | Loss: 0.0023 | Val - MRR: 0.2134, MR:  549.51, H@1: 0.154, H@3: 0.230, H@10: 0.327 | Test - MRR: 0.3349 | *
[2026-04-12 23:24:50,579][root][INFO] - Epoch:  18 | Loss: 0.0023 | Val - MRR: 0.2153, MR:  523.62, H@1: 0.156, H@3: 0.232, H@10: 0.330 | Test - MRR: 0.3349 | *
[2026-04-12 23:27:35,618][root][INFO] - Epoch:  19 | Loss: 0.0023 | Val - MRR: 0.2172, MR:  508.99, H@1: 0.157, H@3: 0.235, H@10: 0.333 | Test - MRR: 0.3374 | *
[2026-04-12 23:30:22,145][root][INFO] - Epoch:  20 | Loss: 0.0023 | Val - MRR: 0.2180, MR:  492.27, H@1: 0.157, H@3: 0.236, H@10: 0.336 | Test - MRR: 0.3379 | *
[2026-04-12 23:33:06,766][root][INFO] - Epoch:  21 | Loss: 0.0023 | Val - MRR: 0.2203, MR:  480.28, H@1: 0.159, H@3: 0.238, H@10: 0.337 | Test - MRR: 0.3388 | *
[2026-04-12 23:35:50,114][root][INFO] - Epoch:  22 | Loss: 0.0022 | Val - MRR: 0.2235, MR:  456.41, H@1: 0.162, H@3: 0.242, H@10: 0.342 | Test - MRR: 0.3399 | *
[2026-04-12 23:38:34,548][root][INFO] - Epoch:  23 | Loss: 0.0022 | Val - MRR: 0.2252, MR:  449.77, H@1: 0.164, H@3: 0.243, H@10: 0.345 | Test - MRR: 0.3409 | *
[2026-04-12 23:41:19,876][root][INFO] - Epoch:  24 | Loss: 0.0023 | Val - MRR: 0.2252, MR:  440.52, H@1: 0.162, H@3: 0.243, H@10: 0.347 | Test - MRR: 0.3416 | *
[2026-04-12 23:44:03,891][root][INFO] - Epoch:  25 | Loss: 0.0022 | Val - MRR: 0.2285, MR:  428.31, H@1: 0.165, H@3: 0.246, H@10: 0.350 | Test - MRR: 0.3428 | *
[2026-04-12 23:46:48,004][root][INFO] - Epoch:  26 | Loss: 0.0022 | Val - MRR: 0.2301, MR:  412.56, H@1: 0.166, H@3: 0.248, H@10: 0.353 | Test - MRR: 0.3447 | *
[2026-04-12 23:49:32,104][root][INFO] - Epoch:  27 | Loss: 0.0021 | Val - MRR: 0.2334, MR:  407.63, H@1: 0.170, H@3: 0.252, H@10: 0.356 | Test - MRR: 0.3450 | *
[2026-04-12 23:52:16,579][root][INFO] - Epoch:  28 | Loss: 0.0021 | Val - MRR: 0.2333, MR:  400.71, H@1: 0.169, H@3: 0.251, H@10: 0.357 | Test - MRR: 0.3461 | *
[2026-04-12 23:55:00,457][root][INFO] - Epoch:  29 | Loss: 0.0022 | Val - MRR: 0.2340, MR:  393.11, H@1: 0.169, H@3: 0.253, H@10: 0.359 | Test - MRR: 0.3466 | *
[2026-04-12 23:57:42,466][root][INFO] - Epoch:  30 | Loss: 0.0021 | Val - MRR: 0.2376, MR:  383.32, H@1: 0.172, H@3: 0.256, H@10: 0.364 | Test - MRR: 0.3486 | *
[2026-04-13 00:00:24,877][root][INFO] - Epoch:  31 | Loss: 0.0021 | Val - MRR: 0.2392, MR:  374.97, H@1: 0.173, H@3: 0.260, H@10: 0.367 | Test - MRR: 0.3488 | *
[2026-04-13 00:03:07,202][root][INFO] - Epoch:  32 | Loss: 0.0021 | Val - MRR: 0.2395, MR:  370.12, H@1: 0.173, H@3: 0.260, H@10: 0.367 | Test - MRR: 0.3477 | *
[2026-04-13 00:05:48,771][root][INFO] - Epoch:  33 | Loss: 0.0021 | Val - MRR: 0.2419, MR:  367.88, H@1: 0.174, H@3: 0.264, H@10: 0.370 | Test - MRR: 0.3489 | *
[2026-04-13 00:08:32,001][root][INFO] - Epoch:  34 | Loss: 0.0020 | Val - MRR: 0.2439, MR:  359.61, H@1: 0.176, H@3: 0.266, H@10: 0.372 | Test - MRR: 0.3491 | *
[2026-04-13 00:11:15,920][root][INFO] - Epoch:  35 | Loss: 0.0020 | Val - MRR: 0.2457, MR:  361.81, H@1: 0.178, H@3: 0.268, H@10: 0.376 | Test - MRR: 0.3502 | *
[2026-04-13 00:13:56,416][root][INFO] - Epoch:  36 | Loss: 0.0020 | Val - MRR: 0.2463, MR:  349.80, H@1: 0.179, H@3: 0.268, H@10: 0.378 | Test - MRR: 0.3520 | *
[2026-04-13 00:16:37,683][root][INFO] - Epoch:  37 | Loss: 0.0020 | Val - MRR: 0.2486, MR:  332.94, H@1: 0.180, H@3: 0.271, H@10: 0.379 | Test - MRR: 0.3523 | *
[2026-04-13 00:19:19,114][root][INFO] - Epoch:  38 | Loss: 0.0021 | Val - MRR: 0.2503, MR:  328.37, H@1: 0.181, H@3: 0.272, H@10: 0.383 | Test - MRR: 0.3532 | *
[2026-04-13 00:21:58,467][root][INFO] - Epoch:  39 | Loss: 0.0020 | Val - MRR: 0.2512, MR:  340.23, H@1: 0.182, H@3: 0.274, H@10: 0.383 | Test - MRR: 0.3528 | *
[2026-04-13 00:24:39,944][root][INFO] - Epoch:  40 | Loss: 0.0020 | Val - MRR: 0.2532, MR:  329.00, H@1: 0.184, H@3: 0.277, H@10: 0.386 | Test - MRR: 0.3544 | *
[2026-04-13 00:27:20,284][root][INFO] - Epoch:  41 | Loss: 0.0020 | Val - MRR: 0.2532, MR:  323.97, H@1: 0.183, H@3: 0.275, H@10: 0.388 | Test - MRR: 0.3550 | *
[2026-04-13 00:30:00,796][root][INFO] - Epoch:  42 | Loss: 0.0020 | Val - MRR: 0.2570, MR:  318.85, H@1: 0.187, H@3: 0.280, H@10: 0.392 | Test - MRR: 0.3562 | *
[2026-04-13 00:32:41,552][root][INFO] - Epoch:  43 | Loss: 0.0020 | Val - MRR: 0.2573, MR:  316.96, H@1: 0.186, H@3: 0.281, H@10: 0.393 | Test - MRR: 0.3582 | *
[2026-04-13 00:35:22,999][root][INFO] - Epoch:  44 | Loss: 0.0020 | Val - MRR: 0.2602, MR:  307.47, H@1: 0.190, H@3: 0.283, H@10: 0.394 | Test - MRR: 0.3601 | *
[2026-04-13 00:38:01,207][root][INFO] - Epoch:  45 | Loss: 0.0020 | Val - MRR: 0.2618, MR:  301.84, H@1: 0.191, H@3: 0.285, H@10: 0.396 | Test - MRR: 0.3589 | *
[2026-04-13 00:40:40,866][root][INFO] - Epoch:  46 | Loss: 0.0019 | Val - MRR: 0.2638, MR:  294.83, H@1: 0.193, H@3: 0.287, H@10: 0.399 | Test - MRR: 0.3611 | *
[2026-04-13 00:43:20,368][root][INFO] - Epoch:  47 | Loss: 0.0019 | Val - MRR: 0.2647, MR:  295.04, H@1: 0.193, H@3: 0.288, H@10: 0.401 | Test - MRR: 0.3628 | *
[2026-04-13 00:46:01,385][root][INFO] - Epoch:  48 | Loss: 0.0019 | Val - MRR: 0.2665, MR:  289.60, H@1: 0.194, H@3: 0.290, H@10: 0.405 | Test - MRR: 0.3622 | *
[2026-04-13 00:48:42,400][root][INFO] - Epoch:  49 | Loss: 0.0019 | Val - MRR: 0.2690, MR:  283.34, H@1: 0.196, H@3: 0.294, H@10: 0.408 | Test - MRR: 0.3634 | *
[2026-04-13 00:51:21,552][root][INFO] - Epoch:  50 | Loss: 0.0019 | Val - MRR: 0.2701, MR:  275.43, H@1: 0.196, H@3: 0.294, H@10: 0.412 | Test - MRR: 0.3657 | *
[2026-04-13 00:53:59,945][root][INFO] - Epoch:  51 | Loss: 0.0019 | Val - MRR: 0.2722, MR:  275.42, H@1: 0.199, H@3: 0.296, H@10: 0.413 | Test - MRR: 0.3641 | *
[2026-04-13 00:56:38,427][root][INFO] - Epoch:  52 | Loss: 0.0019 | Val - MRR: 0.2735, MR:  269.30, H@1: 0.200, H@3: 0.298, H@10: 0.416 | Test - MRR: 0.3649 | *
[2026-04-13 00:59:05,265][root][INFO] - Epoch:  53 | Loss: 0.0019 | Val - MRR: 0.2729, MR:  265.79, H@1: 0.199, H@3: 0.297, H@10: 0.416 | 
[2026-04-13 01:01:45,511][root][INFO] - Epoch:  54 | Loss: 0.0018 | Val - MRR: 0.2758, MR:  271.27, H@1: 0.201, H@3: 0.301, H@10: 0.420 | Test - MRR: 0.3668 | *
[2026-04-13 01:04:26,086][root][INFO] - Epoch:  55 | Loss: 0.0018 | Val - MRR: 0.2756, MR:  258.36, H@1: 0.200, H@3: 0.300, H@10: 0.420 | Test - MRR: 0.3679 | *
[2026-04-13 01:07:03,783][root][INFO] - Epoch:  56 | Loss: 0.0018 | Val - MRR: 0.2797, MR:  254.01, H@1: 0.205, H@3: 0.305, H@10: 0.423 | Test - MRR: 0.3710 | *
[2026-04-13 01:09:42,935][root][INFO] - Epoch:  57 | Loss: 0.0019 | Val - MRR: 0.2808, MR:  256.09, H@1: 0.206, H@3: 0.305, H@10: 0.429 | Test - MRR: 0.3730 | *
[2026-04-13 01:12:22,036][root][INFO] - Epoch:  58 | Loss: 0.0018 | Val - MRR: 0.2826, MR:  249.75, H@1: 0.208, H@3: 0.306, H@10: 0.428 | Test - MRR: 0.3712 | *
[2026-04-13 01:14:59,774][root][INFO] - Epoch:  59 | Loss: 0.0018 | Val - MRR: 0.2838, MR:  258.00, H@1: 0.209, H@3: 0.308, H@10: 0.431 | Test - MRR: 0.3722 | *
[2026-04-13 01:17:38,313][root][INFO] - Epoch:  60 | Loss: 0.0018 | Val - MRR: 0.2852, MR:  250.22, H@1: 0.209, H@3: 0.310, H@10: 0.434 | Test - MRR: 0.3733 | *
[2026-04-13 01:20:18,603][root][INFO] - Epoch:  61 | Loss: 0.0018 | Val - MRR: 0.2856, MR:  243.71, H@1: 0.210, H@3: 0.311, H@10: 0.435 | Test - MRR: 0.3744 | *
[2026-04-13 01:22:57,373][root][INFO] - Epoch:  62 | Loss: 0.0018 | Val - MRR: 0.2879, MR:  236.99, H@1: 0.211, H@3: 0.313, H@10: 0.436 | Test - MRR: 0.3758 | *
[2026-04-13 01:25:38,112][root][INFO] - Epoch:  63 | Loss: 0.0018 | Val - MRR: 0.2903, MR:  236.94, H@1: 0.214, H@3: 0.314, H@10: 0.439 | Test - MRR: 0.3759 | *
[2026-04-13 01:28:16,527][root][INFO] - Epoch:  64 | Loss: 0.0018 | Val - MRR: 0.2916, MR:  233.08, H@1: 0.215, H@3: 0.316, H@10: 0.440 | Test - MRR: 0.3770 | *
[2026-04-13 01:30:43,062][root][INFO] - Epoch:  65 | Loss: 0.0018 | Val - MRR: 0.2914, MR:  241.05, H@1: 0.214, H@3: 0.316, H@10: 0.443 | 
[2026-04-13 01:33:22,092][root][INFO] - Epoch:  66 | Loss: 0.0017 | Val - MRR: 0.2933, MR:  227.32, H@1: 0.215, H@3: 0.319, H@10: 0.443 | Test - MRR: 0.3778 | *
[2026-04-13 01:36:01,461][root][INFO] - Epoch:  67 | Loss: 0.0017 | Val - MRR: 0.2950, MR:  226.36, H@1: 0.217, H@3: 0.320, H@10: 0.449 | Test - MRR: 0.3790 | *
[2026-04-13 01:38:39,376][root][INFO] - Epoch:  68 | Loss: 0.0018 | Val - MRR: 0.2956, MR:  232.70, H@1: 0.218, H@3: 0.320, H@10: 0.449 | Test - MRR: 0.3783 | *
[2026-04-13 01:41:19,113][root][INFO] - Epoch:  69 | Loss: 0.0017 | Val - MRR: 0.2977, MR:  219.06, H@1: 0.221, H@3: 0.321, H@10: 0.450 | Test - MRR: 0.3795 | *
[2026-04-13 01:43:56,427][root][INFO] - Epoch:  70 | Loss: 0.0017 | Val - MRR: 0.2974, MR:  218.75, H@1: 0.219, H@3: 0.323, H@10: 0.452 | Test - MRR: 0.3820 | *
[2026-04-13 01:46:32,912][root][INFO] - Epoch:  71 | Loss: 0.0017 | Val - MRR: 0.2987, MR:  219.69, H@1: 0.220, H@3: 0.325, H@10: 0.454 | Test - MRR: 0.3832 | *
[2026-04-13 01:49:09,268][root][INFO] - Epoch:  72 | Loss: 0.0017 | Val - MRR: 0.3012, MR:  217.06, H@1: 0.222, H@3: 0.328, H@10: 0.456 | Test - MRR: 0.3848 | *
[2026-04-13 01:51:46,248][root][INFO] - Epoch:  73 | Loss: 0.0017 | Val - MRR: 0.3019, MR:  211.97, H@1: 0.224, H@3: 0.327, H@10: 0.456 | Test - MRR: 0.3840 | *
[2026-04-13 01:54:24,619][root][INFO] - Epoch:  74 | Loss: 0.0017 | Val - MRR: 0.3030, MR:  213.78, H@1: 0.224, H@3: 0.327, H@10: 0.461 | Test - MRR: 0.3858 | *
[2026-04-13 01:57:02,583][root][INFO] - Epoch:  75 | Loss: 0.0017 | Val - MRR: 0.3034, MR:  213.49, H@1: 0.224, H@3: 0.329, H@10: 0.462 | Test - MRR: 0.3865 | *
[2026-04-13 01:59:26,759][root][INFO] - Epoch:  76 | Loss: 0.0017 | Val - MRR: 0.3030, MR:  216.42, H@1: 0.222, H@3: 0.330, H@10: 0.463 | 
[2026-04-13 02:02:02,398][root][INFO] - Epoch:  77 | Loss: 0.0017 | Val - MRR: 0.3046, MR:  207.46, H@1: 0.225, H@3: 0.330, H@10: 0.463 | Test - MRR: 0.3862 | *
[2026-04-13 02:04:37,602][root][INFO] - Epoch:  78 | Loss: 0.0017 | Val - MRR: 0.3058, MR:  220.49, H@1: 0.225, H@3: 0.332, H@10: 0.467 | Test - MRR: 0.3892 | *
[2026-04-13 02:07:14,827][root][INFO] - Epoch:  79 | Loss: 0.0017 | Val - MRR: 0.3060, MR:  213.78, H@1: 0.225, H@3: 0.332, H@10: 0.467 | Test - MRR: 0.3906 | *
[2026-04-13 02:09:51,840][root][INFO] - Epoch:  80 | Loss: 0.0017 | Val - MRR: 0.3080, MR:  208.16, H@1: 0.227, H@3: 0.334, H@10: 0.471 | Test - MRR: 0.3944 | *
[2026-04-13 02:12:26,752][root][INFO] - Epoch:  81 | Loss: 0.0017 | Val - MRR: 0.3096, MR:  205.68, H@1: 0.229, H@3: 0.336, H@10: 0.471 | Test - MRR: 0.3944 | *
[2026-04-13 02:15:03,237][root][INFO] - Epoch:  82 | Loss: 0.0017 | Val - MRR: 0.3113, MR:  199.27, H@1: 0.229, H@3: 0.339, H@10: 0.474 | Test - MRR: 0.3967 | *
[2026-04-13 02:17:38,693][root][INFO] - Epoch:  83 | Loss: 0.0017 | Val - MRR: 0.3123, MR:  198.07, H@1: 0.230, H@3: 0.339, H@10: 0.477 | Test - MRR: 0.3980 | *
[2026-04-13 02:20:12,675][root][INFO] - Epoch:  84 | Loss: 0.0016 | Val - MRR: 0.3130, MR:  195.26, H@1: 0.231, H@3: 0.340, H@10: 0.475 | Test - MRR: 0.3969 | *
[2026-04-13 02:22:49,522][root][INFO] - Epoch:  85 | Loss: 0.0017 | Val - MRR: 0.3132, MR:  194.68, H@1: 0.231, H@3: 0.341, H@10: 0.477 | Test - MRR: 0.3973 | *
[2026-04-13 02:25:24,891][root][INFO] - Epoch:  86 | Loss: 0.0017 | Val - MRR: 0.3149, MR:  194.02, H@1: 0.233, H@3: 0.341, H@10: 0.479 | Test - MRR: 0.3978 | *
[2026-04-13 02:27:49,600][root][INFO] - Epoch:  87 | Loss: 0.0016 | Val - MRR: 0.3141, MR:  192.02, H@1: 0.232, H@3: 0.340, H@10: 0.479 | 
[2026-04-13 02:30:12,859][root][INFO] - Epoch:  88 | Loss: 0.0016 | Val - MRR: 0.3145, MR:  188.94, H@1: 0.232, H@3: 0.342, H@10: 0.480 | 
[2026-04-13 02:32:49,333][root][INFO] - Epoch:  89 | Loss: 0.0016 | Val - MRR: 0.3164, MR:  188.81, H@1: 0.233, H@3: 0.344, H@10: 0.482 | Test - MRR: 0.4000 | *
[2026-04-13 02:35:24,684][root][INFO] - Epoch:  90 | Loss: 0.0016 | Val - MRR: 0.3198, MR:  194.17, H@1: 0.238, H@3: 0.347, H@10: 0.486 | Test - MRR: 0.4014 | *
[2026-04-13 02:37:48,275][root][INFO] - Epoch:  91 | Loss: 0.0016 | Val - MRR: 0.3173, MR:  187.15, H@1: 0.234, H@3: 0.346, H@10: 0.484 | 
[2026-04-13 02:40:23,234][root][INFO] - Epoch:  92 | Loss: 0.0016 | Val - MRR: 0.3190, MR:  190.99, H@1: 0.236, H@3: 0.347, H@10: 0.485 | Test - MRR: 0.4042 | *
[2026-04-13 02:42:46,339][root][INFO] - Epoch:  93 | Loss: 0.0016 | Val - MRR: 0.3188, MR:  186.00, H@1: 0.235, H@3: 0.346, H@10: 0.485 | 
[2026-04-13 02:45:19,364][root][INFO] - Epoch:  94 | Loss: 0.0016 | Val - MRR: 0.3200, MR:  186.02, H@1: 0.236, H@3: 0.349, H@10: 0.488 | Test - MRR: 0.4042 | *
[2026-04-13 02:47:54,875][root][INFO] - Epoch:  95 | Loss: 0.0016 | Val - MRR: 0.3228, MR:  197.57, H@1: 0.240, H@3: 0.349, H@10: 0.490 | Test - MRR: 0.4051 | *
[2026-04-13 02:50:29,300][root][INFO] - Epoch:  96 | Loss: 0.0016 | Val - MRR: 0.3220, MR:  188.33, H@1: 0.239, H@3: 0.348, H@10: 0.489 | Test - MRR: 0.4066 | *
[2026-04-13 02:53:03,666][root][INFO] - Epoch:  97 | Loss: 0.0016 | Val - MRR: 0.3227, MR:  183.41, H@1: 0.239, H@3: 0.350, H@10: 0.491 | Test - MRR: 0.4066 | *
[2026-04-13 02:55:37,342][root][INFO] - Epoch:  98 | Loss: 0.0016 | Val - MRR: 0.3231, MR:  184.52, H@1: 0.239, H@3: 0.351, H@10: 0.493 | Test - MRR: 0.4081 | *
[2026-04-13 02:58:12,932][root][INFO] - Epoch:  99 | Loss: 0.0016 | Val - MRR: 0.3245, MR:  180.01, H@1: 0.240, H@3: 0.353, H@10: 0.495 | Test - MRR: 0.4098 | *
[2026-04-13 03:00:44,545][root][INFO] - Epoch: 100 | Loss: 0.0016 | Val - MRR: 0.3254, MR:  178.70, H@1: 0.241, H@3: 0.354, H@10: 0.495 | Test - MRR: 0.4089 | *
[2026-04-13 03:03:17,372][root][INFO] - Epoch: 101 | Loss: 0.0016 | Val - MRR: 0.3255, MR:  177.89, H@1: 0.241, H@3: 0.354, H@10: 0.494 | Test - MRR: 0.4103 | *
[2026-04-13 03:05:49,863][root][INFO] - Epoch: 102 | Loss: 0.0016 | Val - MRR: 0.3257, MR:  175.63, H@1: 0.240, H@3: 0.355, H@10: 0.498 | Test - MRR: 0.4116 | *
[2026-04-13 03:08:21,449][root][INFO] - Epoch: 103 | Loss: 0.0016 | Val - MRR: 0.3282, MR:  187.35, H@1: 0.243, H@3: 0.357, H@10: 0.499 | Test - MRR: 0.4121 | *
[2026-04-13 03:10:52,744][root][INFO] - Epoch: 104 | Loss: 0.0016 | Val - MRR: 0.3275, MR:  181.03, H@1: 0.242, H@3: 0.357, H@10: 0.499 | Test - MRR: 0.4141 | *
[2026-04-13 03:13:23,696][root][INFO] - Epoch: 105 | Loss: 0.0016 | Val - MRR: 0.3286, MR:  176.83, H@1: 0.244, H@3: 0.357, H@10: 0.499 | Test - MRR: 0.4146 | *
[2026-04-13 03:15:56,598][root][INFO] - Epoch: 106 | Loss: 0.0016 | Val - MRR: 0.3302, MR:  176.82, H@1: 0.245, H@3: 0.359, H@10: 0.501 | Test - MRR: 0.4162 | *
[2026-04-13 03:18:27,046][root][INFO] - Epoch: 107 | Loss: 0.0015 | Val - MRR: 0.3313, MR:  188.59, H@1: 0.247, H@3: 0.359, H@10: 0.501 | Test - MRR: 0.4145 | *
[2026-04-13 03:21:00,283][root][INFO] - Epoch: 108 | Loss: 0.0016 | Val - MRR: 0.3315, MR:  176.09, H@1: 0.247, H@3: 0.360, H@10: 0.503 | Test - MRR: 0.4166 | *
[2026-04-13 03:23:32,157][root][INFO] - Epoch: 109 | Loss: 0.0016 | Val - MRR: 0.3323, MR:  171.09, H@1: 0.247, H@3: 0.361, H@10: 0.504 | Test - MRR: 0.4174 | *
[2026-04-13 03:26:03,818][root][INFO] - Epoch: 110 | Loss: 0.0016 | Val - MRR: 0.3317, MR:  172.32, H@1: 0.246, H@3: 0.359, H@10: 0.504 | Test - MRR: 0.4199 | *
[2026-04-13 03:28:37,778][root][INFO] - Epoch: 111 | Loss: 0.0016 | Val - MRR: 0.3322, MR:  174.15, H@1: 0.247, H@3: 0.361, H@10: 0.504 | Test - MRR: 0.4191 | *
[2026-04-13 03:31:07,207][root][INFO] - Epoch: 112 | Loss: 0.0015 | Val - MRR: 0.3329, MR:  173.94, H@1: 0.247, H@3: 0.362, H@10: 0.505 | Test - MRR: 0.4185 | *
[2026-04-13 03:33:49,979][root][INFO] - Epoch: 113 | Loss: 0.0015 | Val - MRR: 0.3344, MR:  175.74, H@1: 0.248, H@3: 0.363, H@10: 0.507 | Test - MRR: 0.4186 | *
[2026-04-13 03:36:21,351][root][INFO] - Epoch: 114 | Loss: 0.0015 | Val - MRR: 0.3341, MR:  176.64, H@1: 0.248, H@3: 0.364, H@10: 0.506 | 
[2026-04-13 03:38:39,497][root][INFO] - Epoch: 115 | Loss: 0.0015 | Val - MRR: 0.3338, MR:  171.36, H@1: 0.248, H@3: 0.363, H@10: 0.506 | 
[2026-04-13 03:41:09,650][root][INFO] - Epoch: 116 | Loss: 0.0015 | Val - MRR: 0.3348, MR:  169.87, H@1: 0.248, H@3: 0.364, H@10: 0.509 | Test - MRR: 0.4204 | *
[2026-04-13 03:43:41,300][root][INFO] - Epoch: 117 | Loss: 0.0015 | Val - MRR: 0.3371, MR:  168.72, H@1: 0.251, H@3: 0.365, H@10: 0.510 | Test - MRR: 0.4214 | *
[2026-04-13 03:45:57,698][root][INFO] - Epoch: 118 | Loss: 0.0015 | Val - MRR: 0.3369, MR:  167.49, H@1: 0.250, H@3: 0.366, H@10: 0.511 | 
[2026-04-13 03:48:15,956][root][INFO] - Epoch: 119 | Loss: 0.0015 | Val - MRR: 0.3360, MR:  169.62, H@1: 0.249, H@3: 0.366, H@10: 0.511 | 
[2026-04-13 03:50:55,541][root][INFO] - Epoch: 120 | Loss: 0.0015 | Val - MRR: 0.3369, MR:  168.85, H@1: 0.250, H@3: 0.366, H@10: 0.513 | Test - MRR: 0.4224 | *
[2026-04-13 03:53:25,870][root][INFO] - Epoch: 121 | Loss: 0.0015 | Val - MRR: 0.3388, MR:  166.57, H@1: 0.251, H@3: 0.370, H@10: 0.514 | Test - MRR: 0.4233 | *
[2026-04-13 03:55:46,597][root][INFO] - Epoch: 122 | Loss: 0.0015 | Val - MRR: 0.3370, MR:  164.78, H@1: 0.249, H@3: 0.368, H@10: 0.512 | 
[2026-04-13 03:58:04,655][root][INFO] - Epoch: 123 | Loss: 0.0015 | Val - MRR: 0.3374, MR:  166.91, H@1: 0.250, H@3: 0.368, H@10: 0.512 | 
[2026-04-13 04:00:22,363][root][INFO] - Epoch: 124 | Loss: 0.0015 | Val - MRR: 0.3374, MR:  167.33, H@1: 0.250, H@3: 0.368, H@10: 0.513 | 
[2026-04-13 04:02:52,140][root][INFO] - Epoch: 125 | Loss: 0.0015 | Val - MRR: 0.3387, MR:  165.49, H@1: 0.252, H@3: 0.369, H@10: 0.513 | Test - MRR: 0.4234 | *
[2026-04-13 04:05:23,052][root][INFO] - Epoch: 126 | Loss: 0.0015 | Val - MRR: 0.3413, MR:  164.49, H@1: 0.255, H@3: 0.369, H@10: 0.516 | Test - MRR: 0.4237 | *
[2026-04-13 04:07:41,153][root][INFO] - Epoch: 127 | Loss: 0.0015 | Val - MRR: 0.3403, MR:  165.19, H@1: 0.254, H@3: 0.369, H@10: 0.515 | 
[2026-04-13 04:10:09,758][root][INFO] - Epoch: 128 | Loss: 0.0015 | Val - MRR: 0.3421, MR:  169.41, H@1: 0.254, H@3: 0.374, H@10: 0.518 | Test - MRR: 0.4233 | *
[2026-04-13 04:12:40,922][root][INFO] - Epoch: 129 | Loss: 0.0015 | Val - MRR: 0.3418, MR:  166.78, H@1: 0.255, H@3: 0.372, H@10: 0.515 | Test - MRR: 0.4242 | *
[2026-04-13 04:15:09,084][root][INFO] - Epoch: 130 | Loss: 0.0015 | Val - MRR: 0.3428, MR:  162.78, H@1: 0.256, H@3: 0.373, H@10: 0.519 | Test - MRR: 0.4236 | *
[2026-04-13 04:17:49,526][root][INFO] - Epoch: 131 | Loss: 0.0015 | Val - MRR: 0.3432, MR:  164.18, H@1: 0.255, H@3: 0.374, H@10: 0.520 | Test - MRR: 0.4270 | *
[2026-04-13 04:20:08,276][root][INFO] - Epoch: 132 | Loss: 0.0015 | Val - MRR: 0.3426, MR:  164.04, H@1: 0.255, H@3: 0.374, H@10: 0.518 | 
[2026-04-13 04:22:25,617][root][INFO] - Epoch: 133 | Loss: 0.0015 | Val - MRR: 0.3428, MR:  161.09, H@1: 0.255, H@3: 0.373, H@10: 0.519 | 
[2026-04-13 04:24:57,109][root][INFO] - Epoch: 134 | Loss: 0.0015 | Val - MRR: 0.3439, MR:  164.55, H@1: 0.257, H@3: 0.373, H@10: 0.519 | Test - MRR: 0.4301 | *
[2026-04-13 04:27:39,175][root][INFO] - Epoch: 135 | Loss: 0.0015 | Val - MRR: 0.3443, MR:  162.12, H@1: 0.255, H@3: 0.376, H@10: 0.522 | Test - MRR: 0.4320 | *
[2026-04-13 04:30:09,366][root][INFO] - Epoch: 136 | Loss: 0.0015 | Val - MRR: 0.3443, MR:  160.79, H@1: 0.256, H@3: 0.375, H@10: 0.521 | 
[2026-04-13 04:32:49,873][root][INFO] - Epoch: 137 | Loss: 0.0015 | Val - MRR: 0.3447, MR:  166.19, H@1: 0.256, H@3: 0.376, H@10: 0.523 | Test - MRR: 0.4283 | *
[2026-04-13 04:35:31,872][root][INFO] - Epoch: 138 | Loss: 0.0015 | Val - MRR: 0.3453, MR:  163.08, H@1: 0.257, H@3: 0.378, H@10: 0.524 | Test - MRR: 0.4282 | *
[2026-04-13 04:38:01,611][root][INFO] - Epoch: 139 | Loss: 0.0015 | Val - MRR: 0.3441, MR:  160.50, H@1: 0.255, H@3: 0.376, H@10: 0.524 | 
[2026-04-13 04:40:33,703][root][INFO] - Epoch: 140 | Loss: 0.0015 | Val - MRR: 0.3455, MR:  163.56, H@1: 0.257, H@3: 0.376, H@10: 0.524 | Test - MRR: 0.4326 | *
[2026-04-13 04:43:06,316][root][INFO] - Epoch: 141 | Loss: 0.0015 | Val - MRR: 0.3464, MR:  163.97, H@1: 0.257, H@3: 0.378, H@10: 0.526 | Test - MRR: 0.4304 | *
[2026-04-13 04:45:22,324][root][INFO] - Epoch: 142 | Loss: 0.0015 | Val - MRR: 0.3453, MR:  163.74, H@1: 0.257, H@3: 0.377, H@10: 0.521 | 
[2026-04-13 04:47:39,927][root][INFO] - Epoch: 143 | Loss: 0.0015 | Val - MRR: 0.3459, MR:  162.45, H@1: 0.257, H@3: 0.378, H@10: 0.522 | 
[2026-04-13 04:50:09,789][root][INFO] - Epoch: 144 | Loss: 0.0015 | Val - MRR: 0.3466, MR:  162.86, H@1: 0.257, H@3: 0.380, H@10: 0.525 | Test - MRR: 0.4325 | *
[2026-04-13 04:52:48,784][root][INFO] - Epoch: 145 | Loss: 0.0015 | Val - MRR: 0.3462, MR:  162.94, H@1: 0.257, H@3: 0.378, H@10: 0.524 | Test - MRR: 0.4331 | *
[2026-04-13 04:55:15,528][root][INFO] - Epoch: 146 | Loss: 0.0015 | Val - MRR: 0.3466, MR:  161.50, H@1: 0.258, H@3: 0.377, H@10: 0.524 | Test - MRR: 0.4313 | *
[2026-04-13 04:57:57,077][root][INFO] - Epoch: 147 | Loss: 0.0015 | Val - MRR: 0.3476, MR:  159.75, H@1: 0.259, H@3: 0.378, H@10: 0.525 | Test - MRR: 0.4311 | *
[2026-04-13 05:00:27,684][root][INFO] - Epoch: 148 | Loss: 0.0015 | Val - MRR: 0.3484, MR:  160.21, H@1: 0.260, H@3: 0.379, H@10: 0.526 | Test - MRR: 0.4318 | *
[2026-04-13 05:02:51,093][root][INFO] - Epoch: 149 | Loss: 0.0015 | Val - MRR: 0.3478, MR:  160.12, H@1: 0.260, H@3: 0.380, H@10: 0.526 | 
[2026-04-13 05:05:18,891][root][INFO] - Epoch: 150 | Loss: 0.0015 | Val - MRR: 0.3480, MR:  160.47, H@1: 0.259, H@3: 0.379, H@10: 0.525 | 
[2026-04-13 05:07:55,840][root][INFO] - Epoch: 151 | Loss: 0.0015 | Val - MRR: 0.3485, MR:  160.88, H@1: 0.259, H@3: 0.381, H@10: 0.528 | Test - MRR: 0.4315 | *
[2026-04-13 05:10:20,946][root][INFO] - Epoch: 152 | Loss: 0.0015 | Val - MRR: 0.3472, MR:  159.90, H@1: 0.258, H@3: 0.380, H@10: 0.526 | 
[2026-04-13 05:12:47,429][root][INFO] - Epoch: 153 | Loss: 0.0015 | Val - MRR: 0.3500, MR:  157.40, H@1: 0.261, H@3: 0.382, H@10: 0.529 | Test - MRR: 0.4326 | *
[2026-04-13 05:15:05,303][root][INFO] - Epoch: 154 | Loss: 0.0014 | Val - MRR: 0.3483, MR:  161.11, H@1: 0.259, H@3: 0.381, H@10: 0.528 | 
[2026-04-13 05:17:35,564][root][INFO] - Epoch: 155 | Loss: 0.0014 | Val - MRR: 0.3495, MR:  160.23, H@1: 0.260, H@3: 0.381, H@10: 0.530 | Test - MRR: 0.4354 | *
[2026-04-13 05:20:06,019][root][INFO] - Epoch: 156 | Loss: 0.0014 | Val - MRR: 0.3507, MR:  159.26, H@1: 0.262, H@3: 0.383, H@10: 0.529 | Test - MRR: 0.4360 | *
[2026-04-13 05:22:44,077][root][INFO] - Epoch: 157 | Loss: 0.0014 | Val - MRR: 0.3510, MR:  158.65, H@1: 0.262, H@3: 0.383, H@10: 0.530 | Test - MRR: 0.4342 | *
[2026-04-13 05:25:01,572][root][INFO] - Epoch: 158 | Loss: 0.0014 | Val - MRR: 0.3500, MR:  160.23, H@1: 0.260, H@3: 0.382, H@10: 0.531 | 
[2026-04-13 05:27:18,743][root][INFO] - Epoch: 159 | Loss: 0.0014 | Val - MRR: 0.3502, MR:  158.78, H@1: 0.261, H@3: 0.383, H@10: 0.530 | 
[2026-04-13 05:29:48,874][root][INFO] - Epoch: 160 | Loss: 0.0014 | Val - MRR: 0.3516, MR:  158.81, H@1: 0.262, H@3: 0.383, H@10: 0.531 | Test - MRR: 0.4365 | *
[2026-04-13 05:32:06,624][root][INFO] - Epoch: 161 | Loss: 0.0014 | Val - MRR: 0.3513, MR:  166.91, H@1: 0.262, H@3: 0.383, H@10: 0.532 | 
[2026-04-13 05:34:36,848][root][INFO] - Epoch: 162 | Loss: 0.0014 | Val - MRR: 0.3522, MR:  162.81, H@1: 0.262, H@3: 0.385, H@10: 0.531 | Test - MRR: 0.4368 | *
[2026-04-13 05:36:55,302][root][INFO] - Epoch: 163 | Loss: 0.0014 | Val - MRR: 0.3516, MR:  160.40, H@1: 0.262, H@3: 0.384, H@10: 0.532 | 
[2026-04-13 05:39:11,975][root][INFO] - Epoch: 164 | Loss: 0.0014 | Val - MRR: 0.3518, MR:  162.59, H@1: 0.261, H@3: 0.386, H@10: 0.532 | 
[2026-04-13 05:41:28,436][root][INFO] - Epoch: 165 | Loss: 0.0014 | Val - MRR: 0.3507, MR:  159.68, H@1: 0.261, H@3: 0.384, H@10: 0.531 | 
[2026-04-13 05:43:44,606][root][INFO] - Epoch: 166 | Loss: 0.0014 | Val - MRR: 0.3518, MR:  156.73, H@1: 0.261, H@3: 0.386, H@10: 0.534 | 
[2026-04-13 05:46:13,757][root][INFO] - Epoch: 167 | Loss: 0.0014 | Val - MRR: 0.3524, MR:  157.86, H@1: 0.262, H@3: 0.385, H@10: 0.534 | Test - MRR: 0.4358 | *
[2026-04-13 05:48:43,420][root][INFO] - Epoch: 168 | Loss: 0.0014 | Val - MRR: 0.3530, MR:  158.84, H@1: 0.263, H@3: 0.385, H@10: 0.535 | Test - MRR: 0.4351 | *
[2026-04-13 05:51:00,077][root][INFO] - Epoch: 169 | Loss: 0.0014 | Val - MRR: 0.3530, MR:  157.78, H@1: 0.262, H@3: 0.387, H@10: 0.532 | 
[2026-04-13 05:53:17,875][root][INFO] - Epoch: 170 | Loss: 0.0014 | Val - MRR: 0.3526, MR:  159.45, H@1: 0.263, H@3: 0.386, H@10: 0.533 | 
[2026-04-13 05:55:47,629][root][INFO] - Epoch: 171 | Loss: 0.0014 | Val - MRR: 0.3535, MR:  159.43, H@1: 0.264, H@3: 0.385, H@10: 0.534 | Test - MRR: 0.4381 | *
[2026-04-13 05:58:17,225][root][INFO] - Epoch: 172 | Loss: 0.0014 | Val - MRR: 0.3537, MR:  159.88, H@1: 0.264, H@3: 0.388, H@10: 0.535 | Test - MRR: 0.4411 | *
[2026-04-13 06:00:32,180][root][INFO] - Epoch: 173 | Loss: 0.0014 | Val - MRR: 0.3536, MR:  163.05, H@1: 0.263, H@3: 0.388, H@10: 0.535 | 
[2026-04-13 06:02:51,394][root][INFO] - Epoch: 174 | Loss: 0.0014 | Val - MRR: 0.3528, MR:  161.69, H@1: 0.262, H@3: 0.387, H@10: 0.535 | 
[2026-04-13 06:05:08,474][root][INFO] - Epoch: 175 | Loss: 0.0014 | Val - MRR: 0.3537, MR:  157.77, H@1: 0.263, H@3: 0.387, H@10: 0.536 | 
[2026-04-13 06:07:25,013][root][INFO] - Epoch: 176 | Loss: 0.0014 | Val - MRR: 0.3533, MR:  159.29, H@1: 0.263, H@3: 0.386, H@10: 0.535 | 
[2026-04-13 06:09:53,596][root][INFO] - Epoch: 177 | Loss: 0.0014 | Val - MRR: 0.3543, MR:  158.47, H@1: 0.264, H@3: 0.388, H@10: 0.534 | Test - MRR: 0.4386 | *
[2026-04-13 06:12:11,509][root][INFO] - Epoch: 178 | Loss: 0.0014 | Val - MRR: 0.3540, MR:  158.54, H@1: 0.263, H@3: 0.386, H@10: 0.538 | 
[2026-04-13 06:14:40,376][root][INFO] - Epoch: 179 | Loss: 0.0014 | Val - MRR: 0.3548, MR:  158.01, H@1: 0.264, H@3: 0.386, H@10: 0.537 | Test - MRR: 0.4435 | *
[2026-04-13 06:17:09,259][root][INFO] - Epoch: 180 | Loss: 0.0014 | Val - MRR: 0.3562, MR:  164.71, H@1: 0.266, H@3: 0.388, H@10: 0.538 | Test - MRR: 0.4417 | *
[2026-04-13 06:19:26,657][root][INFO] - Epoch: 181 | Loss: 0.0014 | Val - MRR: 0.3549, MR:  156.51, H@1: 0.265, H@3: 0.387, H@10: 0.537 | 
[2026-04-13 06:21:44,348][root][INFO] - Epoch: 182 | Loss: 0.0014 | Val - MRR: 0.3552, MR:  156.82, H@1: 0.265, H@3: 0.388, H@10: 0.537 | 
[2026-04-13 06:24:03,203][root][INFO] - Epoch: 183 | Loss: 0.0014 | Val - MRR: 0.3547, MR:  157.55, H@1: 0.265, H@3: 0.387, H@10: 0.537 | 
[2026-04-13 06:26:19,448][root][INFO] - Epoch: 184 | Loss: 0.0014 | Val - MRR: 0.3554, MR:  156.32, H@1: 0.265, H@3: 0.388, H@10: 0.537 | 
[2026-04-13 06:28:37,050][root][INFO] - Epoch: 185 | Loss: 0.0014 | Val - MRR: 0.3548, MR:  158.24, H@1: 0.263, H@3: 0.388, H@10: 0.539 | 
[2026-04-13 06:30:55,983][root][INFO] - Epoch: 186 | Loss: 0.0014 | Val - MRR: 0.3559, MR:  156.53, H@1: 0.265, H@3: 0.389, H@10: 0.539 | 
[2026-04-13 06:33:14,199][root][INFO] - Epoch: 187 | Loss: 0.0014 | Val - MRR: 0.3552, MR:  158.09, H@1: 0.264, H@3: 0.389, H@10: 0.538 | 
[2026-04-13 06:35:44,771][root][INFO] - Epoch: 188 | Loss: 0.0014 | Val - MRR: 0.3568, MR:  160.38, H@1: 0.266, H@3: 0.390, H@10: 0.539 | Test - MRR: 0.4424 | *
[2026-04-13 06:38:02,231][root][INFO] - Epoch: 189 | Loss: 0.0014 | Val - MRR: 0.3564, MR:  156.27, H@1: 0.266, H@3: 0.388, H@10: 0.541 | 
[2026-04-13 06:40:33,815][root][INFO] - Epoch: 190 | Loss: 0.0014 | Val - MRR: 0.3576, MR:  156.12, H@1: 0.267, H@3: 0.392, H@10: 0.541 | Test - MRR: 0.4455 | *
[2026-04-13 06:42:51,481][root][INFO] - Epoch: 191 | Loss: 0.0014 | Val - MRR: 0.3564, MR:  160.81, H@1: 0.265, H@3: 0.391, H@10: 0.539 | 
[2026-04-13 06:45:08,823][root][INFO] - Epoch: 192 | Loss: 0.0014 | Val - MRR: 0.3553, MR:  157.00, H@1: 0.264, H@3: 0.390, H@10: 0.537 | 
[2026-04-13 06:47:27,503][root][INFO] - Epoch: 193 | Loss: 0.0014 | Val - MRR: 0.3551, MR:  156.74, H@1: 0.265, H@3: 0.388, H@10: 0.537 | 
[2026-04-13 06:49:45,720][root][INFO] - Epoch: 194 | Loss: 0.0014 | Val - MRR: 0.3561, MR:  157.28, H@1: 0.266, H@3: 0.389, H@10: 0.536 | 
[2026-04-13 06:52:03,294][root][INFO] - Epoch: 195 | Loss: 0.0014 | Val - MRR: 0.3557, MR:  157.40, H@1: 0.264, H@3: 0.390, H@10: 0.537 | 
[2026-04-13 06:54:21,419][root][INFO] - Epoch: 196 | Loss: 0.0014 | Val - MRR: 0.3563, MR:  158.44, H@1: 0.265, H@3: 0.390, H@10: 0.540 | 
[2026-04-13 06:56:39,884][root][INFO] - Epoch: 197 | Loss: 0.0014 | Val - MRR: 0.3570, MR:  155.44, H@1: 0.267, H@3: 0.389, H@10: 0.540 | 
[2026-04-13 06:58:58,936][root][INFO] - Epoch: 198 | Loss: 0.0014 | Val - MRR: 0.3572, MR:  156.42, H@1: 0.267, H@3: 0.390, H@10: 0.540 | 
[2026-04-13 07:01:16,698][root][INFO] - Epoch: 199 | Loss: 0.0014 | Val - MRR: 0.3557, MR:  157.30, H@1: 0.265, H@3: 0.389, H@10: 0.538 | 
[2026-04-13 07:03:35,197][root][INFO] - Epoch: 200 | Loss: 0.0014 | Val - MRR: 0.3568, MR:  156.66, H@1: 0.266, H@3: 0.391, H@10: 0.541 | 
[2026-04-13 07:05:53,300][root][INFO] - Epoch: 201 | Loss: 0.0014 | Val - MRR: 0.3570, MR:  156.33, H@1: 0.267, H@3: 0.390, H@10: 0.541 | 
[2026-04-13 07:08:24,734][root][INFO] - Epoch: 202 | Loss: 0.0014 | Val - MRR: 0.3578, MR:  156.27, H@1: 0.267, H@3: 0.390, H@10: 0.541 | Test - MRR: 0.4458 | *
[2026-04-13 07:10:41,909][root][INFO] - Epoch: 203 | Loss: 0.0014 | Val - MRR: 0.3563, MR:  156.24, H@1: 0.265, H@3: 0.389, H@10: 0.541 | 
[2026-04-13 07:13:12,478][root][INFO] - Epoch: 204 | Loss: 0.0014 | Val - MRR: 0.3565, MR:  156.91, H@1: 0.266, H@3: 0.389, H@10: 0.542 | Test - MRR: 0.4473 | *
[2026-04-13 07:15:42,981][root][INFO] - Epoch: 205 | Loss: 0.0014 | Val - MRR: 0.3580, MR:  159.55, H@1: 0.267, H@3: 0.391, H@10: 0.541 | Test - MRR: 0.4453 | *
[2026-04-13 07:18:01,173][root][INFO] - Epoch: 206 | Loss: 0.0014 | Val - MRR: 0.3575, MR:  156.44, H@1: 0.266, H@3: 0.392, H@10: 0.540 | 
[2026-04-13 07:20:18,606][root][INFO] - Epoch: 207 | Loss: 0.0014 | Val - MRR: 0.3576, MR:  154.68, H@1: 0.267, H@3: 0.391, H@10: 0.541 | 
[2026-04-13 07:22:49,817][root][INFO] - Epoch: 208 | Loss: 0.0014 | Val - MRR: 0.3588, MR:  156.43, H@1: 0.268, H@3: 0.393, H@10: 0.540 | Test - MRR: 0.4426 | *
[2026-04-13 07:25:09,657][root][INFO] - Epoch: 209 | Loss: 0.0014 | Val - MRR: 0.3571, MR:  157.07, H@1: 0.266, H@3: 0.391, H@10: 0.542 | 
[2026-04-13 07:27:40,813][root][INFO] - Epoch: 210 | Loss: 0.0014 | Val - MRR: 0.3588, MR:  157.49, H@1: 0.267, H@3: 0.391, H@10: 0.543 | Test - MRR: 0.4428 | *
[2026-04-13 07:29:59,847][root][INFO] - Epoch: 211 | Loss: 0.0014 | Val - MRR: 0.3571, MR:  158.99, H@1: 0.266, H@3: 0.390, H@10: 0.541 | 
[2026-04-13 07:32:17,674][root][INFO] - Epoch: 212 | Loss: 0.0014 | Val - MRR: 0.3577, MR:  157.46, H@1: 0.266, H@3: 0.391, H@10: 0.544 | 
[2026-04-13 07:34:38,268][root][INFO] - Epoch: 213 | Loss: 0.0014 | Val - MRR: 0.3583, MR:  156.16, H@1: 0.266, H@3: 0.394, H@10: 0.544 | 
[2026-04-13 07:36:56,279][root][INFO] - Epoch: 214 | Loss: 0.0014 | Val - MRR: 0.3585, MR:  156.57, H@1: 0.266, H@3: 0.393, H@10: 0.544 | 
[2026-04-13 07:39:15,440][root][INFO] - Epoch: 215 | Loss: 0.0014 | Val - MRR: 0.3581, MR:  157.12, H@1: 0.266, H@3: 0.392, H@10: 0.542 | 
[2026-04-13 07:41:46,029][root][INFO] - Epoch: 216 | Loss: 0.0014 | Val - MRR: 0.3594, MR:  157.04, H@1: 0.268, H@3: 0.394, H@10: 0.544 | Test - MRR: 0.4435 | *
[2026-04-13 07:44:17,892][root][INFO] - Epoch: 217 | Loss: 0.0014 | Val - MRR: 0.3598, MR:  155.10, H@1: 0.268, H@3: 0.394, H@10: 0.543 | Test - MRR: 0.4476 | *
[2026-04-13 07:46:36,993][root][INFO] - Epoch: 218 | Loss: 0.0014 | Val - MRR: 0.3592, MR:  156.65, H@1: 0.267, H@3: 0.394, H@10: 0.544 | 
[2026-04-13 07:48:56,232][root][INFO] - Epoch: 219 | Loss: 0.0014 | Val - MRR: 0.3597, MR:  158.30, H@1: 0.268, H@3: 0.394, H@10: 0.543 | 
[2026-04-13 07:51:14,396][root][INFO] - Epoch: 220 | Loss: 0.0014 | Val - MRR: 0.3597, MR:  158.80, H@1: 0.267, H@3: 0.394, H@10: 0.545 | 
[2026-04-13 07:53:45,485][root][INFO] - Epoch: 221 | Loss: 0.0014 | Val - MRR: 0.3599, MR:  155.46, H@1: 0.267, H@3: 0.395, H@10: 0.545 | Test - MRR: 0.4462 | *
[2026-04-13 07:56:04,145][root][INFO] - Epoch: 222 | Loss: 0.0014 | Val - MRR: 0.3589, MR:  154.37, H@1: 0.266, H@3: 0.394, H@10: 0.545 | 
[2026-04-13 07:58:22,683][root][INFO] - Epoch: 223 | Loss: 0.0014 | Val - MRR: 0.3596, MR:  157.01, H@1: 0.268, H@3: 0.393, H@10: 0.546 | 
[2026-04-13 08:00:41,455][root][INFO] - Epoch: 224 | Loss: 0.0014 | Val - MRR: 0.3594, MR:  160.06, H@1: 0.268, H@3: 0.394, H@10: 0.545 | 
[2026-04-13 08:02:59,989][root][INFO] - Epoch: 225 | Loss: 0.0014 | Val - MRR: 0.3595, MR:  159.52, H@1: 0.267, H@3: 0.395, H@10: 0.546 | 
[2026-04-13 08:05:31,556][root][INFO] - Epoch: 226 | Loss: 0.0014 | Val - MRR: 0.3605, MR:  158.30, H@1: 0.268, H@3: 0.394, H@10: 0.549 | Test - MRR: 0.4474 | *
[2026-04-13 08:07:51,650][root][INFO] - Epoch: 227 | Loss: 0.0014 | Val - MRR: 0.3593, MR:  156.69, H@1: 0.267, H@3: 0.393, H@10: 0.546 | 
[2026-04-13 08:10:22,988][root][INFO] - Epoch: 228 | Loss: 0.0014 | Val - MRR: 0.3601, MR:  157.46, H@1: 0.268, H@3: 0.393, H@10: 0.545 | Test - MRR: 0.4477 | *
[2026-04-13 08:12:53,002][root][INFO] - Epoch: 229 | Loss: 0.0014 | Val - MRR: 0.3605, MR:  159.83, H@1: 0.268, H@3: 0.395, H@10: 0.548 | Test - MRR: 0.4462 | *
[2026-04-13 08:15:12,443][root][INFO] - Epoch: 230 | Loss: 0.0014 | Val - MRR: 0.3604, MR:  158.58, H@1: 0.268, H@3: 0.395, H@10: 0.546 | 
[2026-04-13 08:17:31,164][root][INFO] - Epoch: 231 | Loss: 0.0014 | Val - MRR: 0.3600, MR:  156.72, H@1: 0.269, H@3: 0.392, H@10: 0.543 | 
[2026-04-13 08:19:50,816][root][INFO] - Epoch: 232 | Loss: 0.0014 | Val - MRR: 0.3595, MR:  157.84, H@1: 0.267, H@3: 0.393, H@10: 0.545 | 
[2026-04-13 08:22:21,504][root][INFO] - Epoch: 233 | Loss: 0.0014 | Val - MRR: 0.3613, MR:  158.45, H@1: 0.269, H@3: 0.395, H@10: 0.546 | Test - MRR: 0.4477 | *
[2026-04-13 08:24:53,817][root][INFO] - Epoch: 234 | Loss: 0.0014 | Val - MRR: 0.3610, MR:  160.18, H@1: 0.269, H@3: 0.395, H@10: 0.546 | Test - MRR: 0.4492 | *
[2026-04-13 08:27:24,815][root][INFO] - Epoch: 235 | Loss: 0.0014 | Val - MRR: 0.3613, MR:  157.30, H@1: 0.269, H@3: 0.395, H@10: 0.547 | Test - MRR: 0.4485 | *
[2026-04-13 08:29:55,384][root][INFO] - Epoch: 236 | Loss: 0.0014 | Val - MRR: 0.3621, MR:  158.66, H@1: 0.271, H@3: 0.396, H@10: 0.547 | Test - MRR: 0.4479 | *
[2026-04-13 08:32:13,453][root][INFO] - Epoch: 237 | Loss: 0.0014 | Val - MRR: 0.3601, MR:  161.25, H@1: 0.269, H@3: 0.394, H@10: 0.545 | 
[2026-04-13 08:34:44,039][root][INFO] - Epoch: 238 | Loss: 0.0014 | Val - MRR: 0.3625, MR:  159.80, H@1: 0.271, H@3: 0.396, H@10: 0.547 | Test - MRR: 0.4490 | *
[2026-04-13 08:37:03,354][root][INFO] - Epoch: 239 | Loss: 0.0014 | Val - MRR: 0.3616, MR:  158.42, H@1: 0.270, H@3: 0.397, H@10: 0.548 | 
[2026-04-13 08:39:22,560][root][INFO] - Epoch: 240 | Loss: 0.0014 | Val - MRR: 0.3616, MR:  160.09, H@1: 0.271, H@3: 0.395, H@10: 0.546 | 
[2026-04-13 08:41:41,942][root][INFO] - Epoch: 241 | Loss: 0.0014 | Val - MRR: 0.3624, MR:  157.01, H@1: 0.271, H@3: 0.397, H@10: 0.547 | 
[2026-04-13 08:44:02,484][root][INFO] - Epoch: 242 | Loss: 0.0014 | Val - MRR: 0.3621, MR:  159.24, H@1: 0.271, H@3: 0.395, H@10: 0.547 | 
[2026-04-13 08:46:22,802][root][INFO] - Epoch: 243 | Loss: 0.0013 | Val - MRR: 0.3617, MR:  160.83, H@1: 0.270, H@3: 0.396, H@10: 0.547 | 
[2026-04-13 08:48:54,240][root][INFO] - Epoch: 244 | Loss: 0.0014 | Val - MRR: 0.3608, MR:  161.05, H@1: 0.268, H@3: 0.394, H@10: 0.548 | Test - MRR: 0.4508 | *
[2026-04-13 08:51:25,529][root][INFO] - Epoch: 245 | Loss: 0.0014 | Val - MRR: 0.3619, MR:  157.50, H@1: 0.271, H@3: 0.396, H@10: 0.546 | Test - MRR: 0.4486 | *
[2026-04-13 08:53:56,831][root][INFO] - Epoch: 246 | Loss: 0.0013 | Val - MRR: 0.3623, MR:  158.12, H@1: 0.270, H@3: 0.396, H@10: 0.549 | Test - MRR: 0.4505 | *
[2026-04-13 08:56:16,378][root][INFO] - Epoch: 247 | Loss: 0.0013 | Val - MRR: 0.3617, MR:  160.72, H@1: 0.270, H@3: 0.394, H@10: 0.549 | 
[2026-04-13 08:58:36,579][root][INFO] - Epoch: 248 | Loss: 0.0013 | Val - MRR: 0.3605, MR:  160.93, H@1: 0.268, H@3: 0.393, H@10: 0.551 | 
[2026-04-13 09:00:54,715][root][INFO] - Epoch: 249 | Loss: 0.0013 | Val - MRR: 0.3612, MR:  157.94, H@1: 0.269, H@3: 0.394, H@10: 0.548 | 
[2026-04-13 09:03:13,344][root][INFO] - Epoch: 250 | Loss: 0.0013 | Val - MRR: 0.3615, MR:  157.77, H@1: 0.270, H@3: 0.395, H@10: 0.548 | 
[2026-04-13 09:05:32,708][root][INFO] - Epoch: 251 | Loss: 0.0013 | Val - MRR: 0.3616, MR:  157.80, H@1: 0.269, H@3: 0.395, H@10: 0.550 | 
[2026-04-13 09:07:52,265][root][INFO] - Epoch: 252 | Loss: 0.0013 | Val - MRR: 0.3615, MR:  161.75, H@1: 0.270, H@3: 0.394, H@10: 0.547 | 
[2026-04-13 09:10:11,178][root][INFO] - Epoch: 253 | Loss: 0.0013 | Val - MRR: 0.3597, MR:  158.29, H@1: 0.267, H@3: 0.394, H@10: 0.549 | 
[2026-04-13 09:12:30,460][root][INFO] - Epoch: 254 | Loss: 0.0013 | Val - MRR: 0.3603, MR:  160.29, H@1: 0.268, H@3: 0.395, H@10: 0.547 | 
[2026-04-13 09:14:49,521][root][INFO] - Epoch: 255 | Loss: 0.0013 | Val - MRR: 0.3601, MR:  157.48, H@1: 0.267, H@3: 0.394, H@10: 0.547 | 
[2026-04-13 09:17:07,945][root][INFO] - Epoch: 256 | Loss: 0.0013 | Val - MRR: 0.3611, MR:  158.50, H@1: 0.268, H@3: 0.394, H@10: 0.548 | 
[2026-04-13 09:19:27,291][root][INFO] - Epoch: 257 | Loss: 0.0013 | Val - MRR: 0.3612, MR:  158.85, H@1: 0.268, H@3: 0.395, H@10: 0.549 | 
[2026-04-13 09:21:46,742][root][INFO] - Epoch: 258 | Loss: 0.0013 | Val - MRR: 0.3620, MR:  158.91, H@1: 0.270, H@3: 0.395, H@10: 0.548 | 
[2026-04-13 09:24:06,304][root][INFO] - Epoch: 259 | Loss: 0.0013 | Val - MRR: 0.3608, MR:  158.87, H@1: 0.268, H@3: 0.394, H@10: 0.548 | 
[2026-04-13 09:26:25,225][root][INFO] - Epoch: 260 | Loss: 0.0013 | Val - MRR: 0.3614, MR:  162.21, H@1: 0.269, H@3: 0.395, H@10: 0.548 | 
[2026-04-13 09:28:45,309][root][INFO] - Epoch: 261 | Loss: 0.0013 | Val - MRR: 0.3622, MR:  158.13, H@1: 0.270, H@3: 0.396, H@10: 0.549 | 
[2026-04-13 09:31:15,910][root][INFO] - Epoch: 262 | Loss: 0.0013 | Val - MRR: 0.3623, MR:  159.72, H@1: 0.269, H@3: 0.398, H@10: 0.550 | Test - MRR: 0.4482 | *
[2026-04-13 09:33:46,672][root][INFO] - Epoch: 263 | Loss: 0.0013 | Val - MRR: 0.3626, MR:  158.31, H@1: 0.271, H@3: 0.396, H@10: 0.549 | Test - MRR: 0.4479 | *
[2026-04-13 09:36:05,067][root][INFO] - Epoch: 264 | Loss: 0.0013 | Val - MRR: 0.3622, MR:  158.84, H@1: 0.270, H@3: 0.396, H@10: 0.549 | 
[2026-04-13 09:38:23,897][root][INFO] - Epoch: 265 | Loss: 0.0013 | Val - MRR: 0.3607, MR:  158.04, H@1: 0.268, H@3: 0.396, H@10: 0.550 | 
[2026-04-13 09:40:55,340][root][INFO] - Epoch: 266 | Loss: 0.0013 | Val - MRR: 0.3628, MR:  157.05, H@1: 0.270, H@3: 0.397, H@10: 0.550 | Test - MRR: 0.4504 | *
[2026-04-13 09:43:14,520][root][INFO] - Epoch: 267 | Loss: 0.0013 | Val - MRR: 0.3621, MR:  158.76, H@1: 0.269, H@3: 0.398, H@10: 0.550 | 
[2026-04-13 09:45:31,860][root][INFO] - Epoch: 268 | Loss: 0.0013 | Val - MRR: 0.3613, MR:  158.67, H@1: 0.269, H@3: 0.395, H@10: 0.548 | 
[2026-04-13 09:47:49,376][root][INFO] - Epoch: 269 | Loss: 0.0013 | Val - MRR: 0.3621, MR:  160.81, H@1: 0.270, H@3: 0.395, H@10: 0.549 | 
[2026-04-13 09:50:09,195][root][INFO] - Epoch: 270 | Loss: 0.0013 | Val - MRR: 0.3624, MR:  160.58, H@1: 0.271, H@3: 0.397, H@10: 0.549 | 
[2026-04-13 09:52:41,578][root][INFO] - Epoch: 271 | Loss: 0.0013 | Val - MRR: 0.3627, MR:  159.36, H@1: 0.271, H@3: 0.396, H@10: 0.551 | Test - MRR: 0.4511 | *
[2026-04-13 09:54:59,666][root][INFO] - Epoch: 272 | Loss: 0.0013 | Val - MRR: 0.3616, MR:  159.16, H@1: 0.270, H@3: 0.395, H@10: 0.549 | 
[2026-04-13 09:57:29,653][root][INFO] - Epoch: 273 | Loss: 0.0013 | Val - MRR: 0.3628, MR:  161.55, H@1: 0.271, H@3: 0.396, H@10: 0.549 | Test - MRR: 0.4492 | *
[2026-04-13 10:00:00,393][root][INFO] - Epoch: 274 | Loss: 0.0013 | Val - MRR: 0.3622, MR:  160.11, H@1: 0.270, H@3: 0.397, H@10: 0.549 | Test - MRR: 0.4512 | *
[2026-04-13 10:02:32,860][root][INFO] - Epoch: 275 | Loss: 0.0013 | Val - MRR: 0.3621, MR:  159.76, H@1: 0.269, H@3: 0.396, H@10: 0.551 | Test - MRR: 0.4517 | *
[2026-04-13 10:05:06,171][root][INFO] - Epoch: 276 | Loss: 0.0013 | Val - MRR: 0.3620, MR:  160.53, H@1: 0.269, H@3: 0.396, H@10: 0.551 | Test - MRR: 0.4521 | *
[2026-04-13 10:07:36,817][root][INFO] - Epoch: 277 | Loss: 0.0013 | Val - MRR: 0.3619, MR:  159.23, H@1: 0.269, H@3: 0.397, H@10: 0.550 | Test - MRR: 0.4527 | *
[2026-04-13 10:10:09,227][root][INFO] - Epoch: 278 | Loss: 0.0013 | Val - MRR: 0.3625, MR:  159.74, H@1: 0.270, H@3: 0.396, H@10: 0.551 | Test - MRR: 0.4529 | *
[2026-04-13 10:12:27,842][root][INFO] - Epoch: 279 | Loss: 0.0013 | Val - MRR: 0.3620, MR:  161.76, H@1: 0.269, H@3: 0.397, H@10: 0.550 | 
[2026-04-13 10:14:48,166][root][INFO] - Epoch: 280 | Loss: 0.0013 | Val - MRR: 0.3621, MR:  156.38, H@1: 0.269, H@3: 0.398, H@10: 0.550 | 
[2026-04-13 10:17:19,776][root][INFO] - Epoch: 281 | Loss: 0.0013 | Val - MRR: 0.3625, MR:  158.44, H@1: 0.270, H@3: 0.395, H@10: 0.551 | Test - MRR: 0.4530 | *
[2026-04-13 10:19:39,093][root][INFO] - Epoch: 282 | Loss: 0.0013 | Val - MRR: 0.3597, MR:  161.39, H@1: 0.267, H@3: 0.394, H@10: 0.546 | 
[2026-04-13 10:21:59,104][root][INFO] - Epoch: 283 | Loss: 0.0013 | Val - MRR: 0.3618, MR:  162.06, H@1: 0.269, H@3: 0.396, H@10: 0.550 | 
[2026-04-13 10:24:18,654][root][INFO] - Epoch: 284 | Loss: 0.0013 | Val - MRR: 0.3622, MR:  160.07, H@1: 0.269, H@3: 0.397, H@10: 0.550 | 
[2026-04-13 10:26:49,153][root][INFO] - Epoch: 285 | Loss: 0.0013 | Val - MRR: 0.3628, MR:  162.50, H@1: 0.270, H@3: 0.397, H@10: 0.550 | Test - MRR: 0.4526 | *
[2026-04-13 10:29:19,024][root][INFO] - Epoch: 286 | Loss: 0.0013 | Val - MRR: 0.3630, MR:  159.90, H@1: 0.270, H@3: 0.397, H@10: 0.551 | Test - MRR: 0.4506 | *
[2026-04-13 10:31:38,051][root][INFO] - Epoch: 287 | Loss: 0.0013 | Val - MRR: 0.3628, MR:  160.66, H@1: 0.270, H@3: 0.397, H@10: 0.551 | 
[2026-04-13 10:34:09,261][root][INFO] - Epoch: 288 | Loss: 0.0013 | Val - MRR: 0.3637, MR:  161.74, H@1: 0.271, H@3: 0.398, H@10: 0.550 | Test - MRR: 0.4524 | *
[2026-04-13 10:36:27,656][root][INFO] - Epoch: 289 | Loss: 0.0013 | Val - MRR: 0.3622, MR:  158.97, H@1: 0.269, H@3: 0.396, H@10: 0.550 | 
[2026-04-13 10:38:46,811][root][INFO] - Epoch: 290 | Loss: 0.0013 | Val - MRR: 0.3632, MR:  161.65, H@1: 0.271, H@3: 0.397, H@10: 0.550 | 
[2026-04-13 10:41:19,094][root][INFO] - Epoch: 291 | Loss: 0.0013 | Val - MRR: 0.3638, MR:  163.48, H@1: 0.271, H@3: 0.399, H@10: 0.552 | Test - MRR: 0.4559 | *
[2026-04-13 10:43:37,492][root][INFO] - Epoch: 292 | Loss: 0.0013 | Val - MRR: 0.3634, MR:  160.29, H@1: 0.271, H@3: 0.399, H@10: 0.551 | 
[2026-04-13 10:45:55,747][root][INFO] - Epoch: 293 | Loss: 0.0013 | Val - MRR: 0.3633, MR:  160.52, H@1: 0.270, H@3: 0.397, H@10: 0.551 | 
[2026-04-13 10:48:13,724][root][INFO] - Epoch: 294 | Loss: 0.0013 | Val - MRR: 0.3629, MR:  161.94, H@1: 0.271, H@3: 0.396, H@10: 0.550 | 
[2026-04-13 10:50:34,142][root][INFO] - Epoch: 295 | Loss: 0.0013 | Val - MRR: 0.3632, MR:  162.71, H@1: 0.270, H@3: 0.398, H@10: 0.551 | 
[2026-04-13 10:53:05,184][root][INFO] - Epoch: 296 | Loss: 0.0013 | Val - MRR: 0.3636, MR:  163.01, H@1: 0.272, H@3: 0.397, H@10: 0.550 | Test - MRR: 0.4578 | *
[2026-04-13 10:55:36,678][root][INFO] - Epoch: 297 | Loss: 0.0013 | Val - MRR: 0.3646, MR:  162.71, H@1: 0.272, H@3: 0.398, H@10: 0.553 | Test - MRR: 0.4569 | *
[2026-04-13 10:57:54,866][root][INFO] - Epoch: 298 | Loss: 0.0013 | Val - MRR: 0.3640, MR:  160.18, H@1: 0.271, H@3: 0.399, H@10: 0.553 | 
[2026-04-13 11:00:14,043][root][INFO] - Epoch: 299 | Loss: 0.0013 | Val - MRR: 0.3641, MR:  161.60, H@1: 0.271, H@3: 0.398, H@10: 0.553 | 
[2026-04-13 11:02:31,887][root][INFO] - Epoch: 300 | Loss: 0.0013 | Val - MRR: 0.3636, MR:  162.72, H@1: 0.271, H@3: 0.397, H@10: 0.552 | 
[2026-04-13 11:04:49,940][root][INFO] - Epoch: 301 | Loss: 0.0013 | Val - MRR: 0.3629, MR:  161.41, H@1: 0.270, H@3: 0.398, H@10: 0.551 | 
[2026-04-13 11:07:09,139][root][INFO] - Epoch: 302 | Loss: 0.0013 | Val - MRR: 0.3631, MR:  163.47, H@1: 0.271, H@3: 0.399, H@10: 0.551 | 
[2026-04-13 11:09:26,803][root][INFO] - Epoch: 303 | Loss: 0.0013 | Val - MRR: 0.3635, MR:  164.29, H@1: 0.271, H@3: 0.397, H@10: 0.552 | 
[2026-04-13 11:11:57,121][root][INFO] - Epoch: 304 | Loss: 0.0013 | Val - MRR: 0.3652, MR:  163.73, H@1: 0.274, H@3: 0.398, H@10: 0.552 | Test - MRR: 0.4534 | *
[2026-04-13 11:14:15,958][root][INFO] - Epoch: 305 | Loss: 0.0013 | Val - MRR: 0.3630, MR:  162.94, H@1: 0.270, H@3: 0.397, H@10: 0.549 | 
[2026-04-13 11:16:34,917][root][INFO] - Epoch: 306 | Loss: 0.0013 | Val - MRR: 0.3629, MR:  164.97, H@1: 0.271, H@3: 0.396, H@10: 0.549 | 
[2026-04-13 11:18:53,595][root][INFO] - Epoch: 307 | Loss: 0.0013 | Val - MRR: 0.3631, MR:  165.36, H@1: 0.271, H@3: 0.396, H@10: 0.550 | 
[2026-04-13 11:21:12,422][root][INFO] - Epoch: 308 | Loss: 0.0013 | Val - MRR: 0.3632, MR:  161.97, H@1: 0.271, H@3: 0.397, H@10: 0.549 | 
[2026-04-13 11:23:30,567][root][INFO] - Epoch: 309 | Loss: 0.0013 | Val - MRR: 0.3639, MR:  161.94, H@1: 0.271, H@3: 0.398, H@10: 0.550 | 
[2026-04-13 11:25:49,399][root][INFO] - Epoch: 310 | Loss: 0.0013 | Val - MRR: 0.3642, MR:  163.78, H@1: 0.273, H@3: 0.398, H@10: 0.550 | 
[2026-04-13 11:28:08,221][root][INFO] - Epoch: 311 | Loss: 0.0013 | Val - MRR: 0.3635, MR:  164.06, H@1: 0.271, H@3: 0.398, H@10: 0.550 | 
[2026-04-13 11:30:27,558][root][INFO] - Epoch: 312 | Loss: 0.0013 | Val - MRR: 0.3643, MR:  165.51, H@1: 0.272, H@3: 0.399, H@10: 0.550 | 
[2026-04-13 11:32:57,894][root][INFO] - Epoch: 313 | Loss: 0.0013 | Val - MRR: 0.3654, MR:  163.79, H@1: 0.273, H@3: 0.400, H@10: 0.551 | Test - MRR: 0.4552 | *
[2026-04-13 11:35:16,769][root][INFO] - Epoch: 314 | Loss: 0.0013 | Val - MRR: 0.3646, MR:  162.91, H@1: 0.272, H@3: 0.400, H@10: 0.551 | 
[2026-04-13 11:37:35,308][root][INFO] - Epoch: 315 | Loss: 0.0013 | Val - MRR: 0.3649, MR:  164.79, H@1: 0.272, H@3: 0.400, H@10: 0.551 | 
[2026-04-13 11:39:53,996][root][INFO] - Epoch: 316 | Loss: 0.0013 | Val - MRR: 0.3634, MR:  163.96, H@1: 0.270, H@3: 0.398, H@10: 0.550 | 
[2026-04-13 11:42:12,750][root][INFO] - Epoch: 317 | Loss: 0.0013 | Val - MRR: 0.3654, MR:  162.80, H@1: 0.273, H@3: 0.400, H@10: 0.553 | 
[2026-04-13 11:44:34,717][root][INFO] - Epoch: 318 | Loss: 0.0013 | Val - MRR: 0.3640, MR:  167.47, H@1: 0.271, H@3: 0.399, H@10: 0.552 | 
[2026-04-13 11:46:53,701][root][INFO] - Epoch: 319 | Loss: 0.0013 | Val - MRR: 0.3632, MR:  164.64, H@1: 0.270, H@3: 0.397, H@10: 0.552 | 
[2026-04-13 11:49:12,245][root][INFO] - Epoch: 320 | Loss: 0.0013 | Val - MRR: 0.3638, MR:  165.00, H@1: 0.270, H@3: 0.401, H@10: 0.551 | 
[2026-04-13 11:51:31,842][root][INFO] - Epoch: 321 | Loss: 0.0013 | Val - MRR: 0.3646, MR:  166.61, H@1: 0.271, H@3: 0.401, H@10: 0.551 | 
[2026-04-13 11:53:51,591][root][INFO] - Epoch: 322 | Loss: 0.0013 | Val - MRR: 0.3646, MR:  164.38, H@1: 0.271, H@3: 0.400, H@10: 0.553 | 
[2026-04-13 11:56:12,423][root][INFO] - Epoch: 323 | Loss: 0.0013 | Val - MRR: 0.3643, MR:  164.87, H@1: 0.272, H@3: 0.399, H@10: 0.551 | 
[2026-04-13 11:58:30,303][root][INFO] - Epoch: 324 | Loss: 0.0013 | Val - MRR: 0.3645, MR:  162.80, H@1: 0.271, H@3: 0.399, H@10: 0.553 | 
[2026-04-13 12:00:48,555][root][INFO] - Epoch: 325 | Loss: 0.0013 | Val - MRR: 0.3645, MR:  163.77, H@1: 0.272, H@3: 0.400, H@10: 0.551 | 
[2026-04-13 12:03:06,972][root][INFO] - Epoch: 326 | Loss: 0.0013 | Val - MRR: 0.3648, MR:  168.27, H@1: 0.272, H@3: 0.401, H@10: 0.552 | 
[2026-04-13 12:05:26,280][root][INFO] - Epoch: 327 | Loss: 0.0013 | Val - MRR: 0.3648, MR:  164.85, H@1: 0.272, H@3: 0.399, H@10: 0.552 | 
[2026-04-13 12:07:45,190][root][INFO] - Epoch: 328 | Loss: 0.0013 | Val - MRR: 0.3640, MR:  163.94, H@1: 0.271, H@3: 0.401, H@10: 0.551 | 
[2026-04-13 12:10:16,726][root][INFO] - Epoch: 329 | Loss: 0.0013 | Val - MRR: 0.3658, MR:  164.95, H@1: 0.273, H@3: 0.401, H@10: 0.554 | Test - MRR: 0.4543 | *
[2026-04-13 12:12:37,383][root][INFO] - Epoch: 330 | Loss: 0.0013 | Val - MRR: 0.3644, MR:  164.93, H@1: 0.272, H@3: 0.399, H@10: 0.553 | 
[2026-04-13 12:14:55,669][root][INFO] - Epoch: 331 | Loss: 0.0013 | Val - MRR: 0.3651, MR:  168.30, H@1: 0.272, H@3: 0.399, H@10: 0.551 | 
[2026-04-13 12:17:15,680][root][INFO] - Epoch: 332 | Loss: 0.0013 | Val - MRR: 0.3652, MR:  167.03, H@1: 0.272, H@3: 0.400, H@10: 0.552 | 
[2026-04-13 12:19:35,054][root][INFO] - Epoch: 333 | Loss: 0.0013 | Val - MRR: 0.3654, MR:  162.64, H@1: 0.272, H@3: 0.402, H@10: 0.555 | 
[2026-04-13 12:21:54,463][root][INFO] - Epoch: 334 | Loss: 0.0013 | Val - MRR: 0.3635, MR:  167.41, H@1: 0.271, H@3: 0.399, H@10: 0.551 | 
[2026-04-13 12:24:12,589][root][INFO] - Epoch: 335 | Loss: 0.0013 | Val - MRR: 0.3644, MR:  166.93, H@1: 0.271, H@3: 0.401, H@10: 0.552 | 
[2026-04-13 12:26:31,693][root][INFO] - Epoch: 336 | Loss: 0.0013 | Val - MRR: 0.3647, MR:  167.63, H@1: 0.272, H@3: 0.400, H@10: 0.552 | 
[2026-04-13 12:28:50,517][root][INFO] - Epoch: 337 | Loss: 0.0013 | Val - MRR: 0.3649, MR:  163.31, H@1: 0.272, H@3: 0.400, H@10: 0.551 | 
[2026-04-13 12:31:09,233][root][INFO] - Epoch: 338 | Loss: 0.0013 | Val - MRR: 0.3643, MR:  163.29, H@1: 0.272, H@3: 0.399, H@10: 0.551 | 
[2026-04-13 12:33:28,979][root][INFO] - Epoch: 339 | Loss: 0.0013 | Val - MRR: 0.3645, MR:  167.87, H@1: 0.271, H@3: 0.400, H@10: 0.552 | 
[2026-04-13 12:35:47,581][root][INFO] - Epoch: 340 | Loss: 0.0013 | Val - MRR: 0.3636, MR:  166.02, H@1: 0.270, H@3: 0.400, H@10: 0.550 | 
[2026-04-13 12:38:06,383][root][INFO] - Epoch: 341 | Loss: 0.0013 | Val - MRR: 0.3641, MR:  166.66, H@1: 0.271, H@3: 0.399, H@10: 0.551 | 
[2026-04-13 12:40:26,245][root][INFO] - Epoch: 342 | Loss: 0.0013 | Val - MRR: 0.3645, MR:  165.83, H@1: 0.271, H@3: 0.401, H@10: 0.552 | 
[2026-04-13 12:42:45,468][root][INFO] - Epoch: 343 | Loss: 0.0013 | Val - MRR: 0.3640, MR:  168.97, H@1: 0.271, H@3: 0.399, H@10: 0.552 | 
[2026-04-13 12:45:05,718][root][INFO] - Epoch: 344 | Loss: 0.0013 | Val - MRR: 0.3634, MR:  167.24, H@1: 0.270, H@3: 0.401, H@10: 0.552 | 
[2026-04-13 12:47:24,372][root][INFO] - Epoch: 345 | Loss: 0.0013 | Val - MRR: 0.3644, MR:  167.37, H@1: 0.271, H@3: 0.400, H@10: 0.552 | 
[2026-04-13 12:49:43,533][root][INFO] - Epoch: 346 | Loss: 0.0013 | Val - MRR: 0.3641, MR:  165.29, H@1: 0.271, H@3: 0.399, H@10: 0.551 | 
[2026-04-13 12:52:02,253][root][INFO] - Epoch: 347 | Loss: 0.0013 | Val - MRR: 0.3643, MR:  167.52, H@1: 0.271, H@3: 0.400, H@10: 0.551 | 
[2026-04-13 12:54:21,144][root][INFO] - Epoch: 348 | Loss: 0.0013 | Val - MRR: 0.3641, MR:  167.93, H@1: 0.271, H@3: 0.400, H@10: 0.551 | 
[2026-04-13 12:56:39,851][root][INFO] - Epoch: 349 | Loss: 0.0013 | Val - MRR: 0.3649, MR:  166.24, H@1: 0.272, H@3: 0.400, H@10: 0.552 | 
[2026-04-13 12:58:58,130][root][INFO] - Epoch: 350 | Loss: 0.0013 | Val - MRR: 0.3641, MR:  167.17, H@1: 0.272, H@3: 0.399, H@10: 0.551 | 
[2026-04-13 13:01:19,820][root][INFO] - Epoch: 351 | Loss: 0.0013 | Val - MRR: 0.3631, MR:  167.89, H@1: 0.270, H@3: 0.398, H@10: 0.550 | 
[2026-04-13 13:03:38,018][root][INFO] - Epoch: 352 | Loss: 0.0013 | Val - MRR: 0.3637, MR:  166.41, H@1: 0.271, H@3: 0.399, H@10: 0.551 | 
[2026-04-13 13:05:56,569][root][INFO] - Epoch: 353 | Loss: 0.0013 | Val - MRR: 0.3642, MR:  167.32, H@1: 0.271, H@3: 0.400, H@10: 0.552 | 
[2026-04-13 13:08:15,799][root][INFO] - Epoch: 354 | Loss: 0.0013 | Val - MRR: 0.3651, MR:  171.50, H@1: 0.273, H@3: 0.400, H@10: 0.551 | 
[2026-04-13 13:10:33,131][root][INFO] - Epoch: 355 | Loss: 0.0013 | Val - MRR: 0.3643, MR:  168.84, H@1: 0.272, H@3: 0.400, H@10: 0.551 | 
[2026-04-13 13:12:52,970][root][INFO] - Epoch: 356 | Loss: 0.0013 | Val - MRR: 0.3646, MR:  169.44, H@1: 0.272, H@3: 0.400, H@10: 0.550 | 
[2026-04-13 13:15:12,760][root][INFO] - Epoch: 357 | Loss: 0.0013 | Val - MRR: 0.3652, MR:  165.79, H@1: 0.273, H@3: 0.400, H@10: 0.552 | 
[2026-04-13 13:17:32,236][root][INFO] - Epoch: 358 | Loss: 0.0013 | Val - MRR: 0.3644, MR:  167.35, H@1: 0.272, H@3: 0.399, H@10: 0.551 | 
[2026-04-13 13:19:51,531][root][INFO] - Epoch: 359 | Loss: 0.0013 | Val - MRR: 0.3650, MR:  169.74, H@1: 0.272, H@3: 0.401, H@10: 0.552 | 
[2026-04-13 13:22:10,977][root][INFO] - Epoch: 360 | Loss: 0.0013 | Val - MRR: 0.3650, MR:  165.70, H@1: 0.273, H@3: 0.399, H@10: 0.552 | 
[2026-04-13 13:24:30,749][root][INFO] - Epoch: 361 | Loss: 0.0013 | Val - MRR: 0.3655, MR:  167.66, H@1: 0.273, H@3: 0.401, H@10: 0.551 | 
[2026-04-13 13:26:50,338][root][INFO] - Epoch: 362 | Loss: 0.0013 | Val - MRR: 0.3635, MR:  169.29, H@1: 0.271, H@3: 0.399, H@10: 0.550 | 
[2026-04-13 13:29:07,982][root][INFO] - Epoch: 363 | Loss: 0.0013 | Val - MRR: 0.3644, MR:  166.71, H@1: 0.271, H@3: 0.400, H@10: 0.552 | 
[2026-04-13 13:31:26,265][root][INFO] - Epoch: 364 | Loss: 0.0013 | Val - MRR: 0.3632, MR:  169.70, H@1: 0.270, H@3: 0.399, H@10: 0.551 | 
[2026-04-13 13:33:45,159][root][INFO] - Epoch: 365 | Loss: 0.0013 | Val - MRR: 0.3633, MR:  169.69, H@1: 0.270, H@3: 0.398, H@10: 0.549 | 
[2026-04-13 13:33:45,160][root][INFO] - Long time no improvenment, stop training...
[2026-04-13 13:33:45,160][root][INFO] - Training end...
[2026-04-13 13:33:45,484][root][INFO] - ✅ 成功加载最优模型：/home/wangwei/DSGNet-main/DSGNet/model_checkpoints/best_model_FB15k_237_20260413_105252.torch
[2026-04-13 13:33:45,484][root][INFO] - 📌 最优模型来自Epoch：296，最优MRR：0.4578
[2026-04-13 13:33:45,485][root][INFO] - Train metrics ...
[2026-04-13 13:34:57,569][root][INFO] - Train (head) - MRR: 0.6358, MR:    9.93, H@1: 0.514, H@3: 0.718, H@10: 0.858
[2026-04-13 13:34:57,569][root][INFO] - Train (tail) - MRR: 0.7257, MR:    5.94, H@1: 0.618, H@3: 0.804, H@10: 0.915
[2026-04-13 13:34:57,569][root][INFO] - Train (avg) - MRR: 0.6808, MR:    7.94, H@1: 0.566, H@3: 0.761, H@10: 0.887

[2026-04-13 13:34:57,569][root][INFO] - Valid metrics ...
[2026-04-13 13:35:13,525][root][INFO] - Valid (head) - MRR: 0.2638, MR:  215.88, H@1: 0.174, H@3: 0.289, H@10: 0.447
[2026-04-13 13:35:13,526][root][INFO] - Valid (tail) - MRR: 0.4634, MR:  110.14, H@1: 0.369, H@3: 0.506, H@10: 0.653
[2026-04-13 13:35:13,526][root][INFO] - Valid (avg) - MRR: 0.3636, MR:  163.01, H@1: 0.272, H@3: 0.397, H@10: 0.550

[2026-04-13 13:35:13,526][root][INFO] - Test metrics...
[2026-04-13 13:35:25,856][root][INFO] - Test (head) - MRR: 0.1276, MR:  474.29, H@1: 0.078, H@3: 0.126, H@10: 0.225
[2026-04-13 13:35:25,857][root][INFO] - Test (tail) - MRR: 0.7880, MR:   39.17, H@1: 0.730, H@3: 0.827, H@10: 0.888
[2026-04-13 13:35:25,857][root][INFO] - Test (avg) - MRR: 0.4578, MR:  256.73, H@1: 0.404, H@3: 0.477, H@10: 0.556

[2026-04-13 13:35:25,857][root][INFO] - Model save path: /home/wangwei/DSGNet-main/DSGNet/data/output/FB15k_237/2026-04-12/22-32-17
