[2026-04-12 22:36:44,137][root][INFO] - 
------Config------
 {'dataset': 'FB15k_237', 'epoch': 600, 'batch_size': 1024, 'learning_rate': 0.00035, 'h_dim': 480, 'pred_rel_w': False, 'label_smooth': 0.1, 'n_heads': 8, 'topk': 15, 'kg_layer': 2, 'rm_rate': 0.5, 'ent_drop': 0.3, 'rel_drop': 0.2, 'comp_op': 'mul', 'bn': False, 'k_h': 16, 'k_w': 30, 'conv_drop': 0.3, 'ent_drop_pred': 0.3, 'fc_drop': 0.5, 'ker_sz': 8, 'out_channel': 200, 'device': 1, 'max_no_improve': 35, 'cpu_worker_num': 10, 'warmup_epoch': 5}
[2026-04-12 22:36:44,137][root][INFO] - Code dir path: /home/wangwei/DSGNet-main/DSGNet/code_new
[2026-04-12 22:36:44,137][root][INFO] - Config dir path: /home/wangwei/DSGNet-main/DSGNet/config
[2026-04-12 22:36:44,137][root][INFO] - Model save path: /home/wangwei/DSGNet-main/DSGNet/data/output/FB15k_237/2026-04-12/22-36-44
[2026-04-12 22:36:47,963][root][INFO] - kg # node: 14541
[2026-04-12 22:36:47,963][root][INFO] - kg # edge: 544230
[2026-04-12 22:36:47,963][root][INFO] - kg # zero deg node: 36
[2026-04-12 22:36:47,963][root][INFO] - ---Load Train Data---
[2026-04-12 22:36:50,417][root][INFO] - -----Model Parameter Configuration-----
[2026-04-12 22:36:50,418][root][INFO] - Parameter ent_emb: torch.Size([14541, 480]), require_grad = True
[2026-04-12 22:36:50,418][root][INFO] - Parameter pred_rel_emb: torch.Size([474, 480]), require_grad = True
[2026-04-12 22:36:50,418][root][INFO] - Parameter W_fuse: torch.Size([480, 480]), require_grad = True
[2026-04-12 22:36:50,418][root][INFO] - Parameter a_fuse: torch.Size([960, 1]), require_grad = True
[2026-04-12 22:36:50,418][root][INFO] - Parameter rel_embs.0: torch.Size([474, 480]), require_grad = True
[2026-04-12 22:36:50,418][root][INFO] - Parameter rel_embs.1: torch.Size([474, 480]), require_grad = True
[2026-04-12 22:36:50,418][root][INFO] - Parameter predictor.bn0.weight: torch.Size([1]), require_grad = True
[2026-04-12 22:36:50,418][root][INFO] - Parameter predictor.bn0.bias: torch.Size([1]), require_grad = True
[2026-04-12 22:36:50,418][root][INFO] - Parameter predictor.bn1.weight: torch.Size([200]), require_grad = True
[2026-04-12 22:36:50,418][root][INFO] - Parameter predictor.bn1.bias: torch.Size([200]), require_grad = True
[2026-04-12 22:36:50,418][root][INFO] - Parameter predictor.bn2.weight: torch.Size([480]), require_grad = True
[2026-04-12 22:36:50,418][root][INFO] - Parameter predictor.bn2.bias: torch.Size([480]), require_grad = True
[2026-04-12 22:36:50,418][root][INFO] - Parameter predictor.conv.weight: torch.Size([200, 1, 8, 8]), require_grad = True
[2026-04-12 22:36:50,418][root][INFO] - Parameter predictor.fc.weight: torch.Size([480, 115000]), require_grad = True
[2026-04-12 22:36:50,418][root][INFO] - Parameter L.weight: torch.Size([480, 480]), require_grad = True
[2026-04-12 22:36:50,419][root][INFO] - Parameter L.bias: torch.Size([480]), require_grad = True
[2026-04-12 22:36:50,419][root][INFO] - Parameter S.weight: torch.Size([480, 480]), require_grad = True
[2026-04-12 22:36:50,419][root][INFO] - Parameter S.bias: torch.Size([480]), require_grad = True
[2026-04-12 22:36:50,419][root][INFO] - Parameter comp_layers.0.neigh_w: torch.Size([480, 480]), require_grad = True
[2026-04-12 22:36:50,419][root][INFO] - Parameter comp_layers.0.W.0: torch.Size([480, 60]), require_grad = True
[2026-04-12 22:36:50,419][root][INFO] - Parameter comp_layers.0.W.1: torch.Size([480, 60]), require_grad = True
[2026-04-12 22:36:50,419][root][INFO] - Parameter comp_layers.0.W.2: torch.Size([480, 60]), require_grad = True
[2026-04-12 22:36:50,419][root][INFO] - Parameter comp_layers.0.W.3: torch.Size([480, 60]), require_grad = True
[2026-04-12 22:36:50,419][root][INFO] - Parameter comp_layers.0.W.4: torch.Size([480, 60]), require_grad = True
[2026-04-12 22:36:50,419][root][INFO] - Parameter comp_layers.0.W.5: torch.Size([480, 60]), require_grad = True
[2026-04-12 22:36:50,419][root][INFO] - Parameter comp_layers.0.W.6: torch.Size([480, 60]), require_grad = True
[2026-04-12 22:36:50,419][root][INFO] - Parameter comp_layers.0.W.7: torch.Size([480, 60]), require_grad = True
[2026-04-12 22:36:50,419][root][INFO] - Parameter comp_layers.0.W_r.0: torch.Size([480, 60]), require_grad = True
[2026-04-12 22:36:50,419][root][INFO] - Parameter comp_layers.0.W_r.1: torch.Size([480, 60]), require_grad = True
[2026-04-12 22:36:50,419][root][INFO] - Parameter comp_layers.0.W_r.2: torch.Size([480, 60]), require_grad = True
[2026-04-12 22:36:50,419][root][INFO] - Parameter comp_layers.0.W_r.3: torch.Size([480, 60]), require_grad = True
[2026-04-12 22:36:50,419][root][INFO] - Parameter comp_layers.0.W_r.4: torch.Size([480, 60]), require_grad = True
[2026-04-12 22:36:50,419][root][INFO] - Parameter comp_layers.0.W_r.5: torch.Size([480, 60]), require_grad = True
[2026-04-12 22:36:50,419][root][INFO] - Parameter comp_layers.0.W_r.6: torch.Size([480, 60]), require_grad = True
[2026-04-12 22:36:50,419][root][INFO] - Parameter comp_layers.0.W_r.7: torch.Size([480, 60]), require_grad = True
[2026-04-12 22:36:50,419][root][INFO] - Parameter comp_layers.0.a.0: torch.Size([180, 1]), require_grad = True
[2026-04-12 22:36:50,420][root][INFO] - Parameter comp_layers.0.a.1: torch.Size([180, 1]), require_grad = True
[2026-04-12 22:36:50,420][root][INFO] - Parameter comp_layers.0.a.2: torch.Size([180, 1]), require_grad = True
[2026-04-12 22:36:50,420][root][INFO] - Parameter comp_layers.0.a.3: torch.Size([180, 1]), require_grad = True
[2026-04-12 22:36:50,420][root][INFO] - Parameter comp_layers.0.a.4: torch.Size([180, 1]), require_grad = True
[2026-04-12 22:36:50,420][root][INFO] - Parameter comp_layers.0.a.5: torch.Size([180, 1]), require_grad = True
[2026-04-12 22:36:50,420][root][INFO] - Parameter comp_layers.0.a.6: torch.Size([180, 1]), require_grad = True
[2026-04-12 22:36:50,420][root][INFO] - Parameter comp_layers.0.a.7: torch.Size([180, 1]), require_grad = True
[2026-04-12 22:36:50,420][root][INFO] - Parameter comp_layers.1.neigh_w: torch.Size([480, 480]), require_grad = True
[2026-04-12 22:36:50,420][root][INFO] - Parameter comp_layers.1.W.0: torch.Size([480, 60]), require_grad = True
[2026-04-12 22:36:50,420][root][INFO] - Parameter comp_layers.1.W.1: torch.Size([480, 60]), require_grad = True
[2026-04-12 22:36:50,420][root][INFO] - Parameter comp_layers.1.W.2: torch.Size([480, 60]), require_grad = True
[2026-04-12 22:36:50,420][root][INFO] - Parameter comp_layers.1.W.3: torch.Size([480, 60]), require_grad = True
[2026-04-12 22:36:50,420][root][INFO] - Parameter comp_layers.1.W.4: torch.Size([480, 60]), require_grad = True
[2026-04-12 22:36:50,420][root][INFO] - Parameter comp_layers.1.W.5: torch.Size([480, 60]), require_grad = True
[2026-04-12 22:36:50,420][root][INFO] - Parameter comp_layers.1.W.6: torch.Size([480, 60]), require_grad = True
[2026-04-12 22:36:50,420][root][INFO] - Parameter comp_layers.1.W.7: torch.Size([480, 60]), require_grad = True
[2026-04-12 22:36:50,420][root][INFO] - Parameter comp_layers.1.W_r.0: torch.Size([480, 60]), require_grad = True
[2026-04-12 22:36:50,420][root][INFO] - Parameter comp_layers.1.W_r.1: torch.Size([480, 60]), require_grad = True
[2026-04-12 22:36:50,420][root][INFO] - Parameter comp_layers.1.W_r.2: torch.Size([480, 60]), require_grad = True
[2026-04-12 22:36:50,420][root][INFO] - Parameter comp_layers.1.W_r.3: torch.Size([480, 60]), require_grad = True
[2026-04-12 22:36:50,420][root][INFO] - Parameter comp_layers.1.W_r.4: torch.Size([480, 60]), require_grad = True
[2026-04-12 22:36:50,420][root][INFO] - Parameter comp_layers.1.W_r.5: torch.Size([480, 60]), require_grad = True
[2026-04-12 22:36:50,420][root][INFO] - Parameter comp_layers.1.W_r.6: torch.Size([480, 60]), require_grad = True
[2026-04-12 22:36:50,421][root][INFO] - Parameter comp_layers.1.W_r.7: torch.Size([480, 60]), require_grad = True
[2026-04-12 22:36:50,421][root][INFO] - Parameter comp_layers.1.a.0: torch.Size([180, 1]), require_grad = True
[2026-04-12 22:36:50,421][root][INFO] - Parameter comp_layers.1.a.1: torch.Size([180, 1]), require_grad = True
[2026-04-12 22:36:50,421][root][INFO] - Parameter comp_layers.1.a.2: torch.Size([180, 1]), require_grad = True
[2026-04-12 22:36:50,421][root][INFO] - Parameter comp_layers.1.a.3: torch.Size([180, 1]), require_grad = True
[2026-04-12 22:36:50,421][root][INFO] - Parameter comp_layers.1.a.4: torch.Size([180, 1]), require_grad = True
[2026-04-12 22:36:50,421][root][INFO] - Parameter comp_layers.1.a.5: torch.Size([180, 1]), require_grad = True
[2026-04-12 22:36:50,421][root][INFO] - Parameter comp_layers.1.a.6: torch.Size([180, 1]), require_grad = True
[2026-04-12 22:36:50,421][root][INFO] - Parameter comp_layers.1.a.7: torch.Size([180, 1]), require_grad = True
[2026-04-12 22:36:51,336][root][INFO] - Training... total epoch: 600, step: 88200
[2026-04-12 22:39:45,393][root][INFO] - Epoch:   0 | Loss: 0.4587 | Val - MRR: 0.0017, MR: 6536.06, H@1: 0.000, H@3: 0.000, H@10: 0.000 | Test - MRR: 0.0006 | *
[2026-04-12 22:42:36,966][root][INFO] - Epoch:   1 | Loss: 0.0057 | Val - MRR: 0.0066, MR: 5675.67, H@1: 0.002, H@3: 0.008, H@10: 0.010 | Test - MRR: 0.0015 | *
[2026-04-12 22:45:28,884][root][INFO] - Epoch:   2 | Loss: 0.0034 | Val - MRR: 0.0369, MR: 4205.44, H@1: 0.029, H@3: 0.037, H@10: 0.042 | Test - MRR: 0.0188 | *
[2026-04-12 22:48:19,363][root][INFO] - Epoch:   3 | Loss: 0.0032 | Val - MRR: 0.0847, MR: 2947.88, H@1: 0.071, H@3: 0.087, H@10: 0.100 | Test - MRR: 0.0494 | *
[2026-04-12 22:51:08,507][root][INFO] - Epoch:   4 | Loss: 0.0032 | Val - MRR: 0.1078, MR: 2215.09, H@1: 0.084, H@3: 0.113, H@10: 0.144 | Test - MRR: 0.0739 | *
[2026-04-12 22:53:57,600][root][INFO] - Epoch:   5 | Loss: 0.0031 | Val - MRR: 0.1275, MR: 1831.82, H@1: 0.097, H@3: 0.133, H@10: 0.182 | Test - MRR: 0.0955 | *
[2026-04-12 22:56:46,386][root][INFO] - Epoch:   6 | Loss: 0.0029 | Val - MRR: 0.1548, MR: 1490.45, H@1: 0.116, H@3: 0.164, H@10: 0.225 | Test - MRR: 0.1242 | *
[2026-04-12 22:59:35,454][root][INFO] - Epoch:   7 | Loss: 0.0027 | Val - MRR: 0.1692, MR: 1243.65, H@1: 0.125, H@3: 0.184, H@10: 0.248 | Test - MRR: 0.1387 | *
[2026-04-12 23:02:23,927][root][INFO] - Epoch:   8 | Loss: 0.0027 | Val - MRR: 0.1753, MR: 1074.94, H@1: 0.128, H@3: 0.188, H@10: 0.266 | Test - MRR: 0.1458 | *
[2026-04-12 23:05:13,790][root][INFO] - Epoch:   9 | Loss: 0.0026 | Val - MRR: 0.1837, MR:  968.11, H@1: 0.134, H@3: 0.198, H@10: 0.278 | Test - MRR: 0.1552 | *
[2026-04-12 23:08:02,660][root][INFO] - Epoch:  10 | Loss: 0.0026 | Val - MRR: 0.1863, MR:  845.78, H@1: 0.135, H@3: 0.202, H@10: 0.285 | Test - MRR: 0.1590 | *
[2026-04-12 23:10:51,145][root][INFO] - Epoch:  11 | Loss: 0.0026 | Val - MRR: 0.1911, MR:  779.79, H@1: 0.139, H@3: 0.205, H@10: 0.291 | Test - MRR: 0.1635 | *
[2026-04-12 23:13:41,362][root][INFO] - Epoch:  12 | Loss: 0.0025 | Val - MRR: 0.1946, MR:  711.36, H@1: 0.141, H@3: 0.208, H@10: 0.301 | Test - MRR: 0.1674 | *
[2026-04-12 23:16:30,571][root][INFO] - Epoch:  13 | Loss: 0.0024 | Val - MRR: 0.2045, MR:  660.78, H@1: 0.149, H@3: 0.218, H@10: 0.313 | Test - MRR: 0.1759 | *
[2026-04-12 23:19:20,358][root][INFO] - Epoch:  14 | Loss: 0.0024 | Val - MRR: 0.2080, MR:  624.01, H@1: 0.152, H@3: 0.223, H@10: 0.318 | Test - MRR: 0.1798 | *
[2026-04-12 23:22:09,267][root][INFO] - Epoch:  15 | Loss: 0.0025 | Val - MRR: 0.2092, MR:  586.12, H@1: 0.152, H@3: 0.226, H@10: 0.320 | Test - MRR: 0.1813 | *
[2026-04-12 23:24:57,376][root][INFO] - Epoch:  16 | Loss: 0.0024 | Val - MRR: 0.2107, MR:  558.50, H@1: 0.153, H@3: 0.227, H@10: 0.322 | Test - MRR: 0.1833 | *
[2026-04-12 23:27:48,122][root][INFO] - Epoch:  17 | Loss: 0.0023 | Val - MRR: 0.2137, MR:  534.61, H@1: 0.155, H@3: 0.230, H@10: 0.326 | Test - MRR: 0.1857 | *
[2026-04-12 23:30:35,492][root][INFO] - Epoch:  18 | Loss: 0.0023 | Val - MRR: 0.2151, MR:  518.91, H@1: 0.155, H@3: 0.232, H@10: 0.330 | Test - MRR: 0.1878 | *
[2026-04-12 23:33:25,231][root][INFO] - Epoch:  19 | Loss: 0.0024 | Val - MRR: 0.2175, MR:  508.00, H@1: 0.157, H@3: 0.236, H@10: 0.334 | Test - MRR: 0.1901 | *
[2026-04-12 23:36:13,775][root][INFO] - Epoch:  20 | Loss: 0.0023 | Val - MRR: 0.2182, MR:  499.62, H@1: 0.158, H@3: 0.237, H@10: 0.333 | Test - MRR: 0.1911 | *
[2026-04-12 23:39:02,128][root][INFO] - Epoch:  21 | Loss: 0.0023 | Val - MRR: 0.2197, MR:  493.68, H@1: 0.159, H@3: 0.237, H@10: 0.337 | Test - MRR: 0.1924 | *
[2026-04-12 23:41:50,112][root][INFO] - Epoch:  22 | Loss: 0.0023 | Val - MRR: 0.2219, MR:  470.05, H@1: 0.161, H@3: 0.240, H@10: 0.340 | Test - MRR: 0.1948 | *
[2026-04-12 23:44:39,545][root][INFO] - Epoch:  23 | Loss: 0.0022 | Val - MRR: 0.2252, MR:  451.66, H@1: 0.164, H@3: 0.243, H@10: 0.345 | Test - MRR: 0.1982 | *
[2026-04-12 23:47:28,340][root][INFO] - Epoch:  24 | Loss: 0.0022 | Val - MRR: 0.2270, MR:  439.75, H@1: 0.165, H@3: 0.245, H@10: 0.346 | Test - MRR: 0.2001 | *
[2026-04-12 23:50:15,632][root][INFO] - Epoch:  25 | Loss: 0.0022 | Val - MRR: 0.2297, MR:  424.46, H@1: 0.167, H@3: 0.248, H@10: 0.349 | Test - MRR: 0.2038 | *
[2026-04-12 23:53:03,435][root][INFO] - Epoch:  26 | Loss: 0.0023 | Val - MRR: 0.2311, MR:  416.34, H@1: 0.168, H@3: 0.250, H@10: 0.351 | Test - MRR: 0.2053 | *
[2026-04-12 23:55:49,391][root][INFO] - Epoch:  27 | Loss: 0.0022 | Val - MRR: 0.2334, MR:  414.97, H@1: 0.170, H@3: 0.253, H@10: 0.355 | Test - MRR: 0.2085 | *
[2026-04-12 23:58:36,098][root][INFO] - Epoch:  28 | Loss: 0.0022 | Val - MRR: 0.2337, MR:  402.83, H@1: 0.169, H@3: 0.255, H@10: 0.357 | Test - MRR: 0.2089 | *
[2026-04-13 00:01:22,932][root][INFO] - Epoch:  29 | Loss: 0.0021 | Val - MRR: 0.2350, MR:  389.78, H@1: 0.171, H@3: 0.255, H@10: 0.361 | Test - MRR: 0.2094 | *
[2026-04-13 00:04:10,526][root][INFO] - Epoch:  30 | Loss: 0.0021 | Val - MRR: 0.2373, MR:  384.47, H@1: 0.173, H@3: 0.256, H@10: 0.363 | Test - MRR: 0.2116 | *
[2026-04-13 00:06:56,466][root][INFO] - Epoch:  31 | Loss: 0.0021 | Val - MRR: 0.2393, MR:  378.94, H@1: 0.173, H@3: 0.261, H@10: 0.366 | Test - MRR: 0.2144 | *
[2026-04-13 00:09:43,617][root][INFO] - Epoch:  32 | Loss: 0.0021 | Val - MRR: 0.2388, MR:  375.52, H@1: 0.172, H@3: 0.260, H@10: 0.367 | Test - MRR: 0.2144 | *
[2026-04-13 00:12:31,822][root][INFO] - Epoch:  33 | Loss: 0.0021 | Val - MRR: 0.2413, MR:  364.59, H@1: 0.175, H@3: 0.262, H@10: 0.368 | Test - MRR: 0.2170 | *
[2026-04-13 00:15:16,525][root][INFO] - Epoch:  34 | Loss: 0.0021 | Val - MRR: 0.2440, MR:  359.46, H@1: 0.176, H@3: 0.266, H@10: 0.372 | Test - MRR: 0.2207 | *
[2026-04-13 00:18:02,074][root][INFO] - Epoch:  35 | Loss: 0.0020 | Val - MRR: 0.2456, MR:  349.46, H@1: 0.178, H@3: 0.267, H@10: 0.375 | Test - MRR: 0.2235 | *
[2026-04-13 00:20:46,710][root][INFO] - Epoch:  36 | Loss: 0.0020 | Val - MRR: 0.2470, MR:  342.04, H@1: 0.179, H@3: 0.269, H@10: 0.379 | Test - MRR: 0.2238 | *
[2026-04-13 00:23:31,498][root][INFO] - Epoch:  37 | Loss: 0.0020 | Val - MRR: 0.2493, MR:  339.28, H@1: 0.181, H@3: 0.270, H@10: 0.381 | Test - MRR: 0.2268 | *
[2026-04-13 00:26:17,806][root][INFO] - Epoch:  38 | Loss: 0.0020 | Val - MRR: 0.2515, MR:  334.55, H@1: 0.182, H@3: 0.273, H@10: 0.385 | Test - MRR: 0.2290 | *
[2026-04-13 00:29:02,116][root][INFO] - Epoch:  39 | Loss: 0.0020 | Val - MRR: 0.2530, MR:  335.36, H@1: 0.184, H@3: 0.274, H@10: 0.386 | Test - MRR: 0.2311 | *
[2026-04-13 00:31:45,591][root][INFO] - Epoch:  40 | Loss: 0.0020 | Val - MRR: 0.2537, MR:  329.27, H@1: 0.185, H@3: 0.275, H@10: 0.387 | Test - MRR: 0.2315 | *
[2026-04-13 00:34:28,090][root][INFO] - Epoch:  41 | Loss: 0.0020 | Val - MRR: 0.2552, MR:  322.95, H@1: 0.186, H@3: 0.277, H@10: 0.387 | Test - MRR: 0.2333 | *
[2026-04-13 00:37:10,350][root][INFO] - Epoch:  42 | Loss: 0.0020 | Val - MRR: 0.2585, MR:  315.15, H@1: 0.189, H@3: 0.281, H@10: 0.394 | Test - MRR: 0.2354 | *
[2026-04-13 00:39:53,828][root][INFO] - Epoch:  43 | Loss: 0.0020 | Val - MRR: 0.2601, MR:  314.37, H@1: 0.190, H@3: 0.283, H@10: 0.395 | Test - MRR: 0.2396 | *
[2026-04-13 00:42:36,703][root][INFO] - Epoch:  44 | Loss: 0.0020 | Val - MRR: 0.2623, MR:  302.87, H@1: 0.193, H@3: 0.284, H@10: 0.397 | Test - MRR: 0.2397 | *
[2026-04-13 00:45:18,999][root][INFO] - Epoch:  45 | Loss: 0.0019 | Val - MRR: 0.2628, MR:  306.39, H@1: 0.193, H@3: 0.285, H@10: 0.397 | Test - MRR: 0.2409 | *
[2026-04-13 00:47:59,738][root][INFO] - Epoch:  46 | Loss: 0.0019 | Val - MRR: 0.2647, MR:  302.69, H@1: 0.194, H@3: 0.288, H@10: 0.400 | Test - MRR: 0.2430 | *
[2026-04-13 00:50:39,551][root][INFO] - Epoch:  47 | Loss: 0.0019 | Val - MRR: 0.2648, MR:  294.69, H@1: 0.194, H@3: 0.287, H@10: 0.403 | Test - MRR: 0.2434 | *
[2026-04-13 00:53:20,105][root][INFO] - Epoch:  48 | Loss: 0.0019 | Val - MRR: 0.2678, MR:  289.97, H@1: 0.197, H@3: 0.290, H@10: 0.406 | Test - MRR: 0.2458 | *
[2026-04-13 00:56:00,840][root][INFO] - Epoch:  49 | Loss: 0.0019 | Val - MRR: 0.2690, MR:  281.94, H@1: 0.197, H@3: 0.292, H@10: 0.408 | Test - MRR: 0.2486 | *
[2026-04-13 00:58:40,872][root][INFO] - Epoch:  50 | Loss: 0.0019 | Val - MRR: 0.2705, MR:  279.50, H@1: 0.197, H@3: 0.294, H@10: 0.412 | Test - MRR: 0.2497 | *
[2026-04-13 01:01:19,782][root][INFO] - Epoch:  51 | Loss: 0.0019 | Val - MRR: 0.2728, MR:  279.10, H@1: 0.199, H@3: 0.297, H@10: 0.414 | Test - MRR: 0.2518 | *
[2026-04-13 01:04:00,576][root][INFO] - Epoch:  52 | Loss: 0.0019 | Val - MRR: 0.2730, MR:  278.67, H@1: 0.200, H@3: 0.297, H@10: 0.414 | Test - MRR: 0.2524 | *
[2026-04-13 01:06:39,673][root][INFO] - Epoch:  53 | Loss: 0.0019 | Val - MRR: 0.2733, MR:  272.75, H@1: 0.199, H@3: 0.297, H@10: 0.416 | Test - MRR: 0.2537 | *
[2026-04-13 01:09:18,335][root][INFO] - Epoch:  54 | Loss: 0.0019 | Val - MRR: 0.2748, MR:  263.47, H@1: 0.201, H@3: 0.299, H@10: 0.418 | Test - MRR: 0.2557 | *
[2026-04-13 01:11:57,648][root][INFO] - Epoch:  55 | Loss: 0.0019 | Val - MRR: 0.2772, MR:  272.01, H@1: 0.203, H@3: 0.301, H@10: 0.422 | Test - MRR: 0.2579 | *
[2026-04-13 01:14:37,287][root][INFO] - Epoch:  56 | Loss: 0.0018 | Val - MRR: 0.2795, MR:  258.29, H@1: 0.205, H@3: 0.302, H@10: 0.425 | Test - MRR: 0.2595 | *
[2026-04-13 01:17:17,062][root][INFO] - Epoch:  57 | Loss: 0.0018 | Val - MRR: 0.2794, MR:  250.67, H@1: 0.204, H@3: 0.303, H@10: 0.426 | Test - MRR: 0.2599 | *
[2026-04-13 01:19:53,956][root][INFO] - Epoch:  58 | Loss: 0.0018 | Val - MRR: 0.2823, MR:  243.04, H@1: 0.207, H@3: 0.306, H@10: 0.430 | Test - MRR: 0.2620 | *
[2026-04-13 01:22:32,642][root][INFO] - Epoch:  59 | Loss: 0.0018 | Val - MRR: 0.2835, MR:  244.05, H@1: 0.209, H@3: 0.307, H@10: 0.430 | Test - MRR: 0.2617 | *
[2026-04-13 01:25:11,572][root][INFO] - Epoch:  60 | Loss: 0.0018 | Val - MRR: 0.2842, MR:  241.08, H@1: 0.208, H@3: 0.308, H@10: 0.434 | Test - MRR: 0.2645 | *
[2026-04-13 01:27:47,641][root][INFO] - Epoch:  61 | Loss: 0.0018 | Val - MRR: 0.2863, MR:  246.95, H@1: 0.211, H@3: 0.311, H@10: 0.434 | Test - MRR: 0.2662 | *
[2026-04-13 01:30:25,953][root][INFO] - Epoch:  62 | Loss: 0.0018 | Val - MRR: 0.2871, MR:  237.69, H@1: 0.211, H@3: 0.311, H@10: 0.435 | Test - MRR: 0.2668 | *
[2026-04-13 01:33:03,988][root][INFO] - Epoch:  63 | Loss: 0.0018 | Val - MRR: 0.2891, MR:  232.72, H@1: 0.212, H@3: 0.313, H@10: 0.440 | Test - MRR: 0.2687 | *
[2026-04-13 01:35:40,380][root][INFO] - Epoch:  64 | Loss: 0.0018 | Val - MRR: 0.2892, MR:  235.16, H@1: 0.213, H@3: 0.313, H@10: 0.439 | Test - MRR: 0.2693 | *
[2026-04-13 01:38:18,574][root][INFO] - Epoch:  65 | Loss: 0.0018 | Val - MRR: 0.2916, MR:  232.24, H@1: 0.215, H@3: 0.316, H@10: 0.442 | Test - MRR: 0.2726 | *
[2026-04-13 01:40:56,379][root][INFO] - Epoch:  66 | Loss: 0.0018 | Val - MRR: 0.2935, MR:  227.27, H@1: 0.217, H@3: 0.318, H@10: 0.445 | Test - MRR: 0.2741 | *
[2026-04-13 01:43:32,080][root][INFO] - Epoch:  67 | Loss: 0.0018 | Val - MRR: 0.2940, MR:  231.98, H@1: 0.217, H@3: 0.318, H@10: 0.448 | Test - MRR: 0.2736 | *
[2026-04-13 01:46:10,733][root][INFO] - Epoch:  68 | Loss: 0.0018 | Val - MRR: 0.2948, MR:  222.66, H@1: 0.216, H@3: 0.320, H@10: 0.451 | Test - MRR: 0.2743 | *
[2026-04-13 01:48:48,636][root][INFO] - Epoch:  69 | Loss: 0.0017 | Val - MRR: 0.2979, MR:  213.71, H@1: 0.219, H@3: 0.324, H@10: 0.454 | Test - MRR: 0.2791 | *
[2026-04-13 01:51:26,522][root][INFO] - Epoch:  70 | Loss: 0.0017 | Val - MRR: 0.2993, MR:  218.30, H@1: 0.220, H@3: 0.325, H@10: 0.456 | Test - MRR: 0.2816 | *
[2026-04-13 01:54:03,757][root][INFO] - Epoch:  71 | Loss: 0.0017 | Val - MRR: 0.3003, MR:  212.51, H@1: 0.221, H@3: 0.326, H@10: 0.456 | Test - MRR: 0.2819 | *
[2026-04-13 01:56:25,956][root][INFO] - Epoch:  72 | Loss: 0.0017 | Val - MRR: 0.3000, MR:  211.35, H@1: 0.221, H@3: 0.325, H@10: 0.457 | 
[2026-04-13 01:59:02,925][root][INFO] - Epoch:  73 | Loss: 0.0017 | Val - MRR: 0.3027, MR:  207.53, H@1: 0.222, H@3: 0.329, H@10: 0.460 | Test - MRR: 0.2835 | *
[2026-04-13 02:01:40,649][root][INFO] - Epoch:  74 | Loss: 0.0017 | Val - MRR: 0.3033, MR:  218.95, H@1: 0.224, H@3: 0.328, H@10: 0.460 | Test - MRR: 0.2827 | *
[2026-04-13 02:04:19,845][root][INFO] - Epoch:  75 | Loss: 0.0017 | Val - MRR: 0.3027, MR:  212.93, H@1: 0.223, H@3: 0.328, H@10: 0.462 | Test - MRR: 0.2839 | *
[2026-04-13 02:06:56,726][root][INFO] - Epoch:  76 | Loss: 0.0017 | Val - MRR: 0.3031, MR:  208.37, H@1: 0.222, H@3: 0.331, H@10: 0.463 | Test - MRR: 0.2839 | *
[2026-04-13 02:09:34,080][root][INFO] - Epoch:  77 | Loss: 0.0017 | Val - MRR: 0.3049, MR:  202.21, H@1: 0.224, H@3: 0.332, H@10: 0.464 | Test - MRR: 0.2856 | *
[2026-04-13 02:12:11,846][root][INFO] - Epoch:  78 | Loss: 0.0017 | Val - MRR: 0.3067, MR:  200.65, H@1: 0.225, H@3: 0.333, H@10: 0.468 | Test - MRR: 0.2876 | *
[2026-04-13 02:14:50,280][root][INFO] - Epoch:  79 | Loss: 0.0017 | Val - MRR: 0.3086, MR:  198.53, H@1: 0.227, H@3: 0.336, H@10: 0.469 | Test - MRR: 0.2896 | *
[2026-04-13 02:17:27,027][root][INFO] - Epoch:  80 | Loss: 0.0017 | Val - MRR: 0.3106, MR:  194.42, H@1: 0.229, H@3: 0.338, H@10: 0.473 | Test - MRR: 0.2902 | *
[2026-04-13 02:20:03,953][root][INFO] - Epoch:  81 | Loss: 0.0017 | Val - MRR: 0.3101, MR:  197.61, H@1: 0.229, H@3: 0.338, H@10: 0.470 | Test - MRR: 0.2909 | *
[2026-04-13 02:22:39,969][root][INFO] - Epoch:  82 | Loss: 0.0017 | Val - MRR: 0.3105, MR:  194.00, H@1: 0.229, H@3: 0.337, H@10: 0.470 | Test - MRR: 0.2905 | *
[2026-04-13 02:25:18,393][root][INFO] - Epoch:  83 | Loss: 0.0017 | Val - MRR: 0.3112, MR:  193.50, H@1: 0.230, H@3: 0.338, H@10: 0.473 | Test - MRR: 0.2910 | *
[2026-04-13 02:27:55,998][root][INFO] - Epoch:  84 | Loss: 0.0017 | Val - MRR: 0.3115, MR:  191.43, H@1: 0.229, H@3: 0.339, H@10: 0.474 | Test - MRR: 0.2906 | *
[2026-04-13 02:30:34,253][root][INFO] - Epoch:  85 | Loss: 0.0016 | Val - MRR: 0.3131, MR:  195.09, H@1: 0.231, H@3: 0.340, H@10: 0.477 | Test - MRR: 0.2937 | *
[2026-04-13 02:33:12,983][root][INFO] - Epoch:  86 | Loss: 0.0017 | Val - MRR: 0.3138, MR:  195.23, H@1: 0.231, H@3: 0.343, H@10: 0.478 | Test - MRR: 0.2957 | *
[2026-04-13 02:35:50,820][root][INFO] - Epoch:  87 | Loss: 0.0017 | Val - MRR: 0.3154, MR:  190.39, H@1: 0.233, H@3: 0.343, H@10: 0.480 | Test - MRR: 0.2958 | *
[2026-04-13 02:38:30,706][root][INFO] - Epoch:  88 | Loss: 0.0017 | Val - MRR: 0.3158, MR:  188.42, H@1: 0.233, H@3: 0.343, H@10: 0.481 | Test - MRR: 0.2980 | *
[2026-04-13 02:41:11,349][root][INFO] - Epoch:  89 | Loss: 0.0016 | Val - MRR: 0.3186, MR:  189.06, H@1: 0.236, H@3: 0.346, H@10: 0.482 | Test - MRR: 0.2990 | *
[2026-04-13 02:43:32,709][root][INFO] - Epoch:  90 | Loss: 0.0016 | Val - MRR: 0.3183, MR:  187.16, H@1: 0.235, H@3: 0.348, H@10: 0.483 | 
[2026-04-13 02:46:11,143][root][INFO] - Epoch:  91 | Loss: 0.0016 | Val - MRR: 0.3181, MR:  185.87, H@1: 0.235, H@3: 0.346, H@10: 0.484 | Test - MRR: 0.3001 | *
[2026-04-13 02:48:49,831][root][INFO] - Epoch:  92 | Loss: 0.0016 | Val - MRR: 0.3188, MR:  195.72, H@1: 0.235, H@3: 0.349, H@10: 0.484 | Test - MRR: 0.3001 | *
[2026-04-13 02:51:25,969][root][INFO] - Epoch:  93 | Loss: 0.0016 | Val - MRR: 0.3209, MR:  185.02, H@1: 0.237, H@3: 0.350, H@10: 0.486 | Test - MRR: 0.3012 | *
[2026-04-13 02:54:04,235][root][INFO] - Epoch:  94 | Loss: 0.0016 | Val - MRR: 0.3214, MR:  182.19, H@1: 0.238, H@3: 0.350, H@10: 0.489 | Test - MRR: 0.3024 | *
[2026-04-13 02:56:24,148][root][INFO] - Epoch:  95 | Loss: 0.0016 | Val - MRR: 0.3210, MR:  184.00, H@1: 0.238, H@3: 0.349, H@10: 0.487 | 
[2026-04-13 02:59:01,297][root][INFO] - Epoch:  96 | Loss: 0.0016 | Val - MRR: 0.3226, MR:  180.16, H@1: 0.238, H@3: 0.351, H@10: 0.490 | Test - MRR: 0.3030 | *
[2026-04-13 03:01:39,606][root][INFO] - Epoch:  97 | Loss: 0.0016 | Val - MRR: 0.3249, MR:  178.67, H@1: 0.240, H@3: 0.355, H@10: 0.493 | Test - MRR: 0.3051 | *
[2026-04-13 03:04:15,410][root][INFO] - Epoch:  98 | Loss: 0.0016 | Val - MRR: 0.3258, MR:  177.48, H@1: 0.241, H@3: 0.355, H@10: 0.493 | Test - MRR: 0.3048 | *
[2026-04-13 03:06:51,349][root][INFO] - Epoch:  99 | Loss: 0.0016 | Val - MRR: 0.3255, MR:  176.46, H@1: 0.241, H@3: 0.355, H@10: 0.493 | Test - MRR: 0.3056 | *
[2026-04-13 03:09:27,702][root][INFO] - Epoch: 100 | Loss: 0.0016 | Val - MRR: 0.3266, MR:  176.26, H@1: 0.242, H@3: 0.356, H@10: 0.493 | Test - MRR: 0.3053 | *
[2026-04-13 03:12:01,582][root][INFO] - Epoch: 101 | Loss: 0.0016 | Val - MRR: 0.3267, MR:  175.13, H@1: 0.243, H@3: 0.356, H@10: 0.495 | Test - MRR: 0.3064 | *
[2026-04-13 03:14:21,529][root][INFO] - Epoch: 102 | Loss: 0.0016 | Val - MRR: 0.3262, MR:  173.50, H@1: 0.240, H@3: 0.357, H@10: 0.496 | 
[2026-04-13 03:16:57,355][root][INFO] - Epoch: 103 | Loss: 0.0016 | Val - MRR: 0.3279, MR:  183.12, H@1: 0.243, H@3: 0.358, H@10: 0.496 | Test - MRR: 0.3070 | *
[2026-04-13 03:19:33,128][root][INFO] - Epoch: 104 | Loss: 0.0016 | Val - MRR: 0.3291, MR:  173.39, H@1: 0.244, H@3: 0.359, H@10: 0.500 | Test - MRR: 0.3093 | *
[2026-04-13 03:21:51,840][root][INFO] - Epoch: 105 | Loss: 0.0016 | Val - MRR: 0.3287, MR:  175.91, H@1: 0.243, H@3: 0.359, H@10: 0.499 | 
[2026-04-13 03:24:10,140][root][INFO] - Epoch: 106 | Loss: 0.0016 | Val - MRR: 0.3288, MR:  173.47, H@1: 0.244, H@3: 0.357, H@10: 0.501 | 
[2026-04-13 03:26:45,614][root][INFO] - Epoch: 107 | Loss: 0.0016 | Val - MRR: 0.3308, MR:  179.14, H@1: 0.245, H@3: 0.360, H@10: 0.502 | Test - MRR: 0.3094 | *
[2026-04-13 03:29:23,020][root][INFO] - Epoch: 108 | Loss: 0.0016 | Val - MRR: 0.3312, MR:  173.39, H@1: 0.246, H@3: 0.359, H@10: 0.503 | Test - MRR: 0.3100 | *
[2026-04-13 03:31:57,749][root][INFO] - Epoch: 109 | Loss: 0.0016 | Val - MRR: 0.3315, MR:  170.67, H@1: 0.246, H@3: 0.360, H@10: 0.504 | Test - MRR: 0.3104 | *
[2026-04-13 03:34:34,554][root][INFO] - Epoch: 110 | Loss: 0.0016 | Val - MRR: 0.3315, MR:  172.36, H@1: 0.246, H@3: 0.362, H@10: 0.503 | Test - MRR: 0.3115 | *
[2026-04-13 03:37:10,665][root][INFO] - Epoch: 111 | Loss: 0.0016 | Val - MRR: 0.3321, MR:  168.62, H@1: 0.246, H@3: 0.362, H@10: 0.504 | Test - MRR: 0.3119 | *
[2026-04-13 03:39:46,785][root][INFO] - Epoch: 112 | Loss: 0.0015 | Val - MRR: 0.3336, MR:  168.07, H@1: 0.247, H@3: 0.363, H@10: 0.506 | Test - MRR: 0.3137 | *
[2026-04-13 03:42:21,059][root][INFO] - Epoch: 113 | Loss: 0.0015 | Val - MRR: 0.3341, MR:  167.99, H@1: 0.248, H@3: 0.364, H@10: 0.506 | Test - MRR: 0.3134 | *
[2026-04-13 03:44:57,202][root][INFO] - Epoch: 114 | Loss: 0.0015 | Val - MRR: 0.3354, MR:  167.24, H@1: 0.249, H@3: 0.365, H@10: 0.509 | Test - MRR: 0.3143 | *
[2026-04-13 03:47:16,508][root][INFO] - Epoch: 115 | Loss: 0.0015 | Val - MRR: 0.3352, MR:  168.97, H@1: 0.249, H@3: 0.364, H@10: 0.509 | 
[2026-04-13 03:49:52,559][root][INFO] - Epoch: 116 | Loss: 0.0015 | Val - MRR: 0.3358, MR:  168.32, H@1: 0.250, H@3: 0.366, H@10: 0.508 | Test - MRR: 0.3147 | *
[2026-04-13 03:52:27,576][root][INFO] - Epoch: 117 | Loss: 0.0015 | Val - MRR: 0.3360, MR:  166.75, H@1: 0.249, H@3: 0.367, H@10: 0.509 | Test - MRR: 0.3150 | *
[2026-04-13 03:55:03,084][root][INFO] - Epoch: 118 | Loss: 0.0015 | Val - MRR: 0.3371, MR:  165.65, H@1: 0.252, H@3: 0.367, H@10: 0.509 | Test - MRR: 0.3157 | *
[2026-04-13 03:57:36,295][root][INFO] - Epoch: 119 | Loss: 0.0015 | Val - MRR: 0.3366, MR:  167.10, H@1: 0.250, H@3: 0.366, H@10: 0.510 | Test - MRR: 0.3160 | *
[2026-04-13 04:00:12,041][root][INFO] - Epoch: 120 | Loss: 0.0015 | Val - MRR: 0.3383, MR:  167.09, H@1: 0.251, H@3: 0.369, H@10: 0.513 | Test - MRR: 0.3170 | *
[2026-04-13 04:02:49,135][root][INFO] - Epoch: 121 | Loss: 0.0015 | Val - MRR: 0.3386, MR:  163.48, H@1: 0.252, H@3: 0.369, H@10: 0.512 | Test - MRR: 0.3170 | *
[2026-04-13 04:05:23,143][root][INFO] - Epoch: 122 | Loss: 0.0015 | Val - MRR: 0.3406, MR:  165.90, H@1: 0.254, H@3: 0.371, H@10: 0.512 | Test - MRR: 0.3183 | *
[2026-04-13 04:07:59,723][root][INFO] - Epoch: 123 | Loss: 0.0015 | Val - MRR: 0.3400, MR:  162.71, H@1: 0.253, H@3: 0.371, H@10: 0.514 | Test - MRR: 0.3186 | *
[2026-04-13 04:10:34,967][root][INFO] - Epoch: 124 | Loss: 0.0015 | Val - MRR: 0.3394, MR:  161.77, H@1: 0.252, H@3: 0.371, H@10: 0.514 | Test - MRR: 0.3190 | *
[2026-04-13 04:13:10,538][root][INFO] - Epoch: 125 | Loss: 0.0015 | Val - MRR: 0.3403, MR:  163.42, H@1: 0.255, H@3: 0.369, H@10: 0.512 | Test - MRR: 0.3195 | *
[2026-04-13 04:15:46,463][root][INFO] - Epoch: 126 | Loss: 0.0015 | Val - MRR: 0.3407, MR:  160.84, H@1: 0.254, H@3: 0.372, H@10: 0.515 | Test - MRR: 0.3207 | *
[2026-04-13 04:18:22,165][root][INFO] - Epoch: 127 | Loss: 0.0015 | Val - MRR: 0.3411, MR:  161.60, H@1: 0.254, H@3: 0.373, H@10: 0.515 | Test - MRR: 0.3208 | *
[2026-04-13 04:20:41,562][root][INFO] - Epoch: 128 | Loss: 0.0015 | Val - MRR: 0.3394, MR:  162.85, H@1: 0.252, H@3: 0.371, H@10: 0.515 | 
[2026-04-13 04:23:01,755][root][INFO] - Epoch: 129 | Loss: 0.0015 | Val - MRR: 0.3404, MR:  164.33, H@1: 0.253, H@3: 0.371, H@10: 0.516 | 
[2026-04-13 04:25:21,382][root][INFO] - Epoch: 130 | Loss: 0.0015 | Val - MRR: 0.3405, MR:  161.94, H@1: 0.254, H@3: 0.371, H@10: 0.516 | 
[2026-04-13 04:27:57,980][root][INFO] - Epoch: 131 | Loss: 0.0015 | Val - MRR: 0.3432, MR:  162.59, H@1: 0.256, H@3: 0.373, H@10: 0.519 | Test - MRR: 0.3211 | *
[2026-04-13 04:30:34,168][root][INFO] - Epoch: 132 | Loss: 0.0015 | Val - MRR: 0.3438, MR:  159.30, H@1: 0.256, H@3: 0.375, H@10: 0.520 | Test - MRR: 0.3212 | *
[2026-04-13 04:33:11,480][root][INFO] - Epoch: 133 | Loss: 0.0015 | Val - MRR: 0.3437, MR:  159.43, H@1: 0.256, H@3: 0.376, H@10: 0.520 | Test - MRR: 0.3220 | *
[2026-04-13 04:35:31,866][root][INFO] - Epoch: 134 | Loss: 0.0015 | Val - MRR: 0.3433, MR:  160.26, H@1: 0.256, H@3: 0.374, H@10: 0.520 | 
[2026-04-13 04:38:06,920][root][INFO] - Epoch: 135 | Loss: 0.0015 | Val - MRR: 0.3438, MR:  163.78, H@1: 0.257, H@3: 0.375, H@10: 0.519 | Test - MRR: 0.3214 | *
[2026-04-13 04:40:43,274][root][INFO] - Epoch: 136 | Loss: 0.0015 | Val - MRR: 0.3435, MR:  162.54, H@1: 0.256, H@3: 0.374, H@10: 0.520 | Test - MRR: 0.3220 | *
[2026-04-13 04:43:18,018][root][INFO] - Epoch: 137 | Loss: 0.0015 | Val - MRR: 0.3443, MR:  159.36, H@1: 0.256, H@3: 0.376, H@10: 0.520 | Test - MRR: 0.3219 | *
[2026-04-13 04:45:50,832][root][INFO] - Epoch: 138 | Loss: 0.0015 | Val - MRR: 0.3440, MR:  160.98, H@1: 0.256, H@3: 0.375, H@10: 0.521 | Test - MRR: 0.3241 | *
[2026-04-13 04:48:23,919][root][INFO] - Epoch: 139 | Loss: 0.0015 | Val - MRR: 0.3454, MR:  157.49, H@1: 0.258, H@3: 0.376, H@10: 0.521 | Test - MRR: 0.3242 | *
[2026-04-13 04:50:43,243][root][INFO] - Epoch: 140 | Loss: 0.0015 | Val - MRR: 0.3449, MR:  157.59, H@1: 0.257, H@3: 0.375, H@10: 0.522 | 
[2026-04-13 04:53:02,300][root][INFO] - Epoch: 141 | Loss: 0.0015 | Val - MRR: 0.3446, MR:  159.06, H@1: 0.257, H@3: 0.376, H@10: 0.522 | 
[2026-04-13 04:55:26,538][root][INFO] - Epoch: 142 | Loss: 0.0015 | Val - MRR: 0.3448, MR:  158.77, H@1: 0.256, H@3: 0.377, H@10: 0.521 | 
[2026-04-13 04:58:01,013][root][INFO] - Epoch: 143 | Loss: 0.0015 | Val - MRR: 0.3461, MR:  156.50, H@1: 0.258, H@3: 0.377, H@10: 0.525 | Test - MRR: 0.3259 | *
[2026-04-13 05:00:34,289][root][INFO] - Epoch: 144 | Loss: 0.0015 | Val - MRR: 0.3471, MR:  156.59, H@1: 0.258, H@3: 0.379, H@10: 0.525 | Test - MRR: 0.3257 | *
[2026-04-13 05:02:52,560][root][INFO] - Epoch: 145 | Loss: 0.0015 | Val - MRR: 0.3471, MR:  156.65, H@1: 0.260, H@3: 0.377, H@10: 0.525 | 
[2026-04-13 05:05:28,338][root][INFO] - Epoch: 146 | Loss: 0.0015 | Val - MRR: 0.3474, MR:  155.91, H@1: 0.259, H@3: 0.379, H@10: 0.525 | Test - MRR: 0.3259 | *
[2026-04-13 05:07:45,100][root][INFO] - Epoch: 147 | Loss: 0.0015 | Val - MRR: 0.3469, MR:  157.43, H@1: 0.258, H@3: 0.379, H@10: 0.525 | 
[2026-04-13 05:10:22,302][root][INFO] - Epoch: 148 | Loss: 0.0015 | Val - MRR: 0.3478, MR:  158.57, H@1: 0.260, H@3: 0.379, H@10: 0.525 | Test - MRR: 0.3271 | *
[2026-04-13 05:12:54,243][root][INFO] - Epoch: 149 | Loss: 0.0015 | Val - MRR: 0.3478, MR:  158.33, H@1: 0.260, H@3: 0.379, H@10: 0.526 | Test - MRR: 0.3271 | *
[2026-04-13 05:15:28,273][root][INFO] - Epoch: 150 | Loss: 0.0015 | Val - MRR: 0.3490, MR:  156.51, H@1: 0.260, H@3: 0.380, H@10: 0.528 | Test - MRR: 0.3270 | *
[2026-04-13 05:18:03,802][root][INFO] - Epoch: 151 | Loss: 0.0015 | Val - MRR: 0.3495, MR:  153.95, H@1: 0.260, H@3: 0.382, H@10: 0.529 | Test - MRR: 0.3282 | *
[2026-04-13 05:20:23,512][root][INFO] - Epoch: 152 | Loss: 0.0015 | Val - MRR: 0.3490, MR:  155.59, H@1: 0.260, H@3: 0.382, H@10: 0.527 | 
[2026-04-13 05:22:58,618][root][INFO] - Epoch: 153 | Loss: 0.0015 | Val - MRR: 0.3513, MR:  155.62, H@1: 0.262, H@3: 0.384, H@10: 0.531 | Test - MRR: 0.3300 | *
[2026-04-13 05:25:18,210][root][INFO] - Epoch: 154 | Loss: 0.0014 | Val - MRR: 0.3505, MR:  154.71, H@1: 0.261, H@3: 0.384, H@10: 0.530 | 
[2026-04-13 05:27:53,787][root][INFO] - Epoch: 155 | Loss: 0.0014 | Val - MRR: 0.3513, MR:  155.42, H@1: 0.262, H@3: 0.385, H@10: 0.529 | Test - MRR: 0.3305 | *
[2026-04-13 05:30:13,875][root][INFO] - Epoch: 156 | Loss: 0.0014 | Val - MRR: 0.3497, MR:  158.33, H@1: 0.261, H@3: 0.383, H@10: 0.528 | 
[2026-04-13 05:32:33,412][root][INFO] - Epoch: 157 | Loss: 0.0014 | Val - MRR: 0.3497, MR:  156.97, H@1: 0.260, H@3: 0.382, H@10: 0.529 | 
[2026-04-13 05:34:53,205][root][INFO] - Epoch: 158 | Loss: 0.0014 | Val - MRR: 0.3507, MR:  155.61, H@1: 0.261, H@3: 0.384, H@10: 0.531 | 
[2026-04-13 05:37:12,730][root][INFO] - Epoch: 159 | Loss: 0.0014 | Val - MRR: 0.3507, MR:  157.29, H@1: 0.261, H@3: 0.385, H@10: 0.530 | 
[2026-04-13 05:39:30,924][root][INFO] - Epoch: 160 | Loss: 0.0014 | Val - MRR: 0.3511, MR:  156.24, H@1: 0.262, H@3: 0.382, H@10: 0.530 | 
[2026-04-13 05:41:49,075][root][INFO] - Epoch: 161 | Loss: 0.0014 | Val - MRR: 0.3507, MR:  157.03, H@1: 0.261, H@3: 0.384, H@10: 0.531 | 
[2026-04-13 05:44:23,731][root][INFO] - Epoch: 162 | Loss: 0.0014 | Val - MRR: 0.3528, MR:  156.65, H@1: 0.264, H@3: 0.385, H@10: 0.534 | Test - MRR: 0.3303 | *
[2026-04-13 05:47:00,215][root][INFO] - Epoch: 163 | Loss: 0.0014 | Val - MRR: 0.3524, MR:  155.98, H@1: 0.262, H@3: 0.387, H@10: 0.533 | Test - MRR: 0.3319 | *
[2026-04-13 05:49:20,015][root][INFO] - Epoch: 164 | Loss: 0.0014 | Val - MRR: 0.3509, MR:  153.35, H@1: 0.262, H@3: 0.383, H@10: 0.530 | 
[2026-04-13 05:51:54,550][root][INFO] - Epoch: 165 | Loss: 0.0014 | Val - MRR: 0.3521, MR:  154.11, H@1: 0.262, H@3: 0.386, H@10: 0.533 | Test - MRR: 0.3320 | *
[2026-04-13 05:54:28,280][root][INFO] - Epoch: 166 | Loss: 0.0014 | Val - MRR: 0.3535, MR:  154.67, H@1: 0.264, H@3: 0.386, H@10: 0.534 | Test - MRR: 0.3307 | *
[2026-04-13 05:56:47,918][root][INFO] - Epoch: 167 | Loss: 0.0014 | Val - MRR: 0.3519, MR:  155.70, H@1: 0.262, H@3: 0.385, H@10: 0.533 | 
[2026-04-13 05:59:08,180][root][INFO] - Epoch: 168 | Loss: 0.0014 | Val - MRR: 0.3530, MR:  154.03, H@1: 0.264, H@3: 0.386, H@10: 0.533 | 
[2026-04-13 06:01:27,276][root][INFO] - Epoch: 169 | Loss: 0.0014 | Val - MRR: 0.3525, MR:  156.30, H@1: 0.263, H@3: 0.386, H@10: 0.535 | 
[2026-04-13 06:03:46,168][root][INFO] - Epoch: 170 | Loss: 0.0014 | Val - MRR: 0.3527, MR:  156.01, H@1: 0.262, H@3: 0.388, H@10: 0.534 | 
[2026-04-13 06:06:06,785][root][INFO] - Epoch: 171 | Loss: 0.0014 | Val - MRR: 0.3527, MR:  155.82, H@1: 0.263, H@3: 0.385, H@10: 0.534 | 
[2026-04-13 06:08:42,604][root][INFO] - Epoch: 172 | Loss: 0.0014 | Val - MRR: 0.3536, MR:  152.95, H@1: 0.264, H@3: 0.387, H@10: 0.536 | Test - MRR: 0.3312 | *
[2026-04-13 06:11:17,150][root][INFO] - Epoch: 173 | Loss: 0.0014 | Val - MRR: 0.3545, MR:  154.07, H@1: 0.264, H@3: 0.387, H@10: 0.536 | Test - MRR: 0.3320 | *
[2026-04-13 06:13:36,615][root][INFO] - Epoch: 174 | Loss: 0.0014 | Val - MRR: 0.3537, MR:  154.36, H@1: 0.263, H@3: 0.388, H@10: 0.535 | 
[2026-04-13 06:16:12,409][root][INFO] - Epoch: 175 | Loss: 0.0014 | Val - MRR: 0.3540, MR:  153.67, H@1: 0.264, H@3: 0.387, H@10: 0.536 | Test - MRR: 0.3325 | *
[2026-04-13 06:18:47,417][root][INFO] - Epoch: 176 | Loss: 0.0014 | Val - MRR: 0.3546, MR:  153.42, H@1: 0.265, H@3: 0.388, H@10: 0.535 | Test - MRR: 0.3321 | *
[2026-04-13 06:21:20,743][root][INFO] - Epoch: 177 | Loss: 0.0014 | Val - MRR: 0.3547, MR:  155.66, H@1: 0.265, H@3: 0.387, H@10: 0.536 | Test - MRR: 0.3323 | *
[2026-04-13 06:23:56,769][root][INFO] - Epoch: 178 | Loss: 0.0014 | Val - MRR: 0.3555, MR:  154.52, H@1: 0.266, H@3: 0.389, H@10: 0.535 | Test - MRR: 0.3331 | *
[2026-04-13 06:26:31,577][root][INFO] - Epoch: 179 | Loss: 0.0014 | Val - MRR: 0.3557, MR:  154.96, H@1: 0.266, H@3: 0.388, H@10: 0.537 | Test - MRR: 0.3319 | *
[2026-04-13 06:28:51,034][root][INFO] - Epoch: 180 | Loss: 0.0014 | Val - MRR: 0.3554, MR:  153.66, H@1: 0.265, H@3: 0.389, H@10: 0.537 | 
[2026-04-13 06:31:23,800][root][INFO] - Epoch: 181 | Loss: 0.0014 | Val - MRR: 0.3562, MR:  153.42, H@1: 0.266, H@3: 0.388, H@10: 0.539 | Test - MRR: 0.3330 | *
[2026-04-13 06:33:43,048][root][INFO] - Epoch: 182 | Loss: 0.0014 | Val - MRR: 0.3548, MR:  154.14, H@1: 0.264, H@3: 0.389, H@10: 0.540 | 
[2026-04-13 06:36:18,539][root][INFO] - Epoch: 183 | Loss: 0.0014 | Val - MRR: 0.3561, MR:  155.20, H@1: 0.266, H@3: 0.389, H@10: 0.538 | Test - MRR: 0.3342 | *
[2026-04-13 06:38:36,158][root][INFO] - Epoch: 184 | Loss: 0.0014 | Val - MRR: 0.3555, MR:  154.11, H@1: 0.265, H@3: 0.388, H@10: 0.538 | 
[2026-04-13 06:40:56,040][root][INFO] - Epoch: 185 | Loss: 0.0014 | Val - MRR: 0.3555, MR:  154.80, H@1: 0.265, H@3: 0.389, H@10: 0.537 | 
[2026-04-13 06:43:13,672][root][INFO] - Epoch: 186 | Loss: 0.0014 | Val - MRR: 0.3559, MR:  154.63, H@1: 0.265, H@3: 0.391, H@10: 0.538 | 
[2026-04-13 06:45:47,235][root][INFO] - Epoch: 187 | Loss: 0.0014 | Val - MRR: 0.3566, MR:  155.19, H@1: 0.267, H@3: 0.390, H@10: 0.540 | Test - MRR: 0.3338 | *
[2026-04-13 06:48:06,890][root][INFO] - Epoch: 188 | Loss: 0.0014 | Val - MRR: 0.3563, MR:  154.62, H@1: 0.266, H@3: 0.389, H@10: 0.539 | 
[2026-04-13 06:50:43,074][root][INFO] - Epoch: 189 | Loss: 0.0014 | Val - MRR: 0.3570, MR:  154.54, H@1: 0.266, H@3: 0.391, H@10: 0.540 | Test - MRR: 0.3346 | *
[2026-04-13 06:53:19,828][root][INFO] - Epoch: 190 | Loss: 0.0014 | Val - MRR: 0.3566, MR:  154.27, H@1: 0.266, H@3: 0.389, H@10: 0.539 | Test - MRR: 0.3349 | *
[2026-04-13 06:55:53,326][root][INFO] - Epoch: 191 | Loss: 0.0014 | Val - MRR: 0.3572, MR:  154.46, H@1: 0.266, H@3: 0.392, H@10: 0.540 | Test - MRR: 0.3346 | *
[2026-04-13 06:58:12,089][root][INFO] - Epoch: 192 | Loss: 0.0014 | Val - MRR: 0.3556, MR:  155.29, H@1: 0.265, H@3: 0.390, H@10: 0.539 | 
[2026-04-13 07:00:46,525][root][INFO] - Epoch: 193 | Loss: 0.0014 | Val - MRR: 0.3578, MR:  154.35, H@1: 0.267, H@3: 0.392, H@10: 0.541 | Test - MRR: 0.3345 | *
[2026-04-13 07:03:04,218][root][INFO] - Epoch: 194 | Loss: 0.0014 | Val - MRR: 0.3553, MR:  156.23, H@1: 0.264, H@3: 0.390, H@10: 0.540 | 
[2026-04-13 07:05:25,304][root][INFO] - Epoch: 195 | Loss: 0.0014 | Val - MRR: 0.3567, MR:  156.09, H@1: 0.265, H@3: 0.392, H@10: 0.541 | 
[2026-04-13 07:08:01,086][root][INFO] - Epoch: 196 | Loss: 0.0014 | Val - MRR: 0.3567, MR:  156.17, H@1: 0.265, H@3: 0.391, H@10: 0.541 | Test - MRR: 0.3352 | *
[2026-04-13 07:10:20,410][root][INFO] - Epoch: 197 | Loss: 0.0014 | Val - MRR: 0.3562, MR:  155.95, H@1: 0.265, H@3: 0.391, H@10: 0.540 | 
[2026-04-13 07:12:39,473][root][INFO] - Epoch: 198 | Loss: 0.0014 | Val - MRR: 0.3563, MR:  155.94, H@1: 0.266, H@3: 0.389, H@10: 0.540 | 
[2026-04-13 07:15:14,561][root][INFO] - Epoch: 199 | Loss: 0.0014 | Val - MRR: 0.3570, MR:  153.14, H@1: 0.265, H@3: 0.391, H@10: 0.542 | Test - MRR: 0.3346 | *
[2026-04-13 07:17:48,470][root][INFO] - Epoch: 200 | Loss: 0.0014 | Val - MRR: 0.3585, MR:  154.69, H@1: 0.267, H@3: 0.393, H@10: 0.543 | Test - MRR: 0.3345 | *
[2026-04-13 07:20:24,688][root][INFO] - Epoch: 201 | Loss: 0.0014 | Val - MRR: 0.3582, MR:  154.49, H@1: 0.266, H@3: 0.393, H@10: 0.542 | Test - MRR: 0.3359 | *
[2026-04-13 07:22:43,933][root][INFO] - Epoch: 202 | Loss: 0.0014 | Val - MRR: 0.3577, MR:  155.76, H@1: 0.266, H@3: 0.392, H@10: 0.543 | 
[2026-04-13 07:25:22,211][root][INFO] - Epoch: 203 | Loss: 0.0014 | Val - MRR: 0.3585, MR:  156.73, H@1: 0.269, H@3: 0.392, H@10: 0.540 | Test - MRR: 0.3350 | *
[2026-04-13 07:27:42,294][root][INFO] - Epoch: 204 | Loss: 0.0014 | Val - MRR: 0.3570, MR:  156.77, H@1: 0.267, H@3: 0.392, H@10: 0.542 | 
[2026-04-13 07:29:59,048][root][INFO] - Epoch: 205 | Loss: 0.0014 | Val - MRR: 0.3577, MR:  154.23, H@1: 0.267, H@3: 0.392, H@10: 0.540 | 
[2026-04-13 07:32:17,253][root][INFO] - Epoch: 206 | Loss: 0.0014 | Val - MRR: 0.3581, MR:  157.43, H@1: 0.267, H@3: 0.393, H@10: 0.541 | 
[2026-04-13 07:34:53,808][root][INFO] - Epoch: 207 | Loss: 0.0014 | Val - MRR: 0.3592, MR:  157.12, H@1: 0.268, H@3: 0.395, H@10: 0.543 | Test - MRR: 0.3365 | *
[2026-04-13 07:37:28,961][root][INFO] - Epoch: 208 | Loss: 0.0014 | Val - MRR: 0.3586, MR:  156.76, H@1: 0.267, H@3: 0.394, H@10: 0.544 | Test - MRR: 0.3369 | *
[2026-04-13 07:40:03,851][root][INFO] - Epoch: 209 | Loss: 0.0014 | Val - MRR: 0.3592, MR:  154.80, H@1: 0.268, H@3: 0.394, H@10: 0.544 | Test - MRR: 0.3365 | *
[2026-04-13 07:42:38,411][root][INFO] - Epoch: 210 | Loss: 0.0014 | Val - MRR: 0.3592, MR:  156.49, H@1: 0.268, H@3: 0.395, H@10: 0.542 | Test - MRR: 0.3358 | *
[2026-04-13 07:44:59,362][root][INFO] - Epoch: 211 | Loss: 0.0014 | Val - MRR: 0.3580, MR:  156.68, H@1: 0.267, H@3: 0.392, H@10: 0.542 | 
[2026-04-13 07:47:19,175][root][INFO] - Epoch: 212 | Loss: 0.0014 | Val - MRR: 0.3570, MR:  156.54, H@1: 0.265, H@3: 0.392, H@10: 0.541 | 
[2026-04-13 07:49:37,682][root][INFO] - Epoch: 213 | Loss: 0.0014 | Val - MRR: 0.3587, MR:  157.90, H@1: 0.267, H@3: 0.394, H@10: 0.543 | 
[2026-04-13 07:52:13,461][root][INFO] - Epoch: 214 | Loss: 0.0014 | Val - MRR: 0.3606, MR:  152.57, H@1: 0.270, H@3: 0.395, H@10: 0.545 | Test - MRR: 0.3363 | *
[2026-04-13 07:54:33,214][root][INFO] - Epoch: 215 | Loss: 0.0014 | Val - MRR: 0.3604, MR:  154.94, H@1: 0.269, H@3: 0.396, H@10: 0.542 | 
[2026-04-13 07:57:09,002][root][INFO] - Epoch: 216 | Loss: 0.0014 | Val - MRR: 0.3588, MR:  156.65, H@1: 0.267, H@3: 0.394, H@10: 0.542 | Test - MRR: 0.3374 | *
[2026-04-13 07:59:44,261][root][INFO] - Epoch: 217 | Loss: 0.0014 | Val - MRR: 0.3605, MR:  155.80, H@1: 0.268, H@3: 0.396, H@10: 0.545 | Test - MRR: 0.3373 | *
[2026-04-13 08:02:19,401][root][INFO] - Epoch: 218 | Loss: 0.0014 | Val - MRR: 0.3605, MR:  155.29, H@1: 0.269, H@3: 0.396, H@10: 0.544 | Test - MRR: 0.3372 | *
[2026-04-13 08:04:56,179][root][INFO] - Epoch: 219 | Loss: 0.0014 | Val - MRR: 0.3610, MR:  155.53, H@1: 0.269, H@3: 0.397, H@10: 0.545 | Test - MRR: 0.3377 | *
[2026-04-13 08:07:31,107][root][INFO] - Epoch: 220 | Loss: 0.0014 | Val - MRR: 0.3609, MR:  158.50, H@1: 0.269, H@3: 0.396, H@10: 0.545 | Test - MRR: 0.3378 | *
[2026-04-13 08:09:51,578][root][INFO] - Epoch: 221 | Loss: 0.0014 | Val - MRR: 0.3594, MR:  156.64, H@1: 0.267, H@3: 0.395, H@10: 0.544 | 
[2026-04-13 08:12:26,854][root][INFO] - Epoch: 222 | Loss: 0.0014 | Val - MRR: 0.3610, MR:  156.33, H@1: 0.270, H@3: 0.396, H@10: 0.544 | Test - MRR: 0.3368 | *
[2026-04-13 08:14:45,636][root][INFO] - Epoch: 223 | Loss: 0.0014 | Val - MRR: 0.3600, MR:  157.47, H@1: 0.269, H@3: 0.395, H@10: 0.543 | 
[2026-04-13 08:17:05,357][root][INFO] - Epoch: 224 | Loss: 0.0014 | Val - MRR: 0.3589, MR:  158.22, H@1: 0.268, H@3: 0.395, H@10: 0.543 | 
[2026-04-13 08:19:39,217][root][INFO] - Epoch: 225 | Loss: 0.0014 | Val - MRR: 0.3610, MR:  154.11, H@1: 0.270, H@3: 0.395, H@10: 0.545 | Test - MRR: 0.3374 | *
[2026-04-13 08:22:15,110][root][INFO] - Epoch: 226 | Loss: 0.0014 | Val - MRR: 0.3617, MR:  158.43, H@1: 0.270, H@3: 0.396, H@10: 0.546 | Test - MRR: 0.3389 | *
[2026-04-13 08:24:35,454][root][INFO] - Epoch: 227 | Loss: 0.0014 | Val - MRR: 0.3602, MR:  157.61, H@1: 0.267, H@3: 0.397, H@10: 0.546 | 
[2026-04-13 08:27:09,440][root][INFO] - Epoch: 228 | Loss: 0.0014 | Val - MRR: 0.3618, MR:  155.70, H@1: 0.270, H@3: 0.397, H@10: 0.546 | Test - MRR: 0.3383 | *
[2026-04-13 08:29:29,333][root][INFO] - Epoch: 229 | Loss: 0.0014 | Val - MRR: 0.3605, MR:  157.51, H@1: 0.268, H@3: 0.397, H@10: 0.544 | 
[2026-04-13 08:31:48,982][root][INFO] - Epoch: 230 | Loss: 0.0014 | Val - MRR: 0.3602, MR:  158.23, H@1: 0.269, H@3: 0.394, H@10: 0.544 | 
[2026-04-13 08:34:09,397][root][INFO] - Epoch: 231 | Loss: 0.0014 | Val - MRR: 0.3606, MR:  156.55, H@1: 0.268, H@3: 0.396, H@10: 0.543 | 
[2026-04-13 08:36:28,678][root][INFO] - Epoch: 232 | Loss: 0.0014 | Val - MRR: 0.3611, MR:  156.83, H@1: 0.269, H@3: 0.397, H@10: 0.544 | 
[2026-04-13 08:38:49,008][root][INFO] - Epoch: 233 | Loss: 0.0014 | Val - MRR: 0.3611, MR:  160.69, H@1: 0.270, H@3: 0.395, H@10: 0.544 | 
[2026-04-13 08:41:07,445][root][INFO] - Epoch: 234 | Loss: 0.0014 | Val - MRR: 0.3617, MR:  158.04, H@1: 0.270, H@3: 0.397, H@10: 0.545 | 
[2026-04-13 08:43:43,513][root][INFO] - Epoch: 235 | Loss: 0.0014 | Val - MRR: 0.3618, MR:  159.79, H@1: 0.270, H@3: 0.396, H@10: 0.544 | Test - MRR: 0.3378 | *
[2026-04-13 08:46:03,922][root][INFO] - Epoch: 236 | Loss: 0.0014 | Val - MRR: 0.3617, MR:  161.53, H@1: 0.270, H@3: 0.396, H@10: 0.547 | 
[2026-04-13 08:48:23,498][root][INFO] - Epoch: 237 | Loss: 0.0014 | Val - MRR: 0.3608, MR:  158.47, H@1: 0.269, H@3: 0.396, H@10: 0.545 | 
[2026-04-13 08:50:43,591][root][INFO] - Epoch: 238 | Loss: 0.0014 | Val - MRR: 0.3607, MR:  158.41, H@1: 0.270, H@3: 0.396, H@10: 0.544 | 
[2026-04-13 08:53:04,341][root][INFO] - Epoch: 239 | Loss: 0.0014 | Val - MRR: 0.3608, MR:  156.63, H@1: 0.269, H@3: 0.395, H@10: 0.547 | 
[2026-04-13 08:55:24,209][root][INFO] - Epoch: 240 | Loss: 0.0014 | Val - MRR: 0.3615, MR:  159.10, H@1: 0.270, H@3: 0.397, H@10: 0.547 | 
[2026-04-13 08:57:44,680][root][INFO] - Epoch: 241 | Loss: 0.0014 | Val - MRR: 0.3602, MR:  159.89, H@1: 0.268, H@3: 0.396, H@10: 0.546 | 
[2026-04-13 09:00:20,507][root][INFO] - Epoch: 242 | Loss: 0.0014 | Val - MRR: 0.3619, MR:  157.54, H@1: 0.270, H@3: 0.397, H@10: 0.547 | Test - MRR: 0.3379 | *
[2026-04-13 09:02:54,824][root][INFO] - Epoch: 243 | Loss: 0.0014 | Val - MRR: 0.3621, MR:  158.53, H@1: 0.270, H@3: 0.396, H@10: 0.547 | Test - MRR: 0.3381 | *
[2026-04-13 09:05:29,439][root][INFO] - Epoch: 244 | Loss: 0.0014 | Val - MRR: 0.3627, MR:  156.76, H@1: 0.271, H@3: 0.397, H@10: 0.548 | Test - MRR: 0.3377 | *
[2026-04-13 09:07:50,079][root][INFO] - Epoch: 245 | Loss: 0.0014 | Val - MRR: 0.3618, MR:  155.29, H@1: 0.270, H@3: 0.397, H@10: 0.547 | 
[2026-04-13 09:10:10,829][root][INFO] - Epoch: 246 | Loss: 0.0014 | Val - MRR: 0.3619, MR:  159.35, H@1: 0.270, H@3: 0.396, H@10: 0.547 | 
[2026-04-13 09:12:30,155][root][INFO] - Epoch: 247 | Loss: 0.0014 | Val - MRR: 0.3613, MR:  159.37, H@1: 0.269, H@3: 0.397, H@10: 0.547 | 
[2026-04-13 09:14:49,846][root][INFO] - Epoch: 248 | Loss: 0.0014 | Val - MRR: 0.3621, MR:  156.77, H@1: 0.271, H@3: 0.397, H@10: 0.547 | 
[2026-04-13 09:17:09,279][root][INFO] - Epoch: 249 | Loss: 0.0014 | Val - MRR: 0.3616, MR:  157.82, H@1: 0.269, H@3: 0.398, H@10: 0.547 | 
[2026-04-13 09:19:28,365][root][INFO] - Epoch: 250 | Loss: 0.0014 | Val - MRR: 0.3623, MR:  160.91, H@1: 0.271, H@3: 0.397, H@10: 0.547 | 
[2026-04-13 09:22:04,259][root][INFO] - Epoch: 251 | Loss: 0.0013 | Val - MRR: 0.3619, MR:  159.05, H@1: 0.270, H@3: 0.396, H@10: 0.547 | Test - MRR: 0.3397 | *
[2026-04-13 09:24:39,386][root][INFO] - Epoch: 252 | Loss: 0.0013 | Val - MRR: 0.3621, MR:  161.41, H@1: 0.270, H@3: 0.396, H@10: 0.546 | Test - MRR: 0.3382 | *
[2026-04-13 09:27:12,650][root][INFO] - Epoch: 253 | Loss: 0.0013 | Val - MRR: 0.3625, MR:  157.80, H@1: 0.271, H@3: 0.396, H@10: 0.548 | Test - MRR: 0.3390 | *
[2026-04-13 09:29:48,308][root][INFO] - Epoch: 254 | Loss: 0.0013 | Val - MRR: 0.3634, MR:  159.11, H@1: 0.272, H@3: 0.398, H@10: 0.546 | Test - MRR: 0.3387 | *
[2026-04-13 09:32:08,064][root][INFO] - Epoch: 255 | Loss: 0.0013 | Val - MRR: 0.3620, MR:  160.63, H@1: 0.270, H@3: 0.397, H@10: 0.547 | 
[2026-04-13 09:34:26,555][root][INFO] - Epoch: 256 | Loss: 0.0013 | Val - MRR: 0.3625, MR:  160.50, H@1: 0.272, H@3: 0.395, H@10: 0.547 | 
[2026-04-13 09:37:01,961][root][INFO] - Epoch: 257 | Loss: 0.0013 | Val - MRR: 0.3643, MR:  160.73, H@1: 0.272, H@3: 0.399, H@10: 0.549 | Test - MRR: 0.3399 | *
[2026-04-13 09:39:21,606][root][INFO] - Epoch: 258 | Loss: 0.0013 | Val - MRR: 0.3639, MR:  160.14, H@1: 0.272, H@3: 0.398, H@10: 0.549 | 
[2026-04-13 09:41:41,214][root][INFO] - Epoch: 259 | Loss: 0.0013 | Val - MRR: 0.3625, MR:  161.69, H@1: 0.271, H@3: 0.396, H@10: 0.547 | 
[2026-04-13 09:44:15,716][root][INFO] - Epoch: 260 | Loss: 0.0013 | Val - MRR: 0.3639, MR:  161.69, H@1: 0.273, H@3: 0.398, H@10: 0.547 | Test - MRR: 0.3401 | *
[2026-04-13 09:46:51,913][root][INFO] - Epoch: 261 | Loss: 0.0013 | Val - MRR: 0.3638, MR:  159.96, H@1: 0.273, H@3: 0.398, H@10: 0.547 | Test - MRR: 0.3401 | *
[2026-04-13 09:49:12,438][root][INFO] - Epoch: 262 | Loss: 0.0013 | Val - MRR: 0.3627, MR:  158.82, H@1: 0.271, H@3: 0.397, H@10: 0.547 | 
[2026-04-13 09:51:32,099][root][INFO] - Epoch: 263 | Loss: 0.0013 | Val - MRR: 0.3625, MR:  159.07, H@1: 0.271, H@3: 0.398, H@10: 0.548 | 
[2026-04-13 09:53:51,368][root][INFO] - Epoch: 264 | Loss: 0.0013 | Val - MRR: 0.3634, MR:  159.82, H@1: 0.271, H@3: 0.398, H@10: 0.549 | 
[2026-04-13 09:56:26,370][root][INFO] - Epoch: 265 | Loss: 0.0013 | Val - MRR: 0.3641, MR:  162.30, H@1: 0.273, H@3: 0.399, H@10: 0.547 | Test - MRR: 0.3383 | *
[2026-04-13 09:59:01,350][root][INFO] - Epoch: 266 | Loss: 0.0013 | Val - MRR: 0.3642, MR:  160.04, H@1: 0.273, H@3: 0.399, H@10: 0.548 | Test - MRR: 0.3399 | *
[2026-04-13 10:01:21,057][root][INFO] - Epoch: 267 | Loss: 0.0013 | Val - MRR: 0.3635, MR:  159.68, H@1: 0.272, H@3: 0.398, H@10: 0.548 | 
[2026-04-13 10:03:40,392][root][INFO] - Epoch: 268 | Loss: 0.0013 | Val - MRR: 0.3624, MR:  160.31, H@1: 0.271, H@3: 0.397, H@10: 0.547 | 
[2026-04-13 10:05:59,797][root][INFO] - Epoch: 269 | Loss: 0.0013 | Val - MRR: 0.3635, MR:  160.45, H@1: 0.272, H@3: 0.396, H@10: 0.549 | 
[2026-04-13 10:08:18,734][root][INFO] - Epoch: 270 | Loss: 0.0013 | Val - MRR: 0.3633, MR:  159.97, H@1: 0.271, H@3: 0.400, H@10: 0.549 | 
[2026-04-13 10:10:38,172][root][INFO] - Epoch: 271 | Loss: 0.0013 | Val - MRR: 0.3628, MR:  161.08, H@1: 0.271, H@3: 0.397, H@10: 0.547 | 
[2026-04-13 10:12:58,500][root][INFO] - Epoch: 272 | Loss: 0.0013 | Val - MRR: 0.3631, MR:  158.96, H@1: 0.272, H@3: 0.398, H@10: 0.547 | 
[2026-04-13 10:15:17,521][root][INFO] - Epoch: 273 | Loss: 0.0013 | Val - MRR: 0.3627, MR:  162.25, H@1: 0.271, H@3: 0.397, H@10: 0.550 | 
[2026-04-13 10:17:36,071][root][INFO] - Epoch: 274 | Loss: 0.0013 | Val - MRR: 0.3629, MR:  163.23, H@1: 0.271, H@3: 0.398, H@10: 0.546 | 
[2026-04-13 10:20:11,382][root][INFO] - Epoch: 275 | Loss: 0.0013 | Val - MRR: 0.3646, MR:  163.21, H@1: 0.273, H@3: 0.400, H@10: 0.549 | Test - MRR: 0.3388 | *
[2026-04-13 10:22:29,382][root][INFO] - Epoch: 276 | Loss: 0.0013 | Val - MRR: 0.3642, MR:  162.05, H@1: 0.272, H@3: 0.399, H@10: 0.549 | 
[2026-04-13 10:24:48,007][root][INFO] - Epoch: 277 | Loss: 0.0013 | Val - MRR: 0.3622, MR:  163.05, H@1: 0.270, H@3: 0.397, H@10: 0.547 | 
[2026-04-13 10:27:07,558][root][INFO] - Epoch: 278 | Loss: 0.0013 | Val - MRR: 0.3636, MR:  165.69, H@1: 0.272, H@3: 0.398, H@10: 0.549 | 
[2026-04-13 10:29:27,707][root][INFO] - Epoch: 279 | Loss: 0.0013 | Val - MRR: 0.3632, MR:  161.45, H@1: 0.271, H@3: 0.398, H@10: 0.548 | 
[2026-04-13 10:31:46,371][root][INFO] - Epoch: 280 | Loss: 0.0013 | Val - MRR: 0.3641, MR:  160.89, H@1: 0.272, H@3: 0.400, H@10: 0.550 | 
[2026-04-13 10:34:05,457][root][INFO] - Epoch: 281 | Loss: 0.0013 | Val - MRR: 0.3638, MR:  162.11, H@1: 0.271, H@3: 0.399, H@10: 0.550 | 
[2026-04-13 10:36:27,102][root][INFO] - Epoch: 282 | Loss: 0.0013 | Val - MRR: 0.3630, MR:  159.78, H@1: 0.271, H@3: 0.398, H@10: 0.547 | 
[2026-04-13 10:38:47,524][root][INFO] - Epoch: 283 | Loss: 0.0013 | Val - MRR: 0.3636, MR:  159.61, H@1: 0.272, H@3: 0.399, H@10: 0.550 | 
[2026-04-13 10:41:23,704][root][INFO] - Epoch: 284 | Loss: 0.0013 | Val - MRR: 0.3641, MR:  162.72, H@1: 0.272, H@3: 0.399, H@10: 0.550 | Test - MRR: 0.3410 | *
[2026-04-13 10:43:57,854][root][INFO] - Epoch: 285 | Loss: 0.0013 | Val - MRR: 0.3647, MR:  159.62, H@1: 0.273, H@3: 0.398, H@10: 0.551 | Test - MRR: 0.3408 | *
[2026-04-13 10:46:17,147][root][INFO] - Epoch: 286 | Loss: 0.0013 | Val - MRR: 0.3638, MR:  163.88, H@1: 0.272, H@3: 0.399, H@10: 0.549 | 
[2026-04-13 10:48:50,771][root][INFO] - Epoch: 287 | Loss: 0.0013 | Val - MRR: 0.3656, MR:  161.90, H@1: 0.273, H@3: 0.400, H@10: 0.551 | Test - MRR: 0.3409 | *
[2026-04-13 10:51:10,670][root][INFO] - Epoch: 288 | Loss: 0.0013 | Val - MRR: 0.3643, MR:  159.84, H@1: 0.272, H@3: 0.399, H@10: 0.551 | 
[2026-04-13 10:53:31,034][root][INFO] - Epoch: 289 | Loss: 0.0013 | Val - MRR: 0.3638, MR:  163.03, H@1: 0.271, H@3: 0.399, H@10: 0.551 | 
[2026-04-13 10:55:50,537][root][INFO] - Epoch: 290 | Loss: 0.0013 | Val - MRR: 0.3632, MR:  161.98, H@1: 0.271, H@3: 0.398, H@10: 0.549 | 
[2026-04-13 10:58:10,097][root][INFO] - Epoch: 291 | Loss: 0.0013 | Val - MRR: 0.3652, MR:  163.49, H@1: 0.273, H@3: 0.400, H@10: 0.551 | 
[2026-04-13 11:00:30,270][root][INFO] - Epoch: 292 | Loss: 0.0013 | Val - MRR: 0.3639, MR:  163.89, H@1: 0.272, H@3: 0.399, H@10: 0.548 | 
[2026-04-13 11:02:50,578][root][INFO] - Epoch: 293 | Loss: 0.0013 | Val - MRR: 0.3636, MR:  163.38, H@1: 0.271, H@3: 0.399, H@10: 0.548 | 
[2026-04-13 11:05:10,682][root][INFO] - Epoch: 294 | Loss: 0.0013 | Val - MRR: 0.3648, MR:  162.33, H@1: 0.272, H@3: 0.401, H@10: 0.550 | 
[2026-04-13 11:07:45,408][root][INFO] - Epoch: 295 | Loss: 0.0013 | Val - MRR: 0.3655, MR:  160.53, H@1: 0.274, H@3: 0.400, H@10: 0.551 | Test - MRR: 0.3411 | *
[2026-04-13 11:10:04,956][root][INFO] - Epoch: 296 | Loss: 0.0013 | Val - MRR: 0.3639, MR:  160.21, H@1: 0.271, H@3: 0.399, H@10: 0.549 | 
[2026-04-13 11:12:24,328][root][INFO] - Epoch: 297 | Loss: 0.0013 | Val - MRR: 0.3642, MR:  163.44, H@1: 0.272, H@3: 0.400, H@10: 0.552 | 
[2026-04-13 11:14:44,653][root][INFO] - Epoch: 298 | Loss: 0.0013 | Val - MRR: 0.3644, MR:  163.15, H@1: 0.272, H@3: 0.399, H@10: 0.551 | 
[2026-04-13 11:17:04,187][root][INFO] - Epoch: 299 | Loss: 0.0013 | Val - MRR: 0.3630, MR:  164.85, H@1: 0.271, H@3: 0.397, H@10: 0.548 | 
[2026-04-13 11:19:38,902][root][INFO] - Epoch: 300 | Loss: 0.0013 | Val - MRR: 0.3647, MR:  163.55, H@1: 0.273, H@3: 0.400, H@10: 0.550 | Test - MRR: 0.3412 | *
[2026-04-13 11:22:13,434][root][INFO] - Epoch: 301 | Loss: 0.0013 | Val - MRR: 0.3648, MR:  164.79, H@1: 0.273, H@3: 0.399, H@10: 0.550 | Test - MRR: 0.3410 | *
[2026-04-13 11:24:47,435][root][INFO] - Epoch: 302 | Loss: 0.0013 | Val - MRR: 0.3658, MR:  165.81, H@1: 0.273, H@3: 0.400, H@10: 0.553 | Test - MRR: 0.3411 | *
[2026-04-13 11:27:24,101][root][INFO] - Epoch: 303 | Loss: 0.0013 | Val - MRR: 0.3656, MR:  162.61, H@1: 0.273, H@3: 0.401, H@10: 0.551 | Test - MRR: 0.3415 | *
[2026-04-13 11:29:43,501][root][INFO] - Epoch: 304 | Loss: 0.0013 | Val - MRR: 0.3647, MR:  164.42, H@1: 0.273, H@3: 0.399, H@10: 0.549 | 
[2026-04-13 11:32:01,292][root][INFO] - Epoch: 305 | Loss: 0.0013 | Val - MRR: 0.3649, MR:  165.06, H@1: 0.273, H@3: 0.401, H@10: 0.550 | 
[2026-04-13 11:34:21,727][root][INFO] - Epoch: 306 | Loss: 0.0013 | Val - MRR: 0.3651, MR:  165.45, H@1: 0.273, H@3: 0.400, H@10: 0.549 | 
[2026-04-13 11:36:58,563][root][INFO] - Epoch: 307 | Loss: 0.0013 | Val - MRR: 0.3653, MR:  165.35, H@1: 0.273, H@3: 0.401, H@10: 0.552 | Test - MRR: 0.3420 | *
[2026-04-13 11:39:18,607][root][INFO] - Epoch: 308 | Loss: 0.0013 | Val - MRR: 0.3652, MR:  163.90, H@1: 0.274, H@3: 0.400, H@10: 0.550 | 
[2026-04-13 11:41:38,466][root][INFO] - Epoch: 309 | Loss: 0.0013 | Val - MRR: 0.3644, MR:  166.08, H@1: 0.273, H@3: 0.399, H@10: 0.552 | 
[2026-04-13 11:43:58,002][root][INFO] - Epoch: 310 | Loss: 0.0013 | Val - MRR: 0.3630, MR:  166.27, H@1: 0.270, H@3: 0.398, H@10: 0.550 | 
[2026-04-13 11:46:18,078][root][INFO] - Epoch: 311 | Loss: 0.0013 | Val - MRR: 0.3643, MR:  163.89, H@1: 0.272, H@3: 0.399, H@10: 0.552 | 
[2026-04-13 11:48:39,583][root][INFO] - Epoch: 312 | Loss: 0.0013 | Val - MRR: 0.3642, MR:  160.63, H@1: 0.271, H@3: 0.400, H@10: 0.552 | 
[2026-04-13 11:50:59,913][root][INFO] - Epoch: 313 | Loss: 0.0013 | Val - MRR: 0.3652, MR:  162.68, H@1: 0.273, H@3: 0.400, H@10: 0.551 | 
[2026-04-13 11:53:19,342][root][INFO] - Epoch: 314 | Loss: 0.0013 | Val - MRR: 0.3651, MR:  165.52, H@1: 0.272, H@3: 0.401, H@10: 0.553 | 
[2026-04-13 11:55:54,288][root][INFO] - Epoch: 315 | Loss: 0.0013 | Val - MRR: 0.3655, MR:  162.71, H@1: 0.273, H@3: 0.401, H@10: 0.554 | Test - MRR: 0.3406 | *
[2026-04-13 11:58:13,450][root][INFO] - Epoch: 316 | Loss: 0.0013 | Val - MRR: 0.3649, MR:  165.26, H@1: 0.273, H@3: 0.399, H@10: 0.553 | 
[2026-04-13 12:00:33,891][root][INFO] - Epoch: 317 | Loss: 0.0013 | Val - MRR: 0.3652, MR:  167.55, H@1: 0.274, H@3: 0.400, H@10: 0.551 | 
[2026-04-13 12:02:54,014][root][INFO] - Epoch: 318 | Loss: 0.0013 | Val - MRR: 0.3644, MR:  167.56, H@1: 0.272, H@3: 0.399, H@10: 0.551 | 
[2026-04-13 12:05:29,942][root][INFO] - Epoch: 319 | Loss: 0.0013 | Val - MRR: 0.3655, MR:  166.71, H@1: 0.274, H@3: 0.400, H@10: 0.552 | Test - MRR: 0.3395 | *
[2026-04-13 12:07:48,726][root][INFO] - Epoch: 320 | Loss: 0.0013 | Val - MRR: 0.3653, MR:  166.09, H@1: 0.272, H@3: 0.402, H@10: 0.552 | 
[2026-04-13 12:10:11,601][root][INFO] - Epoch: 321 | Loss: 0.0013 | Val - MRR: 0.3654, MR:  167.09, H@1: 0.272, H@3: 0.401, H@10: 0.552 | 
[2026-04-13 12:12:35,074][root][INFO] - Epoch: 322 | Loss: 0.0013 | Val - MRR: 0.3645, MR:  167.57, H@1: 0.272, H@3: 0.401, H@10: 0.551 | 
[2026-04-13 12:14:59,353][root][INFO] - Epoch: 323 | Loss: 0.0013 | Val - MRR: 0.3648, MR:  166.77, H@1: 0.272, H@3: 0.399, H@10: 0.553 | 
[2026-04-13 12:17:36,794][root][INFO] - Epoch: 324 | Loss: 0.0013 | Val - MRR: 0.3657, MR:  166.26, H@1: 0.273, H@3: 0.401, H@10: 0.553 | Test - MRR: 0.3406 | *
[2026-04-13 12:19:58,401][root][INFO] - Epoch: 325 | Loss: 0.0013 | Val - MRR: 0.3652, MR:  167.21, H@1: 0.272, H@3: 0.402, H@10: 0.553 | 
[2026-04-13 12:22:17,756][root][INFO] - Epoch: 326 | Loss: 0.0013 | Val - MRR: 0.3653, MR:  167.59, H@1: 0.273, H@3: 0.401, H@10: 0.554 | 
[2026-04-13 12:24:37,672][root][INFO] - Epoch: 327 | Loss: 0.0013 | Val - MRR: 0.3640, MR:  167.27, H@1: 0.272, H@3: 0.398, H@10: 0.551 | 
[2026-04-13 12:26:57,125][root][INFO] - Epoch: 328 | Loss: 0.0013 | Val - MRR: 0.3650, MR:  170.70, H@1: 0.273, H@3: 0.400, H@10: 0.553 | 
[2026-04-13 12:29:17,202][root][INFO] - Epoch: 329 | Loss: 0.0013 | Val - MRR: 0.3650, MR:  166.13, H@1: 0.273, H@3: 0.399, H@10: 0.553 | 
[2026-04-13 12:31:51,713][root][INFO] - Epoch: 330 | Loss: 0.0013 | Val - MRR: 0.3668, MR:  165.43, H@1: 0.275, H@3: 0.401, H@10: 0.553 | Test - MRR: 0.3417 | *
[2026-04-13 12:34:13,581][root][INFO] - Epoch: 331 | Loss: 0.0013 | Val - MRR: 0.3667, MR:  166.84, H@1: 0.275, H@3: 0.401, H@10: 0.553 | 
[2026-04-13 12:36:33,497][root][INFO] - Epoch: 332 | Loss: 0.0013 | Val - MRR: 0.3651, MR:  168.40, H@1: 0.272, H@3: 0.400, H@10: 0.553 | 
[2026-04-13 12:38:53,284][root][INFO] - Epoch: 333 | Loss: 0.0013 | Val - MRR: 0.3657, MR:  167.85, H@1: 0.273, H@3: 0.401, H@10: 0.553 | 
[2026-04-13 12:41:13,294][root][INFO] - Epoch: 334 | Loss: 0.0013 | Val - MRR: 0.3649, MR:  171.80, H@1: 0.271, H@3: 0.402, H@10: 0.552 | 
[2026-04-13 12:43:32,670][root][INFO] - Epoch: 335 | Loss: 0.0013 | Val - MRR: 0.3655, MR:  167.68, H@1: 0.273, H@3: 0.400, H@10: 0.552 | 
[2026-04-13 12:45:52,014][root][INFO] - Epoch: 336 | Loss: 0.0013 | Val - MRR: 0.3654, MR:  168.84, H@1: 0.273, H@3: 0.400, H@10: 0.552 | 
[2026-04-13 12:48:12,187][root][INFO] - Epoch: 337 | Loss: 0.0013 | Val - MRR: 0.3663, MR:  165.22, H@1: 0.274, H@3: 0.401, H@10: 0.555 | 
[2026-04-13 12:50:32,106][root][INFO] - Epoch: 338 | Loss: 0.0013 | Val - MRR: 0.3662, MR:  165.74, H@1: 0.275, H@3: 0.400, H@10: 0.552 | 
[2026-04-13 12:52:52,315][root][INFO] - Epoch: 339 | Loss: 0.0013 | Val - MRR: 0.3657, MR:  169.46, H@1: 0.274, H@3: 0.399, H@10: 0.553 | 
[2026-04-13 12:55:13,086][root][INFO] - Epoch: 340 | Loss: 0.0013 | Val - MRR: 0.3652, MR:  168.96, H@1: 0.274, H@3: 0.399, H@10: 0.551 | 
[2026-04-13 12:57:32,934][root][INFO] - Epoch: 341 | Loss: 0.0013 | Val - MRR: 0.3646, MR:  166.12, H@1: 0.273, H@3: 0.400, H@10: 0.551 | 
[2026-04-13 12:59:52,915][root][INFO] - Epoch: 342 | Loss: 0.0013 | Val - MRR: 0.3647, MR:  170.00, H@1: 0.272, H@3: 0.399, H@10: 0.553 | 
[2026-04-13 13:02:14,062][root][INFO] - Epoch: 343 | Loss: 0.0013 | Val - MRR: 0.3653, MR:  170.15, H@1: 0.273, H@3: 0.398, H@10: 0.552 | 
[2026-04-13 13:04:33,847][root][INFO] - Epoch: 344 | Loss: 0.0013 | Val - MRR: 0.3646, MR:  169.97, H@1: 0.272, H@3: 0.398, H@10: 0.551 | 
[2026-04-13 13:06:54,587][root][INFO] - Epoch: 345 | Loss: 0.0013 | Val - MRR: 0.3652, MR:  169.85, H@1: 0.273, H@3: 0.399, H@10: 0.553 | 
[2026-04-13 13:09:15,613][root][INFO] - Epoch: 346 | Loss: 0.0013 | Val - MRR: 0.3655, MR:  169.38, H@1: 0.273, H@3: 0.401, H@10: 0.553 | 
[2026-04-13 13:11:34,827][root][INFO] - Epoch: 347 | Loss: 0.0013 | Val - MRR: 0.3654, MR:  170.50, H@1: 0.274, H@3: 0.400, H@10: 0.552 | 
[2026-04-13 13:13:55,417][root][INFO] - Epoch: 348 | Loss: 0.0013 | Val - MRR: 0.3641, MR:  169.02, H@1: 0.272, H@3: 0.399, H@10: 0.552 | 
[2026-04-13 13:16:14,235][root][INFO] - Epoch: 349 | Loss: 0.0013 | Val - MRR: 0.3640, MR:  168.92, H@1: 0.272, H@3: 0.399, H@10: 0.553 | 
[2026-04-13 13:18:33,759][root][INFO] - Epoch: 350 | Loss: 0.0013 | Val - MRR: 0.3645, MR:  168.08, H@1: 0.272, H@3: 0.398, H@10: 0.555 | 
[2026-04-13 13:20:52,730][root][INFO] - Epoch: 351 | Loss: 0.0013 | Val - MRR: 0.3637, MR:  172.14, H@1: 0.271, H@3: 0.399, H@10: 0.553 | 
[2026-04-13 13:23:14,351][root][INFO] - Epoch: 352 | Loss: 0.0013 | Val - MRR: 0.3648, MR:  171.93, H@1: 0.272, H@3: 0.399, H@10: 0.553 | 
[2026-04-13 13:25:33,739][root][INFO] - Epoch: 353 | Loss: 0.0013 | Val - MRR: 0.3654, MR:  168.76, H@1: 0.273, H@3: 0.400, H@10: 0.553 | 
[2026-04-13 13:27:54,849][root][INFO] - Epoch: 354 | Loss: 0.0013 | Val - MRR: 0.3656, MR:  169.96, H@1: 0.273, H@3: 0.401, H@10: 0.553 | 
[2026-04-13 13:30:15,388][root][INFO] - Epoch: 355 | Loss: 0.0013 | Val - MRR: 0.3657, MR:  170.82, H@1: 0.273, H@3: 0.401, H@10: 0.554 | 
[2026-04-13 13:32:35,096][root][INFO] - Epoch: 356 | Loss: 0.0013 | Val - MRR: 0.3659, MR:  170.89, H@1: 0.273, H@3: 0.402, H@10: 0.553 | 
[2026-04-13 13:35:01,401][root][INFO] - Epoch: 357 | Loss: 0.0013 | Val - MRR: 0.3650, MR:  170.47, H@1: 0.272, H@3: 0.400, H@10: 0.553 | 
[2026-04-13 13:37:21,938][root][INFO] - Epoch: 358 | Loss: 0.0013 | Val - MRR: 0.3666, MR:  170.48, H@1: 0.275, H@3: 0.401, H@10: 0.554 | 
[2026-04-13 13:39:42,916][root][INFO] - Epoch: 359 | Loss: 0.0013 | Val - MRR: 0.3649, MR:  171.55, H@1: 0.273, H@3: 0.399, H@10: 0.553 | 
[2026-04-13 13:42:02,304][root][INFO] - Epoch: 360 | Loss: 0.0013 | Val - MRR: 0.3654, MR:  169.35, H@1: 0.273, H@3: 0.400, H@10: 0.553 | 
[2026-04-13 13:44:21,716][root][INFO] - Epoch: 361 | Loss: 0.0013 | Val - MRR: 0.3663, MR:  169.38, H@1: 0.274, H@3: 0.401, H@10: 0.553 | 
[2026-04-13 13:46:40,996][root][INFO] - Epoch: 362 | Loss: 0.0013 | Val - MRR: 0.3651, MR:  164.63, H@1: 0.272, H@3: 0.401, H@10: 0.554 | 
[2026-04-13 13:49:01,455][root][INFO] - Epoch: 363 | Loss: 0.0013 | Val - MRR: 0.3641, MR:  169.71, H@1: 0.271, H@3: 0.399, H@10: 0.552 | 
[2026-04-13 13:51:20,712][root][INFO] - Epoch: 364 | Loss: 0.0013 | Val - MRR: 0.3645, MR:  171.99, H@1: 0.272, H@3: 0.400, H@10: 0.552 | 
[2026-04-13 13:53:41,145][root][INFO] - Epoch: 365 | Loss: 0.0013 | Val - MRR: 0.3644, MR:  169.88, H@1: 0.272, H@3: 0.400, H@10: 0.553 | 
[2026-04-13 13:56:00,023][root][INFO] - Epoch: 366 | Loss: 0.0013 | Val - MRR: 0.3644, MR:  172.64, H@1: 0.272, H@3: 0.399, H@10: 0.552 | 
[2026-04-13 13:56:00,023][root][INFO] - Long time no improvenment, stop training...
[2026-04-13 13:56:00,023][root][INFO] - Training end...
[2026-04-13 13:56:00,345][root][INFO] - ✅ 成功加载最优模型：/home/wangwei/DSGNet-main/DSGNet/model_checkpoints/best_model_FB15k_237_20260413_113642.torch
[2026-04-13 13:56:00,346][root][INFO] - 📌 最优模型来自Epoch：307，最优MRR：0.3420
[2026-04-13 13:56:00,346][root][INFO] - Train metrics ...
[2026-04-13 13:57:13,753][root][INFO] - Train (head) - MRR: 0.6482, MR:    9.60, H@1: 0.529, H@3: 0.730, H@10: 0.863
[2026-04-13 13:57:13,754][root][INFO] - Train (tail) - MRR: 0.7333, MR:    5.61, H@1: 0.628, H@3: 0.810, H@10: 0.919
[2026-04-13 13:57:13,754][root][INFO] - Train (avg) - MRR: 0.6908, MR:    7.61, H@1: 0.578, H@3: 0.770, H@10: 0.891

[2026-04-13 13:57:13,754][root][INFO] - Valid metrics ...
[2026-04-13 13:57:29,433][root][INFO] - Valid (head) - MRR: 0.2663, MR:  217.26, H@1: 0.177, H@3: 0.295, H@10: 0.450
[2026-04-13 13:57:29,433][root][INFO] - Valid (tail) - MRR: 0.4643, MR:  113.44, H@1: 0.370, H@3: 0.508, H@10: 0.654
[2026-04-13 13:57:29,433][root][INFO] - Valid (avg) - MRR: 0.3653, MR:  165.35, H@1: 0.273, H@3: 0.401, H@10: 0.552

[2026-04-13 13:57:29,433][root][INFO] - Test metrics...
[2026-04-13 13:57:44,377][root][INFO] - Test (head) - MRR: 0.2850, MR:  159.68, H@1: 0.187, H@3: 0.317, H@10: 0.487
[2026-04-13 13:57:44,378][root][INFO] - Test (tail) - MRR: 0.3991, MR:  105.15, H@1: 0.286, H@3: 0.452, H@10: 0.623
[2026-04-13 13:57:44,378][root][INFO] - Test (avg) - MRR: 0.3420, MR:  132.41, H@1: 0.236, H@3: 0.385, H@10: 0.555

[2026-04-13 13:57:44,378][root][INFO] - Model save path: /home/wangwei/DSGNet-main/DSGNet/data/output/FB15k_237/2026-04-12/22-36-44
