[2026-04-02 22:19:08,772][root][INFO] - 
------Config------
 {'dataset': 'FB15k_237', 'epoch': 600, 'batch_size': 1024, 'learning_rate': 0.00035, 'h_dim': 480, 'pred_rel_w': False, 'label_smooth': 0.1, 'n_heads': 4, 'topk': 15, 'kg_layer': 2, 'rm_rate': 0.5, 'ent_drop': 0.3, 'rel_drop': 0.2, 'comp_op': 'mul', 'bn': False, 'k_h': 16, 'k_w': 30, 'conv_drop': 0.3, 'ent_drop_pred': 0.3, 'fc_drop': 0.5, 'ker_sz': 8, 'out_channel': 200, 'device': 1, 'max_no_improve': 35, 'cpu_worker_num': 10, 'warmup_epoch': 5}
[2026-04-02 22:19:08,772][root][INFO] - Code dir path: /home/wangwei/DSGNet-main/DSGNet/code_new
[2026-04-02 22:19:08,772][root][INFO] - Config dir path: /home/wangwei/DSGNet-main/DSGNet/config
[2026-04-02 22:19:08,772][root][INFO] - Model save path: /home/wangwei/DSGNet-main/DSGNet/data/output/FB15k_237/2026-04-02/22-19-08
[2026-04-02 22:19:13,092][root][INFO] - kg # node: 14541
[2026-04-02 22:19:13,092][root][INFO] - kg # edge: 544230
[2026-04-02 22:19:13,092][root][INFO] - kg # zero deg node: 36
[2026-04-02 22:19:13,092][root][INFO] - ---Load Train Data---
[2026-04-02 22:19:15,595][root][INFO] - -----Model Parameter Configuration-----
[2026-04-02 22:19:15,595][root][INFO] - Parameter ent_emb: torch.Size([14541, 480]), require_grad = True
[2026-04-02 22:19:15,595][root][INFO] - Parameter pred_rel_emb: torch.Size([474, 480]), require_grad = True
[2026-04-02 22:19:15,595][root][INFO] - Parameter W_fuse: torch.Size([480, 480]), require_grad = True
[2026-04-02 22:19:15,595][root][INFO] - Parameter a_fuse: torch.Size([960, 1]), require_grad = True
[2026-04-02 22:19:15,595][root][INFO] - Parameter rel_embs.0: torch.Size([474, 480]), require_grad = True
[2026-04-02 22:19:15,596][root][INFO] - Parameter rel_embs.1: torch.Size([474, 480]), require_grad = True
[2026-04-02 22:19:15,596][root][INFO] - Parameter predictor.bn0.weight: torch.Size([1]), require_grad = True
[2026-04-02 22:19:15,596][root][INFO] - Parameter predictor.bn0.bias: torch.Size([1]), require_grad = True
[2026-04-02 22:19:15,596][root][INFO] - Parameter predictor.bn1.weight: torch.Size([200]), require_grad = True
[2026-04-02 22:19:15,596][root][INFO] - Parameter predictor.bn1.bias: torch.Size([200]), require_grad = True
[2026-04-02 22:19:15,596][root][INFO] - Parameter predictor.bn2.weight: torch.Size([480]), require_grad = True
[2026-04-02 22:19:15,596][root][INFO] - Parameter predictor.bn2.bias: torch.Size([480]), require_grad = True
[2026-04-02 22:19:15,596][root][INFO] - Parameter predictor.conv.weight: torch.Size([200, 1, 8, 8]), require_grad = True
[2026-04-02 22:19:15,596][root][INFO] - Parameter predictor.fc.weight: torch.Size([480, 115000]), require_grad = True
[2026-04-02 22:19:15,596][root][INFO] - Parameter L.weight: torch.Size([480, 480]), require_grad = True
[2026-04-02 22:19:15,596][root][INFO] - Parameter L.bias: torch.Size([480]), require_grad = True
[2026-04-02 22:19:15,596][root][INFO] - Parameter S.weight: torch.Size([480, 480]), require_grad = True
[2026-04-02 22:19:15,596][root][INFO] - Parameter S.bias: torch.Size([480]), require_grad = True
[2026-04-02 22:19:15,596][root][INFO] - Parameter comp_layers.0.neigh_w: torch.Size([480, 480]), require_grad = True
[2026-04-02 22:19:15,596][root][INFO] - Parameter comp_layers.0.W.0: torch.Size([480, 120]), require_grad = True
[2026-04-02 22:19:15,596][root][INFO] - Parameter comp_layers.0.W.1: torch.Size([480, 120]), require_grad = True
[2026-04-02 22:19:15,596][root][INFO] - Parameter comp_layers.0.W.2: torch.Size([480, 120]), require_grad = True
[2026-04-02 22:19:15,596][root][INFO] - Parameter comp_layers.0.W.3: torch.Size([480, 120]), require_grad = True
[2026-04-02 22:19:15,596][root][INFO] - Parameter comp_layers.0.W_r.0: torch.Size([480, 120]), require_grad = True
[2026-04-02 22:19:15,596][root][INFO] - Parameter comp_layers.0.W_r.1: torch.Size([480, 120]), require_grad = True
[2026-04-02 22:19:15,596][root][INFO] - Parameter comp_layers.0.W_r.2: torch.Size([480, 120]), require_grad = True
[2026-04-02 22:19:15,597][root][INFO] - Parameter comp_layers.0.W_r.3: torch.Size([480, 120]), require_grad = True
[2026-04-02 22:19:15,597][root][INFO] - Parameter comp_layers.0.a.0: torch.Size([360, 1]), require_grad = True
[2026-04-02 22:19:15,597][root][INFO] - Parameter comp_layers.0.a.1: torch.Size([360, 1]), require_grad = True
[2026-04-02 22:19:15,597][root][INFO] - Parameter comp_layers.0.a.2: torch.Size([360, 1]), require_grad = True
[2026-04-02 22:19:15,597][root][INFO] - Parameter comp_layers.0.a.3: torch.Size([360, 1]), require_grad = True
[2026-04-02 22:19:15,597][root][INFO] - Parameter comp_layers.1.neigh_w: torch.Size([480, 480]), require_grad = True
[2026-04-02 22:19:15,597][root][INFO] - Parameter comp_layers.1.W.0: torch.Size([480, 120]), require_grad = True
[2026-04-02 22:19:15,597][root][INFO] - Parameter comp_layers.1.W.1: torch.Size([480, 120]), require_grad = True
[2026-04-02 22:19:15,597][root][INFO] - Parameter comp_layers.1.W.2: torch.Size([480, 120]), require_grad = True
[2026-04-02 22:19:15,597][root][INFO] - Parameter comp_layers.1.W.3: torch.Size([480, 120]), require_grad = True
[2026-04-02 22:19:15,597][root][INFO] - Parameter comp_layers.1.W_r.0: torch.Size([480, 120]), require_grad = True
[2026-04-02 22:19:15,597][root][INFO] - Parameter comp_layers.1.W_r.1: torch.Size([480, 120]), require_grad = True
[2026-04-02 22:19:15,597][root][INFO] - Parameter comp_layers.1.W_r.2: torch.Size([480, 120]), require_grad = True
[2026-04-02 22:19:15,597][root][INFO] - Parameter comp_layers.1.W_r.3: torch.Size([480, 120]), require_grad = True
[2026-04-02 22:19:15,597][root][INFO] - Parameter comp_layers.1.a.0: torch.Size([360, 1]), require_grad = True
[2026-04-02 22:19:15,597][root][INFO] - Parameter comp_layers.1.a.1: torch.Size([360, 1]), require_grad = True
[2026-04-02 22:19:15,597][root][INFO] - Parameter comp_layers.1.a.2: torch.Size([360, 1]), require_grad = True
[2026-04-02 22:19:15,597][root][INFO] - Parameter comp_layers.1.a.3: torch.Size([360, 1]), require_grad = True
[2026-04-02 22:19:16,518][root][INFO] - Training... total epoch: 600, step: 88200
[2026-04-02 22:21:33,801][root][INFO] - Epoch:   0 | Loss: 0.4682 | Val - MRR: 0.0105, MR: 6439.07, H@1: 0.009, H@3: 0.010, H@10: 0.011 | Test - MRR: 0.0106 | *
[2026-04-02 22:23:54,394][root][INFO] - Epoch:   1 | Loss: 0.0054 | Val - MRR: 0.0118, MR: 5503.16, H@1: 0.010, H@3: 0.010, H@10: 0.010 | Test - MRR: 0.0117 | *
[2026-04-02 22:26:09,732][root][INFO] - Epoch:   2 | Loss: 0.0034 | Val - MRR: 0.0262, MR: 3999.82, H@1: 0.021, H@3: 0.022, H@10: 0.028 | Test - MRR: 0.0262 | *
[2026-04-02 22:28:27,143][root][INFO] - Epoch:   3 | Loss: 0.0032 | Val - MRR: 0.0842, MR: 2906.61, H@1: 0.071, H@3: 0.085, H@10: 0.098 | Test - MRR: 0.0835 | *
[2026-04-02 22:30:43,724][root][INFO] - Epoch:   4 | Loss: 0.0030 | Val - MRR: 0.1119, MR: 2310.60, H@1: 0.089, H@3: 0.114, H@10: 0.153 | Test - MRR: 0.1114 | *
[2026-04-02 22:33:00,332][root][INFO] - Epoch:   5 | Loss: 0.0031 | Val - MRR: 0.1354, MR: 1900.87, H@1: 0.103, H@3: 0.142, H@10: 0.197 | Test - MRR: 0.1354 | *
[2026-04-02 22:35:15,065][root][INFO] - Epoch:   6 | Loss: 0.0029 | Val - MRR: 0.1494, MR: 1621.12, H@1: 0.110, H@3: 0.157, H@10: 0.228 | Test - MRR: 0.1487 | *
[2026-04-02 22:37:28,965][root][INFO] - Epoch:   7 | Loss: 0.0028 | Val - MRR: 0.1596, MR: 1399.35, H@1: 0.117, H@3: 0.167, H@10: 0.248 | Test - MRR: 0.1578 | *
[2026-04-02 22:39:45,256][root][INFO] - Epoch:   8 | Loss: 0.0027 | Val - MRR: 0.1717, MR: 1232.62, H@1: 0.125, H@3: 0.182, H@10: 0.265 | Test - MRR: 0.1702 | *
[2026-04-02 22:41:59,342][root][INFO] - Epoch:   9 | Loss: 0.0026 | Val - MRR: 0.1783, MR: 1066.83, H@1: 0.129, H@3: 0.189, H@10: 0.279 | Test - MRR: 0.1772 | *
[2026-04-02 22:44:14,285][root][INFO] - Epoch:  10 | Loss: 0.0026 | Val - MRR: 0.1852, MR:  963.50, H@1: 0.132, H@3: 0.200, H@10: 0.289 | Test - MRR: 0.1843 | *
[2026-04-02 22:46:27,624][root][INFO] - Epoch:  11 | Loss: 0.0024 | Val - MRR: 0.1929, MR:  836.88, H@1: 0.139, H@3: 0.207, H@10: 0.298 | Test - MRR: 0.1923 | *
[2026-04-02 22:48:43,843][root][INFO] - Epoch:  12 | Loss: 0.0024 | Val - MRR: 0.1990, MR:  749.98, H@1: 0.145, H@3: 0.214, H@10: 0.305 | Test - MRR: 0.1981 | *
[2026-04-02 22:50:58,589][root][INFO] - Epoch:  13 | Loss: 0.0024 | Val - MRR: 0.2047, MR:  683.57, H@1: 0.150, H@3: 0.219, H@10: 0.313 | Test - MRR: 0.2028 | *
[2026-04-02 22:53:13,136][root][INFO] - Epoch:  14 | Loss: 0.0024 | Val - MRR: 0.2089, MR:  619.84, H@1: 0.152, H@3: 0.225, H@10: 0.320 | Test - MRR: 0.2079 | *
[2026-04-02 22:55:27,332][root][INFO] - Epoch:  15 | Loss: 0.0024 | Val - MRR: 0.2110, MR:  581.60, H@1: 0.153, H@3: 0.227, H@10: 0.324 | Test - MRR: 0.2100 | *
[2026-04-02 22:57:41,723][root][INFO] - Epoch:  16 | Loss: 0.0023 | Val - MRR: 0.2150, MR:  550.46, H@1: 0.156, H@3: 0.230, H@10: 0.330 | Test - MRR: 0.2146 | *
[2026-04-02 22:59:55,974][root][INFO] - Epoch:  17 | Loss: 0.0023 | Val - MRR: 0.2181, MR:  526.44, H@1: 0.159, H@3: 0.235, H@10: 0.333 | Test - MRR: 0.2166 | *
[2026-04-02 23:02:10,358][root][INFO] - Epoch:  18 | Loss: 0.0024 | Val - MRR: 0.2208, MR:  509.44, H@1: 0.161, H@3: 0.239, H@10: 0.337 | Test - MRR: 0.2196 | *
[2026-04-02 23:04:23,352][root][INFO] - Epoch:  19 | Loss: 0.0024 | Val - MRR: 0.2230, MR:  496.48, H@1: 0.163, H@3: 0.241, H@10: 0.340 | Test - MRR: 0.2214 | *
[2026-04-02 23:06:38,170][root][INFO] - Epoch:  20 | Loss: 0.0023 | Val - MRR: 0.2242, MR:  467.83, H@1: 0.163, H@3: 0.242, H@10: 0.343 | Test - MRR: 0.2235 | *
[2026-04-02 23:08:51,602][root][INFO] - Epoch:  21 | Loss: 0.0023 | Val - MRR: 0.2265, MR:  462.37, H@1: 0.164, H@3: 0.245, H@10: 0.346 | Test - MRR: 0.2261 | *
[2026-04-02 23:11:05,585][root][INFO] - Epoch:  22 | Loss: 0.0022 | Val - MRR: 0.2297, MR:  447.37, H@1: 0.167, H@3: 0.248, H@10: 0.350 | Test - MRR: 0.2285 | *
[2026-04-02 23:13:18,557][root][INFO] - Epoch:  23 | Loss: 0.0022 | Val - MRR: 0.2306, MR:  434.53, H@1: 0.167, H@3: 0.250, H@10: 0.353 | Test - MRR: 0.2300 | *
[2026-04-02 23:15:33,431][root][INFO] - Epoch:  24 | Loss: 0.0022 | Val - MRR: 0.2316, MR:  433.90, H@1: 0.167, H@3: 0.251, H@10: 0.354 | Test - MRR: 0.2301 | *
[2026-04-02 23:17:47,540][root][INFO] - Epoch:  25 | Loss: 0.0021 | Val - MRR: 0.2327, MR:  416.15, H@1: 0.168, H@3: 0.253, H@10: 0.356 | Test - MRR: 0.2321 | *
[2026-04-02 23:20:00,299][root][INFO] - Epoch:  26 | Loss: 0.0022 | Val - MRR: 0.2340, MR:  403.27, H@1: 0.169, H@3: 0.255, H@10: 0.358 | Test - MRR: 0.2331 | *
[2026-04-02 23:22:13,183][root][INFO] - Epoch:  27 | Loss: 0.0021 | Val - MRR: 0.2362, MR:  399.65, H@1: 0.171, H@3: 0.256, H@10: 0.362 | Test - MRR: 0.2348 | *
[2026-04-02 23:24:26,941][root][INFO] - Epoch:  28 | Loss: 0.0021 | Val - MRR: 0.2386, MR:  385.94, H@1: 0.174, H@3: 0.258, H@10: 0.364 | Test - MRR: 0.2377 | *
[2026-04-02 23:26:41,057][root][INFO] - Epoch:  29 | Loss: 0.0021 | Val - MRR: 0.2391, MR:  381.44, H@1: 0.174, H@3: 0.260, H@10: 0.364 | Test - MRR: 0.2375 | *
[2026-04-02 23:28:54,457][root][INFO] - Epoch:  30 | Loss: 0.0022 | Val - MRR: 0.2404, MR:  375.15, H@1: 0.175, H@3: 0.261, H@10: 0.368 | Test - MRR: 0.2395 | *
[2026-04-02 23:31:08,685][root][INFO] - Epoch:  31 | Loss: 0.0021 | Val - MRR: 0.2419, MR:  365.85, H@1: 0.175, H@3: 0.262, H@10: 0.373 | Test - MRR: 0.2412 | *
[2026-04-02 23:33:23,214][root][INFO] - Epoch:  32 | Loss: 0.0021 | Val - MRR: 0.2427, MR:  371.56, H@1: 0.176, H@3: 0.263, H@10: 0.372 | Test - MRR: 0.2416 | *
[2026-04-02 23:35:35,792][root][INFO] - Epoch:  33 | Loss: 0.0020 | Val - MRR: 0.2455, MR:  367.10, H@1: 0.178, H@3: 0.266, H@10: 0.375 | Test - MRR: 0.2439 | *
[2026-04-02 23:37:50,583][root][INFO] - Epoch:  34 | Loss: 0.0021 | Val - MRR: 0.2479, MR:  355.91, H@1: 0.180, H@3: 0.270, H@10: 0.379 | Test - MRR: 0.2462 | *
[2026-04-02 23:40:04,498][root][INFO] - Epoch:  35 | Loss: 0.0020 | Val - MRR: 0.2480, MR:  349.81, H@1: 0.180, H@3: 0.268, H@10: 0.378 | Test - MRR: 0.2466 | *
[2026-04-02 23:42:19,342][root][INFO] - Epoch:  36 | Loss: 0.0020 | Val - MRR: 0.2489, MR:  346.65, H@1: 0.181, H@3: 0.270, H@10: 0.382 | Test - MRR: 0.2473 | *
[2026-04-02 23:44:33,798][root][INFO] - Epoch:  37 | Loss: 0.0020 | Val - MRR: 0.2514, MR:  331.21, H@1: 0.182, H@3: 0.274, H@10: 0.386 | Test - MRR: 0.2500 | *
[2026-04-02 23:46:50,413][root][INFO] - Epoch:  38 | Loss: 0.0020 | Val - MRR: 0.2527, MR:  324.79, H@1: 0.183, H@3: 0.276, H@10: 0.387 | Test - MRR: 0.2512 | *
[2026-04-02 23:49:03,361][root][INFO] - Epoch:  39 | Loss: 0.0020 | Val - MRR: 0.2544, MR:  325.96, H@1: 0.185, H@3: 0.277, H@10: 0.390 | Test - MRR: 0.2523 | *
[2026-04-02 23:51:16,899][root][INFO] - Epoch:  40 | Loss: 0.0020 | Val - MRR: 0.2553, MR:  318.26, H@1: 0.185, H@3: 0.277, H@10: 0.391 | Test - MRR: 0.2531 | *
[2026-04-02 23:53:29,682][root][INFO] - Epoch:  41 | Loss: 0.0020 | Val - MRR: 0.2560, MR:  315.72, H@1: 0.186, H@3: 0.279, H@10: 0.393 | Test - MRR: 0.2542 | *
[2026-04-02 23:55:43,224][root][INFO] - Epoch:  42 | Loss: 0.0020 | Val - MRR: 0.2595, MR:  306.30, H@1: 0.189, H@3: 0.281, H@10: 0.396 | Test - MRR: 0.2577 | *
[2026-04-02 23:57:56,370][root][INFO] - Epoch:  43 | Loss: 0.0020 | Val - MRR: 0.2596, MR:  306.33, H@1: 0.190, H@3: 0.280, H@10: 0.397 | Test - MRR: 0.2576 | *
[2026-04-03 00:00:07,651][root][INFO] - Epoch:  44 | Loss: 0.0019 | Val - MRR: 0.2623, MR:  300.35, H@1: 0.192, H@3: 0.283, H@10: 0.400 | Test - MRR: 0.2600 | *
[2026-04-03 00:02:21,750][root][INFO] - Epoch:  45 | Loss: 0.0019 | Val - MRR: 0.2634, MR:  297.61, H@1: 0.193, H@3: 0.286, H@10: 0.401 | Test - MRR: 0.2603 | *
[2026-04-03 00:04:35,065][root][INFO] - Epoch:  46 | Loss: 0.0019 | Val - MRR: 0.2635, MR:  293.42, H@1: 0.192, H@3: 0.286, H@10: 0.402 | Test - MRR: 0.2621 | *
[2026-04-03 00:06:47,595][root][INFO] - Epoch:  47 | Loss: 0.0019 | Val - MRR: 0.2668, MR:  285.79, H@1: 0.195, H@3: 0.290, H@10: 0.409 | Test - MRR: 0.2639 | *
[2026-04-03 00:09:01,372][root][INFO] - Epoch:  48 | Loss: 0.0019 | Val - MRR: 0.2680, MR:  280.15, H@1: 0.196, H@3: 0.291, H@10: 0.407 | Test - MRR: 0.2650 | *
[2026-04-03 00:11:11,559][root][INFO] - Epoch:  49 | Loss: 0.0019 | Val - MRR: 0.2692, MR:  278.73, H@1: 0.197, H@3: 0.292, H@10: 0.411 | Test - MRR: 0.2663 | *
[2026-04-03 00:13:24,646][root][INFO] - Epoch:  50 | Loss: 0.0018 | Val - MRR: 0.2721, MR:  274.80, H@1: 0.199, H@3: 0.296, H@10: 0.413 | Test - MRR: 0.2688 | *
[2026-04-03 00:15:37,057][root][INFO] - Epoch:  51 | Loss: 0.0019 | Val - MRR: 0.2737, MR:  285.89, H@1: 0.201, H@3: 0.297, H@10: 0.415 | Test - MRR: 0.2704 | *
[2026-04-03 00:17:48,609][root][INFO] - Epoch:  52 | Loss: 0.0019 | Val - MRR: 0.2738, MR:  279.20, H@1: 0.201, H@3: 0.296, H@10: 0.415 | Test - MRR: 0.2700 | *
[2026-04-03 00:20:02,029][root][INFO] - Epoch:  53 | Loss: 0.0018 | Val - MRR: 0.2750, MR:  270.22, H@1: 0.202, H@3: 0.298, H@10: 0.419 | Test - MRR: 0.2723 | *
[2026-04-03 00:22:12,165][root][INFO] - Epoch:  54 | Loss: 0.0018 | Val - MRR: 0.2751, MR:  262.05, H@1: 0.201, H@3: 0.298, H@10: 0.421 | Test - MRR: 0.2721 | *
[2026-04-03 00:24:25,044][root][INFO] - Epoch:  55 | Loss: 0.0018 | Val - MRR: 0.2785, MR:  260.17, H@1: 0.205, H@3: 0.301, H@10: 0.422 | Test - MRR: 0.2752 | *
[2026-04-03 00:26:37,820][root][INFO] - Epoch:  56 | Loss: 0.0018 | Val - MRR: 0.2797, MR:  254.74, H@1: 0.206, H@3: 0.304, H@10: 0.424 | Test - MRR: 0.2766 | *
[2026-04-03 00:28:49,517][root][INFO] - Epoch:  57 | Loss: 0.0018 | Val - MRR: 0.2822, MR:  248.24, H@1: 0.207, H@3: 0.306, H@10: 0.430 | Test - MRR: 0.2797 | *
[2026-04-03 00:30:45,009][root][INFO] - Epoch:  58 | Loss: 0.0019 | Val - MRR: 0.2816, MR:  246.33, H@1: 0.207, H@3: 0.306, H@10: 0.429 | 
[2026-04-03 00:32:57,171][root][INFO] - Epoch:  59 | Loss: 0.0018 | Val - MRR: 0.2846, MR:  240.01, H@1: 0.209, H@3: 0.308, H@10: 0.435 | Test - MRR: 0.2815 | *
[2026-04-03 00:35:09,501][root][INFO] - Epoch:  60 | Loss: 0.0018 | Val - MRR: 0.2866, MR:  238.40, H@1: 0.210, H@3: 0.311, H@10: 0.437 | Test - MRR: 0.2847 | *
[2026-04-03 00:37:03,593][root][INFO] - Epoch:  61 | Loss: 0.0018 | Val - MRR: 0.2859, MR:  242.08, H@1: 0.210, H@3: 0.309, H@10: 0.435 | 
[2026-04-03 00:39:15,750][root][INFO] - Epoch:  62 | Loss: 0.0018 | Val - MRR: 0.2882, MR:  230.21, H@1: 0.211, H@3: 0.314, H@10: 0.438 | Test - MRR: 0.2864 | *
[2026-04-03 00:41:28,151][root][INFO] - Epoch:  63 | Loss: 0.0018 | Val - MRR: 0.2889, MR:  229.52, H@1: 0.212, H@3: 0.315, H@10: 0.441 | Test - MRR: 0.2859 | *
[2026-04-03 00:43:39,693][root][INFO] - Epoch:  64 | Loss: 0.0018 | Val - MRR: 0.2911, MR:  228.31, H@1: 0.214, H@3: 0.316, H@10: 0.443 | Test - MRR: 0.2888 | *
[2026-04-03 00:45:50,132][root][INFO] - Epoch:  65 | Loss: 0.0017 | Val - MRR: 0.2912, MR:  225.35, H@1: 0.214, H@3: 0.317, H@10: 0.443 | Test - MRR: 0.2894 | *
[2026-04-03 00:48:01,791][root][INFO] - Epoch:  66 | Loss: 0.0018 | Val - MRR: 0.2938, MR:  222.05, H@1: 0.217, H@3: 0.318, H@10: 0.446 | Test - MRR: 0.2914 | *
[2026-04-03 00:50:14,751][root][INFO] - Epoch:  67 | Loss: 0.0017 | Val - MRR: 0.2934, MR:  224.37, H@1: 0.216, H@3: 0.318, H@10: 0.447 | Test - MRR: 0.2918 | *
[2026-04-03 00:52:26,974][root][INFO] - Epoch:  68 | Loss: 0.0018 | Val - MRR: 0.2954, MR:  218.42, H@1: 0.218, H@3: 0.320, H@10: 0.450 | Test - MRR: 0.2938 | *
[2026-04-03 00:54:37,179][root][INFO] - Epoch:  69 | Loss: 0.0017 | Val - MRR: 0.2978, MR:  215.14, H@1: 0.220, H@3: 0.324, H@10: 0.451 | Test - MRR: 0.2947 | *
[2026-04-03 00:56:48,647][root][INFO] - Epoch:  70 | Loss: 0.0017 | Val - MRR: 0.2973, MR:  213.16, H@1: 0.218, H@3: 0.324, H@10: 0.453 | Test - MRR: 0.2949 | *
[2026-04-03 00:58:59,701][root][INFO] - Epoch:  71 | Loss: 0.0017 | Val - MRR: 0.2976, MR:  215.47, H@1: 0.219, H@3: 0.324, H@10: 0.453 | Test - MRR: 0.2951 | *
[2026-04-03 01:01:12,254][root][INFO] - Epoch:  72 | Loss: 0.0017 | Val - MRR: 0.2999, MR:  217.39, H@1: 0.221, H@3: 0.326, H@10: 0.455 | Test - MRR: 0.2959 | *
[2026-04-03 01:03:24,155][root][INFO] - Epoch:  73 | Loss: 0.0017 | Val - MRR: 0.3019, MR:  211.19, H@1: 0.223, H@3: 0.327, H@10: 0.458 | Test - MRR: 0.2987 | *
[2026-04-03 01:05:35,540][root][INFO] - Epoch:  74 | Loss: 0.0017 | Val - MRR: 0.3042, MR:  203.76, H@1: 0.225, H@3: 0.330, H@10: 0.460 | Test - MRR: 0.3004 | *
[2026-04-03 01:07:32,182][root][INFO] - Epoch:  75 | Loss: 0.0017 | Val - MRR: 0.3033, MR:  207.64, H@1: 0.222, H@3: 0.330, H@10: 0.462 | 
[2026-04-03 01:09:41,962][root][INFO] - Epoch:  76 | Loss: 0.0017 | Val - MRR: 0.3040, MR:  206.43, H@1: 0.224, H@3: 0.329, H@10: 0.463 | Test - MRR: 0.3004 | *
[2026-04-03 01:11:53,761][root][INFO] - Epoch:  77 | Loss: 0.0017 | Val - MRR: 0.3071, MR:  201.71, H@1: 0.227, H@3: 0.333, H@10: 0.467 | Test - MRR: 0.3032 | *
[2026-04-03 01:13:49,924][root][INFO] - Epoch:  78 | Loss: 0.0017 | Val - MRR: 0.3066, MR:  203.91, H@1: 0.226, H@3: 0.332, H@10: 0.464 | 
[2026-04-03 01:15:45,090][root][INFO] - Epoch:  79 | Loss: 0.0017 | Val - MRR: 0.3071, MR:  201.88, H@1: 0.226, H@3: 0.334, H@10: 0.467 | 
[2026-04-03 01:17:55,959][root][INFO] - Epoch:  80 | Loss: 0.0017 | Val - MRR: 0.3086, MR:  198.14, H@1: 0.227, H@3: 0.336, H@10: 0.471 | Test - MRR: 0.3053 | *
[2026-04-03 01:20:07,242][root][INFO] - Epoch:  81 | Loss: 0.0017 | Val - MRR: 0.3088, MR:  198.39, H@1: 0.227, H@3: 0.336, H@10: 0.470 | Test - MRR: 0.3048 | *
[2026-04-03 01:22:18,598][root][INFO] - Epoch:  82 | Loss: 0.0017 | Val - MRR: 0.3104, MR:  196.65, H@1: 0.228, H@3: 0.338, H@10: 0.473 | Test - MRR: 0.3061 | *
[2026-04-03 01:24:27,327][root][INFO] - Epoch:  83 | Loss: 0.0017 | Val - MRR: 0.3125, MR:  194.89, H@1: 0.230, H@3: 0.339, H@10: 0.477 | Test - MRR: 0.3079 | *
[2026-04-03 01:26:39,713][root][INFO] - Epoch:  84 | Loss: 0.0017 | Val - MRR: 0.3143, MR:  191.88, H@1: 0.233, H@3: 0.340, H@10: 0.478 | Test - MRR: 0.3099 | *
[2026-04-03 01:28:48,437][root][INFO] - Epoch:  85 | Loss: 0.0017 | Val - MRR: 0.3146, MR:  191.50, H@1: 0.232, H@3: 0.342, H@10: 0.479 | Test - MRR: 0.3099 | *
[2026-04-03 01:31:01,414][root][INFO] - Epoch:  86 | Loss: 0.0016 | Val - MRR: 0.3152, MR:  190.19, H@1: 0.234, H@3: 0.342, H@10: 0.477 | Test - MRR: 0.3118 | *
[2026-04-03 01:33:14,588][root][INFO] - Epoch:  87 | Loss: 0.0017 | Val - MRR: 0.3162, MR:  189.09, H@1: 0.234, H@3: 0.344, H@10: 0.481 | Test - MRR: 0.3121 | *
[2026-04-03 01:35:24,509][root][INFO] - Epoch:  88 | Loss: 0.0017 | Val - MRR: 0.3157, MR:  188.07, H@1: 0.233, H@3: 0.344, H@10: 0.479 | Test - MRR: 0.3121 | *
[2026-04-03 01:37:36,525][root][INFO] - Epoch:  89 | Loss: 0.0016 | Val - MRR: 0.3172, MR:  185.20, H@1: 0.234, H@3: 0.345, H@10: 0.483 | Test - MRR: 0.3147 | *
[2026-04-03 01:39:31,449][root][INFO] - Epoch:  90 | Loss: 0.0016 | Val - MRR: 0.3164, MR:  186.76, H@1: 0.234, H@3: 0.344, H@10: 0.481 | 
[2026-04-03 01:41:43,714][root][INFO] - Epoch:  91 | Loss: 0.0016 | Val - MRR: 0.3197, MR:  182.99, H@1: 0.236, H@3: 0.349, H@10: 0.486 | Test - MRR: 0.3162 | *
[2026-04-03 01:43:38,711][root][INFO] - Epoch:  92 | Loss: 0.0016 | Val - MRR: 0.3189, MR:  185.31, H@1: 0.235, H@3: 0.347, H@10: 0.486 | 
[2026-04-03 01:45:50,341][root][INFO] - Epoch:  93 | Loss: 0.0016 | Val - MRR: 0.3202, MR:  186.34, H@1: 0.236, H@3: 0.350, H@10: 0.485 | Test - MRR: 0.3171 | *
[2026-04-03 01:48:02,590][root][INFO] - Epoch:  94 | Loss: 0.0016 | Val - MRR: 0.3203, MR:  181.72, H@1: 0.236, H@3: 0.350, H@10: 0.487 | Test - MRR: 0.3171 | *
[2026-04-03 01:50:13,456][root][INFO] - Epoch:  95 | Loss: 0.0016 | Val - MRR: 0.3215, MR:  181.63, H@1: 0.238, H@3: 0.350, H@10: 0.488 | Test - MRR: 0.3187 | *
[2026-04-03 01:52:25,383][root][INFO] - Epoch:  96 | Loss: 0.0016 | Val - MRR: 0.3217, MR:  180.93, H@1: 0.238, H@3: 0.351, H@10: 0.488 | Test - MRR: 0.3191 | *
[2026-04-03 01:54:37,217][root][INFO] - Epoch:  97 | Loss: 0.0016 | Val - MRR: 0.3223, MR:  179.14, H@1: 0.237, H@3: 0.352, H@10: 0.490 | Test - MRR: 0.3194 | *
[2026-04-03 01:56:49,013][root][INFO] - Epoch:  98 | Loss: 0.0016 | Val - MRR: 0.3253, MR:  185.53, H@1: 0.241, H@3: 0.354, H@10: 0.494 | Test - MRR: 0.3219 | *
[2026-04-03 01:58:44,328][root][INFO] - Epoch:  99 | Loss: 0.0016 | Val - MRR: 0.3242, MR:  174.81, H@1: 0.240, H@3: 0.352, H@10: 0.493 | 
[2026-04-03 02:00:40,015][root][INFO] - Epoch: 100 | Loss: 0.0016 | Val - MRR: 0.3252, MR:  187.17, H@1: 0.241, H@3: 0.355, H@10: 0.491 | 
[2026-04-03 02:02:50,605][root][INFO] - Epoch: 101 | Loss: 0.0016 | Val - MRR: 0.3263, MR:  175.40, H@1: 0.241, H@3: 0.355, H@10: 0.495 | Test - MRR: 0.3223 | *
[2026-04-03 02:05:02,652][root][INFO] - Epoch: 102 | Loss: 0.0016 | Val - MRR: 0.3275, MR:  182.32, H@1: 0.243, H@3: 0.357, H@10: 0.495 | Test - MRR: 0.3235 | *
[2026-04-03 02:06:58,317][root][INFO] - Epoch: 103 | Loss: 0.0016 | Val - MRR: 0.3260, MR:  174.19, H@1: 0.241, H@3: 0.354, H@10: 0.495 | 
[2026-04-03 02:09:09,839][root][INFO] - Epoch: 104 | Loss: 0.0016 | Val - MRR: 0.3283, MR:  190.32, H@1: 0.244, H@3: 0.356, H@10: 0.496 | Test - MRR: 0.3251 | *
[2026-04-03 02:11:07,284][root][INFO] - Epoch: 105 | Loss: 0.0016 | Val - MRR: 0.3272, MR:  174.91, H@1: 0.242, H@3: 0.358, H@10: 0.496 | 
[2026-04-03 02:13:19,584][root][INFO] - Epoch: 106 | Loss: 0.0016 | Val - MRR: 0.3294, MR:  176.97, H@1: 0.243, H@3: 0.360, H@10: 0.500 | Test - MRR: 0.3266 | *
[2026-04-03 02:15:32,850][root][INFO] - Epoch: 107 | Loss: 0.0016 | Val - MRR: 0.3306, MR:  174.65, H@1: 0.246, H@3: 0.361, H@10: 0.500 | Test - MRR: 0.3268 | *
[2026-04-03 02:17:44,891][root][INFO] - Epoch: 108 | Loss: 0.0016 | Val - MRR: 0.3311, MR:  170.22, H@1: 0.246, H@3: 0.361, H@10: 0.500 | Test - MRR: 0.3268 | *
[2026-04-03 02:19:59,342][root][INFO] - Epoch: 109 | Loss: 0.0016 | Val - MRR: 0.3313, MR:  169.03, H@1: 0.245, H@3: 0.362, H@10: 0.503 | Test - MRR: 0.3277 | *
[2026-04-03 02:22:11,449][root][INFO] - Epoch: 110 | Loss: 0.0016 | Val - MRR: 0.3319, MR:  174.36, H@1: 0.246, H@3: 0.362, H@10: 0.503 | Test - MRR: 0.3283 | *
[2026-04-03 02:24:23,360][root][INFO] - Epoch: 111 | Loss: 0.0016 | Val - MRR: 0.3328, MR:  171.59, H@1: 0.248, H@3: 0.362, H@10: 0.501 | Test - MRR: 0.3283 | *
[2026-04-03 02:26:19,753][root][INFO] - Epoch: 112 | Loss: 0.0015 | Val - MRR: 0.3327, MR:  171.28, H@1: 0.248, H@3: 0.362, H@10: 0.503 | 
[2026-04-03 02:28:31,437][root][INFO] - Epoch: 113 | Loss: 0.0016 | Val - MRR: 0.3334, MR:  168.81, H@1: 0.248, H@3: 0.364, H@10: 0.504 | Test - MRR: 0.3295 | *
[2026-04-03 02:30:41,979][root][INFO] - Epoch: 114 | Loss: 0.0016 | Val - MRR: 0.3334, MR:  167.82, H@1: 0.248, H@3: 0.363, H@10: 0.503 | Test - MRR: 0.3289 | *
[2026-04-03 02:32:39,249][root][INFO] - Epoch: 115 | Loss: 0.0016 | Val - MRR: 0.3332, MR:  170.25, H@1: 0.248, H@3: 0.362, H@10: 0.503 | 
[2026-04-03 02:34:53,715][root][INFO] - Epoch: 116 | Loss: 0.0015 | Val - MRR: 0.3350, MR:  166.78, H@1: 0.250, H@3: 0.364, H@10: 0.506 | Test - MRR: 0.3307 | *
[2026-04-03 02:37:07,260][root][INFO] - Epoch: 117 | Loss: 0.0015 | Val - MRR: 0.3363, MR:  165.15, H@1: 0.250, H@3: 0.368, H@10: 0.508 | Test - MRR: 0.3319 | *
[2026-04-03 02:39:03,419][root][INFO] - Epoch: 118 | Loss: 0.0015 | Val - MRR: 0.3351, MR:  164.11, H@1: 0.248, H@3: 0.366, H@10: 0.508 | 
[2026-04-03 02:41:17,273][root][INFO] - Epoch: 119 | Loss: 0.0015 | Val - MRR: 0.3366, MR:  165.06, H@1: 0.250, H@3: 0.368, H@10: 0.510 | Test - MRR: 0.3324 | *
[2026-04-03 02:43:14,394][root][INFO] - Epoch: 120 | Loss: 0.0015 | Val - MRR: 0.3363, MR:  164.92, H@1: 0.251, H@3: 0.366, H@10: 0.508 | 
[2026-04-03 02:45:27,054][root][INFO] - Epoch: 121 | Loss: 0.0015 | Val - MRR: 0.3374, MR:  163.73, H@1: 0.251, H@3: 0.367, H@10: 0.512 | Test - MRR: 0.3336 | *
[2026-04-03 02:47:41,140][root][INFO] - Epoch: 122 | Loss: 0.0015 | Val - MRR: 0.3386, MR:  167.00, H@1: 0.251, H@3: 0.370, H@10: 0.512 | Test - MRR: 0.3342 | *
[2026-04-03 02:49:37,954][root][INFO] - Epoch: 123 | Loss: 0.0015 | Val - MRR: 0.3380, MR:  168.53, H@1: 0.251, H@3: 0.369, H@10: 0.513 | 
[2026-04-03 02:51:50,398][root][INFO] - Epoch: 124 | Loss: 0.0015 | Val - MRR: 0.3395, MR:  163.75, H@1: 0.254, H@3: 0.369, H@10: 0.514 | Test - MRR: 0.3347 | *
[2026-04-03 02:54:01,990][root][INFO] - Epoch: 125 | Loss: 0.0015 | Val - MRR: 0.3410, MR:  162.77, H@1: 0.254, H@3: 0.371, H@10: 0.516 | Test - MRR: 0.3365 | *
[2026-04-03 02:56:14,968][root][INFO] - Epoch: 126 | Loss: 0.0015 | Val - MRR: 0.3408, MR:  161.94, H@1: 0.255, H@3: 0.371, H@10: 0.512 | Test - MRR: 0.3367 | *
[2026-04-03 02:58:27,364][root][INFO] - Epoch: 127 | Loss: 0.0015 | Val - MRR: 0.3410, MR:  160.70, H@1: 0.254, H@3: 0.370, H@10: 0.516 | Test - MRR: 0.3365 | *
[2026-04-03 03:00:37,573][root][INFO] - Epoch: 128 | Loss: 0.0015 | Val - MRR: 0.3411, MR:  162.48, H@1: 0.254, H@3: 0.373, H@10: 0.514 | Test - MRR: 0.3362 | *
[2026-04-03 03:02:49,523][root][INFO] - Epoch: 129 | Loss: 0.0015 | Val - MRR: 0.3426, MR:  159.71, H@1: 0.255, H@3: 0.373, H@10: 0.521 | Test - MRR: 0.3382 | *
[2026-04-03 03:05:02,119][root][INFO] - Epoch: 130 | Loss: 0.0015 | Val - MRR: 0.3422, MR:  160.99, H@1: 0.255, H@3: 0.374, H@10: 0.518 | Test - MRR: 0.3389 | *
[2026-04-03 03:07:13,671][root][INFO] - Epoch: 131 | Loss: 0.0015 | Val - MRR: 0.3438, MR:  161.65, H@1: 0.257, H@3: 0.374, H@10: 0.519 | Test - MRR: 0.3392 | *
[2026-04-03 03:09:26,475][root][INFO] - Epoch: 132 | Loss: 0.0015 | Val - MRR: 0.3431, MR:  161.18, H@1: 0.255, H@3: 0.376, H@10: 0.518 | Test - MRR: 0.3393 | *
[2026-04-03 03:11:38,537][root][INFO] - Epoch: 133 | Loss: 0.0015 | Val - MRR: 0.3436, MR:  161.34, H@1: 0.256, H@3: 0.375, H@10: 0.521 | Test - MRR: 0.3387 | *
[2026-04-03 03:13:50,379][root][INFO] - Epoch: 134 | Loss: 0.0015 | Val - MRR: 0.3432, MR:  167.54, H@1: 0.256, H@3: 0.374, H@10: 0.520 | Test - MRR: 0.3396 | *
[2026-04-03 03:16:03,024][root][INFO] - Epoch: 135 | Loss: 0.0015 | Val - MRR: 0.3452, MR:  162.41, H@1: 0.257, H@3: 0.378, H@10: 0.520 | Test - MRR: 0.3402 | *
[2026-04-03 03:18:00,214][root][INFO] - Epoch: 136 | Loss: 0.0015 | Val - MRR: 0.3444, MR:  160.64, H@1: 0.256, H@3: 0.376, H@10: 0.521 | 
[2026-04-03 03:20:12,837][root][INFO] - Epoch: 137 | Loss: 0.0015 | Val - MRR: 0.3442, MR:  159.57, H@1: 0.257, H@3: 0.375, H@10: 0.520 | Test - MRR: 0.3403 | *
[2026-04-03 03:22:23,916][root][INFO] - Epoch: 138 | Loss: 0.0015 | Val - MRR: 0.3455, MR:  162.95, H@1: 0.258, H@3: 0.377, H@10: 0.521 | Test - MRR: 0.3417 | *
[2026-04-03 03:24:20,034][root][INFO] - Epoch: 139 | Loss: 0.0015 | Val - MRR: 0.3445, MR:  159.37, H@1: 0.257, H@3: 0.375, H@10: 0.518 | 
[2026-04-03 03:26:15,600][root][INFO] - Epoch: 140 | Loss: 0.0015 | Val - MRR: 0.3440, MR:  158.41, H@1: 0.256, H@3: 0.375, H@10: 0.520 | 
[2026-04-03 03:28:28,703][root][INFO] - Epoch: 141 | Loss: 0.0015 | Val - MRR: 0.3465, MR:  159.03, H@1: 0.259, H@3: 0.378, H@10: 0.524 | Test - MRR: 0.3425 | *
[2026-04-03 03:30:39,922][root][INFO] - Epoch: 142 | Loss: 0.0015 | Val - MRR: 0.3466, MR:  158.38, H@1: 0.259, H@3: 0.377, H@10: 0.522 | Test - MRR: 0.3422 | *
[2026-04-03 03:32:52,830][root][INFO] - Epoch: 143 | Loss: 0.0015 | Val - MRR: 0.3471, MR:  157.51, H@1: 0.259, H@3: 0.379, H@10: 0.524 | Test - MRR: 0.3434 | *
[2026-04-03 03:34:49,247][root][INFO] - Epoch: 144 | Loss: 0.0015 | Val - MRR: 0.3461, MR:  157.33, H@1: 0.258, H@3: 0.378, H@10: 0.524 | 
[2026-04-03 03:36:44,147][root][INFO] - Epoch: 145 | Loss: 0.0015 | Val - MRR: 0.3463, MR:  158.65, H@1: 0.257, H@3: 0.378, H@10: 0.526 | 
[2026-04-03 03:38:39,148][root][INFO] - Epoch: 146 | Loss: 0.0015 | Val - MRR: 0.3457, MR:  155.71, H@1: 0.256, H@3: 0.378, H@10: 0.524 | 
[2026-04-03 03:40:51,822][root][INFO] - Epoch: 147 | Loss: 0.0015 | Val - MRR: 0.3485, MR:  156.99, H@1: 0.260, H@3: 0.381, H@10: 0.528 | Test - MRR: 0.3440 | *
[2026-04-03 03:43:05,961][root][INFO] - Epoch: 148 | Loss: 0.0015 | Val - MRR: 0.3473, MR:  157.31, H@1: 0.258, H@3: 0.380, H@10: 0.525 | Test - MRR: 0.3441 | *
[2026-04-03 03:45:16,666][root][INFO] - Epoch: 149 | Loss: 0.0015 | Val - MRR: 0.3474, MR:  156.48, H@1: 0.258, H@3: 0.379, H@10: 0.525 | Test - MRR: 0.3440 | *
[2026-04-03 03:47:29,559][root][INFO] - Epoch: 150 | Loss: 0.0015 | Val - MRR: 0.3489, MR:  157.90, H@1: 0.259, H@3: 0.381, H@10: 0.528 | Test - MRR: 0.3457 | *
[2026-04-03 03:49:43,113][root][INFO] - Epoch: 151 | Loss: 0.0015 | Val - MRR: 0.3493, MR:  155.43, H@1: 0.260, H@3: 0.382, H@10: 0.528 | Test - MRR: 0.3458 | *
[2026-04-03 03:51:38,481][root][INFO] - Epoch: 152 | Loss: 0.0015 | Val - MRR: 0.3490, MR:  155.93, H@1: 0.259, H@3: 0.381, H@10: 0.528 | 
[2026-04-03 03:53:52,135][root][INFO] - Epoch: 153 | Loss: 0.0015 | Val - MRR: 0.3503, MR:  155.08, H@1: 0.262, H@3: 0.383, H@10: 0.529 | Test - MRR: 0.3454 | *
[2026-04-03 03:56:04,799][root][INFO] - Epoch: 154 | Loss: 0.0015 | Val - MRR: 0.3505, MR:  157.97, H@1: 0.261, H@3: 0.383, H@10: 0.531 | Test - MRR: 0.3459 | *
[2026-04-03 03:58:00,955][root][INFO] - Epoch: 155 | Loss: 0.0015 | Val - MRR: 0.3504, MR:  154.26, H@1: 0.261, H@3: 0.384, H@10: 0.531 | 
[2026-04-03 04:00:13,968][root][INFO] - Epoch: 156 | Loss: 0.0015 | Val - MRR: 0.3523, MR:  156.62, H@1: 0.264, H@3: 0.384, H@10: 0.529 | Test - MRR: 0.3478 | *
[2026-04-03 04:02:10,392][root][INFO] - Epoch: 157 | Loss: 0.0014 | Val - MRR: 0.3509, MR:  154.75, H@1: 0.262, H@3: 0.382, H@10: 0.532 | 
[2026-04-03 04:04:07,226][root][INFO] - Epoch: 158 | Loss: 0.0014 | Val - MRR: 0.3511, MR:  155.56, H@1: 0.262, H@3: 0.384, H@10: 0.531 | 
[2026-04-03 04:06:02,461][root][INFO] - Epoch: 159 | Loss: 0.0014 | Val - MRR: 0.3516, MR:  156.81, H@1: 0.262, H@3: 0.384, H@10: 0.533 | 
[2026-04-03 04:08:13,963][root][INFO] - Epoch: 160 | Loss: 0.0014 | Val - MRR: 0.3514, MR:  156.96, H@1: 0.261, H@3: 0.384, H@10: 0.535 | Test - MRR: 0.3481 | *
[2026-04-03 04:10:27,845][root][INFO] - Epoch: 161 | Loss: 0.0014 | Val - MRR: 0.3515, MR:  155.62, H@1: 0.263, H@3: 0.384, H@10: 0.531 | Test - MRR: 0.3476 | *
[2026-04-03 04:12:23,365][root][INFO] - Epoch: 162 | Loss: 0.0014 | Val - MRR: 0.3512, MR:  155.42, H@1: 0.261, H@3: 0.384, H@10: 0.532 | 
[2026-04-03 04:14:19,080][root][INFO] - Epoch: 163 | Loss: 0.0014 | Val - MRR: 0.3506, MR:  154.49, H@1: 0.260, H@3: 0.383, H@10: 0.533 | 
[2026-04-03 04:16:32,936][root][INFO] - Epoch: 164 | Loss: 0.0014 | Val - MRR: 0.3534, MR:  157.36, H@1: 0.264, H@3: 0.386, H@10: 0.534 | Test - MRR: 0.3487 | *
[2026-04-03 04:18:27,819][root][INFO] - Epoch: 165 | Loss: 0.0014 | Val - MRR: 0.3531, MR:  155.23, H@1: 0.263, H@3: 0.387, H@10: 0.532 | 
[2026-04-03 04:20:24,116][root][INFO] - Epoch: 166 | Loss: 0.0014 | Val - MRR: 0.3530, MR:  156.76, H@1: 0.263, H@3: 0.387, H@10: 0.534 | 
[2026-04-03 04:22:38,010][root][INFO] - Epoch: 167 | Loss: 0.0014 | Val - MRR: 0.3537, MR:  156.24, H@1: 0.264, H@3: 0.387, H@10: 0.533 | Test - MRR: 0.3487 | *
[2026-04-03 04:24:50,852][root][INFO] - Epoch: 168 | Loss: 0.0014 | Val - MRR: 0.3534, MR:  153.13, H@1: 0.263, H@3: 0.388, H@10: 0.534 | Test - MRR: 0.3493 | *
[2026-04-03 04:26:47,605][root][INFO] - Epoch: 169 | Loss: 0.0014 | Val - MRR: 0.3529, MR:  154.83, H@1: 0.262, H@3: 0.389, H@10: 0.535 | 
[2026-04-03 04:28:59,886][root][INFO] - Epoch: 170 | Loss: 0.0014 | Val - MRR: 0.3541, MR:  156.24, H@1: 0.264, H@3: 0.388, H@10: 0.535 | Test - MRR: 0.3500 | *
[2026-04-03 04:31:13,894][root][INFO] - Epoch: 171 | Loss: 0.0014 | Val - MRR: 0.3550, MR:  153.64, H@1: 0.264, H@3: 0.390, H@10: 0.536 | Test - MRR: 0.3506 | *
[2026-04-03 04:33:27,234][root][INFO] - Epoch: 172 | Loss: 0.0014 | Val - MRR: 0.3563, MR:  152.94, H@1: 0.266, H@3: 0.391, H@10: 0.538 | Test - MRR: 0.3518 | *
[2026-04-03 04:35:25,025][root][INFO] - Epoch: 173 | Loss: 0.0014 | Val - MRR: 0.3532, MR:  154.74, H@1: 0.262, H@3: 0.386, H@10: 0.536 | 
[2026-04-03 04:37:22,304][root][INFO] - Epoch: 174 | Loss: 0.0014 | Val - MRR: 0.3558, MR:  155.78, H@1: 0.266, H@3: 0.388, H@10: 0.536 | 
[2026-04-03 04:39:19,115][root][INFO] - Epoch: 175 | Loss: 0.0014 | Val - MRR: 0.3551, MR:  152.99, H@1: 0.265, H@3: 0.388, H@10: 0.536 | 
[2026-04-03 04:41:15,436][root][INFO] - Epoch: 176 | Loss: 0.0014 | Val - MRR: 0.3559, MR:  152.39, H@1: 0.265, H@3: 0.390, H@10: 0.537 | 
[2026-04-03 04:43:28,552][root][INFO] - Epoch: 177 | Loss: 0.0014 | Val - MRR: 0.3557, MR:  154.90, H@1: 0.265, H@3: 0.388, H@10: 0.537 | Test - MRR: 0.3521 | *
[2026-04-03 04:45:41,415][root][INFO] - Epoch: 178 | Loss: 0.0014 | Val - MRR: 0.3561, MR:  153.54, H@1: 0.266, H@3: 0.388, H@10: 0.538 | Test - MRR: 0.3509 | *
[2026-04-03 04:47:38,010][root][INFO] - Epoch: 179 | Loss: 0.0014 | Val - MRR: 0.3550, MR:  154.15, H@1: 0.264, H@3: 0.389, H@10: 0.538 | 
[2026-04-03 04:49:33,666][root][INFO] - Epoch: 180 | Loss: 0.0014 | Val - MRR: 0.3550, MR:  153.89, H@1: 0.264, H@3: 0.387, H@10: 0.538 | 
[2026-04-03 04:51:29,953][root][INFO] - Epoch: 181 | Loss: 0.0014 | Val - MRR: 0.3550, MR:  155.53, H@1: 0.264, H@3: 0.388, H@10: 0.539 | 
[2026-04-03 04:53:27,119][root][INFO] - Epoch: 182 | Loss: 0.0014 | Val - MRR: 0.3550, MR:  155.12, H@1: 0.265, H@3: 0.387, H@10: 0.538 | 
[2026-04-03 04:55:24,449][root][INFO] - Epoch: 183 | Loss: 0.0014 | Val - MRR: 0.3557, MR:  153.91, H@1: 0.265, H@3: 0.387, H@10: 0.538 | 
[2026-04-03 04:57:36,496][root][INFO] - Epoch: 184 | Loss: 0.0014 | Val - MRR: 0.3563, MR:  150.86, H@1: 0.265, H@3: 0.390, H@10: 0.540 | Test - MRR: 0.3514 | *
[2026-04-03 04:59:32,202][root][INFO] - Epoch: 185 | Loss: 0.0014 | Val - MRR: 0.3553, MR:  156.16, H@1: 0.264, H@3: 0.390, H@10: 0.539 | 
[2026-04-03 05:01:28,774][root][INFO] - Epoch: 186 | Loss: 0.0014 | Val - MRR: 0.3556, MR:  154.78, H@1: 0.265, H@3: 0.388, H@10: 0.539 | 
[2026-04-03 05:03:43,054][root][INFO] - Epoch: 187 | Loss: 0.0014 | Val - MRR: 0.3564, MR:  153.95, H@1: 0.265, H@3: 0.389, H@10: 0.541 | Test - MRR: 0.3531 | *
[2026-04-03 05:05:39,603][root][INFO] - Epoch: 188 | Loss: 0.0014 | Val - MRR: 0.3555, MR:  151.87, H@1: 0.264, H@3: 0.389, H@10: 0.540 | 
[2026-04-03 05:07:36,035][root][INFO] - Epoch: 189 | Loss: 0.0014 | Val - MRR: 0.3560, MR:  156.49, H@1: 0.265, H@3: 0.388, H@10: 0.540 | 
[2026-04-03 05:09:49,237][root][INFO] - Epoch: 190 | Loss: 0.0014 | Val - MRR: 0.3567, MR:  155.35, H@1: 0.266, H@3: 0.390, H@10: 0.541 | Test - MRR: 0.3527 | *
[2026-04-03 05:12:03,536][root][INFO] - Epoch: 191 | Loss: 0.0014 | Val - MRR: 0.3578, MR:  154.14, H@1: 0.267, H@3: 0.390, H@10: 0.542 | Test - MRR: 0.3541 | *
[2026-04-03 05:13:59,885][root][INFO] - Epoch: 192 | Loss: 0.0014 | Val - MRR: 0.3565, MR:  155.00, H@1: 0.266, H@3: 0.390, H@10: 0.538 | 
[2026-04-03 05:16:12,254][root][INFO] - Epoch: 193 | Loss: 0.0014 | Val - MRR: 0.3580, MR:  154.81, H@1: 0.267, H@3: 0.392, H@10: 0.542 | Test - MRR: 0.3547 | *
[2026-04-03 05:18:11,128][root][INFO] - Epoch: 194 | Loss: 0.0014 | Val - MRR: 0.3566, MR:  153.76, H@1: 0.265, H@3: 0.390, H@10: 0.540 | 
[2026-04-03 05:20:10,550][root][INFO] - Epoch: 195 | Loss: 0.0014 | Val - MRR: 0.3573, MR:  155.54, H@1: 0.266, H@3: 0.391, H@10: 0.542 | 
[2026-04-03 05:22:08,413][root][INFO] - Epoch: 196 | Loss: 0.0014 | Val - MRR: 0.3567, MR:  155.07, H@1: 0.266, H@3: 0.389, H@10: 0.539 | 
[2026-04-03 05:24:06,570][root][INFO] - Epoch: 197 | Loss: 0.0014 | Val - MRR: 0.3570, MR:  159.95, H@1: 0.266, H@3: 0.391, H@10: 0.540 | 
[2026-04-03 05:26:21,130][root][INFO] - Epoch: 198 | Loss: 0.0014 | Val - MRR: 0.3588, MR:  153.15, H@1: 0.267, H@3: 0.394, H@10: 0.544 | Test - MRR: 0.3556 | *
[2026-04-03 05:28:19,947][root][INFO] - Epoch: 199 | Loss: 0.0014 | Val - MRR: 0.3577, MR:  154.32, H@1: 0.267, H@3: 0.389, H@10: 0.542 | 
[2026-04-03 05:30:16,753][root][INFO] - Epoch: 200 | Loss: 0.0014 | Val - MRR: 0.3579, MR:  153.08, H@1: 0.267, H@3: 0.390, H@10: 0.542 | 
[2026-04-03 05:32:14,281][root][INFO] - Epoch: 201 | Loss: 0.0014 | Val - MRR: 0.3576, MR:  152.05, H@1: 0.266, H@3: 0.390, H@10: 0.543 | 
[2026-04-03 05:34:13,658][root][INFO] - Epoch: 202 | Loss: 0.0014 | Val - MRR: 0.3576, MR:  156.06, H@1: 0.266, H@3: 0.390, H@10: 0.542 | 
[2026-04-03 05:36:11,508][root][INFO] - Epoch: 203 | Loss: 0.0014 | Val - MRR: 0.3576, MR:  156.76, H@1: 0.267, H@3: 0.389, H@10: 0.542 | 
[2026-04-03 05:38:09,869][root][INFO] - Epoch: 204 | Loss: 0.0014 | Val - MRR: 0.3579, MR:  157.54, H@1: 0.267, H@3: 0.391, H@10: 0.542 | 
[2026-04-03 05:40:07,658][root][INFO] - Epoch: 205 | Loss: 0.0014 | Val - MRR: 0.3580, MR:  156.62, H@1: 0.267, H@3: 0.391, H@10: 0.543 | 
[2026-04-03 05:42:21,471][root][INFO] - Epoch: 206 | Loss: 0.0014 | Val - MRR: 0.3594, MR:  153.16, H@1: 0.268, H@3: 0.392, H@10: 0.543 | Test - MRR: 0.3554 | *
[2026-04-03 05:44:36,510][root][INFO] - Epoch: 207 | Loss: 0.0014 | Val - MRR: 0.3595, MR:  153.10, H@1: 0.268, H@3: 0.393, H@10: 0.544 | Test - MRR: 0.3557 | *
[2026-04-03 05:46:33,802][root][INFO] - Epoch: 208 | Loss: 0.0014 | Val - MRR: 0.3592, MR:  152.46, H@1: 0.267, H@3: 0.394, H@10: 0.541 | 
[2026-04-03 05:48:31,418][root][INFO] - Epoch: 209 | Loss: 0.0014 | Val - MRR: 0.3588, MR:  154.16, H@1: 0.268, H@3: 0.392, H@10: 0.543 | 
[2026-04-03 05:50:27,892][root][INFO] - Epoch: 210 | Loss: 0.0014 | Val - MRR: 0.3582, MR:  154.31, H@1: 0.267, H@3: 0.391, H@10: 0.540 | 
[2026-04-03 05:52:24,838][root][INFO] - Epoch: 211 | Loss: 0.0014 | Val - MRR: 0.3594, MR:  153.91, H@1: 0.268, H@3: 0.392, H@10: 0.543 | 
[2026-04-03 05:54:39,375][root][INFO] - Epoch: 212 | Loss: 0.0014 | Val - MRR: 0.3599, MR:  152.17, H@1: 0.269, H@3: 0.393, H@10: 0.543 | Test - MRR: 0.3560 | *
[2026-04-03 05:56:36,137][root][INFO] - Epoch: 213 | Loss: 0.0014 | Val - MRR: 0.3582, MR:  154.62, H@1: 0.267, H@3: 0.393, H@10: 0.543 | 
[2026-04-03 05:58:33,962][root][INFO] - Epoch: 214 | Loss: 0.0014 | Val - MRR: 0.3584, MR:  151.62, H@1: 0.266, H@3: 0.393, H@10: 0.542 | 
[2026-04-03 06:00:31,112][root][INFO] - Epoch: 215 | Loss: 0.0014 | Val - MRR: 0.3592, MR:  151.93, H@1: 0.267, H@3: 0.395, H@10: 0.543 | 
[2026-04-03 06:02:44,341][root][INFO] - Epoch: 216 | Loss: 0.0014 | Val - MRR: 0.3607, MR:  154.62, H@1: 0.270, H@3: 0.393, H@10: 0.544 | Test - MRR: 0.3559 | *
[2026-04-03 06:04:57,224][root][INFO] - Epoch: 217 | Loss: 0.0014 | Val - MRR: 0.3607, MR:  154.33, H@1: 0.269, H@3: 0.396, H@10: 0.544 | Test - MRR: 0.3559 | *
[2026-04-03 06:07:11,105][root][INFO] - Epoch: 218 | Loss: 0.0014 | Val - MRR: 0.3616, MR:  152.26, H@1: 0.270, H@3: 0.396, H@10: 0.545 | Test - MRR: 0.3565 | *
[2026-04-03 06:09:09,412][root][INFO] - Epoch: 219 | Loss: 0.0014 | Val - MRR: 0.3596, MR:  153.78, H@1: 0.268, H@3: 0.393, H@10: 0.544 | 
[2026-04-03 06:11:22,725][root][INFO] - Epoch: 220 | Loss: 0.0014 | Val - MRR: 0.3617, MR:  154.15, H@1: 0.270, H@3: 0.397, H@10: 0.546 | Test - MRR: 0.3556 | *
[2026-04-03 06:13:38,511][root][INFO] - Epoch: 221 | Loss: 0.0014 | Val - MRR: 0.3617, MR:  154.00, H@1: 0.271, H@3: 0.395, H@10: 0.544 | Test - MRR: 0.3568 | *
[2026-04-03 06:15:35,703][root][INFO] - Epoch: 222 | Loss: 0.0014 | Val - MRR: 0.3614, MR:  153.34, H@1: 0.271, H@3: 0.395, H@10: 0.544 | 
[2026-04-03 06:17:33,334][root][INFO] - Epoch: 223 | Loss: 0.0014 | Val - MRR: 0.3603, MR:  152.64, H@1: 0.268, H@3: 0.395, H@10: 0.545 | 
[2026-04-03 06:19:30,588][root][INFO] - Epoch: 224 | Loss: 0.0014 | Val - MRR: 0.3594, MR:  153.00, H@1: 0.267, H@3: 0.394, H@10: 0.545 | 
[2026-04-03 06:21:27,529][root][INFO] - Epoch: 225 | Loss: 0.0014 | Val - MRR: 0.3603, MR:  154.06, H@1: 0.269, H@3: 0.393, H@10: 0.546 | 
[2026-04-03 06:23:25,468][root][INFO] - Epoch: 226 | Loss: 0.0014 | Val - MRR: 0.3595, MR:  155.12, H@1: 0.268, H@3: 0.393, H@10: 0.544 | 
[2026-04-03 06:25:23,945][root][INFO] - Epoch: 227 | Loss: 0.0014 | Val - MRR: 0.3589, MR:  155.32, H@1: 0.267, H@3: 0.393, H@10: 0.544 | 
[2026-04-03 06:27:21,601][root][INFO] - Epoch: 228 | Loss: 0.0014 | Val - MRR: 0.3593, MR:  156.05, H@1: 0.268, H@3: 0.392, H@10: 0.545 | 
[2026-04-03 06:29:19,089][root][INFO] - Epoch: 229 | Loss: 0.0014 | Val - MRR: 0.3607, MR:  155.88, H@1: 0.269, H@3: 0.394, H@10: 0.546 | 
[2026-04-03 06:31:16,596][root][INFO] - Epoch: 230 | Loss: 0.0014 | Val - MRR: 0.3608, MR:  157.16, H@1: 0.270, H@3: 0.393, H@10: 0.544 | 
[2026-04-03 06:33:14,384][root][INFO] - Epoch: 231 | Loss: 0.0014 | Val - MRR: 0.3598, MR:  155.65, H@1: 0.267, H@3: 0.394, H@10: 0.548 | 
[2026-04-03 06:35:12,189][root][INFO] - Epoch: 232 | Loss: 0.0014 | Val - MRR: 0.3610, MR:  155.87, H@1: 0.269, H@3: 0.395, H@10: 0.547 | 
[2026-04-03 06:37:10,016][root][INFO] - Epoch: 233 | Loss: 0.0014 | Val - MRR: 0.3607, MR:  156.36, H@1: 0.268, H@3: 0.396, H@10: 0.547 | 
[2026-04-03 06:39:07,623][root][INFO] - Epoch: 234 | Loss: 0.0014 | Val - MRR: 0.3605, MR:  155.65, H@1: 0.269, H@3: 0.392, H@10: 0.545 | 
[2026-04-03 06:41:04,902][root][INFO] - Epoch: 235 | Loss: 0.0014 | Val - MRR: 0.3605, MR:  155.38, H@1: 0.269, H@3: 0.395, H@10: 0.545 | 
[2026-04-03 06:43:02,150][root][INFO] - Epoch: 236 | Loss: 0.0014 | Val - MRR: 0.3616, MR:  157.15, H@1: 0.269, H@3: 0.397, H@10: 0.546 | 
[2026-04-03 06:44:57,257][root][INFO] - Epoch: 237 | Loss: 0.0014 | Val - MRR: 0.3607, MR:  154.81, H@1: 0.269, H@3: 0.395, H@10: 0.547 | 
[2026-04-03 06:46:54,679][root][INFO] - Epoch: 238 | Loss: 0.0014 | Val - MRR: 0.3609, MR:  156.34, H@1: 0.269, H@3: 0.395, H@10: 0.547 | 
[2026-04-03 06:49:10,734][root][INFO] - Epoch: 239 | Loss: 0.0014 | Val - MRR: 0.3614, MR:  153.97, H@1: 0.269, H@3: 0.396, H@10: 0.547 | Test - MRR: 0.3568 | *
[2026-04-03 06:51:07,262][root][INFO] - Epoch: 240 | Loss: 0.0014 | Val - MRR: 0.3609, MR:  158.01, H@1: 0.270, H@3: 0.393, H@10: 0.544 | 
[2026-04-03 06:53:21,427][root][INFO] - Epoch: 241 | Loss: 0.0014 | Val - MRR: 0.3615, MR:  152.81, H@1: 0.270, H@3: 0.395, H@10: 0.547 | Test - MRR: 0.3570 | *
[2026-04-03 06:55:18,097][root][INFO] - Epoch: 242 | Loss: 0.0014 | Val - MRR: 0.3591, MR:  157.88, H@1: 0.267, H@3: 0.394, H@10: 0.544 | 
[2026-04-03 06:57:15,870][root][INFO] - Epoch: 243 | Loss: 0.0014 | Val - MRR: 0.3607, MR:  154.17, H@1: 0.269, H@3: 0.395, H@10: 0.547 | 
[2026-04-03 06:59:29,976][root][INFO] - Epoch: 244 | Loss: 0.0014 | Val - MRR: 0.3613, MR:  158.31, H@1: 0.269, H@3: 0.396, H@10: 0.547 | Test - MRR: 0.3574 | *
[2026-04-03 07:01:43,608][root][INFO] - Epoch: 245 | Loss: 0.0014 | Val - MRR: 0.3614, MR:  155.96, H@1: 0.269, H@3: 0.396, H@10: 0.548 | Test - MRR: 0.3566 | *
[2026-04-03 07:03:42,207][root][INFO] - Epoch: 246 | Loss: 0.0014 | Val - MRR: 0.3613, MR:  157.42, H@1: 0.269, H@3: 0.396, H@10: 0.548 | 
[2026-04-03 07:05:55,286][root][INFO] - Epoch: 247 | Loss: 0.0014 | Val - MRR: 0.3618, MR:  155.85, H@1: 0.270, H@3: 0.397, H@10: 0.548 | Test - MRR: 0.3558 | *
[2026-04-03 07:08:09,530][root][INFO] - Epoch: 248 | Loss: 0.0014 | Val - MRR: 0.3619, MR:  151.72, H@1: 0.270, H@3: 0.395, H@10: 0.549 | Test - MRR: 0.3570 | *
[2026-04-03 07:10:06,565][root][INFO] - Epoch: 249 | Loss: 0.0014 | Val - MRR: 0.3605, MR:  155.71, H@1: 0.269, H@3: 0.394, H@10: 0.546 | 
[2026-04-03 07:12:04,222][root][INFO] - Epoch: 250 | Loss: 0.0014 | Val - MRR: 0.3618, MR:  159.58, H@1: 0.270, H@3: 0.396, H@10: 0.546 | 
[2026-04-03 07:14:03,118][root][INFO] - Epoch: 251 | Loss: 0.0014 | Val - MRR: 0.3616, MR:  157.50, H@1: 0.269, H@3: 0.397, H@10: 0.545 | 
[2026-04-03 07:16:17,003][root][INFO] - Epoch: 252 | Loss: 0.0013 | Val - MRR: 0.3626, MR:  155.21, H@1: 0.271, H@3: 0.398, H@10: 0.546 | Test - MRR: 0.3566 | *
[2026-04-03 07:18:14,607][root][INFO] - Epoch: 253 | Loss: 0.0013 | Val - MRR: 0.3624, MR:  155.90, H@1: 0.270, H@3: 0.397, H@10: 0.547 | 
[2026-04-03 07:20:29,344][root][INFO] - Epoch: 254 | Loss: 0.0013 | Val - MRR: 0.3635, MR:  157.66, H@1: 0.271, H@3: 0.399, H@10: 0.550 | Test - MRR: 0.3580 | *
[2026-04-03 07:22:27,145][root][INFO] - Epoch: 255 | Loss: 0.0014 | Val - MRR: 0.3624, MR:  157.98, H@1: 0.270, H@3: 0.399, H@10: 0.548 | 
[2026-04-03 07:24:25,055][root][INFO] - Epoch: 256 | Loss: 0.0013 | Val - MRR: 0.3629, MR:  157.31, H@1: 0.270, H@3: 0.398, H@10: 0.548 | 
[2026-04-03 07:26:24,666][root][INFO] - Epoch: 257 | Loss: 0.0013 | Val - MRR: 0.3630, MR:  159.52, H@1: 0.270, H@3: 0.398, H@10: 0.548 | 
[2026-04-03 07:28:22,119][root][INFO] - Epoch: 258 | Loss: 0.0013 | Val - MRR: 0.3620, MR:  158.51, H@1: 0.270, H@3: 0.396, H@10: 0.548 | 
[2026-04-03 07:30:19,924][root][INFO] - Epoch: 259 | Loss: 0.0013 | Val - MRR: 0.3624, MR:  159.86, H@1: 0.270, H@3: 0.396, H@10: 0.548 | 
[2026-04-03 07:32:17,843][root][INFO] - Epoch: 260 | Loss: 0.0013 | Val - MRR: 0.3632, MR:  158.56, H@1: 0.271, H@3: 0.397, H@10: 0.547 | 
[2026-04-03 07:34:16,592][root][INFO] - Epoch: 261 | Loss: 0.0013 | Val - MRR: 0.3623, MR:  159.57, H@1: 0.269, H@3: 0.399, H@10: 0.548 | 
[2026-04-03 07:36:14,481][root][INFO] - Epoch: 262 | Loss: 0.0013 | Val - MRR: 0.3626, MR:  160.09, H@1: 0.271, H@3: 0.397, H@10: 0.549 | 
[2026-04-03 07:38:12,493][root][INFO] - Epoch: 263 | Loss: 0.0013 | Val - MRR: 0.3623, MR:  156.99, H@1: 0.270, H@3: 0.398, H@10: 0.548 | 
[2026-04-03 07:40:10,782][root][INFO] - Epoch: 264 | Loss: 0.0013 | Val - MRR: 0.3631, MR:  158.07, H@1: 0.271, H@3: 0.399, H@10: 0.549 | 
[2026-04-03 07:42:08,351][root][INFO] - Epoch: 265 | Loss: 0.0013 | Val - MRR: 0.3628, MR:  157.61, H@1: 0.271, H@3: 0.396, H@10: 0.548 | 
[2026-04-03 07:44:22,368][root][INFO] - Epoch: 266 | Loss: 0.0013 | Val - MRR: 0.3635, MR:  160.82, H@1: 0.271, H@3: 0.398, H@10: 0.549 | Test - MRR: 0.3581 | *
[2026-04-03 07:46:21,110][root][INFO] - Epoch: 267 | Loss: 0.0013 | Val - MRR: 0.3622, MR:  160.75, H@1: 0.270, H@3: 0.396, H@10: 0.549 | 
[2026-04-03 07:48:18,719][root][INFO] - Epoch: 268 | Loss: 0.0013 | Val - MRR: 0.3630, MR:  160.75, H@1: 0.271, H@3: 0.398, H@10: 0.548 | 
[2026-04-03 07:50:17,202][root][INFO] - Epoch: 269 | Loss: 0.0013 | Val - MRR: 0.3630, MR:  159.01, H@1: 0.271, H@3: 0.396, H@10: 0.548 | 
[2026-04-03 07:52:14,662][root][INFO] - Epoch: 270 | Loss: 0.0013 | Val - MRR: 0.3611, MR:  158.91, H@1: 0.268, H@3: 0.396, H@10: 0.547 | 
[2026-04-03 07:54:12,569][root][INFO] - Epoch: 271 | Loss: 0.0013 | Val - MRR: 0.3626, MR:  158.07, H@1: 0.270, H@3: 0.398, H@10: 0.548 | 
[2026-04-03 07:56:09,464][root][INFO] - Epoch: 272 | Loss: 0.0013 | Val - MRR: 0.3626, MR:  162.12, H@1: 0.270, H@3: 0.396, H@10: 0.549 | 
[2026-04-03 07:58:25,521][root][INFO] - Epoch: 273 | Loss: 0.0013 | Val - MRR: 0.3634, MR:  160.81, H@1: 0.272, H@3: 0.397, H@10: 0.549 | Test - MRR: 0.3588 | *
[2026-04-03 08:00:24,134][root][INFO] - Epoch: 274 | Loss: 0.0013 | Val - MRR: 0.3619, MR:  158.65, H@1: 0.271, H@3: 0.395, H@10: 0.547 | 
[2026-04-03 08:02:37,856][root][INFO] - Epoch: 275 | Loss: 0.0013 | Val - MRR: 0.3635, MR:  158.26, H@1: 0.271, H@3: 0.398, H@10: 0.549 | Test - MRR: 0.3581 | *
[2026-04-03 08:04:37,522][root][INFO] - Epoch: 276 | Loss: 0.0013 | Val - MRR: 0.3630, MR:  160.02, H@1: 0.271, H@3: 0.398, H@10: 0.549 | 
[2026-04-03 08:06:36,524][root][INFO] - Epoch: 277 | Loss: 0.0013 | Val - MRR: 0.3632, MR:  159.60, H@1: 0.271, H@3: 0.399, H@10: 0.548 | 
[2026-04-03 08:08:34,779][root][INFO] - Epoch: 278 | Loss: 0.0013 | Val - MRR: 0.3633, MR:  163.32, H@1: 0.272, H@3: 0.397, H@10: 0.548 | 
[2026-04-03 08:10:48,412][root][INFO] - Epoch: 279 | Loss: 0.0013 | Val - MRR: 0.3639, MR:  160.66, H@1: 0.272, H@3: 0.396, H@10: 0.550 | Test - MRR: 0.3583 | *
[2026-04-03 08:12:46,804][root][INFO] - Epoch: 280 | Loss: 0.0013 | Val - MRR: 0.3632, MR:  162.77, H@1: 0.272, H@3: 0.395, H@10: 0.548 | 
[2026-04-03 08:15:01,570][root][INFO] - Epoch: 281 | Loss: 0.0013 | Val - MRR: 0.3644, MR:  159.98, H@1: 0.272, H@3: 0.398, H@10: 0.550 | Test - MRR: 0.3580 | *
[2026-04-03 08:17:00,847][root][INFO] - Epoch: 282 | Loss: 0.0013 | Val - MRR: 0.3639, MR:  158.50, H@1: 0.273, H@3: 0.397, H@10: 0.549 | 
[2026-04-03 08:18:58,117][root][INFO] - Epoch: 283 | Loss: 0.0013 | Val - MRR: 0.3623, MR:  157.38, H@1: 0.272, H@3: 0.396, H@10: 0.548 | 
[2026-04-03 08:21:12,474][root][INFO] - Epoch: 284 | Loss: 0.0013 | Val - MRR: 0.3644, MR:  158.94, H@1: 0.272, H@3: 0.400, H@10: 0.550 | Test - MRR: 0.3587 | *
[2026-04-03 08:23:12,162][root][INFO] - Epoch: 285 | Loss: 0.0013 | Val - MRR: 0.3628, MR:  160.25, H@1: 0.270, H@3: 0.397, H@10: 0.550 | 
[2026-04-03 08:25:09,787][root][INFO] - Epoch: 286 | Loss: 0.0013 | Val - MRR: 0.3632, MR:  159.35, H@1: 0.271, H@3: 0.396, H@10: 0.550 | 
[2026-04-03 08:27:09,055][root][INFO] - Epoch: 287 | Loss: 0.0013 | Val - MRR: 0.3630, MR:  161.02, H@1: 0.271, H@3: 0.398, H@10: 0.549 | 
[2026-04-03 08:29:07,976][root][INFO] - Epoch: 288 | Loss: 0.0013 | Val - MRR: 0.3623, MR:  160.63, H@1: 0.269, H@3: 0.397, H@10: 0.549 | 
[2026-04-03 08:31:06,369][root][INFO] - Epoch: 289 | Loss: 0.0013 | Val - MRR: 0.3635, MR:  160.38, H@1: 0.271, H@3: 0.398, H@10: 0.550 | 
[2026-04-03 08:33:04,523][root][INFO] - Epoch: 290 | Loss: 0.0013 | Val - MRR: 0.3637, MR:  159.22, H@1: 0.271, H@3: 0.398, H@10: 0.549 | 
[2026-04-03 08:35:02,040][root][INFO] - Epoch: 291 | Loss: 0.0013 | Val - MRR: 0.3639, MR:  161.00, H@1: 0.271, H@3: 0.398, H@10: 0.550 | 
[2026-04-03 08:37:00,407][root][INFO] - Epoch: 292 | Loss: 0.0013 | Val - MRR: 0.3638, MR:  160.37, H@1: 0.272, H@3: 0.398, H@10: 0.549 | 
[2026-04-03 08:38:59,264][root][INFO] - Epoch: 293 | Loss: 0.0013 | Val - MRR: 0.3627, MR:  163.61, H@1: 0.270, H@3: 0.398, H@10: 0.549 | 
[2026-04-03 08:40:58,074][root][INFO] - Epoch: 294 | Loss: 0.0013 | Val - MRR: 0.3623, MR:  161.74, H@1: 0.271, H@3: 0.396, H@10: 0.549 | 
[2026-04-03 08:42:59,027][root][INFO] - Epoch: 295 | Loss: 0.0013 | Val - MRR: 0.3634, MR:  161.02, H@1: 0.271, H@3: 0.398, H@10: 0.550 | 
[2026-04-03 08:45:17,502][root][INFO] - Epoch: 296 | Loss: 0.0013 | Val - MRR: 0.3639, MR:  160.45, H@1: 0.271, H@3: 0.400, H@10: 0.550 | Test - MRR: 0.3591 | *
[2026-04-03 08:47:31,307][root][INFO] - Epoch: 297 | Loss: 0.0013 | Val - MRR: 0.3640, MR:  161.10, H@1: 0.272, H@3: 0.398, H@10: 0.551 | Test - MRR: 0.3589 | *
[2026-04-03 08:49:31,227][root][INFO] - Epoch: 298 | Loss: 0.0013 | Val - MRR: 0.3638, MR:  159.41, H@1: 0.271, H@3: 0.398, H@10: 0.551 | 
[2026-04-03 08:51:48,058][root][INFO] - Epoch: 299 | Loss: 0.0013 | Val - MRR: 0.3649, MR:  158.76, H@1: 0.273, H@3: 0.400, H@10: 0.550 | Test - MRR: 0.3596 | *
[2026-04-03 08:53:46,477][root][INFO] - Epoch: 300 | Loss: 0.0013 | Val - MRR: 0.3635, MR:  163.11, H@1: 0.271, H@3: 0.398, H@10: 0.550 | 
[2026-04-03 08:55:45,427][root][INFO] - Epoch: 301 | Loss: 0.0013 | Val - MRR: 0.3640, MR:  161.84, H@1: 0.272, H@3: 0.398, H@10: 0.552 | 
[2026-04-03 08:58:00,764][root][INFO] - Epoch: 302 | Loss: 0.0013 | Val - MRR: 0.3649, MR:  162.72, H@1: 0.273, H@3: 0.400, H@10: 0.551 | Test - MRR: 0.3584 | *
[2026-04-03 08:59:58,807][root][INFO] - Epoch: 303 | Loss: 0.0013 | Val - MRR: 0.3645, MR:  162.35, H@1: 0.272, H@3: 0.399, H@10: 0.551 | 
[2026-04-03 09:01:59,728][root][INFO] - Epoch: 304 | Loss: 0.0013 | Val - MRR: 0.3640, MR:  163.81, H@1: 0.272, H@3: 0.399, H@10: 0.549 | 
[2026-04-03 09:03:56,908][root][INFO] - Epoch: 305 | Loss: 0.0013 | Val - MRR: 0.3642, MR:  164.57, H@1: 0.273, H@3: 0.398, H@10: 0.548 | 
[2026-04-03 09:05:55,720][root][INFO] - Epoch: 306 | Loss: 0.0013 | Val - MRR: 0.3639, MR:  162.03, H@1: 0.272, H@3: 0.399, H@10: 0.549 | 
[2026-04-03 09:07:53,003][root][INFO] - Epoch: 307 | Loss: 0.0013 | Val - MRR: 0.3640, MR:  165.47, H@1: 0.273, H@3: 0.398, H@10: 0.549 | 
[2026-04-03 09:09:51,241][root][INFO] - Epoch: 308 | Loss: 0.0013 | Val - MRR: 0.3649, MR:  161.32, H@1: 0.273, H@3: 0.399, H@10: 0.551 | 
[2026-04-03 09:12:06,192][root][INFO] - Epoch: 309 | Loss: 0.0013 | Val - MRR: 0.3650, MR:  162.55, H@1: 0.273, H@3: 0.399, H@10: 0.552 | Test - MRR: 0.3590 | *
[2026-04-03 09:14:23,557][root][INFO] - Epoch: 310 | Loss: 0.0013 | Val - MRR: 0.3659, MR:  162.21, H@1: 0.274, H@3: 0.401, H@10: 0.552 | Test - MRR: 0.3592 | *
[2026-04-03 09:16:23,704][root][INFO] - Epoch: 311 | Loss: 0.0013 | Val - MRR: 0.3654, MR:  164.49, H@1: 0.273, H@3: 0.400, H@10: 0.551 | 
[2026-04-03 09:18:43,871][root][INFO] - Epoch: 312 | Loss: 0.0013 | Val - MRR: 0.3644, MR:  162.01, H@1: 0.272, H@3: 0.399, H@10: 0.553 | Test - MRR: 0.3597 | *
[2026-04-03 09:21:04,357][root][INFO] - Epoch: 313 | Loss: 0.0013 | Val - MRR: 0.3655, MR:  159.97, H@1: 0.273, H@3: 0.401, H@10: 0.553 | Test - MRR: 0.3598 | *
[2026-04-03 09:23:05,878][root][INFO] - Epoch: 314 | Loss: 0.0013 | Val - MRR: 0.3639, MR:  163.11, H@1: 0.271, H@3: 0.400, H@10: 0.551 | 
[2026-04-03 09:25:07,142][root][INFO] - Epoch: 315 | Loss: 0.0013 | Val - MRR: 0.3638, MR:  162.99, H@1: 0.271, H@3: 0.398, H@10: 0.551 | 
[2026-04-03 09:27:08,172][root][INFO] - Epoch: 316 | Loss: 0.0013 | Val - MRR: 0.3641, MR:  163.69, H@1: 0.272, H@3: 0.400, H@10: 0.551 | 
[2026-04-03 09:29:09,752][root][INFO] - Epoch: 317 | Loss: 0.0013 | Val - MRR: 0.3636, MR:  164.29, H@1: 0.271, H@3: 0.398, H@10: 0.550 | 
[2026-04-03 09:31:10,424][root][INFO] - Epoch: 318 | Loss: 0.0013 | Val - MRR: 0.3643, MR:  164.54, H@1: 0.272, H@3: 0.400, H@10: 0.552 | 
[2026-04-03 09:33:11,448][root][INFO] - Epoch: 319 | Loss: 0.0013 | Val - MRR: 0.3643, MR:  162.09, H@1: 0.271, H@3: 0.401, H@10: 0.551 | 
[2026-04-03 09:35:10,272][root][INFO] - Epoch: 320 | Loss: 0.0013 | Val - MRR: 0.3650, MR:  163.70, H@1: 0.272, H@3: 0.402, H@10: 0.551 | 
[2026-04-03 09:37:28,352][root][INFO] - Epoch: 321 | Loss: 0.0013 | Val - MRR: 0.3658, MR:  164.06, H@1: 0.273, H@3: 0.401, H@10: 0.552 | Test - MRR: 0.3594 | *
[2026-04-03 09:39:29,867][root][INFO] - Epoch: 322 | Loss: 0.0013 | Val - MRR: 0.3638, MR:  164.60, H@1: 0.271, H@3: 0.399, H@10: 0.551 | 
[2026-04-03 09:41:29,803][root][INFO] - Epoch: 323 | Loss: 0.0013 | Val - MRR: 0.3651, MR:  163.81, H@1: 0.273, H@3: 0.399, H@10: 0.551 | 
[2026-04-03 09:43:32,443][root][INFO] - Epoch: 324 | Loss: 0.0013 | Val - MRR: 0.3649, MR:  164.14, H@1: 0.272, H@3: 0.399, H@10: 0.553 | 
[2026-04-03 09:45:52,041][root][INFO] - Epoch: 325 | Loss: 0.0013 | Val - MRR: 0.3656, MR:  165.48, H@1: 0.273, H@3: 0.401, H@10: 0.552 | Test - MRR: 0.3600 | *
[2026-04-03 09:47:54,049][root][INFO] - Epoch: 326 | Loss: 0.0013 | Val - MRR: 0.3643, MR:  165.98, H@1: 0.272, H@3: 0.399, H@10: 0.551 | 
[2026-04-03 09:49:54,868][root][INFO] - Epoch: 327 | Loss: 0.0013 | Val - MRR: 0.3647, MR:  164.53, H@1: 0.272, H@3: 0.400, H@10: 0.550 | 
[2026-04-03 09:51:53,934][root][INFO] - Epoch: 328 | Loss: 0.0013 | Val - MRR: 0.3655, MR:  163.33, H@1: 0.273, H@3: 0.401, H@10: 0.552 | 
[2026-04-03 09:54:10,536][root][INFO] - Epoch: 329 | Loss: 0.0013 | Val - MRR: 0.3662, MR:  163.00, H@1: 0.274, H@3: 0.402, H@10: 0.554 | Test - MRR: 0.3606 | *
[2026-04-03 09:56:10,220][root][INFO] - Epoch: 330 | Loss: 0.0013 | Val - MRR: 0.3657, MR:  163.62, H@1: 0.272, H@3: 0.402, H@10: 0.553 | 
[2026-04-03 09:58:09,708][root][INFO] - Epoch: 331 | Loss: 0.0013 | Val - MRR: 0.3658, MR:  163.53, H@1: 0.273, H@3: 0.400, H@10: 0.552 | 
[2026-04-03 10:00:24,521][root][INFO] - Epoch: 332 | Loss: 0.0013 | Val - MRR: 0.3664, MR:  162.77, H@1: 0.274, H@3: 0.401, H@10: 0.551 | Test - MRR: 0.3601 | *
[2026-04-03 10:02:24,288][root][INFO] - Epoch: 333 | Loss: 0.0013 | Val - MRR: 0.3656, MR:  167.31, H@1: 0.273, H@3: 0.400, H@10: 0.554 | 
[2026-04-03 10:04:22,514][root][INFO] - Epoch: 334 | Loss: 0.0013 | Val - MRR: 0.3647, MR:  165.21, H@1: 0.272, H@3: 0.398, H@10: 0.553 | 
[2026-04-03 10:06:22,698][root][INFO] - Epoch: 335 | Loss: 0.0013 | Val - MRR: 0.3663, MR:  164.35, H@1: 0.274, H@3: 0.400, H@10: 0.553 | 
[2026-04-03 10:08:37,961][root][INFO] - Epoch: 336 | Loss: 0.0013 | Val - MRR: 0.3674, MR:  166.11, H@1: 0.276, H@3: 0.402, H@10: 0.553 | Test - MRR: 0.3607 | *
[2026-04-03 10:10:38,825][root][INFO] - Epoch: 337 | Loss: 0.0013 | Val - MRR: 0.3657, MR:  164.62, H@1: 0.273, H@3: 0.401, H@10: 0.551 | 
[2026-04-03 10:12:36,775][root][INFO] - Epoch: 338 | Loss: 0.0013 | Val - MRR: 0.3653, MR:  165.57, H@1: 0.272, H@3: 0.401, H@10: 0.551 | 
[2026-04-03 10:14:33,628][root][INFO] - Epoch: 339 | Loss: 0.0013 | Val - MRR: 0.3671, MR:  162.87, H@1: 0.275, H@3: 0.402, H@10: 0.555 | 
[2026-04-03 10:16:48,813][root][INFO] - Epoch: 340 | Loss: 0.0013 | Val - MRR: 0.3667, MR:  164.80, H@1: 0.274, H@3: 0.402, H@10: 0.553 | Test - MRR: 0.3607 | *
[2026-04-03 10:18:48,162][root][INFO] - Epoch: 341 | Loss: 0.0013 | Val - MRR: 0.3665, MR:  163.88, H@1: 0.274, H@3: 0.401, H@10: 0.552 | 
[2026-04-03 10:20:45,654][root][INFO] - Epoch: 342 | Loss: 0.0013 | Val - MRR: 0.3659, MR:  166.58, H@1: 0.272, H@3: 0.402, H@10: 0.554 | 
[2026-04-03 10:22:42,631][root][INFO] - Epoch: 343 | Loss: 0.0013 | Val - MRR: 0.3652, MR:  166.35, H@1: 0.273, H@3: 0.399, H@10: 0.553 | 
[2026-04-03 10:24:40,212][root][INFO] - Epoch: 344 | Loss: 0.0013 | Val - MRR: 0.3659, MR:  164.24, H@1: 0.273, H@3: 0.401, H@10: 0.553 | 
[2026-04-03 10:26:37,437][root][INFO] - Epoch: 345 | Loss: 0.0013 | Val - MRR: 0.3665, MR:  167.04, H@1: 0.273, H@3: 0.402, H@10: 0.554 | 
[2026-04-03 10:28:33,711][root][INFO] - Epoch: 346 | Loss: 0.0013 | Val - MRR: 0.3665, MR:  166.73, H@1: 0.274, H@3: 0.401, H@10: 0.554 | 
[2026-04-03 10:30:32,947][root][INFO] - Epoch: 347 | Loss: 0.0013 | Val - MRR: 0.3662, MR:  164.40, H@1: 0.273, H@3: 0.402, H@10: 0.554 | 
[2026-04-03 10:32:30,813][root][INFO] - Epoch: 348 | Loss: 0.0013 | Val - MRR: 0.3661, MR:  165.56, H@1: 0.273, H@3: 0.402, H@10: 0.554 | 
[2026-04-03 10:34:44,678][root][INFO] - Epoch: 349 | Loss: 0.0013 | Val - MRR: 0.3667, MR:  164.96, H@1: 0.275, H@3: 0.400, H@10: 0.553 | Test - MRR: 0.3596 | *
[2026-04-03 10:36:43,407][root][INFO] - Epoch: 350 | Loss: 0.0013 | Val - MRR: 0.3660, MR:  167.14, H@1: 0.273, H@3: 0.401, H@10: 0.552 | 
[2026-04-03 10:38:42,050][root][INFO] - Epoch: 351 | Loss: 0.0013 | Val - MRR: 0.3650, MR:  167.83, H@1: 0.272, H@3: 0.400, H@10: 0.552 | 
[2026-04-03 10:40:39,523][root][INFO] - Epoch: 352 | Loss: 0.0013 | Val - MRR: 0.3660, MR:  169.01, H@1: 0.274, H@3: 0.401, H@10: 0.552 | 
[2026-04-03 10:42:38,050][root][INFO] - Epoch: 353 | Loss: 0.0013 | Val - MRR: 0.3658, MR:  166.47, H@1: 0.273, H@3: 0.400, H@10: 0.553 | 
[2026-04-03 10:44:35,367][root][INFO] - Epoch: 354 | Loss: 0.0013 | Val - MRR: 0.3662, MR:  164.41, H@1: 0.272, H@3: 0.403, H@10: 0.553 | 
[2026-04-03 10:46:50,623][root][INFO] - Epoch: 355 | Loss: 0.0013 | Val - MRR: 0.3675, MR:  165.84, H@1: 0.274, H@3: 0.401, H@10: 0.555 | Test - MRR: 0.3614 | *
[2026-04-03 10:48:47,969][root][INFO] - Epoch: 356 | Loss: 0.0013 | Val - MRR: 0.3646, MR:  168.65, H@1: 0.271, H@3: 0.400, H@10: 0.552 | 
[2026-04-03 10:50:44,100][root][INFO] - Epoch: 357 | Loss: 0.0013 | Val - MRR: 0.3658, MR:  166.31, H@1: 0.272, H@3: 0.401, H@10: 0.553 | 
[2026-04-03 10:52:42,606][root][INFO] - Epoch: 358 | Loss: 0.0013 | Val - MRR: 0.3647, MR:  167.42, H@1: 0.271, H@3: 0.399, H@10: 0.553 | 
[2026-04-03 10:54:41,572][root][INFO] - Epoch: 359 | Loss: 0.0013 | Val - MRR: 0.3649, MR:  167.02, H@1: 0.272, H@3: 0.399, H@10: 0.554 | 
[2026-04-03 10:56:39,421][root][INFO] - Epoch: 360 | Loss: 0.0013 | Val - MRR: 0.3654, MR:  167.11, H@1: 0.272, H@3: 0.400, H@10: 0.554 | 
[2026-04-03 10:58:36,302][root][INFO] - Epoch: 361 | Loss: 0.0013 | Val - MRR: 0.3655, MR:  168.71, H@1: 0.273, H@3: 0.401, H@10: 0.552 | 
[2026-04-03 11:00:34,836][root][INFO] - Epoch: 362 | Loss: 0.0013 | Val - MRR: 0.3648, MR:  166.32, H@1: 0.271, H@3: 0.400, H@10: 0.553 | 
[2026-04-03 11:02:34,101][root][INFO] - Epoch: 363 | Loss: 0.0013 | Val - MRR: 0.3657, MR:  164.61, H@1: 0.273, H@3: 0.400, H@10: 0.553 | 
[2026-04-03 11:04:30,621][root][INFO] - Epoch: 364 | Loss: 0.0013 | Val - MRR: 0.3658, MR:  166.57, H@1: 0.273, H@3: 0.401, H@10: 0.555 | 
[2026-04-03 11:06:28,337][root][INFO] - Epoch: 365 | Loss: 0.0013 | Val - MRR: 0.3665, MR:  165.25, H@1: 0.273, H@3: 0.401, H@10: 0.554 | 
[2026-04-03 11:08:25,526][root][INFO] - Epoch: 366 | Loss: 0.0013 | Val - MRR: 0.3661, MR:  169.16, H@1: 0.273, H@3: 0.400, H@10: 0.552 | 
[2026-04-03 11:10:24,066][root][INFO] - Epoch: 367 | Loss: 0.0013 | Val - MRR: 0.3654, MR:  169.05, H@1: 0.273, H@3: 0.400, H@10: 0.552 | 
[2026-04-03 11:12:22,639][root][INFO] - Epoch: 368 | Loss: 0.0013 | Val - MRR: 0.3673, MR:  169.98, H@1: 0.275, H@3: 0.401, H@10: 0.553 | 
[2026-04-03 11:14:19,478][root][INFO] - Epoch: 369 | Loss: 0.0013 | Val - MRR: 0.3668, MR:  169.06, H@1: 0.274, H@3: 0.401, H@10: 0.553 | 
[2026-04-03 11:16:17,456][root][INFO] - Epoch: 370 | Loss: 0.0013 | Val - MRR: 0.3665, MR:  169.65, H@1: 0.273, H@3: 0.402, H@10: 0.554 | 
[2026-04-03 11:18:16,040][root][INFO] - Epoch: 371 | Loss: 0.0013 | Val - MRR: 0.3657, MR:  167.91, H@1: 0.273, H@3: 0.400, H@10: 0.553 | 
[2026-04-03 11:20:15,185][root][INFO] - Epoch: 372 | Loss: 0.0013 | Val - MRR: 0.3655, MR:  169.15, H@1: 0.272, H@3: 0.399, H@10: 0.554 | 
[2026-04-03 11:22:12,951][root][INFO] - Epoch: 373 | Loss: 0.0013 | Val - MRR: 0.3665, MR:  169.22, H@1: 0.273, H@3: 0.401, H@10: 0.555 | 
[2026-04-03 11:24:10,444][root][INFO] - Epoch: 374 | Loss: 0.0013 | Val - MRR: 0.3653, MR:  168.66, H@1: 0.273, H@3: 0.400, H@10: 0.553 | 
[2026-04-03 11:26:08,375][root][INFO] - Epoch: 375 | Loss: 0.0013 | Val - MRR: 0.3663, MR:  170.08, H@1: 0.273, H@3: 0.401, H@10: 0.554 | 
[2026-04-03 11:28:07,281][root][INFO] - Epoch: 376 | Loss: 0.0013 | Val - MRR: 0.3663, MR:  168.45, H@1: 0.273, H@3: 0.402, H@10: 0.556 | 
[2026-04-03 11:30:04,639][root][INFO] - Epoch: 377 | Loss: 0.0013 | Val - MRR: 0.3656, MR:  167.23, H@1: 0.272, H@3: 0.400, H@10: 0.555 | 
[2026-04-03 11:32:02,803][root][INFO] - Epoch: 378 | Loss: 0.0013 | Val - MRR: 0.3671, MR:  168.67, H@1: 0.274, H@3: 0.403, H@10: 0.555 | 
[2026-04-03 11:34:00,504][root][INFO] - Epoch: 379 | Loss: 0.0013 | Val - MRR: 0.3673, MR:  167.30, H@1: 0.274, H@3: 0.404, H@10: 0.557 | 
[2026-04-03 11:35:58,564][root][INFO] - Epoch: 380 | Loss: 0.0013 | Val - MRR: 0.3666, MR:  169.53, H@1: 0.273, H@3: 0.402, H@10: 0.554 | 
[2026-04-03 11:37:57,264][root][INFO] - Epoch: 381 | Loss: 0.0013 | Val - MRR: 0.3670, MR:  167.45, H@1: 0.274, H@3: 0.402, H@10: 0.555 | 
[2026-04-03 11:39:55,852][root][INFO] - Epoch: 382 | Loss: 0.0013 | Val - MRR: 0.3662, MR:  170.92, H@1: 0.274, H@3: 0.400, H@10: 0.553 | 
[2026-04-03 11:41:50,628][root][INFO] - Epoch: 383 | Loss: 0.0013 | Val - MRR: 0.3671, MR:  165.98, H@1: 0.274, H@3: 0.403, H@10: 0.555 | 
[2026-04-03 11:43:49,053][root][INFO] - Epoch: 384 | Loss: 0.0013 | Val - MRR: 0.3659, MR:  170.13, H@1: 0.273, H@3: 0.400, H@10: 0.551 | 
[2026-04-03 11:45:46,568][root][INFO] - Epoch: 385 | Loss: 0.0013 | Val - MRR: 0.3664, MR:  167.29, H@1: 0.273, H@3: 0.403, H@10: 0.554 | 
[2026-04-03 11:47:48,514][root][INFO] - Epoch: 386 | Loss: 0.0013 | Val - MRR: 0.3660, MR:  169.32, H@1: 0.272, H@3: 0.402, H@10: 0.554 | 
[2026-04-03 11:49:50,671][root][INFO] - Epoch: 387 | Loss: 0.0013 | Val - MRR: 0.3649, MR:  170.27, H@1: 0.272, H@3: 0.400, H@10: 0.551 | 
[2026-04-03 11:51:51,996][root][INFO] - Epoch: 388 | Loss: 0.0013 | Val - MRR: 0.3657, MR:  167.11, H@1: 0.273, H@3: 0.399, H@10: 0.552 | 
[2026-04-03 11:53:52,904][root][INFO] - Epoch: 389 | Loss: 0.0013 | Val - MRR: 0.3652, MR:  169.91, H@1: 0.272, H@3: 0.400, H@10: 0.553 | 
[2026-04-03 11:55:53,970][root][INFO] - Epoch: 390 | Loss: 0.0013 | Val - MRR: 0.3658, MR:  171.50, H@1: 0.273, H@3: 0.401, H@10: 0.553 | 
[2026-04-03 11:57:53,266][root][INFO] - Epoch: 391 | Loss: 0.0013 | Val - MRR: 0.3663, MR:  168.72, H@1: 0.273, H@3: 0.402, H@10: 0.553 | 
[2026-04-03 11:57:53,266][root][INFO] - Long time no improvenment, stop training...
[2026-04-03 11:57:53,266][root][INFO] - Training end...
[2026-04-03 11:57:53,572][root][INFO] - ✅ 成功加载最优模型：/home/wangwei/DSGNet-main/DSGNet/model_checkpoints/best_model_FB15k_237_20260403_104632.torch
[2026-04-03 11:57:53,573][root][INFO] - 📌 最优模型来自Epoch：355，最优MRR：0.3614
[2026-04-03 11:57:53,573][root][INFO] - Train metrics ...
[2026-04-03 11:58:57,438][root][INFO] - Train (head) - MRR: 0.6791, MR:    8.08, H@1: 0.565, H@3: 0.758, H@10: 0.883
[2026-04-03 11:58:57,439][root][INFO] - Train (tail) - MRR: 0.7587, MR:    4.76, H@1: 0.660, H@3: 0.830, H@10: 0.931
[2026-04-03 11:58:57,439][root][INFO] - Train (avg) - MRR: 0.7189, MR:    6.42, H@1: 0.613, H@3: 0.794, H@10: 0.907

[2026-04-03 11:58:57,439][root][INFO] - Valid metrics ...
[2026-04-03 11:59:13,488][root][INFO] - Valid (head) - MRR: 0.2667, MR:  211.17, H@1: 0.175, H@3: 0.293, H@10: 0.453
[2026-04-03 11:59:13,489][root][INFO] - Valid (tail) - MRR: 0.4683, MR:  120.51, H@1: 0.374, H@3: 0.509, H@10: 0.656
[2026-04-03 11:59:13,489][root][INFO] - Valid (avg) - MRR: 0.3675, MR:  165.84, H@1: 0.274, H@3: 0.401, H@10: 0.555

[2026-04-03 11:59:13,489][root][INFO] - Test metrics...
[2026-04-03 11:59:30,558][root][INFO] - Test (head) - MRR: 0.2633, MR:  214.68, H@1: 0.171, H@3: 0.291, H@10: 0.451
[2026-04-03 11:59:30,559][root][INFO] - Test (tail) - MRR: 0.4595, MR:  133.36, H@1: 0.363, H@3: 0.506, H@10: 0.648
[2026-04-03 11:59:30,559][root][INFO] - Test (avg) - MRR: 0.3614, MR:  174.02, H@1: 0.267, H@3: 0.398, H@10: 0.549

[2026-04-03 11:59:30,559][root][INFO] - Model save path: /home/wangwei/DSGNet-main/DSGNet/data/output/FB15k_237/2026-04-02/22-19-08
