[2026-03-21 02:36:26,090][root][INFO] - 
------Config------
 {'dataset': 'FB15k_237', 'epoch': 600, 'batch_size': 1024, 'learning_rate': 0.00035, 'h_dim': 480, 'pred_rel_w': False, 'label_smooth': 0.1, 'n_heads': 8, 'topk': 20, 'kg_layer': 2, 'rm_rate': 0.5, 'ent_drop': 0.3, 'rel_drop': 0.1, 'comp_op': 'mul', 'bn': False, 'k_h': 16, 'k_w': 30, 'conv_drop': 0.3, 'ent_drop_pred': 0.3, 'fc_drop': 0.5, 'ker_sz': 8, 'out_channel': 200, 'device': 1, 'max_no_improve': 30, 'cpu_worker_num': 10, 'warmup_epoch': 5}
[2026-03-21 02:36:26,090][root][INFO] - Code dir path: /home/wangwei/DSGNet-main/DSGNet/code_new
[2026-03-21 02:36:26,090][root][INFO] - Config dir path: /home/wangwei/DSGNet-main/DSGNet/config
[2026-03-21 02:36:26,090][root][INFO] - Model save path: /home/wangwei/DSGNet-main/DSGNet/data/output/FB15k_237/2026-03-21/02-36-26
[2026-03-21 02:36:29,953][root][INFO] - kg # node: 14541
[2026-03-21 02:36:29,953][root][INFO] - kg # edge: 544230
[2026-03-21 02:36:29,953][root][INFO] - kg # zero deg node: 36
[2026-03-21 02:36:29,953][root][INFO] - ---Load Train Data---
[2026-03-21 02:36:32,415][root][INFO] - -----Model Parameter Configuration-----
[2026-03-21 02:36:32,415][root][INFO] - Parameter ent_emb: torch.Size([14541, 480]), require_grad = True
[2026-03-21 02:36:32,415][root][INFO] - Parameter pred_rel_emb: torch.Size([474, 480]), require_grad = True
[2026-03-21 02:36:32,415][root][INFO] - Parameter W_fuse: torch.Size([480, 480]), require_grad = True
[2026-03-21 02:36:32,415][root][INFO] - Parameter a_fuse: torch.Size([960, 1]), require_grad = True
[2026-03-21 02:36:32,415][root][INFO] - Parameter rel_embs.0: torch.Size([474, 480]), require_grad = True
[2026-03-21 02:36:32,415][root][INFO] - Parameter rel_embs.1: torch.Size([474, 480]), require_grad = True
[2026-03-21 02:36:32,415][root][INFO] - Parameter predictor.bn0.weight: torch.Size([1]), require_grad = True
[2026-03-21 02:36:32,415][root][INFO] - Parameter predictor.bn0.bias: torch.Size([1]), require_grad = True
[2026-03-21 02:36:32,415][root][INFO] - Parameter predictor.bn1.weight: torch.Size([200]), require_grad = True
[2026-03-21 02:36:32,415][root][INFO] - Parameter predictor.bn1.bias: torch.Size([200]), require_grad = True
[2026-03-21 02:36:32,415][root][INFO] - Parameter predictor.bn2.weight: torch.Size([480]), require_grad = True
[2026-03-21 02:36:32,415][root][INFO] - Parameter predictor.bn2.bias: torch.Size([480]), require_grad = True
[2026-03-21 02:36:32,416][root][INFO] - Parameter predictor.conv.weight: torch.Size([200, 1, 8, 8]), require_grad = True
[2026-03-21 02:36:32,416][root][INFO] - Parameter predictor.fc.weight: torch.Size([480, 115000]), require_grad = True
[2026-03-21 02:36:32,416][root][INFO] - Parameter L.weight: torch.Size([480, 480]), require_grad = True
[2026-03-21 02:36:32,416][root][INFO] - Parameter L.bias: torch.Size([480]), require_grad = True
[2026-03-21 02:36:32,416][root][INFO] - Parameter S.weight: torch.Size([480, 480]), require_grad = True
[2026-03-21 02:36:32,416][root][INFO] - Parameter S.bias: torch.Size([480]), require_grad = True
[2026-03-21 02:36:32,416][root][INFO] - Parameter comp_layers.0.neigh_w: torch.Size([480, 480]), require_grad = True
[2026-03-21 02:36:32,416][root][INFO] - Parameter comp_layers.0.W.0: torch.Size([480, 60]), require_grad = True
[2026-03-21 02:36:32,416][root][INFO] - Parameter comp_layers.0.W.1: torch.Size([480, 60]), require_grad = True
[2026-03-21 02:36:32,416][root][INFO] - Parameter comp_layers.0.W.2: torch.Size([480, 60]), require_grad = True
[2026-03-21 02:36:32,416][root][INFO] - Parameter comp_layers.0.W.3: torch.Size([480, 60]), require_grad = True
[2026-03-21 02:36:32,416][root][INFO] - Parameter comp_layers.0.W.4: torch.Size([480, 60]), require_grad = True
[2026-03-21 02:36:32,416][root][INFO] - Parameter comp_layers.0.W.5: torch.Size([480, 60]), require_grad = True
[2026-03-21 02:36:32,416][root][INFO] - Parameter comp_layers.0.W.6: torch.Size([480, 60]), require_grad = True
[2026-03-21 02:36:32,416][root][INFO] - Parameter comp_layers.0.W.7: torch.Size([480, 60]), require_grad = True
[2026-03-21 02:36:32,416][root][INFO] - Parameter comp_layers.0.W_r.0: torch.Size([480, 60]), require_grad = True
[2026-03-21 02:36:32,416][root][INFO] - Parameter comp_layers.0.W_r.1: torch.Size([480, 60]), require_grad = True
[2026-03-21 02:36:32,416][root][INFO] - Parameter comp_layers.0.W_r.2: torch.Size([480, 60]), require_grad = True
[2026-03-21 02:36:32,416][root][INFO] - Parameter comp_layers.0.W_r.3: torch.Size([480, 60]), require_grad = True
[2026-03-21 02:36:32,416][root][INFO] - Parameter comp_layers.0.W_r.4: torch.Size([480, 60]), require_grad = True
[2026-03-21 02:36:32,416][root][INFO] - Parameter comp_layers.0.W_r.5: torch.Size([480, 60]), require_grad = True
[2026-03-21 02:36:32,416][root][INFO] - Parameter comp_layers.0.W_r.6: torch.Size([480, 60]), require_grad = True
[2026-03-21 02:36:32,416][root][INFO] - Parameter comp_layers.0.W_r.7: torch.Size([480, 60]), require_grad = True
[2026-03-21 02:36:32,416][root][INFO] - Parameter comp_layers.0.a.0: torch.Size([180, 1]), require_grad = True
[2026-03-21 02:36:32,417][root][INFO] - Parameter comp_layers.0.a.1: torch.Size([180, 1]), require_grad = True
[2026-03-21 02:36:32,417][root][INFO] - Parameter comp_layers.0.a.2: torch.Size([180, 1]), require_grad = True
[2026-03-21 02:36:32,417][root][INFO] - Parameter comp_layers.0.a.3: torch.Size([180, 1]), require_grad = True
[2026-03-21 02:36:32,417][root][INFO] - Parameter comp_layers.0.a.4: torch.Size([180, 1]), require_grad = True
[2026-03-21 02:36:32,417][root][INFO] - Parameter comp_layers.0.a.5: torch.Size([180, 1]), require_grad = True
[2026-03-21 02:36:32,417][root][INFO] - Parameter comp_layers.0.a.6: torch.Size([180, 1]), require_grad = True
[2026-03-21 02:36:32,417][root][INFO] - Parameter comp_layers.0.a.7: torch.Size([180, 1]), require_grad = True
[2026-03-21 02:36:32,417][root][INFO] - Parameter comp_layers.1.neigh_w: torch.Size([480, 480]), require_grad = True
[2026-03-21 02:36:32,417][root][INFO] - Parameter comp_layers.1.W.0: torch.Size([480, 60]), require_grad = True
[2026-03-21 02:36:32,417][root][INFO] - Parameter comp_layers.1.W.1: torch.Size([480, 60]), require_grad = True
[2026-03-21 02:36:32,417][root][INFO] - Parameter comp_layers.1.W.2: torch.Size([480, 60]), require_grad = True
[2026-03-21 02:36:32,417][root][INFO] - Parameter comp_layers.1.W.3: torch.Size([480, 60]), require_grad = True
[2026-03-21 02:36:32,417][root][INFO] - Parameter comp_layers.1.W.4: torch.Size([480, 60]), require_grad = True
[2026-03-21 02:36:32,417][root][INFO] - Parameter comp_layers.1.W.5: torch.Size([480, 60]), require_grad = True
[2026-03-21 02:36:32,417][root][INFO] - Parameter comp_layers.1.W.6: torch.Size([480, 60]), require_grad = True
[2026-03-21 02:36:32,417][root][INFO] - Parameter comp_layers.1.W.7: torch.Size([480, 60]), require_grad = True
[2026-03-21 02:36:32,417][root][INFO] - Parameter comp_layers.1.W_r.0: torch.Size([480, 60]), require_grad = True
[2026-03-21 02:36:32,417][root][INFO] - Parameter comp_layers.1.W_r.1: torch.Size([480, 60]), require_grad = True
[2026-03-21 02:36:32,417][root][INFO] - Parameter comp_layers.1.W_r.2: torch.Size([480, 60]), require_grad = True
[2026-03-21 02:36:32,417][root][INFO] - Parameter comp_layers.1.W_r.3: torch.Size([480, 60]), require_grad = True
[2026-03-21 02:36:32,417][root][INFO] - Parameter comp_layers.1.W_r.4: torch.Size([480, 60]), require_grad = True
[2026-03-21 02:36:32,417][root][INFO] - Parameter comp_layers.1.W_r.5: torch.Size([480, 60]), require_grad = True
[2026-03-21 02:36:32,417][root][INFO] - Parameter comp_layers.1.W_r.6: torch.Size([480, 60]), require_grad = True
[2026-03-21 02:36:32,417][root][INFO] - Parameter comp_layers.1.W_r.7: torch.Size([480, 60]), require_grad = True
[2026-03-21 02:36:32,417][root][INFO] - Parameter comp_layers.1.a.0: torch.Size([180, 1]), require_grad = True
[2026-03-21 02:36:32,417][root][INFO] - Parameter comp_layers.1.a.1: torch.Size([180, 1]), require_grad = True
[2026-03-21 02:36:32,418][root][INFO] - Parameter comp_layers.1.a.2: torch.Size([180, 1]), require_grad = True
[2026-03-21 02:36:32,418][root][INFO] - Parameter comp_layers.1.a.3: torch.Size([180, 1]), require_grad = True
[2026-03-21 02:36:32,418][root][INFO] - Parameter comp_layers.1.a.4: torch.Size([180, 1]), require_grad = True
[2026-03-21 02:36:32,418][root][INFO] - Parameter comp_layers.1.a.5: torch.Size([180, 1]), require_grad = True
[2026-03-21 02:36:32,418][root][INFO] - Parameter comp_layers.1.a.6: torch.Size([180, 1]), require_grad = True
[2026-03-21 02:36:32,418][root][INFO] - Parameter comp_layers.1.a.7: torch.Size([180, 1]), require_grad = True
[2026-03-21 02:36:33,316][root][INFO] - Training... total epoch: 600, step: 88200
[2026-03-21 02:39:22,578][root][INFO] - Epoch:   0 | Loss: 0.4652 | Val - MRR: 0.0015, MR: 6748.52, H@1: 0.000, H@3: 0.000, H@10: 0.000 | Test - MRR: 0.0015 | *
[2026-03-21 02:42:12,329][root][INFO] - Epoch:   1 | Loss: 0.0043 | Val - MRR: 0.0161, MR: 5427.61, H@1: 0.013, H@3: 0.014, H@10: 0.018 | Test - MRR: 0.0159 | *
[2026-03-21 02:45:00,882][root][INFO] - Epoch:   2 | Loss: 0.0033 | Val - MRR: 0.0693, MR: 3214.26, H@1: 0.058, H@3: 0.070, H@10: 0.082 | Test - MRR: 0.0691 | *
[2026-03-21 02:47:48,626][root][INFO] - Epoch:   3 | Loss: 0.0031 | Val - MRR: 0.1089, MR: 2310.87, H@1: 0.085, H@3: 0.113, H@10: 0.147 | Test - MRR: 0.1074 | *
[2026-03-21 02:50:35,676][root][INFO] - Epoch:   4 | Loss: 0.0030 | Val - MRR: 0.1417, MR: 1818.12, H@1: 0.105, H@3: 0.150, H@10: 0.207 | Test - MRR: 0.1401 | *
[2026-03-21 02:53:22,920][root][INFO] - Epoch:   5 | Loss: 0.0028 | Val - MRR: 0.1584, MR: 1386.70, H@1: 0.113, H@3: 0.171, H@10: 0.242 | Test - MRR: 0.1560 | *
[2026-03-21 02:56:08,775][root][INFO] - Epoch:   6 | Loss: 0.0026 | Val - MRR: 0.1744, MR: 1123.39, H@1: 0.124, H@3: 0.190, H@10: 0.270 | Test - MRR: 0.1710 | *
[2026-03-21 02:58:55,014][root][INFO] - Epoch:   7 | Loss: 0.0027 | Val - MRR: 0.1808, MR:  964.98, H@1: 0.130, H@3: 0.194, H@10: 0.282 | Test - MRR: 0.1783 | *
[2026-03-21 03:01:40,419][root][INFO] - Epoch:   8 | Loss: 0.0025 | Val - MRR: 0.1918, MR:  807.80, H@1: 0.139, H@3: 0.205, H@10: 0.294 | Test - MRR: 0.1883 | *
[2026-03-21 03:04:27,264][root][INFO] - Epoch:   9 | Loss: 0.0025 | Val - MRR: 0.2005, MR:  714.81, H@1: 0.145, H@3: 0.216, H@10: 0.307 | Test - MRR: 0.1976 | *
[2026-03-21 03:07:14,534][root][INFO] - Epoch:  10 | Loss: 0.0024 | Val - MRR: 0.2073, MR:  640.52, H@1: 0.151, H@3: 0.222, H@10: 0.315 | Test - MRR: 0.2044 | *
[2026-03-21 03:10:00,885][root][INFO] - Epoch:  11 | Loss: 0.0023 | Val - MRR: 0.2113, MR:  586.21, H@1: 0.154, H@3: 0.227, H@10: 0.321 | Test - MRR: 0.2089 | *
[2026-03-21 03:12:49,946][root][INFO] - Epoch:  12 | Loss: 0.0023 | Val - MRR: 0.2137, MR:  547.29, H@1: 0.155, H@3: 0.231, H@10: 0.327 | Test - MRR: 0.2115 | *
[2026-03-21 03:15:34,707][root][INFO] - Epoch:  13 | Loss: 0.0024 | Val - MRR: 0.2158, MR:  519.80, H@1: 0.156, H@3: 0.234, H@10: 0.331 | Test - MRR: 0.2132 | *
[2026-03-21 03:18:19,034][root][INFO] - Epoch:  14 | Loss: 0.0024 | Val - MRR: 0.2193, MR:  495.97, H@1: 0.159, H@3: 0.236, H@10: 0.336 | Test - MRR: 0.2174 | *
[2026-03-21 03:21:03,837][root][INFO] - Epoch:  15 | Loss: 0.0023 | Val - MRR: 0.2234, MR:  479.17, H@1: 0.162, H@3: 0.241, H@10: 0.340 | Test - MRR: 0.2208 | *
[2026-03-21 03:23:48,832][root][INFO] - Epoch:  16 | Loss: 0.0023 | Val - MRR: 0.2257, MR:  470.19, H@1: 0.164, H@3: 0.243, H@10: 0.345 | Test - MRR: 0.2245 | *
[2026-03-21 03:26:32,520][root][INFO] - Epoch:  17 | Loss: 0.0022 | Val - MRR: 0.2285, MR:  441.83, H@1: 0.166, H@3: 0.246, H@10: 0.349 | Test - MRR: 0.2270 | *
[2026-03-21 03:29:14,381][root][INFO] - Epoch:  18 | Loss: 0.0022 | Val - MRR: 0.2307, MR:  436.56, H@1: 0.168, H@3: 0.249, H@10: 0.351 | Test - MRR: 0.2295 | *
[2026-03-21 03:31:57,396][root][INFO] - Epoch:  19 | Loss: 0.0022 | Val - MRR: 0.2327, MR:  418.80, H@1: 0.169, H@3: 0.251, H@10: 0.356 | Test - MRR: 0.2316 | *
[2026-03-21 03:34:39,342][root][INFO] - Epoch:  20 | Loss: 0.0023 | Val - MRR: 0.2349, MR:  413.86, H@1: 0.171, H@3: 0.253, H@10: 0.358 | Test - MRR: 0.2336 | *
[2026-03-21 03:37:20,308][root][INFO] - Epoch:  21 | Loss: 0.0021 | Val - MRR: 0.2352, MR:  395.26, H@1: 0.170, H@3: 0.255, H@10: 0.362 | Test - MRR: 0.2351 | *
[2026-03-21 03:40:00,881][root][INFO] - Epoch:  22 | Loss: 0.0022 | Val - MRR: 0.2376, MR:  382.91, H@1: 0.173, H@3: 0.256, H@10: 0.364 | Test - MRR: 0.2368 | *
[2026-03-21 03:42:41,666][root][INFO] - Epoch:  23 | Loss: 0.0022 | Val - MRR: 0.2395, MR:  375.32, H@1: 0.174, H@3: 0.259, H@10: 0.367 | Test - MRR: 0.2393 | *
[2026-03-21 03:45:21,187][root][INFO] - Epoch:  24 | Loss: 0.0022 | Val - MRR: 0.2422, MR:  365.49, H@1: 0.176, H@3: 0.261, H@10: 0.369 | Test - MRR: 0.2412 | *
[2026-03-21 03:48:00,435][root][INFO] - Epoch:  25 | Loss: 0.0021 | Val - MRR: 0.2429, MR:  355.71, H@1: 0.176, H@3: 0.262, H@10: 0.372 | Test - MRR: 0.2429 | *
[2026-03-21 03:50:40,313][root][INFO] - Epoch:  26 | Loss: 0.0021 | Val - MRR: 0.2434, MR:  359.81, H@1: 0.177, H@3: 0.262, H@10: 0.374 | Test - MRR: 0.2429 | *
[2026-03-21 03:53:19,822][root][INFO] - Epoch:  27 | Loss: 0.0020 | Val - MRR: 0.2457, MR:  348.99, H@1: 0.179, H@3: 0.265, H@10: 0.377 | Test - MRR: 0.2450 | *
[2026-03-21 03:55:58,715][root][INFO] - Epoch:  28 | Loss: 0.0020 | Val - MRR: 0.2474, MR:  343.06, H@1: 0.181, H@3: 0.266, H@10: 0.379 | Test - MRR: 0.2456 | *
[2026-03-21 03:58:34,891][root][INFO] - Epoch:  29 | Loss: 0.0020 | Val - MRR: 0.2479, MR:  333.12, H@1: 0.180, H@3: 0.268, H@10: 0.382 | Test - MRR: 0.2480 | *
[2026-03-21 04:01:12,061][root][INFO] - Epoch:  30 | Loss: 0.0020 | Val - MRR: 0.2520, MR:  326.94, H@1: 0.183, H@3: 0.272, H@10: 0.385 | Test - MRR: 0.2511 | *
[2026-03-21 04:03:30,767][root][INFO] - Epoch:  31 | Loss: 0.0021 | Val - MRR: 0.2514, MR:  340.08, H@1: 0.181, H@3: 0.274, H@10: 0.387 | 
[2026-03-21 04:06:08,663][root][INFO] - Epoch:  32 | Loss: 0.0020 | Val - MRR: 0.2546, MR:  327.16, H@1: 0.185, H@3: 0.277, H@10: 0.390 | Test - MRR: 0.2541 | *
[2026-03-21 04:08:45,638][root][INFO] - Epoch:  33 | Loss: 0.0020 | Val - MRR: 0.2579, MR:  317.31, H@1: 0.188, H@3: 0.280, H@10: 0.391 | Test - MRR: 0.2561 | *
[2026-03-21 04:11:22,518][root][INFO] - Epoch:  34 | Loss: 0.0019 | Val - MRR: 0.2579, MR:  328.80, H@1: 0.188, H@3: 0.281, H@10: 0.392 | Test - MRR: 0.2561 | *
[2026-03-21 04:13:59,066][root][INFO] - Epoch:  35 | Loss: 0.0020 | Val - MRR: 0.2595, MR:  318.46, H@1: 0.190, H@3: 0.282, H@10: 0.393 | Test - MRR: 0.2582 | *
[2026-03-21 04:16:35,430][root][INFO] - Epoch:  36 | Loss: 0.0020 | Val - MRR: 0.2606, MR:  316.53, H@1: 0.191, H@3: 0.282, H@10: 0.397 | Test - MRR: 0.2592 | *
[2026-03-21 04:19:11,605][root][INFO] - Epoch:  37 | Loss: 0.0020 | Val - MRR: 0.2617, MR:  306.01, H@1: 0.191, H@3: 0.285, H@10: 0.399 | Test - MRR: 0.2609 | *
[2026-03-21 04:21:47,734][root][INFO] - Epoch:  38 | Loss: 0.0019 | Val - MRR: 0.2651, MR:  301.67, H@1: 0.194, H@3: 0.288, H@10: 0.404 | Test - MRR: 0.2631 | *
[2026-03-21 04:24:23,919][root][INFO] - Epoch:  39 | Loss: 0.0019 | Val - MRR: 0.2663, MR:  292.24, H@1: 0.196, H@3: 0.288, H@10: 0.406 | Test - MRR: 0.2645 | *
[2026-03-21 04:27:00,995][root][INFO] - Epoch:  40 | Loss: 0.0020 | Val - MRR: 0.2688, MR:  282.76, H@1: 0.197, H@3: 0.291, H@10: 0.409 | Test - MRR: 0.2670 | *
[2026-03-21 04:29:38,442][root][INFO] - Epoch:  41 | Loss: 0.0019 | Val - MRR: 0.2726, MR:  283.19, H@1: 0.201, H@3: 0.294, H@10: 0.411 | Test - MRR: 0.2691 | *
[2026-03-21 04:32:15,074][root][INFO] - Epoch:  42 | Loss: 0.0019 | Val - MRR: 0.2744, MR:  279.56, H@1: 0.202, H@3: 0.298, H@10: 0.416 | Test - MRR: 0.2710 | *
[2026-03-21 04:34:35,132][root][INFO] - Epoch:  43 | Loss: 0.0019 | Val - MRR: 0.2732, MR:  270.72, H@1: 0.199, H@3: 0.297, H@10: 0.417 | 
[2026-03-21 04:37:11,490][root][INFO] - Epoch:  44 | Loss: 0.0018 | Val - MRR: 0.2770, MR:  268.17, H@1: 0.204, H@3: 0.300, H@10: 0.419 | Test - MRR: 0.2739 | *
[2026-03-21 04:39:46,766][root][INFO] - Epoch:  45 | Loss: 0.0019 | Val - MRR: 0.2797, MR:  259.88, H@1: 0.206, H@3: 0.303, H@10: 0.423 | Test - MRR: 0.2773 | *
[2026-03-21 04:42:22,421][root][INFO] - Epoch:  46 | Loss: 0.0018 | Val - MRR: 0.2821, MR:  253.40, H@1: 0.209, H@3: 0.305, H@10: 0.427 | Test - MRR: 0.2789 | *
[2026-03-21 04:44:59,100][root][INFO] - Epoch:  47 | Loss: 0.0019 | Val - MRR: 0.2828, MR:  247.90, H@1: 0.208, H@3: 0.307, H@10: 0.429 | Test - MRR: 0.2802 | *
[2026-03-21 04:47:34,113][root][INFO] - Epoch:  48 | Loss: 0.0018 | Val - MRR: 0.2849, MR:  256.87, H@1: 0.210, H@3: 0.308, H@10: 0.432 | Test - MRR: 0.2806 | *
[2026-03-21 04:50:09,590][root][INFO] - Epoch:  49 | Loss: 0.0018 | Val - MRR: 0.2871, MR:  247.44, H@1: 0.212, H@3: 0.312, H@10: 0.435 | Test - MRR: 0.2840 | *
[2026-03-21 04:52:44,551][root][INFO] - Epoch:  50 | Loss: 0.0018 | Val - MRR: 0.2886, MR:  240.32, H@1: 0.212, H@3: 0.314, H@10: 0.437 | Test - MRR: 0.2855 | *
[2026-03-21 04:55:18,734][root][INFO] - Epoch:  51 | Loss: 0.0018 | Val - MRR: 0.2909, MR:  236.90, H@1: 0.214, H@3: 0.315, H@10: 0.441 | Test - MRR: 0.2873 | *
[2026-03-21 04:57:53,158][root][INFO] - Epoch:  52 | Loss: 0.0018 | Val - MRR: 0.2922, MR:  232.24, H@1: 0.215, H@3: 0.317, H@10: 0.443 | Test - MRR: 0.2893 | *
[2026-03-21 05:00:27,305][root][INFO] - Epoch:  53 | Loss: 0.0017 | Val - MRR: 0.2938, MR:  228.98, H@1: 0.217, H@3: 0.317, H@10: 0.445 | Test - MRR: 0.2895 | *
[2026-03-21 05:03:01,285][root][INFO] - Epoch:  54 | Loss: 0.0017 | Val - MRR: 0.2962, MR:  226.99, H@1: 0.220, H@3: 0.319, H@10: 0.449 | Test - MRR: 0.2933 | *
[2026-03-21 05:05:37,245][root][INFO] - Epoch:  55 | Loss: 0.0017 | Val - MRR: 0.2976, MR:  224.14, H@1: 0.221, H@3: 0.322, H@10: 0.449 | Test - MRR: 0.2944 | *
[2026-03-21 05:08:12,137][root][INFO] - Epoch:  56 | Loss: 0.0017 | Val - MRR: 0.3015, MR:  225.22, H@1: 0.224, H@3: 0.327, H@10: 0.454 | Test - MRR: 0.2973 | *
[2026-03-21 05:10:28,648][root][INFO] - Epoch:  57 | Loss: 0.0017 | Val - MRR: 0.3011, MR:  220.96, H@1: 0.222, H@3: 0.326, H@10: 0.457 | 
[2026-03-21 05:13:02,373][root][INFO] - Epoch:  58 | Loss: 0.0017 | Val - MRR: 0.3022, MR:  218.05, H@1: 0.224, H@3: 0.327, H@10: 0.459 | Test - MRR: 0.2995 | *
[2026-03-21 05:15:37,290][root][INFO] - Epoch:  59 | Loss: 0.0017 | Val - MRR: 0.3055, MR:  209.50, H@1: 0.227, H@3: 0.331, H@10: 0.460 | Test - MRR: 0.3030 | *
[2026-03-21 05:18:11,029][root][INFO] - Epoch:  60 | Loss: 0.0017 | Val - MRR: 0.3056, MR:  210.33, H@1: 0.225, H@3: 0.332, H@10: 0.464 | Test - MRR: 0.3032 | *
[2026-03-21 05:20:44,718][root][INFO] - Epoch:  61 | Loss: 0.0017 | Val - MRR: 0.3076, MR:  205.99, H@1: 0.227, H@3: 0.334, H@10: 0.467 | Test - MRR: 0.3059 | *
[2026-03-21 05:23:18,121][root][INFO] - Epoch:  62 | Loss: 0.0017 | Val - MRR: 0.3080, MR:  206.22, H@1: 0.227, H@3: 0.335, H@10: 0.470 | Test - MRR: 0.3055 | *
[2026-03-21 05:25:52,717][root][INFO] - Epoch:  63 | Loss: 0.0017 | Val - MRR: 0.3116, MR:  201.48, H@1: 0.231, H@3: 0.338, H@10: 0.473 | Test - MRR: 0.3080 | *
[2026-03-21 05:28:08,554][root][INFO] - Epoch:  64 | Loss: 0.0016 | Val - MRR: 0.3101, MR:  202.88, H@1: 0.229, H@3: 0.336, H@10: 0.473 | 
[2026-03-21 05:30:42,804][root][INFO] - Epoch:  65 | Loss: 0.0016 | Val - MRR: 0.3149, MR:  201.08, H@1: 0.234, H@3: 0.342, H@10: 0.476 | Test - MRR: 0.3123 | *
[2026-03-21 05:32:58,772][root][INFO] - Epoch:  66 | Loss: 0.0016 | Val - MRR: 0.3136, MR:  200.69, H@1: 0.231, H@3: 0.341, H@10: 0.476 | 
[2026-03-21 05:35:33,806][root][INFO] - Epoch:  67 | Loss: 0.0016 | Val - MRR: 0.3163, MR:  195.75, H@1: 0.234, H@3: 0.343, H@10: 0.481 | Test - MRR: 0.3132 | *
[2026-03-21 05:38:06,299][root][INFO] - Epoch:  68 | Loss: 0.0016 | Val - MRR: 0.3181, MR:  196.45, H@1: 0.235, H@3: 0.346, H@10: 0.483 | Test - MRR: 0.3136 | *
[2026-03-21 05:40:41,109][root][INFO] - Epoch:  69 | Loss: 0.0016 | Val - MRR: 0.3197, MR:  192.87, H@1: 0.236, H@3: 0.348, H@10: 0.486 | Test - MRR: 0.3168 | *
[2026-03-21 05:43:14,467][root][INFO] - Epoch:  70 | Loss: 0.0016 | Val - MRR: 0.3228, MR:  186.91, H@1: 0.239, H@3: 0.351, H@10: 0.488 | Test - MRR: 0.3186 | *
[2026-03-21 05:45:29,834][root][INFO] - Epoch:  71 | Loss: 0.0016 | Val - MRR: 0.3218, MR:  187.45, H@1: 0.237, H@3: 0.353, H@10: 0.489 | 
[2026-03-21 05:48:03,852][root][INFO] - Epoch:  72 | Loss: 0.0016 | Val - MRR: 0.3238, MR:  186.11, H@1: 0.241, H@3: 0.351, H@10: 0.490 | Test - MRR: 0.3207 | *
[2026-03-21 05:50:37,656][root][INFO] - Epoch:  73 | Loss: 0.0016 | Val - MRR: 0.3249, MR:  185.84, H@1: 0.241, H@3: 0.353, H@10: 0.493 | Test - MRR: 0.3216 | *
[2026-03-21 05:53:12,136][root][INFO] - Epoch:  74 | Loss: 0.0016 | Val - MRR: 0.3261, MR:  183.62, H@1: 0.240, H@3: 0.358, H@10: 0.496 | Test - MRR: 0.3233 | *
[2026-03-21 05:55:45,246][root][INFO] - Epoch:  75 | Loss: 0.0015 | Val - MRR: 0.3279, MR:  183.02, H@1: 0.243, H@3: 0.357, H@10: 0.499 | Test - MRR: 0.3245 | *
[2026-03-21 05:58:18,497][root][INFO] - Epoch:  76 | Loss: 0.0015 | Val - MRR: 0.3295, MR:  186.08, H@1: 0.245, H@3: 0.359, H@10: 0.497 | Test - MRR: 0.3256 | *
[2026-03-21 06:00:34,432][root][INFO] - Epoch:  77 | Loss: 0.0016 | Val - MRR: 0.3289, MR:  181.01, H@1: 0.244, H@3: 0.358, H@10: 0.498 | 
[2026-03-21 06:03:07,951][root][INFO] - Epoch:  78 | Loss: 0.0015 | Val - MRR: 0.3310, MR:  178.47, H@1: 0.246, H@3: 0.360, H@10: 0.502 | Test - MRR: 0.3270 | *
[2026-03-21 06:05:22,985][root][INFO] - Epoch:  79 | Loss: 0.0015 | Val - MRR: 0.3309, MR:  178.36, H@1: 0.245, H@3: 0.362, H@10: 0.501 | 
[2026-03-21 06:07:54,872][root][INFO] - Epoch:  80 | Loss: 0.0015 | Val - MRR: 0.3329, MR:  174.67, H@1: 0.247, H@3: 0.362, H@10: 0.504 | Test - MRR: 0.3291 | *
[2026-03-21 06:10:29,163][root][INFO] - Epoch:  81 | Loss: 0.0015 | Val - MRR: 0.3332, MR:  174.82, H@1: 0.247, H@3: 0.363, H@10: 0.505 | Test - MRR: 0.3306 | *
[2026-03-21 06:13:03,111][root][INFO] - Epoch:  82 | Loss: 0.0015 | Val - MRR: 0.3345, MR:  174.20, H@1: 0.248, H@3: 0.365, H@10: 0.506 | Test - MRR: 0.3319 | *
[2026-03-21 06:15:36,348][root][INFO] - Epoch:  83 | Loss: 0.0015 | Val - MRR: 0.3354, MR:  177.00, H@1: 0.249, H@3: 0.367, H@10: 0.508 | Test - MRR: 0.3313 | *
[2026-03-21 06:17:52,860][root][INFO] - Epoch:  84 | Loss: 0.0015 | Val - MRR: 0.3346, MR:  179.94, H@1: 0.247, H@3: 0.366, H@10: 0.509 | 
[2026-03-21 06:20:27,502][root][INFO] - Epoch:  85 | Loss: 0.0015 | Val - MRR: 0.3365, MR:  176.24, H@1: 0.249, H@3: 0.369, H@10: 0.510 | Test - MRR: 0.3342 | *
[2026-03-21 06:23:01,177][root][INFO] - Epoch:  86 | Loss: 0.0015 | Val - MRR: 0.3372, MR:  174.18, H@1: 0.250, H@3: 0.368, H@10: 0.509 | Test - MRR: 0.3337 | *
[2026-03-21 06:25:35,281][root][INFO] - Epoch:  87 | Loss: 0.0015 | Val - MRR: 0.3386, MR:  174.22, H@1: 0.253, H@3: 0.369, H@10: 0.511 | Test - MRR: 0.3344 | *
[2026-03-21 06:28:09,101][root][INFO] - Epoch:  88 | Loss: 0.0015 | Val - MRR: 0.3386, MR:  172.01, H@1: 0.252, H@3: 0.369, H@10: 0.513 | Test - MRR: 0.3352 | *
[2026-03-21 06:30:42,395][root][INFO] - Epoch:  89 | Loss: 0.0015 | Val - MRR: 0.3407, MR:  172.28, H@1: 0.253, H@3: 0.371, H@10: 0.514 | Test - MRR: 0.3370 | *
[2026-03-21 06:32:58,979][root][INFO] - Epoch:  90 | Loss: 0.0015 | Val - MRR: 0.3405, MR:  170.21, H@1: 0.253, H@3: 0.372, H@10: 0.516 | 
[2026-03-21 06:35:34,241][root][INFO] - Epoch:  91 | Loss: 0.0015 | Val - MRR: 0.3417, MR:  170.81, H@1: 0.254, H@3: 0.372, H@10: 0.516 | Test - MRR: 0.3370 | *
[2026-03-21 06:37:50,641][root][INFO] - Epoch:  92 | Loss: 0.0015 | Val - MRR: 0.3413, MR:  171.51, H@1: 0.253, H@3: 0.373, H@10: 0.519 | 
[2026-03-21 06:40:24,339][root][INFO] - Epoch:  93 | Loss: 0.0015 | Val - MRR: 0.3420, MR:  166.54, H@1: 0.254, H@3: 0.374, H@10: 0.516 | Test - MRR: 0.3385 | *
[2026-03-21 06:42:58,371][root][INFO] - Epoch:  94 | Loss: 0.0015 | Val - MRR: 0.3428, MR:  173.05, H@1: 0.254, H@3: 0.376, H@10: 0.520 | Test - MRR: 0.3389 | *
[2026-03-21 06:45:31,400][root][INFO] - Epoch:  95 | Loss: 0.0015 | Val - MRR: 0.3436, MR:  169.74, H@1: 0.256, H@3: 0.376, H@10: 0.520 | Test - MRR: 0.3394 | *
[2026-03-21 06:48:05,731][root][INFO] - Epoch:  96 | Loss: 0.0015 | Val - MRR: 0.3443, MR:  176.13, H@1: 0.257, H@3: 0.374, H@10: 0.519 | Test - MRR: 0.3392 | *
[2026-03-21 06:50:40,031][root][INFO] - Epoch:  97 | Loss: 0.0014 | Val - MRR: 0.3450, MR:  174.25, H@1: 0.258, H@3: 0.374, H@10: 0.521 | Test - MRR: 0.3398 | *
[2026-03-21 06:52:56,314][root][INFO] - Epoch:  98 | Loss: 0.0015 | Val - MRR: 0.3443, MR:  171.73, H@1: 0.257, H@3: 0.374, H@10: 0.521 | 
[2026-03-21 06:55:29,588][root][INFO] - Epoch:  99 | Loss: 0.0014 | Val - MRR: 0.3456, MR:  168.80, H@1: 0.257, H@3: 0.377, H@10: 0.524 | Test - MRR: 0.3414 | *
[2026-03-21 06:57:46,396][root][INFO] - Epoch: 100 | Loss: 0.0014 | Val - MRR: 0.3444, MR:  172.35, H@1: 0.256, H@3: 0.376, H@10: 0.521 | 
[2026-03-21 07:00:02,877][root][INFO] - Epoch: 101 | Loss: 0.0014 | Val - MRR: 0.3454, MR:  170.87, H@1: 0.257, H@3: 0.376, H@10: 0.524 | 
[2026-03-21 07:02:36,427][root][INFO] - Epoch: 102 | Loss: 0.0014 | Val - MRR: 0.3457, MR:  174.43, H@1: 0.257, H@3: 0.377, H@10: 0.523 | Test - MRR: 0.3414 | *
[2026-03-21 07:05:10,713][root][INFO] - Epoch: 103 | Loss: 0.0014 | Val - MRR: 0.3469, MR:  171.28, H@1: 0.258, H@3: 0.378, H@10: 0.526 | Test - MRR: 0.3414 | *
[2026-03-21 07:07:45,146][root][INFO] - Epoch: 104 | Loss: 0.0014 | Val - MRR: 0.3475, MR:  173.12, H@1: 0.259, H@3: 0.381, H@10: 0.524 | Test - MRR: 0.3415 | *
[2026-03-21 07:10:19,683][root][INFO] - Epoch: 105 | Loss: 0.0014 | Val - MRR: 0.3476, MR:  169.12, H@1: 0.259, H@3: 0.380, H@10: 0.526 | Test - MRR: 0.3436 | *
[2026-03-21 07:12:53,598][root][INFO] - Epoch: 106 | Loss: 0.0014 | Val - MRR: 0.3490, MR:  169.01, H@1: 0.260, H@3: 0.382, H@10: 0.528 | Test - MRR: 0.3435 | *
[2026-03-21 07:15:27,650][root][INFO] - Epoch: 107 | Loss: 0.0014 | Val - MRR: 0.3494, MR:  168.69, H@1: 0.261, H@3: 0.381, H@10: 0.529 | Test - MRR: 0.3454 | *
[2026-03-21 07:17:44,448][root][INFO] - Epoch: 108 | Loss: 0.0014 | Val - MRR: 0.3478, MR:  171.58, H@1: 0.258, H@3: 0.381, H@10: 0.526 | 
[2026-03-21 07:20:00,584][root][INFO] - Epoch: 109 | Loss: 0.0014 | Val - MRR: 0.3483, MR:  172.87, H@1: 0.259, H@3: 0.381, H@10: 0.527 | 
[2026-03-21 07:22:40,084][root][INFO] - Epoch: 110 | Loss: 0.0014 | Val - MRR: 0.3503, MR:  171.34, H@1: 0.261, H@3: 0.383, H@10: 0.529 | Test - MRR: 0.3454 | *
[2026-03-21 07:25:14,979][root][INFO] - Epoch: 111 | Loss: 0.0014 | Val - MRR: 0.3506, MR:  174.24, H@1: 0.261, H@3: 0.383, H@10: 0.530 | Test - MRR: 0.3451 | *
[2026-03-21 07:27:48,640][root][INFO] - Epoch: 112 | Loss: 0.0014 | Val - MRR: 0.3510, MR:  171.15, H@1: 0.261, H@3: 0.383, H@10: 0.531 | Test - MRR: 0.3459 | *
[2026-03-21 07:30:06,360][root][INFO] - Epoch: 113 | Loss: 0.0014 | Val - MRR: 0.3505, MR:  169.05, H@1: 0.261, H@3: 0.382, H@10: 0.532 | 
[2026-03-21 07:32:24,460][root][INFO] - Epoch: 114 | Loss: 0.0014 | Val - MRR: 0.3497, MR:  176.52, H@1: 0.260, H@3: 0.383, H@10: 0.529 | 
[2026-03-21 07:34:43,345][root][INFO] - Epoch: 115 | Loss: 0.0014 | Val - MRR: 0.3499, MR:  173.18, H@1: 0.259, H@3: 0.383, H@10: 0.532 | 
[2026-03-21 07:37:01,576][root][INFO] - Epoch: 116 | Loss: 0.0014 | Val - MRR: 0.3504, MR:  168.75, H@1: 0.260, H@3: 0.384, H@10: 0.532 | 
[2026-03-21 07:39:36,106][root][INFO] - Epoch: 117 | Loss: 0.0014 | Val - MRR: 0.3515, MR:  171.66, H@1: 0.262, H@3: 0.385, H@10: 0.531 | Test - MRR: 0.3470 | *
[2026-03-21 07:42:11,583][root][INFO] - Epoch: 118 | Loss: 0.0014 | Val - MRR: 0.3518, MR:  170.78, H@1: 0.262, H@3: 0.385, H@10: 0.530 | Test - MRR: 0.3469 | *
[2026-03-21 07:44:30,736][root][INFO] - Epoch: 119 | Loss: 0.0014 | Val - MRR: 0.3512, MR:  172.14, H@1: 0.261, H@3: 0.384, H@10: 0.531 | 
[2026-03-21 07:46:46,690][root][INFO] - Epoch: 120 | Loss: 0.0014 | Val - MRR: 0.3512, MR:  171.31, H@1: 0.261, H@3: 0.384, H@10: 0.532 | 
[2026-03-21 07:49:22,714][root][INFO] - Epoch: 121 | Loss: 0.0014 | Val - MRR: 0.3520, MR:  171.75, H@1: 0.262, H@3: 0.384, H@10: 0.530 | Test - MRR: 0.3481 | *
[2026-03-21 07:51:40,742][root][INFO] - Epoch: 122 | Loss: 0.0014 | Val - MRR: 0.3518, MR:  170.18, H@1: 0.262, H@3: 0.384, H@10: 0.533 | 
[2026-03-21 07:53:59,342][root][INFO] - Epoch: 123 | Loss: 0.0014 | Val - MRR: 0.3518, MR:  173.79, H@1: 0.262, H@3: 0.385, H@10: 0.534 | 
[2026-03-21 07:56:34,292][root][INFO] - Epoch: 124 | Loss: 0.0014 | Val - MRR: 0.3524, MR:  172.49, H@1: 0.263, H@3: 0.385, H@10: 0.532 | Test - MRR: 0.3479 | *
[2026-03-21 07:58:52,278][root][INFO] - Epoch: 125 | Loss: 0.0014 | Val - MRR: 0.3521, MR:  171.46, H@1: 0.262, H@3: 0.385, H@10: 0.532 | 
[2026-03-21 08:01:27,591][root][INFO] - Epoch: 126 | Loss: 0.0014 | Val - MRR: 0.3525, MR:  170.52, H@1: 0.262, H@3: 0.385, H@10: 0.535 | Test - MRR: 0.3485 | *
[2026-03-21 08:04:01,966][root][INFO] - Epoch: 127 | Loss: 0.0014 | Val - MRR: 0.3536, MR:  170.48, H@1: 0.264, H@3: 0.387, H@10: 0.534 | Test - MRR: 0.3486 | *
[2026-03-21 08:06:42,397][root][INFO] - Epoch: 128 | Loss: 0.0014 | Val - MRR: 0.3541, MR:  171.33, H@1: 0.264, H@3: 0.388, H@10: 0.533 | Test - MRR: 0.3491 | *
[2026-03-21 08:09:17,435][root][INFO] - Epoch: 129 | Loss: 0.0014 | Val - MRR: 0.3543, MR:  174.28, H@1: 0.264, H@3: 0.387, H@10: 0.535 | Test - MRR: 0.3494 | *
[2026-03-21 08:11:35,499][root][INFO] - Epoch: 130 | Loss: 0.0014 | Val - MRR: 0.3541, MR:  171.04, H@1: 0.263, H@3: 0.389, H@10: 0.536 | 
[2026-03-21 08:14:11,235][root][INFO] - Epoch: 131 | Loss: 0.0014 | Val - MRR: 0.3544, MR:  172.49, H@1: 0.263, H@3: 0.389, H@10: 0.536 | Test - MRR: 0.3495 | *
[2026-03-21 08:16:46,091][root][INFO] - Epoch: 132 | Loss: 0.0014 | Val - MRR: 0.3553, MR:  172.64, H@1: 0.264, H@3: 0.390, H@10: 0.537 | Test - MRR: 0.3505 | *
[2026-03-21 08:19:03,058][root][INFO] - Epoch: 133 | Loss: 0.0014 | Val - MRR: 0.3552, MR:  173.45, H@1: 0.264, H@3: 0.390, H@10: 0.537 | 
[2026-03-21 08:21:21,537][root][INFO] - Epoch: 134 | Loss: 0.0014 | Val - MRR: 0.3546, MR:  175.33, H@1: 0.263, H@3: 0.390, H@10: 0.535 | 
[2026-03-21 08:23:40,894][root][INFO] - Epoch: 135 | Loss: 0.0014 | Val - MRR: 0.3549, MR:  173.10, H@1: 0.263, H@3: 0.390, H@10: 0.537 | 
[2026-03-21 08:25:58,650][root][INFO] - Epoch: 136 | Loss: 0.0014 | Val - MRR: 0.3539, MR:  177.95, H@1: 0.263, H@3: 0.387, H@10: 0.537 | 
[2026-03-21 08:28:17,327][root][INFO] - Epoch: 137 | Loss: 0.0013 | Val - MRR: 0.3540, MR:  175.32, H@1: 0.263, H@3: 0.388, H@10: 0.536 | 
[2026-03-21 08:30:53,032][root][INFO] - Epoch: 138 | Loss: 0.0014 | Val - MRR: 0.3560, MR:  176.12, H@1: 0.265, H@3: 0.390, H@10: 0.538 | Test - MRR: 0.3500 | *
[2026-03-21 08:33:11,436][root][INFO] - Epoch: 139 | Loss: 0.0014 | Val - MRR: 0.3547, MR:  178.44, H@1: 0.263, H@3: 0.389, H@10: 0.536 | 
[2026-03-21 08:35:29,912][root][INFO] - Epoch: 140 | Loss: 0.0013 | Val - MRR: 0.3559, MR:  175.93, H@1: 0.265, H@3: 0.391, H@10: 0.537 | 
[2026-03-21 08:37:47,981][root][INFO] - Epoch: 141 | Loss: 0.0013 | Val - MRR: 0.3549, MR:  177.52, H@1: 0.264, H@3: 0.388, H@10: 0.538 | 
[2026-03-21 08:40:05,935][root][INFO] - Epoch: 142 | Loss: 0.0013 | Val - MRR: 0.3554, MR:  173.60, H@1: 0.263, H@3: 0.390, H@10: 0.539 | 
[2026-03-21 08:42:42,006][root][INFO] - Epoch: 143 | Loss: 0.0013 | Val - MRR: 0.3562, MR:  174.21, H@1: 0.265, H@3: 0.389, H@10: 0.537 | Test - MRR: 0.3505 | *
[2026-03-21 08:45:02,379][root][INFO] - Epoch: 144 | Loss: 0.0013 | Val - MRR: 0.3547, MR:  175.47, H@1: 0.263, H@3: 0.389, H@10: 0.540 | 
[2026-03-21 08:47:20,128][root][INFO] - Epoch: 145 | Loss: 0.0013 | Val - MRR: 0.3560, MR:  179.75, H@1: 0.264, H@3: 0.390, H@10: 0.538 | 
[2026-03-21 08:49:56,237][root][INFO] - Epoch: 146 | Loss: 0.0013 | Val - MRR: 0.3571, MR:  176.55, H@1: 0.266, H@3: 0.391, H@10: 0.540 | Test - MRR: 0.3520 | *
[2026-03-21 08:52:32,242][root][INFO] - Epoch: 147 | Loss: 0.0013 | Val - MRR: 0.3573, MR:  175.06, H@1: 0.265, H@3: 0.393, H@10: 0.541 | Test - MRR: 0.3523 | *
[2026-03-21 08:54:51,350][root][INFO] - Epoch: 148 | Loss: 0.0013 | Val - MRR: 0.3569, MR:  176.37, H@1: 0.266, H@3: 0.391, H@10: 0.539 | 
[2026-03-21 08:57:27,056][root][INFO] - Epoch: 149 | Loss: 0.0013 | Val - MRR: 0.3574, MR:  173.11, H@1: 0.266, H@3: 0.392, H@10: 0.539 | Test - MRR: 0.3516 | *
[2026-03-21 08:59:46,491][root][INFO] - Epoch: 150 | Loss: 0.0013 | Val - MRR: 0.3570, MR:  173.31, H@1: 0.266, H@3: 0.392, H@10: 0.541 | 
[2026-03-21 09:02:04,917][root][INFO] - Epoch: 151 | Loss: 0.0013 | Val - MRR: 0.3558, MR:  178.31, H@1: 0.265, H@3: 0.390, H@10: 0.538 | 
[2026-03-21 09:04:21,512][root][INFO] - Epoch: 152 | Loss: 0.0013 | Val - MRR: 0.3557, MR:  176.36, H@1: 0.264, H@3: 0.390, H@10: 0.539 | 
[2026-03-21 09:06:39,973][root][INFO] - Epoch: 153 | Loss: 0.0013 | Val - MRR: 0.3563, MR:  168.65, H@1: 0.265, H@3: 0.391, H@10: 0.538 | 
[2026-03-21 09:08:58,278][root][INFO] - Epoch: 154 | Loss: 0.0013 | Val - MRR: 0.3572, MR:  176.20, H@1: 0.266, H@3: 0.392, H@10: 0.539 | 
[2026-03-21 09:11:15,879][root][INFO] - Epoch: 155 | Loss: 0.0013 | Val - MRR: 0.3564, MR:  174.99, H@1: 0.265, H@3: 0.390, H@10: 0.538 | 
[2026-03-21 09:13:50,401][root][INFO] - Epoch: 156 | Loss: 0.0013 | Val - MRR: 0.3588, MR:  174.62, H@1: 0.268, H@3: 0.393, H@10: 0.541 | Test - MRR: 0.3529 | *
[2026-03-21 09:16:07,705][root][INFO] - Epoch: 157 | Loss: 0.0013 | Val - MRR: 0.3582, MR:  178.52, H@1: 0.267, H@3: 0.393, H@10: 0.540 | 
[2026-03-21 09:18:24,395][root][INFO] - Epoch: 158 | Loss: 0.0013 | Val - MRR: 0.3582, MR:  173.70, H@1: 0.267, H@3: 0.392, H@10: 0.540 | 
[2026-03-21 09:20:42,351][root][INFO] - Epoch: 159 | Loss: 0.0013 | Val - MRR: 0.3572, MR:  178.69, H@1: 0.266, H@3: 0.391, H@10: 0.540 | 
[2026-03-21 09:22:59,912][root][INFO] - Epoch: 160 | Loss: 0.0013 | Val - MRR: 0.3567, MR:  177.77, H@1: 0.266, H@3: 0.389, H@10: 0.539 | 
[2026-03-21 09:25:18,521][root][INFO] - Epoch: 161 | Loss: 0.0013 | Val - MRR: 0.3585, MR:  179.03, H@1: 0.267, H@3: 0.393, H@10: 0.539 | 
[2026-03-21 09:27:36,359][root][INFO] - Epoch: 162 | Loss: 0.0013 | Val - MRR: 0.3580, MR:  177.97, H@1: 0.267, H@3: 0.392, H@10: 0.538 | 
[2026-03-21 09:29:55,604][root][INFO] - Epoch: 163 | Loss: 0.0013 | Val - MRR: 0.3577, MR:  179.59, H@1: 0.267, H@3: 0.392, H@10: 0.539 | 
[2026-03-21 09:32:14,511][root][INFO] - Epoch: 164 | Loss: 0.0013 | Val - MRR: 0.3582, MR:  179.81, H@1: 0.267, H@3: 0.393, H@10: 0.542 | 
[2026-03-21 09:34:33,749][root][INFO] - Epoch: 165 | Loss: 0.0013 | Val - MRR: 0.3576, MR:  182.21, H@1: 0.266, H@3: 0.392, H@10: 0.540 | 
[2026-03-21 09:36:54,408][root][INFO] - Epoch: 166 | Loss: 0.0013 | Val - MRR: 0.3568, MR:  178.48, H@1: 0.265, H@3: 0.391, H@10: 0.540 | 
[2026-03-21 09:39:15,299][root][INFO] - Epoch: 167 | Loss: 0.0013 | Val - MRR: 0.3574, MR:  187.16, H@1: 0.266, H@3: 0.391, H@10: 0.540 | 
[2026-03-21 09:41:34,752][root][INFO] - Epoch: 168 | Loss: 0.0013 | Val - MRR: 0.3579, MR:  179.73, H@1: 0.266, H@3: 0.393, H@10: 0.541 | 
[2026-03-21 09:43:52,345][root][INFO] - Epoch: 169 | Loss: 0.0013 | Val - MRR: 0.3585, MR:  181.66, H@1: 0.267, H@3: 0.393, H@10: 0.542 | 
[2026-03-21 09:46:29,235][root][INFO] - Epoch: 170 | Loss: 0.0013 | Val - MRR: 0.3589, MR:  182.78, H@1: 0.266, H@3: 0.395, H@10: 0.543 | Test - MRR: 0.3533 | *
[2026-03-21 09:48:48,551][root][INFO] - Epoch: 171 | Loss: 0.0013 | Val - MRR: 0.3579, MR:  182.69, H@1: 0.266, H@3: 0.393, H@10: 0.542 | 
[2026-03-21 09:51:07,568][root][INFO] - Epoch: 172 | Loss: 0.0013 | Val - MRR: 0.3574, MR:  185.83, H@1: 0.266, H@3: 0.392, H@10: 0.540 | 
[2026-03-21 09:53:25,157][root][INFO] - Epoch: 173 | Loss: 0.0013 | Val - MRR: 0.3581, MR:  184.02, H@1: 0.267, H@3: 0.393, H@10: 0.540 | 
[2026-03-21 09:56:01,618][root][INFO] - Epoch: 174 | Loss: 0.0013 | Val - MRR: 0.3599, MR:  179.16, H@1: 0.269, H@3: 0.394, H@10: 0.543 | Test - MRR: 0.3545 | *
[2026-03-21 09:58:19,438][root][INFO] - Epoch: 175 | Loss: 0.0013 | Val - MRR: 0.3575, MR:  188.07, H@1: 0.266, H@3: 0.391, H@10: 0.541 | 
[2026-03-21 10:00:39,053][root][INFO] - Epoch: 176 | Loss: 0.0013 | Val - MRR: 0.3588, MR:  186.69, H@1: 0.268, H@3: 0.391, H@10: 0.540 | 
[2026-03-21 10:02:57,253][root][INFO] - Epoch: 177 | Loss: 0.0013 | Val - MRR: 0.3587, MR:  185.62, H@1: 0.268, H@3: 0.392, H@10: 0.541 | 
[2026-03-21 10:05:17,572][root][INFO] - Epoch: 178 | Loss: 0.0013 | Val - MRR: 0.3579, MR:  185.78, H@1: 0.267, H@3: 0.391, H@10: 0.540 | 
[2026-03-21 10:07:36,079][root][INFO] - Epoch: 179 | Loss: 0.0013 | Val - MRR: 0.3586, MR:  185.85, H@1: 0.267, H@3: 0.395, H@10: 0.541 | 
[2026-03-21 10:09:56,480][root][INFO] - Epoch: 180 | Loss: 0.0013 | Val - MRR: 0.3569, MR:  190.29, H@1: 0.267, H@3: 0.390, H@10: 0.537 | 
[2026-03-21 10:12:15,579][root][INFO] - Epoch: 181 | Loss: 0.0013 | Val - MRR: 0.3578, MR:  180.78, H@1: 0.267, H@3: 0.392, H@10: 0.538 | 
[2026-03-21 10:14:34,776][root][INFO] - Epoch: 182 | Loss: 0.0013 | Val - MRR: 0.3583, MR:  189.60, H@1: 0.268, H@3: 0.392, H@10: 0.541 | 
[2026-03-21 10:16:53,230][root][INFO] - Epoch: 183 | Loss: 0.0013 | Val - MRR: 0.3592, MR:  186.46, H@1: 0.268, H@3: 0.393, H@10: 0.542 | 
[2026-03-21 10:19:13,037][root][INFO] - Epoch: 184 | Loss: 0.0013 | Val - MRR: 0.3577, MR:  189.06, H@1: 0.266, H@3: 0.393, H@10: 0.543 | 
[2026-03-21 10:21:30,462][root][INFO] - Epoch: 185 | Loss: 0.0013 | Val - MRR: 0.3581, MR:  188.80, H@1: 0.266, H@3: 0.393, H@10: 0.541 | 
[2026-03-21 10:23:47,560][root][INFO] - Epoch: 186 | Loss: 0.0013 | Val - MRR: 0.3556, MR:  200.47, H@1: 0.264, H@3: 0.391, H@10: 0.539 | 
[2026-03-21 10:26:05,564][root][INFO] - Epoch: 187 | Loss: 0.0013 | Val - MRR: 0.3561, MR:  198.13, H@1: 0.265, H@3: 0.391, H@10: 0.538 | 
[2026-03-21 10:28:24,410][root][INFO] - Epoch: 188 | Loss: 0.0012 | Val - MRR: 0.3556, MR:  199.12, H@1: 0.264, H@3: 0.389, H@10: 0.541 | 
[2026-03-21 10:30:42,817][root][INFO] - Epoch: 189 | Loss: 0.0012 | Val - MRR: 0.3562, MR:  201.15, H@1: 0.264, H@3: 0.390, H@10: 0.541 | 
[2026-03-21 10:33:00,551][root][INFO] - Epoch: 190 | Loss: 0.0012 | Val - MRR: 0.3544, MR:  210.18, H@1: 0.263, H@3: 0.389, H@10: 0.539 | 
[2026-03-21 10:35:19,903][root][INFO] - Epoch: 191 | Loss: 0.0012 | Val - MRR: 0.3544, MR:  210.17, H@1: 0.263, H@3: 0.390, H@10: 0.539 | 
[2026-03-21 10:37:38,903][root][INFO] - Epoch: 192 | Loss: 0.0012 | Val - MRR: 0.3539, MR:  209.26, H@1: 0.262, H@3: 0.389, H@10: 0.539 | 
[2026-03-21 10:39:55,955][root][INFO] - Epoch: 193 | Loss: 0.0012 | Val - MRR: 0.3531, MR:  216.40, H@1: 0.261, H@3: 0.389, H@10: 0.539 | 
[2026-03-21 10:42:16,327][root][INFO] - Epoch: 194 | Loss: 0.0012 | Val - MRR: 0.3543, MR:  208.80, H@1: 0.263, H@3: 0.389, H@10: 0.537 | 
[2026-03-21 10:44:36,333][root][INFO] - Epoch: 195 | Loss: 0.0012 | Val - MRR: 0.3536, MR:  208.69, H@1: 0.262, H@3: 0.388, H@10: 0.537 | 
[2026-03-21 10:46:55,149][root][INFO] - Epoch: 196 | Loss: 0.0012 | Val - MRR: 0.3520, MR:  221.13, H@1: 0.261, H@3: 0.386, H@10: 0.537 | 
[2026-03-21 10:49:15,565][root][INFO] - Epoch: 197 | Loss: 0.0012 | Val - MRR: 0.3530, MR:  216.01, H@1: 0.261, H@3: 0.388, H@10: 0.538 | 
[2026-03-21 10:51:35,280][root][INFO] - Epoch: 198 | Loss: 0.0012 | Val - MRR: 0.3532, MR:  216.64, H@1: 0.262, H@3: 0.388, H@10: 0.538 | 
[2026-03-21 10:53:52,963][root][INFO] - Epoch: 199 | Loss: 0.0012 | Val - MRR: 0.3528, MR:  218.05, H@1: 0.261, H@3: 0.387, H@10: 0.537 | 
[2026-03-21 10:56:12,201][root][INFO] - Epoch: 200 | Loss: 0.0012 | Val - MRR: 0.3533, MR:  222.99, H@1: 0.262, H@3: 0.386, H@10: 0.539 | 
[2026-03-21 10:58:31,492][root][INFO] - Epoch: 201 | Loss: 0.0012 | Val - MRR: 0.3518, MR:  215.86, H@1: 0.260, H@3: 0.386, H@10: 0.536 | 
[2026-03-21 11:00:49,693][root][INFO] - Epoch: 202 | Loss: 0.0012 | Val - MRR: 0.3523, MR:  212.15, H@1: 0.261, H@3: 0.386, H@10: 0.537 | 
[2026-03-21 11:03:10,690][root][INFO] - Epoch: 203 | Loss: 0.0012 | Val - MRR: 0.3528, MR:  219.68, H@1: 0.263, H@3: 0.386, H@10: 0.535 | 
[2026-03-21 11:05:29,978][root][INFO] - Epoch: 204 | Loss: 0.0012 | Val - MRR: 0.3527, MR:  216.99, H@1: 0.261, H@3: 0.387, H@10: 0.538 | 
[2026-03-21 11:07:49,511][root][INFO] - Epoch: 205 | Loss: 0.0012 | Val - MRR: 0.3534, MR:  216.90, H@1: 0.261, H@3: 0.388, H@10: 0.540 | 
[2026-03-21 11:07:49,512][root][INFO] - Long time no improvenment, stop training...
[2026-03-21 11:07:49,512][root][INFO] - Training end...
[2026-03-21 11:07:49,814][root][INFO] - ✅ 成功加载最优模型：/home/wangwei/DSGNet-main/DSGNet/model_checkpoints/best_model_FB15k_237_20260321_095544.torch
[2026-03-21 11:07:49,814][root][INFO] - 📌 最优模型来自Epoch：174，最优MRR：0.3599
[2026-03-21 11:07:49,814][root][INFO] - Train metrics ...
[2026-03-21 11:08:56,504][root][INFO] - Train (head) - MRR: 0.7343, MR:    5.68, H@1: 0.632, H@3: 0.808, H@10: 0.914
[2026-03-21 11:08:56,505][root][INFO] - Train (tail) - MRR: 0.8045, MR:    3.10, H@1: 0.717, H@3: 0.872, H@10: 0.955
[2026-03-21 11:08:56,505][root][INFO] - Train (avg) - MRR: 0.7694, MR:    4.39, H@1: 0.675, H@3: 0.840, H@10: 0.934

[2026-03-21 11:08:56,505][root][INFO] - Valid metrics ...
[2026-03-21 11:09:11,241][root][INFO] - Valid (head) - MRR: 0.2581, MR:  240.41, H@1: 0.171, H@3: 0.283, H@10: 0.436
[2026-03-21 11:09:11,241][root][INFO] - Valid (tail) - MRR: 0.4618, MR:  117.91, H@1: 0.367, H@3: 0.506, H@10: 0.650
[2026-03-21 11:09:11,241][root][INFO] - Valid (avg) - MRR: 0.3599, MR:  179.16, H@1: 0.269, H@3: 0.394, H@10: 0.543

[2026-03-21 11:09:11,241][root][INFO] - Test metrics...
[2026-03-21 11:09:28,352][root][INFO] - Test (head) - MRR: 0.2568, MR:  236.62, H@1: 0.169, H@3: 0.283, H@10: 0.434
[2026-03-21 11:09:28,352][root][INFO] - Test (tail) - MRR: 0.4521, MR:  130.92, H@1: 0.355, H@3: 0.497, H@10: 0.644
[2026-03-21 11:09:28,352][root][INFO] - Test (avg) - MRR: 0.3545, MR:  183.77, H@1: 0.262, H@3: 0.390, H@10: 0.539

[2026-03-21 11:09:28,352][root][INFO] - Model save path: /home/wangwei/DSGNet-main/DSGNet/data/output/FB15k_237/2026-03-21/02-36-26
