[2026-03-30 00:05:01,170][root][INFO] - 
------Config------
 {'dataset': 'FB15k_237', 'epoch': 600, 'batch_size': 1024, 'learning_rate': 0.00035, 'h_dim': 480, 'pred_rel_w': False, 'label_smooth': 0.1, 'n_heads': 8, 'topk': 10, 'kg_layer': 2, 'rm_rate': 0.5, 'ent_drop': 0.3, 'rel_drop': 0.2, 'comp_op': 'mul', 'bn': False, 'k_h': 16, 'k_w': 30, 'conv_drop': 0.3, 'ent_drop_pred': 0.3, 'fc_drop': 0.5, 'ker_sz': 8, 'out_channel': 200, 'device': 1, 'max_no_improve': 35, 'cpu_worker_num': 10, 'warmup_epoch': 5}
[2026-03-30 00:05:01,170][root][INFO] - Code dir path: /home/wangwei/DSGNet-main/DSGNet/code_new
[2026-03-30 00:05:01,170][root][INFO] - Config dir path: /home/wangwei/DSGNet-main/DSGNet/config
[2026-03-30 00:05:01,171][root][INFO] - Model save path: /home/wangwei/DSGNet-main/DSGNet/data/output/FB15k_237/2026-03-30/00-05-01
[2026-03-30 00:05:05,040][root][INFO] - kg # node: 14541
[2026-03-30 00:05:05,040][root][INFO] - kg # edge: 544230
[2026-03-30 00:05:05,041][root][INFO] - kg # zero deg node: 36
[2026-03-30 00:05:05,041][root][INFO] - ---Load Train Data---
[2026-03-30 00:05:07,495][root][INFO] - -----Model Parameter Configuration-----
[2026-03-30 00:05:07,496][root][INFO] - Parameter ent_emb: torch.Size([14541, 480]), require_grad = True
[2026-03-30 00:05:07,496][root][INFO] - Parameter pred_rel_emb: torch.Size([474, 480]), require_grad = True
[2026-03-30 00:05:07,496][root][INFO] - Parameter W_fuse: torch.Size([480, 480]), require_grad = True
[2026-03-30 00:05:07,496][root][INFO] - Parameter a_fuse: torch.Size([960, 1]), require_grad = True
[2026-03-30 00:05:07,496][root][INFO] - Parameter rel_embs.0: torch.Size([474, 480]), require_grad = True
[2026-03-30 00:05:07,496][root][INFO] - Parameter rel_embs.1: torch.Size([474, 480]), require_grad = True
[2026-03-30 00:05:07,496][root][INFO] - Parameter predictor.bn0.weight: torch.Size([1]), require_grad = True
[2026-03-30 00:05:07,496][root][INFO] - Parameter predictor.bn0.bias: torch.Size([1]), require_grad = True
[2026-03-30 00:05:07,496][root][INFO] - Parameter predictor.bn1.weight: torch.Size([200]), require_grad = True
[2026-03-30 00:05:07,496][root][INFO] - Parameter predictor.bn1.bias: torch.Size([200]), require_grad = True
[2026-03-30 00:05:07,496][root][INFO] - Parameter predictor.bn2.weight: torch.Size([480]), require_grad = True
[2026-03-30 00:05:07,496][root][INFO] - Parameter predictor.bn2.bias: torch.Size([480]), require_grad = True
[2026-03-30 00:05:07,496][root][INFO] - Parameter predictor.conv.weight: torch.Size([200, 1, 8, 8]), require_grad = True
[2026-03-30 00:05:07,496][root][INFO] - Parameter predictor.fc.weight: torch.Size([480, 115000]), require_grad = True
[2026-03-30 00:05:07,496][root][INFO] - Parameter L.weight: torch.Size([480, 480]), require_grad = True
[2026-03-30 00:05:07,496][root][INFO] - Parameter L.bias: torch.Size([480]), require_grad = True
[2026-03-30 00:05:07,496][root][INFO] - Parameter S.weight: torch.Size([480, 480]), require_grad = True
[2026-03-30 00:05:07,496][root][INFO] - Parameter S.bias: torch.Size([480]), require_grad = True
[2026-03-30 00:05:07,496][root][INFO] - Parameter comp_layers.0.neigh_w: torch.Size([480, 480]), require_grad = True
[2026-03-30 00:05:07,496][root][INFO] - Parameter comp_layers.0.W.0: torch.Size([480, 60]), require_grad = True
[2026-03-30 00:05:07,496][root][INFO] - Parameter comp_layers.0.W.1: torch.Size([480, 60]), require_grad = True
[2026-03-30 00:05:07,496][root][INFO] - Parameter comp_layers.0.W.2: torch.Size([480, 60]), require_grad = True
[2026-03-30 00:05:07,496][root][INFO] - Parameter comp_layers.0.W.3: torch.Size([480, 60]), require_grad = True
[2026-03-30 00:05:07,496][root][INFO] - Parameter comp_layers.0.W.4: torch.Size([480, 60]), require_grad = True
[2026-03-30 00:05:07,497][root][INFO] - Parameter comp_layers.0.W.5: torch.Size([480, 60]), require_grad = True
[2026-03-30 00:05:07,497][root][INFO] - Parameter comp_layers.0.W.6: torch.Size([480, 60]), require_grad = True
[2026-03-30 00:05:07,497][root][INFO] - Parameter comp_layers.0.W.7: torch.Size([480, 60]), require_grad = True
[2026-03-30 00:05:07,497][root][INFO] - Parameter comp_layers.0.W_r.0: torch.Size([480, 60]), require_grad = True
[2026-03-30 00:05:07,497][root][INFO] - Parameter comp_layers.0.W_r.1: torch.Size([480, 60]), require_grad = True
[2026-03-30 00:05:07,497][root][INFO] - Parameter comp_layers.0.W_r.2: torch.Size([480, 60]), require_grad = True
[2026-03-30 00:05:07,497][root][INFO] - Parameter comp_layers.0.W_r.3: torch.Size([480, 60]), require_grad = True
[2026-03-30 00:05:07,497][root][INFO] - Parameter comp_layers.0.W_r.4: torch.Size([480, 60]), require_grad = True
[2026-03-30 00:05:07,497][root][INFO] - Parameter comp_layers.0.W_r.5: torch.Size([480, 60]), require_grad = True
[2026-03-30 00:05:07,497][root][INFO] - Parameter comp_layers.0.W_r.6: torch.Size([480, 60]), require_grad = True
[2026-03-30 00:05:07,497][root][INFO] - Parameter comp_layers.0.W_r.7: torch.Size([480, 60]), require_grad = True
[2026-03-30 00:05:07,497][root][INFO] - Parameter comp_layers.0.a.0: torch.Size([180, 1]), require_grad = True
[2026-03-30 00:05:07,497][root][INFO] - Parameter comp_layers.0.a.1: torch.Size([180, 1]), require_grad = True
[2026-03-30 00:05:07,497][root][INFO] - Parameter comp_layers.0.a.2: torch.Size([180, 1]), require_grad = True
[2026-03-30 00:05:07,497][root][INFO] - Parameter comp_layers.0.a.3: torch.Size([180, 1]), require_grad = True
[2026-03-30 00:05:07,497][root][INFO] - Parameter comp_layers.0.a.4: torch.Size([180, 1]), require_grad = True
[2026-03-30 00:05:07,497][root][INFO] - Parameter comp_layers.0.a.5: torch.Size([180, 1]), require_grad = True
[2026-03-30 00:05:07,497][root][INFO] - Parameter comp_layers.0.a.6: torch.Size([180, 1]), require_grad = True
[2026-03-30 00:05:07,497][root][INFO] - Parameter comp_layers.0.a.7: torch.Size([180, 1]), require_grad = True
[2026-03-30 00:05:07,497][root][INFO] - Parameter comp_layers.1.neigh_w: torch.Size([480, 480]), require_grad = True
[2026-03-30 00:05:07,497][root][INFO] - Parameter comp_layers.1.W.0: torch.Size([480, 60]), require_grad = True
[2026-03-30 00:05:07,497][root][INFO] - Parameter comp_layers.1.W.1: torch.Size([480, 60]), require_grad = True
[2026-03-30 00:05:07,497][root][INFO] - Parameter comp_layers.1.W.2: torch.Size([480, 60]), require_grad = True
[2026-03-30 00:05:07,497][root][INFO] - Parameter comp_layers.1.W.3: torch.Size([480, 60]), require_grad = True
[2026-03-30 00:05:07,497][root][INFO] - Parameter comp_layers.1.W.4: torch.Size([480, 60]), require_grad = True
[2026-03-30 00:05:07,497][root][INFO] - Parameter comp_layers.1.W.5: torch.Size([480, 60]), require_grad = True
[2026-03-30 00:05:07,497][root][INFO] - Parameter comp_layers.1.W.6: torch.Size([480, 60]), require_grad = True
[2026-03-30 00:05:07,498][root][INFO] - Parameter comp_layers.1.W.7: torch.Size([480, 60]), require_grad = True
[2026-03-30 00:05:07,498][root][INFO] - Parameter comp_layers.1.W_r.0: torch.Size([480, 60]), require_grad = True
[2026-03-30 00:05:07,498][root][INFO] - Parameter comp_layers.1.W_r.1: torch.Size([480, 60]), require_grad = True
[2026-03-30 00:05:07,498][root][INFO] - Parameter comp_layers.1.W_r.2: torch.Size([480, 60]), require_grad = True
[2026-03-30 00:05:07,498][root][INFO] - Parameter comp_layers.1.W_r.3: torch.Size([480, 60]), require_grad = True
[2026-03-30 00:05:07,498][root][INFO] - Parameter comp_layers.1.W_r.4: torch.Size([480, 60]), require_grad = True
[2026-03-30 00:05:07,498][root][INFO] - Parameter comp_layers.1.W_r.5: torch.Size([480, 60]), require_grad = True
[2026-03-30 00:05:07,498][root][INFO] - Parameter comp_layers.1.W_r.6: torch.Size([480, 60]), require_grad = True
[2026-03-30 00:05:07,498][root][INFO] - Parameter comp_layers.1.W_r.7: torch.Size([480, 60]), require_grad = True
[2026-03-30 00:05:07,498][root][INFO] - Parameter comp_layers.1.a.0: torch.Size([180, 1]), require_grad = True
[2026-03-30 00:05:07,498][root][INFO] - Parameter comp_layers.1.a.1: torch.Size([180, 1]), require_grad = True
[2026-03-30 00:05:07,498][root][INFO] - Parameter comp_layers.1.a.2: torch.Size([180, 1]), require_grad = True
[2026-03-30 00:05:07,498][root][INFO] - Parameter comp_layers.1.a.3: torch.Size([180, 1]), require_grad = True
[2026-03-30 00:05:07,498][root][INFO] - Parameter comp_layers.1.a.4: torch.Size([180, 1]), require_grad = True
[2026-03-30 00:05:07,498][root][INFO] - Parameter comp_layers.1.a.5: torch.Size([180, 1]), require_grad = True
[2026-03-30 00:05:07,498][root][INFO] - Parameter comp_layers.1.a.6: torch.Size([180, 1]), require_grad = True
[2026-03-30 00:05:07,498][root][INFO] - Parameter comp_layers.1.a.7: torch.Size([180, 1]), require_grad = True
[2026-03-30 00:05:08,412][root][INFO] - Training... total epoch: 600, step: 88200
[2026-03-30 00:07:42,801][root][INFO] - Epoch:   0 | Loss: 0.4542 | Val - MRR: 0.0022, MR: 6576.98, H@1: 0.000, H@3: 0.000, H@10: 0.005 | Test - MRR: 0.0022 | *
[2026-03-30 00:10:20,422][root][INFO] - Epoch:   1 | Loss: 0.0061 | Val - MRR: 0.0067, MR: 5827.00, H@1: 0.002, H@3: 0.007, H@10: 0.010 | Test - MRR: 0.0067 | *
[2026-03-30 00:12:56,157][root][INFO] - Epoch:   2 | Loss: 0.0036 | Val - MRR: 0.0275, MR: 4470.18, H@1: 0.020, H@3: 0.025, H@10: 0.040 | Test - MRR: 0.0273 | *
[2026-03-30 00:15:30,454][root][INFO] - Epoch:   3 | Loss: 0.0033 | Val - MRR: 0.0741, MR: 3103.13, H@1: 0.062, H@3: 0.074, H@10: 0.087 | Test - MRR: 0.0720 | *
[2026-03-30 00:18:06,248][root][INFO] - Epoch:   4 | Loss: 0.0030 | Val - MRR: 0.1072, MR: 2237.43, H@1: 0.085, H@3: 0.111, H@10: 0.142 | Test - MRR: 0.1052 | *
[2026-03-30 00:20:39,661][root][INFO] - Epoch:   5 | Loss: 0.0030 | Val - MRR: 0.1261, MR: 1816.09, H@1: 0.098, H@3: 0.131, H@10: 0.176 | Test - MRR: 0.1246 | *
[2026-03-30 00:23:14,103][root][INFO] - Epoch:   6 | Loss: 0.0029 | Val - MRR: 0.1533, MR: 1461.87, H@1: 0.115, H@3: 0.164, H@10: 0.222 | Test - MRR: 0.1506 | *
[2026-03-30 00:25:46,284][root][INFO] - Epoch:   7 | Loss: 0.0028 | Val - MRR: 0.1665, MR: 1227.35, H@1: 0.123, H@3: 0.179, H@10: 0.245 | Test - MRR: 0.1637 | *
[2026-03-30 00:28:19,087][root][INFO] - Epoch:   8 | Loss: 0.0028 | Val - MRR: 0.1719, MR: 1054.78, H@1: 0.126, H@3: 0.182, H@10: 0.263 | Test - MRR: 0.1694 | *
[2026-03-30 00:30:52,545][root][INFO] - Epoch:   9 | Loss: 0.0027 | Val - MRR: 0.1817, MR:  950.49, H@1: 0.133, H@3: 0.194, H@10: 0.275 | Test - MRR: 0.1794 | *
[2026-03-30 00:33:24,894][root][INFO] - Epoch:  10 | Loss: 0.0026 | Val - MRR: 0.1848, MR:  846.24, H@1: 0.135, H@3: 0.199, H@10: 0.283 | Test - MRR: 0.1828 | *
[2026-03-30 00:35:59,167][root][INFO] - Epoch:  11 | Loss: 0.0026 | Val - MRR: 0.1918, MR:  783.59, H@1: 0.140, H@3: 0.206, H@10: 0.292 | Test - MRR: 0.1895 | *
[2026-03-30 00:38:31,749][root][INFO] - Epoch:  12 | Loss: 0.0025 | Val - MRR: 0.1948, MR:  720.54, H@1: 0.141, H@3: 0.208, H@10: 0.299 | Test - MRR: 0.1925 | *
[2026-03-30 00:41:05,438][root][INFO] - Epoch:  13 | Loss: 0.0025 | Val - MRR: 0.2028, MR:  664.06, H@1: 0.147, H@3: 0.218, H@10: 0.311 | Test - MRR: 0.2010 | *
[2026-03-30 00:43:36,118][root][INFO] - Epoch:  14 | Loss: 0.0024 | Val - MRR: 0.2049, MR:  622.53, H@1: 0.149, H@3: 0.220, H@10: 0.315 | Test - MRR: 0.2032 | *
[2026-03-30 00:46:09,690][root][INFO] - Epoch:  15 | Loss: 0.0024 | Val - MRR: 0.2055, MR:  588.44, H@1: 0.149, H@3: 0.223, H@10: 0.317 | Test - MRR: 0.2045 | *
[2026-03-30 00:48:43,248][root][INFO] - Epoch:  16 | Loss: 0.0024 | Val - MRR: 0.2095, MR:  566.63, H@1: 0.152, H@3: 0.226, H@10: 0.321 | Test - MRR: 0.2086 | *
[2026-03-30 00:51:16,898][root][INFO] - Epoch:  17 | Loss: 0.0023 | Val - MRR: 0.2134, MR:  542.43, H@1: 0.154, H@3: 0.232, H@10: 0.326 | Test - MRR: 0.2132 | *
[2026-03-30 00:53:49,016][root][INFO] - Epoch:  18 | Loss: 0.0024 | Val - MRR: 0.2164, MR:  526.06, H@1: 0.158, H@3: 0.233, H@10: 0.330 | Test - MRR: 0.2146 | *
[2026-03-30 00:56:20,141][root][INFO] - Epoch:  19 | Loss: 0.0023 | Val - MRR: 0.2169, MR:  505.65, H@1: 0.157, H@3: 0.234, H@10: 0.333 | Test - MRR: 0.2160 | *
[2026-03-30 00:58:36,037][root][INFO] - Epoch:  20 | Loss: 0.0024 | Val - MRR: 0.2158, MR:  504.93, H@1: 0.156, H@3: 0.234, H@10: 0.333 | 
[2026-03-30 01:01:07,392][root][INFO] - Epoch:  21 | Loss: 0.0022 | Val - MRR: 0.2187, MR:  489.31, H@1: 0.158, H@3: 0.237, H@10: 0.336 | Test - MRR: 0.2183 | *
[2026-03-30 01:03:38,497][root][INFO] - Epoch:  22 | Loss: 0.0023 | Val - MRR: 0.2211, MR:  476.16, H@1: 0.160, H@3: 0.239, H@10: 0.340 | Test - MRR: 0.2203 | *
[2026-03-30 01:06:08,092][root][INFO] - Epoch:  23 | Loss: 0.0022 | Val - MRR: 0.2220, MR:  459.53, H@1: 0.160, H@3: 0.239, H@10: 0.342 | Test - MRR: 0.2210 | *
[2026-03-30 01:08:37,637][root][INFO] - Epoch:  24 | Loss: 0.0023 | Val - MRR: 0.2249, MR:  451.46, H@1: 0.162, H@3: 0.243, H@10: 0.345 | Test - MRR: 0.2240 | *
[2026-03-30 01:11:08,879][root][INFO] - Epoch:  25 | Loss: 0.0022 | Val - MRR: 0.2274, MR:  442.14, H@1: 0.165, H@3: 0.246, H@10: 0.346 | Test - MRR: 0.2259 | *
[2026-03-30 01:13:39,107][root][INFO] - Epoch:  26 | Loss: 0.0022 | Val - MRR: 0.2290, MR:  427.95, H@1: 0.166, H@3: 0.247, H@10: 0.350 | Test - MRR: 0.2280 | *
[2026-03-30 01:16:09,414][root][INFO] - Epoch:  27 | Loss: 0.0022 | Val - MRR: 0.2308, MR:  420.64, H@1: 0.167, H@3: 0.251, H@10: 0.352 | Test - MRR: 0.2303 | *
[2026-03-30 01:18:39,980][root][INFO] - Epoch:  28 | Loss: 0.0022 | Val - MRR: 0.2327, MR:  413.34, H@1: 0.168, H@3: 0.253, H@10: 0.356 | Test - MRR: 0.2313 | *
[2026-03-30 01:20:53,048][root][INFO] - Epoch:  29 | Loss: 0.0022 | Val - MRR: 0.2325, MR:  411.70, H@1: 0.168, H@3: 0.251, H@10: 0.355 | 
[2026-03-30 01:23:22,159][root][INFO] - Epoch:  30 | Loss: 0.0021 | Val - MRR: 0.2356, MR:  401.93, H@1: 0.171, H@3: 0.256, H@10: 0.357 | Test - MRR: 0.2339 | *
[2026-03-30 01:25:50,663][root][INFO] - Epoch:  31 | Loss: 0.0021 | Val - MRR: 0.2370, MR:  391.95, H@1: 0.171, H@3: 0.258, H@10: 0.363 | Test - MRR: 0.2352 | *
[2026-03-30 01:28:18,819][root][INFO] - Epoch:  32 | Loss: 0.0021 | Val - MRR: 0.2393, MR:  390.53, H@1: 0.173, H@3: 0.260, H@10: 0.365 | Test - MRR: 0.2378 | *
[2026-03-30 01:30:48,195][root][INFO] - Epoch:  33 | Loss: 0.0022 | Val - MRR: 0.2396, MR:  380.85, H@1: 0.173, H@3: 0.260, H@10: 0.367 | Test - MRR: 0.2382 | *
[2026-03-30 01:33:18,135][root][INFO] - Epoch:  34 | Loss: 0.0021 | Val - MRR: 0.2419, MR:  378.38, H@1: 0.176, H@3: 0.262, H@10: 0.370 | Test - MRR: 0.2406 | *
[2026-03-30 01:35:46,004][root][INFO] - Epoch:  35 | Loss: 0.0020 | Val - MRR: 0.2440, MR:  374.51, H@1: 0.177, H@3: 0.266, H@10: 0.373 | Test - MRR: 0.2413 | *
[2026-03-30 01:38:14,584][root][INFO] - Epoch:  36 | Loss: 0.0021 | Val - MRR: 0.2447, MR:  362.72, H@1: 0.177, H@3: 0.265, H@10: 0.375 | Test - MRR: 0.2440 | *
[2026-03-30 01:40:43,385][root][INFO] - Epoch:  37 | Loss: 0.0021 | Val - MRR: 0.2472, MR:  351.47, H@1: 0.179, H@3: 0.269, H@10: 0.379 | Test - MRR: 0.2464 | *
[2026-03-30 01:43:10,194][root][INFO] - Epoch:  38 | Loss: 0.0021 | Val - MRR: 0.2481, MR:  344.58, H@1: 0.179, H@3: 0.271, H@10: 0.382 | Test - MRR: 0.2463 | *
[2026-03-30 01:45:36,519][root][INFO] - Epoch:  39 | Loss: 0.0021 | Val - MRR: 0.2501, MR:  336.94, H@1: 0.182, H@3: 0.272, H@10: 0.382 | Test - MRR: 0.2482 | *
[2026-03-30 01:48:03,176][root][INFO] - Epoch:  40 | Loss: 0.0020 | Val - MRR: 0.2511, MR:  325.29, H@1: 0.181, H@3: 0.275, H@10: 0.385 | Test - MRR: 0.2499 | *
[2026-03-30 01:50:27,710][root][INFO] - Epoch:  41 | Loss: 0.0020 | Val - MRR: 0.2534, MR:  322.11, H@1: 0.184, H@3: 0.276, H@10: 0.385 | Test - MRR: 0.2519 | *
[2026-03-30 01:52:54,527][root][INFO] - Epoch:  42 | Loss: 0.0020 | Val - MRR: 0.2552, MR:  315.75, H@1: 0.185, H@3: 0.278, H@10: 0.389 | Test - MRR: 0.2530 | *
[2026-03-30 01:55:20,766][root][INFO] - Epoch:  43 | Loss: 0.0020 | Val - MRR: 0.2563, MR:  317.66, H@1: 0.187, H@3: 0.280, H@10: 0.390 | Test - MRR: 0.2545 | *
[2026-03-30 01:57:46,028][root][INFO] - Epoch:  44 | Loss: 0.0019 | Val - MRR: 0.2566, MR:  316.75, H@1: 0.186, H@3: 0.279, H@10: 0.392 | Test - MRR: 0.2549 | *
[2026-03-30 02:00:13,529][root][INFO] - Epoch:  45 | Loss: 0.0020 | Val - MRR: 0.2592, MR:  317.01, H@1: 0.189, H@3: 0.282, H@10: 0.395 | Test - MRR: 0.2564 | *
[2026-03-30 02:02:39,839][root][INFO] - Epoch:  46 | Loss: 0.0019 | Val - MRR: 0.2615, MR:  308.33, H@1: 0.190, H@3: 0.285, H@10: 0.398 | Test - MRR: 0.2593 | *
[2026-03-30 02:05:07,150][root][INFO] - Epoch:  47 | Loss: 0.0020 | Val - MRR: 0.2631, MR:  307.10, H@1: 0.191, H@3: 0.287, H@10: 0.402 | Test - MRR: 0.2611 | *
[2026-03-30 02:07:33,603][root][INFO] - Epoch:  48 | Loss: 0.0019 | Val - MRR: 0.2643, MR:  301.34, H@1: 0.192, H@3: 0.287, H@10: 0.405 | Test - MRR: 0.2616 | *
[2026-03-30 02:09:58,943][root][INFO] - Epoch:  49 | Loss: 0.0019 | Val - MRR: 0.2652, MR:  299.36, H@1: 0.192, H@3: 0.289, H@10: 0.406 | Test - MRR: 0.2637 | *
[2026-03-30 02:12:24,850][root][INFO] - Epoch:  50 | Loss: 0.0019 | Val - MRR: 0.2680, MR:  296.69, H@1: 0.195, H@3: 0.292, H@10: 0.408 | Test - MRR: 0.2664 | *
[2026-03-30 02:14:49,662][root][INFO] - Epoch:  51 | Loss: 0.0019 | Val - MRR: 0.2686, MR:  283.96, H@1: 0.196, H@3: 0.292, H@10: 0.408 | Test - MRR: 0.2653 | *
[2026-03-30 02:17:14,413][root][INFO] - Epoch:  52 | Loss: 0.0019 | Val - MRR: 0.2731, MR:  278.19, H@1: 0.199, H@3: 0.297, H@10: 0.416 | Test - MRR: 0.2712 | *
[2026-03-30 02:19:24,443][root][INFO] - Epoch:  53 | Loss: 0.0018 | Val - MRR: 0.2723, MR:  280.78, H@1: 0.199, H@3: 0.295, H@10: 0.415 | 
[2026-03-30 02:21:48,643][root][INFO] - Epoch:  54 | Loss: 0.0018 | Val - MRR: 0.2737, MR:  276.41, H@1: 0.199, H@3: 0.298, H@10: 0.417 | Test - MRR: 0.2702 | *
[2026-03-30 02:24:13,043][root][INFO] - Epoch:  55 | Loss: 0.0018 | Val - MRR: 0.2755, MR:  274.13, H@1: 0.201, H@3: 0.299, H@10: 0.420 | Test - MRR: 0.2726 | *
[2026-03-30 02:26:37,434][root][INFO] - Epoch:  56 | Loss: 0.0019 | Val - MRR: 0.2764, MR:  275.15, H@1: 0.202, H@3: 0.299, H@10: 0.421 | Test - MRR: 0.2739 | *
[2026-03-30 02:29:00,618][root][INFO] - Epoch:  57 | Loss: 0.0018 | Val - MRR: 0.2790, MR:  260.10, H@1: 0.205, H@3: 0.302, H@10: 0.425 | Test - MRR: 0.2754 | *
[2026-03-30 02:31:27,165][root][INFO] - Epoch:  58 | Loss: 0.0019 | Val - MRR: 0.2811, MR:  258.06, H@1: 0.206, H@3: 0.305, H@10: 0.425 | Test - MRR: 0.2767 | *
[2026-03-30 02:33:50,541][root][INFO] - Epoch:  59 | Loss: 0.0018 | Val - MRR: 0.2818, MR:  254.92, H@1: 0.207, H@3: 0.305, H@10: 0.428 | Test - MRR: 0.2788 | *
[2026-03-30 02:36:15,873][root][INFO] - Epoch:  60 | Loss: 0.0018 | Val - MRR: 0.2820, MR:  252.32, H@1: 0.207, H@3: 0.306, H@10: 0.429 | Test - MRR: 0.2789 | *
[2026-03-30 02:38:39,768][root][INFO] - Epoch:  61 | Loss: 0.0018 | Val - MRR: 0.2823, MR:  246.22, H@1: 0.206, H@3: 0.306, H@10: 0.431 | Test - MRR: 0.2797 | *
[2026-03-30 02:41:02,990][root][INFO] - Epoch:  62 | Loss: 0.0018 | Val - MRR: 0.2843, MR:  239.47, H@1: 0.209, H@3: 0.307, H@10: 0.433 | Test - MRR: 0.2805 | *
[2026-03-30 02:43:26,507][root][INFO] - Epoch:  63 | Loss: 0.0018 | Val - MRR: 0.2875, MR:  236.86, H@1: 0.212, H@3: 0.310, H@10: 0.436 | Test - MRR: 0.2841 | *
[2026-03-30 02:45:48,325][root][INFO] - Epoch:  64 | Loss: 0.0018 | Val - MRR: 0.2880, MR:  237.90, H@1: 0.211, H@3: 0.311, H@10: 0.439 | Test - MRR: 0.2841 | *
[2026-03-30 02:48:11,037][root][INFO] - Epoch:  65 | Loss: 0.0018 | Val - MRR: 0.2900, MR:  233.91, H@1: 0.213, H@3: 0.313, H@10: 0.441 | Test - MRR: 0.2878 | *
[2026-03-30 02:50:34,656][root][INFO] - Epoch:  66 | Loss: 0.0017 | Val - MRR: 0.2912, MR:  231.57, H@1: 0.214, H@3: 0.316, H@10: 0.444 | Test - MRR: 0.2885 | *
[2026-03-30 02:52:56,949][root][INFO] - Epoch:  67 | Loss: 0.0018 | Val - MRR: 0.2921, MR:  230.61, H@1: 0.214, H@3: 0.317, H@10: 0.445 | Test - MRR: 0.2887 | *
[2026-03-30 02:55:20,455][root][INFO] - Epoch:  68 | Loss: 0.0018 | Val - MRR: 0.2936, MR:  223.55, H@1: 0.216, H@3: 0.318, H@10: 0.448 | Test - MRR: 0.2916 | *
[2026-03-30 02:57:41,181][root][INFO] - Epoch:  69 | Loss: 0.0017 | Val - MRR: 0.2955, MR:  219.14, H@1: 0.218, H@3: 0.320, H@10: 0.449 | Test - MRR: 0.2924 | *
[2026-03-30 03:00:05,430][root][INFO] - Epoch:  70 | Loss: 0.0017 | Val - MRR: 0.2957, MR:  221.28, H@1: 0.217, H@3: 0.321, H@10: 0.450 | Test - MRR: 0.2927 | *
[2026-03-30 03:02:28,120][root][INFO] - Epoch:  71 | Loss: 0.0017 | Val - MRR: 0.2970, MR:  224.25, H@1: 0.220, H@3: 0.321, H@10: 0.452 | Test - MRR: 0.2944 | *
[2026-03-30 03:04:51,225][root][INFO] - Epoch:  72 | Loss: 0.0018 | Val - MRR: 0.2983, MR:  221.32, H@1: 0.220, H@3: 0.323, H@10: 0.453 | Test - MRR: 0.2959 | *
[2026-03-30 03:06:55,984][root][INFO] - Epoch:  73 | Loss: 0.0018 | Val - MRR: 0.2980, MR:  216.05, H@1: 0.220, H@3: 0.323, H@10: 0.454 | 
[2026-03-30 03:09:19,747][root][INFO] - Epoch:  74 | Loss: 0.0017 | Val - MRR: 0.3008, MR:  215.18, H@1: 0.221, H@3: 0.327, H@10: 0.459 | Test - MRR: 0.2977 | *
[2026-03-30 03:11:42,296][root][INFO] - Epoch:  75 | Loss: 0.0017 | Val - MRR: 0.3011, MR:  212.43, H@1: 0.222, H@3: 0.327, H@10: 0.458 | Test - MRR: 0.2982 | *
[2026-03-30 03:14:04,891][root][INFO] - Epoch:  76 | Loss: 0.0017 | Val - MRR: 0.3023, MR:  213.67, H@1: 0.222, H@3: 0.329, H@10: 0.461 | Test - MRR: 0.2997 | *
[2026-03-30 03:16:28,158][root][INFO] - Epoch:  77 | Loss: 0.0017 | Val - MRR: 0.3028, MR:  210.31, H@1: 0.224, H@3: 0.328, H@10: 0.460 | Test - MRR: 0.2998 | *
[2026-03-30 03:18:50,484][root][INFO] - Epoch:  78 | Loss: 0.0017 | Val - MRR: 0.3048, MR:  208.61, H@1: 0.225, H@3: 0.330, H@10: 0.463 | Test - MRR: 0.3022 | *
[2026-03-30 03:21:13,525][root][INFO] - Epoch:  79 | Loss: 0.0017 | Val - MRR: 0.3058, MR:  203.95, H@1: 0.225, H@3: 0.333, H@10: 0.465 | Test - MRR: 0.3033 | *
[2026-03-30 03:23:36,164][root][INFO] - Epoch:  80 | Loss: 0.0017 | Val - MRR: 0.3075, MR:  200.79, H@1: 0.227, H@3: 0.334, H@10: 0.468 | Test - MRR: 0.3037 | *
[2026-03-30 03:25:58,058][root][INFO] - Epoch:  81 | Loss: 0.0017 | Val - MRR: 0.3073, MR:  198.94, H@1: 0.226, H@3: 0.334, H@10: 0.469 | Test - MRR: 0.3044 | *
[2026-03-30 03:28:21,312][root][INFO] - Epoch:  82 | Loss: 0.0017 | Val - MRR: 0.3109, MR:  198.15, H@1: 0.230, H@3: 0.337, H@10: 0.472 | Test - MRR: 0.3076 | *
[2026-03-30 03:30:27,945][root][INFO] - Epoch:  83 | Loss: 0.0017 | Val - MRR: 0.3100, MR:  199.46, H@1: 0.228, H@3: 0.337, H@10: 0.473 | 
[2026-03-30 03:32:50,227][root][INFO] - Epoch:  84 | Loss: 0.0017 | Val - MRR: 0.3121, MR:  194.92, H@1: 0.230, H@3: 0.338, H@10: 0.475 | Test - MRR: 0.3080 | *
[2026-03-30 03:34:56,013][root][INFO] - Epoch:  85 | Loss: 0.0016 | Val - MRR: 0.3109, MR:  200.38, H@1: 0.229, H@3: 0.338, H@10: 0.473 | 
[2026-03-30 03:37:19,403][root][INFO] - Epoch:  86 | Loss: 0.0017 | Val - MRR: 0.3131, MR:  204.32, H@1: 0.231, H@3: 0.339, H@10: 0.477 | Test - MRR: 0.3105 | *
[2026-03-30 03:39:25,106][root][INFO] - Epoch:  87 | Loss: 0.0017 | Val - MRR: 0.3129, MR:  197.26, H@1: 0.230, H@3: 0.339, H@10: 0.477 | 
[2026-03-30 03:41:47,647][root][INFO] - Epoch:  88 | Loss: 0.0017 | Val - MRR: 0.3145, MR:  195.49, H@1: 0.233, H@3: 0.339, H@10: 0.478 | Test - MRR: 0.3113 | *
[2026-03-30 03:44:10,698][root][INFO] - Epoch:  89 | Loss: 0.0016 | Val - MRR: 0.3148, MR:  192.48, H@1: 0.232, H@3: 0.342, H@10: 0.479 | Test - MRR: 0.3111 | *
[2026-03-30 03:46:33,753][root][INFO] - Epoch:  90 | Loss: 0.0016 | Val - MRR: 0.3164, MR:  193.94, H@1: 0.234, H@3: 0.343, H@10: 0.481 | Test - MRR: 0.3129 | *
[2026-03-30 03:48:56,104][root][INFO] - Epoch:  91 | Loss: 0.0016 | Val - MRR: 0.3164, MR:  190.56, H@1: 0.234, H@3: 0.343, H@10: 0.481 | Test - MRR: 0.3132 | *
[2026-03-30 03:51:18,826][root][INFO] - Epoch:  92 | Loss: 0.0016 | Val - MRR: 0.3180, MR:  188.08, H@1: 0.234, H@3: 0.346, H@10: 0.485 | Test - MRR: 0.3151 | *
[2026-03-30 03:54:49,940][root][INFO] - Epoch:  93 | Loss: 0.0016 | Val - MRR: 0.3171, MR:  188.19, H@1: 0.234, H@3: 0.345, H@10: 0.484 | 
[2026-03-30 03:59:04,143][root][INFO] - Epoch:  94 | Loss: 0.0016 | Val - MRR: 0.3183, MR:  186.07, H@1: 0.235, H@3: 0.346, H@10: 0.484 | Test - MRR: 0.3154 | *
[2026-03-30 04:03:17,079][root][INFO] - Epoch:  95 | Loss: 0.0016 | Val - MRR: 0.3210, MR:  187.45, H@1: 0.237, H@3: 0.348, H@10: 0.488 | Test - MRR: 0.3182 | *
[2026-03-30 04:07:11,964][root][INFO] - Epoch:  96 | Loss: 0.0016 | Val - MRR: 0.3208, MR:  185.51, H@1: 0.237, H@3: 0.348, H@10: 0.490 | 
[2026-03-30 04:11:22,297][root][INFO] - Epoch:  97 | Loss: 0.0016 | Val - MRR: 0.3210, MR:  183.79, H@1: 0.237, H@3: 0.349, H@10: 0.490 | Test - MRR: 0.3186 | *
[2026-03-30 04:15:39,413][root][INFO] - Epoch:  98 | Loss: 0.0016 | Val - MRR: 0.3216, MR:  184.93, H@1: 0.237, H@3: 0.350, H@10: 0.489 | Test - MRR: 0.3198 | *
[2026-03-30 04:19:52,127][root][INFO] - Epoch:  99 | Loss: 0.0016 | Val - MRR: 0.3231, MR:  181.84, H@1: 0.239, H@3: 0.350, H@10: 0.492 | Test - MRR: 0.3198 | *
[2026-03-30 04:24:05,741][root][INFO] - Epoch: 100 | Loss: 0.0016 | Val - MRR: 0.3246, MR:  180.77, H@1: 0.240, H@3: 0.352, H@10: 0.495 | Test - MRR: 0.3208 | *
[2026-03-30 04:28:16,507][root][INFO] - Epoch: 101 | Loss: 0.0016 | Val - MRR: 0.3252, MR:  181.02, H@1: 0.240, H@3: 0.355, H@10: 0.494 | Test - MRR: 0.3207 | *
[2026-03-30 04:32:27,998][root][INFO] - Epoch: 102 | Loss: 0.0016 | Val - MRR: 0.3256, MR:  179.61, H@1: 0.241, H@3: 0.354, H@10: 0.495 | Test - MRR: 0.3223 | *
[2026-03-30 04:36:23,963][root][INFO] - Epoch: 103 | Loss: 0.0016 | Val - MRR: 0.3246, MR:  179.84, H@1: 0.240, H@3: 0.353, H@10: 0.495 | 
[2026-03-30 04:40:39,309][root][INFO] - Epoch: 104 | Loss: 0.0016 | Val - MRR: 0.3268, MR:  178.95, H@1: 0.243, H@3: 0.354, H@10: 0.496 | Test - MRR: 0.3226 | *
[2026-03-30 04:44:54,733][root][INFO] - Epoch: 105 | Loss: 0.0016 | Val - MRR: 0.3275, MR:  181.16, H@1: 0.243, H@3: 0.355, H@10: 0.498 | Test - MRR: 0.3247 | *
[2026-03-30 04:49:13,395][root][INFO] - Epoch: 106 | Loss: 0.0016 | Val - MRR: 0.3277, MR:  182.05, H@1: 0.242, H@3: 0.357, H@10: 0.499 | Test - MRR: 0.3250 | *
[2026-03-30 04:53:24,927][root][INFO] - Epoch: 107 | Loss: 0.0016 | Val - MRR: 0.3278, MR:  175.76, H@1: 0.243, H@3: 0.356, H@10: 0.500 | Test - MRR: 0.3251 | *
[2026-03-30 04:57:37,031][root][INFO] - Epoch: 108 | Loss: 0.0016 | Val - MRR: 0.3290, MR:  178.82, H@1: 0.244, H@3: 0.358, H@10: 0.500 | Test - MRR: 0.3252 | *
[2026-03-30 05:01:53,246][root][INFO] - Epoch: 109 | Loss: 0.0016 | Val - MRR: 0.3287, MR:  175.37, H@1: 0.243, H@3: 0.358, H@10: 0.501 | Test - MRR: 0.3258 | *
[2026-03-30 05:06:06,340][root][INFO] - Epoch: 110 | Loss: 0.0016 | Val - MRR: 0.3303, MR:  178.29, H@1: 0.245, H@3: 0.360, H@10: 0.501 | Test - MRR: 0.3271 | *
[2026-03-30 05:10:08,550][root][INFO] - Epoch: 111 | Loss: 0.0016 | Val - MRR: 0.3280, MR:  175.31, H@1: 0.242, H@3: 0.358, H@10: 0.500 | 
[2026-03-30 05:14:20,494][root][INFO] - Epoch: 112 | Loss: 0.0016 | Val - MRR: 0.3318, MR:  177.18, H@1: 0.246, H@3: 0.361, H@10: 0.502 | Test - MRR: 0.3284 | *
[2026-03-30 05:18:34,442][root][INFO] - Epoch: 113 | Loss: 0.0016 | Val - MRR: 0.3325, MR:  174.15, H@1: 0.246, H@3: 0.363, H@10: 0.504 | Test - MRR: 0.3289 | *
[2026-03-30 05:22:46,684][root][INFO] - Epoch: 114 | Loss: 0.0015 | Val - MRR: 0.3330, MR:  174.18, H@1: 0.247, H@3: 0.362, H@10: 0.505 | Test - MRR: 0.3294 | *
[2026-03-30 05:27:22,462][root][INFO] - Epoch: 115 | Loss: 0.0015 | Val - MRR: 0.3330, MR:  172.50, H@1: 0.247, H@3: 0.363, H@10: 0.504 | Test - MRR: 0.3290 | *
[2026-03-30 05:31:18,868][root][INFO] - Epoch: 116 | Loss: 0.0015 | Val - MRR: 0.3315, MR:  169.88, H@1: 0.245, H@3: 0.361, H@10: 0.504 | 
[2026-03-30 05:35:54,734][root][INFO] - Epoch: 117 | Loss: 0.0015 | Val - MRR: 0.3341, MR:  172.12, H@1: 0.249, H@3: 0.363, H@10: 0.506 | Test - MRR: 0.3302 | *
[2026-03-30 05:40:08,489][root][INFO] - Epoch: 118 | Loss: 0.0016 | Val - MRR: 0.3337, MR:  170.83, H@1: 0.247, H@3: 0.365, H@10: 0.506 | Test - MRR: 0.3303 | *
[2026-03-30 05:44:22,288][root][INFO] - Epoch: 119 | Loss: 0.0015 | Val - MRR: 0.3346, MR:  171.21, H@1: 0.249, H@3: 0.363, H@10: 0.507 | Test - MRR: 0.3313 | *
[2026-03-30 05:47:10,109][root][INFO] - Epoch: 120 | Loss: 0.0015 | Val - MRR: 0.3362, MR:  170.79, H@1: 0.250, H@3: 0.366, H@10: 0.507 | Test - MRR: 0.3332 | *
[2026-03-30 05:49:37,195][root][INFO] - Epoch: 121 | Loss: 0.0015 | Val - MRR: 0.3365, MR:  169.62, H@1: 0.251, H@3: 0.366, H@10: 0.508 | Test - MRR: 0.3342 | *
[2026-03-30 05:51:46,805][root][INFO] - Epoch: 122 | Loss: 0.0015 | Val - MRR: 0.3347, MR:  171.76, H@1: 0.248, H@3: 0.365, H@10: 0.507 | 
[2026-03-30 05:54:14,008][root][INFO] - Epoch: 123 | Loss: 0.0015 | Val - MRR: 0.3371, MR:  169.42, H@1: 0.250, H@3: 0.368, H@10: 0.510 | Test - MRR: 0.3347 | *
[2026-03-30 05:56:23,107][root][INFO] - Epoch: 124 | Loss: 0.0015 | Val - MRR: 0.3361, MR:  168.03, H@1: 0.249, H@3: 0.367, H@10: 0.508 | 
[2026-03-30 05:58:49,126][root][INFO] - Epoch: 125 | Loss: 0.0015 | Val - MRR: 0.3376, MR:  167.51, H@1: 0.251, H@3: 0.368, H@10: 0.510 | Test - MRR: 0.3341 | *
[2026-03-30 06:01:13,774][root][INFO] - Epoch: 126 | Loss: 0.0015 | Val - MRR: 0.3391, MR:  165.38, H@1: 0.253, H@3: 0.368, H@10: 0.513 | Test - MRR: 0.3362 | *
[2026-03-30 06:03:23,352][root][INFO] - Epoch: 127 | Loss: 0.0015 | Val - MRR: 0.3389, MR:  166.93, H@1: 0.252, H@3: 0.370, H@10: 0.511 | 
[2026-03-30 06:05:48,881][root][INFO] - Epoch: 128 | Loss: 0.0015 | Val - MRR: 0.3393, MR:  167.07, H@1: 0.253, H@3: 0.368, H@10: 0.512 | Test - MRR: 0.3354 | *
[2026-03-30 06:08:14,481][root][INFO] - Epoch: 129 | Loss: 0.0015 | Val - MRR: 0.3404, MR:  166.03, H@1: 0.253, H@3: 0.371, H@10: 0.515 | Test - MRR: 0.3359 | *
[2026-03-30 06:10:41,380][root][INFO] - Epoch: 130 | Loss: 0.0015 | Val - MRR: 0.3415, MR:  164.69, H@1: 0.255, H@3: 0.373, H@10: 0.515 | Test - MRR: 0.3379 | *
[2026-03-30 06:13:07,735][root][INFO] - Epoch: 131 | Loss: 0.0015 | Val - MRR: 0.3423, MR:  164.04, H@1: 0.255, H@3: 0.374, H@10: 0.516 | Test - MRR: 0.3385 | *
[2026-03-30 06:15:17,921][root][INFO] - Epoch: 132 | Loss: 0.0015 | Val - MRR: 0.3413, MR:  163.98, H@1: 0.254, H@3: 0.371, H@10: 0.515 | 
[2026-03-30 06:17:28,793][root][INFO] - Epoch: 133 | Loss: 0.0015 | Val - MRR: 0.3412, MR:  163.10, H@1: 0.254, H@3: 0.372, H@10: 0.518 | 
[2026-03-30 06:19:55,740][root][INFO] - Epoch: 134 | Loss: 0.0015 | Val - MRR: 0.3432, MR:  165.98, H@1: 0.256, H@3: 0.374, H@10: 0.518 | Test - MRR: 0.3392 | *
[2026-03-30 06:22:05,571][root][INFO] - Epoch: 135 | Loss: 0.0015 | Val - MRR: 0.3425, MR:  164.72, H@1: 0.254, H@3: 0.374, H@10: 0.518 | 
[2026-03-30 06:24:34,115][root][INFO] - Epoch: 136 | Loss: 0.0015 | Val - MRR: 0.3436, MR:  165.48, H@1: 0.256, H@3: 0.373, H@10: 0.519 | Test - MRR: 0.3398 | *
[2026-03-30 06:26:44,568][root][INFO] - Epoch: 137 | Loss: 0.0015 | Val - MRR: 0.3436, MR:  162.75, H@1: 0.255, H@3: 0.376, H@10: 0.518 | 
[2026-03-30 06:29:09,445][root][INFO] - Epoch: 138 | Loss: 0.0015 | Val - MRR: 0.3439, MR:  163.87, H@1: 0.256, H@3: 0.375, H@10: 0.519 | Test - MRR: 0.3392 | *
[2026-03-30 06:31:35,442][root][INFO] - Epoch: 139 | Loss: 0.0015 | Val - MRR: 0.3435, MR:  166.08, H@1: 0.256, H@3: 0.373, H@10: 0.520 | Test - MRR: 0.3399 | *
[2026-03-30 06:34:03,762][root][INFO] - Epoch: 140 | Loss: 0.0015 | Val - MRR: 0.3449, MR:  168.94, H@1: 0.257, H@3: 0.376, H@10: 0.519 | Test - MRR: 0.3404 | *
[2026-03-30 06:36:31,690][root][INFO] - Epoch: 141 | Loss: 0.0015 | Val - MRR: 0.3445, MR:  162.01, H@1: 0.256, H@3: 0.375, H@10: 0.521 | Test - MRR: 0.3406 | *
[2026-03-30 06:38:58,359][root][INFO] - Epoch: 142 | Loss: 0.0015 | Val - MRR: 0.3456, MR:  162.15, H@1: 0.257, H@3: 0.377, H@10: 0.522 | Test - MRR: 0.3409 | *
[2026-03-30 06:41:26,128][root][INFO] - Epoch: 143 | Loss: 0.0015 | Val - MRR: 0.3454, MR:  163.05, H@1: 0.257, H@3: 0.376, H@10: 0.524 | Test - MRR: 0.3418 | *
[2026-03-30 06:43:37,558][root][INFO] - Epoch: 144 | Loss: 0.0015 | Val - MRR: 0.3454, MR:  166.47, H@1: 0.257, H@3: 0.378, H@10: 0.522 | 
[2026-03-30 06:46:04,585][root][INFO] - Epoch: 145 | Loss: 0.0015 | Val - MRR: 0.3458, MR:  166.47, H@1: 0.257, H@3: 0.378, H@10: 0.522 | Test - MRR: 0.3420 | *
[2026-03-30 06:48:15,513][root][INFO] - Epoch: 146 | Loss: 0.0015 | Val - MRR: 0.3447, MR:  161.84, H@1: 0.255, H@3: 0.378, H@10: 0.524 | 
[2026-03-30 06:50:28,014][root][INFO] - Epoch: 147 | Loss: 0.0015 | Val - MRR: 0.3449, MR:  161.64, H@1: 0.256, H@3: 0.376, H@10: 0.523 | 
[2026-03-30 06:52:40,846][root][INFO] - Epoch: 148 | Loss: 0.0015 | Val - MRR: 0.3452, MR:  161.69, H@1: 0.257, H@3: 0.379, H@10: 0.520 | 
[2026-03-30 06:55:09,466][root][INFO] - Epoch: 149 | Loss: 0.0015 | Val - MRR: 0.3462, MR:  161.22, H@1: 0.257, H@3: 0.378, H@10: 0.522 | Test - MRR: 0.3426 | *
[2026-03-30 06:57:37,484][root][INFO] - Epoch: 150 | Loss: 0.0015 | Val - MRR: 0.3470, MR:  161.42, H@1: 0.258, H@3: 0.379, H@10: 0.523 | Test - MRR: 0.3430 | *
[2026-03-30 07:00:05,079][root][INFO] - Epoch: 151 | Loss: 0.0015 | Val - MRR: 0.3477, MR:  163.21, H@1: 0.259, H@3: 0.380, H@10: 0.526 | Test - MRR: 0.3439 | *
[2026-03-30 07:02:17,310][root][INFO] - Epoch: 152 | Loss: 0.0015 | Val - MRR: 0.3469, MR:  159.78, H@1: 0.257, H@3: 0.379, H@10: 0.525 | 
[2026-03-30 07:04:45,463][root][INFO] - Epoch: 153 | Loss: 0.0015 | Val - MRR: 0.3482, MR:  159.17, H@1: 0.258, H@3: 0.380, H@10: 0.528 | Test - MRR: 0.3449 | *
[2026-03-30 07:06:56,233][root][INFO] - Epoch: 154 | Loss: 0.0015 | Val - MRR: 0.3469, MR:  166.14, H@1: 0.258, H@3: 0.379, H@10: 0.526 | 
[2026-03-30 07:09:23,941][root][INFO] - Epoch: 155 | Loss: 0.0015 | Val - MRR: 0.3484, MR:  160.90, H@1: 0.260, H@3: 0.380, H@10: 0.526 | Test - MRR: 0.3449 | *
[2026-03-30 07:11:33,688][root][INFO] - Epoch: 156 | Loss: 0.0015 | Val - MRR: 0.3482, MR:  159.55, H@1: 0.260, H@3: 0.378, H@10: 0.525 | 
[2026-03-30 07:13:59,719][root][INFO] - Epoch: 157 | Loss: 0.0015 | Val - MRR: 0.3488, MR:  159.70, H@1: 0.260, H@3: 0.381, H@10: 0.526 | Test - MRR: 0.3450 | *
[2026-03-30 07:16:11,491][root][INFO] - Epoch: 158 | Loss: 0.0014 | Val - MRR: 0.3478, MR:  162.32, H@1: 0.258, H@3: 0.381, H@10: 0.524 | 
[2026-03-30 07:18:39,381][root][INFO] - Epoch: 159 | Loss: 0.0015 | Val - MRR: 0.3482, MR:  159.89, H@1: 0.259, H@3: 0.381, H@10: 0.527 | Test - MRR: 0.3453 | *
[2026-03-30 07:21:07,078][root][INFO] - Epoch: 160 | Loss: 0.0015 | Val - MRR: 0.3501, MR:  158.83, H@1: 0.261, H@3: 0.382, H@10: 0.529 | Test - MRR: 0.3465 | *
[2026-03-30 07:23:36,221][root][INFO] - Epoch: 161 | Loss: 0.0014 | Val - MRR: 0.3503, MR:  158.82, H@1: 0.261, H@3: 0.383, H@10: 0.530 | Test - MRR: 0.3469 | *
[2026-03-30 07:25:45,291][root][INFO] - Epoch: 162 | Loss: 0.0014 | Val - MRR: 0.3486, MR:  157.61, H@1: 0.259, H@3: 0.381, H@10: 0.528 | 
[2026-03-30 07:28:12,678][root][INFO] - Epoch: 163 | Loss: 0.0014 | Val - MRR: 0.3512, MR:  158.70, H@1: 0.262, H@3: 0.383, H@10: 0.531 | Test - MRR: 0.3479 | *
[2026-03-30 07:30:23,289][root][INFO] - Epoch: 164 | Loss: 0.0014 | Val - MRR: 0.3497, MR:  161.95, H@1: 0.260, H@3: 0.382, H@10: 0.531 | 
[2026-03-30 07:32:33,763][root][INFO] - Epoch: 165 | Loss: 0.0014 | Val - MRR: 0.3494, MR:  159.57, H@1: 0.259, H@3: 0.382, H@10: 0.531 | 
[2026-03-30 07:34:45,771][root][INFO] - Epoch: 166 | Loss: 0.0014 | Val - MRR: 0.3494, MR:  157.15, H@1: 0.259, H@3: 0.382, H@10: 0.532 | 
[2026-03-30 07:37:13,157][root][INFO] - Epoch: 167 | Loss: 0.0014 | Val - MRR: 0.3514, MR:  158.24, H@1: 0.261, H@3: 0.385, H@10: 0.531 | Test - MRR: 0.3481 | *
[2026-03-30 07:39:40,610][root][INFO] - Epoch: 168 | Loss: 0.0014 | Val - MRR: 0.3507, MR:  165.04, H@1: 0.261, H@3: 0.383, H@10: 0.530 | Test - MRR: 0.3485 | *
[2026-03-30 07:42:08,893][root][INFO] - Epoch: 169 | Loss: 0.0014 | Val - MRR: 0.3514, MR:  159.73, H@1: 0.261, H@3: 0.385, H@10: 0.533 | Test - MRR: 0.3493 | *
[2026-03-30 07:44:19,979][root][INFO] - Epoch: 170 | Loss: 0.0014 | Val - MRR: 0.3507, MR:  159.61, H@1: 0.261, H@3: 0.382, H@10: 0.532 | 
[2026-03-30 07:46:47,381][root][INFO] - Epoch: 171 | Loss: 0.0014 | Val - MRR: 0.3529, MR:  157.09, H@1: 0.264, H@3: 0.383, H@10: 0.533 | Test - MRR: 0.3500 | *
[2026-03-30 07:48:57,410][root][INFO] - Epoch: 172 | Loss: 0.0014 | Val - MRR: 0.3518, MR:  158.55, H@1: 0.262, H@3: 0.384, H@10: 0.534 | 
[2026-03-30 07:51:08,176][root][INFO] - Epoch: 173 | Loss: 0.0014 | Val - MRR: 0.3521, MR:  159.68, H@1: 0.262, H@3: 0.386, H@10: 0.533 | 
[2026-03-30 07:53:18,419][root][INFO] - Epoch: 174 | Loss: 0.0014 | Val - MRR: 0.3516, MR:  160.13, H@1: 0.262, H@3: 0.383, H@10: 0.534 | 
[2026-03-30 07:55:28,132][root][INFO] - Epoch: 175 | Loss: 0.0014 | Val - MRR: 0.3523, MR:  158.60, H@1: 0.263, H@3: 0.382, H@10: 0.536 | 
[2026-03-30 07:57:56,164][root][INFO] - Epoch: 176 | Loss: 0.0014 | Val - MRR: 0.3534, MR:  157.15, H@1: 0.264, H@3: 0.386, H@10: 0.534 | Test - MRR: 0.3505 | *
[2026-03-30 08:00:06,334][root][INFO] - Epoch: 177 | Loss: 0.0014 | Val - MRR: 0.3531, MR:  157.41, H@1: 0.264, H@3: 0.384, H@10: 0.533 | 
[2026-03-30 08:02:16,683][root][INFO] - Epoch: 178 | Loss: 0.0014 | Val - MRR: 0.3527, MR:  158.12, H@1: 0.263, H@3: 0.384, H@10: 0.533 | 
[2026-03-30 08:04:27,765][root][INFO] - Epoch: 179 | Loss: 0.0014 | Val - MRR: 0.3529, MR:  159.08, H@1: 0.263, H@3: 0.385, H@10: 0.533 | 
[2026-03-30 08:06:54,636][root][INFO] - Epoch: 180 | Loss: 0.0014 | Val - MRR: 0.3551, MR:  159.75, H@1: 0.265, H@3: 0.389, H@10: 0.537 | Test - MRR: 0.3507 | *
[2026-03-30 08:09:04,540][root][INFO] - Epoch: 181 | Loss: 0.0014 | Val - MRR: 0.3523, MR:  159.61, H@1: 0.262, H@3: 0.385, H@10: 0.535 | 
[2026-03-30 08:11:14,341][root][INFO] - Epoch: 182 | Loss: 0.0014 | Val - MRR: 0.3540, MR:  156.26, H@1: 0.264, H@3: 0.386, H@10: 0.536 | 
[2026-03-30 08:13:25,467][root][INFO] - Epoch: 183 | Loss: 0.0014 | Val - MRR: 0.3531, MR:  156.90, H@1: 0.263, H@3: 0.385, H@10: 0.534 | 
[2026-03-30 08:15:36,353][root][INFO] - Epoch: 184 | Loss: 0.0014 | Val - MRR: 0.3534, MR:  157.54, H@1: 0.263, H@3: 0.386, H@10: 0.535 | 
[2026-03-30 08:17:46,194][root][INFO] - Epoch: 185 | Loss: 0.0014 | Val - MRR: 0.3546, MR:  158.45, H@1: 0.265, H@3: 0.387, H@10: 0.534 | 
[2026-03-30 08:20:12,876][root][INFO] - Epoch: 186 | Loss: 0.0014 | Val - MRR: 0.3552, MR:  158.37, H@1: 0.265, H@3: 0.388, H@10: 0.537 | Test - MRR: 0.3529 | *
[2026-03-30 08:22:23,967][root][INFO] - Epoch: 187 | Loss: 0.0014 | Val - MRR: 0.3547, MR:  159.78, H@1: 0.264, H@3: 0.388, H@10: 0.535 | 
[2026-03-30 08:24:33,427][root][INFO] - Epoch: 188 | Loss: 0.0014 | Val - MRR: 0.3552, MR:  158.97, H@1: 0.266, H@3: 0.387, H@10: 0.536 | 
[2026-03-30 08:26:58,075][root][INFO] - Epoch: 189 | Loss: 0.0014 | Val - MRR: 0.3563, MR:  160.83, H@1: 0.266, H@3: 0.390, H@10: 0.537 | Test - MRR: 0.3525 | *
[2026-03-30 08:29:08,457][root][INFO] - Epoch: 190 | Loss: 0.0014 | Val - MRR: 0.3536, MR:  158.13, H@1: 0.263, H@3: 0.387, H@10: 0.537 | 
[2026-03-30 08:31:18,821][root][INFO] - Epoch: 191 | Loss: 0.0014 | Val - MRR: 0.3548, MR:  160.54, H@1: 0.264, H@3: 0.389, H@10: 0.538 | 
[2026-03-30 08:33:28,104][root][INFO] - Epoch: 192 | Loss: 0.0014 | Val - MRR: 0.3550, MR:  156.82, H@1: 0.264, H@3: 0.388, H@10: 0.537 | 
[2026-03-30 08:35:36,429][root][INFO] - Epoch: 193 | Loss: 0.0014 | Val - MRR: 0.3550, MR:  158.24, H@1: 0.265, H@3: 0.387, H@10: 0.538 | 
[2026-03-30 08:38:04,932][root][INFO] - Epoch: 194 | Loss: 0.0014 | Val - MRR: 0.3563, MR:  164.91, H@1: 0.266, H@3: 0.390, H@10: 0.538 | Test - MRR: 0.3533 | *
[2026-03-30 08:40:15,133][root][INFO] - Epoch: 195 | Loss: 0.0014 | Val - MRR: 0.3557, MR:  159.35, H@1: 0.266, H@3: 0.387, H@10: 0.538 | 
[2026-03-30 08:42:24,243][root][INFO] - Epoch: 196 | Loss: 0.0014 | Val - MRR: 0.3553, MR:  156.57, H@1: 0.265, H@3: 0.388, H@10: 0.538 | 
[2026-03-30 08:44:51,166][root][INFO] - Epoch: 197 | Loss: 0.0014 | Val - MRR: 0.3560, MR:  156.56, H@1: 0.265, H@3: 0.389, H@10: 0.539 | Test - MRR: 0.3533 | *
[2026-03-30 08:46:58,535][root][INFO] - Epoch: 198 | Loss: 0.0014 | Val - MRR: 0.3558, MR:  159.29, H@1: 0.265, H@3: 0.389, H@10: 0.538 | 
[2026-03-30 08:49:08,823][root][INFO] - Epoch: 199 | Loss: 0.0014 | Val - MRR: 0.3558, MR:  160.54, H@1: 0.266, H@3: 0.389, H@10: 0.537 | 
[2026-03-30 08:51:33,733][root][INFO] - Epoch: 200 | Loss: 0.0014 | Val - MRR: 0.3564, MR:  158.26, H@1: 0.266, H@3: 0.389, H@10: 0.538 | Test - MRR: 0.3534 | *
[2026-03-30 08:53:59,593][root][INFO] - Epoch: 201 | Loss: 0.0014 | Val - MRR: 0.3580, MR:  164.24, H@1: 0.268, H@3: 0.391, H@10: 0.539 | Test - MRR: 0.3550 | *
[2026-03-30 08:56:08,932][root][INFO] - Epoch: 202 | Loss: 0.0014 | Val - MRR: 0.3559, MR:  160.49, H@1: 0.265, H@3: 0.389, H@10: 0.539 | 
[2026-03-30 08:58:16,878][root][INFO] - Epoch: 203 | Loss: 0.0014 | Val - MRR: 0.3561, MR:  159.59, H@1: 0.265, H@3: 0.390, H@10: 0.538 | 
[2026-03-30 09:00:27,075][root][INFO] - Epoch: 204 | Loss: 0.0014 | Val - MRR: 0.3569, MR:  159.42, H@1: 0.266, H@3: 0.392, H@10: 0.541 | 
[2026-03-30 09:02:35,965][root][INFO] - Epoch: 205 | Loss: 0.0014 | Val - MRR: 0.3556, MR:  160.96, H@1: 0.264, H@3: 0.390, H@10: 0.539 | 
[2026-03-30 09:04:45,151][root][INFO] - Epoch: 206 | Loss: 0.0014 | Val - MRR: 0.3561, MR:  161.09, H@1: 0.265, H@3: 0.390, H@10: 0.540 | 
[2026-03-30 09:06:54,621][root][INFO] - Epoch: 207 | Loss: 0.0014 | Val - MRR: 0.3568, MR:  160.20, H@1: 0.266, H@3: 0.390, H@10: 0.540 | 
[2026-03-30 09:09:05,180][root][INFO] - Epoch: 208 | Loss: 0.0014 | Val - MRR: 0.3574, MR:  158.08, H@1: 0.266, H@3: 0.391, H@10: 0.541 | 
[2026-03-30 09:11:18,296][root][INFO] - Epoch: 209 | Loss: 0.0014 | Val - MRR: 0.3567, MR:  157.23, H@1: 0.265, H@3: 0.391, H@10: 0.540 | 
[2026-03-30 09:13:27,569][root][INFO] - Epoch: 210 | Loss: 0.0014 | Val - MRR: 0.3576, MR:  158.51, H@1: 0.267, H@3: 0.391, H@10: 0.542 | 
[2026-03-30 09:15:37,168][root][INFO] - Epoch: 211 | Loss: 0.0014 | Val - MRR: 0.3576, MR:  159.96, H@1: 0.267, H@3: 0.392, H@10: 0.542 | 
[2026-03-30 09:17:46,149][root][INFO] - Epoch: 212 | Loss: 0.0014 | Val - MRR: 0.3563, MR:  158.75, H@1: 0.265, H@3: 0.392, H@10: 0.541 | 
[2026-03-30 09:19:54,641][root][INFO] - Epoch: 213 | Loss: 0.0014 | Val - MRR: 0.3578, MR:  160.70, H@1: 0.266, H@3: 0.393, H@10: 0.543 | 
[2026-03-30 09:22:19,316][root][INFO] - Epoch: 214 | Loss: 0.0014 | Val - MRR: 0.3585, MR:  158.11, H@1: 0.267, H@3: 0.394, H@10: 0.542 | Test - MRR: 0.3549 | *
[2026-03-30 09:24:27,915][root][INFO] - Epoch: 215 | Loss: 0.0014 | Val - MRR: 0.3576, MR:  159.09, H@1: 0.267, H@3: 0.392, H@10: 0.542 | 
[2026-03-30 09:26:53,136][root][INFO] - Epoch: 216 | Loss: 0.0014 | Val - MRR: 0.3588, MR:  161.04, H@1: 0.268, H@3: 0.392, H@10: 0.542 | Test - MRR: 0.3553 | *
[2026-03-30 09:29:18,426][root][INFO] - Epoch: 217 | Loss: 0.0014 | Val - MRR: 0.3593, MR:  157.06, H@1: 0.268, H@3: 0.393, H@10: 0.542 | Test - MRR: 0.3550 | *
[2026-03-30 09:31:45,458][root][INFO] - Epoch: 218 | Loss: 0.0014 | Val - MRR: 0.3601, MR:  161.54, H@1: 0.269, H@3: 0.396, H@10: 0.544 | Test - MRR: 0.3555 | *
[2026-03-30 09:34:10,843][root][INFO] - Epoch: 219 | Loss: 0.0014 | Val - MRR: 0.3597, MR:  161.16, H@1: 0.268, H@3: 0.394, H@10: 0.542 | Test - MRR: 0.3560 | *
[2026-03-30 09:36:18,593][root][INFO] - Epoch: 220 | Loss: 0.0014 | Val - MRR: 0.3581, MR:  158.80, H@1: 0.266, H@3: 0.394, H@10: 0.542 | 
[2026-03-30 09:38:28,258][root][INFO] - Epoch: 221 | Loss: 0.0014 | Val - MRR: 0.3593, MR:  159.74, H@1: 0.267, H@3: 0.394, H@10: 0.544 | 
[2026-03-30 09:41:32,360][root][INFO] - Epoch: 222 | Loss: 0.0014 | Val - MRR: 0.3588, MR:  160.63, H@1: 0.267, H@3: 0.394, H@10: 0.544 | Test - MRR: 0.3563 | *
[2026-03-30 09:43:56,668][root][INFO] - Epoch: 223 | Loss: 0.0014 | Val - MRR: 0.3589, MR:  159.26, H@1: 0.267, H@3: 0.393, H@10: 0.544 | Test - MRR: 0.3558 | *
[2026-03-30 09:46:19,518][root][INFO] - Epoch: 224 | Loss: 0.0014 | Val - MRR: 0.3600, MR:  158.10, H@1: 0.268, H@3: 0.395, H@10: 0.545 | Test - MRR: 0.3561 | *
[2026-03-30 09:48:31,084][root][INFO] - Epoch: 225 | Loss: 0.0014 | Val - MRR: 0.3580, MR:  161.15, H@1: 0.266, H@3: 0.394, H@10: 0.543 | 
[2026-03-30 09:50:43,678][root][INFO] - Epoch: 226 | Loss: 0.0014 | Val - MRR: 0.3585, MR:  159.05, H@1: 0.267, H@3: 0.393, H@10: 0.542 | 
[2026-03-30 09:53:09,357][root][INFO] - Epoch: 227 | Loss: 0.0014 | Val - MRR: 0.3606, MR:  155.67, H@1: 0.269, H@3: 0.394, H@10: 0.545 | Test - MRR: 0.3566 | *
[2026-03-30 09:55:35,466][root][INFO] - Epoch: 228 | Loss: 0.0014 | Val - MRR: 0.3586, MR:  159.08, H@1: 0.266, H@3: 0.393, H@10: 0.544 | Test - MRR: 0.3566 | *
[2026-03-30 09:57:59,238][root][INFO] - Epoch: 229 | Loss: 0.0014 | Val - MRR: 0.3597, MR:  158.54, H@1: 0.268, H@3: 0.394, H@10: 0.546 | Test - MRR: 0.3563 | *
[2026-03-30 10:00:26,047][root][INFO] - Epoch: 230 | Loss: 0.0014 | Val - MRR: 0.3626, MR:  158.89, H@1: 0.272, H@3: 0.397, H@10: 0.546 | Test - MRR: 0.3591 | *
[2026-03-30 10:02:35,699][root][INFO] - Epoch: 231 | Loss: 0.0014 | Val - MRR: 0.3606, MR:  159.75, H@1: 0.269, H@3: 0.394, H@10: 0.544 | 
[2026-03-30 10:04:43,996][root][INFO] - Epoch: 232 | Loss: 0.0014 | Val - MRR: 0.3603, MR:  157.68, H@1: 0.269, H@3: 0.395, H@10: 0.544 | 
[2026-03-30 10:06:51,441][root][INFO] - Epoch: 233 | Loss: 0.0014 | Val - MRR: 0.3596, MR:  162.29, H@1: 0.269, H@3: 0.392, H@10: 0.544 | 
[2026-03-30 10:09:00,221][root][INFO] - Epoch: 234 | Loss: 0.0014 | Val - MRR: 0.3606, MR:  158.21, H@1: 0.270, H@3: 0.394, H@10: 0.543 | 
[2026-03-30 10:11:10,333][root][INFO] - Epoch: 235 | Loss: 0.0014 | Val - MRR: 0.3601, MR:  157.79, H@1: 0.269, H@3: 0.393, H@10: 0.545 | 
[2026-03-30 10:13:18,845][root][INFO] - Epoch: 236 | Loss: 0.0014 | Val - MRR: 0.3609, MR:  160.47, H@1: 0.269, H@3: 0.395, H@10: 0.545 | 
[2026-03-30 10:15:27,127][root][INFO] - Epoch: 237 | Loss: 0.0014 | Val - MRR: 0.3611, MR:  159.61, H@1: 0.270, H@3: 0.395, H@10: 0.544 | 
[2026-03-30 10:17:35,981][root][INFO] - Epoch: 238 | Loss: 0.0014 | Val - MRR: 0.3608, MR:  161.21, H@1: 0.269, H@3: 0.395, H@10: 0.543 | 
[2026-03-30 10:19:45,798][root][INFO] - Epoch: 239 | Loss: 0.0014 | Val - MRR: 0.3604, MR:  159.94, H@1: 0.269, H@3: 0.396, H@10: 0.544 | 
[2026-03-30 10:21:53,955][root][INFO] - Epoch: 240 | Loss: 0.0014 | Val - MRR: 0.3598, MR:  161.50, H@1: 0.269, H@3: 0.394, H@10: 0.541 | 
[2026-03-30 10:24:01,057][root][INFO] - Epoch: 241 | Loss: 0.0014 | Val - MRR: 0.3609, MR:  157.74, H@1: 0.269, H@3: 0.396, H@10: 0.545 | 
[2026-03-30 10:26:10,763][root][INFO] - Epoch: 242 | Loss: 0.0014 | Val - MRR: 0.3601, MR:  158.82, H@1: 0.268, H@3: 0.395, H@10: 0.544 | 
[2026-03-30 10:28:19,019][root][INFO] - Epoch: 243 | Loss: 0.0014 | Val - MRR: 0.3606, MR:  159.17, H@1: 0.269, H@3: 0.394, H@10: 0.543 | 
[2026-03-30 10:30:24,907][root][INFO] - Epoch: 244 | Loss: 0.0014 | Val - MRR: 0.3602, MR:  159.89, H@1: 0.268, H@3: 0.394, H@10: 0.545 | 
[2026-03-30 10:32:33,189][root][INFO] - Epoch: 245 | Loss: 0.0014 | Val - MRR: 0.3607, MR:  160.08, H@1: 0.269, H@3: 0.395, H@10: 0.543 | 
[2026-03-30 10:34:40,657][root][INFO] - Epoch: 246 | Loss: 0.0014 | Val - MRR: 0.3605, MR:  157.75, H@1: 0.269, H@3: 0.395, H@10: 0.545 | 
[2026-03-30 10:36:48,687][root][INFO] - Epoch: 247 | Loss: 0.0014 | Val - MRR: 0.3599, MR:  160.35, H@1: 0.268, H@3: 0.393, H@10: 0.545 | 
[2026-03-30 10:38:57,964][root][INFO] - Epoch: 248 | Loss: 0.0014 | Val - MRR: 0.3611, MR:  159.80, H@1: 0.270, H@3: 0.394, H@10: 0.545 | 
[2026-03-30 10:41:05,762][root][INFO] - Epoch: 249 | Loss: 0.0014 | Val - MRR: 0.3605, MR:  159.59, H@1: 0.269, H@3: 0.394, H@10: 0.545 | 
[2026-03-30 10:43:15,034][root][INFO] - Epoch: 250 | Loss: 0.0014 | Val - MRR: 0.3608, MR:  160.97, H@1: 0.269, H@3: 0.394, H@10: 0.544 | 
[2026-03-30 10:45:22,632][root][INFO] - Epoch: 251 | Loss: 0.0014 | Val - MRR: 0.3610, MR:  158.90, H@1: 0.270, H@3: 0.395, H@10: 0.545 | 
[2026-03-30 10:47:29,603][root][INFO] - Epoch: 252 | Loss: 0.0014 | Val - MRR: 0.3608, MR:  160.99, H@1: 0.269, H@3: 0.395, H@10: 0.545 | 
[2026-03-30 10:49:37,848][root][INFO] - Epoch: 253 | Loss: 0.0014 | Val - MRR: 0.3618, MR:  161.93, H@1: 0.270, H@3: 0.396, H@10: 0.545 | 
[2026-03-30 10:51:45,180][root][INFO] - Epoch: 254 | Loss: 0.0014 | Val - MRR: 0.3622, MR:  160.49, H@1: 0.271, H@3: 0.395, H@10: 0.547 | 
[2026-03-30 10:53:53,441][root][INFO] - Epoch: 255 | Loss: 0.0014 | Val - MRR: 0.3613, MR:  158.96, H@1: 0.270, H@3: 0.396, H@10: 0.545 | 
[2026-03-30 10:56:01,027][root][INFO] - Epoch: 256 | Loss: 0.0014 | Val - MRR: 0.3607, MR:  162.51, H@1: 0.269, H@3: 0.395, H@10: 0.545 | 
[2026-03-30 10:58:08,281][root][INFO] - Epoch: 257 | Loss: 0.0014 | Val - MRR: 0.3620, MR:  161.50, H@1: 0.270, H@3: 0.396, H@10: 0.548 | 
[2026-03-30 11:00:17,197][root][INFO] - Epoch: 258 | Loss: 0.0014 | Val - MRR: 0.3618, MR:  162.48, H@1: 0.270, H@3: 0.397, H@10: 0.546 | 
[2026-03-30 11:02:26,924][root][INFO] - Epoch: 259 | Loss: 0.0014 | Val - MRR: 0.3610, MR:  162.89, H@1: 0.269, H@3: 0.396, H@10: 0.546 | 
[2026-03-30 11:04:34,988][root][INFO] - Epoch: 260 | Loss: 0.0014 | Val - MRR: 0.3623, MR:  165.19, H@1: 0.271, H@3: 0.397, H@10: 0.547 | 
[2026-03-30 11:06:41,250][root][INFO] - Epoch: 261 | Loss: 0.0014 | Val - MRR: 0.3616, MR:  159.43, H@1: 0.270, H@3: 0.396, H@10: 0.545 | 
[2026-03-30 11:09:05,990][root][INFO] - Epoch: 262 | Loss: 0.0014 | Val - MRR: 0.3627, MR:  160.00, H@1: 0.271, H@3: 0.398, H@10: 0.546 | Test - MRR: 0.3595 | *
[2026-03-30 11:11:13,204][root][INFO] - Epoch: 263 | Loss: 0.0013 | Val - MRR: 0.3621, MR:  162.97, H@1: 0.270, H@3: 0.398, H@10: 0.546 | 
[2026-03-30 11:13:20,578][root][INFO] - Epoch: 264 | Loss: 0.0013 | Val - MRR: 0.3617, MR:  155.98, H@1: 0.270, H@3: 0.396, H@10: 0.546 | 
[2026-03-30 11:15:27,067][root][INFO] - Epoch: 265 | Loss: 0.0013 | Val - MRR: 0.3620, MR:  155.98, H@1: 0.270, H@3: 0.397, H@10: 0.545 | 
[2026-03-30 11:17:35,841][root][INFO] - Epoch: 266 | Loss: 0.0013 | Val - MRR: 0.3609, MR:  158.82, H@1: 0.270, H@3: 0.396, H@10: 0.544 | 
[2026-03-30 11:19:42,634][root][INFO] - Epoch: 267 | Loss: 0.0013 | Val - MRR: 0.3625, MR:  162.63, H@1: 0.270, H@3: 0.399, H@10: 0.547 | 
[2026-03-30 11:21:50,345][root][INFO] - Epoch: 268 | Loss: 0.0013 | Val - MRR: 0.3625, MR:  161.59, H@1: 0.271, H@3: 0.398, H@10: 0.545 | 
[2026-03-30 11:23:58,835][root][INFO] - Epoch: 269 | Loss: 0.0013 | Val - MRR: 0.3625, MR:  157.84, H@1: 0.270, H@3: 0.397, H@10: 0.549 | 
[2026-03-30 11:26:05,570][root][INFO] - Epoch: 270 | Loss: 0.0013 | Val - MRR: 0.3625, MR:  161.29, H@1: 0.271, H@3: 0.397, H@10: 0.547 | 
[2026-03-30 11:28:13,789][root][INFO] - Epoch: 271 | Loss: 0.0013 | Val - MRR: 0.3621, MR:  160.61, H@1: 0.270, H@3: 0.397, H@10: 0.549 | 
[2026-03-30 11:30:20,877][root][INFO] - Epoch: 272 | Loss: 0.0013 | Val - MRR: 0.3623, MR:  161.14, H@1: 0.270, H@3: 0.397, H@10: 0.548 | 
[2026-03-30 11:32:41,618][root][INFO] - Epoch: 273 | Loss: 0.0013 | Val - MRR: 0.3630, MR:  161.09, H@1: 0.271, H@3: 0.397, H@10: 0.549 | Test - MRR: 0.3586 | *
[2026-03-30 11:34:48,132][root][INFO] - Epoch: 274 | Loss: 0.0013 | Val - MRR: 0.3623, MR:  158.99, H@1: 0.270, H@3: 0.397, H@10: 0.546 | 
[2026-03-30 11:37:09,757][root][INFO] - Epoch: 275 | Loss: 0.0013 | Val - MRR: 0.3630, MR:  160.05, H@1: 0.271, H@3: 0.396, H@10: 0.548 | Test - MRR: 0.3586 | *
[2026-03-30 11:39:32,056][root][INFO] - Epoch: 276 | Loss: 0.0013 | Val - MRR: 0.3638, MR:  161.11, H@1: 0.272, H@3: 0.399, H@10: 0.548 | Test - MRR: 0.3599 | *
[2026-03-30 11:41:39,916][root][INFO] - Epoch: 277 | Loss: 0.0013 | Val - MRR: 0.3631, MR:  161.93, H@1: 0.271, H@3: 0.398, H@10: 0.547 | 
[2026-03-30 11:43:45,970][root][INFO] - Epoch: 278 | Loss: 0.0013 | Val - MRR: 0.3628, MR:  160.91, H@1: 0.271, H@3: 0.397, H@10: 0.547 | 
[2026-03-30 11:45:52,828][root][INFO] - Epoch: 279 | Loss: 0.0013 | Val - MRR: 0.3634, MR:  162.08, H@1: 0.272, H@3: 0.397, H@10: 0.548 | 
[2026-03-30 11:47:58,056][root][INFO] - Epoch: 280 | Loss: 0.0013 | Val - MRR: 0.3637, MR:  163.20, H@1: 0.272, H@3: 0.399, H@10: 0.548 | 
[2026-03-30 11:50:05,913][root][INFO] - Epoch: 281 | Loss: 0.0013 | Val - MRR: 0.3630, MR:  162.96, H@1: 0.271, H@3: 0.397, H@10: 0.549 | 
[2026-03-30 11:52:28,802][root][INFO] - Epoch: 282 | Loss: 0.0013 | Val - MRR: 0.3644, MR:  159.00, H@1: 0.273, H@3: 0.398, H@10: 0.550 | Test - MRR: 0.3586 | *
[2026-03-30 11:54:36,682][root][INFO] - Epoch: 283 | Loss: 0.0013 | Val - MRR: 0.3632, MR:  158.68, H@1: 0.272, H@3: 0.397, H@10: 0.546 | 
[2026-03-30 11:56:43,504][root][INFO] - Epoch: 284 | Loss: 0.0013 | Val - MRR: 0.3632, MR:  160.42, H@1: 0.271, H@3: 0.398, H@10: 0.549 | 
[2026-03-30 11:58:50,004][root][INFO] - Epoch: 285 | Loss: 0.0013 | Val - MRR: 0.3634, MR:  160.25, H@1: 0.272, H@3: 0.397, H@10: 0.548 | 
[2026-03-30 12:00:56,203][root][INFO] - Epoch: 286 | Loss: 0.0013 | Val - MRR: 0.3621, MR:  159.92, H@1: 0.271, H@3: 0.396, H@10: 0.547 | 
[2026-03-30 12:03:03,010][root][INFO] - Epoch: 287 | Loss: 0.0013 | Val - MRR: 0.3633, MR:  162.60, H@1: 0.272, H@3: 0.396, H@10: 0.548 | 
[2026-03-30 12:05:09,718][root][INFO] - Epoch: 288 | Loss: 0.0013 | Val - MRR: 0.3631, MR:  164.51, H@1: 0.272, H@3: 0.396, H@10: 0.546 | 
[2026-03-30 12:07:30,794][root][INFO] - Epoch: 289 | Loss: 0.0013 | Val - MRR: 0.3645, MR:  163.03, H@1: 0.274, H@3: 0.397, H@10: 0.547 | Test - MRR: 0.3587 | *
[2026-03-30 12:09:38,144][root][INFO] - Epoch: 290 | Loss: 0.0013 | Val - MRR: 0.3635, MR:  160.94, H@1: 0.272, H@3: 0.398, H@10: 0.547 | 
[2026-03-30 12:11:44,691][root][INFO] - Epoch: 291 | Loss: 0.0013 | Val - MRR: 0.3638, MR:  161.92, H@1: 0.273, H@3: 0.397, H@10: 0.549 | 
[2026-03-30 12:13:50,542][root][INFO] - Epoch: 292 | Loss: 0.0013 | Val - MRR: 0.3633, MR:  161.14, H@1: 0.272, H@3: 0.397, H@10: 0.548 | 
[2026-03-30 12:16:15,273][root][INFO] - Epoch: 293 | Loss: 0.0013 | Val - MRR: 0.3632, MR:  160.22, H@1: 0.271, H@3: 0.396, H@10: 0.548 | Test - MRR: 0.3601 | *
[2026-03-30 12:18:21,411][root][INFO] - Epoch: 294 | Loss: 0.0013 | Val - MRR: 0.3630, MR:  162.35, H@1: 0.271, H@3: 0.396, H@10: 0.548 | 
[2026-03-30 12:20:43,044][root][INFO] - Epoch: 295 | Loss: 0.0013 | Val - MRR: 0.3638, MR:  162.04, H@1: 0.272, H@3: 0.398, H@10: 0.549 | Test - MRR: 0.3589 | *
[2026-03-30 12:22:49,346][root][INFO] - Epoch: 296 | Loss: 0.0013 | Val - MRR: 0.3634, MR:  161.55, H@1: 0.272, H@3: 0.398, H@10: 0.547 | 
[2026-03-30 12:25:11,339][root][INFO] - Epoch: 297 | Loss: 0.0013 | Val - MRR: 0.3638, MR:  165.09, H@1: 0.272, H@3: 0.399, H@10: 0.547 | Test - MRR: 0.3581 | *
[2026-03-30 12:27:33,730][root][INFO] - Epoch: 298 | Loss: 0.0013 | Val - MRR: 0.3643, MR:  160.44, H@1: 0.272, H@3: 0.399, H@10: 0.548 | Test - MRR: 0.3590 | *
[2026-03-30 12:29:57,607][root][INFO] - Epoch: 299 | Loss: 0.0013 | Val - MRR: 0.3649, MR:  162.53, H@1: 0.273, H@3: 0.400, H@10: 0.550 | Test - MRR: 0.3604 | *
[2026-03-30 12:32:03,902][root][INFO] - Epoch: 300 | Loss: 0.0013 | Val - MRR: 0.3639, MR:  160.30, H@1: 0.273, H@3: 0.399, H@10: 0.548 | 
[2026-03-30 12:34:10,444][root][INFO] - Epoch: 301 | Loss: 0.0013 | Val - MRR: 0.3646, MR:  161.03, H@1: 0.273, H@3: 0.400, H@10: 0.548 | 
[2026-03-30 12:36:32,489][root][INFO] - Epoch: 302 | Loss: 0.0013 | Val - MRR: 0.3657, MR:  161.45, H@1: 0.274, H@3: 0.400, H@10: 0.549 | Test - MRR: 0.3601 | *
[2026-03-30 12:38:41,023][root][INFO] - Epoch: 303 | Loss: 0.0013 | Val - MRR: 0.3644, MR:  160.47, H@1: 0.273, H@3: 0.399, H@10: 0.549 | 
[2026-03-30 12:40:47,945][root][INFO] - Epoch: 304 | Loss: 0.0013 | Val - MRR: 0.3644, MR:  162.44, H@1: 0.272, H@3: 0.398, H@10: 0.550 | 
[2026-03-30 12:42:55,170][root][INFO] - Epoch: 305 | Loss: 0.0013 | Val - MRR: 0.3634, MR:  162.74, H@1: 0.271, H@3: 0.398, H@10: 0.549 | 
[2026-03-30 12:45:01,526][root][INFO] - Epoch: 306 | Loss: 0.0013 | Val - MRR: 0.3627, MR:  162.03, H@1: 0.270, H@3: 0.399, H@10: 0.549 | 
[2026-03-30 12:47:09,339][root][INFO] - Epoch: 307 | Loss: 0.0013 | Val - MRR: 0.3633, MR:  161.77, H@1: 0.272, H@3: 0.397, H@10: 0.549 | 
[2026-03-30 12:49:15,208][root][INFO] - Epoch: 308 | Loss: 0.0013 | Val - MRR: 0.3641, MR:  159.81, H@1: 0.272, H@3: 0.398, H@10: 0.549 | 
[2026-03-30 12:51:22,405][root][INFO] - Epoch: 309 | Loss: 0.0013 | Val - MRR: 0.3633, MR:  161.80, H@1: 0.272, H@3: 0.397, H@10: 0.549 | 
[2026-03-30 12:53:28,879][root][INFO] - Epoch: 310 | Loss: 0.0013 | Val - MRR: 0.3651, MR:  162.58, H@1: 0.274, H@3: 0.399, H@10: 0.549 | 
[2026-03-30 12:55:36,193][root][INFO] - Epoch: 311 | Loss: 0.0013 | Val - MRR: 0.3631, MR:  161.77, H@1: 0.271, H@3: 0.397, H@10: 0.548 | 
[2026-03-30 12:57:43,808][root][INFO] - Epoch: 312 | Loss: 0.0013 | Val - MRR: 0.3652, MR:  160.94, H@1: 0.274, H@3: 0.398, H@10: 0.551 | 
[2026-03-30 12:59:51,314][root][INFO] - Epoch: 313 | Loss: 0.0013 | Val - MRR: 0.3651, MR:  161.04, H@1: 0.273, H@3: 0.400, H@10: 0.550 | 
[2026-03-30 13:01:57,130][root][INFO] - Epoch: 314 | Loss: 0.0013 | Val - MRR: 0.3639, MR:  162.01, H@1: 0.272, H@3: 0.398, H@10: 0.548 | 
[2026-03-30 13:04:04,415][root][INFO] - Epoch: 315 | Loss: 0.0013 | Val - MRR: 0.3649, MR:  159.57, H@1: 0.273, H@3: 0.399, H@10: 0.550 | 
[2026-03-30 13:06:11,339][root][INFO] - Epoch: 316 | Loss: 0.0013 | Val - MRR: 0.3630, MR:  161.65, H@1: 0.271, H@3: 0.397, H@10: 0.549 | 
[2026-03-30 13:08:17,680][root][INFO] - Epoch: 317 | Loss: 0.0013 | Val - MRR: 0.3636, MR:  161.22, H@1: 0.271, H@3: 0.398, H@10: 0.549 | 
[2026-03-30 13:10:39,629][root][INFO] - Epoch: 318 | Loss: 0.0013 | Val - MRR: 0.3644, MR:  163.23, H@1: 0.272, H@3: 0.400, H@10: 0.550 | Test - MRR: 0.3608 | *
[2026-03-30 13:12:46,587][root][INFO] - Epoch: 319 | Loss: 0.0013 | Val - MRR: 0.3641, MR:  161.61, H@1: 0.273, H@3: 0.399, H@10: 0.549 | 
[2026-03-30 13:15:10,302][root][INFO] - Epoch: 320 | Loss: 0.0013 | Val - MRR: 0.3647, MR:  160.04, H@1: 0.272, H@3: 0.400, H@10: 0.552 | Test - MRR: 0.3598 | *
[2026-03-30 13:17:16,377][root][INFO] - Epoch: 321 | Loss: 0.0013 | Val - MRR: 0.3642, MR:  164.18, H@1: 0.272, H@3: 0.400, H@10: 0.551 | 
[2026-03-30 13:19:23,214][root][INFO] - Epoch: 322 | Loss: 0.0013 | Val - MRR: 0.3634, MR:  160.99, H@1: 0.271, H@3: 0.398, H@10: 0.549 | 
[2026-03-30 13:21:29,551][root][INFO] - Epoch: 323 | Loss: 0.0013 | Val - MRR: 0.3640, MR:  162.53, H@1: 0.272, H@3: 0.399, H@10: 0.550 | 
[2026-03-30 13:23:36,780][root][INFO] - Epoch: 324 | Loss: 0.0013 | Val - MRR: 0.3640, MR:  161.93, H@1: 0.273, H@3: 0.398, H@10: 0.549 | 
[2026-03-30 13:25:43,048][root][INFO] - Epoch: 325 | Loss: 0.0013 | Val - MRR: 0.3642, MR:  161.78, H@1: 0.272, H@3: 0.400, H@10: 0.551 | 
[2026-03-30 13:27:47,798][root][INFO] - Epoch: 326 | Loss: 0.0013 | Val - MRR: 0.3636, MR:  162.56, H@1: 0.271, H@3: 0.399, H@10: 0.551 | 
[2026-03-30 13:29:53,422][root][INFO] - Epoch: 327 | Loss: 0.0013 | Val - MRR: 0.3630, MR:  163.01, H@1: 0.270, H@3: 0.399, H@10: 0.552 | 
[2026-03-30 13:32:00,250][root][INFO] - Epoch: 328 | Loss: 0.0013 | Val - MRR: 0.3632, MR:  160.77, H@1: 0.270, H@3: 0.399, H@10: 0.551 | 
[2026-03-30 13:34:06,635][root][INFO] - Epoch: 329 | Loss: 0.0013 | Val - MRR: 0.3631, MR:  159.60, H@1: 0.271, H@3: 0.397, H@10: 0.550 | 
[2026-03-30 13:36:12,829][root][INFO] - Epoch: 330 | Loss: 0.0013 | Val - MRR: 0.3622, MR:  165.10, H@1: 0.270, H@3: 0.398, H@10: 0.550 | 
[2026-03-30 13:38:20,240][root][INFO] - Epoch: 331 | Loss: 0.0013 | Val - MRR: 0.3636, MR:  163.59, H@1: 0.272, H@3: 0.398, H@10: 0.549 | 
[2026-03-30 13:40:25,713][root][INFO] - Epoch: 332 | Loss: 0.0013 | Val - MRR: 0.3638, MR:  161.39, H@1: 0.271, H@3: 0.399, H@10: 0.551 | 
[2026-03-30 13:42:31,275][root][INFO] - Epoch: 333 | Loss: 0.0013 | Val - MRR: 0.3641, MR:  162.63, H@1: 0.272, H@3: 0.398, H@10: 0.549 | 
[2026-03-30 13:44:37,445][root][INFO] - Epoch: 334 | Loss: 0.0013 | Val - MRR: 0.3637, MR:  165.79, H@1: 0.271, H@3: 0.400, H@10: 0.550 | 
[2026-03-30 13:46:44,089][root][INFO] - Epoch: 335 | Loss: 0.0013 | Val - MRR: 0.3645, MR:  162.23, H@1: 0.272, H@3: 0.400, H@10: 0.551 | 
[2026-03-30 13:48:48,472][root][INFO] - Epoch: 336 | Loss: 0.0013 | Val - MRR: 0.3628, MR:  161.91, H@1: 0.271, H@3: 0.397, H@10: 0.548 | 
[2026-03-30 13:50:52,231][root][INFO] - Epoch: 337 | Loss: 0.0013 | Val - MRR: 0.3627, MR:  161.69, H@1: 0.271, H@3: 0.398, H@10: 0.548 | 
[2026-03-30 13:52:57,606][root][INFO] - Epoch: 338 | Loss: 0.0013 | Val - MRR: 0.3623, MR:  164.26, H@1: 0.270, H@3: 0.398, H@10: 0.548 | 
[2026-03-30 13:55:04,791][root][INFO] - Epoch: 339 | Loss: 0.0013 | Val - MRR: 0.3629, MR:  163.51, H@1: 0.271, H@3: 0.398, H@10: 0.548 | 
[2026-03-30 13:57:11,366][root][INFO] - Epoch: 340 | Loss: 0.0013 | Val - MRR: 0.3635, MR:  162.55, H@1: 0.272, H@3: 0.398, H@10: 0.548 | 
[2026-03-30 13:59:16,626][root][INFO] - Epoch: 341 | Loss: 0.0013 | Val - MRR: 0.3629, MR:  163.65, H@1: 0.270, H@3: 0.398, H@10: 0.549 | 
[2026-03-30 14:01:23,996][root][INFO] - Epoch: 342 | Loss: 0.0013 | Val - MRR: 0.3631, MR:  163.80, H@1: 0.271, H@3: 0.400, H@10: 0.548 | 
[2026-03-30 14:03:29,845][root][INFO] - Epoch: 343 | Loss: 0.0013 | Val - MRR: 0.3634, MR:  163.53, H@1: 0.271, H@3: 0.399, H@10: 0.550 | 
[2026-03-30 14:05:35,684][root][INFO] - Epoch: 344 | Loss: 0.0013 | Val - MRR: 0.3634, MR:  166.87, H@1: 0.271, H@3: 0.398, H@10: 0.550 | 
[2026-03-30 14:07:41,622][root][INFO] - Epoch: 345 | Loss: 0.0013 | Val - MRR: 0.3635, MR:  163.49, H@1: 0.271, H@3: 0.400, H@10: 0.549 | 
[2026-03-30 14:09:49,306][root][INFO] - Epoch: 346 | Loss: 0.0013 | Val - MRR: 0.3639, MR:  166.27, H@1: 0.272, H@3: 0.398, H@10: 0.550 | 
[2026-03-30 14:11:54,959][root][INFO] - Epoch: 347 | Loss: 0.0013 | Val - MRR: 0.3629, MR:  165.42, H@1: 0.270, H@3: 0.399, H@10: 0.550 | 
[2026-03-30 14:14:00,463][root][INFO] - Epoch: 348 | Loss: 0.0013 | Val - MRR: 0.3644, MR:  165.41, H@1: 0.272, H@3: 0.400, H@10: 0.552 | 
[2026-03-30 14:16:06,626][root][INFO] - Epoch: 349 | Loss: 0.0013 | Val - MRR: 0.3634, MR:  166.07, H@1: 0.270, H@3: 0.400, H@10: 0.551 | 
[2026-03-30 14:18:11,889][root][INFO] - Epoch: 350 | Loss: 0.0013 | Val - MRR: 0.3643, MR:  169.33, H@1: 0.272, H@3: 0.399, H@10: 0.551 | 
[2026-03-30 14:20:17,951][root][INFO] - Epoch: 351 | Loss: 0.0013 | Val - MRR: 0.3641, MR:  165.73, H@1: 0.270, H@3: 0.401, H@10: 0.553 | 
[2026-03-30 14:22:24,562][root][INFO] - Epoch: 352 | Loss: 0.0013 | Val - MRR: 0.3636, MR:  163.82, H@1: 0.271, H@3: 0.399, H@10: 0.551 | 
[2026-03-30 14:24:30,871][root][INFO] - Epoch: 353 | Loss: 0.0013 | Val - MRR: 0.3631, MR:  164.83, H@1: 0.269, H@3: 0.399, H@10: 0.551 | 
[2026-03-30 14:26:35,844][root][INFO] - Epoch: 354 | Loss: 0.0013 | Val - MRR: 0.3634, MR:  167.41, H@1: 0.271, H@3: 0.398, H@10: 0.550 | 
[2026-03-30 14:28:43,572][root][INFO] - Epoch: 355 | Loss: 0.0013 | Val - MRR: 0.3636, MR:  163.87, H@1: 0.271, H@3: 0.399, H@10: 0.549 | 
[2026-03-30 14:30:48,422][root][INFO] - Epoch: 356 | Loss: 0.0013 | Val - MRR: 0.3641, MR:  166.08, H@1: 0.272, H@3: 0.399, H@10: 0.549 | 
[2026-03-30 14:30:48,423][root][INFO] - Long time no improvenment, stop training...
[2026-03-30 14:30:48,423][root][INFO] - Training end...
[2026-03-30 14:30:48,745][root][INFO] - ✅ 成功加载最优模型：/home/wangwei/DSGNet-main/DSGNet/model_checkpoints/best_model_FB15k_237_20260330_131023.torch
[2026-03-30 14:30:48,746][root][INFO] - 📌 最优模型来自Epoch：318，最优MRR：0.3608
[2026-03-30 14:30:48,746][root][INFO] - Train metrics ...
[2026-03-30 14:31:55,963][root][INFO] - Train (head) - MRR: 0.6436, MR:    9.99, H@1: 0.524, H@3: 0.725, H@10: 0.860
[2026-03-30 14:31:55,964][root][INFO] - Train (tail) - MRR: 0.7312, MR:    5.89, H@1: 0.626, H@3: 0.808, H@10: 0.916
[2026-03-30 14:31:55,964][root][INFO] - Train (avg) - MRR: 0.6874, MR:    7.94, H@1: 0.575, H@3: 0.767, H@10: 0.888

[2026-03-30 14:31:55,964][root][INFO] - Valid metrics ...
[2026-03-30 14:32:12,124][root][INFO] - Valid (head) - MRR: 0.2651, MR:  212.19, H@1: 0.174, H@3: 0.295, H@10: 0.447
[2026-03-30 14:32:12,125][root][INFO] - Valid (tail) - MRR: 0.4637, MR:  114.26, H@1: 0.369, H@3: 0.506, H@10: 0.654
[2026-03-30 14:32:12,125][root][INFO] - Valid (avg) - MRR: 0.3644, MR:  163.23, H@1: 0.272, H@3: 0.400, H@10: 0.550

[2026-03-30 14:32:12,125][root][INFO] - Test metrics...
[2026-03-30 14:32:26,966][root][INFO] - Test (head) - MRR: 0.2637, MR:  214.54, H@1: 0.173, H@3: 0.291, H@10: 0.444
[2026-03-30 14:32:26,966][root][INFO] - Test (tail) - MRR: 0.4579, MR:  129.61, H@1: 0.361, H@3: 0.504, H@10: 0.649
[2026-03-30 14:32:26,966][root][INFO] - Test (avg) - MRR: 0.3608, MR:  172.08, H@1: 0.267, H@3: 0.397, H@10: 0.547

[2026-03-30 14:32:26,967][root][INFO] - Model save path: /home/wangwei/DSGNet-main/DSGNet/data/output/FB15k_237/2026-03-30/00-05-01
