[2026-04-06 23:46:11,667][root][INFO] - 
------Config------
 {'dataset': 'FB15k_237', 'epoch': 600, 'batch_size': 1024, 'learning_rate': 0.00035, 'h_dim': 480, 'pred_rel_w': False, 'label_smooth': 0.1, 'n_heads': 8, 'topk': 15, 'kg_layer': 2, 'rm_rate': 0.5, 'ent_drop': 0.3, 'rel_drop': 0.2, 'comp_op': 'mul', 'bn': False, 'k_h': 16, 'k_w': 30, 'conv_drop': 0.3, 'ent_drop_pred': 0.3, 'fc_drop': 0.5, 'ker_sz': 8, 'out_channel': 200, 'device': 0, 'max_no_improve': 35, 'cpu_worker_num': 10, 'warmup_epoch': 5}
[2026-04-06 23:46:11,667][root][INFO] - Code dir path: /home/wangwei/DSGNet-main/DSGNet/code_new
[2026-04-06 23:46:11,667][root][INFO] - Config dir path: /home/wangwei/DSGNet-main/DSGNet/config
[2026-04-06 23:46:11,667][root][INFO] - Model save path: /home/wangwei/DSGNet-main/DSGNet/data/output/FB15k_237/2026-04-06/23-46-11
[2026-04-06 23:46:15,623][root][INFO] - kg # node: 14541
[2026-04-06 23:46:15,623][root][INFO] - kg # edge: 544230
[2026-04-06 23:46:15,623][root][INFO] - kg # zero deg node: 36
[2026-04-06 23:46:15,623][root][INFO] - ---Load Train Data---
[2026-04-06 23:46:18,084][root][INFO] - -----Model Parameter Configuration-----
[2026-04-06 23:46:18,084][root][INFO] - Parameter ent_emb: torch.Size([14541, 480]), require_grad = True
[2026-04-06 23:46:18,084][root][INFO] - Parameter pred_rel_emb: torch.Size([474, 480]), require_grad = True
[2026-04-06 23:46:18,084][root][INFO] - Parameter W_fuse: torch.Size([480, 480]), require_grad = True
[2026-04-06 23:46:18,084][root][INFO] - Parameter a_fuse: torch.Size([960, 1]), require_grad = True
[2026-04-06 23:46:18,084][root][INFO] - Parameter rel_embs.0: torch.Size([474, 480]), require_grad = True
[2026-04-06 23:46:18,084][root][INFO] - Parameter rel_embs.1: torch.Size([474, 480]), require_grad = True
[2026-04-06 23:46:18,085][root][INFO] - Parameter predictor.bn0.weight: torch.Size([1]), require_grad = True
[2026-04-06 23:46:18,085][root][INFO] - Parameter predictor.bn0.bias: torch.Size([1]), require_grad = True
[2026-04-06 23:46:18,085][root][INFO] - Parameter predictor.bn1.weight: torch.Size([200]), require_grad = True
[2026-04-06 23:46:18,085][root][INFO] - Parameter predictor.bn1.bias: torch.Size([200]), require_grad = True
[2026-04-06 23:46:18,085][root][INFO] - Parameter predictor.bn2.weight: torch.Size([480]), require_grad = True
[2026-04-06 23:46:18,085][root][INFO] - Parameter predictor.bn2.bias: torch.Size([480]), require_grad = True
[2026-04-06 23:46:18,085][root][INFO] - Parameter predictor.conv.weight: torch.Size([200, 1, 8, 8]), require_grad = True
[2026-04-06 23:46:18,085][root][INFO] - Parameter predictor.fc.weight: torch.Size([480, 115000]), require_grad = True
[2026-04-06 23:46:18,085][root][INFO] - Parameter L.weight: torch.Size([480, 480]), require_grad = True
[2026-04-06 23:46:18,085][root][INFO] - Parameter L.bias: torch.Size([480]), require_grad = True
[2026-04-06 23:46:18,085][root][INFO] - Parameter S.weight: torch.Size([480, 480]), require_grad = True
[2026-04-06 23:46:18,085][root][INFO] - Parameter S.bias: torch.Size([480]), require_grad = True
[2026-04-06 23:46:18,085][root][INFO] - Parameter comp_layers.0.neigh_w: torch.Size([480, 480]), require_grad = True
[2026-04-06 23:46:18,085][root][INFO] - Parameter comp_layers.0.W.0: torch.Size([480, 60]), require_grad = True
[2026-04-06 23:46:18,085][root][INFO] - Parameter comp_layers.0.W.1: torch.Size([480, 60]), require_grad = True
[2026-04-06 23:46:18,085][root][INFO] - Parameter comp_layers.0.W.2: torch.Size([480, 60]), require_grad = True
[2026-04-06 23:46:18,085][root][INFO] - Parameter comp_layers.0.W.3: torch.Size([480, 60]), require_grad = True
[2026-04-06 23:46:18,085][root][INFO] - Parameter comp_layers.0.W.4: torch.Size([480, 60]), require_grad = True
[2026-04-06 23:46:18,085][root][INFO] - Parameter comp_layers.0.W.5: torch.Size([480, 60]), require_grad = True
[2026-04-06 23:46:18,085][root][INFO] - Parameter comp_layers.0.W.6: torch.Size([480, 60]), require_grad = True
[2026-04-06 23:46:18,085][root][INFO] - Parameter comp_layers.0.W.7: torch.Size([480, 60]), require_grad = True
[2026-04-06 23:46:18,085][root][INFO] - Parameter comp_layers.0.W_r.0: torch.Size([480, 60]), require_grad = True
[2026-04-06 23:46:18,085][root][INFO] - Parameter comp_layers.0.W_r.1: torch.Size([480, 60]), require_grad = True
[2026-04-06 23:46:18,086][root][INFO] - Parameter comp_layers.0.W_r.2: torch.Size([480, 60]), require_grad = True
[2026-04-06 23:46:18,086][root][INFO] - Parameter comp_layers.0.W_r.3: torch.Size([480, 60]), require_grad = True
[2026-04-06 23:46:18,086][root][INFO] - Parameter comp_layers.0.W_r.4: torch.Size([480, 60]), require_grad = True
[2026-04-06 23:46:18,086][root][INFO] - Parameter comp_layers.0.W_r.5: torch.Size([480, 60]), require_grad = True
[2026-04-06 23:46:18,086][root][INFO] - Parameter comp_layers.0.W_r.6: torch.Size([480, 60]), require_grad = True
[2026-04-06 23:46:18,086][root][INFO] - Parameter comp_layers.0.W_r.7: torch.Size([480, 60]), require_grad = True
[2026-04-06 23:46:18,086][root][INFO] - Parameter comp_layers.0.a.0: torch.Size([180, 1]), require_grad = True
[2026-04-06 23:46:18,086][root][INFO] - Parameter comp_layers.0.a.1: torch.Size([180, 1]), require_grad = True
[2026-04-06 23:46:18,086][root][INFO] - Parameter comp_layers.0.a.2: torch.Size([180, 1]), require_grad = True
[2026-04-06 23:46:18,086][root][INFO] - Parameter comp_layers.0.a.3: torch.Size([180, 1]), require_grad = True
[2026-04-06 23:46:18,086][root][INFO] - Parameter comp_layers.0.a.4: torch.Size([180, 1]), require_grad = True
[2026-04-06 23:46:18,086][root][INFO] - Parameter comp_layers.0.a.5: torch.Size([180, 1]), require_grad = True
[2026-04-06 23:46:18,086][root][INFO] - Parameter comp_layers.0.a.6: torch.Size([180, 1]), require_grad = True
[2026-04-06 23:46:18,086][root][INFO] - Parameter comp_layers.0.a.7: torch.Size([180, 1]), require_grad = True
[2026-04-06 23:46:18,086][root][INFO] - Parameter comp_layers.1.neigh_w: torch.Size([480, 480]), require_grad = True
[2026-04-06 23:46:18,086][root][INFO] - Parameter comp_layers.1.W.0: torch.Size([480, 60]), require_grad = True
[2026-04-06 23:46:18,086][root][INFO] - Parameter comp_layers.1.W.1: torch.Size([480, 60]), require_grad = True
[2026-04-06 23:46:18,086][root][INFO] - Parameter comp_layers.1.W.2: torch.Size([480, 60]), require_grad = True
[2026-04-06 23:46:18,086][root][INFO] - Parameter comp_layers.1.W.3: torch.Size([480, 60]), require_grad = True
[2026-04-06 23:46:18,086][root][INFO] - Parameter comp_layers.1.W.4: torch.Size([480, 60]), require_grad = True
[2026-04-06 23:46:18,086][root][INFO] - Parameter comp_layers.1.W.5: torch.Size([480, 60]), require_grad = True
[2026-04-06 23:46:18,086][root][INFO] - Parameter comp_layers.1.W.6: torch.Size([480, 60]), require_grad = True
[2026-04-06 23:46:18,086][root][INFO] - Parameter comp_layers.1.W.7: torch.Size([480, 60]), require_grad = True
[2026-04-06 23:46:18,086][root][INFO] - Parameter comp_layers.1.W_r.0: torch.Size([480, 60]), require_grad = True
[2026-04-06 23:46:18,086][root][INFO] - Parameter comp_layers.1.W_r.1: torch.Size([480, 60]), require_grad = True
[2026-04-06 23:46:18,086][root][INFO] - Parameter comp_layers.1.W_r.2: torch.Size([480, 60]), require_grad = True
[2026-04-06 23:46:18,086][root][INFO] - Parameter comp_layers.1.W_r.3: torch.Size([480, 60]), require_grad = True
[2026-04-06 23:46:18,087][root][INFO] - Parameter comp_layers.1.W_r.4: torch.Size([480, 60]), require_grad = True
[2026-04-06 23:46:18,087][root][INFO] - Parameter comp_layers.1.W_r.5: torch.Size([480, 60]), require_grad = True
[2026-04-06 23:46:18,087][root][INFO] - Parameter comp_layers.1.W_r.6: torch.Size([480, 60]), require_grad = True
[2026-04-06 23:46:18,087][root][INFO] - Parameter comp_layers.1.W_r.7: torch.Size([480, 60]), require_grad = True
[2026-04-06 23:46:18,087][root][INFO] - Parameter comp_layers.1.a.0: torch.Size([180, 1]), require_grad = True
[2026-04-06 23:46:18,087][root][INFO] - Parameter comp_layers.1.a.1: torch.Size([180, 1]), require_grad = True
[2026-04-06 23:46:18,087][root][INFO] - Parameter comp_layers.1.a.2: torch.Size([180, 1]), require_grad = True
[2026-04-06 23:46:18,087][root][INFO] - Parameter comp_layers.1.a.3: torch.Size([180, 1]), require_grad = True
[2026-04-06 23:46:18,087][root][INFO] - Parameter comp_layers.1.a.4: torch.Size([180, 1]), require_grad = True
[2026-04-06 23:46:18,087][root][INFO] - Parameter comp_layers.1.a.5: torch.Size([180, 1]), require_grad = True
[2026-04-06 23:46:18,087][root][INFO] - Parameter comp_layers.1.a.6: torch.Size([180, 1]), require_grad = True
[2026-04-06 23:46:18,087][root][INFO] - Parameter comp_layers.1.a.7: torch.Size([180, 1]), require_grad = True
[2026-04-06 23:46:19,009][root][INFO] - Training... total epoch: 600, step: 88200
[2026-04-06 23:49:11,208][root][INFO] - Epoch:   0 | Loss: 0.4503 | Val - MRR: 0.0017, MR: 6582.68, H@1: 0.000, H@3: 0.000, H@10: 0.000 | Test - MRR: 0.0017 | *
[2026-04-06 23:52:05,210][root][INFO] - Epoch:   1 | Loss: 0.0064 | Val - MRR: 0.0086, MR: 5649.76, H@1: 0.004, H@3: 0.009, H@10: 0.010 | Test - MRR: 0.0084 | *
[2026-04-06 23:55:01,761][root][INFO] - Epoch:   2 | Loss: 0.0031 | Val - MRR: 0.0401, MR: 4158.56, H@1: 0.033, H@3: 0.039, H@10: 0.045 | Test - MRR: 0.0397 | *
[2026-04-06 23:57:59,881][root][INFO] - Epoch:   3 | Loss: 0.0029 | Val - MRR: 0.0836, MR: 2841.41, H@1: 0.067, H@3: 0.087, H@10: 0.104 | Test - MRR: 0.0813 | *
[2026-04-07 00:00:51,764][root][INFO] - Epoch:   4 | Loss: 0.0028 | Val - MRR: 0.1060, MR: 2132.19, H@1: 0.079, H@3: 0.113, H@10: 0.147 | Test - MRR: 0.1057 | *
[2026-04-07 00:03:45,120][root][INFO] - Epoch:   5 | Loss: 0.0027 | Val - MRR: 0.1334, MR: 1727.34, H@1: 0.100, H@3: 0.141, H@10: 0.191 | Test - MRR: 0.1326 | *
[2026-04-07 00:06:36,549][root][INFO] - Epoch:   6 | Loss: 0.0027 | Val - MRR: 0.1580, MR: 1395.28, H@1: 0.117, H@3: 0.171, H@10: 0.231 | Test - MRR: 0.1565 | *
[2026-04-07 00:09:28,953][root][INFO] - Epoch:   7 | Loss: 0.0026 | Val - MRR: 0.1711, MR: 1165.83, H@1: 0.126, H@3: 0.185, H@10: 0.252 | Test - MRR: 0.1684 | *
[2026-04-07 00:12:20,074][root][INFO] - Epoch:   8 | Loss: 0.0025 | Val - MRR: 0.1774, MR: 1011.87, H@1: 0.130, H@3: 0.190, H@10: 0.267 | Test - MRR: 0.1752 | *
[2026-04-07 00:15:09,899][root][INFO] - Epoch:   9 | Loss: 0.0024 | Val - MRR: 0.1837, MR:  915.28, H@1: 0.134, H@3: 0.197, H@10: 0.278 | Test - MRR: 0.1816 | *
[2026-04-07 00:18:01,578][root][INFO] - Epoch:  10 | Loss: 0.0024 | Val - MRR: 0.1874, MR:  799.99, H@1: 0.135, H@3: 0.203, H@10: 0.287 | Test - MRR: 0.1857 | *
[2026-04-07 00:20:54,168][root][INFO] - Epoch:  11 | Loss: 0.0023 | Val - MRR: 0.1948, MR:  738.03, H@1: 0.142, H@3: 0.209, H@10: 0.295 | Test - MRR: 0.1924 | *
[2026-04-07 00:23:45,696][root][INFO] - Epoch:  12 | Loss: 0.0023 | Val - MRR: 0.1988, MR:  672.14, H@1: 0.145, H@3: 0.212, H@10: 0.304 | Test - MRR: 0.1967 | *
[2026-04-07 00:26:36,985][root][INFO] - Epoch:  13 | Loss: 0.0022 | Val - MRR: 0.2034, MR:  621.89, H@1: 0.147, H@3: 0.217, H@10: 0.312 | Test - MRR: 0.2022 | *
[2026-04-07 00:29:25,435][root][INFO] - Epoch:  14 | Loss: 0.0022 | Val - MRR: 0.2063, MR:  596.01, H@1: 0.149, H@3: 0.222, H@10: 0.317 | Test - MRR: 0.2047 | *
[2026-04-07 00:32:16,449][root][INFO] - Epoch:  15 | Loss: 0.0022 | Val - MRR: 0.2088, MR:  563.14, H@1: 0.151, H@3: 0.224, H@10: 0.321 | Test - MRR: 0.2071 | *
[2026-04-07 00:35:07,118][root][INFO] - Epoch:  16 | Loss: 0.0022 | Val - MRR: 0.2111, MR:  539.98, H@1: 0.153, H@3: 0.227, H@10: 0.324 | Test - MRR: 0.2106 | *
[2026-04-07 00:37:57,140][root][INFO] - Epoch:  17 | Loss: 0.0022 | Val - MRR: 0.2157, MR:  522.83, H@1: 0.157, H@3: 0.232, H@10: 0.329 | Test - MRR: 0.2147 | *
[2026-04-07 00:40:48,082][root][INFO] - Epoch:  18 | Loss: 0.0021 | Val - MRR: 0.2165, MR:  510.85, H@1: 0.157, H@3: 0.234, H@10: 0.331 | Test - MRR: 0.2152 | *
[2026-04-07 00:43:36,348][root][INFO] - Epoch:  19 | Loss: 0.0021 | Val - MRR: 0.2181, MR:  489.17, H@1: 0.158, H@3: 0.237, H@10: 0.334 | Test - MRR: 0.2175 | *
[2026-04-07 00:46:27,815][root][INFO] - Epoch:  20 | Loss: 0.0021 | Val - MRR: 0.2188, MR:  477.21, H@1: 0.158, H@3: 0.239, H@10: 0.335 | Test - MRR: 0.2185 | *
[2026-04-07 00:49:17,606][root][INFO] - Epoch:  21 | Loss: 0.0021 | Val - MRR: 0.2205, MR:  468.57, H@1: 0.159, H@3: 0.239, H@10: 0.339 | Test - MRR: 0.2197 | *
[2026-04-07 00:52:06,878][root][INFO] - Epoch:  22 | Loss: 0.0021 | Val - MRR: 0.2228, MR:  458.74, H@1: 0.160, H@3: 0.242, H@10: 0.342 | Test - MRR: 0.2230 | *
[2026-04-07 00:54:57,436][root][INFO] - Epoch:  23 | Loss: 0.0021 | Val - MRR: 0.2258, MR:  441.77, H@1: 0.163, H@3: 0.245, H@10: 0.346 | Test - MRR: 0.2249 | *
[2026-04-07 00:57:48,295][root][INFO] - Epoch:  24 | Loss: 0.0020 | Val - MRR: 0.2268, MR:  427.45, H@1: 0.164, H@3: 0.246, H@10: 0.349 | Test - MRR: 0.2259 | *
[2026-04-07 01:00:36,747][root][INFO] - Epoch:  25 | Loss: 0.0021 | Val - MRR: 0.2288, MR:  418.82, H@1: 0.165, H@3: 0.247, H@10: 0.350 | Test - MRR: 0.2281 | *
[2026-04-07 01:03:25,992][root][INFO] - Epoch:  26 | Loss: 0.0020 | Val - MRR: 0.2311, MR:  406.23, H@1: 0.167, H@3: 0.250, H@10: 0.352 | Test - MRR: 0.2293 | *
[2026-04-07 01:06:14,350][root][INFO] - Epoch:  27 | Loss: 0.0021 | Val - MRR: 0.2326, MR:  401.90, H@1: 0.169, H@3: 0.251, H@10: 0.355 | Test - MRR: 0.2319 | *
[2026-04-07 01:09:02,388][root][INFO] - Epoch:  28 | Loss: 0.0020 | Val - MRR: 0.2341, MR:  397.75, H@1: 0.169, H@3: 0.253, H@10: 0.359 | Test - MRR: 0.2335 | *
[2026-04-07 01:11:48,927][root][INFO] - Epoch:  29 | Loss: 0.0020 | Val - MRR: 0.2343, MR:  390.23, H@1: 0.169, H@3: 0.254, H@10: 0.360 | Test - MRR: 0.2332 | *
[2026-04-07 01:14:38,085][root][INFO] - Epoch:  30 | Loss: 0.0020 | Val - MRR: 0.2370, MR:  393.66, H@1: 0.172, H@3: 0.256, H@10: 0.362 | Test - MRR: 0.2354 | *
[2026-04-07 01:17:25,689][root][INFO] - Epoch:  31 | Loss: 0.0020 | Val - MRR: 0.2389, MR:  375.53, H@1: 0.172, H@3: 0.261, H@10: 0.367 | Test - MRR: 0.2371 | *
[2026-04-07 01:20:14,639][root][INFO] - Epoch:  32 | Loss: 0.0020 | Val - MRR: 0.2399, MR:  371.22, H@1: 0.174, H@3: 0.261, H@10: 0.366 | Test - MRR: 0.2375 | *
[2026-04-07 01:23:02,504][root][INFO] - Epoch:  33 | Loss: 0.0019 | Val - MRR: 0.2416, MR:  362.85, H@1: 0.175, H@3: 0.262, H@10: 0.369 | Test - MRR: 0.2400 | *
[2026-04-07 01:25:49,891][root][INFO] - Epoch:  34 | Loss: 0.0020 | Val - MRR: 0.2447, MR:  349.47, H@1: 0.178, H@3: 0.266, H@10: 0.373 | Test - MRR: 0.2432 | *
[2026-04-07 01:28:36,404][root][INFO] - Epoch:  35 | Loss: 0.0019 | Val - MRR: 0.2469, MR:  343.11, H@1: 0.179, H@3: 0.269, H@10: 0.375 | Test - MRR: 0.2460 | *
[2026-04-07 01:31:23,027][root][INFO] - Epoch:  36 | Loss: 0.0019 | Val - MRR: 0.2475, MR:  337.12, H@1: 0.180, H@3: 0.268, H@10: 0.377 | Test - MRR: 0.2457 | *
[2026-04-07 01:34:09,220][root][INFO] - Epoch:  37 | Loss: 0.0019 | Val - MRR: 0.2493, MR:  335.71, H@1: 0.182, H@3: 0.270, H@10: 0.381 | Test - MRR: 0.2479 | *
[2026-04-07 01:36:56,481][root][INFO] - Epoch:  38 | Loss: 0.0019 | Val - MRR: 0.2512, MR:  327.69, H@1: 0.182, H@3: 0.274, H@10: 0.384 | Test - MRR: 0.2492 | *
[2026-04-07 01:39:43,057][root][INFO] - Epoch:  39 | Loss: 0.0019 | Val - MRR: 0.2534, MR:  339.46, H@1: 0.185, H@3: 0.275, H@10: 0.385 | Test - MRR: 0.2518 | *
[2026-04-07 01:42:29,827][root][INFO] - Epoch:  40 | Loss: 0.0019 | Val - MRR: 0.2551, MR:  323.49, H@1: 0.187, H@3: 0.278, H@10: 0.386 | Test - MRR: 0.2530 | *
[2026-04-07 01:45:16,354][root][INFO] - Epoch:  41 | Loss: 0.0019 | Val - MRR: 0.2565, MR:  315.33, H@1: 0.187, H@3: 0.279, H@10: 0.387 | Test - MRR: 0.2538 | *
[2026-04-07 01:48:02,194][root][INFO] - Epoch:  42 | Loss: 0.0019 | Val - MRR: 0.2603, MR:  311.70, H@1: 0.191, H@3: 0.283, H@10: 0.393 | Test - MRR: 0.2570 | *
[2026-04-07 01:50:48,755][root][INFO] - Epoch:  43 | Loss: 0.0019 | Val - MRR: 0.2605, MR:  310.23, H@1: 0.191, H@3: 0.283, H@10: 0.395 | Test - MRR: 0.2586 | *
[2026-04-07 01:53:35,699][root][INFO] - Epoch:  44 | Loss: 0.0019 | Val - MRR: 0.2633, MR:  313.02, H@1: 0.193, H@3: 0.285, H@10: 0.397 | Test - MRR: 0.2597 | *
[2026-04-07 01:56:22,152][root][INFO] - Epoch:  45 | Loss: 0.0019 | Val - MRR: 0.2650, MR:  301.26, H@1: 0.194, H@3: 0.289, H@10: 0.400 | Test - MRR: 0.2622 | *
[2026-04-07 01:59:09,750][root][INFO] - Epoch:  46 | Loss: 0.0018 | Val - MRR: 0.2658, MR:  293.76, H@1: 0.195, H@3: 0.289, H@10: 0.403 | Test - MRR: 0.2632 | *
[2026-04-07 02:01:55,109][root][INFO] - Epoch:  47 | Loss: 0.0018 | Val - MRR: 0.2667, MR:  287.16, H@1: 0.196, H@3: 0.288, H@10: 0.405 | Test - MRR: 0.2637 | *
[2026-04-07 02:04:41,650][root][INFO] - Epoch:  48 | Loss: 0.0018 | Val - MRR: 0.2696, MR:  289.31, H@1: 0.198, H@3: 0.292, H@10: 0.408 | Test - MRR: 0.2659 | *
[2026-04-07 02:07:26,748][root][INFO] - Epoch:  49 | Loss: 0.0018 | Val - MRR: 0.2723, MR:  283.40, H@1: 0.200, H@3: 0.296, H@10: 0.412 | Test - MRR: 0.2691 | *
[2026-04-07 02:10:14,093][root][INFO] - Epoch:  50 | Loss: 0.0018 | Val - MRR: 0.2734, MR:  270.83, H@1: 0.200, H@3: 0.297, H@10: 0.414 | Test - MRR: 0.2699 | *
[2026-04-07 02:12:58,980][root][INFO] - Epoch:  51 | Loss: 0.0018 | Val - MRR: 0.2758, MR:  269.75, H@1: 0.202, H@3: 0.300, H@10: 0.417 | Test - MRR: 0.2726 | *
[2026-04-07 02:15:44,096][root][INFO] - Epoch:  52 | Loss: 0.0018 | Val - MRR: 0.2778, MR:  270.79, H@1: 0.205, H@3: 0.301, H@10: 0.419 | Test - MRR: 0.2734 | *
[2026-04-07 02:18:31,674][root][INFO] - Epoch:  53 | Loss: 0.0018 | Val - MRR: 0.2781, MR:  261.86, H@1: 0.204, H@3: 0.302, H@10: 0.422 | Test - MRR: 0.2744 | *
[2026-04-07 02:21:16,818][root][INFO] - Epoch:  54 | Loss: 0.0018 | Val - MRR: 0.2806, MR:  259.23, H@1: 0.207, H@3: 0.305, H@10: 0.423 | Test - MRR: 0.2770 | *
[2026-04-07 02:24:03,630][root][INFO] - Epoch:  55 | Loss: 0.0018 | Val - MRR: 0.2823, MR:  251.53, H@1: 0.208, H@3: 0.306, H@10: 0.428 | Test - MRR: 0.2788 | *
[2026-04-07 02:26:49,714][root][INFO] - Epoch:  56 | Loss: 0.0017 | Val - MRR: 0.2839, MR:  247.33, H@1: 0.209, H@3: 0.308, H@10: 0.430 | Test - MRR: 0.2809 | *
[2026-04-07 02:29:34,451][root][INFO] - Epoch:  57 | Loss: 0.0017 | Val - MRR: 0.2858, MR:  247.27, H@1: 0.211, H@3: 0.310, H@10: 0.432 | Test - MRR: 0.2825 | *
[2026-04-07 02:32:21,574][root][INFO] - Epoch:  58 | Loss: 0.0017 | Val - MRR: 0.2881, MR:  241.26, H@1: 0.213, H@3: 0.312, H@10: 0.435 | Test - MRR: 0.2829 | *
[2026-04-07 02:35:07,945][root][INFO] - Epoch:  59 | Loss: 0.0017 | Val - MRR: 0.2884, MR:  237.41, H@1: 0.212, H@3: 0.312, H@10: 0.437 | Test - MRR: 0.2836 | *
[2026-04-07 02:37:53,735][root][INFO] - Epoch:  60 | Loss: 0.0017 | Val - MRR: 0.2891, MR:  232.99, H@1: 0.212, H@3: 0.314, H@10: 0.439 | Test - MRR: 0.2860 | *
[2026-04-07 02:40:39,838][root][INFO] - Epoch:  61 | Loss: 0.0017 | Val - MRR: 0.2917, MR:  232.46, H@1: 0.215, H@3: 0.316, H@10: 0.441 | Test - MRR: 0.2887 | *
[2026-04-07 02:43:29,290][root][INFO] - Epoch:  62 | Loss: 0.0017 | Val - MRR: 0.2935, MR:  226.11, H@1: 0.216, H@3: 0.318, H@10: 0.445 | Test - MRR: 0.2900 | *
[2026-04-07 02:46:14,737][root][INFO] - Epoch:  63 | Loss: 0.0017 | Val - MRR: 0.2940, MR:  224.24, H@1: 0.216, H@3: 0.319, H@10: 0.447 | Test - MRR: 0.2906 | *
[2026-04-07 02:49:01,828][root][INFO] - Epoch:  64 | Loss: 0.0017 | Val - MRR: 0.2950, MR:  220.64, H@1: 0.217, H@3: 0.319, H@10: 0.448 | Test - MRR: 0.2916 | *
[2026-04-07 02:51:46,795][root][INFO] - Epoch:  65 | Loss: 0.0017 | Val - MRR: 0.2990, MR:  217.64, H@1: 0.220, H@3: 0.325, H@10: 0.453 | Test - MRR: 0.2961 | *
[2026-04-07 02:54:34,523][root][INFO] - Epoch:  66 | Loss: 0.0017 | Val - MRR: 0.3015, MR:  213.81, H@1: 0.224, H@3: 0.326, H@10: 0.454 | Test - MRR: 0.2968 | *
[2026-04-07 02:57:24,694][root][INFO] - Epoch:  67 | Loss: 0.0016 | Val - MRR: 0.3015, MR:  220.01, H@1: 0.222, H@3: 0.328, H@10: 0.455 | Test - MRR: 0.2984 | *
[2026-04-07 03:00:12,731][root][INFO] - Epoch:  68 | Loss: 0.0017 | Val - MRR: 0.3023, MR:  208.87, H@1: 0.224, H@3: 0.327, H@10: 0.458 | Test - MRR: 0.2999 | *
[2026-04-07 03:02:58,530][root][INFO] - Epoch:  69 | Loss: 0.0017 | Val - MRR: 0.3041, MR:  210.28, H@1: 0.223, H@3: 0.331, H@10: 0.462 | Test - MRR: 0.3007 | *
[2026-04-07 03:05:46,429][root][INFO] - Epoch:  70 | Loss: 0.0017 | Val - MRR: 0.3059, MR:  203.95, H@1: 0.226, H@3: 0.331, H@10: 0.461 | Test - MRR: 0.3018 | *
[2026-04-07 03:08:33,877][root][INFO] - Epoch:  71 | Loss: 0.0016 | Val - MRR: 0.3086, MR:  202.44, H@1: 0.228, H@3: 0.337, H@10: 0.468 | Test - MRR: 0.3046 | *
[2026-04-07 03:11:03,772][root][INFO] - Epoch:  72 | Loss: 0.0016 | Val - MRR: 0.3080, MR:  210.70, H@1: 0.228, H@3: 0.335, H@10: 0.466 | 
[2026-04-07 03:13:49,084][root][INFO] - Epoch:  73 | Loss: 0.0017 | Val - MRR: 0.3100, MR:  199.48, H@1: 0.228, H@3: 0.337, H@10: 0.469 | Test - MRR: 0.3060 | *
[2026-04-07 03:16:37,843][root][INFO] - Epoch:  74 | Loss: 0.0016 | Val - MRR: 0.3099, MR:  200.52, H@1: 0.228, H@3: 0.338, H@10: 0.470 | Test - MRR: 0.3064 | *
[2026-04-07 03:19:24,326][root][INFO] - Epoch:  75 | Loss: 0.0016 | Val - MRR: 0.3119, MR:  201.30, H@1: 0.231, H@3: 0.339, H@10: 0.473 | Test - MRR: 0.3073 | *
[2026-04-07 03:22:12,362][root][INFO] - Epoch:  76 | Loss: 0.0016 | Val - MRR: 0.3135, MR:  196.42, H@1: 0.231, H@3: 0.342, H@10: 0.477 | Test - MRR: 0.3101 | *
[2026-04-07 03:24:58,399][root][INFO] - Epoch:  77 | Loss: 0.0016 | Val - MRR: 0.3140, MR:  195.74, H@1: 0.233, H@3: 0.341, H@10: 0.475 | Test - MRR: 0.3115 | *
[2026-04-07 03:27:45,464][root][INFO] - Epoch:  78 | Loss: 0.0016 | Val - MRR: 0.3164, MR:  197.58, H@1: 0.234, H@3: 0.345, H@10: 0.479 | Test - MRR: 0.3122 | *
[2026-04-07 03:30:32,951][root][INFO] - Epoch:  79 | Loss: 0.0016 | Val - MRR: 0.3172, MR:  192.43, H@1: 0.234, H@3: 0.346, H@10: 0.480 | Test - MRR: 0.3137 | *
[2026-04-07 03:33:19,720][root][INFO] - Epoch:  80 | Loss: 0.0016 | Val - MRR: 0.3196, MR:  190.91, H@1: 0.237, H@3: 0.347, H@10: 0.485 | Test - MRR: 0.3154 | *
[2026-04-07 03:36:07,476][root][INFO] - Epoch:  81 | Loss: 0.0016 | Val - MRR: 0.3206, MR:  189.56, H@1: 0.238, H@3: 0.349, H@10: 0.484 | Test - MRR: 0.3175 | *
[2026-04-07 03:38:38,713][root][INFO] - Epoch:  82 | Loss: 0.0016 | Val - MRR: 0.3199, MR:  187.97, H@1: 0.236, H@3: 0.349, H@10: 0.485 | 
[2026-04-07 03:41:27,014][root][INFO] - Epoch:  83 | Loss: 0.0016 | Val - MRR: 0.3200, MR:  186.88, H@1: 0.236, H@3: 0.349, H@10: 0.487 | Test - MRR: 0.3178 | *
[2026-04-07 03:44:13,182][root][INFO] - Epoch:  84 | Loss: 0.0016 | Val - MRR: 0.3232, MR:  185.67, H@1: 0.239, H@3: 0.353, H@10: 0.489 | Test - MRR: 0.3188 | *
[2026-04-07 03:47:02,196][root][INFO] - Epoch:  85 | Loss: 0.0016 | Val - MRR: 0.3234, MR:  188.84, H@1: 0.240, H@3: 0.352, H@10: 0.490 | Test - MRR: 0.3198 | *
[2026-04-07 03:49:50,641][root][INFO] - Epoch:  86 | Loss: 0.0016 | Val - MRR: 0.3242, MR:  184.82, H@1: 0.240, H@3: 0.354, H@10: 0.491 | Test - MRR: 0.3216 | *
[2026-04-07 03:52:37,141][root][INFO] - Epoch:  87 | Loss: 0.0016 | Val - MRR: 0.3242, MR:  184.85, H@1: 0.239, H@3: 0.354, H@10: 0.492 | Test - MRR: 0.3213 | *
[2026-04-07 03:55:24,648][root][INFO] - Epoch:  88 | Loss: 0.0016 | Val - MRR: 0.3245, MR:  183.38, H@1: 0.240, H@3: 0.354, H@10: 0.494 | Test - MRR: 0.3210 | *
[2026-04-07 03:58:12,061][root][INFO] - Epoch:  89 | Loss: 0.0016 | Val - MRR: 0.3259, MR:  182.11, H@1: 0.241, H@3: 0.355, H@10: 0.495 | Test - MRR: 0.3226 | *
[2026-04-07 04:00:59,634][root][INFO] - Epoch:  90 | Loss: 0.0016 | Val - MRR: 0.3270, MR:  180.19, H@1: 0.241, H@3: 0.357, H@10: 0.498 | Test - MRR: 0.3251 | *
[2026-04-07 04:03:45,408][root][INFO] - Epoch:  91 | Loss: 0.0016 | Val - MRR: 0.3283, MR:  178.90, H@1: 0.243, H@3: 0.358, H@10: 0.499 | Test - MRR: 0.3250 | *
[2026-04-07 04:06:33,543][root][INFO] - Epoch:  92 | Loss: 0.0016 | Val - MRR: 0.3270, MR:  175.29, H@1: 0.241, H@3: 0.358, H@10: 0.499 | Test - MRR: 0.3264 | *
[2026-04-07 04:09:22,171][root][INFO] - Epoch:  93 | Loss: 0.0016 | Val - MRR: 0.3295, MR:  179.30, H@1: 0.244, H@3: 0.360, H@10: 0.500 | Test - MRR: 0.3258 | *
[2026-04-07 04:12:11,818][root][INFO] - Epoch:  94 | Loss: 0.0015 | Val - MRR: 0.3305, MR:  174.13, H@1: 0.244, H@3: 0.362, H@10: 0.501 | Test - MRR: 0.3276 | *
[2026-04-07 04:15:00,095][root][INFO] - Epoch:  95 | Loss: 0.0015 | Val - MRR: 0.3318, MR:  175.56, H@1: 0.247, H@3: 0.360, H@10: 0.502 | Test - MRR: 0.3281 | *
[2026-04-07 04:17:31,461][root][INFO] - Epoch:  96 | Loss: 0.0016 | Val - MRR: 0.3311, MR:  173.98, H@1: 0.245, H@3: 0.360, H@10: 0.503 | 
[2026-04-07 04:20:19,114][root][INFO] - Epoch:  97 | Loss: 0.0015 | Val - MRR: 0.3323, MR:  175.24, H@1: 0.246, H@3: 0.362, H@10: 0.504 | Test - MRR: 0.3292 | *
[2026-04-07 04:23:06,300][root][INFO] - Epoch:  98 | Loss: 0.0015 | Val - MRR: 0.3328, MR:  171.59, H@1: 0.247, H@3: 0.364, H@10: 0.506 | Test - MRR: 0.3289 | *
[2026-04-07 04:25:56,558][root][INFO] - Epoch:  99 | Loss: 0.0015 | Val - MRR: 0.3321, MR:  177.33, H@1: 0.246, H@3: 0.361, H@10: 0.506 | Test - MRR: 0.3292 | *
[2026-04-07 04:28:44,047][root][INFO] - Epoch: 100 | Loss: 0.0015 | Val - MRR: 0.3336, MR:  176.24, H@1: 0.248, H@3: 0.363, H@10: 0.505 | Test - MRR: 0.3308 | *
[2026-04-07 04:31:31,883][root][INFO] - Epoch: 101 | Loss: 0.0015 | Val - MRR: 0.3348, MR:  173.64, H@1: 0.248, H@3: 0.365, H@10: 0.509 | Test - MRR: 0.3311 | *
[2026-04-07 04:34:18,682][root][INFO] - Epoch: 102 | Loss: 0.0015 | Val - MRR: 0.3363, MR:  170.08, H@1: 0.250, H@3: 0.366, H@10: 0.510 | Test - MRR: 0.3323 | *
[2026-04-07 04:37:05,802][root][INFO] - Epoch: 103 | Loss: 0.0015 | Val - MRR: 0.3365, MR:  170.69, H@1: 0.251, H@3: 0.365, H@10: 0.509 | Test - MRR: 0.3321 | *
[2026-04-07 04:39:54,212][root][INFO] - Epoch: 104 | Loss: 0.0015 | Val - MRR: 0.3371, MR:  168.57, H@1: 0.251, H@3: 0.366, H@10: 0.510 | Test - MRR: 0.3335 | *
[2026-04-07 04:42:41,618][root][INFO] - Epoch: 105 | Loss: 0.0015 | Val - MRR: 0.3390, MR:  169.82, H@1: 0.253, H@3: 0.369, H@10: 0.513 | Test - MRR: 0.3355 | *
[2026-04-07 04:45:30,131][root][INFO] - Epoch: 106 | Loss: 0.0015 | Val - MRR: 0.3388, MR:  169.64, H@1: 0.252, H@3: 0.370, H@10: 0.512 | Test - MRR: 0.3356 | *
[2026-04-07 04:48:02,046][root][INFO] - Epoch: 107 | Loss: 0.0015 | Val - MRR: 0.3379, MR:  167.43, H@1: 0.250, H@3: 0.369, H@10: 0.514 | 
[2026-04-07 04:50:50,829][root][INFO] - Epoch: 108 | Loss: 0.0015 | Val - MRR: 0.3387, MR:  168.41, H@1: 0.251, H@3: 0.370, H@10: 0.515 | Test - MRR: 0.3359 | *
[2026-04-07 04:53:39,256][root][INFO] - Epoch: 109 | Loss: 0.0015 | Val - MRR: 0.3396, MR:  171.77, H@1: 0.252, H@3: 0.370, H@10: 0.515 | Test - MRR: 0.3360 | *
[2026-04-07 04:56:28,348][root][INFO] - Epoch: 110 | Loss: 0.0015 | Val - MRR: 0.3398, MR:  166.91, H@1: 0.253, H@3: 0.370, H@10: 0.515 | Test - MRR: 0.3360 | *
[2026-04-07 04:59:16,900][root][INFO] - Epoch: 111 | Loss: 0.0015 | Val - MRR: 0.3410, MR:  170.36, H@1: 0.253, H@3: 0.372, H@10: 0.517 | Test - MRR: 0.3362 | *
[2026-04-07 05:02:06,160][root][INFO] - Epoch: 112 | Loss: 0.0015 | Val - MRR: 0.3405, MR:  167.44, H@1: 0.253, H@3: 0.373, H@10: 0.516 | Test - MRR: 0.3372 | *
[2026-04-07 05:04:54,287][root][INFO] - Epoch: 113 | Loss: 0.0015 | Val - MRR: 0.3425, MR:  166.81, H@1: 0.255, H@3: 0.375, H@10: 0.515 | Test - MRR: 0.3382 | *
[2026-04-07 05:07:43,906][root][INFO] - Epoch: 114 | Loss: 0.0015 | Val - MRR: 0.3422, MR:  169.14, H@1: 0.255, H@3: 0.373, H@10: 0.518 | Test - MRR: 0.3383 | *
[2026-04-07 05:10:31,357][root][INFO] - Epoch: 115 | Loss: 0.0015 | Val - MRR: 0.3423, MR:  163.69, H@1: 0.255, H@3: 0.373, H@10: 0.518 | Test - MRR: 0.3381 | *
[2026-04-07 05:13:21,245][root][INFO] - Epoch: 116 | Loss: 0.0015 | Val - MRR: 0.3436, MR:  164.73, H@1: 0.256, H@3: 0.374, H@10: 0.520 | Test - MRR: 0.3397 | *
[2026-04-07 05:15:52,842][root][INFO] - Epoch: 117 | Loss: 0.0015 | Val - MRR: 0.3434, MR:  166.24, H@1: 0.255, H@3: 0.376, H@10: 0.520 | 
[2026-04-07 05:18:40,482][root][INFO] - Epoch: 118 | Loss: 0.0015 | Val - MRR: 0.3451, MR:  164.22, H@1: 0.257, H@3: 0.377, H@10: 0.523 | Test - MRR: 0.3409 | *
[2026-04-07 05:21:11,485][root][INFO] - Epoch: 119 | Loss: 0.0015 | Val - MRR: 0.3442, MR:  164.78, H@1: 0.256, H@3: 0.375, H@10: 0.522 | 
[2026-04-07 05:23:43,534][root][INFO] - Epoch: 120 | Loss: 0.0015 | Val - MRR: 0.3442, MR:  164.23, H@1: 0.255, H@3: 0.377, H@10: 0.522 | 
[2026-04-07 05:26:14,998][root][INFO] - Epoch: 121 | Loss: 0.0015 | Val - MRR: 0.3439, MR:  162.77, H@1: 0.255, H@3: 0.376, H@10: 0.523 | 
[2026-04-07 05:29:04,681][root][INFO] - Epoch: 122 | Loss: 0.0015 | Val - MRR: 0.3449, MR:  162.19, H@1: 0.256, H@3: 0.376, H@10: 0.524 | Test - MRR: 0.3411 | *
[2026-04-07 05:31:53,450][root][INFO] - Epoch: 123 | Loss: 0.0015 | Val - MRR: 0.3448, MR:  161.22, H@1: 0.255, H@3: 0.378, H@10: 0.525 | Test - MRR: 0.3414 | *
[2026-04-07 05:34:40,773][root][INFO] - Epoch: 124 | Loss: 0.0015 | Val - MRR: 0.3447, MR:  163.30, H@1: 0.255, H@3: 0.378, H@10: 0.523 | Test - MRR: 0.3416 | *
[2026-04-07 05:37:30,793][root][INFO] - Epoch: 125 | Loss: 0.0015 | Val - MRR: 0.3471, MR:  163.09, H@1: 0.258, H@3: 0.380, H@10: 0.526 | Test - MRR: 0.3428 | *
[2026-04-07 05:40:18,159][root][INFO] - Epoch: 126 | Loss: 0.0015 | Val - MRR: 0.3477, MR:  163.20, H@1: 0.259, H@3: 0.380, H@10: 0.527 | Test - MRR: 0.3425 | *
[2026-04-07 05:43:06,494][root][INFO] - Epoch: 127 | Loss: 0.0015 | Val - MRR: 0.3485, MR:  160.09, H@1: 0.261, H@3: 0.380, H@10: 0.526 | Test - MRR: 0.3438 | *
[2026-04-07 05:45:55,860][root][INFO] - Epoch: 128 | Loss: 0.0015 | Val - MRR: 0.3483, MR:  161.17, H@1: 0.259, H@3: 0.380, H@10: 0.526 | Test - MRR: 0.3445 | *
[2026-04-07 05:48:27,996][root][INFO] - Epoch: 129 | Loss: 0.0014 | Val - MRR: 0.3482, MR:  162.77, H@1: 0.260, H@3: 0.379, H@10: 0.527 | 
[2026-04-07 05:51:17,649][root][INFO] - Epoch: 130 | Loss: 0.0015 | Val - MRR: 0.3482, MR:  161.23, H@1: 0.260, H@3: 0.379, H@10: 0.525 | Test - MRR: 0.3448 | *
[2026-04-07 05:53:49,971][root][INFO] - Epoch: 131 | Loss: 0.0015 | Val - MRR: 0.3473, MR:  163.77, H@1: 0.259, H@3: 0.379, H@10: 0.527 | 
[2026-04-07 05:56:39,150][root][INFO] - Epoch: 132 | Loss: 0.0015 | Val - MRR: 0.3502, MR:  159.45, H@1: 0.261, H@3: 0.383, H@10: 0.531 | Test - MRR: 0.3458 | *
[2026-04-07 05:59:08,930][root][INFO] - Epoch: 133 | Loss: 0.0015 | Val - MRR: 0.3490, MR:  160.65, H@1: 0.259, H@3: 0.381, H@10: 0.530 | 
[2026-04-07 06:01:41,253][root][INFO] - Epoch: 134 | Loss: 0.0015 | Val - MRR: 0.3497, MR:  160.43, H@1: 0.261, H@3: 0.382, H@10: 0.530 | 
[2026-04-07 06:04:30,922][root][INFO] - Epoch: 135 | Loss: 0.0014 | Val - MRR: 0.3498, MR:  159.56, H@1: 0.260, H@3: 0.382, H@10: 0.529 | Test - MRR: 0.3467 | *
[2026-04-07 06:07:24,963][root][INFO] - Epoch: 136 | Loss: 0.0014 | Val - MRR: 0.3503, MR:  159.57, H@1: 0.261, H@3: 0.383, H@10: 0.530 | Test - MRR: 0.3467 | *
[2026-04-07 06:10:14,725][root][INFO] - Epoch: 137 | Loss: 0.0014 | Val - MRR: 0.3520, MR:  162.75, H@1: 0.262, H@3: 0.386, H@10: 0.533 | Test - MRR: 0.3483 | *
[2026-04-07 06:12:47,372][root][INFO] - Epoch: 138 | Loss: 0.0014 | Val - MRR: 0.3517, MR:  163.03, H@1: 0.263, H@3: 0.384, H@10: 0.531 | 
[2026-04-07 06:15:18,973][root][INFO] - Epoch: 139 | Loss: 0.0014 | Val - MRR: 0.3516, MR:  159.40, H@1: 0.263, H@3: 0.384, H@10: 0.532 | 
[2026-04-07 06:18:08,029][root][INFO] - Epoch: 140 | Loss: 0.0014 | Val - MRR: 0.3535, MR:  161.80, H@1: 0.264, H@3: 0.387, H@10: 0.534 | Test - MRR: 0.3489 | *
[2026-04-07 06:20:40,691][root][INFO] - Epoch: 141 | Loss: 0.0014 | Val - MRR: 0.3513, MR:  157.78, H@1: 0.261, H@3: 0.384, H@10: 0.532 | 
[2026-04-07 06:23:12,585][root][INFO] - Epoch: 142 | Loss: 0.0014 | Val - MRR: 0.3515, MR:  159.13, H@1: 0.262, H@3: 0.384, H@10: 0.532 | 
[2026-04-07 06:25:44,909][root][INFO] - Epoch: 143 | Loss: 0.0014 | Val - MRR: 0.3531, MR:  159.94, H@1: 0.264, H@3: 0.386, H@10: 0.532 | 
[2026-04-07 06:28:33,419][root][INFO] - Epoch: 144 | Loss: 0.0014 | Val - MRR: 0.3519, MR:  158.63, H@1: 0.262, H@3: 0.384, H@10: 0.532 | Test - MRR: 0.3490 | *
[2026-04-07 06:31:22,048][root][INFO] - Epoch: 145 | Loss: 0.0014 | Val - MRR: 0.3524, MR:  163.74, H@1: 0.263, H@3: 0.385, H@10: 0.531 | Test - MRR: 0.3488 | *
[2026-04-07 06:33:55,663][root][INFO] - Epoch: 146 | Loss: 0.0014 | Val - MRR: 0.3518, MR:  158.47, H@1: 0.262, H@3: 0.384, H@10: 0.533 | 
[2026-04-07 06:36:43,960][root][INFO] - Epoch: 147 | Loss: 0.0014 | Val - MRR: 0.3533, MR:  161.72, H@1: 0.264, H@3: 0.385, H@10: 0.533 | Test - MRR: 0.3496 | *
[2026-04-07 06:39:16,068][root][INFO] - Epoch: 148 | Loss: 0.0014 | Val - MRR: 0.3526, MR:  157.59, H@1: 0.262, H@3: 0.385, H@10: 0.533 | 
[2026-04-07 06:42:04,407][root][INFO] - Epoch: 149 | Loss: 0.0014 | Val - MRR: 0.3535, MR:  161.64, H@1: 0.264, H@3: 0.385, H@10: 0.533 | Test - MRR: 0.3501 | *
[2026-04-07 06:44:37,312][root][INFO] - Epoch: 150 | Loss: 0.0014 | Val - MRR: 0.3525, MR:  158.78, H@1: 0.262, H@3: 0.388, H@10: 0.535 | 
[2026-04-07 06:47:25,290][root][INFO] - Epoch: 151 | Loss: 0.0014 | Val - MRR: 0.3541, MR:  156.79, H@1: 0.263, H@3: 0.388, H@10: 0.537 | Test - MRR: 0.3509 | *
[2026-04-07 06:50:14,869][root][INFO] - Epoch: 152 | Loss: 0.0014 | Val - MRR: 0.3550, MR:  155.73, H@1: 0.264, H@3: 0.388, H@10: 0.538 | Test - MRR: 0.3513 | *
[2026-04-07 06:52:47,417][root][INFO] - Epoch: 153 | Loss: 0.0014 | Val - MRR: 0.3542, MR:  156.13, H@1: 0.264, H@3: 0.388, H@10: 0.534 | 
[2026-04-07 06:55:18,736][root][INFO] - Epoch: 154 | Loss: 0.0014 | Val - MRR: 0.3542, MR:  156.03, H@1: 0.263, H@3: 0.387, H@10: 0.536 | 
[2026-04-07 06:58:08,409][root][INFO] - Epoch: 155 | Loss: 0.0014 | Val - MRR: 0.3552, MR:  157.76, H@1: 0.264, H@3: 0.390, H@10: 0.538 | Test - MRR: 0.3517 | *
[2026-04-07 07:00:56,400][root][INFO] - Epoch: 156 | Loss: 0.0014 | Val - MRR: 0.3552, MR:  157.40, H@1: 0.265, H@3: 0.387, H@10: 0.537 | Test - MRR: 0.3513 | *
[2026-04-07 07:03:29,205][root][INFO] - Epoch: 157 | Loss: 0.0014 | Val - MRR: 0.3542, MR:  159.75, H@1: 0.264, H@3: 0.388, H@10: 0.537 | 
[2026-04-07 07:06:00,292][root][INFO] - Epoch: 158 | Loss: 0.0014 | Val - MRR: 0.3543, MR:  159.97, H@1: 0.264, H@3: 0.387, H@10: 0.537 | 
[2026-04-07 07:08:50,500][root][INFO] - Epoch: 159 | Loss: 0.0014 | Val - MRR: 0.3567, MR:  154.51, H@1: 0.267, H@3: 0.390, H@10: 0.537 | Test - MRR: 0.3530 | *
[2026-04-07 07:11:23,102][root][INFO] - Epoch: 160 | Loss: 0.0014 | Val - MRR: 0.3567, MR:  156.56, H@1: 0.268, H@3: 0.388, H@10: 0.537 | 
[2026-04-07 07:13:55,078][root][INFO] - Epoch: 161 | Loss: 0.0014 | Val - MRR: 0.3565, MR:  157.45, H@1: 0.266, H@3: 0.392, H@10: 0.538 | 
[2026-04-07 07:16:26,006][root][INFO] - Epoch: 162 | Loss: 0.0014 | Val - MRR: 0.3561, MR:  156.41, H@1: 0.265, H@3: 0.390, H@10: 0.538 | 
[2026-04-07 07:19:14,732][root][INFO] - Epoch: 163 | Loss: 0.0014 | Val - MRR: 0.3565, MR:  158.18, H@1: 0.266, H@3: 0.390, H@10: 0.538 | Test - MRR: 0.3531 | *
[2026-04-07 07:22:03,219][root][INFO] - Epoch: 164 | Loss: 0.0014 | Val - MRR: 0.3577, MR:  157.20, H@1: 0.267, H@3: 0.392, H@10: 0.539 | Test - MRR: 0.3525 | *
[2026-04-07 07:24:35,274][root][INFO] - Epoch: 165 | Loss: 0.0014 | Val - MRR: 0.3567, MR:  155.81, H@1: 0.266, H@3: 0.391, H@10: 0.538 | 
[2026-04-07 07:27:07,861][root][INFO] - Epoch: 166 | Loss: 0.0014 | Val - MRR: 0.3568, MR:  156.04, H@1: 0.266, H@3: 0.390, H@10: 0.539 | 
[2026-04-07 07:29:39,378][root][INFO] - Epoch: 167 | Loss: 0.0014 | Val - MRR: 0.3559, MR:  159.23, H@1: 0.265, H@3: 0.390, H@10: 0.539 | 
[2026-04-07 07:32:11,651][root][INFO] - Epoch: 168 | Loss: 0.0014 | Val - MRR: 0.3561, MR:  160.24, H@1: 0.266, H@3: 0.391, H@10: 0.538 | 
[2026-04-07 07:35:00,667][root][INFO] - Epoch: 169 | Loss: 0.0014 | Val - MRR: 0.3578, MR:  154.87, H@1: 0.267, H@3: 0.392, H@10: 0.542 | Test - MRR: 0.3537 | *
[2026-04-07 07:37:49,032][root][INFO] - Epoch: 170 | Loss: 0.0014 | Val - MRR: 0.3580, MR:  156.31, H@1: 0.267, H@3: 0.392, H@10: 0.540 | Test - MRR: 0.3542 | *
[2026-04-07 07:40:22,007][root][INFO] - Epoch: 171 | Loss: 0.0014 | Val - MRR: 0.3574, MR:  161.47, H@1: 0.267, H@3: 0.391, H@10: 0.539 | 
[2026-04-07 07:43:11,363][root][INFO] - Epoch: 172 | Loss: 0.0014 | Val - MRR: 0.3583, MR:  156.00, H@1: 0.267, H@3: 0.394, H@10: 0.539 | Test - MRR: 0.3542 | *
[2026-04-07 07:45:44,003][root][INFO] - Epoch: 173 | Loss: 0.0014 | Val - MRR: 0.3577, MR:  159.03, H@1: 0.267, H@3: 0.391, H@10: 0.539 | 
[2026-04-07 07:48:31,542][root][INFO] - Epoch: 174 | Loss: 0.0014 | Val - MRR: 0.3577, MR:  152.37, H@1: 0.265, H@3: 0.394, H@10: 0.542 | Test - MRR: 0.3542 | *
[2026-04-07 07:51:02,649][root][INFO] - Epoch: 175 | Loss: 0.0014 | Val - MRR: 0.3576, MR:  157.72, H@1: 0.266, H@3: 0.392, H@10: 0.541 | 
[2026-04-07 07:53:33,519][root][INFO] - Epoch: 176 | Loss: 0.0014 | Val - MRR: 0.3570, MR:  157.42, H@1: 0.266, H@3: 0.391, H@10: 0.540 | 
[2026-04-07 07:56:20,706][root][INFO] - Epoch: 177 | Loss: 0.0014 | Val - MRR: 0.3584, MR:  156.73, H@1: 0.267, H@3: 0.393, H@10: 0.542 | Test - MRR: 0.3541 | *
[2026-04-07 07:58:52,464][root][INFO] - Epoch: 178 | Loss: 0.0014 | Val - MRR: 0.3574, MR:  157.59, H@1: 0.266, H@3: 0.393, H@10: 0.539 | 
[2026-04-07 08:01:41,086][root][INFO] - Epoch: 179 | Loss: 0.0014 | Val - MRR: 0.3581, MR:  155.98, H@1: 0.266, H@3: 0.394, H@10: 0.541 | Test - MRR: 0.3546 | *
[2026-04-07 08:04:30,449][root][INFO] - Epoch: 180 | Loss: 0.0014 | Val - MRR: 0.3585, MR:  156.30, H@1: 0.267, H@3: 0.394, H@10: 0.541 | Test - MRR: 0.3549 | *
[2026-04-07 08:07:00,833][root][INFO] - Epoch: 181 | Loss: 0.0014 | Val - MRR: 0.3572, MR:  156.31, H@1: 0.266, H@3: 0.392, H@10: 0.539 | 
[2026-04-07 08:09:32,390][root][INFO] - Epoch: 182 | Loss: 0.0014 | Val - MRR: 0.3573, MR:  158.21, H@1: 0.267, H@3: 0.391, H@10: 0.538 | 
[2026-04-07 08:12:05,031][root][INFO] - Epoch: 183 | Loss: 0.0014 | Val - MRR: 0.3575, MR:  158.19, H@1: 0.266, H@3: 0.392, H@10: 0.540 | 
[2026-04-07 08:14:36,485][root][INFO] - Epoch: 184 | Loss: 0.0014 | Val - MRR: 0.3570, MR:  157.68, H@1: 0.264, H@3: 0.393, H@10: 0.541 | 
[2026-04-07 08:17:26,980][root][INFO] - Epoch: 185 | Loss: 0.0014 | Val - MRR: 0.3587, MR:  157.34, H@1: 0.267, H@3: 0.394, H@10: 0.541 | Test - MRR: 0.3549 | *
[2026-04-07 08:20:16,411][root][INFO] - Epoch: 186 | Loss: 0.0014 | Val - MRR: 0.3596, MR:  156.71, H@1: 0.268, H@3: 0.393, H@10: 0.543 | Test - MRR: 0.3560 | *
[2026-04-07 08:23:02,947][root][INFO] - Epoch: 187 | Loss: 0.0014 | Val - MRR: 0.3600, MR:  156.57, H@1: 0.268, H@3: 0.396, H@10: 0.542 | Test - MRR: 0.3557 | *
[2026-04-07 08:25:33,522][root][INFO] - Epoch: 188 | Loss: 0.0014 | Val - MRR: 0.3579, MR:  157.34, H@1: 0.266, H@3: 0.393, H@10: 0.542 | 
[2026-04-07 08:28:05,661][root][INFO] - Epoch: 189 | Loss: 0.0014 | Val - MRR: 0.3590, MR:  156.55, H@1: 0.268, H@3: 0.394, H@10: 0.542 | 
[2026-04-07 08:30:38,516][root][INFO] - Epoch: 190 | Loss: 0.0014 | Val - MRR: 0.3573, MR:  158.02, H@1: 0.266, H@3: 0.392, H@10: 0.541 | 
[2026-04-07 08:33:11,522][root][INFO] - Epoch: 191 | Loss: 0.0014 | Val - MRR: 0.3588, MR:  159.70, H@1: 0.266, H@3: 0.397, H@10: 0.542 | 
[2026-04-07 08:35:43,631][root][INFO] - Epoch: 192 | Loss: 0.0014 | Val - MRR: 0.3587, MR:  155.36, H@1: 0.268, H@3: 0.394, H@10: 0.542 | 
[2026-04-07 08:38:15,120][root][INFO] - Epoch: 193 | Loss: 0.0014 | Val - MRR: 0.3596, MR:  158.12, H@1: 0.269, H@3: 0.395, H@10: 0.543 | 
[2026-04-07 08:40:47,991][root][INFO] - Epoch: 194 | Loss: 0.0014 | Val - MRR: 0.3596, MR:  160.94, H@1: 0.268, H@3: 0.394, H@10: 0.544 | 
[2026-04-07 08:43:20,172][root][INFO] - Epoch: 195 | Loss: 0.0014 | Val - MRR: 0.3592, MR:  155.14, H@1: 0.267, H@3: 0.394, H@10: 0.543 | 
[2026-04-07 08:45:52,195][root][INFO] - Epoch: 196 | Loss: 0.0014 | Val - MRR: 0.3588, MR:  159.52, H@1: 0.266, H@3: 0.395, H@10: 0.544 | 
[2026-04-07 08:48:41,240][root][INFO] - Epoch: 197 | Loss: 0.0014 | Val - MRR: 0.3614, MR:  157.19, H@1: 0.270, H@3: 0.397, H@10: 0.545 | Test - MRR: 0.3571 | *
[2026-04-07 08:51:13,452][root][INFO] - Epoch: 198 | Loss: 0.0014 | Val - MRR: 0.3608, MR:  155.94, H@1: 0.269, H@3: 0.397, H@10: 0.545 | 
[2026-04-07 08:53:45,491][root][INFO] - Epoch: 199 | Loss: 0.0014 | Val - MRR: 0.3589, MR:  156.00, H@1: 0.267, H@3: 0.394, H@10: 0.543 | 
[2026-04-07 08:56:17,715][root][INFO] - Epoch: 200 | Loss: 0.0014 | Val - MRR: 0.3591, MR:  156.64, H@1: 0.267, H@3: 0.395, H@10: 0.544 | 
[2026-04-07 08:59:07,731][root][INFO] - Epoch: 201 | Loss: 0.0014 | Val - MRR: 0.3614, MR:  156.13, H@1: 0.270, H@3: 0.398, H@10: 0.546 | Test - MRR: 0.3574 | *
[2026-04-07 09:01:39,064][root][INFO] - Epoch: 202 | Loss: 0.0013 | Val - MRR: 0.3591, MR:  156.02, H@1: 0.267, H@3: 0.394, H@10: 0.542 | 
[2026-04-07 09:04:10,408][root][INFO] - Epoch: 203 | Loss: 0.0014 | Val - MRR: 0.3587, MR:  153.23, H@1: 0.268, H@3: 0.393, H@10: 0.543 | 
[2026-04-07 09:06:42,543][root][INFO] - Epoch: 204 | Loss: 0.0014 | Val - MRR: 0.3606, MR:  155.35, H@1: 0.269, H@3: 0.397, H@10: 0.544 | 
[2026-04-07 09:09:15,168][root][INFO] - Epoch: 205 | Loss: 0.0014 | Val - MRR: 0.3599, MR:  157.67, H@1: 0.268, H@3: 0.396, H@10: 0.544 | 
[2026-04-07 09:11:46,939][root][INFO] - Epoch: 206 | Loss: 0.0013 | Val - MRR: 0.3601, MR:  157.05, H@1: 0.268, H@3: 0.396, H@10: 0.543 | 
[2026-04-07 09:14:18,253][root][INFO] - Epoch: 207 | Loss: 0.0014 | Val - MRR: 0.3607, MR:  155.71, H@1: 0.268, H@3: 0.398, H@10: 0.545 | 
[2026-04-07 09:16:49,909][root][INFO] - Epoch: 208 | Loss: 0.0014 | Val - MRR: 0.3601, MR:  159.46, H@1: 0.268, H@3: 0.395, H@10: 0.545 | 
[2026-04-07 09:19:21,286][root][INFO] - Epoch: 209 | Loss: 0.0013 | Val - MRR: 0.3602, MR:  155.75, H@1: 0.269, H@3: 0.396, H@10: 0.545 | 
[2026-04-07 09:22:09,487][root][INFO] - Epoch: 210 | Loss: 0.0013 | Val - MRR: 0.3614, MR:  160.58, H@1: 0.269, H@3: 0.398, H@10: 0.547 | Test - MRR: 0.3561 | *
[2026-04-07 09:24:41,540][root][INFO] - Epoch: 211 | Loss: 0.0013 | Val - MRR: 0.3610, MR:  161.51, H@1: 0.269, H@3: 0.398, H@10: 0.545 | 
[2026-04-07 09:27:31,736][root][INFO] - Epoch: 212 | Loss: 0.0013 | Val - MRR: 0.3617, MR:  159.28, H@1: 0.271, H@3: 0.397, H@10: 0.543 | Test - MRR: 0.3558 | *
[2026-04-07 09:30:04,185][root][INFO] - Epoch: 213 | Loss: 0.0013 | Val - MRR: 0.3613, MR:  161.43, H@1: 0.269, H@3: 0.397, H@10: 0.546 | 
[2026-04-07 09:32:37,351][root][INFO] - Epoch: 214 | Loss: 0.0013 | Val - MRR: 0.3616, MR:  158.73, H@1: 0.270, H@3: 0.396, H@10: 0.545 | 
[2026-04-07 09:35:27,537][root][INFO] - Epoch: 215 | Loss: 0.0013 | Val - MRR: 0.3609, MR:  161.82, H@1: 0.269, H@3: 0.397, H@10: 0.544 | Test - MRR: 0.3575 | *
[2026-04-07 09:38:17,541][root][INFO] - Epoch: 216 | Loss: 0.0013 | Val - MRR: 0.3608, MR:  156.66, H@1: 0.269, H@3: 0.396, H@10: 0.544 | Test - MRR: 0.3576 | *
[2026-04-07 09:41:07,208][root][INFO] - Epoch: 217 | Loss: 0.0013 | Val - MRR: 0.3629, MR:  159.88, H@1: 0.271, H@3: 0.397, H@10: 0.546 | Test - MRR: 0.3577 | *
[2026-04-07 09:43:40,326][root][INFO] - Epoch: 218 | Loss: 0.0013 | Val - MRR: 0.3620, MR:  161.56, H@1: 0.271, H@3: 0.397, H@10: 0.545 | 
[2026-04-07 09:46:29,649][root][INFO] - Epoch: 219 | Loss: 0.0013 | Val - MRR: 0.3624, MR:  159.53, H@1: 0.271, H@3: 0.398, H@10: 0.547 | Test - MRR: 0.3588 | *
[2026-04-07 09:49:17,918][root][INFO] - Epoch: 220 | Loss: 0.0013 | Val - MRR: 0.3625, MR:  159.61, H@1: 0.270, H@3: 0.400, H@10: 0.548 | Test - MRR: 0.3578 | *
[2026-04-07 09:52:05,993][root][INFO] - Epoch: 221 | Loss: 0.0013 | Val - MRR: 0.3633, MR:  158.59, H@1: 0.272, H@3: 0.398, H@10: 0.545 | Test - MRR: 0.3573 | *
[2026-04-07 09:54:36,131][root][INFO] - Epoch: 222 | Loss: 0.0013 | Val - MRR: 0.3617, MR:  157.03, H@1: 0.270, H@3: 0.397, H@10: 0.543 | 
[2026-04-07 09:57:08,547][root][INFO] - Epoch: 223 | Loss: 0.0013 | Val - MRR: 0.3618, MR:  160.10, H@1: 0.270, H@3: 0.396, H@10: 0.545 | 
[2026-04-07 09:59:40,916][root][INFO] - Epoch: 224 | Loss: 0.0013 | Val - MRR: 0.3614, MR:  157.93, H@1: 0.270, H@3: 0.396, H@10: 0.543 | 
[2026-04-07 10:02:13,371][root][INFO] - Epoch: 225 | Loss: 0.0013 | Val - MRR: 0.3607, MR:  159.73, H@1: 0.269, H@3: 0.394, H@10: 0.545 | 
[2026-04-07 10:04:46,055][root][INFO] - Epoch: 226 | Loss: 0.0013 | Val - MRR: 0.3616, MR:  160.51, H@1: 0.270, H@3: 0.395, H@10: 0.547 | 
[2026-04-07 10:07:18,433][root][INFO] - Epoch: 227 | Loss: 0.0013 | Val - MRR: 0.3609, MR:  159.63, H@1: 0.270, H@3: 0.396, H@10: 0.545 | 
[2026-04-07 10:09:51,381][root][INFO] - Epoch: 228 | Loss: 0.0013 | Val - MRR: 0.3627, MR:  161.32, H@1: 0.271, H@3: 0.396, H@10: 0.548 | 
[2026-04-07 10:12:23,771][root][INFO] - Epoch: 229 | Loss: 0.0013 | Val - MRR: 0.3616, MR:  162.10, H@1: 0.270, H@3: 0.395, H@10: 0.546 | 
[2026-04-07 10:14:57,108][root][INFO] - Epoch: 230 | Loss: 0.0013 | Val - MRR: 0.3617, MR:  160.03, H@1: 0.270, H@3: 0.395, H@10: 0.547 | 
[2026-04-07 10:17:29,871][root][INFO] - Epoch: 231 | Loss: 0.0013 | Val - MRR: 0.3623, MR:  165.62, H@1: 0.270, H@3: 0.397, H@10: 0.548 | 
[2026-04-07 10:20:01,285][root][INFO] - Epoch: 232 | Loss: 0.0013 | Val - MRR: 0.3610, MR:  162.28, H@1: 0.269, H@3: 0.396, H@10: 0.545 | 
[2026-04-07 10:22:34,055][root][INFO] - Epoch: 233 | Loss: 0.0013 | Val - MRR: 0.3605, MR:  163.73, H@1: 0.269, H@3: 0.395, H@10: 0.546 | 
[2026-04-07 10:25:05,901][root][INFO] - Epoch: 234 | Loss: 0.0013 | Val - MRR: 0.3629, MR:  164.03, H@1: 0.271, H@3: 0.398, H@10: 0.547 | 
[2026-04-07 10:27:38,754][root][INFO] - Epoch: 235 | Loss: 0.0013 | Val - MRR: 0.3622, MR:  162.67, H@1: 0.270, H@3: 0.397, H@10: 0.550 | 
[2026-04-07 10:30:10,811][root][INFO] - Epoch: 236 | Loss: 0.0013 | Val - MRR: 0.3624, MR:  162.88, H@1: 0.270, H@3: 0.398, H@10: 0.548 | 
[2026-04-07 10:32:42,800][root][INFO] - Epoch: 237 | Loss: 0.0013 | Val - MRR: 0.3605, MR:  164.47, H@1: 0.268, H@3: 0.395, H@10: 0.547 | 
[2026-04-07 10:35:15,744][root][INFO] - Epoch: 238 | Loss: 0.0013 | Val - MRR: 0.3605, MR:  163.05, H@1: 0.269, H@3: 0.394, H@10: 0.547 | 
[2026-04-07 10:37:47,938][root][INFO] - Epoch: 239 | Loss: 0.0013 | Val - MRR: 0.3615, MR:  164.88, H@1: 0.269, H@3: 0.396, H@10: 0.549 | 
[2026-04-07 10:40:20,230][root][INFO] - Epoch: 240 | Loss: 0.0013 | Val - MRR: 0.3631, MR:  162.01, H@1: 0.271, H@3: 0.397, H@10: 0.549 | 
[2026-04-07 10:42:51,765][root][INFO] - Epoch: 241 | Loss: 0.0013 | Val - MRR: 0.3623, MR:  159.54, H@1: 0.270, H@3: 0.396, H@10: 0.550 | 
[2026-04-07 10:45:24,672][root][INFO] - Epoch: 242 | Loss: 0.0013 | Val - MRR: 0.3627, MR:  165.21, H@1: 0.271, H@3: 0.397, H@10: 0.549 | 
[2026-04-07 10:47:56,672][root][INFO] - Epoch: 243 | Loss: 0.0013 | Val - MRR: 0.3612, MR:  162.17, H@1: 0.269, H@3: 0.397, H@10: 0.547 | 
[2026-04-07 10:50:30,610][root][INFO] - Epoch: 244 | Loss: 0.0013 | Val - MRR: 0.3627, MR:  163.77, H@1: 0.270, H@3: 0.398, H@10: 0.550 | 
[2026-04-07 10:53:03,188][root][INFO] - Epoch: 245 | Loss: 0.0013 | Val - MRR: 0.3629, MR:  163.13, H@1: 0.271, H@3: 0.398, H@10: 0.549 | 
[2026-04-07 10:55:53,031][root][INFO] - Epoch: 246 | Loss: 0.0013 | Val - MRR: 0.3642, MR:  163.09, H@1: 0.272, H@3: 0.399, H@10: 0.549 | Test - MRR: 0.3591 | *
[2026-04-07 10:58:25,796][root][INFO] - Epoch: 247 | Loss: 0.0013 | Val - MRR: 0.3635, MR:  164.58, H@1: 0.271, H@3: 0.398, H@10: 0.550 | 
[2026-04-07 11:00:58,991][root][INFO] - Epoch: 248 | Loss: 0.0013 | Val - MRR: 0.3626, MR:  163.14, H@1: 0.270, H@3: 0.399, H@10: 0.549 | 
[2026-04-07 11:03:30,944][root][INFO] - Epoch: 249 | Loss: 0.0013 | Val - MRR: 0.3624, MR:  169.16, H@1: 0.270, H@3: 0.398, H@10: 0.548 | 
[2026-04-07 11:06:03,562][root][INFO] - Epoch: 250 | Loss: 0.0013 | Val - MRR: 0.3633, MR:  163.81, H@1: 0.271, H@3: 0.400, H@10: 0.548 | 
[2026-04-07 11:08:53,666][root][INFO] - Epoch: 251 | Loss: 0.0013 | Val - MRR: 0.3631, MR:  164.94, H@1: 0.271, H@3: 0.399, H@10: 0.549 | Test - MRR: 0.3592 | *
[2026-04-07 11:11:26,519][root][INFO] - Epoch: 252 | Loss: 0.0013 | Val - MRR: 0.3623, MR:  166.30, H@1: 0.270, H@3: 0.398, H@10: 0.548 | 
[2026-04-07 11:13:59,428][root][INFO] - Epoch: 253 | Loss: 0.0013 | Val - MRR: 0.3628, MR:  162.67, H@1: 0.271, H@3: 0.395, H@10: 0.549 | 
[2026-04-07 11:16:46,977][root][INFO] - Epoch: 254 | Loss: 0.0013 | Val - MRR: 0.3640, MR:  164.47, H@1: 0.272, H@3: 0.399, H@10: 0.549 | Test - MRR: 0.3590 | *
[2026-04-07 11:19:20,267][root][INFO] - Epoch: 255 | Loss: 0.0013 | Val - MRR: 0.3639, MR:  162.19, H@1: 0.272, H@3: 0.399, H@10: 0.549 | 
[2026-04-07 11:22:10,013][root][INFO] - Epoch: 256 | Loss: 0.0013 | Val - MRR: 0.3637, MR:  163.24, H@1: 0.271, H@3: 0.400, H@10: 0.550 | Test - MRR: 0.3593 | *
[2026-04-07 11:24:43,114][root][INFO] - Epoch: 257 | Loss: 0.0013 | Val - MRR: 0.3624, MR:  165.42, H@1: 0.270, H@3: 0.399, H@10: 0.549 | 
[2026-04-07 11:27:32,476][root][INFO] - Epoch: 258 | Loss: 0.0013 | Val - MRR: 0.3639, MR:  163.95, H@1: 0.272, H@3: 0.397, H@10: 0.547 | Test - MRR: 0.3581 | *
[2026-04-07 11:30:23,582][root][INFO] - Epoch: 259 | Loss: 0.0013 | Val - MRR: 0.3643, MR:  165.50, H@1: 0.273, H@3: 0.398, H@10: 0.550 | Test - MRR: 0.3592 | *
[2026-04-07 11:32:54,972][root][INFO] - Epoch: 260 | Loss: 0.0013 | Val - MRR: 0.3632, MR:  168.28, H@1: 0.272, H@3: 0.397, H@10: 0.547 | 
[2026-04-07 11:35:28,996][root][INFO] - Epoch: 261 | Loss: 0.0013 | Val - MRR: 0.3632, MR:  164.68, H@1: 0.272, H@3: 0.398, H@10: 0.548 | 
[2026-04-07 11:38:02,479][root][INFO] - Epoch: 262 | Loss: 0.0013 | Val - MRR: 0.3631, MR:  164.95, H@1: 0.272, H@3: 0.396, H@10: 0.549 | 
[2026-04-07 11:40:35,442][root][INFO] - Epoch: 263 | Loss: 0.0013 | Val - MRR: 0.3630, MR:  161.99, H@1: 0.271, H@3: 0.398, H@10: 0.549 | 
[2026-04-07 11:43:07,164][root][INFO] - Epoch: 264 | Loss: 0.0013 | Val - MRR: 0.3641, MR:  163.75, H@1: 0.273, H@3: 0.399, H@10: 0.548 | 
[2026-04-07 11:45:40,439][root][INFO] - Epoch: 265 | Loss: 0.0013 | Val - MRR: 0.3640, MR:  164.29, H@1: 0.273, H@3: 0.398, H@10: 0.548 | 
[2026-04-07 11:48:12,249][root][INFO] - Epoch: 266 | Loss: 0.0013 | Val - MRR: 0.3638, MR:  162.99, H@1: 0.272, H@3: 0.398, H@10: 0.548 | 
[2026-04-07 11:50:46,302][root][INFO] - Epoch: 267 | Loss: 0.0013 | Val - MRR: 0.3635, MR:  167.99, H@1: 0.272, H@3: 0.397, H@10: 0.548 | 
[2026-04-07 11:53:18,614][root][INFO] - Epoch: 268 | Loss: 0.0013 | Val - MRR: 0.3632, MR:  167.41, H@1: 0.271, H@3: 0.398, H@10: 0.549 | 
[2026-04-07 11:55:51,550][root][INFO] - Epoch: 269 | Loss: 0.0013 | Val - MRR: 0.3624, MR:  163.84, H@1: 0.270, H@3: 0.398, H@10: 0.549 | 
[2026-04-07 11:58:42,699][root][INFO] - Epoch: 270 | Loss: 0.0013 | Val - MRR: 0.3638, MR:  164.34, H@1: 0.272, H@3: 0.398, H@10: 0.550 | Test - MRR: 0.3595 | *
[2026-04-07 12:01:30,956][root][INFO] - Epoch: 271 | Loss: 0.0013 | Val - MRR: 0.3640, MR:  164.74, H@1: 0.272, H@3: 0.399, H@10: 0.551 | Test - MRR: 0.3592 | *
[2026-04-07 12:04:20,624][root][INFO] - Epoch: 272 | Loss: 0.0013 | Val - MRR: 0.3649, MR:  166.67, H@1: 0.273, H@3: 0.399, H@10: 0.550 | Test - MRR: 0.3600 | *
[2026-04-07 12:06:53,053][root][INFO] - Epoch: 273 | Loss: 0.0013 | Val - MRR: 0.3632, MR:  170.34, H@1: 0.272, H@3: 0.396, H@10: 0.548 | 
[2026-04-07 12:09:42,522][root][INFO] - Epoch: 274 | Loss: 0.0013 | Val - MRR: 0.3650, MR:  165.36, H@1: 0.274, H@3: 0.400, H@10: 0.550 | Test - MRR: 0.3597 | *
[2026-04-07 12:12:15,509][root][INFO] - Epoch: 275 | Loss: 0.0013 | Val - MRR: 0.3630, MR:  167.47, H@1: 0.271, H@3: 0.397, H@10: 0.549 | 
[2026-04-07 12:14:48,673][root][INFO] - Epoch: 276 | Loss: 0.0013 | Val - MRR: 0.3636, MR:  165.38, H@1: 0.272, H@3: 0.399, H@10: 0.548 | 
[2026-04-07 12:17:21,987][root][INFO] - Epoch: 277 | Loss: 0.0013 | Val - MRR: 0.3641, MR:  167.96, H@1: 0.273, H@3: 0.398, H@10: 0.548 | 
[2026-04-07 12:19:55,002][root][INFO] - Epoch: 278 | Loss: 0.0013 | Val - MRR: 0.3643, MR:  166.82, H@1: 0.272, H@3: 0.400, H@10: 0.551 | 
[2026-04-07 12:22:28,006][root][INFO] - Epoch: 279 | Loss: 0.0013 | Val - MRR: 0.3630, MR:  162.87, H@1: 0.271, H@3: 0.396, H@10: 0.549 | 
[2026-04-07 12:25:01,467][root][INFO] - Epoch: 280 | Loss: 0.0013 | Val - MRR: 0.3639, MR:  164.33, H@1: 0.273, H@3: 0.397, H@10: 0.549 | 
[2026-04-07 12:27:34,650][root][INFO] - Epoch: 281 | Loss: 0.0013 | Val - MRR: 0.3632, MR:  167.07, H@1: 0.272, H@3: 0.397, H@10: 0.549 | 
[2026-04-07 12:30:07,536][root][INFO] - Epoch: 282 | Loss: 0.0013 | Val - MRR: 0.3641, MR:  165.72, H@1: 0.271, H@3: 0.399, H@10: 0.551 | 
[2026-04-07 12:32:41,176][root][INFO] - Epoch: 283 | Loss: 0.0013 | Val - MRR: 0.3649, MR:  165.86, H@1: 0.273, H@3: 0.400, H@10: 0.549 | 
[2026-04-07 12:35:14,192][root][INFO] - Epoch: 284 | Loss: 0.0013 | Val - MRR: 0.3645, MR:  167.04, H@1: 0.273, H@3: 0.400, H@10: 0.549 | 
[2026-04-07 12:37:47,581][root][INFO] - Epoch: 285 | Loss: 0.0013 | Val - MRR: 0.3646, MR:  166.51, H@1: 0.273, H@3: 0.398, H@10: 0.551 | 
[2026-04-07 12:40:21,139][root][INFO] - Epoch: 286 | Loss: 0.0013 | Val - MRR: 0.3649, MR:  167.04, H@1: 0.273, H@3: 0.399, H@10: 0.551 | 
[2026-04-07 12:43:09,804][root][INFO] - Epoch: 287 | Loss: 0.0013 | Val - MRR: 0.3656, MR:  167.94, H@1: 0.274, H@3: 0.401, H@10: 0.551 | Test - MRR: 0.3602 | *
[2026-04-07 12:45:59,730][root][INFO] - Epoch: 288 | Loss: 0.0013 | Val - MRR: 0.3652, MR:  169.04, H@1: 0.274, H@3: 0.399, H@10: 0.551 | Test - MRR: 0.3605 | *
[2026-04-07 12:48:32,088][root][INFO] - Epoch: 289 | Loss: 0.0013 | Val - MRR: 0.3645, MR:  164.62, H@1: 0.272, H@3: 0.398, H@10: 0.550 | 
[2026-04-07 12:51:08,696][root][INFO] - Epoch: 290 | Loss: 0.0013 | Val - MRR: 0.3641, MR:  165.69, H@1: 0.273, H@3: 0.396, H@10: 0.548 | 
[2026-04-07 12:53:41,957][root][INFO] - Epoch: 291 | Loss: 0.0013 | Val - MRR: 0.3632, MR:  167.79, H@1: 0.271, H@3: 0.397, H@10: 0.550 | 
[2026-04-07 12:56:14,667][root][INFO] - Epoch: 292 | Loss: 0.0013 | Val - MRR: 0.3642, MR:  166.17, H@1: 0.272, H@3: 0.399, H@10: 0.551 | 
[2026-04-07 12:58:47,575][root][INFO] - Epoch: 293 | Loss: 0.0013 | Val - MRR: 0.3641, MR:  168.80, H@1: 0.272, H@3: 0.400, H@10: 0.550 | 
[2026-04-07 13:01:20,607][root][INFO] - Epoch: 294 | Loss: 0.0013 | Val - MRR: 0.3640, MR:  166.58, H@1: 0.272, H@3: 0.398, H@10: 0.548 | 
[2026-04-07 13:03:54,656][root][INFO] - Epoch: 295 | Loss: 0.0013 | Val - MRR: 0.3648, MR:  172.19, H@1: 0.273, H@3: 0.399, H@10: 0.549 | 
[2026-04-07 13:06:27,956][root][INFO] - Epoch: 296 | Loss: 0.0013 | Val - MRR: 0.3634, MR:  170.21, H@1: 0.271, H@3: 0.398, H@10: 0.550 | 
[2026-04-07 13:09:00,507][root][INFO] - Epoch: 297 | Loss: 0.0013 | Val - MRR: 0.3636, MR:  170.19, H@1: 0.272, H@3: 0.397, H@10: 0.547 | 
[2026-04-07 13:11:33,921][root][INFO] - Epoch: 298 | Loss: 0.0013 | Val - MRR: 0.3634, MR:  171.00, H@1: 0.272, H@3: 0.397, H@10: 0.549 | 
[2026-04-07 13:14:06,975][root][INFO] - Epoch: 299 | Loss: 0.0013 | Val - MRR: 0.3639, MR:  169.68, H@1: 0.272, H@3: 0.399, H@10: 0.549 | 
[2026-04-07 13:16:40,433][root][INFO] - Epoch: 300 | Loss: 0.0013 | Val - MRR: 0.3642, MR:  171.46, H@1: 0.272, H@3: 0.399, H@10: 0.550 | 
[2026-04-07 13:19:13,327][root][INFO] - Epoch: 301 | Loss: 0.0013 | Val - MRR: 0.3635, MR:  170.51, H@1: 0.272, H@3: 0.397, H@10: 0.550 | 
[2026-04-07 13:21:46,832][root][INFO] - Epoch: 302 | Loss: 0.0013 | Val - MRR: 0.3639, MR:  171.25, H@1: 0.273, H@3: 0.397, H@10: 0.549 | 
[2026-04-07 13:24:20,575][root][INFO] - Epoch: 303 | Loss: 0.0013 | Val - MRR: 0.3639, MR:  170.60, H@1: 0.272, H@3: 0.398, H@10: 0.549 | 
[2026-04-07 13:26:54,345][root][INFO] - Epoch: 304 | Loss: 0.0013 | Val - MRR: 0.3637, MR:  170.99, H@1: 0.272, H@3: 0.399, H@10: 0.550 | 
[2026-04-07 13:29:27,986][root][INFO] - Epoch: 305 | Loss: 0.0013 | Val - MRR: 0.3636, MR:  172.17, H@1: 0.271, H@3: 0.399, H@10: 0.550 | 
[2026-04-07 13:32:00,508][root][INFO] - Epoch: 306 | Loss: 0.0013 | Val - MRR: 0.3638, MR:  172.68, H@1: 0.272, H@3: 0.399, H@10: 0.549 | 
[2026-04-07 13:34:33,457][root][INFO] - Epoch: 307 | Loss: 0.0013 | Val - MRR: 0.3639, MR:  173.81, H@1: 0.272, H@3: 0.399, H@10: 0.549 | 
[2026-04-07 13:37:06,687][root][INFO] - Epoch: 308 | Loss: 0.0013 | Val - MRR: 0.3641, MR:  170.98, H@1: 0.272, H@3: 0.399, H@10: 0.551 | 
[2026-04-07 13:39:41,227][root][INFO] - Epoch: 309 | Loss: 0.0013 | Val - MRR: 0.3640, MR:  171.36, H@1: 0.272, H@3: 0.399, H@10: 0.550 | 
[2026-04-07 13:42:14,058][root][INFO] - Epoch: 310 | Loss: 0.0013 | Val - MRR: 0.3634, MR:  172.88, H@1: 0.270, H@3: 0.399, H@10: 0.550 | 
[2026-04-07 13:44:45,533][root][INFO] - Epoch: 311 | Loss: 0.0013 | Val - MRR: 0.3639, MR:  168.81, H@1: 0.272, H@3: 0.398, H@10: 0.549 | 
[2026-04-07 13:47:19,340][root][INFO] - Epoch: 312 | Loss: 0.0013 | Val - MRR: 0.3640, MR:  171.51, H@1: 0.273, H@3: 0.396, H@10: 0.550 | 
[2026-04-07 13:49:53,202][root][INFO] - Epoch: 313 | Loss: 0.0013 | Val - MRR: 0.3648, MR:  167.68, H@1: 0.273, H@3: 0.399, H@10: 0.550 | 
[2026-04-07 13:52:27,459][root][INFO] - Epoch: 314 | Loss: 0.0013 | Val - MRR: 0.3641, MR:  170.33, H@1: 0.273, H@3: 0.398, H@10: 0.549 | 
[2026-04-07 13:55:00,639][root][INFO] - Epoch: 315 | Loss: 0.0013 | Val - MRR: 0.3650, MR:  177.29, H@1: 0.273, H@3: 0.400, H@10: 0.551 | 
[2026-04-07 13:57:34,456][root][INFO] - Epoch: 316 | Loss: 0.0013 | Val - MRR: 0.3637, MR:  175.03, H@1: 0.272, H@3: 0.398, H@10: 0.549 | 
[2026-04-07 14:00:08,114][root][INFO] - Epoch: 317 | Loss: 0.0013 | Val - MRR: 0.3643, MR:  172.82, H@1: 0.273, H@3: 0.398, H@10: 0.549 | 
[2026-04-07 14:02:41,863][root][INFO] - Epoch: 318 | Loss: 0.0013 | Val - MRR: 0.3642, MR:  173.04, H@1: 0.272, H@3: 0.398, H@10: 0.551 | 
[2026-04-07 14:05:14,453][root][INFO] - Epoch: 319 | Loss: 0.0013 | Val - MRR: 0.3647, MR:  177.55, H@1: 0.274, H@3: 0.398, H@10: 0.548 | 
[2026-04-07 14:08:04,287][root][INFO] - Epoch: 320 | Loss: 0.0013 | Val - MRR: 0.3660, MR:  173.30, H@1: 0.275, H@3: 0.399, H@10: 0.550 | Test - MRR: 0.3604 | *
[2026-04-07 14:10:53,278][root][INFO] - Epoch: 321 | Loss: 0.0013 | Val - MRR: 0.3657, MR:  172.53, H@1: 0.275, H@3: 0.400, H@10: 0.549 | Test - MRR: 0.3607 | *
[2026-04-07 14:13:26,263][root][INFO] - Epoch: 322 | Loss: 0.0013 | Val - MRR: 0.3646, MR:  173.99, H@1: 0.273, H@3: 0.399, H@10: 0.550 | 
[2026-04-07 14:16:00,778][root][INFO] - Epoch: 323 | Loss: 0.0013 | Val - MRR: 0.3641, MR:  175.42, H@1: 0.272, H@3: 0.398, H@10: 0.550 | 
[2026-04-07 14:18:34,513][root][INFO] - Epoch: 324 | Loss: 0.0013 | Val - MRR: 0.3640, MR:  174.10, H@1: 0.273, H@3: 0.397, H@10: 0.549 | 
[2026-04-07 14:21:07,038][root][INFO] - Epoch: 325 | Loss: 0.0013 | Val - MRR: 0.3640, MR:  175.62, H@1: 0.272, H@3: 0.399, H@10: 0.549 | 
[2026-04-07 14:23:40,642][root][INFO] - Epoch: 326 | Loss: 0.0013 | Val - MRR: 0.3628, MR:  174.55, H@1: 0.271, H@3: 0.397, H@10: 0.549 | 
[2026-04-07 14:26:14,399][root][INFO] - Epoch: 327 | Loss: 0.0013 | Val - MRR: 0.3630, MR:  176.99, H@1: 0.271, H@3: 0.397, H@10: 0.549 | 
[2026-04-07 14:28:47,407][root][INFO] - Epoch: 328 | Loss: 0.0013 | Val - MRR: 0.3654, MR:  175.08, H@1: 0.274, H@3: 0.399, H@10: 0.550 | 
[2026-04-07 14:31:19,334][root][INFO] - Epoch: 329 | Loss: 0.0013 | Val - MRR: 0.3647, MR:  172.68, H@1: 0.273, H@3: 0.400, H@10: 0.550 | 
[2026-04-07 14:33:53,604][root][INFO] - Epoch: 330 | Loss: 0.0013 | Val - MRR: 0.3641, MR:  174.70, H@1: 0.272, H@3: 0.399, H@10: 0.551 | 
[2026-04-07 14:36:26,714][root][INFO] - Epoch: 331 | Loss: 0.0013 | Val - MRR: 0.3643, MR:  177.87, H@1: 0.273, H@3: 0.398, H@10: 0.549 | 
[2026-04-07 14:38:59,658][root][INFO] - Epoch: 332 | Loss: 0.0013 | Val - MRR: 0.3636, MR:  171.45, H@1: 0.272, H@3: 0.398, H@10: 0.550 | 
[2026-04-07 14:41:32,578][root][INFO] - Epoch: 333 | Loss: 0.0013 | Val - MRR: 0.3645, MR:  176.67, H@1: 0.272, H@3: 0.398, H@10: 0.551 | 
[2026-04-07 14:44:06,133][root][INFO] - Epoch: 334 | Loss: 0.0013 | Val - MRR: 0.3655, MR:  174.17, H@1: 0.274, H@3: 0.399, H@10: 0.552 | 
[2026-04-07 14:46:54,385][root][INFO] - Epoch: 335 | Loss: 0.0013 | Val - MRR: 0.3661, MR:  175.01, H@1: 0.275, H@3: 0.400, H@10: 0.552 | Test - MRR: 0.3595 | *
[2026-04-07 14:49:29,419][root][INFO] - Epoch: 336 | Loss: 0.0013 | Val - MRR: 0.3644, MR:  177.28, H@1: 0.272, H@3: 0.399, H@10: 0.550 | 
[2026-04-07 14:52:00,550][root][INFO] - Epoch: 337 | Loss: 0.0013 | Val - MRR: 0.3642, MR:  171.70, H@1: 0.272, H@3: 0.400, H@10: 0.549 | 
[2026-04-07 14:54:33,190][root][INFO] - Epoch: 338 | Loss: 0.0013 | Val - MRR: 0.3649, MR:  173.15, H@1: 0.273, H@3: 0.399, H@10: 0.552 | 
[2026-04-07 14:57:06,769][root][INFO] - Epoch: 339 | Loss: 0.0013 | Val - MRR: 0.3657, MR:  175.97, H@1: 0.274, H@3: 0.400, H@10: 0.552 | 
[2026-04-07 14:59:39,285][root][INFO] - Epoch: 340 | Loss: 0.0013 | Val - MRR: 0.3642, MR:  173.21, H@1: 0.272, H@3: 0.400, H@10: 0.550 | 
[2026-04-07 15:02:12,521][root][INFO] - Epoch: 341 | Loss: 0.0013 | Val - MRR: 0.3649, MR:  175.64, H@1: 0.273, H@3: 0.399, H@10: 0.551 | 
[2026-04-07 15:04:45,123][root][INFO] - Epoch: 342 | Loss: 0.0013 | Val - MRR: 0.3646, MR:  173.49, H@1: 0.273, H@3: 0.399, H@10: 0.551 | 
[2026-04-07 15:07:18,084][root][INFO] - Epoch: 343 | Loss: 0.0013 | Val - MRR: 0.3640, MR:  176.78, H@1: 0.272, H@3: 0.398, H@10: 0.552 | 
[2026-04-07 15:09:51,969][root][INFO] - Epoch: 344 | Loss: 0.0013 | Val - MRR: 0.3641, MR:  173.98, H@1: 0.273, H@3: 0.398, H@10: 0.550 | 
[2026-04-07 15:12:25,039][root][INFO] - Epoch: 345 | Loss: 0.0013 | Val - MRR: 0.3648, MR:  175.11, H@1: 0.273, H@3: 0.399, H@10: 0.551 | 
[2026-04-07 15:14:57,418][root][INFO] - Epoch: 346 | Loss: 0.0013 | Val - MRR: 0.3633, MR:  176.75, H@1: 0.271, H@3: 0.398, H@10: 0.549 | 
[2026-04-07 15:17:30,256][root][INFO] - Epoch: 347 | Loss: 0.0013 | Val - MRR: 0.3644, MR:  174.05, H@1: 0.273, H@3: 0.399, H@10: 0.552 | 
[2026-04-07 15:20:04,072][root][INFO] - Epoch: 348 | Loss: 0.0013 | Val - MRR: 0.3659, MR:  175.28, H@1: 0.274, H@3: 0.400, H@10: 0.552 | 
[2026-04-07 15:22:36,931][root][INFO] - Epoch: 349 | Loss: 0.0013 | Val - MRR: 0.3639, MR:  175.65, H@1: 0.272, H@3: 0.399, H@10: 0.552 | 
[2026-04-07 15:25:09,524][root][INFO] - Epoch: 350 | Loss: 0.0013 | Val - MRR: 0.3629, MR:  175.08, H@1: 0.271, H@3: 0.397, H@10: 0.550 | 
[2026-04-07 15:27:43,969][root][INFO] - Epoch: 351 | Loss: 0.0013 | Val - MRR: 0.3639, MR:  179.60, H@1: 0.272, H@3: 0.398, H@10: 0.551 | 
[2026-04-07 15:30:17,715][root][INFO] - Epoch: 352 | Loss: 0.0013 | Val - MRR: 0.3643, MR:  175.55, H@1: 0.272, H@3: 0.398, H@10: 0.551 | 
[2026-04-07 15:32:51,014][root][INFO] - Epoch: 353 | Loss: 0.0013 | Val - MRR: 0.3651, MR:  173.43, H@1: 0.273, H@3: 0.399, H@10: 0.554 | 
[2026-04-07 15:35:23,867][root][INFO] - Epoch: 354 | Loss: 0.0013 | Val - MRR: 0.3631, MR:  177.57, H@1: 0.271, H@3: 0.396, H@10: 0.552 | 
[2026-04-07 15:37:57,647][root][INFO] - Epoch: 355 | Loss: 0.0013 | Val - MRR: 0.3646, MR:  175.70, H@1: 0.273, H@3: 0.398, H@10: 0.550 | 
[2026-04-07 15:40:31,733][root][INFO] - Epoch: 356 | Loss: 0.0013 | Val - MRR: 0.3643, MR:  177.39, H@1: 0.272, H@3: 0.398, H@10: 0.551 | 
[2026-04-07 15:43:04,774][root][INFO] - Epoch: 357 | Loss: 0.0013 | Val - MRR: 0.3649, MR:  173.88, H@1: 0.273, H@3: 0.399, H@10: 0.551 | 
[2026-04-07 15:45:38,317][root][INFO] - Epoch: 358 | Loss: 0.0013 | Val - MRR: 0.3635, MR:  175.37, H@1: 0.271, H@3: 0.397, H@10: 0.550 | 
[2026-04-07 15:48:11,274][root][INFO] - Epoch: 359 | Loss: 0.0013 | Val - MRR: 0.3639, MR:  174.35, H@1: 0.272, H@3: 0.397, H@10: 0.551 | 
[2026-04-07 15:50:44,012][root][INFO] - Epoch: 360 | Loss: 0.0013 | Val - MRR: 0.3652, MR:  174.83, H@1: 0.273, H@3: 0.399, H@10: 0.552 | 
[2026-04-07 15:53:18,142][root][INFO] - Epoch: 361 | Loss: 0.0013 | Val - MRR: 0.3650, MR:  173.99, H@1: 0.273, H@3: 0.399, H@10: 0.551 | 
[2026-04-07 15:55:52,542][root][INFO] - Epoch: 362 | Loss: 0.0013 | Val - MRR: 0.3644, MR:  177.47, H@1: 0.273, H@3: 0.398, H@10: 0.552 | 
[2026-04-07 15:58:26,406][root][INFO] - Epoch: 363 | Loss: 0.0013 | Val - MRR: 0.3650, MR:  175.83, H@1: 0.273, H@3: 0.400, H@10: 0.552 | 
[2026-04-07 16:00:59,950][root][INFO] - Epoch: 364 | Loss: 0.0013 | Val - MRR: 0.3639, MR:  173.43, H@1: 0.272, H@3: 0.397, H@10: 0.550 | 
[2026-04-07 16:03:32,805][root][INFO] - Epoch: 365 | Loss: 0.0013 | Val - MRR: 0.3649, MR:  175.38, H@1: 0.273, H@3: 0.399, H@10: 0.552 | 
[2026-04-07 16:06:22,937][root][INFO] - Epoch: 366 | Loss: 0.0013 | Val - MRR: 0.3661, MR:  169.02, H@1: 0.274, H@3: 0.400, H@10: 0.553 | Test - MRR: 0.3611 | *
[2026-04-07 16:08:56,676][root][INFO] - Epoch: 367 | Loss: 0.0013 | Val - MRR: 0.3660, MR:  177.32, H@1: 0.274, H@3: 0.399, H@10: 0.553 | 
[2026-04-07 16:11:30,575][root][INFO] - Epoch: 368 | Loss: 0.0013 | Val - MRR: 0.3652, MR:  179.77, H@1: 0.273, H@3: 0.398, H@10: 0.551 | 
[2026-04-07 16:14:03,727][root][INFO] - Epoch: 369 | Loss: 0.0013 | Val - MRR: 0.3637, MR:  180.04, H@1: 0.271, H@3: 0.397, H@10: 0.552 | 
[2026-04-07 16:16:35,088][root][INFO] - Epoch: 370 | Loss: 0.0013 | Val - MRR: 0.3638, MR:  176.36, H@1: 0.272, H@3: 0.397, H@10: 0.551 | 
[2026-04-07 16:19:08,323][root][INFO] - Epoch: 371 | Loss: 0.0013 | Val - MRR: 0.3640, MR:  178.03, H@1: 0.271, H@3: 0.398, H@10: 0.552 | 
[2026-04-07 16:21:42,775][root][INFO] - Epoch: 372 | Loss: 0.0013 | Val - MRR: 0.3639, MR:  177.57, H@1: 0.271, H@3: 0.398, H@10: 0.552 | 
[2026-04-07 16:24:16,630][root][INFO] - Epoch: 373 | Loss: 0.0013 | Val - MRR: 0.3642, MR:  178.96, H@1: 0.272, H@3: 0.398, H@10: 0.552 | 
[2026-04-07 16:26:49,152][root][INFO] - Epoch: 374 | Loss: 0.0013 | Val - MRR: 0.3651, MR:  177.62, H@1: 0.273, H@3: 0.399, H@10: 0.552 | 
[2026-04-07 16:29:22,071][root][INFO] - Epoch: 375 | Loss: 0.0013 | Val - MRR: 0.3647, MR:  178.81, H@1: 0.272, H@3: 0.399, H@10: 0.552 | 
[2026-04-07 16:31:55,592][root][INFO] - Epoch: 376 | Loss: 0.0013 | Val - MRR: 0.3648, MR:  178.54, H@1: 0.272, H@3: 0.400, H@10: 0.552 | 
[2026-04-07 16:34:29,752][root][INFO] - Epoch: 377 | Loss: 0.0013 | Val - MRR: 0.3647, MR:  178.84, H@1: 0.273, H@3: 0.399, H@10: 0.551 | 
[2026-04-07 16:37:01,733][root][INFO] - Epoch: 378 | Loss: 0.0013 | Val - MRR: 0.3644, MR:  180.29, H@1: 0.273, H@3: 0.399, H@10: 0.551 | 
[2026-04-07 16:39:35,447][root][INFO] - Epoch: 379 | Loss: 0.0013 | Val - MRR: 0.3645, MR:  177.53, H@1: 0.272, H@3: 0.399, H@10: 0.552 | 
[2026-04-07 16:42:08,490][root][INFO] - Epoch: 380 | Loss: 0.0013 | Val - MRR: 0.3654, MR:  176.31, H@1: 0.274, H@3: 0.400, H@10: 0.553 | 
[2026-04-07 16:44:42,268][root][INFO] - Epoch: 381 | Loss: 0.0013 | Val - MRR: 0.3638, MR:  179.89, H@1: 0.272, H@3: 0.398, H@10: 0.552 | 
[2026-04-07 16:47:13,812][root][INFO] - Epoch: 382 | Loss: 0.0013 | Val - MRR: 0.3651, MR:  177.30, H@1: 0.273, H@3: 0.401, H@10: 0.553 | 
[2026-04-07 16:49:46,681][root][INFO] - Epoch: 383 | Loss: 0.0013 | Val - MRR: 0.3635, MR:  179.69, H@1: 0.271, H@3: 0.399, H@10: 0.551 | 
[2026-04-07 16:52:21,398][root][INFO] - Epoch: 384 | Loss: 0.0013 | Val - MRR: 0.3638, MR:  175.48, H@1: 0.272, H@3: 0.398, H@10: 0.551 | 
[2026-04-07 16:54:54,924][root][INFO] - Epoch: 385 | Loss: 0.0013 | Val - MRR: 0.3639, MR:  177.34, H@1: 0.271, H@3: 0.397, H@10: 0.553 | 
[2026-04-07 16:57:29,338][root][INFO] - Epoch: 386 | Loss: 0.0013 | Val - MRR: 0.3639, MR:  176.08, H@1: 0.272, H@3: 0.398, H@10: 0.552 | 
[2026-04-07 17:00:02,778][root][INFO] - Epoch: 387 | Loss: 0.0013 | Val - MRR: 0.3643, MR:  176.49, H@1: 0.272, H@3: 0.401, H@10: 0.552 | 
[2026-04-07 17:02:34,954][root][INFO] - Epoch: 388 | Loss: 0.0013 | Val - MRR: 0.3642, MR:  180.21, H@1: 0.272, H@3: 0.398, H@10: 0.552 | 
[2026-04-07 17:05:08,372][root][INFO] - Epoch: 389 | Loss: 0.0013 | Val - MRR: 0.3636, MR:  181.94, H@1: 0.271, H@3: 0.399, H@10: 0.551 | 
[2026-04-07 17:07:42,138][root][INFO] - Epoch: 390 | Loss: 0.0013 | Val - MRR: 0.3651, MR:  178.44, H@1: 0.272, H@3: 0.401, H@10: 0.553 | 
[2026-04-07 17:10:15,586][root][INFO] - Epoch: 391 | Loss: 0.0013 | Val - MRR: 0.3652, MR:  182.01, H@1: 0.273, H@3: 0.401, H@10: 0.552 | 
[2026-04-07 17:12:48,056][root][INFO] - Epoch: 392 | Loss: 0.0013 | Val - MRR: 0.3642, MR:  179.84, H@1: 0.272, H@3: 0.399, H@10: 0.551 | 
[2026-04-07 17:15:21,480][root][INFO] - Epoch: 393 | Loss: 0.0013 | Val - MRR: 0.3651, MR:  176.82, H@1: 0.273, H@3: 0.400, H@10: 0.551 | 
[2026-04-07 17:17:55,797][root][INFO] - Epoch: 394 | Loss: 0.0013 | Val - MRR: 0.3649, MR:  177.38, H@1: 0.273, H@3: 0.399, H@10: 0.550 | 
[2026-04-07 17:20:28,995][root][INFO] - Epoch: 395 | Loss: 0.0013 | Val - MRR: 0.3646, MR:  181.10, H@1: 0.273, H@3: 0.398, H@10: 0.551 | 
[2026-04-07 17:23:02,024][root][INFO] - Epoch: 396 | Loss: 0.0013 | Val - MRR: 0.3644, MR:  181.48, H@1: 0.272, H@3: 0.399, H@10: 0.552 | 
[2026-04-07 17:25:34,905][root][INFO] - Epoch: 397 | Loss: 0.0013 | Val - MRR: 0.3636, MR:  178.90, H@1: 0.271, H@3: 0.398, H@10: 0.551 | 
[2026-04-07 17:28:06,692][root][INFO] - Epoch: 398 | Loss: 0.0013 | Val - MRR: 0.3639, MR:  177.84, H@1: 0.271, H@3: 0.398, H@10: 0.552 | 
[2026-04-07 17:30:39,884][root][INFO] - Epoch: 399 | Loss: 0.0013 | Val - MRR: 0.3643, MR:  177.13, H@1: 0.272, H@3: 0.397, H@10: 0.552 | 
[2026-04-07 17:33:14,616][root][INFO] - Epoch: 400 | Loss: 0.0013 | Val - MRR: 0.3635, MR:  182.31, H@1: 0.271, H@3: 0.398, H@10: 0.551 | 
[2026-04-07 17:35:48,251][root][INFO] - Epoch: 401 | Loss: 0.0013 | Val - MRR: 0.3639, MR:  175.66, H@1: 0.271, H@3: 0.398, H@10: 0.552 | 
[2026-04-07 17:38:22,153][root][INFO] - Epoch: 402 | Loss: 0.0013 | Val - MRR: 0.3645, MR:  182.59, H@1: 0.272, H@3: 0.399, H@10: 0.550 | 
[2026-04-07 17:38:22,154][root][INFO] - Long time no improvenment, stop training...
[2026-04-07 17:38:22,154][root][INFO] - Training end...
[2026-04-07 17:38:22,474][root][INFO] - ✅ 成功加载最优模型：/home/wangwei/DSGNet-main/DSGNet/model_checkpoints/best_model_FB15k_237_20260407_160606.torch
[2026-04-07 17:38:22,474][root][INFO] - 📌 最优模型来自Epoch：366，最优MRR：0.3611
[2026-04-07 17:38:22,474][root][INFO] - Train metrics ...
[2026-04-07 17:39:29,097][root][INFO] - Train (head) - MRR: 0.7259, MR:    6.05, H@1: 0.625, H@3: 0.799, H@10: 0.907
[2026-04-07 17:39:29,097][root][INFO] - Train (tail) - MRR: 0.8023, MR:    3.37, H@1: 0.715, H@3: 0.869, H@10: 0.952
[2026-04-07 17:39:29,097][root][INFO] - Train (avg) - MRR: 0.7641, MR:    4.71, H@1: 0.670, H@3: 0.834, H@10: 0.929

[2026-04-07 17:39:29,097][root][INFO] - Valid metrics ...
[2026-04-07 17:39:43,778][root][INFO] - Valid (head) - MRR: 0.2667, MR:  218.40, H@1: 0.177, H@3: 0.293, H@10: 0.453
[2026-04-07 17:39:43,779][root][INFO] - Valid (tail) - MRR: 0.4654, MR:  119.64, H@1: 0.371, H@3: 0.508, H@10: 0.654
[2026-04-07 17:39:43,779][root][INFO] - Valid (avg) - MRR: 0.3661, MR:  169.02, H@1: 0.274, H@3: 0.400, H@10: 0.553

[2026-04-07 17:39:43,779][root][INFO] - Test metrics...
[2026-04-07 17:39:59,231][root][INFO] - Test (head) - MRR: 0.2644, MR:  229.49, H@1: 0.175, H@3: 0.288, H@10: 0.450
[2026-04-07 17:39:59,232][root][INFO] - Test (tail) - MRR: 0.4577, MR:  138.18, H@1: 0.362, H@3: 0.501, H@10: 0.649
[2026-04-07 17:39:59,232][root][INFO] - Test (avg) - MRR: 0.3611, MR:  183.84, H@1: 0.268, H@3: 0.395, H@10: 0.550

[2026-04-07 17:39:59,232][root][INFO] - Model save path: /home/wangwei/DSGNet-main/DSGNet/data/output/FB15k_237/2026-04-06/23-46-11
