[2026-03-12 06:44:34,177][root][INFO] - 
------Config------
 {'dataset': 'FB15k_237', 'epoch': 600, 'batch_size': 1024, 'learning_rate': 0.00035, 'h_dim': 480, 'pred_rel_w': False, 'label_smooth': 0.1, 'n_heads': 8, 'topk': 15, 'kg_layer': 2, 'rm_rate': 0.5, 'ent_drop': 0.3, 'rel_drop': 0.1, 'comp_op': 'mul', 'bn': False, 'k_h': 16, 'k_w': 30, 'conv_drop': 0.3, 'ent_drop_pred': 0.3, 'fc_drop': 0.5, 'ker_sz': 8, 'out_channel': 200, 'device': 0, 'max_no_improve': 45, 'cpu_worker_num': 10, 'warmup_epoch': 5}
[2026-03-12 06:44:34,177][root][INFO] - Code dir path: /home/wangwei/DSGNet-main/DSGNet/code_new
[2026-03-12 06:44:34,177][root][INFO] - Config dir path: /home/wangwei/DSGNet-main/DSGNet/config
[2026-03-12 06:44:34,177][root][INFO] - Model save path: /home/wangwei/DSGNet-main/DSGNet/data/output/FB15k_237/2026-03-12/06-44-34
[2026-03-12 06:44:38,073][root][INFO] - kg # node: 14541
[2026-03-12 06:44:38,074][root][INFO] - kg # edge: 544230
[2026-03-12 06:44:38,074][root][INFO] - kg # zero deg node: 36
[2026-03-12 06:44:38,074][root][INFO] - ---Load Train Data---
[2026-03-12 06:44:40,515][root][INFO] - -----Model Parameter Configuration-----
[2026-03-12 06:44:40,515][root][INFO] - Parameter ent_emb: torch.Size([14541, 480]), require_grad = True
[2026-03-12 06:44:40,515][root][INFO] - Parameter pred_rel_emb: torch.Size([474, 480]), require_grad = True
[2026-03-12 06:44:40,516][root][INFO] - Parameter W_fuse: torch.Size([480, 480]), require_grad = True
[2026-03-12 06:44:40,516][root][INFO] - Parameter a_fuse: torch.Size([960, 1]), require_grad = True
[2026-03-12 06:44:40,516][root][INFO] - Parameter rel_embs.0: torch.Size([474, 480]), require_grad = True
[2026-03-12 06:44:40,516][root][INFO] - Parameter rel_embs.1: torch.Size([474, 480]), require_grad = True
[2026-03-12 06:44:40,516][root][INFO] - Parameter predictor.bn0.weight: torch.Size([1]), require_grad = True
[2026-03-12 06:44:40,516][root][INFO] - Parameter predictor.bn0.bias: torch.Size([1]), require_grad = True
[2026-03-12 06:44:40,516][root][INFO] - Parameter predictor.bn1.weight: torch.Size([200]), require_grad = True
[2026-03-12 06:44:40,516][root][INFO] - Parameter predictor.bn1.bias: torch.Size([200]), require_grad = True
[2026-03-12 06:44:40,516][root][INFO] - Parameter predictor.bn2.weight: torch.Size([480]), require_grad = True
[2026-03-12 06:44:40,516][root][INFO] - Parameter predictor.bn2.bias: torch.Size([480]), require_grad = True
[2026-03-12 06:44:40,516][root][INFO] - Parameter predictor.conv.weight: torch.Size([200, 1, 8, 8]), require_grad = True
[2026-03-12 06:44:40,516][root][INFO] - Parameter predictor.fc.weight: torch.Size([480, 115000]), require_grad = True
[2026-03-12 06:44:40,516][root][INFO] - Parameter L.weight: torch.Size([480, 480]), require_grad = True
[2026-03-12 06:44:40,516][root][INFO] - Parameter L.bias: torch.Size([480]), require_grad = True
[2026-03-12 06:44:40,516][root][INFO] - Parameter S.weight: torch.Size([480, 480]), require_grad = True
[2026-03-12 06:44:40,516][root][INFO] - Parameter S.bias: torch.Size([480]), require_grad = True
[2026-03-12 06:44:40,516][root][INFO] - Parameter comp_layers.0.W: torch.Size([480, 480]), require_grad = True
[2026-03-12 06:44:40,516][root][INFO] - Parameter comp_layers.0.W_r: torch.Size([480, 480]), require_grad = True
[2026-03-12 06:44:40,516][root][INFO] - Parameter comp_layers.0.a: torch.Size([1, 8, 180]), require_grad = True
[2026-03-12 06:44:40,516][root][INFO] - Parameter comp_layers.0.W_samp: torch.Size([480, 60]), require_grad = True
[2026-03-12 06:44:40,516][root][INFO] - Parameter comp_layers.0.W_r_samp: torch.Size([480, 60]), require_grad = True
[2026-03-12 06:44:40,516][root][INFO] - Parameter comp_layers.0.a_samp: torch.Size([180, 1]), require_grad = True
[2026-03-12 06:44:40,516][root][INFO] - Parameter comp_layers.0.neigh_w: torch.Size([480, 480]), require_grad = True
[2026-03-12 06:44:40,517][root][INFO] - Parameter comp_layers.0.res_weight: torch.Size([1]), require_grad = True
[2026-03-12 06:44:40,517][root][INFO] - Parameter comp_layers.1.W: torch.Size([480, 480]), require_grad = True
[2026-03-12 06:44:40,517][root][INFO] - Parameter comp_layers.1.W_r: torch.Size([480, 480]), require_grad = True
[2026-03-12 06:44:40,517][root][INFO] - Parameter comp_layers.1.a: torch.Size([1, 8, 180]), require_grad = True
[2026-03-12 06:44:40,517][root][INFO] - Parameter comp_layers.1.W_samp: torch.Size([480, 60]), require_grad = True
[2026-03-12 06:44:40,517][root][INFO] - Parameter comp_layers.1.W_r_samp: torch.Size([480, 60]), require_grad = True
[2026-03-12 06:44:40,517][root][INFO] - Parameter comp_layers.1.a_samp: torch.Size([180, 1]), require_grad = True
[2026-03-12 06:44:40,517][root][INFO] - Parameter comp_layers.1.neigh_w: torch.Size([480, 480]), require_grad = True
[2026-03-12 06:44:40,517][root][INFO] - Parameter comp_layers.1.res_weight: torch.Size([1]), require_grad = True
[2026-03-12 06:44:41,407][root][INFO] - Training... total epoch: 600, step: 88200
[2026-03-12 06:46:28,491][root][INFO] - Epoch:   0 | Loss: 0.6222 | Val - MRR: 0.0012, MR: 6971.47, H@1: 0.000, H@3: 0.001, H@10: 0.002 | Test - MRR: 0.0009 | *
[2026-03-12 06:47:58,827][root][INFO] - Epoch:   1 | Loss: 0.2577 | Val - MRR: 0.0011, MR: 6707.40, H@1: 0.000, H@3: 0.000, H@10: 0.001 | 
[2026-03-12 06:49:44,184][root][INFO] - Epoch:   2 | Loss: 0.0782 | Val - MRR: 0.0167, MR: 6216.51, H@1: 0.011, H@3: 0.021, H@10: 0.027 | Test - MRR: 0.0170 | *
[2026-03-12 06:51:30,080][root][INFO] - Epoch:   3 | Loss: 0.0306 | Val - MRR: 0.0331, MR: 5822.69, H@1: 0.013, H@3: 0.051, H@10: 0.067 | Test - MRR: 0.0333 | *
[2026-03-12 06:53:18,429][root][INFO] - Epoch:   4 | Loss: 0.0154 | Val - MRR: 0.0378, MR: 5439.52, H@1: 0.013, H@3: 0.051, H@10: 0.078 | Test - MRR: 0.0378 | *
[2026-03-12 06:55:05,896][root][INFO] - Epoch:   5 | Loss: 0.0094 | Val - MRR: 0.0456, MR: 5080.13, H@1: 0.023, H@3: 0.051, H@10: 0.078 | Test - MRR: 0.0456 | *
[2026-03-12 06:56:52,726][root][INFO] - Epoch:   6 | Loss: 0.0068 | Val - MRR: 0.0534, MR: 4795.23, H@1: 0.033, H@3: 0.059, H@10: 0.078 | Test - MRR: 0.0531 | *
[2026-03-12 06:58:39,520][root][INFO] - Epoch:   7 | Loss: 0.0054 | Val - MRR: 0.0595, MR: 4556.93, H@1: 0.042, H@3: 0.061, H@10: 0.080 | Test - MRR: 0.0588 | *
[2026-03-12 07:00:26,057][root][INFO] - Epoch:   8 | Loss: 0.0046 | Val - MRR: 0.0697, MR: 4344.65, H@1: 0.059, H@3: 0.068, H@10: 0.083 | Test - MRR: 0.0691 | *
[2026-03-12 07:02:12,333][root][INFO] - Epoch:   9 | Loss: 0.0040 | Val - MRR: 0.0733, MR: 4158.29, H@1: 0.060, H@3: 0.072, H@10: 0.092 | Test - MRR: 0.0722 | *
[2026-03-12 07:03:59,164][root][INFO] - Epoch:  10 | Loss: 0.0037 | Val - MRR: 0.0771, MR: 4001.68, H@1: 0.063, H@3: 0.076, H@10: 0.095 | Test - MRR: 0.0756 | *
[2026-03-12 07:05:46,015][root][INFO] - Epoch:  11 | Loss: 0.0034 | Val - MRR: 0.0828, MR: 3849.28, H@1: 0.066, H@3: 0.085, H@10: 0.101 | Test - MRR: 0.0811 | *
[2026-03-12 07:07:32,536][root][INFO] - Epoch:  12 | Loss: 0.0032 | Val - MRR: 0.0899, MR: 3723.81, H@1: 0.074, H@3: 0.093, H@10: 0.109 | Test - MRR: 0.0878 | *
[2026-03-12 07:09:19,090][root][INFO] - Epoch:  13 | Loss: 0.0031 | Val - MRR: 0.0945, MR: 3603.71, H@1: 0.076, H@3: 0.100, H@10: 0.121 | Test - MRR: 0.0925 | *
[2026-03-12 07:11:06,518][root][INFO] - Epoch:  14 | Loss: 0.0029 | Val - MRR: 0.1045, MR: 3498.62, H@1: 0.085, H@3: 0.109, H@10: 0.136 | Test - MRR: 0.1023 | *
[2026-03-12 07:12:55,453][root][INFO] - Epoch:  15 | Loss: 0.0028 | Val - MRR: 0.1133, MR: 3403.95, H@1: 0.094, H@3: 0.117, H@10: 0.149 | Test - MRR: 0.1114 | *
[2026-03-12 07:14:41,464][root][INFO] - Epoch:  16 | Loss: 0.0028 | Val - MRR: 0.1227, MR: 3312.10, H@1: 0.099, H@3: 0.130, H@10: 0.165 | Test - MRR: 0.1215 | *
[2026-03-12 07:16:28,015][root][INFO] - Epoch:  17 | Loss: 0.0027 | Val - MRR: 0.1301, MR: 3221.42, H@1: 0.105, H@3: 0.140, H@10: 0.175 | Test - MRR: 0.1287 | *
[2026-03-12 07:18:15,297][root][INFO] - Epoch:  18 | Loss: 0.0026 | Val - MRR: 0.1381, MR: 3135.95, H@1: 0.110, H@3: 0.151, H@10: 0.189 | Test - MRR: 0.1371 | *
[2026-03-12 07:20:01,269][root][INFO] - Epoch:  19 | Loss: 0.0026 | Val - MRR: 0.1456, MR: 3065.90, H@1: 0.117, H@3: 0.159, H@10: 0.201 | Test - MRR: 0.1444 | *
[2026-03-12 07:21:46,915][root][INFO] - Epoch:  20 | Loss: 0.0026 | Val - MRR: 0.1519, MR: 2995.45, H@1: 0.120, H@3: 0.166, H@10: 0.209 | Test - MRR: 0.1508 | *
[2026-03-12 07:23:33,077][root][INFO] - Epoch:  21 | Loss: 0.0025 | Val - MRR: 0.1582, MR: 2928.88, H@1: 0.126, H@3: 0.173, H@10: 0.221 | Test - MRR: 0.1572 | *
[2026-03-12 07:25:20,580][root][INFO] - Epoch:  22 | Loss: 0.0025 | Val - MRR: 0.1621, MR: 2873.37, H@1: 0.127, H@3: 0.177, H@10: 0.231 | Test - MRR: 0.1613 | *
[2026-03-12 07:27:06,889][root][INFO] - Epoch:  23 | Loss: 0.0025 | Val - MRR: 0.1677, MR: 2818.64, H@1: 0.131, H@3: 0.184, H@10: 0.238 | Test - MRR: 0.1667 | *
[2026-03-12 07:28:53,834][root][INFO] - Epoch:  24 | Loss: 0.0024 | Val - MRR: 0.1713, MR: 2762.62, H@1: 0.133, H@3: 0.187, H@10: 0.245 | Test - MRR: 0.1706 | *
[2026-03-12 07:30:42,563][root][INFO] - Epoch:  25 | Loss: 0.0024 | Val - MRR: 0.1755, MR: 2698.29, H@1: 0.136, H@3: 0.192, H@10: 0.253 | Test - MRR: 0.1749 | *
[2026-03-12 07:32:29,053][root][INFO] - Epoch:  26 | Loss: 0.0024 | Val - MRR: 0.1785, MR: 2636.35, H@1: 0.139, H@3: 0.195, H@10: 0.257 | Test - MRR: 0.1784 | *
[2026-03-12 07:34:15,796][root][INFO] - Epoch:  27 | Loss: 0.0024 | Val - MRR: 0.1839, MR: 2569.24, H@1: 0.141, H@3: 0.202, H@10: 0.267 | Test - MRR: 0.1833 | *
[2026-03-12 07:36:02,330][root][INFO] - Epoch:  28 | Loss: 0.0023 | Val - MRR: 0.1870, MR: 2495.24, H@1: 0.142, H@3: 0.207, H@10: 0.275 | Test - MRR: 0.1863 | *
[2026-03-12 07:37:48,993][root][INFO] - Epoch:  29 | Loss: 0.0023 | Val - MRR: 0.1901, MR: 2435.24, H@1: 0.144, H@3: 0.208, H@10: 0.282 | Test - MRR: 0.1898 | *
[2026-03-12 07:39:36,562][root][INFO] - Epoch:  30 | Loss: 0.0023 | Val - MRR: 0.1936, MR: 2360.54, H@1: 0.146, H@3: 0.214, H@10: 0.289 | Test - MRR: 0.1931 | *
[2026-03-12 07:41:23,263][root][INFO] - Epoch:  31 | Loss: 0.0023 | Val - MRR: 0.1983, MR: 2291.58, H@1: 0.149, H@3: 0.219, H@10: 0.295 | Test - MRR: 0.1976 | *
[2026-03-12 07:43:10,914][root][INFO] - Epoch:  32 | Loss: 0.0023 | Val - MRR: 0.2010, MR: 2218.00, H@1: 0.151, H@3: 0.221, H@10: 0.301 | Test - MRR: 0.2008 | *
[2026-03-12 07:44:58,963][root][INFO] - Epoch:  33 | Loss: 0.0023 | Val - MRR: 0.2044, MR: 2137.95, H@1: 0.153, H@3: 0.224, H@10: 0.306 | Test - MRR: 0.2037 | *
[2026-03-12 07:46:45,113][root][INFO] - Epoch:  34 | Loss: 0.0022 | Val - MRR: 0.2070, MR: 2040.88, H@1: 0.154, H@3: 0.227, H@10: 0.311 | Test - MRR: 0.2065 | *
[2026-03-12 07:48:31,793][root][INFO] - Epoch:  35 | Loss: 0.0022 | Val - MRR: 0.2117, MR: 1948.84, H@1: 0.159, H@3: 0.231, H@10: 0.316 | Test - MRR: 0.2105 | *
[2026-03-12 07:50:16,231][root][INFO] - Epoch:  36 | Loss: 0.0022 | Val - MRR: 0.2131, MR: 1847.95, H@1: 0.159, H@3: 0.234, H@10: 0.320 | Test - MRR: 0.2121 | *
[2026-03-12 07:52:01,847][root][INFO] - Epoch:  37 | Loss: 0.0022 | Val - MRR: 0.2137, MR: 1753.87, H@1: 0.158, H@3: 0.234, H@10: 0.323 | Test - MRR: 0.2132 | *
[2026-03-12 07:53:48,790][root][INFO] - Epoch:  38 | Loss: 0.0022 | Val - MRR: 0.2171, MR: 1671.95, H@1: 0.161, H@3: 0.238, H@10: 0.326 | Test - MRR: 0.2157 | *
[2026-03-12 07:55:35,281][root][INFO] - Epoch:  39 | Loss: 0.0021 | Val - MRR: 0.2189, MR: 1559.39, H@1: 0.162, H@3: 0.239, H@10: 0.329 | Test - MRR: 0.2169 | *
[2026-03-12 07:57:22,076][root][INFO] - Epoch:  40 | Loss: 0.0021 | Val - MRR: 0.2205, MR: 1456.30, H@1: 0.163, H@3: 0.241, H@10: 0.333 | Test - MRR: 0.2188 | *
[2026-03-12 07:59:08,428][root][INFO] - Epoch:  41 | Loss: 0.0021 | Val - MRR: 0.2227, MR: 1375.86, H@1: 0.165, H@3: 0.243, H@10: 0.336 | Test - MRR: 0.2211 | *
[2026-03-12 08:00:54,390][root][INFO] - Epoch:  42 | Loss: 0.0021 | Val - MRR: 0.2233, MR: 1308.49, H@1: 0.165, H@3: 0.243, H@10: 0.337 | Test - MRR: 0.2216 | *
[2026-03-12 08:02:24,844][root][INFO] - Epoch:  43 | Loss: 0.0021 | Val - MRR: 0.2229, MR: 1229.72, H@1: 0.164, H@3: 0.243, H@10: 0.339 | 
[2026-03-12 08:04:10,206][root][INFO] - Epoch:  44 | Loss: 0.0021 | Val - MRR: 0.2260, MR: 1157.76, H@1: 0.166, H@3: 0.248, H@10: 0.343 | Test - MRR: 0.2241 | *
[2026-03-12 08:05:56,583][root][INFO] - Epoch:  45 | Loss: 0.0020 | Val - MRR: 0.2261, MR: 1092.80, H@1: 0.166, H@3: 0.247, H@10: 0.344 | Test - MRR: 0.2247 | *
[2026-03-12 08:07:42,460][root][INFO] - Epoch:  46 | Loss: 0.0020 | Val - MRR: 0.2265, MR: 1013.19, H@1: 0.165, H@3: 0.248, H@10: 0.346 | Test - MRR: 0.2251 | *
[2026-03-12 08:09:29,998][root][INFO] - Epoch:  47 | Loss: 0.0020 | Val - MRR: 0.2280, MR:  963.36, H@1: 0.167, H@3: 0.248, H@10: 0.348 | Test - MRR: 0.2263 | *
[2026-03-12 08:11:17,328][root][INFO] - Epoch:  48 | Loss: 0.0020 | Val - MRR: 0.2296, MR:  904.41, H@1: 0.168, H@3: 0.250, H@10: 0.348 | Test - MRR: 0.2275 | *
[2026-03-12 08:13:04,225][root][INFO] - Epoch:  49 | Loss: 0.0020 | Val - MRR: 0.2310, MR:  834.67, H@1: 0.170, H@3: 0.250, H@10: 0.351 | Test - MRR: 0.2284 | *
[2026-03-12 08:14:51,295][root][INFO] - Epoch:  50 | Loss: 0.0020 | Val - MRR: 0.2317, MR:  788.10, H@1: 0.170, H@3: 0.252, H@10: 0.351 | Test - MRR: 0.2301 | *
[2026-03-12 08:16:36,544][root][INFO] - Epoch:  51 | Loss: 0.0019 | Val - MRR: 0.2331, MR:  733.16, H@1: 0.171, H@3: 0.251, H@10: 0.354 | Test - MRR: 0.2311 | *
[2026-03-12 08:18:07,449][root][INFO] - Epoch:  52 | Loss: 0.0019 | Val - MRR: 0.2330, MR:  690.34, H@1: 0.170, H@3: 0.253, H@10: 0.354 | 
[2026-03-12 08:19:54,160][root][INFO] - Epoch:  53 | Loss: 0.0019 | Val - MRR: 0.2349, MR:  658.17, H@1: 0.173, H@3: 0.254, H@10: 0.356 | Test - MRR: 0.2333 | *
[2026-03-12 08:21:39,402][root][INFO] - Epoch:  54 | Loss: 0.0019 | Val - MRR: 0.2359, MR:  607.38, H@1: 0.173, H@3: 0.256, H@10: 0.358 | Test - MRR: 0.2345 | *
[2026-03-12 08:23:26,159][root][INFO] - Epoch:  55 | Loss: 0.0019 | Val - MRR: 0.2367, MR:  579.89, H@1: 0.174, H@3: 0.256, H@10: 0.360 | Test - MRR: 0.2353 | *
[2026-03-12 08:25:13,534][root][INFO] - Epoch:  56 | Loss: 0.0019 | Val - MRR: 0.2376, MR:  556.96, H@1: 0.174, H@3: 0.257, H@10: 0.363 | Test - MRR: 0.2363 | *
[2026-03-12 08:26:59,939][root][INFO] - Epoch:  57 | Loss: 0.0019 | Val - MRR: 0.2385, MR:  528.78, H@1: 0.175, H@3: 0.258, H@10: 0.364 | Test - MRR: 0.2376 | *
[2026-03-12 08:28:46,906][root][INFO] - Epoch:  58 | Loss: 0.0019 | Val - MRR: 0.2392, MR:  508.97, H@1: 0.174, H@3: 0.259, H@10: 0.365 | Test - MRR: 0.2373 | *
[2026-03-12 08:30:32,787][root][INFO] - Epoch:  59 | Loss: 0.0019 | Val - MRR: 0.2408, MR:  486.39, H@1: 0.176, H@3: 0.260, H@10: 0.367 | Test - MRR: 0.2400 | *
[2026-03-12 08:32:19,644][root][INFO] - Epoch:  60 | Loss: 0.0019 | Val - MRR: 0.2422, MR:  461.01, H@1: 0.177, H@3: 0.263, H@10: 0.368 | Test - MRR: 0.2412 | *
[2026-03-12 08:34:05,741][root][INFO] - Epoch:  61 | Loss: 0.0019 | Val - MRR: 0.2422, MR:  436.36, H@1: 0.176, H@3: 0.264, H@10: 0.370 | Test - MRR: 0.2415 | *
[2026-03-12 08:35:52,814][root][INFO] - Epoch:  62 | Loss: 0.0018 | Val - MRR: 0.2431, MR:  423.11, H@1: 0.177, H@3: 0.264, H@10: 0.369 | Test - MRR: 0.2416 | *
[2026-03-12 08:37:39,789][root][INFO] - Epoch:  63 | Loss: 0.0018 | Val - MRR: 0.2462, MR:  409.81, H@1: 0.181, H@3: 0.266, H@10: 0.374 | Test - MRR: 0.2445 | *
[2026-03-12 08:39:10,688][root][INFO] - Epoch:  64 | Loss: 0.0018 | Val - MRR: 0.2443, MR:  402.24, H@1: 0.177, H@3: 0.266, H@10: 0.375 | 
[2026-03-12 08:40:55,969][root][INFO] - Epoch:  65 | Loss: 0.0018 | Val - MRR: 0.2477, MR:  386.80, H@1: 0.181, H@3: 0.269, H@10: 0.377 | Test - MRR: 0.2451 | *
[2026-03-12 08:42:42,706][root][INFO] - Epoch:  66 | Loss: 0.0018 | Val - MRR: 0.2477, MR:  384.43, H@1: 0.180, H@3: 0.269, H@10: 0.380 | Test - MRR: 0.2465 | *
[2026-03-12 08:44:31,111][root][INFO] - Epoch:  67 | Loss: 0.0018 | Val - MRR: 0.2494, MR:  376.18, H@1: 0.181, H@3: 0.272, H@10: 0.382 | Test - MRR: 0.2477 | *
[2026-03-12 08:46:17,088][root][INFO] - Epoch:  68 | Loss: 0.0018 | Val - MRR: 0.2514, MR:  367.45, H@1: 0.182, H@3: 0.274, H@10: 0.385 | Test - MRR: 0.2503 | *
[2026-03-12 08:48:03,031][root][INFO] - Epoch:  69 | Loss: 0.0018 | Val - MRR: 0.2520, MR:  360.45, H@1: 0.183, H@3: 0.275, H@10: 0.385 | Test - MRR: 0.2502 | *
[2026-03-12 08:49:33,374][root][INFO] - Epoch:  70 | Loss: 0.0018 | Val - MRR: 0.2519, MR:  356.58, H@1: 0.183, H@3: 0.274, H@10: 0.388 | 
[2026-03-12 08:51:19,160][root][INFO] - Epoch:  71 | Loss: 0.0018 | Val - MRR: 0.2540, MR:  347.01, H@1: 0.184, H@3: 0.277, H@10: 0.388 | Test - MRR: 0.2530 | *
[2026-03-12 08:53:05,636][root][INFO] - Epoch:  72 | Loss: 0.0018 | Val - MRR: 0.2553, MR:  344.71, H@1: 0.185, H@3: 0.278, H@10: 0.390 | Test - MRR: 0.2533 | *
[2026-03-12 08:54:34,858][root][INFO] - Epoch:  73 | Loss: 0.0018 | Val - MRR: 0.2545, MR:  337.49, H@1: 0.184, H@3: 0.278, H@10: 0.392 | 
[2026-03-12 08:56:22,303][root][INFO] - Epoch:  74 | Loss: 0.0018 | Val - MRR: 0.2567, MR:  333.31, H@1: 0.186, H@3: 0.281, H@10: 0.393 | Test - MRR: 0.2550 | *
[2026-03-12 08:58:08,374][root][INFO] - Epoch:  75 | Loss: 0.0018 | Val - MRR: 0.2576, MR:  327.65, H@1: 0.187, H@3: 0.281, H@10: 0.394 | Test - MRR: 0.2557 | *
[2026-03-12 08:59:53,980][root][INFO] - Epoch:  76 | Loss: 0.0018 | Val - MRR: 0.2584, MR:  322.05, H@1: 0.187, H@3: 0.283, H@10: 0.396 | Test - MRR: 0.2576 | *
[2026-03-12 09:01:40,360][root][INFO] - Epoch:  77 | Loss: 0.0018 | Val - MRR: 0.2586, MR:  324.41, H@1: 0.187, H@3: 0.282, H@10: 0.398 | Test - MRR: 0.2580 | *
[2026-03-12 09:03:26,539][root][INFO] - Epoch:  78 | Loss: 0.0017 | Val - MRR: 0.2605, MR:  316.86, H@1: 0.188, H@3: 0.286, H@10: 0.400 | Test - MRR: 0.2592 | *
[2026-03-12 09:05:13,204][root][INFO] - Epoch:  79 | Loss: 0.0017 | Val - MRR: 0.2628, MR:  317.22, H@1: 0.191, H@3: 0.286, H@10: 0.401 | Test - MRR: 0.2617 | *
[2026-03-12 09:06:59,585][root][INFO] - Epoch:  80 | Loss: 0.0017 | Val - MRR: 0.2630, MR:  319.25, H@1: 0.191, H@3: 0.286, H@10: 0.402 | Test - MRR: 0.2604 | *
[2026-03-12 09:08:46,583][root][INFO] - Epoch:  81 | Loss: 0.0017 | Val - MRR: 0.2644, MR:  311.46, H@1: 0.192, H@3: 0.288, H@10: 0.405 | Test - MRR: 0.2624 | *
[2026-03-12 09:10:32,730][root][INFO] - Epoch:  82 | Loss: 0.0017 | Val - MRR: 0.2664, MR:  310.37, H@1: 0.194, H@3: 0.290, H@10: 0.407 | Test - MRR: 0.2635 | *
[2026-03-12 09:12:18,999][root][INFO] - Epoch:  83 | Loss: 0.0017 | Val - MRR: 0.2666, MR:  311.26, H@1: 0.194, H@3: 0.290, H@10: 0.409 | Test - MRR: 0.2654 | *
[2026-03-12 09:14:05,185][root][INFO] - Epoch:  84 | Loss: 0.0017 | Val - MRR: 0.2674, MR:  306.56, H@1: 0.195, H@3: 0.291, H@10: 0.410 | Test - MRR: 0.2650 | *
[2026-03-12 09:15:50,322][root][INFO] - Epoch:  85 | Loss: 0.0017 | Val - MRR: 0.2683, MR:  304.39, H@1: 0.195, H@3: 0.292, H@10: 0.412 | Test - MRR: 0.2662 | *
[2026-03-12 09:17:36,868][root][INFO] - Epoch:  86 | Loss: 0.0017 | Val - MRR: 0.2705, MR:  296.95, H@1: 0.198, H@3: 0.294, H@10: 0.415 | Test - MRR: 0.2681 | *
[2026-03-12 09:19:24,246][root][INFO] - Epoch:  87 | Loss: 0.0017 | Val - MRR: 0.2710, MR:  293.03, H@1: 0.197, H@3: 0.295, H@10: 0.415 | Test - MRR: 0.2693 | *
[2026-03-12 09:21:13,574][root][INFO] - Epoch:  88 | Loss: 0.0017 | Val - MRR: 0.2726, MR:  304.06, H@1: 0.199, H@3: 0.297, H@10: 0.417 | Test - MRR: 0.2698 | *
[2026-03-12 09:23:01,655][root][INFO] - Epoch:  89 | Loss: 0.0017 | Val - MRR: 0.2739, MR:  296.64, H@1: 0.200, H@3: 0.298, H@10: 0.419 | Test - MRR: 0.2708 | *
[2026-03-12 09:24:47,975][root][INFO] - Epoch:  90 | Loss: 0.0017 | Val - MRR: 0.2759, MR:  294.74, H@1: 0.203, H@3: 0.299, H@10: 0.420 | Test - MRR: 0.2726 | *
[2026-03-12 09:26:34,354][root][INFO] - Epoch:  91 | Loss: 0.0017 | Val - MRR: 0.2767, MR:  290.46, H@1: 0.203, H@3: 0.300, H@10: 0.423 | Test - MRR: 0.2740 | *
[2026-03-12 09:28:20,256][root][INFO] - Epoch:  92 | Loss: 0.0017 | Val - MRR: 0.2781, MR:  284.27, H@1: 0.204, H@3: 0.301, H@10: 0.424 | Test - MRR: 0.2742 | *
[2026-03-12 09:30:06,833][root][INFO] - Epoch:  93 | Loss: 0.0017 | Val - MRR: 0.2798, MR:  282.14, H@1: 0.205, H@3: 0.304, H@10: 0.428 | Test - MRR: 0.2768 | *
[2026-03-12 09:31:52,734][root][INFO] - Epoch:  94 | Loss: 0.0017 | Val - MRR: 0.2802, MR:  282.11, H@1: 0.206, H@3: 0.304, H@10: 0.428 | Test - MRR: 0.2774 | *
[2026-03-12 09:33:40,015][root][INFO] - Epoch:  95 | Loss: 0.0017 | Val - MRR: 0.2815, MR:  281.14, H@1: 0.207, H@3: 0.305, H@10: 0.429 | Test - MRR: 0.2774 | *
[2026-03-12 09:35:27,195][root][INFO] - Epoch:  96 | Loss: 0.0017 | Val - MRR: 0.2819, MR:  280.64, H@1: 0.207, H@3: 0.304, H@10: 0.431 | Test - MRR: 0.2787 | *
[2026-03-12 09:37:13,352][root][INFO] - Epoch:  97 | Loss: 0.0017 | Val - MRR: 0.2835, MR:  279.34, H@1: 0.209, H@3: 0.306, H@10: 0.432 | Test - MRR: 0.2803 | *
[2026-03-12 09:38:43,186][root][INFO] - Epoch:  98 | Loss: 0.0017 | Val - MRR: 0.2834, MR:  281.90, H@1: 0.209, H@3: 0.307, H@10: 0.432 | 
[2026-03-12 09:40:29,915][root][INFO] - Epoch:  99 | Loss: 0.0017 | Val - MRR: 0.2839, MR:  280.27, H@1: 0.208, H@3: 0.308, H@10: 0.435 | Test - MRR: 0.2817 | *
[2026-03-12 09:42:15,688][root][INFO] - Epoch: 100 | Loss: 0.0017 | Val - MRR: 0.2864, MR:  281.00, H@1: 0.211, H@3: 0.311, H@10: 0.435 | Test - MRR: 0.2827 | *
[2026-03-12 09:44:01,770][root][INFO] - Epoch: 101 | Loss: 0.0017 | Val - MRR: 0.2874, MR:  275.01, H@1: 0.212, H@3: 0.312, H@10: 0.438 | Test - MRR: 0.2837 | *
[2026-03-12 09:45:32,533][root][INFO] - Epoch: 102 | Loss: 0.0017 | Val - MRR: 0.2864, MR:  273.20, H@1: 0.210, H@3: 0.311, H@10: 0.436 | 
[2026-03-12 09:47:19,485][root][INFO] - Epoch: 103 | Loss: 0.0017 | Val - MRR: 0.2880, MR:  266.78, H@1: 0.212, H@3: 0.311, H@10: 0.439 | Test - MRR: 0.2845 | *
[2026-03-12 09:49:03,684][root][INFO] - Epoch: 104 | Loss: 0.0017 | Val - MRR: 0.2894, MR:  265.64, H@1: 0.214, H@3: 0.313, H@10: 0.440 | Test - MRR: 0.2855 | *
[2026-03-12 09:50:50,570][root][INFO] - Epoch: 105 | Loss: 0.0016 | Val - MRR: 0.2895, MR:  267.25, H@1: 0.213, H@3: 0.314, H@10: 0.441 | Test - MRR: 0.2865 | *
[2026-03-12 09:52:37,624][root][INFO] - Epoch: 106 | Loss: 0.0016 | Val - MRR: 0.2907, MR:  260.20, H@1: 0.214, H@3: 0.315, H@10: 0.442 | Test - MRR: 0.2875 | *
[2026-03-12 09:54:25,361][root][INFO] - Epoch: 107 | Loss: 0.0016 | Val - MRR: 0.2910, MR:  265.28, H@1: 0.214, H@3: 0.315, H@10: 0.443 | Test - MRR: 0.2883 | *
[2026-03-12 09:56:10,681][root][INFO] - Epoch: 108 | Loss: 0.0016 | Val - MRR: 0.2934, MR:  257.21, H@1: 0.217, H@3: 0.318, H@10: 0.445 | Test - MRR: 0.2897 | *
[2026-03-12 09:57:56,583][root][INFO] - Epoch: 109 | Loss: 0.0016 | Val - MRR: 0.2937, MR:  258.49, H@1: 0.217, H@3: 0.318, H@10: 0.446 | Test - MRR: 0.2908 | *
[2026-03-12 09:59:44,290][root][INFO] - Epoch: 110 | Loss: 0.0016 | Val - MRR: 0.2938, MR:  255.07, H@1: 0.217, H@3: 0.319, H@10: 0.446 | Test - MRR: 0.2905 | *
[2026-03-12 10:01:31,239][root][INFO] - Epoch: 111 | Loss: 0.0016 | Val - MRR: 0.2944, MR:  254.02, H@1: 0.217, H@3: 0.319, H@10: 0.450 | Test - MRR: 0.2911 | *
[2026-03-12 10:03:16,943][root][INFO] - Epoch: 112 | Loss: 0.0016 | Val - MRR: 0.2952, MR:  251.63, H@1: 0.218, H@3: 0.318, H@10: 0.450 | Test - MRR: 0.2913 | *
[2026-03-12 10:05:04,161][root][INFO] - Epoch: 113 | Loss: 0.0016 | Val - MRR: 0.2963, MR:  251.38, H@1: 0.218, H@3: 0.321, H@10: 0.453 | Test - MRR: 0.2923 | *
[2026-03-12 10:06:49,851][root][INFO] - Epoch: 114 | Loss: 0.0016 | Val - MRR: 0.2964, MR:  253.84, H@1: 0.218, H@3: 0.322, H@10: 0.450 | Test - MRR: 0.2934 | *
[2026-03-12 10:08:35,216][root][INFO] - Epoch: 115 | Loss: 0.0016 | Val - MRR: 0.2978, MR:  247.97, H@1: 0.220, H@3: 0.322, H@10: 0.452 | Test - MRR: 0.2941 | *
[2026-03-12 10:10:22,961][root][INFO] - Epoch: 116 | Loss: 0.0016 | Val - MRR: 0.2980, MR:  246.62, H@1: 0.220, H@3: 0.325, H@10: 0.453 | Test - MRR: 0.2951 | *
[2026-03-12 10:11:53,667][root][INFO] - Epoch: 117 | Loss: 0.0016 | Val - MRR: 0.2975, MR:  246.67, H@1: 0.219, H@3: 0.323, H@10: 0.454 | 
[2026-03-12 10:13:38,461][root][INFO] - Epoch: 118 | Loss: 0.0016 | Val - MRR: 0.2994, MR:  241.81, H@1: 0.220, H@3: 0.326, H@10: 0.456 | Test - MRR: 0.2971 | *
[2026-03-12 10:15:24,144][root][INFO] - Epoch: 119 | Loss: 0.0016 | Val - MRR: 0.2995, MR:  241.75, H@1: 0.221, H@3: 0.325, H@10: 0.457 | Test - MRR: 0.2967 | *
[2026-03-12 10:17:10,266][root][INFO] - Epoch: 120 | Loss: 0.0016 | Val - MRR: 0.3000, MR:  238.74, H@1: 0.221, H@3: 0.325, H@10: 0.458 | Test - MRR: 0.2969 | *
[2026-03-12 10:18:56,813][root][INFO] - Epoch: 121 | Loss: 0.0016 | Val - MRR: 0.3009, MR:  237.80, H@1: 0.222, H@3: 0.326, H@10: 0.458 | Test - MRR: 0.2984 | *
[2026-03-12 10:20:41,037][root][INFO] - Epoch: 122 | Loss: 0.0016 | Val - MRR: 0.3018, MR:  240.45, H@1: 0.223, H@3: 0.326, H@10: 0.460 | Test - MRR: 0.2980 | *
[2026-03-12 10:22:26,810][root][INFO] - Epoch: 123 | Loss: 0.0016 | Val - MRR: 0.3019, MR:  235.66, H@1: 0.222, H@3: 0.327, H@10: 0.460 | Test - MRR: 0.2987 | *
[2026-03-12 10:24:11,467][root][INFO] - Epoch: 124 | Loss: 0.0016 | Val - MRR: 0.3030, MR:  236.14, H@1: 0.224, H@3: 0.329, H@10: 0.461 | Test - MRR: 0.2988 | *
[2026-03-12 10:25:58,902][root][INFO] - Epoch: 125 | Loss: 0.0016 | Val - MRR: 0.3037, MR:  230.82, H@1: 0.224, H@3: 0.331, H@10: 0.462 | Test - MRR: 0.3000 | *
[2026-03-12 10:27:45,179][root][INFO] - Epoch: 126 | Loss: 0.0016 | Val - MRR: 0.3040, MR:  233.65, H@1: 0.225, H@3: 0.330, H@10: 0.462 | Test - MRR: 0.3011 | *
[2026-03-12 10:29:31,263][root][INFO] - Epoch: 127 | Loss: 0.0016 | Val - MRR: 0.3042, MR:  231.92, H@1: 0.224, H@3: 0.330, H@10: 0.464 | Test - MRR: 0.3004 | *
[2026-03-12 10:31:17,528][root][INFO] - Epoch: 128 | Loss: 0.0016 | Val - MRR: 0.3056, MR:  228.90, H@1: 0.226, H@3: 0.331, H@10: 0.466 | Test - MRR: 0.3019 | *
[2026-03-12 10:33:04,084][root][INFO] - Epoch: 129 | Loss: 0.0016 | Val - MRR: 0.3063, MR:  226.92, H@1: 0.226, H@3: 0.332, H@10: 0.468 | Test - MRR: 0.3028 | *
[2026-03-12 10:34:49,646][root][INFO] - Epoch: 130 | Loss: 0.0016 | Val - MRR: 0.3074, MR:  225.82, H@1: 0.227, H@3: 0.332, H@10: 0.469 | Test - MRR: 0.3046 | *
[2026-03-12 10:36:19,729][root][INFO] - Epoch: 131 | Loss: 0.0016 | Val - MRR: 0.3068, MR:  224.86, H@1: 0.226, H@3: 0.333, H@10: 0.468 | 
[2026-03-12 10:38:06,715][root][INFO] - Epoch: 132 | Loss: 0.0016 | Val - MRR: 0.3081, MR:  224.58, H@1: 0.228, H@3: 0.333, H@10: 0.468 | Test - MRR: 0.3040 | *
[2026-03-12 10:39:35,860][root][INFO] - Epoch: 133 | Loss: 0.0016 | Val - MRR: 0.3077, MR:  223.64, H@1: 0.227, H@3: 0.334, H@10: 0.469 | 
[2026-03-12 10:41:06,981][root][INFO] - Epoch: 134 | Loss: 0.0016 | Val - MRR: 0.3075, MR:  223.87, H@1: 0.226, H@3: 0.333, H@10: 0.471 | 
[2026-03-12 10:42:52,703][root][INFO] - Epoch: 135 | Loss: 0.0016 | Val - MRR: 0.3085, MR:  223.58, H@1: 0.228, H@3: 0.334, H@10: 0.470 | Test - MRR: 0.3062 | *
[2026-03-12 10:44:38,118][root][INFO] - Epoch: 136 | Loss: 0.0016 | Val - MRR: 0.3090, MR:  222.04, H@1: 0.228, H@3: 0.336, H@10: 0.470 | Test - MRR: 0.3052 | *
[2026-03-12 10:46:24,462][root][INFO] - Epoch: 137 | Loss: 0.0016 | Val - MRR: 0.3092, MR:  221.60, H@1: 0.229, H@3: 0.335, H@10: 0.471 | Test - MRR: 0.3051 | *
[2026-03-12 10:48:10,463][root][INFO] - Epoch: 138 | Loss: 0.0016 | Val - MRR: 0.3108, MR:  219.37, H@1: 0.231, H@3: 0.336, H@10: 0.473 | Test - MRR: 0.3075 | *
[2026-03-12 10:49:40,261][root][INFO] - Epoch: 139 | Loss: 0.0016 | Val - MRR: 0.3107, MR:  216.46, H@1: 0.230, H@3: 0.336, H@10: 0.473 | 
[2026-03-12 10:51:26,668][root][INFO] - Epoch: 140 | Loss: 0.0016 | Val - MRR: 0.3113, MR:  217.78, H@1: 0.230, H@3: 0.337, H@10: 0.474 | Test - MRR: 0.3076 | *
[2026-03-12 10:53:11,903][root][INFO] - Epoch: 141 | Loss: 0.0016 | Val - MRR: 0.3116, MR:  217.71, H@1: 0.231, H@3: 0.337, H@10: 0.474 | Test - MRR: 0.3086 | *
[2026-03-12 10:54:58,585][root][INFO] - Epoch: 142 | Loss: 0.0016 | Val - MRR: 0.3126, MR:  213.86, H@1: 0.232, H@3: 0.338, H@10: 0.475 | Test - MRR: 0.3083 | *
[2026-03-12 10:56:45,059][root][INFO] - Epoch: 143 | Loss: 0.0016 | Val - MRR: 0.3138, MR:  213.80, H@1: 0.233, H@3: 0.340, H@10: 0.475 | Test - MRR: 0.3095 | *
[2026-03-12 10:58:29,831][root][INFO] - Epoch: 144 | Loss: 0.0016 | Val - MRR: 0.3146, MR:  210.94, H@1: 0.234, H@3: 0.340, H@10: 0.475 | Test - MRR: 0.3102 | *
[2026-03-12 11:00:16,228][root][INFO] - Epoch: 145 | Loss: 0.0016 | Val - MRR: 0.3147, MR:  212.92, H@1: 0.234, H@3: 0.340, H@10: 0.476 | Test - MRR: 0.3111 | *
[2026-03-12 11:02:01,528][root][INFO] - Epoch: 146 | Loss: 0.0016 | Val - MRR: 0.3149, MR:  209.09, H@1: 0.234, H@3: 0.340, H@10: 0.478 | Test - MRR: 0.3116 | *
[2026-03-12 11:03:48,137][root][INFO] - Epoch: 147 | Loss: 0.0016 | Val - MRR: 0.3152, MR:  210.19, H@1: 0.233, H@3: 0.342, H@10: 0.479 | Test - MRR: 0.3121 | *
[2026-03-12 11:05:35,493][root][INFO] - Epoch: 148 | Loss: 0.0016 | Val - MRR: 0.3163, MR:  210.00, H@1: 0.234, H@3: 0.343, H@10: 0.480 | Test - MRR: 0.3124 | *
[2026-03-12 11:07:05,032][root][INFO] - Epoch: 149 | Loss: 0.0016 | Val - MRR: 0.3159, MR:  207.51, H@1: 0.234, H@3: 0.342, H@10: 0.479 | 
[2026-03-12 11:08:50,755][root][INFO] - Epoch: 150 | Loss: 0.0016 | Val - MRR: 0.3171, MR:  207.22, H@1: 0.235, H@3: 0.344, H@10: 0.481 | Test - MRR: 0.3129 | *
[2026-03-12 11:10:37,100][root][INFO] - Epoch: 151 | Loss: 0.0016 | Val - MRR: 0.3177, MR:  205.89, H@1: 0.236, H@3: 0.345, H@10: 0.482 | Test - MRR: 0.3134 | *
[2026-03-12 11:12:22,149][root][INFO] - Epoch: 152 | Loss: 0.0016 | Val - MRR: 0.3182, MR:  202.62, H@1: 0.236, H@3: 0.344, H@10: 0.481 | Test - MRR: 0.3135 | *
[2026-03-12 11:13:51,524][root][INFO] - Epoch: 153 | Loss: 0.0016 | Val - MRR: 0.3171, MR:  203.08, H@1: 0.235, H@3: 0.343, H@10: 0.482 | 
[2026-03-12 11:15:38,509][root][INFO] - Epoch: 154 | Loss: 0.0016 | Val - MRR: 0.3182, MR:  203.29, H@1: 0.235, H@3: 0.347, H@10: 0.483 | Test - MRR: 0.3143 | *
[2026-03-12 11:17:23,924][root][INFO] - Epoch: 155 | Loss: 0.0016 | Val - MRR: 0.3195, MR:  205.17, H@1: 0.237, H@3: 0.347, H@10: 0.484 | Test - MRR: 0.3157 | *
[2026-03-12 11:19:10,045][root][INFO] - Epoch: 156 | Loss: 0.0016 | Val - MRR: 0.3197, MR:  201.46, H@1: 0.237, H@3: 0.348, H@10: 0.486 | Test - MRR: 0.3160 | *
[2026-03-12 11:20:39,158][root][INFO] - Epoch: 157 | Loss: 0.0016 | Val - MRR: 0.3191, MR:  202.21, H@1: 0.236, H@3: 0.346, H@10: 0.484 | 
[2026-03-12 11:22:08,859][root][INFO] - Epoch: 158 | Loss: 0.0016 | Val - MRR: 0.3196, MR:  200.73, H@1: 0.236, H@3: 0.348, H@10: 0.486 | 
[2026-03-12 11:23:55,474][root][INFO] - Epoch: 159 | Loss: 0.0016 | Val - MRR: 0.3202, MR:  200.23, H@1: 0.237, H@3: 0.349, H@10: 0.486 | Test - MRR: 0.3163 | *
[2026-03-12 11:25:39,569][root][INFO] - Epoch: 160 | Loss: 0.0016 | Val - MRR: 0.3203, MR:  199.87, H@1: 0.237, H@3: 0.348, H@10: 0.487 | Test - MRR: 0.3164 | *
[2026-03-12 11:27:25,371][root][INFO] - Epoch: 161 | Loss: 0.0016 | Val - MRR: 0.3213, MR:  200.30, H@1: 0.238, H@3: 0.349, H@10: 0.489 | Test - MRR: 0.3170 | *
[2026-03-12 11:29:12,189][root][INFO] - Epoch: 162 | Loss: 0.0016 | Val - MRR: 0.3215, MR:  198.22, H@1: 0.238, H@3: 0.349, H@10: 0.488 | Test - MRR: 0.3183 | *
[2026-03-12 11:30:59,145][root][INFO] - Epoch: 163 | Loss: 0.0016 | Val - MRR: 0.3222, MR:  197.57, H@1: 0.239, H@3: 0.350, H@10: 0.489 | Test - MRR: 0.3175 | *
[2026-03-12 11:32:45,646][root][INFO] - Epoch: 164 | Loss: 0.0016 | Val - MRR: 0.3228, MR:  196.36, H@1: 0.239, H@3: 0.351, H@10: 0.490 | Test - MRR: 0.3187 | *
[2026-03-12 11:34:31,732][root][INFO] - Epoch: 165 | Loss: 0.0016 | Val - MRR: 0.3241, MR:  194.89, H@1: 0.240, H@3: 0.353, H@10: 0.490 | Test - MRR: 0.3197 | *
[2026-03-12 11:36:17,311][root][INFO] - Epoch: 166 | Loss: 0.0016 | Val - MRR: 0.3241, MR:  195.15, H@1: 0.241, H@3: 0.353, H@10: 0.492 | Test - MRR: 0.3197 | *
[2026-03-12 11:37:47,105][root][INFO] - Epoch: 167 | Loss: 0.0016 | Val - MRR: 0.3235, MR:  195.48, H@1: 0.239, H@3: 0.352, H@10: 0.491 | 
[2026-03-12 11:39:32,448][root][INFO] - Epoch: 168 | Loss: 0.0016 | Val - MRR: 0.3243, MR:  192.48, H@1: 0.240, H@3: 0.353, H@10: 0.493 | Test - MRR: 0.3208 | *
[2026-03-12 11:41:18,615][root][INFO] - Epoch: 169 | Loss: 0.0016 | Val - MRR: 0.3252, MR:  193.62, H@1: 0.241, H@3: 0.354, H@10: 0.492 | Test - MRR: 0.3212 | *
[2026-03-12 11:42:49,061][root][INFO] - Epoch: 170 | Loss: 0.0016 | Val - MRR: 0.3246, MR:  194.81, H@1: 0.240, H@3: 0.354, H@10: 0.493 | 
[2026-03-12 11:44:19,534][root][INFO] - Epoch: 171 | Loss: 0.0016 | Val - MRR: 0.3238, MR:  193.91, H@1: 0.239, H@3: 0.353, H@10: 0.492 | 
[2026-03-12 11:46:05,661][root][INFO] - Epoch: 172 | Loss: 0.0016 | Val - MRR: 0.3252, MR:  192.66, H@1: 0.241, H@3: 0.353, H@10: 0.492 | Test - MRR: 0.3213 | *
[2026-03-12 11:47:37,130][root][INFO] - Epoch: 173 | Loss: 0.0016 | Val - MRR: 0.3248, MR:  193.05, H@1: 0.240, H@3: 0.354, H@10: 0.493 | 
[2026-03-12 11:49:25,507][root][INFO] - Epoch: 174 | Loss: 0.0016 | Val - MRR: 0.3254, MR:  191.86, H@1: 0.241, H@3: 0.355, H@10: 0.493 | Test - MRR: 0.3216 | *
[2026-03-12 11:51:12,473][root][INFO] - Epoch: 175 | Loss: 0.0016 | Val - MRR: 0.3274, MR:  189.64, H@1: 0.243, H@3: 0.357, H@10: 0.495 | Test - MRR: 0.3226 | *
[2026-03-12 11:52:42,317][root][INFO] - Epoch: 176 | Loss: 0.0016 | Val - MRR: 0.3267, MR:  191.50, H@1: 0.242, H@3: 0.356, H@10: 0.496 | 
[2026-03-12 11:54:12,299][root][INFO] - Epoch: 177 | Loss: 0.0016 | Val - MRR: 0.3267, MR:  189.58, H@1: 0.241, H@3: 0.357, H@10: 0.496 | 
[2026-03-12 11:55:39,607][root][INFO] - Epoch: 178 | Loss: 0.0016 | Val - MRR: 0.3273, MR:  187.58, H@1: 0.242, H@3: 0.358, H@10: 0.496 | 
[2026-03-12 11:57:23,614][root][INFO] - Epoch: 179 | Loss: 0.0016 | Val - MRR: 0.3280, MR:  189.76, H@1: 0.243, H@3: 0.357, H@10: 0.497 | Test - MRR: 0.3235 | *
[2026-03-12 11:58:53,064][root][INFO] - Epoch: 180 | Loss: 0.0016 | Val - MRR: 0.3271, MR:  190.53, H@1: 0.242, H@3: 0.357, H@10: 0.497 | 
[2026-03-12 12:00:22,481][root][INFO] - Epoch: 181 | Loss: 0.0016 | Val - MRR: 0.3274, MR:  191.46, H@1: 0.243, H@3: 0.355, H@10: 0.499 | 
[2026-03-12 12:01:52,297][root][INFO] - Epoch: 182 | Loss: 0.0016 | Val - MRR: 0.3274, MR:  189.57, H@1: 0.242, H@3: 0.356, H@10: 0.498 | 
[2026-03-12 12:03:38,445][root][INFO] - Epoch: 183 | Loss: 0.0016 | Val - MRR: 0.3282, MR:  188.09, H@1: 0.243, H@3: 0.357, H@10: 0.499 | Test - MRR: 0.3234 | *
[2026-03-12 12:05:23,641][root][INFO] - Epoch: 184 | Loss: 0.0016 | Val - MRR: 0.3285, MR:  191.02, H@1: 0.243, H@3: 0.358, H@10: 0.499 | Test - MRR: 0.3244 | *
[2026-03-12 12:07:10,108][root][INFO] - Epoch: 185 | Loss: 0.0015 | Val - MRR: 0.3286, MR:  189.90, H@1: 0.244, H@3: 0.358, H@10: 0.499 | Test - MRR: 0.3245 | *
[2026-03-12 12:08:55,477][root][INFO] - Epoch: 186 | Loss: 0.0016 | Val - MRR: 0.3289, MR:  189.98, H@1: 0.244, H@3: 0.358, H@10: 0.498 | Test - MRR: 0.3251 | *
[2026-03-12 12:10:41,667][root][INFO] - Epoch: 187 | Loss: 0.0015 | Val - MRR: 0.3301, MR:  188.53, H@1: 0.245, H@3: 0.359, H@10: 0.500 | Test - MRR: 0.3256 | *
[2026-03-12 12:12:12,560][root][INFO] - Epoch: 188 | Loss: 0.0015 | Val - MRR: 0.3300, MR:  187.39, H@1: 0.245, H@3: 0.359, H@10: 0.501 | 
[2026-03-12 12:13:42,872][root][INFO] - Epoch: 189 | Loss: 0.0015 | Val - MRR: 0.3295, MR:  187.40, H@1: 0.244, H@3: 0.359, H@10: 0.500 | 
[2026-03-12 12:15:15,025][root][INFO] - Epoch: 190 | Loss: 0.0015 | Val - MRR: 0.3296, MR:  189.30, H@1: 0.245, H@3: 0.358, H@10: 0.500 | 
[2026-03-12 12:17:01,213][root][INFO] - Epoch: 191 | Loss: 0.0015 | Val - MRR: 0.3301, MR:  186.81, H@1: 0.245, H@3: 0.360, H@10: 0.501 | Test - MRR: 0.3254 | *
[2026-03-12 12:18:47,397][root][INFO] - Epoch: 192 | Loss: 0.0015 | Val - MRR: 0.3304, MR:  185.61, H@1: 0.245, H@3: 0.360, H@10: 0.501 | Test - MRR: 0.3266 | *
[2026-03-12 12:20:32,628][root][INFO] - Epoch: 193 | Loss: 0.0015 | Val - MRR: 0.3306, MR:  185.77, H@1: 0.245, H@3: 0.360, H@10: 0.502 | Test - MRR: 0.3274 | *
[2026-03-12 12:22:19,492][root][INFO] - Epoch: 194 | Loss: 0.0015 | Val - MRR: 0.3313, MR:  185.05, H@1: 0.246, H@3: 0.360, H@10: 0.501 | Test - MRR: 0.3275 | *
[2026-03-12 12:24:05,485][root][INFO] - Epoch: 195 | Loss: 0.0015 | Val - MRR: 0.3317, MR:  185.65, H@1: 0.247, H@3: 0.360, H@10: 0.502 | Test - MRR: 0.3275 | *
[2026-03-12 12:25:37,035][root][INFO] - Epoch: 196 | Loss: 0.0015 | Val - MRR: 0.3314, MR:  183.71, H@1: 0.246, H@3: 0.360, H@10: 0.503 | 
[2026-03-12 12:27:24,875][root][INFO] - Epoch: 197 | Loss: 0.0015 | Val - MRR: 0.3324, MR:  183.53, H@1: 0.247, H@3: 0.362, H@10: 0.503 | Test - MRR: 0.3275 | *
[2026-03-12 12:28:55,576][root][INFO] - Epoch: 198 | Loss: 0.0015 | Val - MRR: 0.3322, MR:  182.64, H@1: 0.246, H@3: 0.363, H@10: 0.504 | 
[2026-03-12 12:30:25,901][root][INFO] - Epoch: 199 | Loss: 0.0015 | Val - MRR: 0.3322, MR:  182.90, H@1: 0.246, H@3: 0.362, H@10: 0.505 | 
[2026-03-12 12:32:11,001][root][INFO] - Epoch: 200 | Loss: 0.0015 | Val - MRR: 0.3332, MR:  184.18, H@1: 0.247, H@3: 0.364, H@10: 0.505 | Test - MRR: 0.3302 | *
[2026-03-12 12:33:58,653][root][INFO] - Epoch: 201 | Loss: 0.0015 | Val - MRR: 0.3334, MR:  183.36, H@1: 0.247, H@3: 0.364, H@10: 0.504 | Test - MRR: 0.3293 | *
[2026-03-12 12:35:27,414][root][INFO] - Epoch: 202 | Loss: 0.0015 | Val - MRR: 0.3333, MR:  182.40, H@1: 0.247, H@3: 0.363, H@10: 0.506 | 
[2026-03-12 12:37:13,482][root][INFO] - Epoch: 203 | Loss: 0.0015 | Val - MRR: 0.3336, MR:  181.69, H@1: 0.247, H@3: 0.363, H@10: 0.506 | Test - MRR: 0.3303 | *
[2026-03-12 12:38:58,732][root][INFO] - Epoch: 204 | Loss: 0.0015 | Val - MRR: 0.3341, MR:  181.07, H@1: 0.248, H@3: 0.363, H@10: 0.505 | Test - MRR: 0.3302 | *
[2026-03-12 12:40:30,793][root][INFO] - Epoch: 205 | Loss: 0.0015 | Val - MRR: 0.3333, MR:  184.78, H@1: 0.247, H@3: 0.363, H@10: 0.506 | 
[2026-03-12 12:41:59,361][root][INFO] - Epoch: 206 | Loss: 0.0015 | Val - MRR: 0.3326, MR:  182.03, H@1: 0.246, H@3: 0.363, H@10: 0.505 | 
[2026-03-12 12:43:46,135][root][INFO] - Epoch: 207 | Loss: 0.0015 | Val - MRR: 0.3344, MR:  180.99, H@1: 0.248, H@3: 0.363, H@10: 0.507 | Test - MRR: 0.3294 | *
[2026-03-12 12:45:16,505][root][INFO] - Epoch: 208 | Loss: 0.0015 | Val - MRR: 0.3341, MR:  181.38, H@1: 0.248, H@3: 0.364, H@10: 0.506 | 
[2026-03-12 12:47:02,895][root][INFO] - Epoch: 209 | Loss: 0.0015 | Val - MRR: 0.3344, MR:  181.42, H@1: 0.248, H@3: 0.363, H@10: 0.507 | Test - MRR: 0.3304 | *
[2026-03-12 12:48:49,783][root][INFO] - Epoch: 210 | Loss: 0.0015 | Val - MRR: 0.3349, MR:  179.31, H@1: 0.249, H@3: 0.366, H@10: 0.507 | Test - MRR: 0.3306 | *
[2026-03-12 12:50:36,072][root][INFO] - Epoch: 211 | Loss: 0.0015 | Val - MRR: 0.3357, MR:  180.60, H@1: 0.249, H@3: 0.366, H@10: 0.508 | Test - MRR: 0.3313 | *
[2026-03-12 12:52:22,801][root][INFO] - Epoch: 212 | Loss: 0.0015 | Val - MRR: 0.3358, MR:  179.22, H@1: 0.250, H@3: 0.365, H@10: 0.508 | Test - MRR: 0.3318 | *
[2026-03-12 12:54:08,583][root][INFO] - Epoch: 213 | Loss: 0.0015 | Val - MRR: 0.3362, MR:  180.85, H@1: 0.251, H@3: 0.365, H@10: 0.507 | Test - MRR: 0.3324 | *
[2026-03-12 12:55:38,025][root][INFO] - Epoch: 214 | Loss: 0.0015 | Val - MRR: 0.3357, MR:  180.61, H@1: 0.250, H@3: 0.366, H@10: 0.506 | 
[2026-03-12 12:57:07,547][root][INFO] - Epoch: 215 | Loss: 0.0015 | Val - MRR: 0.3360, MR:  179.93, H@1: 0.250, H@3: 0.365, H@10: 0.507 | 
[2026-03-12 12:58:53,954][root][INFO] - Epoch: 216 | Loss: 0.0015 | Val - MRR: 0.3363, MR:  178.83, H@1: 0.251, H@3: 0.365, H@10: 0.507 | Test - MRR: 0.3323 | *
[2026-03-12 13:00:40,574][root][INFO] - Epoch: 217 | Loss: 0.0015 | Val - MRR: 0.3365, MR:  177.95, H@1: 0.251, H@3: 0.366, H@10: 0.508 | Test - MRR: 0.3327 | *
[2026-03-12 13:02:10,520][root][INFO] - Epoch: 218 | Loss: 0.0015 | Val - MRR: 0.3361, MR:  178.78, H@1: 0.250, H@3: 0.367, H@10: 0.507 | 
[2026-03-12 13:03:55,820][root][INFO] - Epoch: 219 | Loss: 0.0015 | Val - MRR: 0.3377, MR:  177.50, H@1: 0.252, H@3: 0.367, H@10: 0.509 | Test - MRR: 0.3335 | *
[2026-03-12 13:05:25,164][root][INFO] - Epoch: 220 | Loss: 0.0015 | Val - MRR: 0.3369, MR:  179.24, H@1: 0.251, H@3: 0.366, H@10: 0.509 | 
[2026-03-12 13:06:54,898][root][INFO] - Epoch: 221 | Loss: 0.0015 | Val - MRR: 0.3376, MR:  178.30, H@1: 0.252, H@3: 0.367, H@10: 0.508 | 
[2026-03-12 13:08:41,255][root][INFO] - Epoch: 222 | Loss: 0.0015 | Val - MRR: 0.3379, MR:  177.68, H@1: 0.252, H@3: 0.367, H@10: 0.510 | Test - MRR: 0.3338 | *
[2026-03-12 13:10:27,521][root][INFO] - Epoch: 223 | Loss: 0.0015 | Val - MRR: 0.3387, MR:  176.80, H@1: 0.254, H@3: 0.368, H@10: 0.510 | Test - MRR: 0.3334 | *
[2026-03-12 13:11:57,575][root][INFO] - Epoch: 224 | Loss: 0.0015 | Val - MRR: 0.3384, MR:  176.97, H@1: 0.252, H@3: 0.368, H@10: 0.511 | 
[2026-03-12 13:13:43,638][root][INFO] - Epoch: 225 | Loss: 0.0015 | Val - MRR: 0.3393, MR:  176.10, H@1: 0.253, H@3: 0.370, H@10: 0.511 | Test - MRR: 0.3349 | *
[2026-03-12 13:15:14,077][root][INFO] - Epoch: 226 | Loss: 0.0015 | Val - MRR: 0.3387, MR:  176.36, H@1: 0.252, H@3: 0.369, H@10: 0.511 | 
[2026-03-12 13:16:44,007][root][INFO] - Epoch: 227 | Loss: 0.0015 | Val - MRR: 0.3384, MR:  176.13, H@1: 0.252, H@3: 0.367, H@10: 0.512 | 
[2026-03-12 13:18:11,623][root][INFO] - Epoch: 228 | Loss: 0.0015 | Val - MRR: 0.3384, MR:  175.47, H@1: 0.252, H@3: 0.368, H@10: 0.511 | 
[2026-03-12 13:19:41,920][root][INFO] - Epoch: 229 | Loss: 0.0015 | Val - MRR: 0.3383, MR:  175.45, H@1: 0.252, H@3: 0.368, H@10: 0.511 | 
[2026-03-12 13:21:12,034][root][INFO] - Epoch: 230 | Loss: 0.0015 | Val - MRR: 0.3386, MR:  176.49, H@1: 0.253, H@3: 0.368, H@10: 0.511 | 
[2026-03-12 13:22:42,116][root][INFO] - Epoch: 231 | Loss: 0.0015 | Val - MRR: 0.3386, MR:  177.50, H@1: 0.252, H@3: 0.369, H@10: 0.512 | 
[2026-03-12 13:24:12,311][root][INFO] - Epoch: 232 | Loss: 0.0015 | Val - MRR: 0.3389, MR:  177.67, H@1: 0.252, H@3: 0.370, H@10: 0.512 | 
[2026-03-12 13:25:41,477][root][INFO] - Epoch: 233 | Loss: 0.0015 | Val - MRR: 0.3393, MR:  177.70, H@1: 0.253, H@3: 0.369, H@10: 0.513 | 
[2026-03-12 13:27:27,841][root][INFO] - Epoch: 234 | Loss: 0.0015 | Val - MRR: 0.3394, MR:  176.36, H@1: 0.253, H@3: 0.369, H@10: 0.513 | Test - MRR: 0.3346 | *
[2026-03-12 13:28:57,460][root][INFO] - Epoch: 235 | Loss: 0.0015 | Val - MRR: 0.3393, MR:  175.11, H@1: 0.253, H@3: 0.369, H@10: 0.512 | 
[2026-03-12 13:30:27,928][root][INFO] - Epoch: 236 | Loss: 0.0015 | Val - MRR: 0.3391, MR:  174.51, H@1: 0.252, H@3: 0.370, H@10: 0.513 | 
[2026-03-12 13:32:13,898][root][INFO] - Epoch: 237 | Loss: 0.0015 | Val - MRR: 0.3403, MR:  174.65, H@1: 0.253, H@3: 0.371, H@10: 0.514 | Test - MRR: 0.3360 | *
[2026-03-12 13:33:43,453][root][INFO] - Epoch: 238 | Loss: 0.0015 | Val - MRR: 0.3391, MR:  174.96, H@1: 0.252, H@3: 0.369, H@10: 0.513 | 
[2026-03-12 13:35:13,151][root][INFO] - Epoch: 239 | Loss: 0.0015 | Val - MRR: 0.3394, MR:  174.51, H@1: 0.253, H@3: 0.369, H@10: 0.513 | 
[2026-03-12 13:36:59,089][root][INFO] - Epoch: 240 | Loss: 0.0015 | Val - MRR: 0.3406, MR:  174.29, H@1: 0.254, H@3: 0.370, H@10: 0.514 | Test - MRR: 0.3363 | *
[2026-03-12 13:38:43,260][root][INFO] - Epoch: 241 | Loss: 0.0015 | Val - MRR: 0.3407, MR:  173.79, H@1: 0.254, H@3: 0.371, H@10: 0.514 | Test - MRR: 0.3358 | *
[2026-03-12 13:40:13,366][root][INFO] - Epoch: 242 | Loss: 0.0015 | Val - MRR: 0.3403, MR:  172.77, H@1: 0.254, H@3: 0.370, H@10: 0.512 | 
[2026-03-12 13:41:59,304][root][INFO] - Epoch: 243 | Loss: 0.0015 | Val - MRR: 0.3408, MR:  174.84, H@1: 0.255, H@3: 0.371, H@10: 0.513 | Test - MRR: 0.3364 | *
[2026-03-12 13:43:44,246][root][INFO] - Epoch: 244 | Loss: 0.0015 | Val - MRR: 0.3415, MR:  173.35, H@1: 0.256, H@3: 0.371, H@10: 0.515 | Test - MRR: 0.3371 | *
[2026-03-12 13:45:14,054][root][INFO] - Epoch: 245 | Loss: 0.0015 | Val - MRR: 0.3413, MR:  173.28, H@1: 0.255, H@3: 0.370, H@10: 0.513 | 
[2026-03-12 13:46:59,756][root][INFO] - Epoch: 246 | Loss: 0.0015 | Val - MRR: 0.3417, MR:  172.96, H@1: 0.256, H@3: 0.371, H@10: 0.513 | Test - MRR: 0.3371 | *
[2026-03-12 13:48:29,275][root][INFO] - Epoch: 247 | Loss: 0.0015 | Val - MRR: 0.3416, MR:  172.01, H@1: 0.255, H@3: 0.372, H@10: 0.514 | 
[2026-03-12 13:50:15,962][root][INFO] - Epoch: 248 | Loss: 0.0015 | Val - MRR: 0.3417, MR:  171.61, H@1: 0.255, H@3: 0.371, H@10: 0.515 | Test - MRR: 0.3368 | *
[2026-03-12 13:52:00,918][root][INFO] - Epoch: 249 | Loss: 0.0015 | Val - MRR: 0.3422, MR:  173.19, H@1: 0.256, H@3: 0.371, H@10: 0.516 | Test - MRR: 0.3370 | *
[2026-03-12 13:53:31,237][root][INFO] - Epoch: 250 | Loss: 0.0015 | Val - MRR: 0.3415, MR:  173.35, H@1: 0.255, H@3: 0.371, H@10: 0.515 | 
[2026-03-12 13:55:16,866][root][INFO] - Epoch: 251 | Loss: 0.0015 | Val - MRR: 0.3423, MR:  172.71, H@1: 0.256, H@3: 0.372, H@10: 0.516 | Test - MRR: 0.3372 | *
[2026-03-12 13:57:02,965][root][INFO] - Epoch: 252 | Loss: 0.0015 | Val - MRR: 0.3425, MR:  173.56, H@1: 0.255, H@3: 0.374, H@10: 0.516 | Test - MRR: 0.3371 | *
[2026-03-12 13:58:30,782][root][INFO] - Epoch: 253 | Loss: 0.0015 | Val - MRR: 0.3419, MR:  171.04, H@1: 0.255, H@3: 0.373, H@10: 0.517 | 
[2026-03-12 14:00:02,026][root][INFO] - Epoch: 254 | Loss: 0.0015 | Val - MRR: 0.3421, MR:  172.28, H@1: 0.255, H@3: 0.372, H@10: 0.515 | 
[2026-03-12 14:01:30,369][root][INFO] - Epoch: 255 | Loss: 0.0015 | Val - MRR: 0.3425, MR:  172.43, H@1: 0.256, H@3: 0.372, H@10: 0.517 | 
[2026-03-12 14:03:02,735][root][INFO] - Epoch: 256 | Loss: 0.0015 | Val - MRR: 0.3425, MR:  171.10, H@1: 0.255, H@3: 0.374, H@10: 0.517 | 
[2026-03-12 14:04:48,276][root][INFO] - Epoch: 257 | Loss: 0.0015 | Val - MRR: 0.3427, MR:  170.59, H@1: 0.256, H@3: 0.373, H@10: 0.516 | Test - MRR: 0.3384 | *
[2026-03-12 14:06:34,129][root][INFO] - Epoch: 258 | Loss: 0.0015 | Val - MRR: 0.3431, MR:  171.20, H@1: 0.257, H@3: 0.373, H@10: 0.516 | Test - MRR: 0.3382 | *
[2026-03-12 14:08:04,649][root][INFO] - Epoch: 259 | Loss: 0.0015 | Val - MRR: 0.3429, MR:  171.76, H@1: 0.256, H@3: 0.372, H@10: 0.517 | 
[2026-03-12 14:09:51,072][root][INFO] - Epoch: 260 | Loss: 0.0015 | Val - MRR: 0.3433, MR:  170.76, H@1: 0.256, H@3: 0.373, H@10: 0.518 | Test - MRR: 0.3381 | *
[2026-03-12 14:11:35,971][root][INFO] - Epoch: 261 | Loss: 0.0015 | Val - MRR: 0.3439, MR:  171.02, H@1: 0.257, H@3: 0.374, H@10: 0.518 | Test - MRR: 0.3386 | *
[2026-03-12 14:13:04,887][root][INFO] - Epoch: 262 | Loss: 0.0015 | Val - MRR: 0.3432, MR:  170.16, H@1: 0.256, H@3: 0.374, H@10: 0.517 | 
[2026-03-12 14:14:32,901][root][INFO] - Epoch: 263 | Loss: 0.0015 | Val - MRR: 0.3437, MR:  170.72, H@1: 0.257, H@3: 0.374, H@10: 0.516 | 
[2026-03-12 14:16:03,238][root][INFO] - Epoch: 264 | Loss: 0.0015 | Val - MRR: 0.3437, MR:  170.79, H@1: 0.257, H@3: 0.374, H@10: 0.517 | 
[2026-03-12 14:17:33,261][root][INFO] - Epoch: 265 | Loss: 0.0015 | Val - MRR: 0.3433, MR:  169.11, H@1: 0.256, H@3: 0.374, H@10: 0.517 | 
[2026-03-12 14:19:03,398][root][INFO] - Epoch: 266 | Loss: 0.0015 | Val - MRR: 0.3431, MR:  168.92, H@1: 0.256, H@3: 0.375, H@10: 0.518 | 
[2026-03-12 14:20:49,402][root][INFO] - Epoch: 267 | Loss: 0.0015 | Val - MRR: 0.3441, MR:  169.19, H@1: 0.257, H@3: 0.375, H@10: 0.518 | Test - MRR: 0.3390 | *
[2026-03-12 14:22:19,793][root][INFO] - Epoch: 268 | Loss: 0.0015 | Val - MRR: 0.3439, MR:  171.44, H@1: 0.257, H@3: 0.374, H@10: 0.517 | 
[2026-03-12 14:24:06,266][root][INFO] - Epoch: 269 | Loss: 0.0015 | Val - MRR: 0.3441, MR:  171.07, H@1: 0.257, H@3: 0.374, H@10: 0.518 | Test - MRR: 0.3393 | *
[2026-03-12 14:25:51,840][root][INFO] - Epoch: 270 | Loss: 0.0015 | Val - MRR: 0.3457, MR:  170.27, H@1: 0.259, H@3: 0.376, H@10: 0.518 | Test - MRR: 0.3396 | *
[2026-03-12 14:27:24,102][root][INFO] - Epoch: 271 | Loss: 0.0015 | Val - MRR: 0.3440, MR:  169.59, H@1: 0.257, H@3: 0.375, H@10: 0.517 | 
[2026-03-12 14:28:54,658][root][INFO] - Epoch: 272 | Loss: 0.0015 | Val - MRR: 0.3445, MR:  170.17, H@1: 0.257, H@3: 0.376, H@10: 0.517 | 
[2026-03-12 14:30:24,566][root][INFO] - Epoch: 273 | Loss: 0.0015 | Val - MRR: 0.3454, MR:  168.64, H@1: 0.259, H@3: 0.376, H@10: 0.517 | 
[2026-03-12 14:31:55,440][root][INFO] - Epoch: 274 | Loss: 0.0015 | Val - MRR: 0.3453, MR:  168.07, H@1: 0.259, H@3: 0.376, H@10: 0.517 | 
[2026-03-12 14:33:41,737][root][INFO] - Epoch: 275 | Loss: 0.0015 | Val - MRR: 0.3462, MR:  168.44, H@1: 0.260, H@3: 0.378, H@10: 0.518 | Test - MRR: 0.3411 | *
[2026-03-12 14:35:11,176][root][INFO] - Epoch: 276 | Loss: 0.0015 | Val - MRR: 0.3458, MR:  168.57, H@1: 0.259, H@3: 0.377, H@10: 0.518 | 
[2026-03-12 14:36:57,620][root][INFO] - Epoch: 277 | Loss: 0.0015 | Val - MRR: 0.3464, MR:  169.84, H@1: 0.260, H@3: 0.378, H@10: 0.519 | Test - MRR: 0.3408 | *
[2026-03-12 14:38:26,918][root][INFO] - Epoch: 278 | Loss: 0.0015 | Val - MRR: 0.3463, MR:  170.01, H@1: 0.260, H@3: 0.377, H@10: 0.519 | 
[2026-03-12 14:40:13,461][root][INFO] - Epoch: 279 | Loss: 0.0015 | Val - MRR: 0.3466, MR:  169.69, H@1: 0.260, H@3: 0.377, H@10: 0.519 | Test - MRR: 0.3410 | *
[2026-03-12 14:41:42,363][root][INFO] - Epoch: 280 | Loss: 0.0015 | Val - MRR: 0.3465, MR:  169.02, H@1: 0.260, H@3: 0.378, H@10: 0.520 | 
[2026-03-12 14:43:28,515][root][INFO] - Epoch: 281 | Loss: 0.0015 | Val - MRR: 0.3469, MR:  167.85, H@1: 0.260, H@3: 0.379, H@10: 0.518 | Test - MRR: 0.3415 | *
[2026-03-12 14:44:58,624][root][INFO] - Epoch: 282 | Loss: 0.0015 | Val - MRR: 0.3463, MR:  170.32, H@1: 0.259, H@3: 0.378, H@10: 0.521 | 
[2026-03-12 14:46:30,476][root][INFO] - Epoch: 283 | Loss: 0.0015 | Val - MRR: 0.3468, MR:  169.22, H@1: 0.260, H@3: 0.378, H@10: 0.519 | 
[2026-03-12 14:48:01,721][root][INFO] - Epoch: 284 | Loss: 0.0015 | Val - MRR: 0.3462, MR:  168.28, H@1: 0.259, H@3: 0.378, H@10: 0.520 | 
[2026-03-12 14:49:31,029][root][INFO] - Epoch: 285 | Loss: 0.0015 | Val - MRR: 0.3464, MR:  168.54, H@1: 0.260, H@3: 0.378, H@10: 0.520 | 
[2026-03-12 14:51:01,727][root][INFO] - Epoch: 286 | Loss: 0.0015 | Val - MRR: 0.3465, MR:  168.25, H@1: 0.260, H@3: 0.377, H@10: 0.520 | 
[2026-03-12 14:52:48,121][root][INFO] - Epoch: 287 | Loss: 0.0015 | Val - MRR: 0.3470, MR:  168.72, H@1: 0.259, H@3: 0.379, H@10: 0.522 | Test - MRR: 0.3417 | *
[2026-03-12 14:54:19,169][root][INFO] - Epoch: 288 | Loss: 0.0015 | Val - MRR: 0.3469, MR:  168.52, H@1: 0.259, H@3: 0.379, H@10: 0.520 | 
[2026-03-12 14:55:48,224][root][INFO] - Epoch: 289 | Loss: 0.0015 | Val - MRR: 0.3467, MR:  166.74, H@1: 0.259, H@3: 0.378, H@10: 0.522 | 
[2026-03-12 14:57:35,200][root][INFO] - Epoch: 290 | Loss: 0.0015 | Val - MRR: 0.3471, MR:  167.58, H@1: 0.260, H@3: 0.379, H@10: 0.522 | Test - MRR: 0.3418 | *
[2026-03-12 14:59:05,623][root][INFO] - Epoch: 291 | Loss: 0.0015 | Val - MRR: 0.3464, MR:  167.64, H@1: 0.259, H@3: 0.378, H@10: 0.521 | 
[2026-03-12 15:00:33,198][root][INFO] - Epoch: 292 | Loss: 0.0015 | Val - MRR: 0.3466, MR:  167.91, H@1: 0.259, H@3: 0.378, H@10: 0.522 | 
[2026-03-12 15:02:03,661][root][INFO] - Epoch: 293 | Loss: 0.0015 | Val - MRR: 0.3470, MR:  168.53, H@1: 0.260, H@3: 0.377, H@10: 0.522 | 
[2026-03-12 15:03:33,972][root][INFO] - Epoch: 294 | Loss: 0.0015 | Val - MRR: 0.3468, MR:  168.72, H@1: 0.259, H@3: 0.379, H@10: 0.522 | 
[2026-03-12 15:05:19,952][root][INFO] - Epoch: 295 | Loss: 0.0015 | Val - MRR: 0.3477, MR:  168.04, H@1: 0.261, H@3: 0.379, H@10: 0.522 | Test - MRR: 0.3422 | *
[2026-03-12 15:06:49,503][root][INFO] - Epoch: 296 | Loss: 0.0015 | Val - MRR: 0.3475, MR:  168.10, H@1: 0.260, H@3: 0.380, H@10: 0.522 | 
[2026-03-12 15:08:37,130][root][INFO] - Epoch: 297 | Loss: 0.0015 | Val - MRR: 0.3479, MR:  166.96, H@1: 0.261, H@3: 0.379, H@10: 0.522 | Test - MRR: 0.3428 | *
[2026-03-12 15:10:22,916][root][INFO] - Epoch: 298 | Loss: 0.0015 | Val - MRR: 0.3481, MR:  166.90, H@1: 0.261, H@3: 0.379, H@10: 0.522 | Test - MRR: 0.3428 | *
[2026-03-12 15:11:52,145][root][INFO] - Epoch: 299 | Loss: 0.0015 | Val - MRR: 0.3475, MR:  167.93, H@1: 0.260, H@3: 0.380, H@10: 0.523 | 
[2026-03-12 15:13:38,354][root][INFO] - Epoch: 300 | Loss: 0.0015 | Val - MRR: 0.3487, MR:  167.38, H@1: 0.261, H@3: 0.381, H@10: 0.523 | Test - MRR: 0.3428 | *
[2026-03-12 15:15:07,832][root][INFO] - Epoch: 301 | Loss: 0.0015 | Val - MRR: 0.3482, MR:  166.94, H@1: 0.260, H@3: 0.380, H@10: 0.523 | 
[2026-03-12 15:16:38,190][root][INFO] - Epoch: 302 | Loss: 0.0015 | Val - MRR: 0.3486, MR:  166.31, H@1: 0.260, H@3: 0.382, H@10: 0.524 | 
[2026-03-12 15:18:24,055][root][INFO] - Epoch: 303 | Loss: 0.0015 | Val - MRR: 0.3487, MR:  167.30, H@1: 0.261, H@3: 0.381, H@10: 0.523 | Test - MRR: 0.3431 | *
[2026-03-12 15:20:09,796][root][INFO] - Epoch: 304 | Loss: 0.0015 | Val - MRR: 0.3488, MR:  166.85, H@1: 0.261, H@3: 0.381, H@10: 0.525 | Test - MRR: 0.3432 | *
[2026-03-12 15:21:39,995][root][INFO] - Epoch: 305 | Loss: 0.0015 | Val - MRR: 0.3483, MR:  166.82, H@1: 0.261, H@3: 0.380, H@10: 0.523 | 
[2026-03-12 15:23:10,780][root][INFO] - Epoch: 306 | Loss: 0.0015 | Val - MRR: 0.3478, MR:  166.55, H@1: 0.260, H@3: 0.379, H@10: 0.523 | 
[2026-03-12 15:24:41,217][root][INFO] - Epoch: 307 | Loss: 0.0015 | Val - MRR: 0.3484, MR:  166.12, H@1: 0.261, H@3: 0.380, H@10: 0.523 | 
[2026-03-12 15:26:09,416][root][INFO] - Epoch: 308 | Loss: 0.0015 | Val - MRR: 0.3484, MR:  165.42, H@1: 0.261, H@3: 0.380, H@10: 0.524 | 
[2026-03-12 15:27:55,353][root][INFO] - Epoch: 309 | Loss: 0.0015 | Val - MRR: 0.3495, MR:  165.79, H@1: 0.262, H@3: 0.381, H@10: 0.524 | Test - MRR: 0.3446 | *
[2026-03-12 15:29:25,453][root][INFO] - Epoch: 310 | Loss: 0.0015 | Val - MRR: 0.3488, MR:  166.62, H@1: 0.261, H@3: 0.380, H@10: 0.524 | 
[2026-03-12 15:30:55,263][root][INFO] - Epoch: 311 | Loss: 0.0015 | Val - MRR: 0.3483, MR:  167.00, H@1: 0.260, H@3: 0.380, H@10: 0.524 | 
[2026-03-12 15:32:24,821][root][INFO] - Epoch: 312 | Loss: 0.0015 | Val - MRR: 0.3493, MR:  167.96, H@1: 0.262, H@3: 0.381, H@10: 0.524 | 
[2026-03-12 15:33:55,576][root][INFO] - Epoch: 313 | Loss: 0.0015 | Val - MRR: 0.3491, MR:  166.64, H@1: 0.261, H@3: 0.382, H@10: 0.525 | 
[2026-03-12 15:35:25,069][root][INFO] - Epoch: 314 | Loss: 0.0015 | Val - MRR: 0.3486, MR:  166.79, H@1: 0.261, H@3: 0.380, H@10: 0.524 | 
[2026-03-12 15:36:55,807][root][INFO] - Epoch: 315 | Loss: 0.0015 | Val - MRR: 0.3481, MR:  164.92, H@1: 0.260, H@3: 0.381, H@10: 0.525 | 
[2026-03-12 15:38:25,239][root][INFO] - Epoch: 316 | Loss: 0.0015 | Val - MRR: 0.3488, MR:  166.04, H@1: 0.261, H@3: 0.380, H@10: 0.524 | 
[2026-03-12 15:39:55,245][root][INFO] - Epoch: 317 | Loss: 0.0015 | Val - MRR: 0.3490, MR:  166.78, H@1: 0.261, H@3: 0.380, H@10: 0.525 | 
[2026-03-12 15:41:24,767][root][INFO] - Epoch: 318 | Loss: 0.0015 | Val - MRR: 0.3490, MR:  166.06, H@1: 0.261, H@3: 0.380, H@10: 0.526 | 
[2026-03-12 15:42:54,655][root][INFO] - Epoch: 319 | Loss: 0.0015 | Val - MRR: 0.3490, MR:  165.44, H@1: 0.261, H@3: 0.380, H@10: 0.525 | 
[2026-03-12 15:44:22,751][root][INFO] - Epoch: 320 | Loss: 0.0015 | Val - MRR: 0.3491, MR:  165.60, H@1: 0.261, H@3: 0.380, H@10: 0.524 | 
[2026-03-12 15:45:54,547][root][INFO] - Epoch: 321 | Loss: 0.0015 | Val - MRR: 0.3492, MR:  166.28, H@1: 0.261, H@3: 0.381, H@10: 0.526 | 
[2026-03-12 15:47:24,444][root][INFO] - Epoch: 322 | Loss: 0.0015 | Val - MRR: 0.3493, MR:  166.45, H@1: 0.261, H@3: 0.380, H@10: 0.525 | 
[2026-03-12 15:48:53,818][root][INFO] - Epoch: 323 | Loss: 0.0015 | Val - MRR: 0.3487, MR:  165.16, H@1: 0.260, H@3: 0.381, H@10: 0.526 | 
[2026-03-12 15:50:40,716][root][INFO] - Epoch: 324 | Loss: 0.0015 | Val - MRR: 0.3502, MR:  165.20, H@1: 0.263, H@3: 0.381, H@10: 0.525 | Test - MRR: 0.3453 | *
[2026-03-12 15:52:10,218][root][INFO] - Epoch: 325 | Loss: 0.0015 | Val - MRR: 0.3495, MR:  165.45, H@1: 0.262, H@3: 0.382, H@10: 0.525 | 
[2026-03-12 15:53:40,427][root][INFO] - Epoch: 326 | Loss: 0.0015 | Val - MRR: 0.3493, MR:  164.84, H@1: 0.261, H@3: 0.382, H@10: 0.526 | 
[2026-03-12 15:55:11,105][root][INFO] - Epoch: 327 | Loss: 0.0015 | Val - MRR: 0.3500, MR:  165.26, H@1: 0.262, H@3: 0.383, H@10: 0.527 | 
[2026-03-12 15:56:41,658][root][INFO] - Epoch: 328 | Loss: 0.0015 | Val - MRR: 0.3489, MR:  164.92, H@1: 0.260, H@3: 0.382, H@10: 0.524 | 
[2026-03-12 15:58:11,694][root][INFO] - Epoch: 329 | Loss: 0.0015 | Val - MRR: 0.3487, MR:  165.05, H@1: 0.260, H@3: 0.381, H@10: 0.526 | 
[2026-03-12 15:59:40,868][root][INFO] - Epoch: 330 | Loss: 0.0015 | Val - MRR: 0.3492, MR:  165.10, H@1: 0.261, H@3: 0.382, H@10: 0.526 | 
[2026-03-12 16:01:08,837][root][INFO] - Epoch: 331 | Loss: 0.0015 | Val - MRR: 0.3496, MR:  164.51, H@1: 0.261, H@3: 0.382, H@10: 0.526 | 
[2026-03-12 16:02:40,277][root][INFO] - Epoch: 332 | Loss: 0.0015 | Val - MRR: 0.3495, MR:  164.36, H@1: 0.261, H@3: 0.382, H@10: 0.526 | 
[2026-03-12 16:04:09,505][root][INFO] - Epoch: 333 | Loss: 0.0015 | Val - MRR: 0.3492, MR:  164.90, H@1: 0.261, H@3: 0.382, H@10: 0.525 | 
[2026-03-12 16:05:39,909][root][INFO] - Epoch: 334 | Loss: 0.0015 | Val - MRR: 0.3494, MR:  165.04, H@1: 0.261, H@3: 0.381, H@10: 0.526 | 
[2026-03-12 16:07:10,917][root][INFO] - Epoch: 335 | Loss: 0.0015 | Val - MRR: 0.3494, MR:  164.88, H@1: 0.261, H@3: 0.382, H@10: 0.526 | 
[2026-03-12 16:08:40,929][root][INFO] - Epoch: 336 | Loss: 0.0015 | Val - MRR: 0.3499, MR:  165.49, H@1: 0.261, H@3: 0.383, H@10: 0.527 | 
[2026-03-12 16:10:09,730][root][INFO] - Epoch: 337 | Loss: 0.0015 | Val - MRR: 0.3500, MR:  163.71, H@1: 0.262, H@3: 0.381, H@10: 0.525 | 
[2026-03-12 16:11:40,198][root][INFO] - Epoch: 338 | Loss: 0.0015 | Val - MRR: 0.3498, MR:  165.35, H@1: 0.261, H@3: 0.381, H@10: 0.527 | 
[2026-03-12 16:13:10,140][root][INFO] - Epoch: 339 | Loss: 0.0015 | Val - MRR: 0.3499, MR:  165.23, H@1: 0.261, H@3: 0.381, H@10: 0.526 | 
[2026-03-12 16:15:00,676][root][INFO] - Epoch: 340 | Loss: 0.0015 | Val - MRR: 0.3508, MR:  164.86, H@1: 0.263, H@3: 0.382, H@10: 0.527 | Test - MRR: 0.3450 | *
[2026-03-12 16:16:47,639][root][INFO] - Epoch: 341 | Loss: 0.0015 | Val - MRR: 0.3509, MR:  164.64, H@1: 0.263, H@3: 0.382, H@10: 0.529 | Test - MRR: 0.3455 | *
[2026-03-12 16:18:17,437][root][INFO] - Epoch: 342 | Loss: 0.0015 | Val - MRR: 0.3504, MR:  165.88, H@1: 0.262, H@3: 0.381, H@10: 0.526 | 
[2026-03-12 16:20:02,308][root][INFO] - Epoch: 343 | Loss: 0.0015 | Val - MRR: 0.3511, MR:  165.31, H@1: 0.263, H@3: 0.382, H@10: 0.528 | Test - MRR: 0.3463 | *
[2026-03-12 16:21:48,683][root][INFO] - Epoch: 344 | Loss: 0.0015 | Val - MRR: 0.3513, MR:  165.37, H@1: 0.263, H@3: 0.383, H@10: 0.527 | Test - MRR: 0.3460 | *
[2026-03-12 16:23:19,277][root][INFO] - Epoch: 345 | Loss: 0.0015 | Val - MRR: 0.3509, MR:  163.90, H@1: 0.262, H@3: 0.383, H@10: 0.527 | 
[2026-03-12 16:25:07,359][root][INFO] - Epoch: 346 | Loss: 0.0015 | Val - MRR: 0.3514, MR:  164.25, H@1: 0.263, H@3: 0.384, H@10: 0.528 | Test - MRR: 0.3459 | *
[2026-03-12 16:26:53,091][root][INFO] - Epoch: 347 | Loss: 0.0015 | Val - MRR: 0.3519, MR:  164.13, H@1: 0.264, H@3: 0.383, H@10: 0.529 | Test - MRR: 0.3461 | *
[2026-03-12 16:28:38,951][root][INFO] - Epoch: 348 | Loss: 0.0015 | Val - MRR: 0.3524, MR:  163.59, H@1: 0.265, H@3: 0.384, H@10: 0.528 | Test - MRR: 0.3462 | *
[2026-03-12 16:30:09,661][root][INFO] - Epoch: 349 | Loss: 0.0015 | Val - MRR: 0.3516, MR:  164.20, H@1: 0.263, H@3: 0.383, H@10: 0.529 | 
[2026-03-12 16:31:38,790][root][INFO] - Epoch: 350 | Loss: 0.0015 | Val - MRR: 0.3514, MR:  163.99, H@1: 0.263, H@3: 0.384, H@10: 0.528 | 
[2026-03-12 16:33:09,588][root][INFO] - Epoch: 351 | Loss: 0.0015 | Val - MRR: 0.3514, MR:  164.16, H@1: 0.263, H@3: 0.384, H@10: 0.529 | 
[2026-03-12 16:34:39,381][root][INFO] - Epoch: 352 | Loss: 0.0015 | Val - MRR: 0.3515, MR:  165.12, H@1: 0.264, H@3: 0.383, H@10: 0.527 | 
[2026-03-12 16:36:09,423][root][INFO] - Epoch: 353 | Loss: 0.0015 | Val - MRR: 0.3514, MR:  163.89, H@1: 0.263, H@3: 0.384, H@10: 0.529 | 
[2026-03-12 16:37:38,926][root][INFO] - Epoch: 354 | Loss: 0.0015 | Val - MRR: 0.3516, MR:  164.35, H@1: 0.263, H@3: 0.384, H@10: 0.528 | 
[2026-03-12 16:39:09,433][root][INFO] - Epoch: 355 | Loss: 0.0015 | Val - MRR: 0.3515, MR:  164.04, H@1: 0.263, H@3: 0.384, H@10: 0.528 | 
[2026-03-12 16:40:39,719][root][INFO] - Epoch: 356 | Loss: 0.0015 | Val - MRR: 0.3515, MR:  163.97, H@1: 0.263, H@3: 0.382, H@10: 0.528 | 
[2026-03-12 16:42:09,803][root][INFO] - Epoch: 357 | Loss: 0.0015 | Val - MRR: 0.3514, MR:  164.53, H@1: 0.263, H@3: 0.383, H@10: 0.527 | 
[2026-03-12 16:43:38,819][root][INFO] - Epoch: 358 | Loss: 0.0015 | Val - MRR: 0.3507, MR:  164.97, H@1: 0.262, H@3: 0.383, H@10: 0.528 | 
[2026-03-12 16:45:09,988][root][INFO] - Epoch: 359 | Loss: 0.0015 | Val - MRR: 0.3523, MR:  164.44, H@1: 0.264, H@3: 0.383, H@10: 0.528 | 
[2026-03-12 16:46:40,919][root][INFO] - Epoch: 360 | Loss: 0.0015 | Val - MRR: 0.3521, MR:  165.04, H@1: 0.264, H@3: 0.383, H@10: 0.529 | 
[2026-03-12 16:48:10,667][root][INFO] - Epoch: 361 | Loss: 0.0015 | Val - MRR: 0.3515, MR:  164.69, H@1: 0.263, H@3: 0.383, H@10: 0.529 | 
[2026-03-12 16:49:41,044][root][INFO] - Epoch: 362 | Loss: 0.0015 | Val - MRR: 0.3520, MR:  165.17, H@1: 0.264, H@3: 0.383, H@10: 0.529 | 
[2026-03-12 16:51:11,656][root][INFO] - Epoch: 363 | Loss: 0.0015 | Val - MRR: 0.3515, MR:  164.24, H@1: 0.263, H@3: 0.383, H@10: 0.528 | 
[2026-03-12 16:52:41,421][root][INFO] - Epoch: 364 | Loss: 0.0015 | Val - MRR: 0.3513, MR:  164.07, H@1: 0.263, H@3: 0.383, H@10: 0.528 | 
[2026-03-12 16:54:12,060][root][INFO] - Epoch: 365 | Loss: 0.0015 | Val - MRR: 0.3519, MR:  165.09, H@1: 0.264, H@3: 0.383, H@10: 0.528 | 
[2026-03-12 16:55:41,464][root][INFO] - Epoch: 366 | Loss: 0.0015 | Val - MRR: 0.3518, MR:  163.92, H@1: 0.263, H@3: 0.384, H@10: 0.528 | 
[2026-03-12 16:57:12,123][root][INFO] - Epoch: 367 | Loss: 0.0015 | Val - MRR: 0.3512, MR:  164.92, H@1: 0.263, H@3: 0.382, H@10: 0.527 | 
[2026-03-12 16:58:41,766][root][INFO] - Epoch: 368 | Loss: 0.0015 | Val - MRR: 0.3512, MR:  164.91, H@1: 0.262, H@3: 0.383, H@10: 0.528 | 
[2026-03-12 17:00:11,602][root][INFO] - Epoch: 369 | Loss: 0.0015 | Val - MRR: 0.3513, MR:  165.14, H@1: 0.263, H@3: 0.382, H@10: 0.528 | 
[2026-03-12 17:01:41,694][root][INFO] - Epoch: 370 | Loss: 0.0015 | Val - MRR: 0.3518, MR:  164.61, H@1: 0.263, H@3: 0.383, H@10: 0.528 | 
[2026-03-12 17:03:11,414][root][INFO] - Epoch: 371 | Loss: 0.0015 | Val - MRR: 0.3515, MR:  164.25, H@1: 0.263, H@3: 0.384, H@10: 0.527 | 
[2026-03-12 17:04:41,062][root][INFO] - Epoch: 372 | Loss: 0.0015 | Val - MRR: 0.3513, MR:  164.23, H@1: 0.263, H@3: 0.383, H@10: 0.527 | 
[2026-03-12 17:06:11,591][root][INFO] - Epoch: 373 | Loss: 0.0015 | Val - MRR: 0.3518, MR:  164.45, H@1: 0.263, H@3: 0.385, H@10: 0.529 | 
[2026-03-12 17:07:42,388][root][INFO] - Epoch: 374 | Loss: 0.0015 | Val - MRR: 0.3519, MR:  164.05, H@1: 0.263, H@3: 0.384, H@10: 0.528 | 
[2026-03-12 17:09:11,586][root][INFO] - Epoch: 375 | Loss: 0.0015 | Val - MRR: 0.3522, MR:  163.34, H@1: 0.264, H@3: 0.384, H@10: 0.528 | 
[2026-03-12 17:10:58,096][root][INFO] - Epoch: 376 | Loss: 0.0015 | Val - MRR: 0.3527, MR:  164.37, H@1: 0.265, H@3: 0.384, H@10: 0.528 | Test - MRR: 0.3476 | *
[2026-03-12 17:12:29,247][root][INFO] - Epoch: 377 | Loss: 0.0015 | Val - MRR: 0.3520, MR:  164.38, H@1: 0.264, H@3: 0.384, H@10: 0.529 | 
[2026-03-12 17:13:59,328][root][INFO] - Epoch: 378 | Loss: 0.0015 | Val - MRR: 0.3524, MR:  164.09, H@1: 0.264, H@3: 0.384, H@10: 0.529 | 
[2026-03-12 17:15:30,142][root][INFO] - Epoch: 379 | Loss: 0.0015 | Val - MRR: 0.3521, MR:  164.08, H@1: 0.263, H@3: 0.385, H@10: 0.529 | 
[2026-03-12 17:17:01,010][root][INFO] - Epoch: 380 | Loss: 0.0015 | Val - MRR: 0.3525, MR:  164.10, H@1: 0.264, H@3: 0.384, H@10: 0.529 | 
[2026-03-12 17:18:47,742][root][INFO] - Epoch: 381 | Loss: 0.0015 | Val - MRR: 0.3528, MR:  164.76, H@1: 0.265, H@3: 0.385, H@10: 0.529 | Test - MRR: 0.3480 | *
[2026-03-12 17:20:34,123][root][INFO] - Epoch: 382 | Loss: 0.0015 | Val - MRR: 0.3529, MR:  163.28, H@1: 0.264, H@3: 0.385, H@10: 0.529 | Test - MRR: 0.3474 | *
[2026-03-12 17:22:18,457][root][INFO] - Epoch: 383 | Loss: 0.0015 | Val - MRR: 0.3532, MR:  164.10, H@1: 0.265, H@3: 0.386, H@10: 0.530 | Test - MRR: 0.3479 | *
[2026-03-12 17:23:48,638][root][INFO] - Epoch: 384 | Loss: 0.0015 | Val - MRR: 0.3530, MR:  163.78, H@1: 0.265, H@3: 0.385, H@10: 0.529 | 
[2026-03-12 17:25:34,707][root][INFO] - Epoch: 385 | Loss: 0.0015 | Val - MRR: 0.3534, MR:  163.95, H@1: 0.265, H@3: 0.385, H@10: 0.530 | Test - MRR: 0.3480 | *
[2026-03-12 17:27:05,812][root][INFO] - Epoch: 386 | Loss: 0.0015 | Val - MRR: 0.3530, MR:  164.08, H@1: 0.265, H@3: 0.384, H@10: 0.530 | 
[2026-03-12 17:28:35,572][root][INFO] - Epoch: 387 | Loss: 0.0015 | Val - MRR: 0.3533, MR:  163.35, H@1: 0.265, H@3: 0.385, H@10: 0.530 | 
[2026-03-12 17:30:07,034][root][INFO] - Epoch: 388 | Loss: 0.0015 | Val - MRR: 0.3534, MR:  163.03, H@1: 0.265, H@3: 0.385, H@10: 0.531 | 
[2026-03-12 17:31:52,303][root][INFO] - Epoch: 389 | Loss: 0.0015 | Val - MRR: 0.3542, MR:  162.05, H@1: 0.266, H@3: 0.385, H@10: 0.531 | Test - MRR: 0.3485 | *
[2026-03-12 17:33:38,502][root][INFO] - Epoch: 390 | Loss: 0.0015 | Val - MRR: 0.3544, MR:  161.63, H@1: 0.266, H@3: 0.385, H@10: 0.532 | Test - MRR: 0.3489 | *
[2026-03-12 17:35:08,688][root][INFO] - Epoch: 391 | Loss: 0.0015 | Val - MRR: 0.3536, MR:  162.36, H@1: 0.265, H@3: 0.385, H@10: 0.530 | 
[2026-03-12 17:36:38,664][root][INFO] - Epoch: 392 | Loss: 0.0015 | Val - MRR: 0.3536, MR:  163.71, H@1: 0.265, H@3: 0.385, H@10: 0.531 | 
[2026-03-12 17:38:07,518][root][INFO] - Epoch: 393 | Loss: 0.0015 | Val - MRR: 0.3540, MR:  162.44, H@1: 0.266, H@3: 0.385, H@10: 0.530 | 
[2026-03-12 17:39:38,461][root][INFO] - Epoch: 394 | Loss: 0.0015 | Val - MRR: 0.3541, MR:  162.26, H@1: 0.266, H@3: 0.386, H@10: 0.529 | 
[2026-03-12 17:41:07,285][root][INFO] - Epoch: 395 | Loss: 0.0015 | Val - MRR: 0.3543, MR:  162.09, H@1: 0.266, H@3: 0.385, H@10: 0.532 | 
[2026-03-12 17:42:36,846][root][INFO] - Epoch: 396 | Loss: 0.0015 | Val - MRR: 0.3539, MR:  161.45, H@1: 0.265, H@3: 0.386, H@10: 0.532 | 
[2026-03-12 17:44:06,932][root][INFO] - Epoch: 397 | Loss: 0.0015 | Val - MRR: 0.3541, MR:  162.10, H@1: 0.266, H@3: 0.386, H@10: 0.531 | 
[2026-03-12 17:45:36,603][root][INFO] - Epoch: 398 | Loss: 0.0015 | Val - MRR: 0.3537, MR:  163.77, H@1: 0.266, H@3: 0.385, H@10: 0.531 | 
[2026-03-12 17:47:06,929][root][INFO] - Epoch: 399 | Loss: 0.0015 | Val - MRR: 0.3537, MR:  162.99, H@1: 0.265, H@3: 0.385, H@10: 0.532 | 
[2026-03-12 17:48:37,547][root][INFO] - Epoch: 400 | Loss: 0.0015 | Val - MRR: 0.3534, MR:  162.60, H@1: 0.265, H@3: 0.386, H@10: 0.532 | 
[2026-03-12 17:50:08,150][root][INFO] - Epoch: 401 | Loss: 0.0015 | Val - MRR: 0.3537, MR:  163.00, H@1: 0.265, H@3: 0.386, H@10: 0.531 | 
[2026-03-12 17:51:38,377][root][INFO] - Epoch: 402 | Loss: 0.0015 | Val - MRR: 0.3536, MR:  161.92, H@1: 0.264, H@3: 0.387, H@10: 0.531 | 
[2026-03-12 17:53:24,702][root][INFO] - Epoch: 403 | Loss: 0.0015 | Val - MRR: 0.3545, MR:  162.41, H@1: 0.266, H@3: 0.386, H@10: 0.531 | Test - MRR: 0.3490 | *
[2026-03-12 17:54:53,960][root][INFO] - Epoch: 404 | Loss: 0.0015 | Val - MRR: 0.3540, MR:  162.04, H@1: 0.265, H@3: 0.386, H@10: 0.532 | 
[2026-03-12 17:56:24,475][root][INFO] - Epoch: 405 | Loss: 0.0015 | Val - MRR: 0.3542, MR:  161.65, H@1: 0.265, H@3: 0.387, H@10: 0.531 | 
[2026-03-12 17:57:55,149][root][INFO] - Epoch: 406 | Loss: 0.0015 | Val - MRR: 0.3543, MR:  162.63, H@1: 0.266, H@3: 0.386, H@10: 0.531 | 
[2026-03-12 17:59:24,633][root][INFO] - Epoch: 407 | Loss: 0.0015 | Val - MRR: 0.3540, MR:  161.52, H@1: 0.265, H@3: 0.387, H@10: 0.532 | 
[2026-03-12 18:00:55,312][root][INFO] - Epoch: 408 | Loss: 0.0015 | Val - MRR: 0.3540, MR:  162.92, H@1: 0.265, H@3: 0.386, H@10: 0.532 | 
[2026-03-12 18:02:24,798][root][INFO] - Epoch: 409 | Loss: 0.0015 | Val - MRR: 0.3542, MR:  162.48, H@1: 0.265, H@3: 0.386, H@10: 0.532 | 
[2026-03-12 18:03:54,870][root][INFO] - Epoch: 410 | Loss: 0.0015 | Val - MRR: 0.3543, MR:  163.07, H@1: 0.265, H@3: 0.387, H@10: 0.532 | 
[2026-03-12 18:05:25,338][root][INFO] - Epoch: 411 | Loss: 0.0015 | Val - MRR: 0.3541, MR:  162.62, H@1: 0.265, H@3: 0.387, H@10: 0.532 | 
[2026-03-12 18:06:55,122][root][INFO] - Epoch: 412 | Loss: 0.0015 | Val - MRR: 0.3541, MR:  161.76, H@1: 0.265, H@3: 0.387, H@10: 0.532 | 
[2026-03-12 18:08:25,799][root][INFO] - Epoch: 413 | Loss: 0.0015 | Val - MRR: 0.3543, MR:  162.81, H@1: 0.265, H@3: 0.387, H@10: 0.532 | 
[2026-03-12 18:09:56,353][root][INFO] - Epoch: 414 | Loss: 0.0015 | Val - MRR: 0.3545, MR:  162.08, H@1: 0.265, H@3: 0.388, H@10: 0.533 | 
[2026-03-12 18:11:24,730][root][INFO] - Epoch: 415 | Loss: 0.0015 | Val - MRR: 0.3545, MR:  161.21, H@1: 0.265, H@3: 0.387, H@10: 0.532 | 
[2026-03-12 18:12:54,503][root][INFO] - Epoch: 416 | Loss: 0.0015 | Val - MRR: 0.3539, MR:  163.57, H@1: 0.264, H@3: 0.387, H@10: 0.533 | 
[2026-03-12 18:14:40,103][root][INFO] - Epoch: 417 | Loss: 0.0015 | Val - MRR: 0.3549, MR:  162.06, H@1: 0.266, H@3: 0.388, H@10: 0.532 | Test - MRR: 0.3489 | *
[2026-03-12 18:16:25,862][root][INFO] - Epoch: 418 | Loss: 0.0015 | Val - MRR: 0.3549, MR:  162.16, H@1: 0.266, H@3: 0.387, H@10: 0.533 | Test - MRR: 0.3487 | *
[2026-03-12 18:17:55,654][root][INFO] - Epoch: 419 | Loss: 0.0015 | Val - MRR: 0.3541, MR:  162.17, H@1: 0.265, H@3: 0.387, H@10: 0.533 | 
[2026-03-12 18:19:24,696][root][INFO] - Epoch: 420 | Loss: 0.0015 | Val - MRR: 0.3542, MR:  162.20, H@1: 0.265, H@3: 0.387, H@10: 0.533 | 
[2026-03-12 18:20:54,520][root][INFO] - Epoch: 421 | Loss: 0.0015 | Val - MRR: 0.3538, MR:  162.58, H@1: 0.265, H@3: 0.387, H@10: 0.533 | 
[2026-03-12 18:22:24,979][root][INFO] - Epoch: 422 | Loss: 0.0015 | Val - MRR: 0.3544, MR:  162.72, H@1: 0.265, H@3: 0.387, H@10: 0.532 | 
[2026-03-12 18:23:54,350][root][INFO] - Epoch: 423 | Loss: 0.0015 | Val - MRR: 0.3549, MR:  163.27, H@1: 0.266, H@3: 0.387, H@10: 0.533 | 
[2026-03-12 18:25:25,261][root][INFO] - Epoch: 424 | Loss: 0.0015 | Val - MRR: 0.3544, MR:  162.43, H@1: 0.266, H@3: 0.387, H@10: 0.533 | 
[2026-03-12 18:26:55,694][root][INFO] - Epoch: 425 | Loss: 0.0015 | Val - MRR: 0.3543, MR:  162.59, H@1: 0.266, H@3: 0.387, H@10: 0.533 | 
[2026-03-12 18:28:25,002][root][INFO] - Epoch: 426 | Loss: 0.0015 | Val - MRR: 0.3545, MR:  162.84, H@1: 0.266, H@3: 0.387, H@10: 0.533 | 
[2026-03-12 18:29:55,346][root][INFO] - Epoch: 427 | Loss: 0.0015 | Val - MRR: 0.3542, MR:  162.28, H@1: 0.265, H@3: 0.386, H@10: 0.532 | 
[2026-03-12 18:31:25,172][root][INFO] - Epoch: 428 | Loss: 0.0015 | Val - MRR: 0.3546, MR:  162.33, H@1: 0.265, H@3: 0.387, H@10: 0.533 | 
[2026-03-12 18:32:55,653][root][INFO] - Epoch: 429 | Loss: 0.0015 | Val - MRR: 0.3545, MR:  161.40, H@1: 0.265, H@3: 0.387, H@10: 0.534 | 
[2026-03-12 18:34:25,514][root][INFO] - Epoch: 430 | Loss: 0.0015 | Val - MRR: 0.3544, MR:  162.28, H@1: 0.265, H@3: 0.386, H@10: 0.533 | 
[2026-03-12 18:35:55,264][root][INFO] - Epoch: 431 | Loss: 0.0015 | Val - MRR: 0.3548, MR:  162.33, H@1: 0.266, H@3: 0.386, H@10: 0.533 | 
[2026-03-12 18:37:25,075][root][INFO] - Epoch: 432 | Loss: 0.0015 | Val - MRR: 0.3542, MR:  162.95, H@1: 0.265, H@3: 0.386, H@10: 0.533 | 
[2026-03-12 18:39:12,233][root][INFO] - Epoch: 433 | Loss: 0.0015 | Val - MRR: 0.3549, MR:  161.63, H@1: 0.266, H@3: 0.387, H@10: 0.533 | Test - MRR: 0.3497 | *
[2026-03-12 18:40:42,635][root][INFO] - Epoch: 434 | Loss: 0.0015 | Val - MRR: 0.3544, MR:  161.30, H@1: 0.265, H@3: 0.386, H@10: 0.533 | 
[2026-03-12 18:42:11,864][root][INFO] - Epoch: 435 | Loss: 0.0015 | Val - MRR: 0.3547, MR:  160.74, H@1: 0.266, H@3: 0.386, H@10: 0.532 | 
[2026-03-12 18:43:42,619][root][INFO] - Epoch: 436 | Loss: 0.0015 | Val - MRR: 0.3544, MR:  161.29, H@1: 0.266, H@3: 0.386, H@10: 0.533 | 
[2026-03-12 18:45:12,658][root][INFO] - Epoch: 437 | Loss: 0.0015 | Val - MRR: 0.3541, MR:  161.32, H@1: 0.265, H@3: 0.386, H@10: 0.532 | 
[2026-03-12 18:46:42,273][root][INFO] - Epoch: 438 | Loss: 0.0015 | Val - MRR: 0.3542, MR:  161.77, H@1: 0.265, H@3: 0.386, H@10: 0.532 | 
[2026-03-12 18:48:15,770][root][INFO] - Epoch: 439 | Loss: 0.0015 | Val - MRR: 0.3544, MR:  161.76, H@1: 0.265, H@3: 0.387, H@10: 0.532 | 
[2026-03-12 18:50:02,149][root][INFO] - Epoch: 440 | Loss: 0.0015 | Val - MRR: 0.3550, MR:  160.89, H@1: 0.266, H@3: 0.387, H@10: 0.533 | Test - MRR: 0.3498 | *
[2026-03-12 18:51:32,914][root][INFO] - Epoch: 441 | Loss: 0.0015 | Val - MRR: 0.3547, MR:  162.19, H@1: 0.266, H@3: 0.387, H@10: 0.533 | 
[2026-03-12 18:53:02,899][root][INFO] - Epoch: 442 | Loss: 0.0015 | Val - MRR: 0.3547, MR:  162.39, H@1: 0.265, H@3: 0.388, H@10: 0.533 | 
[2026-03-12 18:54:34,026][root][INFO] - Epoch: 443 | Loss: 0.0015 | Val - MRR: 0.3549, MR:  162.16, H@1: 0.266, H@3: 0.388, H@10: 0.533 | 
[2026-03-12 18:56:20,256][root][INFO] - Epoch: 444 | Loss: 0.0015 | Val - MRR: 0.3552, MR:  162.12, H@1: 0.266, H@3: 0.388, H@10: 0.534 | Test - MRR: 0.3498 | *
[2026-03-12 18:57:51,414][root][INFO] - Epoch: 445 | Loss: 0.0015 | Val - MRR: 0.3550, MR:  162.58, H@1: 0.266, H@3: 0.387, H@10: 0.534 | 
[2026-03-12 18:59:21,155][root][INFO] - Epoch: 446 | Loss: 0.0015 | Val - MRR: 0.3546, MR:  161.92, H@1: 0.265, H@3: 0.387, H@10: 0.534 | 
[2026-03-12 19:00:51,592][root][INFO] - Epoch: 447 | Loss: 0.0015 | Val - MRR: 0.3548, MR:  163.47, H@1: 0.266, H@3: 0.387, H@10: 0.534 | 
[2026-03-12 19:02:37,908][root][INFO] - Epoch: 448 | Loss: 0.0015 | Val - MRR: 0.3553, MR:  161.86, H@1: 0.266, H@3: 0.387, H@10: 0.533 | Test - MRR: 0.3502 | *
[2026-03-12 19:04:07,668][root][INFO] - Epoch: 449 | Loss: 0.0015 | Val - MRR: 0.3553, MR:  162.04, H@1: 0.267, H@3: 0.388, H@10: 0.534 | 
[2026-03-12 19:05:38,362][root][INFO] - Epoch: 450 | Loss: 0.0015 | Val - MRR: 0.3553, MR:  162.61, H@1: 0.267, H@3: 0.387, H@10: 0.533 | 
[2026-03-12 19:07:25,730][root][INFO] - Epoch: 451 | Loss: 0.0015 | Val - MRR: 0.3557, MR:  162.31, H@1: 0.267, H@3: 0.389, H@10: 0.534 | Test - MRR: 0.3501 | *
[2026-03-12 19:08:55,826][root][INFO] - Epoch: 452 | Loss: 0.0015 | Val - MRR: 0.3552, MR:  164.38, H@1: 0.266, H@3: 0.387, H@10: 0.533 | 
[2026-03-12 19:10:25,989][root][INFO] - Epoch: 453 | Loss: 0.0015 | Val - MRR: 0.3556, MR:  161.77, H@1: 0.267, H@3: 0.387, H@10: 0.534 | 
[2026-03-12 19:11:54,996][root][INFO] - Epoch: 454 | Loss: 0.0015 | Val - MRR: 0.3549, MR:  161.74, H@1: 0.265, H@3: 0.387, H@10: 0.533 | 
[2026-03-12 19:13:26,596][root][INFO] - Epoch: 455 | Loss: 0.0015 | Val - MRR: 0.3554, MR:  162.23, H@1: 0.267, H@3: 0.387, H@10: 0.533 | 
[2026-03-12 19:14:56,504][root][INFO] - Epoch: 456 | Loss: 0.0015 | Val - MRR: 0.3555, MR:  161.81, H@1: 0.267, H@3: 0.387, H@10: 0.533 | 
[2026-03-12 19:16:31,083][root][INFO] - Epoch: 457 | Loss: 0.0015 | Val - MRR: 0.3553, MR:  162.10, H@1: 0.266, H@3: 0.387, H@10: 0.534 | 
[2026-03-12 19:18:19,690][root][INFO] - Epoch: 458 | Loss: 0.0015 | Val - MRR: 0.3559, MR:  162.26, H@1: 0.267, H@3: 0.388, H@10: 0.533 | Test - MRR: 0.3498 | *
[2026-03-12 19:19:50,632][root][INFO] - Epoch: 459 | Loss: 0.0015 | Val - MRR: 0.3558, MR:  162.73, H@1: 0.267, H@3: 0.388, H@10: 0.534 | 
[2026-03-12 19:21:38,033][root][INFO] - Epoch: 460 | Loss: 0.0015 | Val - MRR: 0.3559, MR:  162.23, H@1: 0.267, H@3: 0.388, H@10: 0.534 | Test - MRR: 0.3500 | *
[2026-03-12 19:23:10,490][root][INFO] - Epoch: 461 | Loss: 0.0015 | Val - MRR: 0.3558, MR:  161.78, H@1: 0.267, H@3: 0.389, H@10: 0.534 | 
[2026-03-12 19:24:57,194][root][INFO] - Epoch: 462 | Loss: 0.0015 | Val - MRR: 0.3561, MR:  162.58, H@1: 0.267, H@3: 0.389, H@10: 0.534 | Test - MRR: 0.3503 | *
[2026-03-12 19:26:27,749][root][INFO] - Epoch: 463 | Loss: 0.0015 | Val - MRR: 0.3553, MR:  161.74, H@1: 0.266, H@3: 0.388, H@10: 0.533 | 
[2026-03-12 19:27:59,676][root][INFO] - Epoch: 464 | Loss: 0.0015 | Val - MRR: 0.3555, MR:  162.05, H@1: 0.266, H@3: 0.388, H@10: 0.534 | 
[2026-03-12 19:29:32,196][root][INFO] - Epoch: 465 | Loss: 0.0015 | Val - MRR: 0.3550, MR:  161.66, H@1: 0.266, H@3: 0.388, H@10: 0.534 | 
[2026-03-12 19:31:03,488][root][INFO] - Epoch: 466 | Loss: 0.0015 | Val - MRR: 0.3553, MR:  161.71, H@1: 0.266, H@3: 0.389, H@10: 0.534 | 
[2026-03-12 19:32:34,728][root][INFO] - Epoch: 467 | Loss: 0.0015 | Val - MRR: 0.3554, MR:  161.55, H@1: 0.266, H@3: 0.389, H@10: 0.534 | 
[2026-03-12 19:34:04,164][root][INFO] - Epoch: 468 | Loss: 0.0015 | Val - MRR: 0.3555, MR:  161.15, H@1: 0.266, H@3: 0.388, H@10: 0.534 | 
[2026-03-12 19:35:34,411][root][INFO] - Epoch: 469 | Loss: 0.0015 | Val - MRR: 0.3554, MR:  162.08, H@1: 0.267, H@3: 0.388, H@10: 0.533 | 
[2026-03-12 19:37:06,159][root][INFO] - Epoch: 470 | Loss: 0.0015 | Val - MRR: 0.3558, MR:  161.70, H@1: 0.267, H@3: 0.388, H@10: 0.534 | 
[2026-03-12 19:38:36,645][root][INFO] - Epoch: 471 | Loss: 0.0015 | Val - MRR: 0.3559, MR:  161.44, H@1: 0.267, H@3: 0.389, H@10: 0.533 | 
[2026-03-12 19:40:25,729][root][INFO] - Epoch: 472 | Loss: 0.0015 | Val - MRR: 0.3564, MR:  160.89, H@1: 0.268, H@3: 0.388, H@10: 0.534 | Test - MRR: 0.3506 | *
[2026-03-12 19:41:56,888][root][INFO] - Epoch: 473 | Loss: 0.0015 | Val - MRR: 0.3563, MR:  160.93, H@1: 0.268, H@3: 0.388, H@10: 0.534 | 
[2026-03-12 19:43:28,356][root][INFO] - Epoch: 474 | Loss: 0.0015 | Val - MRR: 0.3561, MR:  161.20, H@1: 0.267, H@3: 0.388, H@10: 0.534 | 
[2026-03-12 19:45:00,111][root][INFO] - Epoch: 475 | Loss: 0.0015 | Val - MRR: 0.3559, MR:  161.68, H@1: 0.267, H@3: 0.387, H@10: 0.535 | 
[2026-03-12 19:46:47,359][root][INFO] - Epoch: 476 | Loss: 0.0015 | Val - MRR: 0.3565, MR:  161.90, H@1: 0.268, H@3: 0.388, H@10: 0.534 | Test - MRR: 0.3509 | *
[2026-03-12 19:48:34,170][root][INFO] - Epoch: 477 | Loss: 0.0015 | Val - MRR: 0.3566, MR:  161.86, H@1: 0.268, H@3: 0.387, H@10: 0.535 | Test - MRR: 0.3513 | *
[2026-03-12 19:50:05,938][root][INFO] - Epoch: 478 | Loss: 0.0015 | Val - MRR: 0.3565, MR:  162.20, H@1: 0.268, H@3: 0.388, H@10: 0.534 | 
[2026-03-12 19:51:37,639][root][INFO] - Epoch: 479 | Loss: 0.0015 | Val - MRR: 0.3565, MR:  161.60, H@1: 0.268, H@3: 0.388, H@10: 0.534 | 
[2026-03-12 19:53:07,805][root][INFO] - Epoch: 480 | Loss: 0.0015 | Val - MRR: 0.3563, MR:  161.71, H@1: 0.268, H@3: 0.388, H@10: 0.534 | 
[2026-03-12 19:54:38,791][root][INFO] - Epoch: 481 | Loss: 0.0015 | Val - MRR: 0.3562, MR:  161.53, H@1: 0.267, H@3: 0.387, H@10: 0.534 | 
[2026-03-12 19:56:11,453][root][INFO] - Epoch: 482 | Loss: 0.0015 | Val - MRR: 0.3559, MR:  162.47, H@1: 0.267, H@3: 0.388, H@10: 0.535 | 
[2026-03-12 19:57:42,260][root][INFO] - Epoch: 483 | Loss: 0.0015 | Val - MRR: 0.3560, MR:  161.90, H@1: 0.267, H@3: 0.388, H@10: 0.534 | 
[2026-03-12 19:59:12,869][root][INFO] - Epoch: 484 | Loss: 0.0015 | Val - MRR: 0.3560, MR:  161.92, H@1: 0.267, H@3: 0.388, H@10: 0.535 | 
[2026-03-12 20:00:44,105][root][INFO] - Epoch: 485 | Loss: 0.0015 | Val - MRR: 0.3559, MR:  162.34, H@1: 0.267, H@3: 0.388, H@10: 0.535 | 
[2026-03-12 20:02:14,072][root][INFO] - Epoch: 486 | Loss: 0.0015 | Val - MRR: 0.3559, MR:  161.99, H@1: 0.267, H@3: 0.388, H@10: 0.535 | 
[2026-03-12 20:04:01,908][root][INFO] - Epoch: 487 | Loss: 0.0015 | Val - MRR: 0.3566, MR:  161.68, H@1: 0.268, H@3: 0.388, H@10: 0.535 | Test - MRR: 0.3508 | *
[2026-03-12 20:05:33,246][root][INFO] - Epoch: 488 | Loss: 0.0015 | Val - MRR: 0.3555, MR:  162.61, H@1: 0.266, H@3: 0.388, H@10: 0.535 | 
[2026-03-12 20:07:03,188][root][INFO] - Epoch: 489 | Loss: 0.0015 | Val - MRR: 0.3555, MR:  161.58, H@1: 0.266, H@3: 0.388, H@10: 0.535 | 
[2026-03-12 20:08:34,233][root][INFO] - Epoch: 490 | Loss: 0.0015 | Val - MRR: 0.3560, MR:  162.12, H@1: 0.267, H@3: 0.387, H@10: 0.535 | 
[2026-03-12 20:10:04,328][root][INFO] - Epoch: 491 | Loss: 0.0015 | Val - MRR: 0.3559, MR:  161.72, H@1: 0.267, H@3: 0.387, H@10: 0.536 | 
[2026-03-12 20:11:35,756][root][INFO] - Epoch: 492 | Loss: 0.0015 | Val - MRR: 0.3559, MR:  162.43, H@1: 0.267, H@3: 0.387, H@10: 0.535 | 
[2026-03-12 20:13:06,841][root][INFO] - Epoch: 493 | Loss: 0.0015 | Val - MRR: 0.3557, MR:  161.58, H@1: 0.267, H@3: 0.387, H@10: 0.535 | 
[2026-03-12 20:14:36,095][root][INFO] - Epoch: 494 | Loss: 0.0015 | Val - MRR: 0.3560, MR:  161.69, H@1: 0.267, H@3: 0.387, H@10: 0.535 | 
[2026-03-12 20:16:07,109][root][INFO] - Epoch: 495 | Loss: 0.0015 | Val - MRR: 0.3559, MR:  161.36, H@1: 0.267, H@3: 0.387, H@10: 0.534 | 
[2026-03-12 20:17:37,777][root][INFO] - Epoch: 496 | Loss: 0.0015 | Val - MRR: 0.3559, MR:  161.88, H@1: 0.267, H@3: 0.387, H@10: 0.535 | 
[2026-03-12 20:19:08,140][root][INFO] - Epoch: 497 | Loss: 0.0015 | Val - MRR: 0.3564, MR:  161.43, H@1: 0.268, H@3: 0.387, H@10: 0.534 | 
[2026-03-12 20:20:38,457][root][INFO] - Epoch: 498 | Loss: 0.0015 | Val - MRR: 0.3564, MR:  161.50, H@1: 0.267, H@3: 0.387, H@10: 0.535 | 
[2026-03-12 20:22:08,354][root][INFO] - Epoch: 499 | Loss: 0.0015 | Val - MRR: 0.3565, MR:  161.44, H@1: 0.268, H@3: 0.387, H@10: 0.535 | 
[2026-03-12 20:23:39,605][root][INFO] - Epoch: 500 | Loss: 0.0015 | Val - MRR: 0.3564, MR:  161.71, H@1: 0.267, H@3: 0.389, H@10: 0.536 | 
[2026-03-12 20:25:10,048][root][INFO] - Epoch: 501 | Loss: 0.0015 | Val - MRR: 0.3565, MR:  160.89, H@1: 0.268, H@3: 0.388, H@10: 0.536 | 
[2026-03-12 20:26:39,695][root][INFO] - Epoch: 502 | Loss: 0.0015 | Val - MRR: 0.3561, MR:  161.84, H@1: 0.267, H@3: 0.388, H@10: 0.536 | 
[2026-03-12 20:28:09,956][root][INFO] - Epoch: 503 | Loss: 0.0015 | Val - MRR: 0.3565, MR:  161.61, H@1: 0.267, H@3: 0.388, H@10: 0.536 | 
[2026-03-12 20:29:57,332][root][INFO] - Epoch: 504 | Loss: 0.0015 | Val - MRR: 0.3569, MR:  161.74, H@1: 0.268, H@3: 0.389, H@10: 0.535 | Test - MRR: 0.3514 | *
[2026-03-12 20:31:27,792][root][INFO] - Epoch: 505 | Loss: 0.0015 | Val - MRR: 0.3562, MR:  162.05, H@1: 0.267, H@3: 0.388, H@10: 0.535 | 
[2026-03-12 20:32:57,061][root][INFO] - Epoch: 506 | Loss: 0.0015 | Val - MRR: 0.3568, MR:  161.55, H@1: 0.268, H@3: 0.389, H@10: 0.535 | 
[2026-03-12 20:34:43,667][root][INFO] - Epoch: 507 | Loss: 0.0015 | Val - MRR: 0.3569, MR:  161.52, H@1: 0.268, H@3: 0.388, H@10: 0.535 | Test - MRR: 0.3510 | *
[2026-03-12 20:36:29,603][root][INFO] - Epoch: 508 | Loss: 0.0015 | Val - MRR: 0.3570, MR:  160.76, H@1: 0.268, H@3: 0.388, H@10: 0.535 | Test - MRR: 0.3516 | *
[2026-03-12 20:38:15,717][root][INFO] - Epoch: 509 | Loss: 0.0015 | Val - MRR: 0.3573, MR:  160.66, H@1: 0.269, H@3: 0.388, H@10: 0.535 | Test - MRR: 0.3515 | *
[2026-03-12 20:39:46,383][root][INFO] - Epoch: 510 | Loss: 0.0015 | Val - MRR: 0.3569, MR:  161.75, H@1: 0.268, H@3: 0.388, H@10: 0.535 | 
[2026-03-12 20:41:16,668][root][INFO] - Epoch: 511 | Loss: 0.0015 | Val - MRR: 0.3571, MR:  160.94, H@1: 0.268, H@3: 0.388, H@10: 0.535 | 
[2026-03-12 20:42:46,373][root][INFO] - Epoch: 512 | Loss: 0.0015 | Val - MRR: 0.3568, MR:  161.57, H@1: 0.268, H@3: 0.388, H@10: 0.535 | 
[2026-03-12 20:44:16,223][root][INFO] - Epoch: 513 | Loss: 0.0015 | Val - MRR: 0.3565, MR:  161.14, H@1: 0.268, H@3: 0.388, H@10: 0.534 | 
[2026-03-12 20:45:46,774][root][INFO] - Epoch: 514 | Loss: 0.0015 | Val - MRR: 0.3566, MR:  160.67, H@1: 0.268, H@3: 0.388, H@10: 0.535 | 
[2026-03-12 20:47:16,644][root][INFO] - Epoch: 515 | Loss: 0.0015 | Val - MRR: 0.3567, MR:  161.31, H@1: 0.268, H@3: 0.388, H@10: 0.535 | 
[2026-03-12 20:48:46,383][root][INFO] - Epoch: 516 | Loss: 0.0015 | Val - MRR: 0.3571, MR:  161.67, H@1: 0.269, H@3: 0.388, H@10: 0.535 | 
[2026-03-12 20:50:16,527][root][INFO] - Epoch: 517 | Loss: 0.0015 | Val - MRR: 0.3567, MR:  161.24, H@1: 0.268, H@3: 0.388, H@10: 0.535 | 
[2026-03-12 20:51:47,421][root][INFO] - Epoch: 518 | Loss: 0.0015 | Val - MRR: 0.3569, MR:  161.00, H@1: 0.268, H@3: 0.388, H@10: 0.535 | 
[2026-03-12 20:53:17,702][root][INFO] - Epoch: 519 | Loss: 0.0015 | Val - MRR: 0.3568, MR:  161.39, H@1: 0.268, H@3: 0.388, H@10: 0.536 | 
[2026-03-12 20:54:48,673][root][INFO] - Epoch: 520 | Loss: 0.0015 | Val - MRR: 0.3572, MR:  161.64, H@1: 0.269, H@3: 0.388, H@10: 0.536 | 
[2026-03-12 20:56:18,989][root][INFO] - Epoch: 521 | Loss: 0.0015 | Val - MRR: 0.3572, MR:  161.09, H@1: 0.269, H@3: 0.388, H@10: 0.535 | 
[2026-03-12 20:57:49,644][root][INFO] - Epoch: 522 | Loss: 0.0015 | Val - MRR: 0.3565, MR:  161.06, H@1: 0.268, H@3: 0.388, H@10: 0.535 | 
[2026-03-12 20:59:19,745][root][INFO] - Epoch: 523 | Loss: 0.0015 | Val - MRR: 0.3569, MR:  160.67, H@1: 0.268, H@3: 0.388, H@10: 0.535 | 
[2026-03-12 21:00:50,354][root][INFO] - Epoch: 524 | Loss: 0.0015 | Val - MRR: 0.3571, MR:  161.19, H@1: 0.269, H@3: 0.388, H@10: 0.535 | 
[2026-03-12 21:02:20,253][root][INFO] - Epoch: 525 | Loss: 0.0015 | Val - MRR: 0.3571, MR:  160.32, H@1: 0.269, H@3: 0.388, H@10: 0.534 | 
[2026-03-12 21:03:49,078][root][INFO] - Epoch: 526 | Loss: 0.0015 | Val - MRR: 0.3565, MR:  161.63, H@1: 0.268, H@3: 0.387, H@10: 0.534 | 
[2026-03-12 21:05:19,534][root][INFO] - Epoch: 527 | Loss: 0.0015 | Val - MRR: 0.3564, MR:  161.03, H@1: 0.268, H@3: 0.388, H@10: 0.535 | 
[2026-03-12 21:06:50,082][root][INFO] - Epoch: 528 | Loss: 0.0015 | Val - MRR: 0.3569, MR:  160.41, H@1: 0.268, H@3: 0.388, H@10: 0.535 | 
[2026-03-12 21:08:20,467][root][INFO] - Epoch: 529 | Loss: 0.0015 | Val - MRR: 0.3563, MR:  161.35, H@1: 0.268, H@3: 0.388, H@10: 0.535 | 
[2026-03-12 21:09:50,793][root][INFO] - Epoch: 530 | Loss: 0.0015 | Val - MRR: 0.3564, MR:  161.29, H@1: 0.268, H@3: 0.388, H@10: 0.535 | 
[2026-03-12 21:11:21,960][root][INFO] - Epoch: 531 | Loss: 0.0015 | Val - MRR: 0.3571, MR:  160.85, H@1: 0.269, H@3: 0.388, H@10: 0.535 | 
[2026-03-12 21:12:51,483][root][INFO] - Epoch: 532 | Loss: 0.0015 | Val - MRR: 0.3571, MR:  160.57, H@1: 0.269, H@3: 0.388, H@10: 0.536 | 
[2026-03-12 21:14:21,440][root][INFO] - Epoch: 533 | Loss: 0.0015 | Val - MRR: 0.3571, MR:  160.55, H@1: 0.269, H@3: 0.388, H@10: 0.536 | 
[2026-03-12 21:15:52,258][root][INFO] - Epoch: 534 | Loss: 0.0015 | Val - MRR: 0.3569, MR:  161.28, H@1: 0.268, H@3: 0.388, H@10: 0.535 | 
[2026-03-12 21:17:23,169][root][INFO] - Epoch: 535 | Loss: 0.0015 | Val - MRR: 0.3571, MR:  161.06, H@1: 0.269, H@3: 0.389, H@10: 0.535 | 
[2026-03-12 21:18:53,699][root][INFO] - Epoch: 536 | Loss: 0.0015 | Val - MRR: 0.3569, MR:  160.99, H@1: 0.268, H@3: 0.388, H@10: 0.535 | 
[2026-03-12 21:20:22,338][root][INFO] - Epoch: 537 | Loss: 0.0015 | Val - MRR: 0.3566, MR:  160.29, H@1: 0.268, H@3: 0.388, H@10: 0.535 | 
[2026-03-12 21:21:53,215][root][INFO] - Epoch: 538 | Loss: 0.0015 | Val - MRR: 0.3568, MR:  160.25, H@1: 0.268, H@3: 0.389, H@10: 0.535 | 
[2026-03-12 21:23:24,907][root][INFO] - Epoch: 539 | Loss: 0.0015 | Val - MRR: 0.3564, MR:  161.67, H@1: 0.268, H@3: 0.387, H@10: 0.535 | 
[2026-03-12 21:24:54,332][root][INFO] - Epoch: 540 | Loss: 0.0015 | Val - MRR: 0.3568, MR:  161.64, H@1: 0.268, H@3: 0.387, H@10: 0.535 | 
[2026-03-12 21:26:24,720][root][INFO] - Epoch: 541 | Loss: 0.0015 | Val - MRR: 0.3570, MR:  160.92, H@1: 0.269, H@3: 0.388, H@10: 0.535 | 
[2026-03-12 21:27:54,624][root][INFO] - Epoch: 542 | Loss: 0.0015 | Val - MRR: 0.3569, MR:  160.09, H@1: 0.268, H@3: 0.389, H@10: 0.535 | 
[2026-03-12 21:29:24,635][root][INFO] - Epoch: 543 | Loss: 0.0015 | Val - MRR: 0.3568, MR:  161.51, H@1: 0.268, H@3: 0.388, H@10: 0.535 | 
[2026-03-12 21:30:54,044][root][INFO] - Epoch: 544 | Loss: 0.0015 | Val - MRR: 0.3568, MR:  161.04, H@1: 0.268, H@3: 0.388, H@10: 0.535 | 
[2026-03-12 21:32:24,788][root][INFO] - Epoch: 545 | Loss: 0.0015 | Val - MRR: 0.3566, MR:  161.49, H@1: 0.268, H@3: 0.388, H@10: 0.536 | 
[2026-03-12 21:33:54,699][root][INFO] - Epoch: 546 | Loss: 0.0015 | Val - MRR: 0.3570, MR:  161.17, H@1: 0.268, H@3: 0.388, H@10: 0.535 | 
[2026-03-12 21:35:40,736][root][INFO] - Epoch: 547 | Loss: 0.0015 | Val - MRR: 0.3575, MR:  161.39, H@1: 0.269, H@3: 0.389, H@10: 0.535 | Test - MRR: 0.3512 | *
[2026-03-12 21:37:10,731][root][INFO] - Epoch: 548 | Loss: 0.0015 | Val - MRR: 0.3574, MR:  161.40, H@1: 0.269, H@3: 0.389, H@10: 0.536 | 
[2026-03-12 21:38:39,512][root][INFO] - Epoch: 549 | Loss: 0.0015 | Val - MRR: 0.3573, MR:  161.15, H@1: 0.268, H@3: 0.389, H@10: 0.536 | 
[2026-03-12 21:40:09,821][root][INFO] - Epoch: 550 | Loss: 0.0015 | Val - MRR: 0.3573, MR:  161.24, H@1: 0.268, H@3: 0.389, H@10: 0.535 | 
[2026-03-12 21:41:39,679][root][INFO] - Epoch: 551 | Loss: 0.0015 | Val - MRR: 0.3574, MR:  161.79, H@1: 0.268, H@3: 0.389, H@10: 0.536 | 
[2026-03-12 21:43:12,210][root][INFO] - Epoch: 552 | Loss: 0.0015 | Val - MRR: 0.3569, MR:  161.09, H@1: 0.268, H@3: 0.390, H@10: 0.536 | 
[2026-03-12 21:44:43,239][root][INFO] - Epoch: 553 | Loss: 0.0015 | Val - MRR: 0.3571, MR:  162.12, H@1: 0.268, H@3: 0.390, H@10: 0.536 | 
[2026-03-12 21:46:12,733][root][INFO] - Epoch: 554 | Loss: 0.0015 | Val - MRR: 0.3569, MR:  161.87, H@1: 0.268, H@3: 0.389, H@10: 0.536 | 
[2026-03-12 21:47:44,221][root][INFO] - Epoch: 555 | Loss: 0.0015 | Val - MRR: 0.3570, MR:  161.45, H@1: 0.268, H@3: 0.389, H@10: 0.536 | 
[2026-03-12 21:49:15,281][root][INFO] - Epoch: 556 | Loss: 0.0015 | Val - MRR: 0.3573, MR:  160.75, H@1: 0.269, H@3: 0.389, H@10: 0.536 | 
[2026-03-12 21:50:47,160][root][INFO] - Epoch: 557 | Loss: 0.0015 | Val - MRR: 0.3572, MR:  161.36, H@1: 0.269, H@3: 0.389, H@10: 0.536 | 
[2026-03-12 21:52:18,267][root][INFO] - Epoch: 558 | Loss: 0.0015 | Val - MRR: 0.3571, MR:  161.18, H@1: 0.268, H@3: 0.388, H@10: 0.536 | 
[2026-03-12 21:53:48,507][root][INFO] - Epoch: 559 | Loss: 0.0015 | Val - MRR: 0.3571, MR:  161.19, H@1: 0.268, H@3: 0.388, H@10: 0.536 | 
[2026-03-12 21:55:19,729][root][INFO] - Epoch: 560 | Loss: 0.0015 | Val - MRR: 0.3572, MR:  160.64, H@1: 0.268, H@3: 0.389, H@10: 0.535 | 
[2026-03-12 21:56:49,693][root][INFO] - Epoch: 561 | Loss: 0.0015 | Val - MRR: 0.3573, MR:  161.29, H@1: 0.268, H@3: 0.389, H@10: 0.536 | 
[2026-03-12 21:58:20,369][root][INFO] - Epoch: 562 | Loss: 0.0015 | Val - MRR: 0.3574, MR:  160.99, H@1: 0.269, H@3: 0.389, H@10: 0.535 | 
[2026-03-12 21:59:51,078][root][INFO] - Epoch: 563 | Loss: 0.0015 | Val - MRR: 0.3572, MR:  160.77, H@1: 0.268, H@3: 0.389, H@10: 0.535 | 
[2026-03-12 22:01:20,836][root][INFO] - Epoch: 564 | Loss: 0.0015 | Val - MRR: 0.3572, MR:  160.54, H@1: 0.268, H@3: 0.389, H@10: 0.536 | 
[2026-03-12 22:02:52,486][root][INFO] - Epoch: 565 | Loss: 0.0015 | Val - MRR: 0.3573, MR:  160.89, H@1: 0.269, H@3: 0.389, H@10: 0.536 | 
[2026-03-12 22:04:24,952][root][INFO] - Epoch: 566 | Loss: 0.0015 | Val - MRR: 0.3572, MR:  161.36, H@1: 0.268, H@3: 0.389, H@10: 0.536 | 
[2026-03-12 22:05:55,305][root][INFO] - Epoch: 567 | Loss: 0.0015 | Val - MRR: 0.3573, MR:  160.22, H@1: 0.269, H@3: 0.390, H@10: 0.536 | 
[2026-03-12 22:07:25,245][root][INFO] - Epoch: 568 | Loss: 0.0015 | Val - MRR: 0.3574, MR:  160.61, H@1: 0.269, H@3: 0.389, H@10: 0.536 | 
[2026-03-12 22:08:56,721][root][INFO] - Epoch: 569 | Loss: 0.0015 | Val - MRR: 0.3574, MR:  161.09, H@1: 0.269, H@3: 0.389, H@10: 0.536 | 
[2026-03-12 22:10:26,827][root][INFO] - Epoch: 570 | Loss: 0.0015 | Val - MRR: 0.3572, MR:  161.03, H@1: 0.268, H@3: 0.389, H@10: 0.536 | 
[2026-03-12 22:12:15,458][root][INFO] - Epoch: 571 | Loss: 0.0015 | Val - MRR: 0.3575, MR:  160.82, H@1: 0.269, H@3: 0.389, H@10: 0.536 | Test - MRR: 0.3516 | *
[2026-03-12 22:13:46,639][root][INFO] - Epoch: 572 | Loss: 0.0015 | Val - MRR: 0.3575, MR:  160.60, H@1: 0.269, H@3: 0.389, H@10: 0.536 | 
[2026-03-12 22:15:16,309][root][INFO] - Epoch: 573 | Loss: 0.0015 | Val - MRR: 0.3575, MR:  161.32, H@1: 0.269, H@3: 0.389, H@10: 0.536 | 
[2026-03-12 22:16:47,800][root][INFO] - Epoch: 574 | Loss: 0.0015 | Val - MRR: 0.3575, MR:  160.91, H@1: 0.269, H@3: 0.389, H@10: 0.536 | 
[2026-03-12 22:18:18,447][root][INFO] - Epoch: 575 | Loss: 0.0015 | Val - MRR: 0.3574, MR:  160.77, H@1: 0.269, H@3: 0.389, H@10: 0.536 | 
[2026-03-12 22:19:49,097][root][INFO] - Epoch: 576 | Loss: 0.0015 | Val - MRR: 0.3574, MR:  160.81, H@1: 0.269, H@3: 0.389, H@10: 0.536 | 
[2026-03-12 22:21:20,485][root][INFO] - Epoch: 577 | Loss: 0.0015 | Val - MRR: 0.3575, MR:  160.90, H@1: 0.269, H@3: 0.389, H@10: 0.536 | 
[2026-03-12 22:23:07,565][root][INFO] - Epoch: 578 | Loss: 0.0015 | Val - MRR: 0.3576, MR:  161.05, H@1: 0.269, H@3: 0.389, H@10: 0.536 | Test - MRR: 0.3516 | *
[2026-03-12 22:24:38,498][root][INFO] - Epoch: 579 | Loss: 0.0015 | Val - MRR: 0.3574, MR:  160.63, H@1: 0.269, H@3: 0.389, H@10: 0.536 | 
[2026-03-12 22:26:26,499][root][INFO] - Epoch: 580 | Loss: 0.0015 | Val - MRR: 0.3576, MR:  160.44, H@1: 0.269, H@3: 0.389, H@10: 0.536 | Test - MRR: 0.3517 | *
[2026-03-12 22:27:57,691][root][INFO] - Epoch: 581 | Loss: 0.0015 | Val - MRR: 0.3573, MR:  160.61, H@1: 0.269, H@3: 0.388, H@10: 0.536 | 
[2026-03-12 22:29:27,194][root][INFO] - Epoch: 582 | Loss: 0.0015 | Val - MRR: 0.3572, MR:  161.66, H@1: 0.268, H@3: 0.388, H@10: 0.536 | 
[2026-03-12 22:30:59,237][root][INFO] - Epoch: 583 | Loss: 0.0015 | Val - MRR: 0.3573, MR:  161.30, H@1: 0.269, H@3: 0.389, H@10: 0.536 | 
[2026-03-12 22:32:28,982][root][INFO] - Epoch: 584 | Loss: 0.0015 | Val - MRR: 0.3572, MR:  161.14, H@1: 0.268, H@3: 0.389, H@10: 0.536 | 
[2026-03-12 22:33:58,752][root][INFO] - Epoch: 585 | Loss: 0.0015 | Val - MRR: 0.3572, MR:  161.71, H@1: 0.269, H@3: 0.388, H@10: 0.536 | 
[2026-03-12 22:35:29,509][root][INFO] - Epoch: 586 | Loss: 0.0015 | Val - MRR: 0.3572, MR:  161.78, H@1: 0.269, H@3: 0.388, H@10: 0.536 | 
[2026-03-12 22:36:58,143][root][INFO] - Epoch: 587 | Loss: 0.0015 | Val - MRR: 0.3573, MR:  161.06, H@1: 0.269, H@3: 0.388, H@10: 0.536 | 
[2026-03-12 22:38:30,536][root][INFO] - Epoch: 588 | Loss: 0.0015 | Val - MRR: 0.3575, MR:  160.85, H@1: 0.269, H@3: 0.389, H@10: 0.536 | 
[2026-03-12 22:40:01,510][root][INFO] - Epoch: 589 | Loss: 0.0015 | Val - MRR: 0.3575, MR:  161.34, H@1: 0.269, H@3: 0.389, H@10: 0.536 | 
[2026-03-12 22:41:31,889][root][INFO] - Epoch: 590 | Loss: 0.0015 | Val - MRR: 0.3575, MR:  161.51, H@1: 0.269, H@3: 0.388, H@10: 0.536 | 
[2026-03-12 22:43:19,821][root][INFO] - Epoch: 591 | Loss: 0.0015 | Val - MRR: 0.3578, MR:  161.32, H@1: 0.269, H@3: 0.389, H@10: 0.536 | Test - MRR: 0.3516 | *
[2026-03-12 22:44:50,643][root][INFO] - Epoch: 592 | Loss: 0.0015 | Val - MRR: 0.3573, MR:  161.69, H@1: 0.269, H@3: 0.389, H@10: 0.536 | 
[2026-03-12 22:46:22,566][root][INFO] - Epoch: 593 | Loss: 0.0015 | Val - MRR: 0.3574, MR:  161.21, H@1: 0.269, H@3: 0.389, H@10: 0.536 | 
[2026-03-12 22:47:54,400][root][INFO] - Epoch: 594 | Loss: 0.0015 | Val - MRR: 0.3576, MR:  160.48, H@1: 0.269, H@3: 0.389, H@10: 0.536 | 
[2026-03-12 22:49:25,298][root][INFO] - Epoch: 595 | Loss: 0.0015 | Val - MRR: 0.3575, MR:  161.12, H@1: 0.269, H@3: 0.389, H@10: 0.536 | 
[2026-03-12 22:50:53,835][root][INFO] - Epoch: 596 | Loss: 0.0015 | Val - MRR: 0.3574, MR:  161.52, H@1: 0.269, H@3: 0.389, H@10: 0.536 | 
[2026-03-12 22:52:24,458][root][INFO] - Epoch: 597 | Loss: 0.0015 | Val - MRR: 0.3575, MR:  160.86, H@1: 0.269, H@3: 0.389, H@10: 0.536 | 
[2026-03-12 22:53:54,881][root][INFO] - Epoch: 598 | Loss: 0.0015 | Val - MRR: 0.3571, MR:  160.91, H@1: 0.268, H@3: 0.389, H@10: 0.536 | 
[2026-03-12 22:55:26,033][root][INFO] - Epoch: 599 | Loss: 0.0015 | Val - MRR: 0.3573, MR:  160.91, H@1: 0.269, H@3: 0.389, H@10: 0.536 | 
[2026-03-12 22:55:26,034][root][INFO] - Training end...
[2026-03-12 22:55:26,034][root][INFO] - Train metrics ...
[2026-03-12 22:56:28,841][root][INFO] - Train (head) - MRR: 0.4706, MR:   26.80, H@1: 0.339, H@3: 0.543, H@10: 0.722
[2026-03-12 22:56:28,842][root][INFO] - Train (tail) - MRR: 0.5778, MR:   17.76, H@1: 0.455, H@3: 0.652, H@10: 0.809
[2026-03-12 22:56:28,842][root][INFO] - Train (avg) - MRR: 0.5242, MR:   22.28, H@1: 0.397, H@3: 0.598, H@10: 0.766

[2026-03-12 22:56:28,842][root][INFO] - Valid metrics ...
[2026-03-12 22:56:44,224][root][INFO] - Valid (head) - MRR: 0.2562, MR:  213.69, H@1: 0.171, H@3: 0.279, H@10: 0.429
[2026-03-12 22:56:44,224][root][INFO] - Valid (tail) - MRR: 0.4584, MR:  108.13, H@1: 0.366, H@3: 0.498, H@10: 0.643
[2026-03-12 22:56:44,225][root][INFO] - Valid (avg) - MRR: 0.3573, MR:  160.91, H@1: 0.269, H@3: 0.389, H@10: 0.536

[2026-03-12 22:56:44,225][root][INFO] - Test metrics...
[2026-03-12 22:57:01,306][root][INFO] - Test (head) - MRR: 0.2531, MR:  218.99, H@1: 0.167, H@3: 0.276, H@10: 0.427
[2026-03-12 22:57:01,306][root][INFO] - Test (tail) - MRR: 0.4498, MR:  123.14, H@1: 0.355, H@3: 0.493, H@10: 0.639
[2026-03-12 22:57:01,306][root][INFO] - Test (avg) - MRR: 0.3515, MR:  171.07, H@1: 0.261, H@3: 0.384, H@10: 0.533

[2026-03-12 22:57:01,307][root][INFO] - Model save path: /home/wangwei/DSGNet-main/DSGNet/data/output/FB15k_237/2026-03-12/06-44-34
