[2026-03-23 06:29:55,773][root][INFO] - 
------Config------
 {'dataset': 'FB15k_237', 'epoch': 600, 'batch_size': 1024, 'learning_rate': 0.00035, 'h_dim': 480, 'pred_rel_w': False, 'label_smooth': 0.1, 'n_heads': 8, 'topk': 20, 'kg_layer': 2, 'rm_rate': 0.5, 'ent_drop': 0.3, 'rel_drop': 0.2, 'comp_op': 'mul', 'bn': False, 'k_h': 16, 'k_w': 30, 'conv_drop': 0.3, 'ent_drop_pred': 0.3, 'fc_drop': 0.5, 'ker_sz': 8, 'out_channel': 200, 'device': 1, 'max_no_improve': 35, 'cpu_worker_num': 10, 'warmup_epoch': 5}
[2026-03-23 06:29:55,773][root][INFO] - Code dir path: /home/wangwei/DSGNet-main/DSGNet/code_new
[2026-03-23 06:29:55,773][root][INFO] - Config dir path: /home/wangwei/DSGNet-main/DSGNet/config
[2026-03-23 06:29:55,773][root][INFO] - Model save path: /home/wangwei/DSGNet-main/DSGNet/data/output/FB15k_237/2026-03-23/06-29-55
[2026-03-23 06:29:59,757][root][INFO] - kg # node: 14541
[2026-03-23 06:29:59,758][root][INFO] - kg # edge: 544230
[2026-03-23 06:29:59,758][root][INFO] - kg # zero deg node: 36
[2026-03-23 06:29:59,758][root][INFO] - ---Load Train Data---
[2026-03-23 06:30:02,284][root][INFO] - -----Model Parameter Configuration-----
[2026-03-23 06:30:02,284][root][INFO] - Parameter ent_emb: torch.Size([14541, 480]), require_grad = True
[2026-03-23 06:30:02,284][root][INFO] - Parameter pred_rel_emb: torch.Size([474, 480]), require_grad = True
[2026-03-23 06:30:02,284][root][INFO] - Parameter W_fuse: torch.Size([480, 480]), require_grad = True
[2026-03-23 06:30:02,284][root][INFO] - Parameter a_fuse: torch.Size([960, 1]), require_grad = True
[2026-03-23 06:30:02,284][root][INFO] - Parameter rel_embs.0: torch.Size([474, 480]), require_grad = True
[2026-03-23 06:30:02,285][root][INFO] - Parameter rel_embs.1: torch.Size([474, 480]), require_grad = True
[2026-03-23 06:30:02,285][root][INFO] - Parameter predictor.bn0.weight: torch.Size([1]), require_grad = True
[2026-03-23 06:30:02,285][root][INFO] - Parameter predictor.bn0.bias: torch.Size([1]), require_grad = True
[2026-03-23 06:30:02,285][root][INFO] - Parameter predictor.bn1.weight: torch.Size([200]), require_grad = True
[2026-03-23 06:30:02,285][root][INFO] - Parameter predictor.bn1.bias: torch.Size([200]), require_grad = True
[2026-03-23 06:30:02,285][root][INFO] - Parameter predictor.bn2.weight: torch.Size([480]), require_grad = True
[2026-03-23 06:30:02,285][root][INFO] - Parameter predictor.bn2.bias: torch.Size([480]), require_grad = True
[2026-03-23 06:30:02,285][root][INFO] - Parameter predictor.conv.weight: torch.Size([200, 1, 8, 8]), require_grad = True
[2026-03-23 06:30:02,285][root][INFO] - Parameter predictor.fc.weight: torch.Size([480, 115000]), require_grad = True
[2026-03-23 06:30:02,285][root][INFO] - Parameter L.weight: torch.Size([480, 480]), require_grad = True
[2026-03-23 06:30:02,285][root][INFO] - Parameter L.bias: torch.Size([480]), require_grad = True
[2026-03-23 06:30:02,285][root][INFO] - Parameter S.weight: torch.Size([480, 480]), require_grad = True
[2026-03-23 06:30:02,285][root][INFO] - Parameter S.bias: torch.Size([480]), require_grad = True
[2026-03-23 06:30:02,285][root][INFO] - Parameter comp_layers.0.neigh_w: torch.Size([480, 480]), require_grad = True
[2026-03-23 06:30:02,285][root][INFO] - Parameter comp_layers.0.W.0: torch.Size([480, 60]), require_grad = True
[2026-03-23 06:30:02,285][root][INFO] - Parameter comp_layers.0.W.1: torch.Size([480, 60]), require_grad = True
[2026-03-23 06:30:02,285][root][INFO] - Parameter comp_layers.0.W.2: torch.Size([480, 60]), require_grad = True
[2026-03-23 06:30:02,285][root][INFO] - Parameter comp_layers.0.W.3: torch.Size([480, 60]), require_grad = True
[2026-03-23 06:30:02,285][root][INFO] - Parameter comp_layers.0.W.4: torch.Size([480, 60]), require_grad = True
[2026-03-23 06:30:02,285][root][INFO] - Parameter comp_layers.0.W.5: torch.Size([480, 60]), require_grad = True
[2026-03-23 06:30:02,285][root][INFO] - Parameter comp_layers.0.W.6: torch.Size([480, 60]), require_grad = True
[2026-03-23 06:30:02,285][root][INFO] - Parameter comp_layers.0.W.7: torch.Size([480, 60]), require_grad = True
[2026-03-23 06:30:02,285][root][INFO] - Parameter comp_layers.0.W_r.0: torch.Size([480, 60]), require_grad = True
[2026-03-23 06:30:02,285][root][INFO] - Parameter comp_layers.0.W_r.1: torch.Size([480, 60]), require_grad = True
[2026-03-23 06:30:02,286][root][INFO] - Parameter comp_layers.0.W_r.2: torch.Size([480, 60]), require_grad = True
[2026-03-23 06:30:02,286][root][INFO] - Parameter comp_layers.0.W_r.3: torch.Size([480, 60]), require_grad = True
[2026-03-23 06:30:02,286][root][INFO] - Parameter comp_layers.0.W_r.4: torch.Size([480, 60]), require_grad = True
[2026-03-23 06:30:02,286][root][INFO] - Parameter comp_layers.0.W_r.5: torch.Size([480, 60]), require_grad = True
[2026-03-23 06:30:02,286][root][INFO] - Parameter comp_layers.0.W_r.6: torch.Size([480, 60]), require_grad = True
[2026-03-23 06:30:02,286][root][INFO] - Parameter comp_layers.0.W_r.7: torch.Size([480, 60]), require_grad = True
[2026-03-23 06:30:02,286][root][INFO] - Parameter comp_layers.0.a.0: torch.Size([180, 1]), require_grad = True
[2026-03-23 06:30:02,286][root][INFO] - Parameter comp_layers.0.a.1: torch.Size([180, 1]), require_grad = True
[2026-03-23 06:30:02,286][root][INFO] - Parameter comp_layers.0.a.2: torch.Size([180, 1]), require_grad = True
[2026-03-23 06:30:02,286][root][INFO] - Parameter comp_layers.0.a.3: torch.Size([180, 1]), require_grad = True
[2026-03-23 06:30:02,286][root][INFO] - Parameter comp_layers.0.a.4: torch.Size([180, 1]), require_grad = True
[2026-03-23 06:30:02,286][root][INFO] - Parameter comp_layers.0.a.5: torch.Size([180, 1]), require_grad = True
[2026-03-23 06:30:02,286][root][INFO] - Parameter comp_layers.0.a.6: torch.Size([180, 1]), require_grad = True
[2026-03-23 06:30:02,286][root][INFO] - Parameter comp_layers.0.a.7: torch.Size([180, 1]), require_grad = True
[2026-03-23 06:30:02,286][root][INFO] - Parameter comp_layers.1.neigh_w: torch.Size([480, 480]), require_grad = True
[2026-03-23 06:30:02,286][root][INFO] - Parameter comp_layers.1.W.0: torch.Size([480, 60]), require_grad = True
[2026-03-23 06:30:02,286][root][INFO] - Parameter comp_layers.1.W.1: torch.Size([480, 60]), require_grad = True
[2026-03-23 06:30:02,286][root][INFO] - Parameter comp_layers.1.W.2: torch.Size([480, 60]), require_grad = True
[2026-03-23 06:30:02,286][root][INFO] - Parameter comp_layers.1.W.3: torch.Size([480, 60]), require_grad = True
[2026-03-23 06:30:02,286][root][INFO] - Parameter comp_layers.1.W.4: torch.Size([480, 60]), require_grad = True
[2026-03-23 06:30:02,286][root][INFO] - Parameter comp_layers.1.W.5: torch.Size([480, 60]), require_grad = True
[2026-03-23 06:30:02,286][root][INFO] - Parameter comp_layers.1.W.6: torch.Size([480, 60]), require_grad = True
[2026-03-23 06:30:02,286][root][INFO] - Parameter comp_layers.1.W.7: torch.Size([480, 60]), require_grad = True
[2026-03-23 06:30:02,286][root][INFO] - Parameter comp_layers.1.W_r.0: torch.Size([480, 60]), require_grad = True
[2026-03-23 06:30:02,286][root][INFO] - Parameter comp_layers.1.W_r.1: torch.Size([480, 60]), require_grad = True
[2026-03-23 06:30:02,286][root][INFO] - Parameter comp_layers.1.W_r.2: torch.Size([480, 60]), require_grad = True
[2026-03-23 06:30:02,286][root][INFO] - Parameter comp_layers.1.W_r.3: torch.Size([480, 60]), require_grad = True
[2026-03-23 06:30:02,286][root][INFO] - Parameter comp_layers.1.W_r.4: torch.Size([480, 60]), require_grad = True
[2026-03-23 06:30:02,287][root][INFO] - Parameter comp_layers.1.W_r.5: torch.Size([480, 60]), require_grad = True
[2026-03-23 06:30:02,287][root][INFO] - Parameter comp_layers.1.W_r.6: torch.Size([480, 60]), require_grad = True
[2026-03-23 06:30:02,287][root][INFO] - Parameter comp_layers.1.W_r.7: torch.Size([480, 60]), require_grad = True
[2026-03-23 06:30:02,287][root][INFO] - Parameter comp_layers.1.a.0: torch.Size([180, 1]), require_grad = True
[2026-03-23 06:30:02,287][root][INFO] - Parameter comp_layers.1.a.1: torch.Size([180, 1]), require_grad = True
[2026-03-23 06:30:02,287][root][INFO] - Parameter comp_layers.1.a.2: torch.Size([180, 1]), require_grad = True
[2026-03-23 06:30:02,287][root][INFO] - Parameter comp_layers.1.a.3: torch.Size([180, 1]), require_grad = True
[2026-03-23 06:30:02,287][root][INFO] - Parameter comp_layers.1.a.4: torch.Size([180, 1]), require_grad = True
[2026-03-23 06:30:02,287][root][INFO] - Parameter comp_layers.1.a.5: torch.Size([180, 1]), require_grad = True
[2026-03-23 06:30:02,287][root][INFO] - Parameter comp_layers.1.a.6: torch.Size([180, 1]), require_grad = True
[2026-03-23 06:30:02,287][root][INFO] - Parameter comp_layers.1.a.7: torch.Size([180, 1]), require_grad = True
[2026-03-23 06:30:03,214][root][INFO] - Training... total epoch: 600, step: 88200
[2026-03-23 06:33:10,050][root][INFO] - Epoch:   0 | Loss: 0.4612 | Val - MRR: 0.0016, MR: 6359.91, H@1: 0.000, H@3: 0.000, H@10: 0.000 | Test - MRR: 0.0016 | *
[2026-03-23 06:36:15,298][root][INFO] - Epoch:   1 | Loss: 0.0055 | Val - MRR: 0.0048, MR: 5426.13, H@1: 0.000, H@3: 0.004, H@10: 0.010 | Test - MRR: 0.0049 | *
[2026-03-23 06:39:21,247][root][INFO] - Epoch:   2 | Loss: 0.0034 | Val - MRR: 0.0454, MR: 3926.89, H@1: 0.034, H@3: 0.048, H@10: 0.056 | Test - MRR: 0.0448 | *
[2026-03-23 06:42:26,027][root][INFO] - Epoch:   3 | Loss: 0.0032 | Val - MRR: 0.0857, MR: 2789.86, H@1: 0.072, H@3: 0.087, H@10: 0.102 | Test - MRR: 0.0842 | *
[2026-03-23 06:45:29,106][root][INFO] - Epoch:   4 | Loss: 0.0031 | Val - MRR: 0.1122, MR: 2169.35, H@1: 0.088, H@3: 0.116, H@10: 0.153 | Test - MRR: 0.1106 | *
[2026-03-23 06:48:35,565][root][INFO] - Epoch:   5 | Loss: 0.0030 | Val - MRR: 0.1320, MR: 1826.63, H@1: 0.100, H@3: 0.137, H@10: 0.193 | Test - MRR: 0.1312 | *
[2026-03-23 06:51:37,694][root][INFO] - Epoch:   6 | Loss: 0.0028 | Val - MRR: 0.1570, MR: 1488.76, H@1: 0.117, H@3: 0.168, H@10: 0.234 | Test - MRR: 0.1553 | *
[2026-03-23 06:54:40,633][root][INFO] - Epoch:   7 | Loss: 0.0028 | Val - MRR: 0.1705, MR: 1292.33, H@1: 0.127, H@3: 0.183, H@10: 0.254 | Test - MRR: 0.1678 | *
[2026-03-23 06:57:44,952][root][INFO] - Epoch:   8 | Loss: 0.0027 | Val - MRR: 0.1762, MR: 1119.44, H@1: 0.129, H@3: 0.188, H@10: 0.270 | Test - MRR: 0.1738 | *
[2026-03-23 07:00:48,675][root][INFO] - Epoch:   9 | Loss: 0.0027 | Val - MRR: 0.1854, MR: 1001.78, H@1: 0.135, H@3: 0.199, H@10: 0.284 | Test - MRR: 0.1831 | *
[2026-03-23 07:03:51,081][root][INFO] - Epoch:  10 | Loss: 0.0026 | Val - MRR: 0.1883, MR:  874.71, H@1: 0.135, H@3: 0.204, H@10: 0.290 | Test - MRR: 0.1866 | *
[2026-03-23 07:06:52,219][root][INFO] - Epoch:  11 | Loss: 0.0025 | Val - MRR: 0.1951, MR:  803.19, H@1: 0.142, H@3: 0.209, H@10: 0.297 | Test - MRR: 0.1931 | *
[2026-03-23 07:09:57,222][root][INFO] - Epoch:  12 | Loss: 0.0025 | Val - MRR: 0.1997, MR:  728.15, H@1: 0.146, H@3: 0.213, H@10: 0.307 | Test - MRR: 0.1979 | *
[2026-03-23 07:13:00,474][root][INFO] - Epoch:  13 | Loss: 0.0024 | Val - MRR: 0.2044, MR:  661.68, H@1: 0.149, H@3: 0.219, H@10: 0.313 | Test - MRR: 0.2029 | *
[2026-03-23 07:16:03,320][root][INFO] - Epoch:  14 | Loss: 0.0025 | Val - MRR: 0.2091, MR:  625.63, H@1: 0.151, H@3: 0.225, H@10: 0.321 | Test - MRR: 0.2065 | *
[2026-03-23 07:19:08,988][root][INFO] - Epoch:  15 | Loss: 0.0023 | Val - MRR: 0.2103, MR:  596.53, H@1: 0.152, H@3: 0.226, H@10: 0.323 | Test - MRR: 0.2084 | *
[2026-03-23 07:22:12,283][root][INFO] - Epoch:  16 | Loss: 0.0023 | Val - MRR: 0.2126, MR:  569.62, H@1: 0.154, H@3: 0.229, H@10: 0.328 | Test - MRR: 0.2119 | *
[2026-03-23 07:25:16,544][root][INFO] - Epoch:  17 | Loss: 0.0023 | Val - MRR: 0.2160, MR:  540.16, H@1: 0.156, H@3: 0.233, H@10: 0.332 | Test - MRR: 0.2151 | *
[2026-03-23 07:28:16,874][root][INFO] - Epoch:  18 | Loss: 0.0023 | Val - MRR: 0.2181, MR:  515.89, H@1: 0.158, H@3: 0.235, H@10: 0.336 | Test - MRR: 0.2162 | *
[2026-03-23 07:31:19,797][root][INFO] - Epoch:  19 | Loss: 0.0023 | Val - MRR: 0.2200, MR:  499.38, H@1: 0.159, H@3: 0.238, H@10: 0.339 | Test - MRR: 0.2192 | *
[2026-03-23 07:34:21,840][root][INFO] - Epoch:  20 | Loss: 0.0023 | Val - MRR: 0.2204, MR:  489.35, H@1: 0.159, H@3: 0.238, H@10: 0.339 | Test - MRR: 0.2199 | *
[2026-03-23 07:37:25,040][root][INFO] - Epoch:  21 | Loss: 0.0022 | Val - MRR: 0.2237, MR:  476.15, H@1: 0.162, H@3: 0.240, H@10: 0.343 | Test - MRR: 0.2219 | *
[2026-03-23 07:40:26,634][root][INFO] - Epoch:  22 | Loss: 0.0022 | Val - MRR: 0.2260, MR:  460.99, H@1: 0.164, H@3: 0.245, H@10: 0.347 | Test - MRR: 0.2240 | *
[2026-03-23 07:43:28,821][root][INFO] - Epoch:  23 | Loss: 0.0023 | Val - MRR: 0.2275, MR:  449.72, H@1: 0.165, H@3: 0.246, H@10: 0.351 | Test - MRR: 0.2257 | *
[2026-03-23 07:46:31,096][root][INFO] - Epoch:  24 | Loss: 0.0022 | Val - MRR: 0.2289, MR:  436.19, H@1: 0.165, H@3: 0.247, H@10: 0.353 | Test - MRR: 0.2276 | *
[2026-03-23 07:49:33,331][root][INFO] - Epoch:  25 | Loss: 0.0021 | Val - MRR: 0.2310, MR:  429.33, H@1: 0.167, H@3: 0.250, H@10: 0.354 | Test - MRR: 0.2307 | *
[2026-03-23 07:52:35,222][root][INFO] - Epoch:  26 | Loss: 0.0022 | Val - MRR: 0.2334, MR:  414.74, H@1: 0.169, H@3: 0.252, H@10: 0.357 | Test - MRR: 0.2320 | *
[2026-03-23 07:55:38,567][root][INFO] - Epoch:  27 | Loss: 0.0021 | Val - MRR: 0.2343, MR:  406.97, H@1: 0.170, H@3: 0.252, H@10: 0.359 | Test - MRR: 0.2328 | *
[2026-03-23 07:58:39,045][root][INFO] - Epoch:  28 | Loss: 0.0021 | Val - MRR: 0.2357, MR:  398.33, H@1: 0.170, H@3: 0.255, H@10: 0.361 | Test - MRR: 0.2352 | *
[2026-03-23 08:01:39,602][root][INFO] - Epoch:  29 | Loss: 0.0021 | Val - MRR: 0.2373, MR:  398.55, H@1: 0.172, H@3: 0.257, H@10: 0.363 | Test - MRR: 0.2360 | *
[2026-03-23 08:04:38,331][root][INFO] - Epoch:  30 | Loss: 0.0021 | Val - MRR: 0.2380, MR:  392.08, H@1: 0.172, H@3: 0.257, H@10: 0.366 | Test - MRR: 0.2371 | *
[2026-03-23 08:07:38,285][root][INFO] - Epoch:  31 | Loss: 0.0021 | Val - MRR: 0.2406, MR:  377.62, H@1: 0.174, H@3: 0.260, H@10: 0.370 | Test - MRR: 0.2391 | *
[2026-03-23 08:10:21,857][root][INFO] - Epoch:  32 | Loss: 0.0021 | Val - MRR: 0.2406, MR:  375.64, H@1: 0.174, H@3: 0.261, H@10: 0.369 | 
[2026-03-23 08:13:24,331][root][INFO] - Epoch:  33 | Loss: 0.0022 | Val - MRR: 0.2455, MR:  364.70, H@1: 0.179, H@3: 0.266, H@10: 0.373 | Test - MRR: 0.2436 | *
[2026-03-23 08:16:23,667][root][INFO] - Epoch:  34 | Loss: 0.0021 | Val - MRR: 0.2463, MR:  356.69, H@1: 0.179, H@3: 0.268, H@10: 0.374 | Test - MRR: 0.2447 | *
[2026-03-23 08:19:24,613][root][INFO] - Epoch:  35 | Loss: 0.0020 | Val - MRR: 0.2481, MR:  356.62, H@1: 0.181, H@3: 0.269, H@10: 0.376 | Test - MRR: 0.2464 | *
[2026-03-23 08:22:24,712][root][INFO] - Epoch:  36 | Loss: 0.0021 | Val - MRR: 0.2500, MR:  352.08, H@1: 0.183, H@3: 0.272, H@10: 0.379 | Test - MRR: 0.2481 | *
[2026-03-23 08:25:25,612][root][INFO] - Epoch:  37 | Loss: 0.0020 | Val - MRR: 0.2509, MR:  337.00, H@1: 0.182, H@3: 0.273, H@10: 0.382 | Test - MRR: 0.2494 | *
[2026-03-23 08:28:25,608][root][INFO] - Epoch:  38 | Loss: 0.0020 | Val - MRR: 0.2519, MR:  332.03, H@1: 0.182, H@3: 0.275, H@10: 0.385 | Test - MRR: 0.2506 | *
[2026-03-23 08:31:26,182][root][INFO] - Epoch:  39 | Loss: 0.0020 | Val - MRR: 0.2541, MR:  328.14, H@1: 0.185, H@3: 0.277, H@10: 0.387 | Test - MRR: 0.2519 | *
[2026-03-23 08:34:27,216][root][INFO] - Epoch:  40 | Loss: 0.0020 | Val - MRR: 0.2549, MR:  326.41, H@1: 0.184, H@3: 0.278, H@10: 0.390 | Test - MRR: 0.2535 | *
[2026-03-23 08:37:25,043][root][INFO] - Epoch:  41 | Loss: 0.0020 | Val - MRR: 0.2575, MR:  319.43, H@1: 0.187, H@3: 0.280, H@10: 0.392 | Test - MRR: 0.2556 | *
[2026-03-23 08:40:24,910][root][INFO] - Epoch:  42 | Loss: 0.0020 | Val - MRR: 0.2604, MR:  317.78, H@1: 0.190, H@3: 0.284, H@10: 0.395 | Test - MRR: 0.2578 | *
[2026-03-23 08:43:25,049][root][INFO] - Epoch:  43 | Loss: 0.0020 | Val - MRR: 0.2618, MR:  312.78, H@1: 0.191, H@3: 0.286, H@10: 0.395 | Test - MRR: 0.2584 | *
[2026-03-23 08:46:26,181][root][INFO] - Epoch:  44 | Loss: 0.0020 | Val - MRR: 0.2632, MR:  310.53, H@1: 0.192, H@3: 0.286, H@10: 0.399 | Test - MRR: 0.2601 | *
[2026-03-23 08:49:23,205][root][INFO] - Epoch:  45 | Loss: 0.0020 | Val - MRR: 0.2655, MR:  308.66, H@1: 0.194, H@3: 0.290, H@10: 0.401 | Test - MRR: 0.2630 | *
[2026-03-23 08:52:22,987][root][INFO] - Epoch:  46 | Loss: 0.0019 | Val - MRR: 0.2658, MR:  316.77, H@1: 0.194, H@3: 0.289, H@10: 0.404 | Test - MRR: 0.2631 | *
[2026-03-23 08:55:20,633][root][INFO] - Epoch:  47 | Loss: 0.0020 | Val - MRR: 0.2659, MR:  301.51, H@1: 0.194, H@3: 0.290, H@10: 0.404 | Test - MRR: 0.2631 | *
[2026-03-23 08:58:20,486][root][INFO] - Epoch:  48 | Loss: 0.0019 | Val - MRR: 0.2684, MR:  294.61, H@1: 0.195, H@3: 0.293, H@10: 0.408 | Test - MRR: 0.2660 | *
[2026-03-23 09:01:18,674][root][INFO] - Epoch:  49 | Loss: 0.0019 | Val - MRR: 0.2699, MR:  289.15, H@1: 0.196, H@3: 0.294, H@10: 0.410 | Test - MRR: 0.2675 | *
[2026-03-23 09:04:17,967][root][INFO] - Epoch:  50 | Loss: 0.0020 | Val - MRR: 0.2729, MR:  295.44, H@1: 0.201, H@3: 0.296, H@10: 0.413 | Test - MRR: 0.2699 | *
[2026-03-23 09:07:17,584][root][INFO] - Epoch:  51 | Loss: 0.0018 | Val - MRR: 0.2747, MR:  286.79, H@1: 0.202, H@3: 0.299, H@10: 0.414 | Test - MRR: 0.2707 | *
[2026-03-23 09:10:16,336][root][INFO] - Epoch:  52 | Loss: 0.0019 | Val - MRR: 0.2758, MR:  273.49, H@1: 0.202, H@3: 0.299, H@10: 0.418 | Test - MRR: 0.2732 | *
[2026-03-23 09:13:15,146][root][INFO] - Epoch:  53 | Loss: 0.0019 | Val - MRR: 0.2764, MR:  272.97, H@1: 0.202, H@3: 0.301, H@10: 0.418 | Test - MRR: 0.2737 | *
[2026-03-23 09:16:15,489][root][INFO] - Epoch:  54 | Loss: 0.0019 | Val - MRR: 0.2777, MR:  263.77, H@1: 0.203, H@3: 0.303, H@10: 0.423 | Test - MRR: 0.2741 | *
[2026-03-23 09:19:12,435][root][INFO] - Epoch:  55 | Loss: 0.0019 | Val - MRR: 0.2798, MR:  259.41, H@1: 0.204, H@3: 0.305, H@10: 0.426 | Test - MRR: 0.2773 | *
[2026-03-23 09:22:11,261][root][INFO] - Epoch:  56 | Loss: 0.0018 | Val - MRR: 0.2814, MR:  256.48, H@1: 0.207, H@3: 0.306, H@10: 0.425 | Test - MRR: 0.2782 | *
[2026-03-23 09:25:09,360][root][INFO] - Epoch:  57 | Loss: 0.0018 | Val - MRR: 0.2845, MR:  257.46, H@1: 0.209, H@3: 0.309, H@10: 0.431 | Test - MRR: 0.2799 | *
[2026-03-23 09:27:51,459][root][INFO] - Epoch:  58 | Loss: 0.0018 | Val - MRR: 0.2835, MR:  267.97, H@1: 0.208, H@3: 0.309, H@10: 0.429 | 
[2026-03-23 09:30:51,712][root][INFO] - Epoch:  59 | Loss: 0.0018 | Val - MRR: 0.2853, MR:  251.92, H@1: 0.210, H@3: 0.309, H@10: 0.432 | Test - MRR: 0.2819 | *
[2026-03-23 09:33:51,533][root][INFO] - Epoch:  60 | Loss: 0.0018 | Val - MRR: 0.2873, MR:  245.61, H@1: 0.211, H@3: 0.313, H@10: 0.435 | Test - MRR: 0.2841 | *
[2026-03-23 09:36:56,032][root][INFO] - Epoch:  61 | Loss: 0.0018 | Val - MRR: 0.2881, MR:  247.63, H@1: 0.212, H@3: 0.312, H@10: 0.438 | Test - MRR: 0.2851 | *
[2026-03-23 09:40:00,350][root][INFO] - Epoch:  62 | Loss: 0.0018 | Val - MRR: 0.2893, MR:  233.17, H@1: 0.212, H@3: 0.315, H@10: 0.439 | Test - MRR: 0.2867 | *
[2026-03-23 09:43:00,247][root][INFO] - Epoch:  63 | Loss: 0.0018 | Val - MRR: 0.2910, MR:  230.50, H@1: 0.215, H@3: 0.315, H@10: 0.441 | Test - MRR: 0.2876 | *
[2026-03-23 09:46:01,445][root][INFO] - Epoch:  64 | Loss: 0.0018 | Val - MRR: 0.2921, MR:  232.75, H@1: 0.215, H@3: 0.318, H@10: 0.444 | Test - MRR: 0.2884 | *
[2026-03-23 09:49:04,250][root][INFO] - Epoch:  65 | Loss: 0.0017 | Val - MRR: 0.2940, MR:  231.55, H@1: 0.216, H@3: 0.321, H@10: 0.445 | Test - MRR: 0.2910 | *
[2026-03-23 09:51:49,028][root][INFO] - Epoch:  66 | Loss: 0.0018 | Val - MRR: 0.2917, MR:  229.24, H@1: 0.214, H@3: 0.318, H@10: 0.444 | 
[2026-03-23 09:54:53,771][root][INFO] - Epoch:  67 | Loss: 0.0017 | Val - MRR: 0.2948, MR:  229.71, H@1: 0.217, H@3: 0.320, H@10: 0.448 | Test - MRR: 0.2921 | *
[2026-03-23 09:57:56,946][root][INFO] - Epoch:  68 | Loss: 0.0017 | Val - MRR: 0.2966, MR:  222.87, H@1: 0.219, H@3: 0.321, H@10: 0.450 | Test - MRR: 0.2933 | *
[2026-03-23 10:00:58,664][root][INFO] - Epoch:  69 | Loss: 0.0018 | Val - MRR: 0.2971, MR:  226.53, H@1: 0.219, H@3: 0.322, H@10: 0.452 | Test - MRR: 0.2942 | *
[2026-03-23 10:04:02,055][root][INFO] - Epoch:  70 | Loss: 0.0018 | Val - MRR: 0.2993, MR:  219.04, H@1: 0.221, H@3: 0.324, H@10: 0.455 | Test - MRR: 0.2963 | *
[2026-03-23 10:07:04,958][root][INFO] - Epoch:  71 | Loss: 0.0018 | Val - MRR: 0.3006, MR:  223.28, H@1: 0.222, H@3: 0.327, H@10: 0.455 | Test - MRR: 0.2969 | *
[2026-03-23 10:10:08,171][root][INFO] - Epoch:  72 | Loss: 0.0017 | Val - MRR: 0.3014, MR:  221.54, H@1: 0.222, H@3: 0.328, H@10: 0.457 | Test - MRR: 0.2974 | *
[2026-03-23 10:13:09,195][root][INFO] - Epoch:  73 | Loss: 0.0017 | Val - MRR: 0.3027, MR:  215.41, H@1: 0.223, H@3: 0.330, H@10: 0.459 | Test - MRR: 0.3003 | *
[2026-03-23 10:16:19,124][root][INFO] - Epoch:  74 | Loss: 0.0017 | Val - MRR: 0.3043, MR:  210.70, H@1: 0.223, H@3: 0.332, H@10: 0.462 | Test - MRR: 0.3010 | *
[2026-03-23 10:19:30,727][root][INFO] - Epoch:  75 | Loss: 0.0017 | Val - MRR: 0.3040, MR:  209.72, H@1: 0.223, H@3: 0.331, H@10: 0.464 | Test - MRR: 0.3011 | *
[2026-03-23 10:22:34,143][root][INFO] - Epoch:  76 | Loss: 0.0017 | Val - MRR: 0.3054, MR:  218.25, H@1: 0.224, H@3: 0.332, H@10: 0.466 | Test - MRR: 0.3025 | *
[2026-03-23 10:25:38,718][root][INFO] - Epoch:  77 | Loss: 0.0017 | Val - MRR: 0.3054, MR:  205.84, H@1: 0.224, H@3: 0.333, H@10: 0.466 | 
[2026-03-23 10:28:58,360][root][INFO] - Epoch:  78 | Loss: 0.0017 | Val - MRR: 0.3074, MR:  205.79, H@1: 0.226, H@3: 0.336, H@10: 0.468 | Test - MRR: 0.3049 | *
[2026-03-23 10:32:04,341][root][INFO] - Epoch:  79 | Loss: 0.0017 | Val - MRR: 0.3087, MR:  199.44, H@1: 0.228, H@3: 0.334, H@10: 0.469 | Test - MRR: 0.3054 | *
[2026-03-23 10:35:01,526][root][INFO] - Epoch:  80 | Loss: 0.0017 | Val - MRR: 0.3092, MR:  195.70, H@1: 0.227, H@3: 0.336, H@10: 0.473 | Test - MRR: 0.3070 | *
[2026-03-23 10:37:59,097][root][INFO] - Epoch:  81 | Loss: 0.0017 | Val - MRR: 0.3106, MR:  200.14, H@1: 0.229, H@3: 0.337, H@10: 0.474 | Test - MRR: 0.3073 | *
[2026-03-23 10:40:58,296][root][INFO] - Epoch:  82 | Loss: 0.0017 | Val - MRR: 0.3132, MR:  196.50, H@1: 0.231, H@3: 0.340, H@10: 0.477 | Test - MRR: 0.3103 | *
[2026-03-23 10:43:38,670][root][INFO] - Epoch:  83 | Loss: 0.0016 | Val - MRR: 0.3125, MR:  197.17, H@1: 0.230, H@3: 0.341, H@10: 0.476 | 
[2026-03-23 10:46:19,807][root][INFO] - Epoch:  84 | Loss: 0.0017 | Val - MRR: 0.3117, MR:  194.34, H@1: 0.230, H@3: 0.339, H@10: 0.473 | 
[2026-03-23 10:49:16,713][root][INFO] - Epoch:  85 | Loss: 0.0017 | Val - MRR: 0.3160, MR:  194.01, H@1: 0.234, H@3: 0.342, H@10: 0.480 | Test - MRR: 0.3104 | *
[2026-03-23 10:52:14,403][root][INFO] - Epoch:  86 | Loss: 0.0017 | Val - MRR: 0.3165, MR:  201.13, H@1: 0.234, H@3: 0.344, H@10: 0.480 | Test - MRR: 0.3121 | *
[2026-03-23 10:55:13,196][root][INFO] - Epoch:  87 | Loss: 0.0017 | Val - MRR: 0.3151, MR:  197.43, H@1: 0.232, H@3: 0.343, H@10: 0.481 | Test - MRR: 0.3133 | *
[2026-03-23 10:58:09,345][root][INFO] - Epoch:  88 | Loss: 0.0016 | Val - MRR: 0.3166, MR:  197.17, H@1: 0.235, H@3: 0.342, H@10: 0.480 | Test - MRR: 0.3124 | *
[2026-03-23 11:01:08,901][root][INFO] - Epoch:  89 | Loss: 0.0016 | Val - MRR: 0.3180, MR:  194.43, H@1: 0.236, H@3: 0.346, H@10: 0.483 | Test - MRR: 0.3150 | *
[2026-03-23 11:04:06,965][root][INFO] - Epoch:  90 | Loss: 0.0016 | Val - MRR: 0.3186, MR:  195.47, H@1: 0.236, H@3: 0.345, H@10: 0.485 | Test - MRR: 0.3162 | *
[2026-03-23 11:06:48,552][root][INFO] - Epoch:  91 | Loss: 0.0016 | Val - MRR: 0.3183, MR:  189.96, H@1: 0.235, H@3: 0.346, H@10: 0.486 | 
[2026-03-23 11:09:45,387][root][INFO] - Epoch:  92 | Loss: 0.0016 | Val - MRR: 0.3205, MR:  188.69, H@1: 0.237, H@3: 0.348, H@10: 0.486 | Test - MRR: 0.3183 | *
[2026-03-23 11:12:24,721][root][INFO] - Epoch:  93 | Loss: 0.0016 | Val - MRR: 0.3202, MR:  185.91, H@1: 0.235, H@3: 0.349, H@10: 0.490 | 
[2026-03-23 11:15:20,361][root][INFO] - Epoch:  94 | Loss: 0.0016 | Val - MRR: 0.3212, MR:  185.31, H@1: 0.238, H@3: 0.348, H@10: 0.490 | Test - MRR: 0.3196 | *
[2026-03-23 11:18:18,440][root][INFO] - Epoch:  95 | Loss: 0.0016 | Val - MRR: 0.3240, MR:  188.62, H@1: 0.240, H@3: 0.351, H@10: 0.492 | Test - MRR: 0.3206 | *
[2026-03-23 11:20:57,878][root][INFO] - Epoch:  96 | Loss: 0.0016 | Val - MRR: 0.3237, MR:  185.38, H@1: 0.240, H@3: 0.351, H@10: 0.493 | 
[2026-03-23 11:23:55,686][root][INFO] - Epoch:  97 | Loss: 0.0016 | Val - MRR: 0.3236, MR:  184.09, H@1: 0.239, H@3: 0.351, H@10: 0.493 | Test - MRR: 0.3216 | *
[2026-03-23 11:26:54,433][root][INFO] - Epoch:  98 | Loss: 0.0016 | Val - MRR: 0.3254, MR:  183.42, H@1: 0.240, H@3: 0.355, H@10: 0.495 | Test - MRR: 0.3232 | *
[2026-03-23 11:29:50,672][root][INFO] - Epoch:  99 | Loss: 0.0016 | Val - MRR: 0.3253, MR:  182.95, H@1: 0.241, H@3: 0.353, H@10: 0.496 | Test - MRR: 0.3240 | *
[2026-03-23 11:32:47,944][root][INFO] - Epoch: 100 | Loss: 0.0016 | Val - MRR: 0.3269, MR:  181.15, H@1: 0.242, H@3: 0.355, H@10: 0.497 | Test - MRR: 0.3239 | *
[2026-03-23 11:35:44,381][root][INFO] - Epoch: 101 | Loss: 0.0016 | Val - MRR: 0.3278, MR:  184.61, H@1: 0.243, H@3: 0.357, H@10: 0.498 | Test - MRR: 0.3253 | *
[2026-03-23 11:38:23,678][root][INFO] - Epoch: 102 | Loss: 0.0016 | Val - MRR: 0.3273, MR:  183.91, H@1: 0.243, H@3: 0.356, H@10: 0.497 | 
[2026-03-23 11:41:20,838][root][INFO] - Epoch: 103 | Loss: 0.0016 | Val - MRR: 0.3281, MR:  189.88, H@1: 0.243, H@3: 0.357, H@10: 0.499 | Test - MRR: 0.3256 | *
[2026-03-23 11:44:19,533][root][INFO] - Epoch: 104 | Loss: 0.0016 | Val - MRR: 0.3306, MR:  183.75, H@1: 0.245, H@3: 0.359, H@10: 0.502 | Test - MRR: 0.3262 | *
[2026-03-23 11:47:15,929][root][INFO] - Epoch: 105 | Loss: 0.0016 | Val - MRR: 0.3310, MR:  188.67, H@1: 0.246, H@3: 0.359, H@10: 0.501 | Test - MRR: 0.3276 | *
[2026-03-23 11:50:12,190][root][INFO] - Epoch: 106 | Loss: 0.0016 | Val - MRR: 0.3321, MR:  178.74, H@1: 0.246, H@3: 0.363, H@10: 0.501 | Test - MRR: 0.3287 | *
[2026-03-23 11:53:09,254][root][INFO] - Epoch: 107 | Loss: 0.0016 | Val - MRR: 0.3318, MR:  174.82, H@1: 0.246, H@3: 0.362, H@10: 0.504 | Test - MRR: 0.3295 | *
[2026-03-23 11:55:47,652][root][INFO] - Epoch: 108 | Loss: 0.0016 | Val - MRR: 0.3311, MR:  178.81, H@1: 0.246, H@3: 0.360, H@10: 0.503 | 
[2026-03-23 11:58:43,884][root][INFO] - Epoch: 109 | Loss: 0.0016 | Val - MRR: 0.3326, MR:  174.11, H@1: 0.247, H@3: 0.363, H@10: 0.506 | Test - MRR: 0.3301 | *
[2026-03-23 12:01:41,817][root][INFO] - Epoch: 110 | Loss: 0.0015 | Val - MRR: 0.3340, MR:  175.71, H@1: 0.249, H@3: 0.363, H@10: 0.505 | Test - MRR: 0.3310 | *
[2026-03-23 12:04:21,220][root][INFO] - Epoch: 111 | Loss: 0.0015 | Val - MRR: 0.3328, MR:  172.97, H@1: 0.247, H@3: 0.363, H@10: 0.507 | 
[2026-03-23 12:07:19,238][root][INFO] - Epoch: 112 | Loss: 0.0015 | Val - MRR: 0.3346, MR:  174.06, H@1: 0.249, H@3: 0.363, H@10: 0.508 | Test - MRR: 0.3317 | *
[2026-03-23 12:10:17,071][root][INFO] - Epoch: 113 | Loss: 0.0015 | Val - MRR: 0.3334, MR:  172.98, H@1: 0.248, H@3: 0.362, H@10: 0.508 | Test - MRR: 0.3320 | *
[2026-03-23 12:13:14,059][root][INFO] - Epoch: 114 | Loss: 0.0015 | Val - MRR: 0.3357, MR:  174.70, H@1: 0.249, H@3: 0.365, H@10: 0.511 | Test - MRR: 0.3336 | *
[2026-03-23 12:15:53,763][root][INFO] - Epoch: 115 | Loss: 0.0015 | Val - MRR: 0.3354, MR:  173.80, H@1: 0.249, H@3: 0.365, H@10: 0.509 | 
[2026-03-23 12:18:49,672][root][INFO] - Epoch: 116 | Loss: 0.0015 | Val - MRR: 0.3363, MR:  172.37, H@1: 0.250, H@3: 0.366, H@10: 0.510 | Test - MRR: 0.3333 | *
[2026-03-23 12:21:47,714][root][INFO] - Epoch: 117 | Loss: 0.0015 | Val - MRR: 0.3379, MR:  175.15, H@1: 0.252, H@3: 0.368, H@10: 0.513 | Test - MRR: 0.3346 | *
[2026-03-23 12:24:42,997][root][INFO] - Epoch: 118 | Loss: 0.0015 | Val - MRR: 0.3377, MR:  171.06, H@1: 0.251, H@3: 0.367, H@10: 0.513 | Test - MRR: 0.3355 | *
[2026-03-23 12:27:22,389][root][INFO] - Epoch: 119 | Loss: 0.0015 | Val - MRR: 0.3374, MR:  176.32, H@1: 0.250, H@3: 0.367, H@10: 0.512 | 
[2026-03-23 12:30:20,390][root][INFO] - Epoch: 120 | Loss: 0.0015 | Val - MRR: 0.3384, MR:  170.61, H@1: 0.251, H@3: 0.369, H@10: 0.513 | Test - MRR: 0.3362 | *
[2026-03-23 12:33:17,551][root][INFO] - Epoch: 121 | Loss: 0.0015 | Val - MRR: 0.3390, MR:  168.59, H@1: 0.253, H@3: 0.369, H@10: 0.512 | Test - MRR: 0.3347 | *
[2026-03-23 12:35:55,485][root][INFO] - Epoch: 122 | Loss: 0.0015 | Val - MRR: 0.3378, MR:  174.44, H@1: 0.251, H@3: 0.368, H@10: 0.511 | 
[2026-03-23 12:38:36,022][root][INFO] - Epoch: 123 | Loss: 0.0015 | Val - MRR: 0.3373, MR:  169.19, H@1: 0.249, H@3: 0.368, H@10: 0.515 | 
[2026-03-23 12:41:15,572][root][INFO] - Epoch: 124 | Loss: 0.0015 | Val - MRR: 0.3383, MR:  167.42, H@1: 0.250, H@3: 0.370, H@10: 0.517 | 
[2026-03-23 12:44:13,582][root][INFO] - Epoch: 125 | Loss: 0.0015 | Val - MRR: 0.3392, MR:  166.29, H@1: 0.252, H@3: 0.370, H@10: 0.515 | Test - MRR: 0.3363 | *
[2026-03-23 12:47:09,804][root][INFO] - Epoch: 126 | Loss: 0.0015 | Val - MRR: 0.3412, MR:  167.17, H@1: 0.254, H@3: 0.373, H@10: 0.516 | Test - MRR: 0.3382 | *
[2026-03-23 12:50:05,571][root][INFO] - Epoch: 127 | Loss: 0.0015 | Val - MRR: 0.3417, MR:  167.31, H@1: 0.254, H@3: 0.373, H@10: 0.517 | Test - MRR: 0.3389 | *
[2026-03-23 12:53:04,038][root][INFO] - Epoch: 128 | Loss: 0.0015 | Val - MRR: 0.3418, MR:  169.25, H@1: 0.254, H@3: 0.373, H@10: 0.519 | Test - MRR: 0.3390 | *
[2026-03-23 12:56:03,597][root][INFO] - Epoch: 129 | Loss: 0.0015 | Val - MRR: 0.3417, MR:  168.52, H@1: 0.254, H@3: 0.372, H@10: 0.519 | Test - MRR: 0.3390 | *
[2026-03-23 12:58:59,954][root][INFO] - Epoch: 130 | Loss: 0.0015 | Val - MRR: 0.3423, MR:  166.27, H@1: 0.254, H@3: 0.373, H@10: 0.519 | Test - MRR: 0.3393 | *
[2026-03-23 13:02:01,107][root][INFO] - Epoch: 131 | Loss: 0.0015 | Val - MRR: 0.3422, MR:  165.90, H@1: 0.255, H@3: 0.372, H@10: 0.518 | Test - MRR: 0.3393 | *
[2026-03-23 13:05:00,246][root][INFO] - Epoch: 132 | Loss: 0.0015 | Val - MRR: 0.3444, MR:  166.33, H@1: 0.257, H@3: 0.376, H@10: 0.520 | Test - MRR: 0.3406 | *
[2026-03-23 13:07:42,344][root][INFO] - Epoch: 133 | Loss: 0.0015 | Val - MRR: 0.3436, MR:  167.81, H@1: 0.256, H@3: 0.374, H@10: 0.518 | 
[2026-03-23 13:10:24,597][root][INFO] - Epoch: 134 | Loss: 0.0015 | Val - MRR: 0.3424, MR:  170.00, H@1: 0.254, H@3: 0.373, H@10: 0.521 | 
[2026-03-23 13:13:23,486][root][INFO] - Epoch: 135 | Loss: 0.0015 | Val - MRR: 0.3442, MR:  164.30, H@1: 0.256, H@3: 0.375, H@10: 0.521 | Test - MRR: 0.3414 | *
[2026-03-23 13:16:23,187][root][INFO] - Epoch: 136 | Loss: 0.0015 | Val - MRR: 0.3444, MR:  164.48, H@1: 0.257, H@3: 0.376, H@10: 0.521 | Test - MRR: 0.3417 | *
[2026-03-23 13:19:22,139][root][INFO] - Epoch: 137 | Loss: 0.0015 | Val - MRR: 0.3450, MR:  163.96, H@1: 0.257, H@3: 0.376, H@10: 0.521 | Test - MRR: 0.3422 | *
[2026-03-23 13:22:21,701][root][INFO] - Epoch: 138 | Loss: 0.0015 | Val - MRR: 0.3454, MR:  164.06, H@1: 0.258, H@3: 0.376, H@10: 0.524 | Test - MRR: 0.3432 | *
[2026-03-23 13:25:05,126][root][INFO] - Epoch: 139 | Loss: 0.0015 | Val - MRR: 0.3454, MR:  165.09, H@1: 0.257, H@3: 0.377, H@10: 0.524 | 
[2026-03-23 13:28:03,223][root][INFO] - Epoch: 140 | Loss: 0.0015 | Val - MRR: 0.3455, MR:  165.37, H@1: 0.257, H@3: 0.378, H@10: 0.524 | Test - MRR: 0.3431 | *
[2026-03-23 13:31:03,970][root][INFO] - Epoch: 141 | Loss: 0.0015 | Val - MRR: 0.3470, MR:  162.97, H@1: 0.258, H@3: 0.378, H@10: 0.526 | Test - MRR: 0.3448 | *
[2026-03-23 13:33:44,351][root][INFO] - Epoch: 142 | Loss: 0.0015 | Val - MRR: 0.3461, MR:  167.89, H@1: 0.257, H@3: 0.379, H@10: 0.526 | 
[2026-03-23 13:36:25,671][root][INFO] - Epoch: 143 | Loss: 0.0015 | Val - MRR: 0.3447, MR:  165.12, H@1: 0.255, H@3: 0.378, H@10: 0.524 | 
[2026-03-23 13:39:07,661][root][INFO] - Epoch: 144 | Loss: 0.0015 | Val - MRR: 0.3467, MR:  164.63, H@1: 0.258, H@3: 0.378, H@10: 0.525 | 
[2026-03-23 13:41:49,424][root][INFO] - Epoch: 145 | Loss: 0.0015 | Val - MRR: 0.3464, MR:  163.64, H@1: 0.257, H@3: 0.379, H@10: 0.526 | 
[2026-03-23 13:44:31,457][root][INFO] - Epoch: 146 | Loss: 0.0015 | Val - MRR: 0.3465, MR:  163.61, H@1: 0.257, H@3: 0.379, H@10: 0.526 | 
[2026-03-23 13:47:29,608][root][INFO] - Epoch: 147 | Loss: 0.0014 | Val - MRR: 0.3476, MR:  164.09, H@1: 0.259, H@3: 0.380, H@10: 0.526 | Test - MRR: 0.3447 | *
[2026-03-23 13:50:12,978][root][INFO] - Epoch: 148 | Loss: 0.0014 | Val - MRR: 0.3469, MR:  164.86, H@1: 0.258, H@3: 0.378, H@10: 0.527 | 
[2026-03-23 13:53:12,917][root][INFO] - Epoch: 149 | Loss: 0.0014 | Val - MRR: 0.3484, MR:  165.07, H@1: 0.259, H@3: 0.380, H@10: 0.527 | Test - MRR: 0.3461 | *
[2026-03-23 13:55:55,714][root][INFO] - Epoch: 150 | Loss: 0.0014 | Val - MRR: 0.3482, MR:  164.23, H@1: 0.259, H@3: 0.382, H@10: 0.528 | 
[2026-03-23 13:58:37,553][root][INFO] - Epoch: 151 | Loss: 0.0014 | Val - MRR: 0.3480, MR:  164.93, H@1: 0.259, H@3: 0.380, H@10: 0.529 | 
[2026-03-23 14:01:39,539][root][INFO] - Epoch: 152 | Loss: 0.0014 | Val - MRR: 0.3498, MR:  161.55, H@1: 0.261, H@3: 0.382, H@10: 0.529 | Test - MRR: 0.3460 | *
[2026-03-23 14:04:39,102][root][INFO] - Epoch: 153 | Loss: 0.0014 | Val - MRR: 0.3496, MR:  159.91, H@1: 0.260, H@3: 0.382, H@10: 0.529 | Test - MRR: 0.3480 | *
[2026-03-23 14:07:41,474][root][INFO] - Epoch: 154 | Loss: 0.0014 | Val - MRR: 0.3510, MR:  158.99, H@1: 0.261, H@3: 0.385, H@10: 0.531 | Test - MRR: 0.3482 | *
[2026-03-23 14:10:25,264][root][INFO] - Epoch: 155 | Loss: 0.0014 | Val - MRR: 0.3505, MR:  162.94, H@1: 0.261, H@3: 0.383, H@10: 0.531 | 
[2026-03-23 14:13:08,082][root][INFO] - Epoch: 156 | Loss: 0.0014 | Val - MRR: 0.3498, MR:  161.40, H@1: 0.260, H@3: 0.383, H@10: 0.530 | 
[2026-03-23 14:15:50,883][root][INFO] - Epoch: 157 | Loss: 0.0014 | Val - MRR: 0.3506, MR:  160.77, H@1: 0.261, H@3: 0.384, H@10: 0.531 | 
[2026-03-23 14:18:50,366][root][INFO] - Epoch: 158 | Loss: 0.0014 | Val - MRR: 0.3514, MR:  161.25, H@1: 0.262, H@3: 0.383, H@10: 0.531 | Test - MRR: 0.3482 | *
[2026-03-23 14:21:34,083][root][INFO] - Epoch: 159 | Loss: 0.0014 | Val - MRR: 0.3510, MR:  162.36, H@1: 0.263, H@3: 0.382, H@10: 0.529 | 
[2026-03-23 14:24:17,858][root][INFO] - Epoch: 160 | Loss: 0.0014 | Val - MRR: 0.3504, MR:  161.58, H@1: 0.261, H@3: 0.383, H@10: 0.528 | 
[2026-03-23 14:26:59,266][root][INFO] - Epoch: 161 | Loss: 0.0014 | Val - MRR: 0.3495, MR:  158.87, H@1: 0.260, H@3: 0.382, H@10: 0.528 | 
[2026-03-23 14:29:59,144][root][INFO] - Epoch: 162 | Loss: 0.0014 | Val - MRR: 0.3535, MR:  160.17, H@1: 0.265, H@3: 0.385, H@10: 0.533 | Test - MRR: 0.3497 | *
[2026-03-23 14:32:41,220][root][INFO] - Epoch: 163 | Loss: 0.0014 | Val - MRR: 0.3515, MR:  160.27, H@1: 0.262, H@3: 0.384, H@10: 0.532 | 
[2026-03-23 14:35:41,782][root][INFO] - Epoch: 164 | Loss: 0.0014 | Val - MRR: 0.3522, MR:  157.96, H@1: 0.262, H@3: 0.385, H@10: 0.532 | Test - MRR: 0.3498 | *
[2026-03-23 14:38:25,222][root][INFO] - Epoch: 165 | Loss: 0.0014 | Val - MRR: 0.3518, MR:  160.63, H@1: 0.262, H@3: 0.385, H@10: 0.532 | 
[2026-03-23 14:41:24,653][root][INFO] - Epoch: 166 | Loss: 0.0014 | Val - MRR: 0.3525, MR:  162.17, H@1: 0.263, H@3: 0.384, H@10: 0.532 | Test - MRR: 0.3493 | *
[2026-03-23 14:44:07,342][root][INFO] - Epoch: 167 | Loss: 0.0014 | Val - MRR: 0.3523, MR:  160.76, H@1: 0.263, H@3: 0.385, H@10: 0.531 | 
[2026-03-23 14:47:08,415][root][INFO] - Epoch: 168 | Loss: 0.0014 | Val - MRR: 0.3538, MR:  159.73, H@1: 0.264, H@3: 0.387, H@10: 0.534 | Test - MRR: 0.3508 | *
[2026-03-23 14:49:49,580][root][INFO] - Epoch: 169 | Loss: 0.0014 | Val - MRR: 0.3535, MR:  163.52, H@1: 0.263, H@3: 0.388, H@10: 0.536 | 
[2026-03-23 14:52:33,179][root][INFO] - Epoch: 170 | Loss: 0.0014 | Val - MRR: 0.3511, MR:  162.48, H@1: 0.260, H@3: 0.385, H@10: 0.534 | 
[2026-03-23 14:55:15,871][root][INFO] - Epoch: 171 | Loss: 0.0014 | Val - MRR: 0.3535, MR:  162.07, H@1: 0.263, H@3: 0.387, H@10: 0.535 | 
[2026-03-23 14:57:58,677][root][INFO] - Epoch: 172 | Loss: 0.0014 | Val - MRR: 0.3531, MR:  159.65, H@1: 0.263, H@3: 0.385, H@10: 0.534 | 
[2026-03-23 15:00:41,313][root][INFO] - Epoch: 173 | Loss: 0.0014 | Val - MRR: 0.3533, MR:  159.94, H@1: 0.263, H@3: 0.386, H@10: 0.533 | 
[2026-03-23 15:03:40,921][root][INFO] - Epoch: 174 | Loss: 0.0014 | Val - MRR: 0.3546, MR:  161.25, H@1: 0.265, H@3: 0.386, H@10: 0.537 | Test - MRR: 0.3516 | *
[2026-03-23 15:06:23,017][root][INFO] - Epoch: 175 | Loss: 0.0014 | Val - MRR: 0.3544, MR:  160.28, H@1: 0.264, H@3: 0.387, H@10: 0.535 | 
[2026-03-23 15:09:21,768][root][INFO] - Epoch: 176 | Loss: 0.0014 | Val - MRR: 0.3554, MR:  161.64, H@1: 0.266, H@3: 0.388, H@10: 0.535 | Test - MRR: 0.3513 | *
[2026-03-23 15:12:21,907][root][INFO] - Epoch: 177 | Loss: 0.0014 | Val - MRR: 0.3553, MR:  160.17, H@1: 0.265, H@3: 0.388, H@10: 0.536 | Test - MRR: 0.3521 | *
[2026-03-23 15:15:04,442][root][INFO] - Epoch: 178 | Loss: 0.0014 | Val - MRR: 0.3543, MR:  159.48, H@1: 0.264, H@3: 0.386, H@10: 0.533 | 
[2026-03-23 15:17:47,665][root][INFO] - Epoch: 179 | Loss: 0.0014 | Val - MRR: 0.3553, MR:  157.29, H@1: 0.264, H@3: 0.388, H@10: 0.537 | 
[2026-03-23 15:20:29,990][root][INFO] - Epoch: 180 | Loss: 0.0014 | Val - MRR: 0.3552, MR:  157.25, H@1: 0.265, H@3: 0.388, H@10: 0.535 | 
[2026-03-23 15:23:31,119][root][INFO] - Epoch: 181 | Loss: 0.0014 | Val - MRR: 0.3555, MR:  158.34, H@1: 0.265, H@3: 0.389, H@10: 0.536 | Test - MRR: 0.3515 | *
[2026-03-23 15:26:13,129][root][INFO] - Epoch: 182 | Loss: 0.0014 | Val - MRR: 0.3554, MR:  160.01, H@1: 0.265, H@3: 0.390, H@10: 0.537 | 
[2026-03-23 15:28:55,727][root][INFO] - Epoch: 183 | Loss: 0.0014 | Val - MRR: 0.3549, MR:  160.16, H@1: 0.265, H@3: 0.388, H@10: 0.537 | 
[2026-03-23 15:31:56,038][root][INFO] - Epoch: 184 | Loss: 0.0014 | Val - MRR: 0.3560, MR:  158.95, H@1: 0.266, H@3: 0.389, H@10: 0.537 | Test - MRR: 0.3524 | *
[2026-03-23 15:34:55,770][root][INFO] - Epoch: 185 | Loss: 0.0014 | Val - MRR: 0.3565, MR:  160.65, H@1: 0.266, H@3: 0.391, H@10: 0.537 | Test - MRR: 0.3519 | *
[2026-03-23 15:37:57,006][root][INFO] - Epoch: 186 | Loss: 0.0014 | Val - MRR: 0.3563, MR:  160.96, H@1: 0.265, H@3: 0.390, H@10: 0.541 | Test - MRR: 0.3533 | *
[2026-03-23 15:40:52,680][root][INFO] - Epoch: 187 | Loss: 0.0014 | Val - MRR: 0.3567, MR:  158.83, H@1: 0.265, H@3: 0.392, H@10: 0.538 | Test - MRR: 0.3530 | *
[2026-03-23 15:43:36,978][root][INFO] - Epoch: 188 | Loss: 0.0014 | Val - MRR: 0.3548, MR:  159.60, H@1: 0.264, H@3: 0.388, H@10: 0.537 | 
[2026-03-23 15:46:19,028][root][INFO] - Epoch: 189 | Loss: 0.0014 | Val - MRR: 0.3558, MR:  160.33, H@1: 0.265, H@3: 0.390, H@10: 0.538 | 
[2026-03-23 15:49:02,042][root][INFO] - Epoch: 190 | Loss: 0.0014 | Val - MRR: 0.3557, MR:  158.36, H@1: 0.265, H@3: 0.390, H@10: 0.539 | 
[2026-03-23 15:51:45,361][root][INFO] - Epoch: 191 | Loss: 0.0014 | Val - MRR: 0.3566, MR:  160.11, H@1: 0.265, H@3: 0.391, H@10: 0.541 | 
[2026-03-23 15:54:44,252][root][INFO] - Epoch: 192 | Loss: 0.0014 | Val - MRR: 0.3573, MR:  159.57, H@1: 0.267, H@3: 0.390, H@10: 0.539 | Test - MRR: 0.3531 | *
[2026-03-23 15:57:45,837][root][INFO] - Epoch: 193 | Loss: 0.0014 | Val - MRR: 0.3573, MR:  158.10, H@1: 0.266, H@3: 0.391, H@10: 0.540 | Test - MRR: 0.3531 | *
[2026-03-23 16:00:43,669][root][INFO] - Epoch: 194 | Loss: 0.0014 | Val - MRR: 0.3560, MR:  161.02, H@1: 0.263, H@3: 0.393, H@10: 0.541 | Test - MRR: 0.3533 | *
[2026-03-23 16:03:44,843][root][INFO] - Epoch: 195 | Loss: 0.0014 | Val - MRR: 0.3573, MR:  162.09, H@1: 0.266, H@3: 0.392, H@10: 0.540 | Test - MRR: 0.3537 | *
[2026-03-23 16:06:44,002][root][INFO] - Epoch: 196 | Loss: 0.0014 | Val - MRR: 0.3573, MR:  158.19, H@1: 0.267, H@3: 0.390, H@10: 0.539 | Test - MRR: 0.3537 | *
[2026-03-23 16:09:42,607][root][INFO] - Epoch: 197 | Loss: 0.0014 | Val - MRR: 0.3574, MR:  158.32, H@1: 0.267, H@3: 0.392, H@10: 0.541 | Test - MRR: 0.3534 | *
[2026-03-23 16:12:42,726][root][INFO] - Epoch: 198 | Loss: 0.0014 | Val - MRR: 0.3579, MR:  159.20, H@1: 0.267, H@3: 0.391, H@10: 0.541 | Test - MRR: 0.3548 | *
[2026-03-23 16:15:43,494][root][INFO] - Epoch: 199 | Loss: 0.0014 | Val - MRR: 0.3593, MR:  160.14, H@1: 0.268, H@3: 0.393, H@10: 0.541 | Test - MRR: 0.3552 | *
[2026-03-23 16:18:26,104][root][INFO] - Epoch: 200 | Loss: 0.0014 | Val - MRR: 0.3572, MR:  158.73, H@1: 0.266, H@3: 0.391, H@10: 0.539 | 
[2026-03-23 16:21:08,639][root][INFO] - Epoch: 201 | Loss: 0.0014 | Val - MRR: 0.3577, MR:  159.41, H@1: 0.266, H@3: 0.391, H@10: 0.541 | 
[2026-03-23 16:23:52,027][root][INFO] - Epoch: 202 | Loss: 0.0014 | Val - MRR: 0.3581, MR:  159.64, H@1: 0.267, H@3: 0.391, H@10: 0.540 | 
[2026-03-23 16:26:50,087][root][INFO] - Epoch: 203 | Loss: 0.0014 | Val - MRR: 0.3577, MR:  161.75, H@1: 0.265, H@3: 0.393, H@10: 0.541 | Test - MRR: 0.3556 | *
[2026-03-23 16:29:50,175][root][INFO] - Epoch: 204 | Loss: 0.0014 | Val - MRR: 0.3582, MR:  158.83, H@1: 0.266, H@3: 0.395, H@10: 0.542 | Test - MRR: 0.3551 | *
[2026-03-23 16:32:33,507][root][INFO] - Epoch: 205 | Loss: 0.0014 | Val - MRR: 0.3582, MR:  161.65, H@1: 0.267, H@3: 0.392, H@10: 0.540 | 
[2026-03-23 16:35:16,222][root][INFO] - Epoch: 206 | Loss: 0.0014 | Val - MRR: 0.3574, MR:  158.96, H@1: 0.266, H@3: 0.393, H@10: 0.541 | 
[2026-03-23 16:38:14,265][root][INFO] - Epoch: 207 | Loss: 0.0014 | Val - MRR: 0.3585, MR:  158.35, H@1: 0.268, H@3: 0.392, H@10: 0.543 | Test - MRR: 0.3552 | *
[2026-03-23 16:40:57,192][root][INFO] - Epoch: 208 | Loss: 0.0014 | Val - MRR: 0.3576, MR:  162.60, H@1: 0.266, H@3: 0.393, H@10: 0.540 | 
[2026-03-23 16:43:59,855][root][INFO] - Epoch: 209 | Loss: 0.0014 | Val - MRR: 0.3583, MR:  158.70, H@1: 0.267, H@3: 0.392, H@10: 0.542 | Test - MRR: 0.3559 | *
[2026-03-23 16:46:59,687][root][INFO] - Epoch: 210 | Loss: 0.0014 | Val - MRR: 0.3585, MR:  159.00, H@1: 0.267, H@3: 0.393, H@10: 0.543 | Test - MRR: 0.3555 | *
[2026-03-23 16:49:42,026][root][INFO] - Epoch: 211 | Loss: 0.0014 | Val - MRR: 0.3585, MR:  159.92, H@1: 0.268, H@3: 0.391, H@10: 0.542 | 
[2026-03-23 16:52:39,808][root][INFO] - Epoch: 212 | Loss: 0.0014 | Val - MRR: 0.3592, MR:  158.62, H@1: 0.269, H@3: 0.392, H@10: 0.543 | Test - MRR: 0.3557 | *
[2026-03-23 16:55:23,469][root][INFO] - Epoch: 213 | Loss: 0.0014 | Val - MRR: 0.3584, MR:  159.33, H@1: 0.267, H@3: 0.391, H@10: 0.543 | 
[2026-03-23 16:58:04,476][root][INFO] - Epoch: 214 | Loss: 0.0014 | Val - MRR: 0.3588, MR:  159.84, H@1: 0.268, H@3: 0.391, H@10: 0.543 | 
[2026-03-23 17:01:05,086][root][INFO] - Epoch: 215 | Loss: 0.0014 | Val - MRR: 0.3600, MR:  156.35, H@1: 0.269, H@3: 0.393, H@10: 0.545 | Test - MRR: 0.3562 | *
[2026-03-23 17:04:05,375][root][INFO] - Epoch: 216 | Loss: 0.0014 | Val - MRR: 0.3612, MR:  157.19, H@1: 0.271, H@3: 0.394, H@10: 0.544 | Test - MRR: 0.3577 | *
[2026-03-23 17:06:47,924][root][INFO] - Epoch: 217 | Loss: 0.0014 | Val - MRR: 0.3598, MR:  158.97, H@1: 0.268, H@3: 0.394, H@10: 0.545 | 
[2026-03-23 17:09:29,914][root][INFO] - Epoch: 218 | Loss: 0.0014 | Val - MRR: 0.3587, MR:  160.33, H@1: 0.267, H@3: 0.393, H@10: 0.543 | 
[2026-03-23 17:12:11,098][root][INFO] - Epoch: 219 | Loss: 0.0014 | Val - MRR: 0.3586, MR:  163.46, H@1: 0.267, H@3: 0.392, H@10: 0.542 | 
[2026-03-23 17:14:54,224][root][INFO] - Epoch: 220 | Loss: 0.0014 | Val - MRR: 0.3591, MR:  160.62, H@1: 0.268, H@3: 0.393, H@10: 0.542 | 
[2026-03-23 17:17:37,594][root][INFO] - Epoch: 221 | Loss: 0.0014 | Val - MRR: 0.3585, MR:  159.63, H@1: 0.267, H@3: 0.391, H@10: 0.544 | 
[2026-03-23 17:20:20,769][root][INFO] - Epoch: 222 | Loss: 0.0014 | Val - MRR: 0.3577, MR:  160.84, H@1: 0.266, H@3: 0.391, H@10: 0.542 | 
[2026-03-23 17:23:03,179][root][INFO] - Epoch: 223 | Loss: 0.0014 | Val - MRR: 0.3598, MR:  161.52, H@1: 0.268, H@3: 0.394, H@10: 0.545 | 
[2026-03-23 17:25:46,001][root][INFO] - Epoch: 224 | Loss: 0.0014 | Val - MRR: 0.3604, MR:  160.17, H@1: 0.269, H@3: 0.394, H@10: 0.544 | 
[2026-03-23 17:28:29,663][root][INFO] - Epoch: 225 | Loss: 0.0014 | Val - MRR: 0.3591, MR:  160.57, H@1: 0.268, H@3: 0.392, H@10: 0.543 | 
[2026-03-23 17:31:12,815][root][INFO] - Epoch: 226 | Loss: 0.0014 | Val - MRR: 0.3595, MR:  160.28, H@1: 0.267, H@3: 0.394, H@10: 0.544 | 
[2026-03-23 17:34:10,288][root][INFO] - Epoch: 227 | Loss: 0.0014 | Val - MRR: 0.3613, MR:  157.61, H@1: 0.270, H@3: 0.395, H@10: 0.544 | Test - MRR: 0.3570 | *
[2026-03-23 17:36:54,048][root][INFO] - Epoch: 228 | Loss: 0.0014 | Val - MRR: 0.3603, MR:  161.16, H@1: 0.268, H@3: 0.395, H@10: 0.544 | 
[2026-03-23 17:39:53,018][root][INFO] - Epoch: 229 | Loss: 0.0014 | Val - MRR: 0.3617, MR:  159.40, H@1: 0.270, H@3: 0.397, H@10: 0.545 | Test - MRR: 0.3569 | *
[2026-03-23 17:42:37,709][root][INFO] - Epoch: 230 | Loss: 0.0014 | Val - MRR: 0.3602, MR:  157.24, H@1: 0.268, H@3: 0.395, H@10: 0.545 | 
[2026-03-23 17:45:21,024][root][INFO] - Epoch: 231 | Loss: 0.0014 | Val - MRR: 0.3607, MR:  162.03, H@1: 0.269, H@3: 0.394, H@10: 0.545 | 
[2026-03-23 17:48:05,861][root][INFO] - Epoch: 232 | Loss: 0.0014 | Val - MRR: 0.3614, MR:  159.81, H@1: 0.271, H@3: 0.393, H@10: 0.545 | 
[2026-03-23 17:50:49,971][root][INFO] - Epoch: 233 | Loss: 0.0014 | Val - MRR: 0.3597, MR:  161.73, H@1: 0.268, H@3: 0.394, H@10: 0.544 | 
[2026-03-23 17:53:32,365][root][INFO] - Epoch: 234 | Loss: 0.0014 | Val - MRR: 0.3608, MR:  160.40, H@1: 0.269, H@3: 0.395, H@10: 0.546 | 
[2026-03-23 17:56:16,176][root][INFO] - Epoch: 235 | Loss: 0.0014 | Val - MRR: 0.3613, MR:  159.92, H@1: 0.270, H@3: 0.395, H@10: 0.545 | 
[2026-03-23 17:59:15,747][root][INFO] - Epoch: 236 | Loss: 0.0014 | Val - MRR: 0.3618, MR:  159.37, H@1: 0.271, H@3: 0.396, H@10: 0.546 | Test - MRR: 0.3580 | *
[2026-03-23 18:01:58,606][root][INFO] - Epoch: 237 | Loss: 0.0014 | Val - MRR: 0.3598, MR:  162.52, H@1: 0.268, H@3: 0.394, H@10: 0.545 | 
[2026-03-23 18:04:41,167][root][INFO] - Epoch: 238 | Loss: 0.0013 | Val - MRR: 0.3599, MR:  165.99, H@1: 0.269, H@3: 0.393, H@10: 0.545 | 
[2026-03-23 18:07:23,801][root][INFO] - Epoch: 239 | Loss: 0.0013 | Val - MRR: 0.3597, MR:  160.61, H@1: 0.268, H@3: 0.393, H@10: 0.544 | 
[2026-03-23 18:10:06,976][root][INFO] - Epoch: 240 | Loss: 0.0013 | Val - MRR: 0.3608, MR:  161.90, H@1: 0.269, H@3: 0.395, H@10: 0.546 | 
[2026-03-23 18:12:49,067][root][INFO] - Epoch: 241 | Loss: 0.0013 | Val - MRR: 0.3595, MR:  160.49, H@1: 0.268, H@3: 0.393, H@10: 0.544 | 
[2026-03-23 18:15:31,596][root][INFO] - Epoch: 242 | Loss: 0.0014 | Val - MRR: 0.3608, MR:  161.18, H@1: 0.269, H@3: 0.395, H@10: 0.547 | 
[2026-03-23 18:18:30,814][root][INFO] - Epoch: 243 | Loss: 0.0013 | Val - MRR: 0.3621, MR:  159.18, H@1: 0.270, H@3: 0.397, H@10: 0.547 | Test - MRR: 0.3584 | *
[2026-03-23 18:21:11,386][root][INFO] - Epoch: 244 | Loss: 0.0013 | Val - MRR: 0.3612, MR:  162.13, H@1: 0.269, H@3: 0.396, H@10: 0.546 | 
[2026-03-23 18:23:54,884][root][INFO] - Epoch: 245 | Loss: 0.0013 | Val - MRR: 0.3607, MR:  157.14, H@1: 0.268, H@3: 0.396, H@10: 0.546 | 
[2026-03-23 18:26:39,576][root][INFO] - Epoch: 246 | Loss: 0.0013 | Val - MRR: 0.3601, MR:  158.39, H@1: 0.268, H@3: 0.395, H@10: 0.545 | 
[2026-03-23 18:29:21,843][root][INFO] - Epoch: 247 | Loss: 0.0013 | Val - MRR: 0.3604, MR:  160.80, H@1: 0.268, H@3: 0.394, H@10: 0.548 | 
[2026-03-23 18:32:05,612][root][INFO] - Epoch: 248 | Loss: 0.0013 | Val - MRR: 0.3609, MR:  163.65, H@1: 0.269, H@3: 0.395, H@10: 0.546 | 
[2026-03-23 18:34:48,854][root][INFO] - Epoch: 249 | Loss: 0.0013 | Val - MRR: 0.3612, MR:  161.22, H@1: 0.269, H@3: 0.396, H@10: 0.547 | 
[2026-03-23 18:37:31,813][root][INFO] - Epoch: 250 | Loss: 0.0013 | Val - MRR: 0.3610, MR:  163.51, H@1: 0.270, H@3: 0.395, H@10: 0.545 | 
[2026-03-23 18:40:14,383][root][INFO] - Epoch: 251 | Loss: 0.0013 | Val - MRR: 0.3606, MR:  157.97, H@1: 0.269, H@3: 0.393, H@10: 0.546 | 
[2026-03-23 18:42:57,722][root][INFO] - Epoch: 252 | Loss: 0.0013 | Val - MRR: 0.3605, MR:  164.17, H@1: 0.269, H@3: 0.394, H@10: 0.547 | 
[2026-03-23 18:45:40,757][root][INFO] - Epoch: 253 | Loss: 0.0013 | Val - MRR: 0.3594, MR:  160.18, H@1: 0.267, H@3: 0.394, H@10: 0.547 | 
[2026-03-23 18:48:23,104][root][INFO] - Epoch: 254 | Loss: 0.0013 | Val - MRR: 0.3611, MR:  158.47, H@1: 0.269, H@3: 0.396, H@10: 0.546 | 
[2026-03-23 18:51:05,825][root][INFO] - Epoch: 255 | Loss: 0.0013 | Val - MRR: 0.3609, MR:  160.37, H@1: 0.269, H@3: 0.395, H@10: 0.546 | 
[2026-03-23 18:53:48,448][root][INFO] - Epoch: 256 | Loss: 0.0013 | Val - MRR: 0.3606, MR:  161.46, H@1: 0.269, H@3: 0.394, H@10: 0.546 | 
[2026-03-23 18:56:32,206][root][INFO] - Epoch: 257 | Loss: 0.0013 | Val - MRR: 0.3614, MR:  162.26, H@1: 0.270, H@3: 0.396, H@10: 0.547 | 
[2026-03-23 18:59:14,778][root][INFO] - Epoch: 258 | Loss: 0.0013 | Val - MRR: 0.3618, MR:  163.51, H@1: 0.270, H@3: 0.397, H@10: 0.547 | 
[2026-03-23 19:02:13,973][root][INFO] - Epoch: 259 | Loss: 0.0013 | Val - MRR: 0.3625, MR:  163.36, H@1: 0.271, H@3: 0.398, H@10: 0.548 | Test - MRR: 0.3583 | *
[2026-03-23 19:04:57,102][root][INFO] - Epoch: 260 | Loss: 0.0013 | Val - MRR: 0.3620, MR:  160.49, H@1: 0.271, H@3: 0.396, H@10: 0.547 | 
[2026-03-23 19:07:40,350][root][INFO] - Epoch: 261 | Loss: 0.0013 | Val - MRR: 0.3614, MR:  162.74, H@1: 0.269, H@3: 0.395, H@10: 0.547 | 
[2026-03-23 19:10:40,880][root][INFO] - Epoch: 262 | Loss: 0.0013 | Val - MRR: 0.3625, MR:  162.60, H@1: 0.270, H@3: 0.397, H@10: 0.549 | Test - MRR: 0.3586 | *
[2026-03-23 19:13:42,305][root][INFO] - Epoch: 263 | Loss: 0.0013 | Val - MRR: 0.3640, MR:  160.68, H@1: 0.272, H@3: 0.399, H@10: 0.548 | Test - MRR: 0.3589 | *
[2026-03-23 19:16:26,367][root][INFO] - Epoch: 264 | Loss: 0.0013 | Val - MRR: 0.3630, MR:  159.73, H@1: 0.271, H@3: 0.398, H@10: 0.547 | 
[2026-03-23 19:19:09,468][root][INFO] - Epoch: 265 | Loss: 0.0013 | Val - MRR: 0.3639, MR:  162.21, H@1: 0.272, H@3: 0.398, H@10: 0.549 | 
[2026-03-23 19:21:53,509][root][INFO] - Epoch: 266 | Loss: 0.0013 | Val - MRR: 0.3627, MR:  164.28, H@1: 0.271, H@3: 0.398, H@10: 0.548 | 
[2026-03-23 19:24:36,914][root][INFO] - Epoch: 267 | Loss: 0.0013 | Val - MRR: 0.3630, MR:  162.33, H@1: 0.271, H@3: 0.398, H@10: 0.550 | 
[2026-03-23 19:27:19,687][root][INFO] - Epoch: 268 | Loss: 0.0013 | Val - MRR: 0.3624, MR:  159.78, H@1: 0.271, H@3: 0.396, H@10: 0.548 | 
[2026-03-23 19:30:03,536][root][INFO] - Epoch: 269 | Loss: 0.0013 | Val - MRR: 0.3616, MR:  161.71, H@1: 0.270, H@3: 0.395, H@10: 0.547 | 
[2026-03-23 19:32:47,204][root][INFO] - Epoch: 270 | Loss: 0.0013 | Val - MRR: 0.3623, MR:  164.12, H@1: 0.271, H@3: 0.398, H@10: 0.547 | 
[2026-03-23 19:35:30,164][root][INFO] - Epoch: 271 | Loss: 0.0013 | Val - MRR: 0.3613, MR:  163.00, H@1: 0.269, H@3: 0.396, H@10: 0.547 | 
[2026-03-23 19:38:13,381][root][INFO] - Epoch: 272 | Loss: 0.0013 | Val - MRR: 0.3616, MR:  161.91, H@1: 0.270, H@3: 0.396, H@10: 0.547 | 
[2026-03-23 19:40:55,156][root][INFO] - Epoch: 273 | Loss: 0.0013 | Val - MRR: 0.3614, MR:  163.57, H@1: 0.270, H@3: 0.395, H@10: 0.545 | 
[2026-03-23 19:43:39,868][root][INFO] - Epoch: 274 | Loss: 0.0013 | Val - MRR: 0.3617, MR:  162.74, H@1: 0.271, H@3: 0.395, H@10: 0.547 | 
[2026-03-23 19:46:23,464][root][INFO] - Epoch: 275 | Loss: 0.0013 | Val - MRR: 0.3628, MR:  163.25, H@1: 0.272, H@3: 0.396, H@10: 0.549 | 
[2026-03-23 19:49:06,152][root][INFO] - Epoch: 276 | Loss: 0.0013 | Val - MRR: 0.3617, MR:  164.22, H@1: 0.270, H@3: 0.395, H@10: 0.548 | 
[2026-03-23 19:51:49,554][root][INFO] - Epoch: 277 | Loss: 0.0013 | Val - MRR: 0.3605, MR:  165.09, H@1: 0.268, H@3: 0.394, H@10: 0.549 | 
[2026-03-23 19:54:32,279][root][INFO] - Epoch: 278 | Loss: 0.0013 | Val - MRR: 0.3617, MR:  161.69, H@1: 0.270, H@3: 0.396, H@10: 0.547 | 
[2026-03-23 19:57:32,307][root][INFO] - Epoch: 279 | Loss: 0.0013 | Val - MRR: 0.3629, MR:  163.65, H@1: 0.271, H@3: 0.397, H@10: 0.550 | Test - MRR: 0.3592 | *
[2026-03-23 20:00:15,168][root][INFO] - Epoch: 280 | Loss: 0.0013 | Val - MRR: 0.3621, MR:  162.87, H@1: 0.271, H@3: 0.396, H@10: 0.548 | 
[2026-03-23 20:02:57,748][root][INFO] - Epoch: 281 | Loss: 0.0013 | Val - MRR: 0.3624, MR:  161.76, H@1: 0.270, H@3: 0.398, H@10: 0.549 | 
[2026-03-23 20:05:58,231][root][INFO] - Epoch: 282 | Loss: 0.0013 | Val - MRR: 0.3635, MR:  166.08, H@1: 0.272, H@3: 0.397, H@10: 0.548 | Test - MRR: 0.3591 | *
[2026-03-23 20:08:40,303][root][INFO] - Epoch: 283 | Loss: 0.0013 | Val - MRR: 0.3628, MR:  163.07, H@1: 0.271, H@3: 0.397, H@10: 0.547 | 
[2026-03-23 20:11:40,579][root][INFO] - Epoch: 284 | Loss: 0.0013 | Val - MRR: 0.3642, MR:  160.05, H@1: 0.274, H@3: 0.398, H@10: 0.548 | Test - MRR: 0.3587 | *
[2026-03-23 20:14:23,506][root][INFO] - Epoch: 285 | Loss: 0.0013 | Val - MRR: 0.3629, MR:  163.29, H@1: 0.272, H@3: 0.397, H@10: 0.548 | 
[2026-03-23 20:17:08,062][root][INFO] - Epoch: 286 | Loss: 0.0013 | Val - MRR: 0.3627, MR:  164.19, H@1: 0.272, H@3: 0.396, H@10: 0.549 | 
[2026-03-23 20:19:52,004][root][INFO] - Epoch: 287 | Loss: 0.0013 | Val - MRR: 0.3634, MR:  162.59, H@1: 0.271, H@3: 0.398, H@10: 0.549 | 
[2026-03-23 20:22:37,917][root][INFO] - Epoch: 288 | Loss: 0.0013 | Val - MRR: 0.3628, MR:  162.87, H@1: 0.271, H@3: 0.397, H@10: 0.550 | 
[2026-03-23 20:25:24,041][root][INFO] - Epoch: 289 | Loss: 0.0013 | Val - MRR: 0.3627, MR:  164.35, H@1: 0.271, H@3: 0.397, H@10: 0.548 | 
[2026-03-23 20:28:08,373][root][INFO] - Epoch: 290 | Loss: 0.0013 | Val - MRR: 0.3633, MR:  163.18, H@1: 0.271, H@3: 0.398, H@10: 0.547 | 
[2026-03-23 20:30:52,019][root][INFO] - Epoch: 291 | Loss: 0.0013 | Val - MRR: 0.3632, MR:  163.76, H@1: 0.272, H@3: 0.397, H@10: 0.548 | 
[2026-03-23 20:33:36,806][root][INFO] - Epoch: 292 | Loss: 0.0013 | Val - MRR: 0.3629, MR:  164.88, H@1: 0.271, H@3: 0.397, H@10: 0.549 | 
[2026-03-23 20:36:36,583][root][INFO] - Epoch: 293 | Loss: 0.0013 | Val - MRR: 0.3634, MR:  164.40, H@1: 0.272, H@3: 0.398, H@10: 0.550 | Test - MRR: 0.3594 | *
[2026-03-23 20:39:38,097][root][INFO] - Epoch: 294 | Loss: 0.0013 | Val - MRR: 0.3628, MR:  165.61, H@1: 0.271, H@3: 0.397, H@10: 0.549 | Test - MRR: 0.3594 | *
[2026-03-23 20:42:40,093][root][INFO] - Epoch: 295 | Loss: 0.0013 | Val - MRR: 0.3632, MR:  165.83, H@1: 0.271, H@3: 0.397, H@10: 0.548 | Test - MRR: 0.3597 | *
[2026-03-23 20:45:22,888][root][INFO] - Epoch: 296 | Loss: 0.0013 | Val - MRR: 0.3621, MR:  164.70, H@1: 0.271, H@3: 0.396, H@10: 0.548 | 
[2026-03-23 20:48:07,875][root][INFO] - Epoch: 297 | Loss: 0.0013 | Val - MRR: 0.3613, MR:  163.54, H@1: 0.269, H@3: 0.396, H@10: 0.549 | 
[2026-03-23 20:50:52,115][root][INFO] - Epoch: 298 | Loss: 0.0013 | Val - MRR: 0.3616, MR:  162.76, H@1: 0.269, H@3: 0.396, H@10: 0.549 | 
[2026-03-23 20:53:33,854][root][INFO] - Epoch: 299 | Loss: 0.0013 | Val - MRR: 0.3610, MR:  164.44, H@1: 0.268, H@3: 0.395, H@10: 0.548 | 
[2026-03-23 20:56:16,946][root][INFO] - Epoch: 300 | Loss: 0.0013 | Val - MRR: 0.3627, MR:  164.94, H@1: 0.271, H@3: 0.395, H@10: 0.550 | 
[2026-03-23 20:59:01,168][root][INFO] - Epoch: 301 | Loss: 0.0013 | Val - MRR: 0.3630, MR:  164.84, H@1: 0.272, H@3: 0.397, H@10: 0.549 | 
[2026-03-23 21:01:45,971][root][INFO] - Epoch: 302 | Loss: 0.0013 | Val - MRR: 0.3624, MR:  165.94, H@1: 0.271, H@3: 0.396, H@10: 0.548 | 
[2026-03-23 21:04:28,800][root][INFO] - Epoch: 303 | Loss: 0.0013 | Val - MRR: 0.3627, MR:  167.47, H@1: 0.271, H@3: 0.396, H@10: 0.550 | 
[2026-03-23 21:07:29,805][root][INFO] - Epoch: 304 | Loss: 0.0013 | Val - MRR: 0.3640, MR:  165.53, H@1: 0.272, H@3: 0.398, H@10: 0.550 | Test - MRR: 0.3592 | *
[2026-03-23 21:10:30,236][root][INFO] - Epoch: 305 | Loss: 0.0013 | Val - MRR: 0.3638, MR:  167.05, H@1: 0.272, H@3: 0.398, H@10: 0.551 | Test - MRR: 0.3605 | *
[2026-03-23 21:13:32,469][root][INFO] - Epoch: 306 | Loss: 0.0013 | Val - MRR: 0.3638, MR:  164.51, H@1: 0.271, H@3: 0.397, H@10: 0.551 | Test - MRR: 0.3606 | *
[2026-03-23 21:16:16,133][root][INFO] - Epoch: 307 | Loss: 0.0013 | Val - MRR: 0.3627, MR:  165.54, H@1: 0.270, H@3: 0.397, H@10: 0.550 | 
[2026-03-23 21:19:13,077][root][INFO] - Epoch: 308 | Loss: 0.0013 | Val - MRR: 0.3644, MR:  166.60, H@1: 0.272, H@3: 0.399, H@10: 0.551 | Test - MRR: 0.3601 | *
[2026-03-23 21:22:12,705][root][INFO] - Epoch: 309 | Loss: 0.0013 | Val - MRR: 0.3644, MR:  167.43, H@1: 0.272, H@3: 0.400, H@10: 0.551 | Test - MRR: 0.3604 | *
[2026-03-23 21:24:55,970][root][INFO] - Epoch: 310 | Loss: 0.0013 | Val - MRR: 0.3625, MR:  164.30, H@1: 0.271, H@3: 0.397, H@10: 0.549 | 
[2026-03-23 21:27:40,686][root][INFO] - Epoch: 311 | Loss: 0.0013 | Val - MRR: 0.3625, MR:  162.72, H@1: 0.270, H@3: 0.398, H@10: 0.549 | 
[2026-03-23 21:30:24,126][root][INFO] - Epoch: 312 | Loss: 0.0013 | Val - MRR: 0.3643, MR:  165.47, H@1: 0.272, H@3: 0.400, H@10: 0.551 | 
[2026-03-23 21:33:07,508][root][INFO] - Epoch: 313 | Loss: 0.0013 | Val - MRR: 0.3641, MR:  164.82, H@1: 0.272, H@3: 0.398, H@10: 0.550 | 
[2026-03-23 21:35:50,679][root][INFO] - Epoch: 314 | Loss: 0.0013 | Val - MRR: 0.3632, MR:  165.27, H@1: 0.271, H@3: 0.397, H@10: 0.550 | 
[2026-03-23 21:38:32,693][root][INFO] - Epoch: 315 | Loss: 0.0013 | Val - MRR: 0.3640, MR:  164.49, H@1: 0.271, H@3: 0.399, H@10: 0.551 | 
[2026-03-23 21:41:34,244][root][INFO] - Epoch: 316 | Loss: 0.0013 | Val - MRR: 0.3652, MR:  165.01, H@1: 0.274, H@3: 0.398, H@10: 0.551 | Test - MRR: 0.3613 | *
[2026-03-23 21:44:43,996][root][INFO] - Epoch: 317 | Loss: 0.0013 | Val - MRR: 0.3660, MR:  166.48, H@1: 0.275, H@3: 0.399, H@10: 0.552 | Test - MRR: 0.3613 | *
[2026-03-23 21:47:40,871][root][INFO] - Epoch: 318 | Loss: 0.0013 | Val - MRR: 0.3647, MR:  167.69, H@1: 0.273, H@3: 0.399, H@10: 0.551 | 
[2026-03-23 21:50:37,974][root][INFO] - Epoch: 319 | Loss: 0.0013 | Val - MRR: 0.3658, MR:  166.14, H@1: 0.274, H@3: 0.398, H@10: 0.552 | 
[2026-03-23 21:53:48,025][root][INFO] - Epoch: 320 | Loss: 0.0013 | Val - MRR: 0.3657, MR:  170.71, H@1: 0.274, H@3: 0.399, H@10: 0.553 | 
[2026-03-23 21:56:45,432][root][INFO] - Epoch: 321 | Loss: 0.0013 | Val - MRR: 0.3650, MR:  168.54, H@1: 0.273, H@3: 0.399, H@10: 0.551 | 
[2026-03-23 21:59:28,762][root][INFO] - Epoch: 322 | Loss: 0.0013 | Val - MRR: 0.3637, MR:  165.28, H@1: 0.271, H@3: 0.398, H@10: 0.550 | 
[2026-03-23 22:02:11,380][root][INFO] - Epoch: 323 | Loss: 0.0013 | Val - MRR: 0.3641, MR:  171.33, H@1: 0.272, H@3: 0.400, H@10: 0.549 | 
[2026-03-23 22:05:11,820][root][INFO] - Epoch: 324 | Loss: 0.0013 | Val - MRR: 0.3664, MR:  169.18, H@1: 0.275, H@3: 0.402, H@10: 0.552 | Test - MRR: 0.3615 | *
[2026-03-23 22:07:53,437][root][INFO] - Epoch: 325 | Loss: 0.0013 | Val - MRR: 0.3649, MR:  167.21, H@1: 0.273, H@3: 0.399, H@10: 0.550 | 
[2026-03-23 22:10:36,235][root][INFO] - Epoch: 326 | Loss: 0.0013 | Val - MRR: 0.3656, MR:  169.14, H@1: 0.274, H@3: 0.400, H@10: 0.552 | 
[2026-03-23 22:13:19,920][root][INFO] - Epoch: 327 | Loss: 0.0013 | Val - MRR: 0.3646, MR:  166.73, H@1: 0.272, H@3: 0.398, H@10: 0.551 | 
[2026-03-23 22:16:03,492][root][INFO] - Epoch: 328 | Loss: 0.0013 | Val - MRR: 0.3641, MR:  165.54, H@1: 0.272, H@3: 0.399, H@10: 0.552 | 
[2026-03-23 22:18:46,373][root][INFO] - Epoch: 329 | Loss: 0.0013 | Val - MRR: 0.3648, MR:  168.10, H@1: 0.273, H@3: 0.399, H@10: 0.552 | 
[2026-03-23 22:21:29,420][root][INFO] - Epoch: 330 | Loss: 0.0013 | Val - MRR: 0.3651, MR:  168.19, H@1: 0.273, H@3: 0.400, H@10: 0.552 | 
[2026-03-23 22:24:13,119][root][INFO] - Epoch: 331 | Loss: 0.0013 | Val - MRR: 0.3660, MR:  166.00, H@1: 0.274, H@3: 0.400, H@10: 0.553 | 
[2026-03-23 22:27:14,862][root][INFO] - Epoch: 332 | Loss: 0.0013 | Val - MRR: 0.3664, MR:  166.48, H@1: 0.275, H@3: 0.400, H@10: 0.552 | Test - MRR: 0.3616 | *
[2026-03-23 22:29:57,540][root][INFO] - Epoch: 333 | Loss: 0.0013 | Val - MRR: 0.3649, MR:  168.47, H@1: 0.273, H@3: 0.400, H@10: 0.552 | 
[2026-03-23 22:32:40,789][root][INFO] - Epoch: 334 | Loss: 0.0013 | Val - MRR: 0.3645, MR:  169.41, H@1: 0.272, H@3: 0.399, H@10: 0.551 | 
[2026-03-23 22:35:23,977][root][INFO] - Epoch: 335 | Loss: 0.0013 | Val - MRR: 0.3654, MR:  168.59, H@1: 0.274, H@3: 0.399, H@10: 0.552 | 
[2026-03-23 22:38:06,205][root][INFO] - Epoch: 336 | Loss: 0.0013 | Val - MRR: 0.3643, MR:  168.97, H@1: 0.271, H@3: 0.399, H@10: 0.552 | 
[2026-03-23 22:40:50,124][root][INFO] - Epoch: 337 | Loss: 0.0013 | Val - MRR: 0.3658, MR:  169.90, H@1: 0.274, H@3: 0.400, H@10: 0.554 | 
[2026-03-23 22:43:34,597][root][INFO] - Epoch: 338 | Loss: 0.0013 | Val - MRR: 0.3644, MR:  168.75, H@1: 0.273, H@3: 0.398, H@10: 0.552 | 
[2026-03-23 22:46:16,711][root][INFO] - Epoch: 339 | Loss: 0.0013 | Val - MRR: 0.3650, MR:  169.30, H@1: 0.273, H@3: 0.399, H@10: 0.552 | 
[2026-03-23 22:49:04,022][root][INFO] - Epoch: 340 | Loss: 0.0013 | Val - MRR: 0.3658, MR:  167.82, H@1: 0.274, H@3: 0.400, H@10: 0.552 | 
[2026-03-23 22:51:50,644][root][INFO] - Epoch: 341 | Loss: 0.0013 | Val - MRR: 0.3653, MR:  166.57, H@1: 0.274, H@3: 0.400, H@10: 0.550 | 
[2026-03-23 22:54:32,053][root][INFO] - Epoch: 342 | Loss: 0.0013 | Val - MRR: 0.3655, MR:  168.64, H@1: 0.274, H@3: 0.400, H@10: 0.550 | 
[2026-03-23 22:57:14,431][root][INFO] - Epoch: 343 | Loss: 0.0013 | Val - MRR: 0.3654, MR:  167.99, H@1: 0.274, H@3: 0.400, H@10: 0.551 | 
[2026-03-23 23:00:01,446][root][INFO] - Epoch: 344 | Loss: 0.0013 | Val - MRR: 0.3659, MR:  167.75, H@1: 0.275, H@3: 0.399, H@10: 0.552 | 
[2026-03-23 23:02:45,299][root][INFO] - Epoch: 345 | Loss: 0.0013 | Val - MRR: 0.3650, MR:  168.68, H@1: 0.273, H@3: 0.399, H@10: 0.550 | 
[2026-03-23 23:05:28,348][root][INFO] - Epoch: 346 | Loss: 0.0013 | Val - MRR: 0.3645, MR:  170.27, H@1: 0.273, H@3: 0.398, H@10: 0.551 | 
[2026-03-23 23:08:13,902][root][INFO] - Epoch: 347 | Loss: 0.0013 | Val - MRR: 0.3654, MR:  169.97, H@1: 0.273, H@3: 0.400, H@10: 0.552 | 
[2026-03-23 23:10:57,071][root][INFO] - Epoch: 348 | Loss: 0.0013 | Val - MRR: 0.3658, MR:  170.95, H@1: 0.274, H@3: 0.400, H@10: 0.552 | 
[2026-03-23 23:13:40,422][root][INFO] - Epoch: 349 | Loss: 0.0013 | Val - MRR: 0.3646, MR:  167.03, H@1: 0.273, H@3: 0.399, H@10: 0.552 | 
[2026-03-23 23:16:22,837][root][INFO] - Epoch: 350 | Loss: 0.0013 | Val - MRR: 0.3648, MR:  167.99, H@1: 0.273, H@3: 0.399, H@10: 0.552 | 
[2026-03-23 23:19:07,285][root][INFO] - Epoch: 351 | Loss: 0.0013 | Val - MRR: 0.3662, MR:  169.06, H@1: 0.275, H@3: 0.401, H@10: 0.552 | 
[2026-03-23 23:21:49,963][root][INFO] - Epoch: 352 | Loss: 0.0013 | Val - MRR: 0.3651, MR:  167.88, H@1: 0.274, H@3: 0.397, H@10: 0.551 | 
[2026-03-23 23:24:33,309][root][INFO] - Epoch: 353 | Loss: 0.0013 | Val - MRR: 0.3645, MR:  167.73, H@1: 0.273, H@3: 0.399, H@10: 0.551 | 
[2026-03-23 23:27:16,939][root][INFO] - Epoch: 354 | Loss: 0.0013 | Val - MRR: 0.3657, MR:  167.66, H@1: 0.274, H@3: 0.399, H@10: 0.552 | 
[2026-03-23 23:30:01,624][root][INFO] - Epoch: 355 | Loss: 0.0013 | Val - MRR: 0.3648, MR:  168.98, H@1: 0.273, H@3: 0.399, H@10: 0.552 | 
[2026-03-23 23:32:44,872][root][INFO] - Epoch: 356 | Loss: 0.0013 | Val - MRR: 0.3647, MR:  170.72, H@1: 0.273, H@3: 0.399, H@10: 0.550 | 
[2026-03-23 23:35:28,511][root][INFO] - Epoch: 357 | Loss: 0.0013 | Val - MRR: 0.3656, MR:  165.37, H@1: 0.273, H@3: 0.400, H@10: 0.553 | 
[2026-03-23 23:38:45,531][root][INFO] - Epoch: 358 | Loss: 0.0013 | Val - MRR: 0.3650, MR:  169.43, H@1: 0.274, H@3: 0.397, H@10: 0.551 | 
[2026-03-23 23:41:28,682][root][INFO] - Epoch: 359 | Loss: 0.0013 | Val - MRR: 0.3649, MR:  170.18, H@1: 0.273, H@3: 0.399, H@10: 0.551 | 
[2026-03-23 23:44:12,169][root][INFO] - Epoch: 360 | Loss: 0.0013 | Val - MRR: 0.3635, MR:  169.04, H@1: 0.272, H@3: 0.397, H@10: 0.551 | 
[2026-03-23 23:46:54,964][root][INFO] - Epoch: 361 | Loss: 0.0013 | Val - MRR: 0.3640, MR:  171.81, H@1: 0.272, H@3: 0.398, H@10: 0.552 | 
[2026-03-23 23:49:38,556][root][INFO] - Epoch: 362 | Loss: 0.0013 | Val - MRR: 0.3642, MR:  171.15, H@1: 0.272, H@3: 0.398, H@10: 0.552 | 
[2026-03-23 23:52:24,016][root][INFO] - Epoch: 363 | Loss: 0.0013 | Val - MRR: 0.3640, MR:  168.38, H@1: 0.272, H@3: 0.397, H@10: 0.551 | 
[2026-03-23 23:55:06,511][root][INFO] - Epoch: 364 | Loss: 0.0013 | Val - MRR: 0.3638, MR:  170.28, H@1: 0.272, H@3: 0.396, H@10: 0.550 | 
[2026-03-23 23:57:50,442][root][INFO] - Epoch: 365 | Loss: 0.0013 | Val - MRR: 0.3649, MR:  168.87, H@1: 0.274, H@3: 0.396, H@10: 0.550 | 
[2026-03-24 00:00:34,904][root][INFO] - Epoch: 366 | Loss: 0.0013 | Val - MRR: 0.3652, MR:  171.30, H@1: 0.273, H@3: 0.399, H@10: 0.551 | 
[2026-03-24 00:03:17,868][root][INFO] - Epoch: 367 | Loss: 0.0013 | Val - MRR: 0.3645, MR:  167.18, H@1: 0.273, H@3: 0.397, H@10: 0.550 | 
[2026-03-24 00:06:00,680][root][INFO] - Epoch: 368 | Loss: 0.0013 | Val - MRR: 0.3653, MR:  172.63, H@1: 0.274, H@3: 0.398, H@10: 0.551 | 
[2026-03-24 00:06:00,681][root][INFO] - Long time no improvenment, stop training...
[2026-03-24 00:06:00,681][root][INFO] - Training end...
[2026-03-24 00:06:01,013][root][INFO] - ✅ 成功加载最优模型：/home/wangwei/DSGNet-main/DSGNet/model_checkpoints/best_model_FB15k_237_20260323_222657.torch
[2026-03-24 00:06:01,013][root][INFO] - 📌 最优模型来自Epoch：332，最优MRR：0.3616
[2026-03-24 00:06:01,014][root][INFO] - Train metrics ...
[2026-03-24 00:07:05,952][root][INFO] - Train (head) - MRR: 0.6639, MR:    8.89, H@1: 0.548, H@3: 0.743, H@10: 0.873
[2026-03-24 00:07:05,952][root][INFO] - Train (tail) - MRR: 0.7494, MR:    4.96, H@1: 0.647, H@3: 0.826, H@10: 0.927
[2026-03-24 00:07:05,952][root][INFO] - Train (avg) - MRR: 0.7067, MR:    6.93, H@1: 0.597, H@3: 0.785, H@10: 0.900

[2026-03-24 00:07:05,952][root][INFO] - Valid metrics ...
[2026-03-24 00:07:21,528][root][INFO] - Valid (head) - MRR: 0.2673, MR:  214.85, H@1: 0.178, H@3: 0.292, H@10: 0.449
[2026-03-24 00:07:21,529][root][INFO] - Valid (tail) - MRR: 0.4654, MR:  118.12, H@1: 0.371, H@3: 0.508, H@10: 0.655
[2026-03-24 00:07:21,529][root][INFO] - Valid (avg) - MRR: 0.3664, MR:  166.48, H@1: 0.275, H@3: 0.400, H@10: 0.552

[2026-03-24 00:07:21,529][root][INFO] - Test metrics...
[2026-03-24 00:07:37,855][root][INFO] - Test (head) - MRR: 0.2639, MR:  217.32, H@1: 0.174, H@3: 0.290, H@10: 0.447
[2026-03-24 00:07:37,856][root][INFO] - Test (tail) - MRR: 0.4592, MR:  132.83, H@1: 0.362, H@3: 0.504, H@10: 0.650
[2026-03-24 00:07:37,856][root][INFO] - Test (avg) - MRR: 0.3616, MR:  175.08, H@1: 0.268, H@3: 0.397, H@10: 0.549

[2026-03-24 00:07:37,856][root][INFO] - Model save path: /home/wangwei/DSGNet-main/DSGNet/data/output/FB15k_237/2026-03-23/06-29-55
