[2026-04-05 22:35:17,459][root][INFO] - 
------Config------
 {'dataset': 'FB15k_237', 'epoch': 600, 'batch_size': 1024, 'learning_rate': 0.00035, 'h_dim': 480, 'pred_rel_w': False, 'label_smooth': 0.1, 'n_heads': 8, 'topk': 15, 'kg_layer': 2, 'rm_rate': 0.5, 'ent_drop': 0.3, 'rel_drop': 0.2, 'comp_op': 'mul', 'bn': False, 'k_h': 16, 'k_w': 30, 'conv_drop': 0.3, 'ent_drop_pred': 0.3, 'fc_drop': 0.5, 'ker_sz': 8, 'out_channel': 200, 'device': 0, 'max_no_improve': 35, 'cpu_worker_num': 10, 'warmup_epoch': 5}
[2026-04-05 22:35:17,459][root][INFO] - Code dir path: /home/wangwei/DSGNet-main/DSGNet/code_new
[2026-04-05 22:35:17,459][root][INFO] - Config dir path: /home/wangwei/DSGNet-main/DSGNet/config
[2026-04-05 22:35:17,460][root][INFO] - Model save path: /home/wangwei/DSGNet-main/DSGNet/data/output/FB15k_237/2026-04-05/22-35-17
[2026-04-05 22:35:22,073][root][INFO] - kg # node: 14541
[2026-04-05 22:35:22,073][root][INFO] - kg # edge: 544230
[2026-04-05 22:35:22,073][root][INFO] - kg # zero deg node: 36
[2026-04-05 22:35:22,073][root][INFO] - ---Load Train Data---
[2026-04-05 22:35:24,543][root][INFO] - -----Model Parameter Configuration-----
[2026-04-05 22:35:24,544][root][INFO] - Parameter ent_emb: torch.Size([14541, 480]), require_grad = True
[2026-04-05 22:35:24,544][root][INFO] - Parameter pred_rel_emb: torch.Size([474, 480]), require_grad = True
[2026-04-05 22:35:24,544][root][INFO] - Parameter W_fuse: torch.Size([480, 480]), require_grad = True
[2026-04-05 22:35:24,544][root][INFO] - Parameter a_fuse: torch.Size([960, 1]), require_grad = True
[2026-04-05 22:35:24,544][root][INFO] - Parameter rel_embs.0: torch.Size([474, 480]), require_grad = True
[2026-04-05 22:35:24,544][root][INFO] - Parameter rel_embs.1: torch.Size([474, 480]), require_grad = True
[2026-04-05 22:35:24,544][root][INFO] - Parameter predictor.bn0.weight: torch.Size([1]), require_grad = True
[2026-04-05 22:35:24,544][root][INFO] - Parameter predictor.bn0.bias: torch.Size([1]), require_grad = True
[2026-04-05 22:35:24,544][root][INFO] - Parameter predictor.bn1.weight: torch.Size([200]), require_grad = True
[2026-04-05 22:35:24,544][root][INFO] - Parameter predictor.bn1.bias: torch.Size([200]), require_grad = True
[2026-04-05 22:35:24,544][root][INFO] - Parameter predictor.bn2.weight: torch.Size([480]), require_grad = True
[2026-04-05 22:35:24,544][root][INFO] - Parameter predictor.bn2.bias: torch.Size([480]), require_grad = True
[2026-04-05 22:35:24,544][root][INFO] - Parameter predictor.conv.weight: torch.Size([200, 1, 8, 8]), require_grad = True
[2026-04-05 22:35:24,544][root][INFO] - Parameter predictor.fc.weight: torch.Size([480, 115000]), require_grad = True
[2026-04-05 22:35:24,544][root][INFO] - Parameter L.weight: torch.Size([480, 480]), require_grad = True
[2026-04-05 22:35:24,544][root][INFO] - Parameter L.bias: torch.Size([480]), require_grad = True
[2026-04-05 22:35:24,544][root][INFO] - Parameter S.weight: torch.Size([480, 480]), require_grad = True
[2026-04-05 22:35:24,544][root][INFO] - Parameter S.bias: torch.Size([480]), require_grad = True
[2026-04-05 22:35:24,545][root][INFO] - Parameter comp_layers.0.neigh_w: torch.Size([480, 480]), require_grad = True
[2026-04-05 22:35:24,545][root][INFO] - Parameter comp_layers.0.W.0: torch.Size([480, 60]), require_grad = True
[2026-04-05 22:35:24,545][root][INFO] - Parameter comp_layers.0.W.1: torch.Size([480, 60]), require_grad = True
[2026-04-05 22:35:24,545][root][INFO] - Parameter comp_layers.0.W.2: torch.Size([480, 60]), require_grad = True
[2026-04-05 22:35:24,545][root][INFO] - Parameter comp_layers.0.W.3: torch.Size([480, 60]), require_grad = True
[2026-04-05 22:35:24,545][root][INFO] - Parameter comp_layers.0.W.4: torch.Size([480, 60]), require_grad = True
[2026-04-05 22:35:24,545][root][INFO] - Parameter comp_layers.0.W.5: torch.Size([480, 60]), require_grad = True
[2026-04-05 22:35:24,545][root][INFO] - Parameter comp_layers.0.W.6: torch.Size([480, 60]), require_grad = True
[2026-04-05 22:35:24,545][root][INFO] - Parameter comp_layers.0.W.7: torch.Size([480, 60]), require_grad = True
[2026-04-05 22:35:24,545][root][INFO] - Parameter comp_layers.0.W_r.0: torch.Size([480, 60]), require_grad = True
[2026-04-05 22:35:24,545][root][INFO] - Parameter comp_layers.0.W_r.1: torch.Size([480, 60]), require_grad = True
[2026-04-05 22:35:24,545][root][INFO] - Parameter comp_layers.0.W_r.2: torch.Size([480, 60]), require_grad = True
[2026-04-05 22:35:24,545][root][INFO] - Parameter comp_layers.0.W_r.3: torch.Size([480, 60]), require_grad = True
[2026-04-05 22:35:24,545][root][INFO] - Parameter comp_layers.0.W_r.4: torch.Size([480, 60]), require_grad = True
[2026-04-05 22:35:24,545][root][INFO] - Parameter comp_layers.0.W_r.5: torch.Size([480, 60]), require_grad = True
[2026-04-05 22:35:24,545][root][INFO] - Parameter comp_layers.0.W_r.6: torch.Size([480, 60]), require_grad = True
[2026-04-05 22:35:24,545][root][INFO] - Parameter comp_layers.0.W_r.7: torch.Size([480, 60]), require_grad = True
[2026-04-05 22:35:24,545][root][INFO] - Parameter comp_layers.0.a.0: torch.Size([180, 1]), require_grad = True
[2026-04-05 22:35:24,545][root][INFO] - Parameter comp_layers.0.a.1: torch.Size([180, 1]), require_grad = True
[2026-04-05 22:35:24,545][root][INFO] - Parameter comp_layers.0.a.2: torch.Size([180, 1]), require_grad = True
[2026-04-05 22:35:24,545][root][INFO] - Parameter comp_layers.0.a.3: torch.Size([180, 1]), require_grad = True
[2026-04-05 22:35:24,545][root][INFO] - Parameter comp_layers.0.a.4: torch.Size([180, 1]), require_grad = True
[2026-04-05 22:35:24,545][root][INFO] - Parameter comp_layers.0.a.5: torch.Size([180, 1]), require_grad = True
[2026-04-05 22:35:24,545][root][INFO] - Parameter comp_layers.0.a.6: torch.Size([180, 1]), require_grad = True
[2026-04-05 22:35:24,546][root][INFO] - Parameter comp_layers.0.a.7: torch.Size([180, 1]), require_grad = True
[2026-04-05 22:35:24,546][root][INFO] - Parameter comp_layers.1.neigh_w: torch.Size([480, 480]), require_grad = True
[2026-04-05 22:35:24,546][root][INFO] - Parameter comp_layers.1.W.0: torch.Size([480, 60]), require_grad = True
[2026-04-05 22:35:24,546][root][INFO] - Parameter comp_layers.1.W.1: torch.Size([480, 60]), require_grad = True
[2026-04-05 22:35:24,546][root][INFO] - Parameter comp_layers.1.W.2: torch.Size([480, 60]), require_grad = True
[2026-04-05 22:35:24,546][root][INFO] - Parameter comp_layers.1.W.3: torch.Size([480, 60]), require_grad = True
[2026-04-05 22:35:24,546][root][INFO] - Parameter comp_layers.1.W.4: torch.Size([480, 60]), require_grad = True
[2026-04-05 22:35:24,546][root][INFO] - Parameter comp_layers.1.W.5: torch.Size([480, 60]), require_grad = True
[2026-04-05 22:35:24,546][root][INFO] - Parameter comp_layers.1.W.6: torch.Size([480, 60]), require_grad = True
[2026-04-05 22:35:24,546][root][INFO] - Parameter comp_layers.1.W.7: torch.Size([480, 60]), require_grad = True
[2026-04-05 22:35:24,546][root][INFO] - Parameter comp_layers.1.W_r.0: torch.Size([480, 60]), require_grad = True
[2026-04-05 22:35:24,546][root][INFO] - Parameter comp_layers.1.W_r.1: torch.Size([480, 60]), require_grad = True
[2026-04-05 22:35:24,546][root][INFO] - Parameter comp_layers.1.W_r.2: torch.Size([480, 60]), require_grad = True
[2026-04-05 22:35:24,546][root][INFO] - Parameter comp_layers.1.W_r.3: torch.Size([480, 60]), require_grad = True
[2026-04-05 22:35:24,546][root][INFO] - Parameter comp_layers.1.W_r.4: torch.Size([480, 60]), require_grad = True
[2026-04-05 22:35:24,546][root][INFO] - Parameter comp_layers.1.W_r.5: torch.Size([480, 60]), require_grad = True
[2026-04-05 22:35:24,546][root][INFO] - Parameter comp_layers.1.W_r.6: torch.Size([480, 60]), require_grad = True
[2026-04-05 22:35:24,546][root][INFO] - Parameter comp_layers.1.W_r.7: torch.Size([480, 60]), require_grad = True
[2026-04-05 22:35:24,546][root][INFO] - Parameter comp_layers.1.a.0: torch.Size([180, 1]), require_grad = True
[2026-04-05 22:35:24,546][root][INFO] - Parameter comp_layers.1.a.1: torch.Size([180, 1]), require_grad = True
[2026-04-05 22:35:24,546][root][INFO] - Parameter comp_layers.1.a.2: torch.Size([180, 1]), require_grad = True
[2026-04-05 22:35:24,546][root][INFO] - Parameter comp_layers.1.a.3: torch.Size([180, 1]), require_grad = True
[2026-04-05 22:35:24,546][root][INFO] - Parameter comp_layers.1.a.4: torch.Size([180, 1]), require_grad = True
[2026-04-05 22:35:24,546][root][INFO] - Parameter comp_layers.1.a.5: torch.Size([180, 1]), require_grad = True
[2026-04-05 22:35:24,547][root][INFO] - Parameter comp_layers.1.a.6: torch.Size([180, 1]), require_grad = True
[2026-04-05 22:35:24,547][root][INFO] - Parameter comp_layers.1.a.7: torch.Size([180, 1]), require_grad = True
[2026-04-05 22:35:25,454][root][INFO] - Training... total epoch: 600, step: 88200
[2026-04-05 22:38:18,274][root][INFO] - Epoch:   0 | Loss: 0.4442 | Val - MRR: 0.0015, MR: 6611.38, H@1: 0.000, H@3: 0.000, H@10: 0.000 | Test - MRR: 0.0015 | *
[2026-04-05 22:41:11,037][root][INFO] - Epoch:   1 | Loss: 0.0060 | Val - MRR: 0.0098, MR: 5543.51, H@1: 0.006, H@3: 0.009, H@10: 0.010 | Test - MRR: 0.0096 | *
[2026-04-05 22:44:04,314][root][INFO] - Epoch:   2 | Loss: 0.0033 | Val - MRR: 0.0384, MR: 4094.24, H@1: 0.030, H@3: 0.037, H@10: 0.048 | Test - MRR: 0.0379 | *
[2026-04-05 22:46:55,807][root][INFO] - Epoch:   3 | Loss: 0.0027 | Val - MRR: 0.0815, MR: 2778.53, H@1: 0.065, H@3: 0.085, H@10: 0.102 | Test - MRR: 0.0794 | *
[2026-04-05 22:49:46,184][root][INFO] - Epoch:   4 | Loss: 0.0026 | Val - MRR: 0.1093, MR: 2053.62, H@1: 0.081, H@3: 0.117, H@10: 0.153 | Test - MRR: 0.1085 | *
[2026-04-05 22:52:34,872][root][INFO] - Epoch:   5 | Loss: 0.0025 | Val - MRR: 0.1348, MR: 1619.28, H@1: 0.099, H@3: 0.145, H@10: 0.196 | Test - MRR: 0.1344 | *
[2026-04-05 22:55:25,092][root][INFO] - Epoch:   6 | Loss: 0.0024 | Val - MRR: 0.1597, MR: 1315.65, H@1: 0.117, H@3: 0.173, H@10: 0.236 | Test - MRR: 0.1578 | *
[2026-04-05 22:58:14,780][root][INFO] - Epoch:   7 | Loss: 0.0023 | Val - MRR: 0.1707, MR: 1102.13, H@1: 0.124, H@3: 0.184, H@10: 0.256 | Test - MRR: 0.1686 | *
[2026-04-05 23:01:02,733][root][INFO] - Epoch:   8 | Loss: 0.0023 | Val - MRR: 0.1770, MR:  954.25, H@1: 0.129, H@3: 0.189, H@10: 0.270 | Test - MRR: 0.1746 | *
[2026-04-05 23:03:53,826][root][INFO] - Epoch:   9 | Loss: 0.0022 | Val - MRR: 0.1854, MR:  858.74, H@1: 0.135, H@3: 0.199, H@10: 0.281 | Test - MRR: 0.1834 | *
[2026-04-05 23:06:44,236][root][INFO] - Epoch:  10 | Loss: 0.0022 | Val - MRR: 0.1906, MR:  761.42, H@1: 0.137, H@3: 0.206, H@10: 0.292 | Test - MRR: 0.1889 | *
[2026-04-05 23:09:34,143][root][INFO] - Epoch:  11 | Loss: 0.0021 | Val - MRR: 0.1969, MR:  683.58, H@1: 0.143, H@3: 0.211, H@10: 0.301 | Test - MRR: 0.1954 | *
[2026-04-05 23:12:25,253][root][INFO] - Epoch:  12 | Loss: 0.0021 | Val - MRR: 0.2012, MR:  631.17, H@1: 0.146, H@3: 0.215, H@10: 0.310 | Test - MRR: 0.2001 | *
[2026-04-05 23:15:16,642][root][INFO] - Epoch:  13 | Loss: 0.0021 | Val - MRR: 0.2055, MR:  585.05, H@1: 0.149, H@3: 0.221, H@10: 0.317 | Test - MRR: 0.2049 | *
[2026-04-05 23:18:07,032][root][INFO] - Epoch:  14 | Loss: 0.0021 | Val - MRR: 0.2092, MR:  555.65, H@1: 0.151, H@3: 0.226, H@10: 0.323 | Test - MRR: 0.2086 | *
[2026-04-05 23:20:58,864][root][INFO] - Epoch:  15 | Loss: 0.0020 | Val - MRR: 0.2111, MR:  532.46, H@1: 0.153, H@3: 0.227, H@10: 0.325 | Test - MRR: 0.2106 | *
[2026-04-05 23:23:47,365][root][INFO] - Epoch:  16 | Loss: 0.0020 | Val - MRR: 0.2138, MR:  515.50, H@1: 0.155, H@3: 0.231, H@10: 0.327 | Test - MRR: 0.2138 | *
[2026-04-05 23:26:37,598][root][INFO] - Epoch:  17 | Loss: 0.0020 | Val - MRR: 0.2173, MR:  494.44, H@1: 0.158, H@3: 0.234, H@10: 0.331 | Test - MRR: 0.2163 | *
[2026-04-05 23:29:28,407][root][INFO] - Epoch:  18 | Loss: 0.0020 | Val - MRR: 0.2185, MR:  474.15, H@1: 0.158, H@3: 0.235, H@10: 0.336 | Test - MRR: 0.2178 | *
[2026-04-05 23:32:18,007][root][INFO] - Epoch:  19 | Loss: 0.0020 | Val - MRR: 0.2208, MR:  465.50, H@1: 0.160, H@3: 0.238, H@10: 0.339 | Test - MRR: 0.2195 | *
[2026-04-05 23:35:09,576][root][INFO] - Epoch:  20 | Loss: 0.0019 | Val - MRR: 0.2220, MR:  458.70, H@1: 0.160, H@3: 0.241, H@10: 0.341 | Test - MRR: 0.2213 | *
[2026-04-05 23:37:58,828][root][INFO] - Epoch:  21 | Loss: 0.0019 | Val - MRR: 0.2232, MR:  449.61, H@1: 0.161, H@3: 0.242, H@10: 0.343 | Test - MRR: 0.2229 | *
[2026-04-05 23:40:49,991][root][INFO] - Epoch:  22 | Loss: 0.0019 | Val - MRR: 0.2258, MR:  438.46, H@1: 0.163, H@3: 0.245, H@10: 0.347 | Test - MRR: 0.2251 | *
[2026-04-05 23:43:39,209][root][INFO] - Epoch:  23 | Loss: 0.0019 | Val - MRR: 0.2286, MR:  423.96, H@1: 0.166, H@3: 0.247, H@10: 0.350 | Test - MRR: 0.2275 | *
[2026-04-05 23:46:29,551][root][INFO] - Epoch:  24 | Loss: 0.0019 | Val - MRR: 0.2305, MR:  412.94, H@1: 0.167, H@3: 0.249, H@10: 0.353 | Test - MRR: 0.2286 | *
[2026-04-05 23:49:19,139][root][INFO] - Epoch:  25 | Loss: 0.0019 | Val - MRR: 0.2332, MR:  397.59, H@1: 0.169, H@3: 0.253, H@10: 0.355 | Test - MRR: 0.2321 | *
[2026-04-05 23:52:08,714][root][INFO] - Epoch:  26 | Loss: 0.0019 | Val - MRR: 0.2343, MR:  389.88, H@1: 0.170, H@3: 0.253, H@10: 0.358 | Test - MRR: 0.2325 | *
[2026-04-05 23:54:56,207][root][INFO] - Epoch:  27 | Loss: 0.0019 | Val - MRR: 0.2369, MR:  379.83, H@1: 0.172, H@3: 0.256, H@10: 0.361 | Test - MRR: 0.2354 | *
[2026-04-05 23:57:44,986][root][INFO] - Epoch:  28 | Loss: 0.0019 | Val - MRR: 0.2382, MR:  375.12, H@1: 0.172, H@3: 0.259, H@10: 0.365 | Test - MRR: 0.2372 | *
[2026-04-06 00:00:34,292][root][INFO] - Epoch:  29 | Loss: 0.0019 | Val - MRR: 0.2394, MR:  372.00, H@1: 0.174, H@3: 0.259, H@10: 0.366 | Test - MRR: 0.2374 | *
[2026-04-06 00:03:22,355][root][INFO] - Epoch:  30 | Loss: 0.0019 | Val - MRR: 0.2420, MR:  368.43, H@1: 0.176, H@3: 0.262, H@10: 0.370 | Test - MRR: 0.2402 | *
[2026-04-06 00:05:54,139][root][INFO] - Epoch:  31 | Loss: 0.0018 | Val - MRR: 0.2419, MR:  364.53, H@1: 0.175, H@3: 0.263, H@10: 0.370 | 
[2026-04-06 00:08:43,439][root][INFO] - Epoch:  32 | Loss: 0.0018 | Val - MRR: 0.2449, MR:  359.80, H@1: 0.179, H@3: 0.264, H@10: 0.373 | Test - MRR: 0.2425 | *
[2026-04-06 00:11:29,409][root][INFO] - Epoch:  33 | Loss: 0.0018 | Val - MRR: 0.2471, MR:  353.99, H@1: 0.181, H@3: 0.267, H@10: 0.375 | Test - MRR: 0.2445 | *
[2026-04-06 00:14:16,347][root][INFO] - Epoch:  34 | Loss: 0.0018 | Val - MRR: 0.2481, MR:  359.62, H@1: 0.182, H@3: 0.267, H@10: 0.376 | Test - MRR: 0.2465 | *
[2026-04-06 00:17:03,798][root][INFO] - Epoch:  35 | Loss: 0.0018 | Val - MRR: 0.2498, MR:  351.29, H@1: 0.182, H@3: 0.270, H@10: 0.378 | Test - MRR: 0.2483 | *
[2026-04-06 00:19:48,835][root][INFO] - Epoch:  36 | Loss: 0.0018 | Val - MRR: 0.2520, MR:  342.97, H@1: 0.185, H@3: 0.272, H@10: 0.381 | Test - MRR: 0.2496 | *
[2026-04-06 00:22:35,983][root][INFO] - Epoch:  37 | Loss: 0.0018 | Val - MRR: 0.2530, MR:  331.44, H@1: 0.185, H@3: 0.274, H@10: 0.384 | Test - MRR: 0.2510 | *
[2026-04-06 00:25:22,366][root][INFO] - Epoch:  38 | Loss: 0.0018 | Val - MRR: 0.2558, MR:  325.44, H@1: 0.188, H@3: 0.277, H@10: 0.387 | Test - MRR: 0.2533 | *
[2026-04-06 00:28:10,062][root][INFO] - Epoch:  39 | Loss: 0.0018 | Val - MRR: 0.2561, MR:  332.88, H@1: 0.186, H@3: 0.278, H@10: 0.389 | Test - MRR: 0.2546 | *
[2026-04-06 00:30:55,489][root][INFO] - Epoch:  40 | Loss: 0.0018 | Val - MRR: 0.2582, MR:  318.79, H@1: 0.189, H@3: 0.279, H@10: 0.392 | Test - MRR: 0.2567 | *
[2026-04-06 00:33:40,232][root][INFO] - Epoch:  41 | Loss: 0.0018 | Val - MRR: 0.2589, MR:  320.90, H@1: 0.190, H@3: 0.280, H@10: 0.394 | Test - MRR: 0.2566 | *
[2026-04-06 00:36:25,847][root][INFO] - Epoch:  42 | Loss: 0.0018 | Val - MRR: 0.2615, MR:  306.01, H@1: 0.192, H@3: 0.283, H@10: 0.395 | Test - MRR: 0.2601 | *
[2026-04-06 00:39:11,343][root][INFO] - Epoch:  43 | Loss: 0.0018 | Val - MRR: 0.2632, MR:  306.87, H@1: 0.194, H@3: 0.284, H@10: 0.397 | Test - MRR: 0.2601 | *
[2026-04-06 00:41:58,606][root][INFO] - Epoch:  44 | Loss: 0.0017 | Val - MRR: 0.2645, MR:  297.42, H@1: 0.194, H@3: 0.287, H@10: 0.401 | Test - MRR: 0.2627 | *
[2026-04-06 00:44:42,863][root][INFO] - Epoch:  45 | Loss: 0.0017 | Val - MRR: 0.2660, MR:  289.32, H@1: 0.195, H@3: 0.287, H@10: 0.404 | Test - MRR: 0.2637 | *
[2026-04-06 00:47:28,814][root][INFO] - Epoch:  46 | Loss: 0.0017 | Val - MRR: 0.2689, MR:  285.56, H@1: 0.197, H@3: 0.291, H@10: 0.407 | Test - MRR: 0.2666 | *
[2026-04-06 00:50:13,778][root][INFO] - Epoch:  47 | Loss: 0.0017 | Val - MRR: 0.2694, MR:  284.63, H@1: 0.198, H@3: 0.292, H@10: 0.407 | Test - MRR: 0.2664 | *
[2026-04-06 00:53:00,528][root][INFO] - Epoch:  48 | Loss: 0.0017 | Val - MRR: 0.2732, MR:  275.16, H@1: 0.202, H@3: 0.294, H@10: 0.412 | Test - MRR: 0.2711 | *
[2026-04-06 00:55:46,585][root][INFO] - Epoch:  49 | Loss: 0.0017 | Val - MRR: 0.2740, MR:  270.32, H@1: 0.201, H@3: 0.298, H@10: 0.414 | Test - MRR: 0.2719 | *
[2026-04-06 00:58:32,894][root][INFO] - Epoch:  50 | Loss: 0.0017 | Val - MRR: 0.2768, MR:  272.62, H@1: 0.204, H@3: 0.299, H@10: 0.418 | Test - MRR: 0.2749 | *
[2026-04-06 01:01:19,200][root][INFO] - Epoch:  51 | Loss: 0.0017 | Val - MRR: 0.2773, MR:  271.25, H@1: 0.203, H@3: 0.302, H@10: 0.420 | Test - MRR: 0.2749 | *
[2026-04-06 01:04:07,376][root][INFO] - Epoch:  52 | Loss: 0.0017 | Val - MRR: 0.2809, MR:  271.35, H@1: 0.207, H@3: 0.305, H@10: 0.423 | Test - MRR: 0.2766 | *
[2026-04-06 01:06:53,483][root][INFO] - Epoch:  53 | Loss: 0.0017 | Val - MRR: 0.2808, MR:  264.58, H@1: 0.207, H@3: 0.304, H@10: 0.423 | Test - MRR: 0.2779 | *
[2026-04-06 01:09:39,666][root][INFO] - Epoch:  54 | Loss: 0.0017 | Val - MRR: 0.2835, MR:  248.17, H@1: 0.210, H@3: 0.306, H@10: 0.428 | Test - MRR: 0.2798 | *
[2026-04-06 01:12:24,742][root][INFO] - Epoch:  55 | Loss: 0.0017 | Val - MRR: 0.2844, MR:  248.08, H@1: 0.208, H@3: 0.309, H@10: 0.430 | Test - MRR: 0.2817 | *
[2026-04-06 01:15:13,511][root][INFO] - Epoch:  56 | Loss: 0.0017 | Val - MRR: 0.2867, MR:  246.23, H@1: 0.212, H@3: 0.310, H@10: 0.432 | Test - MRR: 0.2832 | *
[2026-04-06 01:18:00,325][root][INFO] - Epoch:  57 | Loss: 0.0017 | Val - MRR: 0.2900, MR:  241.61, H@1: 0.215, H@3: 0.313, H@10: 0.438 | Test - MRR: 0.2864 | *
[2026-04-06 01:20:46,791][root][INFO] - Epoch:  58 | Loss: 0.0016 | Val - MRR: 0.2907, MR:  243.47, H@1: 0.214, H@3: 0.316, H@10: 0.438 | Test - MRR: 0.2872 | *
[2026-04-06 01:23:34,626][root][INFO] - Epoch:  59 | Loss: 0.0016 | Val - MRR: 0.2913, MR:  242.98, H@1: 0.215, H@3: 0.316, H@10: 0.439 | Test - MRR: 0.2889 | *
[2026-04-06 01:26:24,358][root][INFO] - Epoch:  60 | Loss: 0.0016 | Val - MRR: 0.2953, MR:  247.45, H@1: 0.218, H@3: 0.320, H@10: 0.446 | Test - MRR: 0.2930 | *
[2026-04-06 01:29:11,177][root][INFO] - Epoch:  61 | Loss: 0.0016 | Val - MRR: 0.2972, MR:  255.73, H@1: 0.220, H@3: 0.323, H@10: 0.450 | Test - MRR: 0.2945 | *
[2026-04-06 01:31:59,114][root][INFO] - Epoch:  62 | Loss: 0.0016 | Val - MRR: 0.2981, MR:  230.47, H@1: 0.220, H@3: 0.324, H@10: 0.450 | Test - MRR: 0.2949 | *
[2026-04-06 01:34:47,671][root][INFO] - Epoch:  63 | Loss: 0.0016 | Val - MRR: 0.2997, MR:  219.78, H@1: 0.221, H@3: 0.325, H@10: 0.453 | Test - MRR: 0.2968 | *
[2026-04-06 01:37:35,486][root][INFO] - Epoch:  64 | Loss: 0.0016 | Val - MRR: 0.3015, MR:  228.43, H@1: 0.222, H@3: 0.328, H@10: 0.457 | Test - MRR: 0.2982 | *
[2026-04-06 01:40:23,411][root][INFO] - Epoch:  65 | Loss: 0.0016 | Val - MRR: 0.3031, MR:  221.76, H@1: 0.224, H@3: 0.329, H@10: 0.460 | Test - MRR: 0.2987 | *
[2026-04-06 01:43:11,556][root][INFO] - Epoch:  66 | Loss: 0.0016 | Val - MRR: 0.3055, MR:  217.54, H@1: 0.225, H@3: 0.332, H@10: 0.463 | Test - MRR: 0.3030 | *
[2026-04-06 01:45:59,134][root][INFO] - Epoch:  67 | Loss: 0.0016 | Val - MRR: 0.3055, MR:  217.81, H@1: 0.225, H@3: 0.332, H@10: 0.466 | Test - MRR: 0.3026 | *
[2026-04-06 01:48:46,800][root][INFO] - Epoch:  68 | Loss: 0.0016 | Val - MRR: 0.3096, MR:  206.18, H@1: 0.229, H@3: 0.335, H@10: 0.469 | Test - MRR: 0.3058 | *
[2026-04-06 01:51:34,903][root][INFO] - Epoch:  69 | Loss: 0.0016 | Val - MRR: 0.3115, MR:  208.38, H@1: 0.231, H@3: 0.337, H@10: 0.473 | Test - MRR: 0.3075 | *
[2026-04-06 01:54:24,532][root][INFO] - Epoch:  70 | Loss: 0.0016 | Val - MRR: 0.3130, MR:  204.81, H@1: 0.233, H@3: 0.339, H@10: 0.472 | Test - MRR: 0.3096 | *
[2026-04-06 01:56:54,401][root][INFO] - Epoch:  71 | Loss: 0.0016 | Val - MRR: 0.3122, MR:  206.46, H@1: 0.230, H@3: 0.340, H@10: 0.476 | 
[2026-04-06 01:59:41,584][root][INFO] - Epoch:  72 | Loss: 0.0016 | Val - MRR: 0.3141, MR:  204.36, H@1: 0.232, H@3: 0.341, H@10: 0.476 | Test - MRR: 0.3110 | *
[2026-04-06 02:02:31,431][root][INFO] - Epoch:  73 | Loss: 0.0016 | Val - MRR: 0.3150, MR:  198.20, H@1: 0.233, H@3: 0.342, H@10: 0.479 | Test - MRR: 0.3116 | *
[2026-04-06 02:05:19,303][root][INFO] - Epoch:  74 | Loss: 0.0016 | Val - MRR: 0.3165, MR:  198.84, H@1: 0.234, H@3: 0.344, H@10: 0.483 | Test - MRR: 0.3133 | *
[2026-04-06 02:08:07,806][root][INFO] - Epoch:  75 | Loss: 0.0015 | Val - MRR: 0.3193, MR:  191.77, H@1: 0.237, H@3: 0.346, H@10: 0.484 | Test - MRR: 0.3150 | *
[2026-04-06 02:10:55,702][root][INFO] - Epoch:  76 | Loss: 0.0015 | Val - MRR: 0.3196, MR:  192.62, H@1: 0.236, H@3: 0.348, H@10: 0.486 | Test - MRR: 0.3168 | *
[2026-04-06 02:13:41,265][root][INFO] - Epoch:  77 | Loss: 0.0015 | Val - MRR: 0.3200, MR:  204.35, H@1: 0.236, H@3: 0.348, H@10: 0.487 | Test - MRR: 0.3168 | *
[2026-04-06 02:16:29,858][root][INFO] - Epoch:  78 | Loss: 0.0015 | Val - MRR: 0.3209, MR:  202.97, H@1: 0.238, H@3: 0.349, H@10: 0.487 | Test - MRR: 0.3182 | *
[2026-04-06 02:19:19,422][root][INFO] - Epoch:  79 | Loss: 0.0015 | Val - MRR: 0.3230, MR:  199.53, H@1: 0.239, H@3: 0.351, H@10: 0.489 | Test - MRR: 0.3191 | *
[2026-04-06 02:22:07,104][root][INFO] - Epoch:  80 | Loss: 0.0015 | Val - MRR: 0.3255, MR:  194.42, H@1: 0.242, H@3: 0.353, H@10: 0.493 | Test - MRR: 0.3223 | *
[2026-04-06 02:24:54,244][root][INFO] - Epoch:  81 | Loss: 0.0015 | Val - MRR: 0.3254, MR:  192.27, H@1: 0.240, H@3: 0.355, H@10: 0.496 | Test - MRR: 0.3227 | *
[2026-04-06 02:27:42,799][root][INFO] - Epoch:  82 | Loss: 0.0015 | Val - MRR: 0.3277, MR:  188.41, H@1: 0.243, H@3: 0.357, H@10: 0.496 | Test - MRR: 0.3246 | *
[2026-04-06 02:30:31,159][root][INFO] - Epoch:  83 | Loss: 0.0015 | Val - MRR: 0.3272, MR:  191.64, H@1: 0.242, H@3: 0.357, H@10: 0.497 | Test - MRR: 0.3254 | *
[2026-04-06 02:33:18,163][root][INFO] - Epoch:  84 | Loss: 0.0015 | Val - MRR: 0.3285, MR:  189.14, H@1: 0.243, H@3: 0.357, H@10: 0.499 | Test - MRR: 0.3259 | *
[2026-04-06 02:36:05,443][root][INFO] - Epoch:  85 | Loss: 0.0015 | Val - MRR: 0.3288, MR:  192.31, H@1: 0.244, H@3: 0.356, H@10: 0.497 | Test - MRR: 0.3251 | *
[2026-04-06 02:38:52,591][root][INFO] - Epoch:  86 | Loss: 0.0015 | Val - MRR: 0.3313, MR:  191.48, H@1: 0.246, H@3: 0.361, H@10: 0.502 | Test - MRR: 0.3281 | *
[2026-04-06 02:41:23,845][root][INFO] - Epoch:  87 | Loss: 0.0015 | Val - MRR: 0.3310, MR:  188.05, H@1: 0.246, H@3: 0.360, H@10: 0.502 | 
[2026-04-06 02:43:55,561][root][INFO] - Epoch:  88 | Loss: 0.0015 | Val - MRR: 0.3309, MR:  186.59, H@1: 0.246, H@3: 0.359, H@10: 0.502 | 
[2026-04-06 02:46:41,304][root][INFO] - Epoch:  89 | Loss: 0.0015 | Val - MRR: 0.3325, MR:  185.56, H@1: 0.247, H@3: 0.362, H@10: 0.502 | Test - MRR: 0.3299 | *
[2026-04-06 02:49:31,388][root][INFO] - Epoch:  90 | Loss: 0.0015 | Val - MRR: 0.3351, MR:  184.43, H@1: 0.249, H@3: 0.365, H@10: 0.509 | Test - MRR: 0.3314 | *
[2026-04-06 02:52:19,801][root][INFO] - Epoch:  91 | Loss: 0.0015 | Val - MRR: 0.3354, MR:  184.68, H@1: 0.249, H@3: 0.365, H@10: 0.508 | Test - MRR: 0.3323 | *
[2026-04-06 02:54:50,421][root][INFO] - Epoch:  92 | Loss: 0.0015 | Val - MRR: 0.3350, MR:  182.58, H@1: 0.248, H@3: 0.366, H@10: 0.508 | 
[2026-04-06 02:57:22,630][root][INFO] - Epoch:  93 | Loss: 0.0015 | Val - MRR: 0.3348, MR:  177.77, H@1: 0.249, H@3: 0.364, H@10: 0.508 | 
[2026-04-06 03:00:11,027][root][INFO] - Epoch:  94 | Loss: 0.0015 | Val - MRR: 0.3372, MR:  177.16, H@1: 0.252, H@3: 0.366, H@10: 0.511 | Test - MRR: 0.3344 | *
[2026-04-06 03:02:59,499][root][INFO] - Epoch:  95 | Loss: 0.0015 | Val - MRR: 0.3374, MR:  176.18, H@1: 0.250, H@3: 0.369, H@10: 0.512 | Test - MRR: 0.3350 | *
[2026-04-06 03:05:47,662][root][INFO] - Epoch:  96 | Loss: 0.0015 | Val - MRR: 0.3382, MR:  176.13, H@1: 0.251, H@3: 0.370, H@10: 0.509 | Test - MRR: 0.3361 | *
[2026-04-06 03:08:34,217][root][INFO] - Epoch:  97 | Loss: 0.0015 | Val - MRR: 0.3395, MR:  175.75, H@1: 0.252, H@3: 0.370, H@10: 0.513 | Test - MRR: 0.3360 | *
[2026-04-06 03:11:04,813][root][INFO] - Epoch:  98 | Loss: 0.0015 | Val - MRR: 0.3392, MR:  175.65, H@1: 0.253, H@3: 0.369, H@10: 0.514 | 
[2026-04-06 03:13:54,144][root][INFO] - Epoch:  99 | Loss: 0.0015 | Val - MRR: 0.3405, MR:  173.68, H@1: 0.253, H@3: 0.371, H@10: 0.516 | Test - MRR: 0.3372 | *
[2026-04-06 03:16:24,374][root][INFO] - Epoch: 100 | Loss: 0.0015 | Val - MRR: 0.3397, MR:  172.51, H@1: 0.253, H@3: 0.370, H@10: 0.515 | 
[2026-04-06 03:18:55,821][root][INFO] - Epoch: 101 | Loss: 0.0015 | Val - MRR: 0.3399, MR:  175.27, H@1: 0.251, H@3: 0.372, H@10: 0.516 | 
[2026-04-06 03:21:26,760][root][INFO] - Epoch: 102 | Loss: 0.0015 | Val - MRR: 0.3395, MR:  172.83, H@1: 0.251, H@3: 0.371, H@10: 0.517 | 
[2026-04-06 03:24:16,801][root][INFO] - Epoch: 103 | Loss: 0.0015 | Val - MRR: 0.3417, MR:  175.92, H@1: 0.253, H@3: 0.374, H@10: 0.519 | Test - MRR: 0.3388 | *
[2026-04-06 03:27:02,564][root][INFO] - Epoch: 104 | Loss: 0.0015 | Val - MRR: 0.3429, MR:  175.80, H@1: 0.255, H@3: 0.374, H@10: 0.521 | Test - MRR: 0.3390 | *
[2026-04-06 03:29:50,138][root][INFO] - Epoch: 105 | Loss: 0.0015 | Val - MRR: 0.3454, MR:  173.01, H@1: 0.257, H@3: 0.376, H@10: 0.521 | Test - MRR: 0.3414 | *
[2026-04-06 03:32:19,787][root][INFO] - Epoch: 106 | Loss: 0.0014 | Val - MRR: 0.3445, MR:  172.86, H@1: 0.256, H@3: 0.376, H@10: 0.522 | 
[2026-04-06 03:34:51,844][root][INFO] - Epoch: 107 | Loss: 0.0014 | Val - MRR: 0.3444, MR:  172.22, H@1: 0.255, H@3: 0.376, H@10: 0.523 | 
[2026-04-06 03:37:40,814][root][INFO] - Epoch: 108 | Loss: 0.0014 | Val - MRR: 0.3447, MR:  171.04, H@1: 0.256, H@3: 0.377, H@10: 0.524 | Test - MRR: 0.3422 | *
[2026-04-06 03:40:32,393][root][INFO] - Epoch: 109 | Loss: 0.0014 | Val - MRR: 0.3462, MR:  167.81, H@1: 0.257, H@3: 0.379, H@10: 0.525 | Test - MRR: 0.3424 | *
[2026-04-06 03:43:19,388][root][INFO] - Epoch: 110 | Loss: 0.0014 | Val - MRR: 0.3465, MR:  166.65, H@1: 0.258, H@3: 0.379, H@10: 0.524 | Test - MRR: 0.3419 | *
[2026-04-06 03:46:08,175][root][INFO] - Epoch: 111 | Loss: 0.0014 | Val - MRR: 0.3482, MR:  170.06, H@1: 0.260, H@3: 0.380, H@10: 0.526 | Test - MRR: 0.3438 | *
[2026-04-06 03:48:58,795][root][INFO] - Epoch: 112 | Loss: 0.0014 | Val - MRR: 0.3476, MR:  168.20, H@1: 0.260, H@3: 0.379, H@10: 0.527 | Test - MRR: 0.3441 | *
[2026-04-06 03:51:31,191][root][INFO] - Epoch: 113 | Loss: 0.0014 | Val - MRR: 0.3476, MR:  166.45, H@1: 0.259, H@3: 0.380, H@10: 0.528 | 
[2026-04-06 03:54:20,084][root][INFO] - Epoch: 114 | Loss: 0.0014 | Val - MRR: 0.3482, MR:  166.14, H@1: 0.260, H@3: 0.380, H@10: 0.527 | Test - MRR: 0.3443 | *
[2026-04-06 03:57:09,194][root][INFO] - Epoch: 115 | Loss: 0.0014 | Val - MRR: 0.3476, MR:  167.74, H@1: 0.258, H@3: 0.379, H@10: 0.527 | Test - MRR: 0.3450 | *
[2026-04-06 03:59:58,404][root][INFO] - Epoch: 116 | Loss: 0.0014 | Val - MRR: 0.3482, MR:  166.99, H@1: 0.259, H@3: 0.380, H@10: 0.528 | Test - MRR: 0.3450 | *
[2026-04-06 04:02:46,098][root][INFO] - Epoch: 117 | Loss: 0.0014 | Val - MRR: 0.3500, MR:  168.66, H@1: 0.259, H@3: 0.385, H@10: 0.532 | Test - MRR: 0.3466 | *
[2026-04-06 04:05:40,524][root][INFO] - Epoch: 118 | Loss: 0.0014 | Val - MRR: 0.3500, MR:  171.08, H@1: 0.261, H@3: 0.381, H@10: 0.529 | Test - MRR: 0.3469 | *
[2026-04-06 04:08:13,177][root][INFO] - Epoch: 119 | Loss: 0.0014 | Val - MRR: 0.3484, MR:  165.48, H@1: 0.259, H@3: 0.381, H@10: 0.528 | 
[2026-04-06 04:10:46,375][root][INFO] - Epoch: 120 | Loss: 0.0014 | Val - MRR: 0.3500, MR:  163.73, H@1: 0.260, H@3: 0.383, H@10: 0.529 | 
[2026-04-06 04:13:20,100][root][INFO] - Epoch: 121 | Loss: 0.0014 | Val - MRR: 0.3486, MR:  167.94, H@1: 0.259, H@3: 0.382, H@10: 0.530 | 
[2026-04-06 04:15:53,817][root][INFO] - Epoch: 122 | Loss: 0.0014 | Val - MRR: 0.3489, MR:  162.97, H@1: 0.259, H@3: 0.381, H@10: 0.529 | 
[2026-04-06 04:18:43,300][root][INFO] - Epoch: 123 | Loss: 0.0014 | Val - MRR: 0.3512, MR:  163.79, H@1: 0.262, H@3: 0.384, H@10: 0.531 | Test - MRR: 0.3484 | *
[2026-04-06 04:21:16,410][root][INFO] - Epoch: 124 | Loss: 0.0014 | Val - MRR: 0.3512, MR:  166.34, H@1: 0.261, H@3: 0.385, H@10: 0.532 | 
[2026-04-06 04:24:03,854][root][INFO] - Epoch: 125 | Loss: 0.0014 | Val - MRR: 0.3516, MR:  166.52, H@1: 0.261, H@3: 0.384, H@10: 0.533 | Test - MRR: 0.3480 | *
[2026-04-06 04:26:52,457][root][INFO] - Epoch: 126 | Loss: 0.0014 | Val - MRR: 0.3527, MR:  164.25, H@1: 0.263, H@3: 0.385, H@10: 0.533 | Test - MRR: 0.3483 | *
[2026-04-06 04:29:41,612][root][INFO] - Epoch: 127 | Loss: 0.0014 | Val - MRR: 0.3522, MR:  162.13, H@1: 0.262, H@3: 0.385, H@10: 0.534 | Test - MRR: 0.3484 | *
[2026-04-06 04:32:15,025][root][INFO] - Epoch: 128 | Loss: 0.0014 | Val - MRR: 0.3511, MR:  165.21, H@1: 0.260, H@3: 0.386, H@10: 0.533 | 
[2026-04-06 04:35:04,258][root][INFO] - Epoch: 129 | Loss: 0.0014 | Val - MRR: 0.3534, MR:  165.86, H@1: 0.263, H@3: 0.388, H@10: 0.535 | Test - MRR: 0.3488 | *
[2026-04-06 04:37:53,900][root][INFO] - Epoch: 130 | Loss: 0.0014 | Val - MRR: 0.3535, MR:  175.57, H@1: 0.264, H@3: 0.387, H@10: 0.536 | Test - MRR: 0.3497 | *
[2026-04-06 04:40:43,267][root][INFO] - Epoch: 131 | Loss: 0.0014 | Val - MRR: 0.3538, MR:  168.68, H@1: 0.264, H@3: 0.387, H@10: 0.536 | Test - MRR: 0.3503 | *
[2026-04-06 04:43:34,605][root][INFO] - Epoch: 132 | Loss: 0.0014 | Val - MRR: 0.3540, MR:  163.63, H@1: 0.264, H@3: 0.388, H@10: 0.536 | Test - MRR: 0.3496 | *
[2026-04-06 04:46:24,111][root][INFO] - Epoch: 133 | Loss: 0.0014 | Val - MRR: 0.3548, MR:  162.41, H@1: 0.265, H@3: 0.388, H@10: 0.537 | Test - MRR: 0.3513 | *
[2026-04-06 04:49:14,251][root][INFO] - Epoch: 134 | Loss: 0.0014 | Val - MRR: 0.3543, MR:  162.56, H@1: 0.264, H@3: 0.388, H@10: 0.536 | Test - MRR: 0.3514 | *
[2026-04-06 04:52:03,710][root][INFO] - Epoch: 135 | Loss: 0.0014 | Val - MRR: 0.3547, MR:  162.41, H@1: 0.264, H@3: 0.388, H@10: 0.537 | Test - MRR: 0.3505 | *
[2026-04-06 04:54:53,490][root][INFO] - Epoch: 136 | Loss: 0.0014 | Val - MRR: 0.3551, MR:  164.37, H@1: 0.265, H@3: 0.390, H@10: 0.537 | Test - MRR: 0.3527 | *
[2026-04-06 04:57:27,207][root][INFO] - Epoch: 137 | Loss: 0.0014 | Val - MRR: 0.3542, MR:  162.38, H@1: 0.263, H@3: 0.389, H@10: 0.536 | 
[2026-04-06 05:00:00,930][root][INFO] - Epoch: 138 | Loss: 0.0014 | Val - MRR: 0.3547, MR:  166.03, H@1: 0.264, H@3: 0.389, H@10: 0.538 | 
[2026-04-06 05:02:49,418][root][INFO] - Epoch: 139 | Loss: 0.0014 | Val - MRR: 0.3560, MR:  161.73, H@1: 0.264, H@3: 0.392, H@10: 0.539 | Test - MRR: 0.3525 | *
[2026-04-06 05:05:24,069][root][INFO] - Epoch: 140 | Loss: 0.0014 | Val - MRR: 0.3549, MR:  162.52, H@1: 0.264, H@3: 0.389, H@10: 0.539 | 
[2026-04-06 05:08:11,631][root][INFO] - Epoch: 141 | Loss: 0.0014 | Val - MRR: 0.3568, MR:  161.01, H@1: 0.265, H@3: 0.391, H@10: 0.540 | Test - MRR: 0.3524 | *
[2026-04-06 05:10:44,788][root][INFO] - Epoch: 142 | Loss: 0.0014 | Val - MRR: 0.3562, MR:  161.63, H@1: 0.264, H@3: 0.392, H@10: 0.541 | 
[2026-04-06 05:13:33,770][root][INFO] - Epoch: 143 | Loss: 0.0014 | Val - MRR: 0.3573, MR:  163.02, H@1: 0.266, H@3: 0.393, H@10: 0.540 | Test - MRR: 0.3529 | *
[2026-04-06 05:16:24,249][root][INFO] - Epoch: 144 | Loss: 0.0014 | Val - MRR: 0.3569, MR:  162.67, H@1: 0.265, H@3: 0.392, H@10: 0.541 | Test - MRR: 0.3534 | *
[2026-04-06 05:18:56,245][root][INFO] - Epoch: 145 | Loss: 0.0014 | Val - MRR: 0.3568, MR:  162.76, H@1: 0.265, H@3: 0.392, H@10: 0.541 | 
[2026-04-06 05:21:45,259][root][INFO] - Epoch: 146 | Loss: 0.0014 | Val - MRR: 0.3570, MR:  159.44, H@1: 0.265, H@3: 0.393, H@10: 0.541 | Test - MRR: 0.3528 | *
[2026-04-06 05:24:34,296][root][INFO] - Epoch: 147 | Loss: 0.0014 | Val - MRR: 0.3589, MR:  162.28, H@1: 0.267, H@3: 0.394, H@10: 0.542 | Test - MRR: 0.3549 | *
[2026-04-06 05:27:06,046][root][INFO] - Epoch: 148 | Loss: 0.0014 | Val - MRR: 0.3578, MR:  162.57, H@1: 0.265, H@3: 0.394, H@10: 0.542 | 
[2026-04-06 05:29:39,692][root][INFO] - Epoch: 149 | Loss: 0.0014 | Val - MRR: 0.3583, MR:  163.46, H@1: 0.266, H@3: 0.395, H@10: 0.542 | 
[2026-04-06 05:32:28,459][root][INFO] - Epoch: 150 | Loss: 0.0014 | Val - MRR: 0.3594, MR:  166.11, H@1: 0.268, H@3: 0.395, H@10: 0.544 | Test - MRR: 0.3537 | *
[2026-04-06 05:35:00,967][root][INFO] - Epoch: 151 | Loss: 0.0014 | Val - MRR: 0.3587, MR:  161.26, H@1: 0.267, H@3: 0.394, H@10: 0.544 | 
[2026-04-06 05:37:34,045][root][INFO] - Epoch: 152 | Loss: 0.0014 | Val - MRR: 0.3590, MR:  162.43, H@1: 0.267, H@3: 0.395, H@10: 0.544 | 
[2026-04-06 05:40:24,270][root][INFO] - Epoch: 153 | Loss: 0.0014 | Val - MRR: 0.3605, MR:  159.97, H@1: 0.268, H@3: 0.397, H@10: 0.544 | Test - MRR: 0.3550 | *
[2026-04-06 05:43:13,668][root][INFO] - Epoch: 154 | Loss: 0.0014 | Val - MRR: 0.3600, MR:  163.95, H@1: 0.268, H@3: 0.395, H@10: 0.546 | Test - MRR: 0.3561 | *
[2026-04-06 05:45:47,249][root][INFO] - Epoch: 155 | Loss: 0.0014 | Val - MRR: 0.3584, MR:  165.74, H@1: 0.267, H@3: 0.393, H@10: 0.541 | 
[2026-04-06 05:48:20,428][root][INFO] - Epoch: 156 | Loss: 0.0014 | Val - MRR: 0.3580, MR:  163.45, H@1: 0.267, H@3: 0.392, H@10: 0.542 | 
[2026-04-06 05:50:52,940][root][INFO] - Epoch: 157 | Loss: 0.0014 | Val - MRR: 0.3598, MR:  162.76, H@1: 0.267, H@3: 0.395, H@10: 0.545 | 
[2026-04-06 05:53:41,839][root][INFO] - Epoch: 158 | Loss: 0.0014 | Val - MRR: 0.3611, MR:  164.80, H@1: 0.270, H@3: 0.394, H@10: 0.545 | Test - MRR: 0.3560 | *
[2026-04-06 05:56:14,280][root][INFO] - Epoch: 159 | Loss: 0.0014 | Val - MRR: 0.3600, MR:  164.63, H@1: 0.268, H@3: 0.394, H@10: 0.544 | 
[2026-04-06 05:58:47,816][root][INFO] - Epoch: 160 | Loss: 0.0014 | Val - MRR: 0.3590, MR:  162.57, H@1: 0.267, H@3: 0.394, H@10: 0.544 | 
[2026-04-06 06:01:37,697][root][INFO] - Epoch: 161 | Loss: 0.0014 | Val - MRR: 0.3611, MR:  161.75, H@1: 0.269, H@3: 0.396, H@10: 0.546 | Test - MRR: 0.3566 | *
[2026-04-06 06:04:11,208][root][INFO] - Epoch: 162 | Loss: 0.0014 | Val - MRR: 0.3603, MR:  163.65, H@1: 0.268, H@3: 0.397, H@10: 0.544 | 
[2026-04-06 06:07:00,186][root][INFO] - Epoch: 163 | Loss: 0.0014 | Val - MRR: 0.3612, MR:  161.18, H@1: 0.269, H@3: 0.397, H@10: 0.547 | Test - MRR: 0.3570 | *
[2026-04-06 06:09:48,964][root][INFO] - Epoch: 164 | Loss: 0.0014 | Val - MRR: 0.3617, MR:  163.87, H@1: 0.270, H@3: 0.396, H@10: 0.545 | Test - MRR: 0.3567 | *
[2026-04-06 06:12:22,660][root][INFO] - Epoch: 165 | Loss: 0.0014 | Val - MRR: 0.3602, MR:  162.34, H@1: 0.268, H@3: 0.396, H@10: 0.546 | 
[2026-04-06 06:14:55,014][root][INFO] - Epoch: 166 | Loss: 0.0014 | Val - MRR: 0.3607, MR:  163.40, H@1: 0.270, H@3: 0.395, H@10: 0.543 | 
[2026-04-06 06:17:45,162][root][INFO] - Epoch: 167 | Loss: 0.0014 | Val - MRR: 0.3625, MR:  162.14, H@1: 0.271, H@3: 0.397, H@10: 0.546 | Test - MRR: 0.3569 | *
[2026-04-06 06:20:34,990][root][INFO] - Epoch: 168 | Loss: 0.0014 | Val - MRR: 0.3629, MR:  161.27, H@1: 0.272, H@3: 0.398, H@10: 0.547 | Test - MRR: 0.3576 | *
[2026-04-06 06:23:24,201][root][INFO] - Epoch: 169 | Loss: 0.0014 | Val - MRR: 0.3634, MR:  162.25, H@1: 0.271, H@3: 0.400, H@10: 0.548 | Test - MRR: 0.3581 | *
[2026-04-06 06:25:57,443][root][INFO] - Epoch: 170 | Loss: 0.0013 | Val - MRR: 0.3614, MR:  164.96, H@1: 0.270, H@3: 0.396, H@10: 0.546 | 
[2026-04-06 06:28:30,277][root][INFO] - Epoch: 171 | Loss: 0.0013 | Val - MRR: 0.3613, MR:  162.79, H@1: 0.270, H@3: 0.395, H@10: 0.548 | 
[2026-04-06 06:31:01,897][root][INFO] - Epoch: 172 | Loss: 0.0013 | Val - MRR: 0.3620, MR:  164.54, H@1: 0.270, H@3: 0.397, H@10: 0.548 | 
[2026-04-06 06:33:37,365][root][INFO] - Epoch: 173 | Loss: 0.0013 | Val - MRR: 0.3618, MR:  164.46, H@1: 0.270, H@3: 0.397, H@10: 0.547 | 
[2026-04-06 06:36:10,082][root][INFO] - Epoch: 174 | Loss: 0.0013 | Val - MRR: 0.3613, MR:  162.60, H@1: 0.270, H@3: 0.395, H@10: 0.545 | 
[2026-04-06 06:38:43,138][root][INFO] - Epoch: 175 | Loss: 0.0013 | Val - MRR: 0.3626, MR:  164.70, H@1: 0.270, H@3: 0.399, H@10: 0.547 | 
[2026-04-06 06:41:16,235][root][INFO] - Epoch: 176 | Loss: 0.0013 | Val - MRR: 0.3623, MR:  165.21, H@1: 0.271, H@3: 0.396, H@10: 0.547 | 
[2026-04-06 06:43:49,842][root][INFO] - Epoch: 177 | Loss: 0.0013 | Val - MRR: 0.3618, MR:  165.79, H@1: 0.270, H@3: 0.397, H@10: 0.548 | 
[2026-04-06 06:46:25,000][root][INFO] - Epoch: 178 | Loss: 0.0013 | Val - MRR: 0.3622, MR:  163.31, H@1: 0.270, H@3: 0.397, H@10: 0.550 | 
[2026-04-06 06:49:14,113][root][INFO] - Epoch: 179 | Loss: 0.0013 | Val - MRR: 0.3630, MR:  161.43, H@1: 0.271, H@3: 0.398, H@10: 0.548 | Test - MRR: 0.3585 | *
[2026-04-06 06:51:48,955][root][INFO] - Epoch: 180 | Loss: 0.0013 | Val - MRR: 0.3619, MR:  164.89, H@1: 0.270, H@3: 0.397, H@10: 0.546 | 
[2026-04-06 06:54:22,695][root][INFO] - Epoch: 181 | Loss: 0.0013 | Val - MRR: 0.3625, MR:  165.79, H@1: 0.271, H@3: 0.399, H@10: 0.547 | 
[2026-04-06 06:56:55,605][root][INFO] - Epoch: 182 | Loss: 0.0013 | Val - MRR: 0.3625, MR:  162.43, H@1: 0.271, H@3: 0.397, H@10: 0.547 | 
[2026-04-06 06:59:27,597][root][INFO] - Epoch: 183 | Loss: 0.0013 | Val - MRR: 0.3620, MR:  161.53, H@1: 0.270, H@3: 0.396, H@10: 0.548 | 
[2026-04-06 07:02:02,876][root][INFO] - Epoch: 184 | Loss: 0.0013 | Val - MRR: 0.3618, MR:  165.20, H@1: 0.270, H@3: 0.396, H@10: 0.547 | 
[2026-04-06 07:04:37,427][root][INFO] - Epoch: 185 | Loss: 0.0013 | Val - MRR: 0.3624, MR:  163.88, H@1: 0.270, H@3: 0.397, H@10: 0.547 | 
[2026-04-06 07:07:26,443][root][INFO] - Epoch: 186 | Loss: 0.0013 | Val - MRR: 0.3639, MR:  164.20, H@1: 0.271, H@3: 0.401, H@10: 0.550 | Test - MRR: 0.3582 | *
[2026-04-06 07:10:01,478][root][INFO] - Epoch: 187 | Loss: 0.0013 | Val - MRR: 0.3618, MR:  164.92, H@1: 0.268, H@3: 0.399, H@10: 0.547 | 
[2026-04-06 07:12:52,887][root][INFO] - Epoch: 188 | Loss: 0.0013 | Val - MRR: 0.3647, MR:  163.17, H@1: 0.273, H@3: 0.400, H@10: 0.549 | Test - MRR: 0.3588 | *
[2026-04-06 07:15:26,970][root][INFO] - Epoch: 189 | Loss: 0.0013 | Val - MRR: 0.3625, MR:  167.91, H@1: 0.271, H@3: 0.397, H@10: 0.549 | 
[2026-04-06 07:18:01,510][root][INFO] - Epoch: 190 | Loss: 0.0013 | Val - MRR: 0.3637, MR:  162.72, H@1: 0.272, H@3: 0.398, H@10: 0.549 | 
[2026-04-06 07:20:52,850][root][INFO] - Epoch: 191 | Loss: 0.0013 | Val - MRR: 0.3640, MR:  159.61, H@1: 0.271, H@3: 0.399, H@10: 0.552 | Test - MRR: 0.3589 | *
[2026-04-06 07:23:45,078][root][INFO] - Epoch: 192 | Loss: 0.0013 | Val - MRR: 0.3642, MR:  162.84, H@1: 0.271, H@3: 0.399, H@10: 0.552 | Test - MRR: 0.3584 | *
[2026-04-06 07:26:18,663][root][INFO] - Epoch: 193 | Loss: 0.0013 | Val - MRR: 0.3623, MR:  161.42, H@1: 0.271, H@3: 0.398, H@10: 0.548 | 
[2026-04-06 07:28:52,393][root][INFO] - Epoch: 194 | Loss: 0.0013 | Val - MRR: 0.3632, MR:  163.58, H@1: 0.271, H@3: 0.398, H@10: 0.549 | 
[2026-04-06 07:31:27,313][root][INFO] - Epoch: 195 | Loss: 0.0013 | Val - MRR: 0.3627, MR:  160.90, H@1: 0.269, H@3: 0.400, H@10: 0.550 | 
[2026-04-06 07:34:17,640][root][INFO] - Epoch: 196 | Loss: 0.0013 | Val - MRR: 0.3643, MR:  164.32, H@1: 0.272, H@3: 0.400, H@10: 0.549 | Test - MRR: 0.3588 | *
[2026-04-06 07:36:51,581][root][INFO] - Epoch: 197 | Loss: 0.0013 | Val - MRR: 0.3641, MR:  166.04, H@1: 0.272, H@3: 0.399, H@10: 0.550 | 
[2026-04-06 07:39:26,520][root][INFO] - Epoch: 198 | Loss: 0.0013 | Val - MRR: 0.3628, MR:  167.87, H@1: 0.270, H@3: 0.399, H@10: 0.550 | 
[2026-04-06 07:42:01,576][root][INFO] - Epoch: 199 | Loss: 0.0013 | Val - MRR: 0.3634, MR:  163.67, H@1: 0.271, H@3: 0.399, H@10: 0.550 | 
[2026-04-06 07:44:35,931][root][INFO] - Epoch: 200 | Loss: 0.0013 | Val - MRR: 0.3638, MR:  166.94, H@1: 0.272, H@3: 0.398, H@10: 0.549 | 
[2026-04-06 07:47:10,020][root][INFO] - Epoch: 201 | Loss: 0.0013 | Val - MRR: 0.3621, MR:  167.48, H@1: 0.269, H@3: 0.398, H@10: 0.549 | 
[2026-04-06 07:49:45,090][root][INFO] - Epoch: 202 | Loss: 0.0013 | Val - MRR: 0.3625, MR:  165.25, H@1: 0.270, H@3: 0.398, H@10: 0.548 | 
[2026-04-06 07:52:19,983][root][INFO] - Epoch: 203 | Loss: 0.0013 | Val - MRR: 0.3627, MR:  168.97, H@1: 0.271, H@3: 0.398, H@10: 0.549 | 
[2026-04-06 07:54:54,910][root][INFO] - Epoch: 204 | Loss: 0.0013 | Val - MRR: 0.3626, MR:  164.30, H@1: 0.271, H@3: 0.397, H@10: 0.549 | 
[2026-04-06 07:57:29,421][root][INFO] - Epoch: 205 | Loss: 0.0013 | Val - MRR: 0.3633, MR:  168.59, H@1: 0.271, H@3: 0.398, H@10: 0.548 | 
[2026-04-06 08:00:03,727][root][INFO] - Epoch: 206 | Loss: 0.0013 | Val - MRR: 0.3629, MR:  165.67, H@1: 0.270, H@3: 0.398, H@10: 0.548 | 
[2026-04-06 08:02:37,828][root][INFO] - Epoch: 207 | Loss: 0.0013 | Val - MRR: 0.3633, MR:  169.11, H@1: 0.271, H@3: 0.399, H@10: 0.550 | 
[2026-04-06 08:05:13,148][root][INFO] - Epoch: 208 | Loss: 0.0013 | Val - MRR: 0.3636, MR:  173.73, H@1: 0.272, H@3: 0.399, H@10: 0.549 | 
[2026-04-06 08:07:48,835][root][INFO] - Epoch: 209 | Loss: 0.0013 | Val - MRR: 0.3631, MR:  169.07, H@1: 0.272, H@3: 0.397, H@10: 0.548 | 
[2026-04-06 08:10:23,066][root][INFO] - Epoch: 210 | Loss: 0.0013 | Val - MRR: 0.3631, MR:  170.37, H@1: 0.271, H@3: 0.398, H@10: 0.550 | 
[2026-04-06 08:12:56,427][root][INFO] - Epoch: 211 | Loss: 0.0013 | Val - MRR: 0.3633, MR:  167.66, H@1: 0.271, H@3: 0.399, H@10: 0.550 | 
[2026-04-06 08:15:31,177][root][INFO] - Epoch: 212 | Loss: 0.0013 | Val - MRR: 0.3632, MR:  163.40, H@1: 0.270, H@3: 0.400, H@10: 0.550 | 
[2026-04-06 08:18:05,915][root][INFO] - Epoch: 213 | Loss: 0.0013 | Val - MRR: 0.3624, MR:  169.94, H@1: 0.270, H@3: 0.397, H@10: 0.548 | 
[2026-04-06 08:20:40,315][root][INFO] - Epoch: 214 | Loss: 0.0013 | Val - MRR: 0.3628, MR:  167.80, H@1: 0.270, H@3: 0.398, H@10: 0.549 | 
[2026-04-06 08:23:14,614][root][INFO] - Epoch: 215 | Loss: 0.0013 | Val - MRR: 0.3638, MR:  171.66, H@1: 0.272, H@3: 0.398, H@10: 0.548 | 
[2026-04-06 08:25:49,095][root][INFO] - Epoch: 216 | Loss: 0.0013 | Val - MRR: 0.3636, MR:  167.33, H@1: 0.271, H@3: 0.399, H@10: 0.551 | 
[2026-04-06 08:28:38,638][root][INFO] - Epoch: 217 | Loss: 0.0013 | Val - MRR: 0.3643, MR:  171.45, H@1: 0.272, H@3: 0.399, H@10: 0.550 | Test - MRR: 0.3577 | *
[2026-04-06 08:31:29,582][root][INFO] - Epoch: 218 | Loss: 0.0013 | Val - MRR: 0.3647, MR:  174.20, H@1: 0.272, H@3: 0.403, H@10: 0.551 | Test - MRR: 0.3588 | *
[2026-04-06 08:34:20,865][root][INFO] - Epoch: 219 | Loss: 0.0013 | Val - MRR: 0.3640, MR:  168.65, H@1: 0.272, H@3: 0.399, H@10: 0.552 | Test - MRR: 0.3593 | *
[2026-04-06 08:37:11,703][root][INFO] - Epoch: 220 | Loss: 0.0013 | Val - MRR: 0.3657, MR:  167.85, H@1: 0.273, H@3: 0.401, H@10: 0.553 | Test - MRR: 0.3592 | *
[2026-04-06 08:39:45,460][root][INFO] - Epoch: 221 | Loss: 0.0013 | Val - MRR: 0.3634, MR:  171.81, H@1: 0.270, H@3: 0.400, H@10: 0.550 | 
[2026-04-06 08:42:20,219][root][INFO] - Epoch: 222 | Loss: 0.0013 | Val - MRR: 0.3635, MR:  173.26, H@1: 0.271, H@3: 0.400, H@10: 0.550 | 
[2026-04-06 08:44:55,466][root][INFO] - Epoch: 223 | Loss: 0.0013 | Val - MRR: 0.3638, MR:  168.78, H@1: 0.271, H@3: 0.399, H@10: 0.550 | 
[2026-04-06 08:47:30,881][root][INFO] - Epoch: 224 | Loss: 0.0013 | Val - MRR: 0.3627, MR:  169.66, H@1: 0.270, H@3: 0.397, H@10: 0.550 | 
[2026-04-06 08:50:05,411][root][INFO] - Epoch: 225 | Loss: 0.0013 | Val - MRR: 0.3618, MR:  172.83, H@1: 0.269, H@3: 0.397, H@10: 0.549 | 
[2026-04-06 08:52:40,864][root][INFO] - Epoch: 226 | Loss: 0.0013 | Val - MRR: 0.3646, MR:  167.83, H@1: 0.271, H@3: 0.402, H@10: 0.552 | 
[2026-04-06 08:55:16,121][root][INFO] - Epoch: 227 | Loss: 0.0013 | Val - MRR: 0.3643, MR:  168.46, H@1: 0.272, H@3: 0.400, H@10: 0.550 | 
[2026-04-06 08:57:52,271][root][INFO] - Epoch: 228 | Loss: 0.0013 | Val - MRR: 0.3633, MR:  170.69, H@1: 0.271, H@3: 0.399, H@10: 0.551 | 
[2026-04-06 09:00:27,093][root][INFO] - Epoch: 229 | Loss: 0.0013 | Val - MRR: 0.3643, MR:  170.56, H@1: 0.272, H@3: 0.399, H@10: 0.554 | 
[2026-04-06 09:03:03,325][root][INFO] - Epoch: 230 | Loss: 0.0013 | Val - MRR: 0.3636, MR:  173.24, H@1: 0.271, H@3: 0.398, H@10: 0.551 | 
[2026-04-06 09:05:38,102][root][INFO] - Epoch: 231 | Loss: 0.0013 | Val - MRR: 0.3635, MR:  174.75, H@1: 0.271, H@3: 0.398, H@10: 0.551 | 
[2026-04-06 09:08:13,548][root][INFO] - Epoch: 232 | Loss: 0.0013 | Val - MRR: 0.3642, MR:  170.49, H@1: 0.271, H@3: 0.400, H@10: 0.550 | 
[2026-04-06 09:11:04,511][root][INFO] - Epoch: 233 | Loss: 0.0013 | Val - MRR: 0.3651, MR:  174.88, H@1: 0.273, H@3: 0.400, H@10: 0.551 | Test - MRR: 0.3595 | *
[2026-04-06 09:13:54,461][root][INFO] - Epoch: 234 | Loss: 0.0013 | Val - MRR: 0.3653, MR:  174.32, H@1: 0.273, H@3: 0.400, H@10: 0.550 | Test - MRR: 0.3591 | *
[2026-04-06 09:16:29,580][root][INFO] - Epoch: 235 | Loss: 0.0013 | Val - MRR: 0.3643, MR:  172.08, H@1: 0.272, H@3: 0.398, H@10: 0.552 | 
[2026-04-06 09:19:04,095][root][INFO] - Epoch: 236 | Loss: 0.0013 | Val - MRR: 0.3649, MR:  169.13, H@1: 0.272, H@3: 0.401, H@10: 0.552 | 
[2026-04-06 09:21:40,245][root][INFO] - Epoch: 237 | Loss: 0.0013 | Val - MRR: 0.3652, MR:  167.30, H@1: 0.272, H@3: 0.401, H@10: 0.553 | 
[2026-04-06 09:24:14,757][root][INFO] - Epoch: 238 | Loss: 0.0013 | Val - MRR: 0.3652, MR:  168.04, H@1: 0.272, H@3: 0.400, H@10: 0.551 | 
[2026-04-06 09:26:48,937][root][INFO] - Epoch: 239 | Loss: 0.0013 | Val - MRR: 0.3645, MR:  169.97, H@1: 0.271, H@3: 0.400, H@10: 0.551 | 
[2026-04-06 09:29:23,516][root][INFO] - Epoch: 240 | Loss: 0.0013 | Val - MRR: 0.3639, MR:  171.35, H@1: 0.272, H@3: 0.399, H@10: 0.550 | 
[2026-04-06 09:31:58,920][root][INFO] - Epoch: 241 | Loss: 0.0013 | Val - MRR: 0.3643, MR:  169.72, H@1: 0.272, H@3: 0.398, H@10: 0.551 | 
[2026-04-06 09:34:34,684][root][INFO] - Epoch: 242 | Loss: 0.0013 | Val - MRR: 0.3637, MR:  170.62, H@1: 0.271, H@3: 0.399, H@10: 0.550 | 
[2026-04-06 09:37:25,535][root][INFO] - Epoch: 243 | Loss: 0.0013 | Val - MRR: 0.3648, MR:  172.94, H@1: 0.272, H@3: 0.400, H@10: 0.552 | Test - MRR: 0.3598 | *
[2026-04-06 09:40:17,756][root][INFO] - Epoch: 244 | Loss: 0.0013 | Val - MRR: 0.3657, MR:  171.76, H@1: 0.274, H@3: 0.401, H@10: 0.551 | Test - MRR: 0.3583 | *
[2026-04-06 09:42:52,373][root][INFO] - Epoch: 245 | Loss: 0.0013 | Val - MRR: 0.3652, MR:  170.21, H@1: 0.273, H@3: 0.401, H@10: 0.552 | 
[2026-04-06 09:45:26,729][root][INFO] - Epoch: 246 | Loss: 0.0013 | Val - MRR: 0.3651, MR:  169.69, H@1: 0.273, H@3: 0.400, H@10: 0.550 | 
[2026-04-06 09:48:16,784][root][INFO] - Epoch: 247 | Loss: 0.0013 | Val - MRR: 0.3659, MR:  176.50, H@1: 0.274, H@3: 0.400, H@10: 0.552 | Test - MRR: 0.3584 | *
[2026-04-06 09:50:51,682][root][INFO] - Epoch: 248 | Loss: 0.0013 | Val - MRR: 0.3645, MR:  177.51, H@1: 0.272, H@3: 0.400, H@10: 0.549 | 
[2026-04-06 09:53:26,484][root][INFO] - Epoch: 249 | Loss: 0.0013 | Val - MRR: 0.3656, MR:  175.20, H@1: 0.273, H@3: 0.400, H@10: 0.552 | 
[2026-04-06 09:56:18,398][root][INFO] - Epoch: 250 | Loss: 0.0013 | Val - MRR: 0.3663, MR:  169.81, H@1: 0.274, H@3: 0.401, H@10: 0.553 | Test - MRR: 0.3591 | *
[2026-04-06 09:58:53,631][root][INFO] - Epoch: 251 | Loss: 0.0013 | Val - MRR: 0.3652, MR:  170.60, H@1: 0.273, H@3: 0.400, H@10: 0.553 | 
[2026-04-06 10:01:28,794][root][INFO] - Epoch: 252 | Loss: 0.0013 | Val - MRR: 0.3650, MR:  173.31, H@1: 0.272, H@3: 0.401, H@10: 0.552 | 
[2026-04-06 10:04:02,956][root][INFO] - Epoch: 253 | Loss: 0.0013 | Val - MRR: 0.3647, MR:  176.27, H@1: 0.272, H@3: 0.402, H@10: 0.550 | 
[2026-04-06 10:06:37,547][root][INFO] - Epoch: 254 | Loss: 0.0013 | Val - MRR: 0.3662, MR:  171.17, H@1: 0.274, H@3: 0.401, H@10: 0.550 | 
[2026-04-06 10:09:14,467][root][INFO] - Epoch: 255 | Loss: 0.0013 | Val - MRR: 0.3647, MR:  171.94, H@1: 0.272, H@3: 0.401, H@10: 0.550 | 
[2026-04-06 10:11:48,815][root][INFO] - Epoch: 256 | Loss: 0.0013 | Val - MRR: 0.3651, MR:  172.99, H@1: 0.272, H@3: 0.400, H@10: 0.551 | 
[2026-04-06 10:14:22,909][root][INFO] - Epoch: 257 | Loss: 0.0013 | Val - MRR: 0.3656, MR:  175.95, H@1: 0.273, H@3: 0.400, H@10: 0.550 | 
[2026-04-06 10:16:58,050][root][INFO] - Epoch: 258 | Loss: 0.0013 | Val - MRR: 0.3648, MR:  174.17, H@1: 0.272, H@3: 0.401, H@10: 0.550 | 
[2026-04-06 10:19:33,241][root][INFO] - Epoch: 259 | Loss: 0.0013 | Val - MRR: 0.3638, MR:  177.15, H@1: 0.271, H@3: 0.400, H@10: 0.549 | 
[2026-04-06 10:22:25,742][root][INFO] - Epoch: 260 | Loss: 0.0013 | Val - MRR: 0.3678, MR:  172.43, H@1: 0.275, H@3: 0.404, H@10: 0.554 | Test - MRR: 0.3605 | *
[2026-04-06 10:25:00,435][root][INFO] - Epoch: 261 | Loss: 0.0013 | Val - MRR: 0.3652, MR:  173.96, H@1: 0.272, H@3: 0.402, H@10: 0.551 | 
[2026-04-06 10:27:34,835][root][INFO] - Epoch: 262 | Loss: 0.0013 | Val - MRR: 0.3652, MR:  174.19, H@1: 0.272, H@3: 0.401, H@10: 0.550 | 
[2026-04-06 10:30:09,776][root][INFO] - Epoch: 263 | Loss: 0.0013 | Val - MRR: 0.3662, MR:  179.16, H@1: 0.274, H@3: 0.400, H@10: 0.551 | 
[2026-04-06 10:32:43,998][root][INFO] - Epoch: 264 | Loss: 0.0013 | Val - MRR: 0.3671, MR:  178.22, H@1: 0.274, H@3: 0.403, H@10: 0.552 | 
[2026-04-06 10:35:19,538][root][INFO] - Epoch: 265 | Loss: 0.0013 | Val - MRR: 0.3661, MR:  171.95, H@1: 0.273, H@3: 0.402, H@10: 0.552 | 
[2026-04-06 10:37:53,841][root][INFO] - Epoch: 266 | Loss: 0.0013 | Val - MRR: 0.3646, MR:  174.19, H@1: 0.271, H@3: 0.401, H@10: 0.551 | 
[2026-04-06 10:40:28,361][root][INFO] - Epoch: 267 | Loss: 0.0013 | Val - MRR: 0.3646, MR:  178.37, H@1: 0.273, H@3: 0.399, H@10: 0.549 | 
[2026-04-06 10:43:02,582][root][INFO] - Epoch: 268 | Loss: 0.0013 | Val - MRR: 0.3655, MR:  174.26, H@1: 0.272, H@3: 0.402, H@10: 0.551 | 
[2026-04-06 10:45:36,775][root][INFO] - Epoch: 269 | Loss: 0.0013 | Val - MRR: 0.3658, MR:  173.81, H@1: 0.274, H@3: 0.400, H@10: 0.550 | 
[2026-04-06 10:48:11,638][root][INFO] - Epoch: 270 | Loss: 0.0013 | Val - MRR: 0.3662, MR:  176.06, H@1: 0.273, H@3: 0.402, H@10: 0.552 | 
[2026-04-06 10:50:46,303][root][INFO] - Epoch: 271 | Loss: 0.0013 | Val - MRR: 0.3668, MR:  176.14, H@1: 0.273, H@3: 0.404, H@10: 0.553 | 
[2026-04-06 10:53:19,737][root][INFO] - Epoch: 272 | Loss: 0.0013 | Val - MRR: 0.3664, MR:  173.77, H@1: 0.273, H@3: 0.403, H@10: 0.551 | 
[2026-04-06 10:55:54,193][root][INFO] - Epoch: 273 | Loss: 0.0013 | Val - MRR: 0.3658, MR:  174.53, H@1: 0.272, H@3: 0.403, H@10: 0.551 | 
[2026-04-06 10:58:28,384][root][INFO] - Epoch: 274 | Loss: 0.0013 | Val - MRR: 0.3655, MR:  181.42, H@1: 0.271, H@3: 0.403, H@10: 0.552 | 
[2026-04-06 11:01:02,667][root][INFO] - Epoch: 275 | Loss: 0.0013 | Val - MRR: 0.3661, MR:  176.38, H@1: 0.273, H@3: 0.402, H@10: 0.552 | 
[2026-04-06 11:03:36,574][root][INFO] - Epoch: 276 | Loss: 0.0013 | Val - MRR: 0.3662, MR:  177.43, H@1: 0.273, H@3: 0.402, H@10: 0.552 | 
[2026-04-06 11:06:11,966][root][INFO] - Epoch: 277 | Loss: 0.0013 | Val - MRR: 0.3665, MR:  177.47, H@1: 0.274, H@3: 0.403, H@10: 0.552 | 
[2026-04-06 11:08:45,008][root][INFO] - Epoch: 278 | Loss: 0.0013 | Val - MRR: 0.3656, MR:  176.52, H@1: 0.273, H@3: 0.401, H@10: 0.553 | 
[2026-04-06 11:11:18,873][root][INFO] - Epoch: 279 | Loss: 0.0013 | Val - MRR: 0.3667, MR:  178.77, H@1: 0.273, H@3: 0.402, H@10: 0.553 | 
[2026-04-06 11:13:55,259][root][INFO] - Epoch: 280 | Loss: 0.0013 | Val - MRR: 0.3663, MR:  177.41, H@1: 0.274, H@3: 0.401, H@10: 0.553 | 
[2026-04-06 11:16:29,913][root][INFO] - Epoch: 281 | Loss: 0.0013 | Val - MRR: 0.3657, MR:  175.52, H@1: 0.273, H@3: 0.401, H@10: 0.552 | 
[2026-04-06 11:19:06,167][root][INFO] - Epoch: 282 | Loss: 0.0013 | Val - MRR: 0.3653, MR:  175.94, H@1: 0.272, H@3: 0.400, H@10: 0.552 | 
[2026-04-06 11:21:39,147][root][INFO] - Epoch: 283 | Loss: 0.0013 | Val - MRR: 0.3652, MR:  175.68, H@1: 0.272, H@3: 0.401, H@10: 0.552 | 
[2026-04-06 11:24:14,136][root][INFO] - Epoch: 284 | Loss: 0.0013 | Val - MRR: 0.3655, MR:  179.19, H@1: 0.273, H@3: 0.401, H@10: 0.551 | 
[2026-04-06 11:26:48,332][root][INFO] - Epoch: 285 | Loss: 0.0013 | Val - MRR: 0.3645, MR:  175.75, H@1: 0.272, H@3: 0.400, H@10: 0.551 | 
[2026-04-06 11:29:39,186][root][INFO] - Epoch: 286 | Loss: 0.0013 | Val - MRR: 0.3674, MR:  171.57, H@1: 0.275, H@3: 0.403, H@10: 0.554 | Test - MRR: 0.3614 | *
[2026-04-06 11:32:14,211][root][INFO] - Epoch: 287 | Loss: 0.0013 | Val - MRR: 0.3661, MR:  174.87, H@1: 0.274, H@3: 0.402, H@10: 0.553 | 
[2026-04-06 11:34:47,696][root][INFO] - Epoch: 288 | Loss: 0.0013 | Val - MRR: 0.3659, MR:  176.48, H@1: 0.274, H@3: 0.399, H@10: 0.553 | 
[2026-04-06 11:37:22,360][root][INFO] - Epoch: 289 | Loss: 0.0013 | Val - MRR: 0.3653, MR:  179.36, H@1: 0.273, H@3: 0.400, H@10: 0.550 | 
[2026-04-06 11:39:57,637][root][INFO] - Epoch: 290 | Loss: 0.0013 | Val - MRR: 0.3646, MR:  177.57, H@1: 0.272, H@3: 0.400, H@10: 0.551 | 
[2026-04-06 11:42:31,858][root][INFO] - Epoch: 291 | Loss: 0.0013 | Val - MRR: 0.3656, MR:  177.25, H@1: 0.273, H@3: 0.401, H@10: 0.552 | 
[2026-04-06 11:45:05,830][root][INFO] - Epoch: 292 | Loss: 0.0013 | Val - MRR: 0.3645, MR:  181.69, H@1: 0.272, H@3: 0.401, H@10: 0.551 | 
[2026-04-06 11:47:39,266][root][INFO] - Epoch: 293 | Loss: 0.0013 | Val - MRR: 0.3664, MR:  176.77, H@1: 0.274, H@3: 0.403, H@10: 0.555 | 
[2026-04-06 11:50:12,070][root][INFO] - Epoch: 294 | Loss: 0.0013 | Val - MRR: 0.3657, MR:  173.92, H@1: 0.273, H@3: 0.402, H@10: 0.554 | 
[2026-04-06 11:52:47,515][root][INFO] - Epoch: 295 | Loss: 0.0013 | Val - MRR: 0.3648, MR:  181.04, H@1: 0.272, H@3: 0.400, H@10: 0.552 | 
[2026-04-06 11:55:23,503][root][INFO] - Epoch: 296 | Loss: 0.0013 | Val - MRR: 0.3658, MR:  180.92, H@1: 0.273, H@3: 0.400, H@10: 0.552 | 
[2026-04-06 11:57:57,341][root][INFO] - Epoch: 297 | Loss: 0.0013 | Val - MRR: 0.3651, MR:  174.98, H@1: 0.272, H@3: 0.400, H@10: 0.552 | 
[2026-04-06 12:00:31,652][root][INFO] - Epoch: 298 | Loss: 0.0013 | Val - MRR: 0.3640, MR:  181.29, H@1: 0.272, H@3: 0.399, H@10: 0.550 | 
[2026-04-06 12:03:05,073][root][INFO] - Epoch: 299 | Loss: 0.0013 | Val - MRR: 0.3651, MR:  182.65, H@1: 0.273, H@3: 0.400, H@10: 0.550 | 
[2026-04-06 12:05:39,848][root][INFO] - Epoch: 300 | Loss: 0.0013 | Val - MRR: 0.3656, MR:  181.10, H@1: 0.274, H@3: 0.400, H@10: 0.551 | 
[2026-04-06 12:08:14,141][root][INFO] - Epoch: 301 | Loss: 0.0013 | Val - MRR: 0.3661, MR:  181.77, H@1: 0.275, H@3: 0.400, H@10: 0.552 | 
[2026-04-06 12:10:48,727][root][INFO] - Epoch: 302 | Loss: 0.0013 | Val - MRR: 0.3659, MR:  175.77, H@1: 0.274, H@3: 0.400, H@10: 0.552 | 
[2026-04-06 12:13:21,917][root][INFO] - Epoch: 303 | Loss: 0.0013 | Val - MRR: 0.3667, MR:  178.84, H@1: 0.274, H@3: 0.402, H@10: 0.553 | 
[2026-04-06 12:15:55,870][root][INFO] - Epoch: 304 | Loss: 0.0013 | Val - MRR: 0.3662, MR:  182.03, H@1: 0.274, H@3: 0.402, H@10: 0.551 | 
[2026-04-06 12:18:29,491][root][INFO] - Epoch: 305 | Loss: 0.0013 | Val - MRR: 0.3653, MR:  176.86, H@1: 0.272, H@3: 0.401, H@10: 0.554 | 
[2026-04-06 12:21:05,333][root][INFO] - Epoch: 306 | Loss: 0.0013 | Val - MRR: 0.3653, MR:  179.81, H@1: 0.272, H@3: 0.402, H@10: 0.552 | 
[2026-04-06 12:23:39,474][root][INFO] - Epoch: 307 | Loss: 0.0013 | Val - MRR: 0.3647, MR:  173.22, H@1: 0.272, H@3: 0.399, H@10: 0.552 | 
[2026-04-06 12:26:13,606][root][INFO] - Epoch: 308 | Loss: 0.0013 | Val - MRR: 0.3660, MR:  181.39, H@1: 0.273, H@3: 0.401, H@10: 0.552 | 
[2026-04-06 12:28:47,804][root][INFO] - Epoch: 309 | Loss: 0.0013 | Val - MRR: 0.3669, MR:  180.72, H@1: 0.274, H@3: 0.403, H@10: 0.554 | 
[2026-04-06 12:31:24,273][root][INFO] - Epoch: 310 | Loss: 0.0013 | Val - MRR: 0.3648, MR:  179.73, H@1: 0.272, H@3: 0.401, H@10: 0.552 | 
[2026-04-06 12:33:56,303][root][INFO] - Epoch: 311 | Loss: 0.0013 | Val - MRR: 0.3655, MR:  177.67, H@1: 0.273, H@3: 0.401, H@10: 0.550 | 
[2026-04-06 12:36:29,728][root][INFO] - Epoch: 312 | Loss: 0.0013 | Val - MRR: 0.3652, MR:  181.19, H@1: 0.273, H@3: 0.400, H@10: 0.552 | 
[2026-04-06 12:39:03,773][root][INFO] - Epoch: 313 | Loss: 0.0013 | Val - MRR: 0.3653, MR:  182.88, H@1: 0.272, H@3: 0.401, H@10: 0.551 | 
[2026-04-06 12:41:36,993][root][INFO] - Epoch: 314 | Loss: 0.0013 | Val - MRR: 0.3657, MR:  183.25, H@1: 0.272, H@3: 0.401, H@10: 0.553 | 
[2026-04-06 12:44:11,057][root][INFO] - Epoch: 315 | Loss: 0.0013 | Val - MRR: 0.3649, MR:  178.38, H@1: 0.271, H@3: 0.401, H@10: 0.552 | 
[2026-04-06 12:46:44,647][root][INFO] - Epoch: 316 | Loss: 0.0013 | Val - MRR: 0.3657, MR:  179.99, H@1: 0.273, H@3: 0.401, H@10: 0.552 | 
[2026-04-06 12:49:18,917][root][INFO] - Epoch: 317 | Loss: 0.0013 | Val - MRR: 0.3669, MR:  175.97, H@1: 0.275, H@3: 0.402, H@10: 0.552 | 
[2026-04-06 12:51:51,497][root][INFO] - Epoch: 318 | Loss: 0.0013 | Val - MRR: 0.3652, MR:  183.00, H@1: 0.273, H@3: 0.400, H@10: 0.552 | 
[2026-04-06 12:54:25,773][root][INFO] - Epoch: 319 | Loss: 0.0013 | Val - MRR: 0.3647, MR:  179.44, H@1: 0.272, H@3: 0.401, H@10: 0.551 | 
[2026-04-06 12:56:59,949][root][INFO] - Epoch: 320 | Loss: 0.0013 | Val - MRR: 0.3660, MR:  177.77, H@1: 0.274, H@3: 0.400, H@10: 0.551 | 
[2026-04-06 12:59:33,795][root][INFO] - Epoch: 321 | Loss: 0.0013 | Val - MRR: 0.3659, MR:  185.97, H@1: 0.273, H@3: 0.402, H@10: 0.552 | 
[2026-04-06 13:02:07,187][root][INFO] - Epoch: 322 | Loss: 0.0013 | Val - MRR: 0.3655, MR:  176.45, H@1: 0.273, H@3: 0.401, H@10: 0.552 | 
[2026-04-06 13:02:07,188][root][INFO] - Long time no improvenment, stop training...
[2026-04-06 13:02:07,188][root][INFO] - Training end...
[2026-04-06 13:02:07,521][root][INFO] - ✅ 成功加载最优模型：/home/wangwei/DSGNet-main/DSGNet/model_checkpoints/best_model_FB15k_237_20260406_112922.torch
[2026-04-06 13:02:07,522][root][INFO] - 📌 最优模型来自Epoch：286，最优MRR：0.3614
[2026-04-06 13:02:07,522][root][INFO] - Train metrics ...
[2026-04-06 13:03:16,020][root][INFO] - Train (head) - MRR: 0.7142, MR:    7.17, H@1: 0.612, H@3: 0.786, H@10: 0.896
[2026-04-06 13:03:16,021][root][INFO] - Train (tail) - MRR: 0.7996, MR:    3.61, H@1: 0.714, H@3: 0.865, H@10: 0.947
[2026-04-06 13:03:16,021][root][INFO] - Train (avg) - MRR: 0.7569, MR:    5.39, H@1: 0.663, H@3: 0.825, H@10: 0.922

[2026-04-06 13:03:16,021][root][INFO] - Valid metrics ...
[2026-04-06 13:03:31,446][root][INFO] - Valid (head) - MRR: 0.2701, MR:  219.59, H@1: 0.180, H@3: 0.296, H@10: 0.453
[2026-04-06 13:03:31,447][root][INFO] - Valid (tail) - MRR: 0.4647, MR:  123.55, H@1: 0.370, H@3: 0.509, H@10: 0.654
[2026-04-06 13:03:31,447][root][INFO] - Valid (avg) - MRR: 0.3674, MR:  171.57, H@1: 0.275, H@3: 0.403, H@10: 0.554

[2026-04-06 13:03:31,447][root][INFO] - Test metrics...
[2026-04-06 13:03:47,727][root][INFO] - Test (head) - MRR: 0.2651, MR:  226.38, H@1: 0.175, H@3: 0.292, H@10: 0.449
[2026-04-06 13:03:47,727][root][INFO] - Test (tail) - MRR: 0.4578, MR:  136.56, H@1: 0.362, H@3: 0.501, H@10: 0.649
[2026-04-06 13:03:47,727][root][INFO] - Test (avg) - MRR: 0.3614, MR:  181.47, H@1: 0.268, H@3: 0.396, H@10: 0.549

[2026-04-06 13:03:47,727][root][INFO] - Model save path: /home/wangwei/DSGNet-main/DSGNet/data/output/FB15k_237/2026-04-05/22-35-17
