[2026-04-01 22:50:08,248][root][INFO] - 
------Config------
 {'dataset': 'FB15k_237', 'epoch': 600, 'batch_size': 1024, 'learning_rate': 0.00035, 'h_dim': 480, 'pred_rel_w': False, 'label_smooth': 0.1, 'n_heads': 16, 'topk': 15, 'kg_layer': 2, 'rm_rate': 0.5, 'ent_drop': 0.3, 'rel_drop': 0.2, 'comp_op': 'mul', 'bn': False, 'k_h': 16, 'k_w': 30, 'conv_drop': 0.3, 'ent_drop_pred': 0.3, 'fc_drop': 0.5, 'ker_sz': 8, 'out_channel': 200, 'device': 1, 'max_no_improve': 35, 'cpu_worker_num': 10, 'warmup_epoch': 5}
[2026-04-01 22:50:08,248][root][INFO] - Code dir path: /home/wangwei/DSGNet-main/DSGNet/code_new
[2026-04-01 22:50:08,248][root][INFO] - Config dir path: /home/wangwei/DSGNet-main/DSGNet/config
[2026-04-01 22:50:08,249][root][INFO] - Model save path: /home/wangwei/DSGNet-main/DSGNet/data/output/FB15k_237/2026-04-01/22-50-08
[2026-04-01 22:50:12,204][root][INFO] - kg # node: 14541
[2026-04-01 22:50:12,204][root][INFO] - kg # edge: 544230
[2026-04-01 22:50:12,204][root][INFO] - kg # zero deg node: 36
[2026-04-01 22:50:12,204][root][INFO] - ---Load Train Data---
[2026-04-01 22:50:14,647][root][INFO] - -----Model Parameter Configuration-----
[2026-04-01 22:50:14,648][root][INFO] - Parameter ent_emb: torch.Size([14541, 480]), require_grad = True
[2026-04-01 22:50:14,648][root][INFO] - Parameter pred_rel_emb: torch.Size([474, 480]), require_grad = True
[2026-04-01 22:50:14,648][root][INFO] - Parameter W_fuse: torch.Size([480, 480]), require_grad = True
[2026-04-01 22:50:14,648][root][INFO] - Parameter a_fuse: torch.Size([960, 1]), require_grad = True
[2026-04-01 22:50:14,648][root][INFO] - Parameter rel_embs.0: torch.Size([474, 480]), require_grad = True
[2026-04-01 22:50:14,648][root][INFO] - Parameter rel_embs.1: torch.Size([474, 480]), require_grad = True
[2026-04-01 22:50:14,648][root][INFO] - Parameter predictor.bn0.weight: torch.Size([1]), require_grad = True
[2026-04-01 22:50:14,648][root][INFO] - Parameter predictor.bn0.bias: torch.Size([1]), require_grad = True
[2026-04-01 22:50:14,648][root][INFO] - Parameter predictor.bn1.weight: torch.Size([200]), require_grad = True
[2026-04-01 22:50:14,648][root][INFO] - Parameter predictor.bn1.bias: torch.Size([200]), require_grad = True
[2026-04-01 22:50:14,648][root][INFO] - Parameter predictor.bn2.weight: torch.Size([480]), require_grad = True
[2026-04-01 22:50:14,648][root][INFO] - Parameter predictor.bn2.bias: torch.Size([480]), require_grad = True
[2026-04-01 22:50:14,648][root][INFO] - Parameter predictor.conv.weight: torch.Size([200, 1, 8, 8]), require_grad = True
[2026-04-01 22:50:14,648][root][INFO] - Parameter predictor.fc.weight: torch.Size([480, 115000]), require_grad = True
[2026-04-01 22:50:14,648][root][INFO] - Parameter L.weight: torch.Size([480, 480]), require_grad = True
[2026-04-01 22:50:14,648][root][INFO] - Parameter L.bias: torch.Size([480]), require_grad = True
[2026-04-01 22:50:14,648][root][INFO] - Parameter S.weight: torch.Size([480, 480]), require_grad = True
[2026-04-01 22:50:14,648][root][INFO] - Parameter S.bias: torch.Size([480]), require_grad = True
[2026-04-01 22:50:14,648][root][INFO] - Parameter comp_layers.0.neigh_w: torch.Size([480, 480]), require_grad = True
[2026-04-01 22:50:14,648][root][INFO] - Parameter comp_layers.0.W.0: torch.Size([480, 30]), require_grad = True
[2026-04-01 22:50:14,649][root][INFO] - Parameter comp_layers.0.W.1: torch.Size([480, 30]), require_grad = True
[2026-04-01 22:50:14,649][root][INFO] - Parameter comp_layers.0.W.2: torch.Size([480, 30]), require_grad = True
[2026-04-01 22:50:14,649][root][INFO] - Parameter comp_layers.0.W.3: torch.Size([480, 30]), require_grad = True
[2026-04-01 22:50:14,649][root][INFO] - Parameter comp_layers.0.W.4: torch.Size([480, 30]), require_grad = True
[2026-04-01 22:50:14,649][root][INFO] - Parameter comp_layers.0.W.5: torch.Size([480, 30]), require_grad = True
[2026-04-01 22:50:14,649][root][INFO] - Parameter comp_layers.0.W.6: torch.Size([480, 30]), require_grad = True
[2026-04-01 22:50:14,649][root][INFO] - Parameter comp_layers.0.W.7: torch.Size([480, 30]), require_grad = True
[2026-04-01 22:50:14,649][root][INFO] - Parameter comp_layers.0.W.8: torch.Size([480, 30]), require_grad = True
[2026-04-01 22:50:14,649][root][INFO] - Parameter comp_layers.0.W.9: torch.Size([480, 30]), require_grad = True
[2026-04-01 22:50:14,649][root][INFO] - Parameter comp_layers.0.W.10: torch.Size([480, 30]), require_grad = True
[2026-04-01 22:50:14,649][root][INFO] - Parameter comp_layers.0.W.11: torch.Size([480, 30]), require_grad = True
[2026-04-01 22:50:14,649][root][INFO] - Parameter comp_layers.0.W.12: torch.Size([480, 30]), require_grad = True
[2026-04-01 22:50:14,649][root][INFO] - Parameter comp_layers.0.W.13: torch.Size([480, 30]), require_grad = True
[2026-04-01 22:50:14,649][root][INFO] - Parameter comp_layers.0.W.14: torch.Size([480, 30]), require_grad = True
[2026-04-01 22:50:14,649][root][INFO] - Parameter comp_layers.0.W.15: torch.Size([480, 30]), require_grad = True
[2026-04-01 22:50:14,649][root][INFO] - Parameter comp_layers.0.W_r.0: torch.Size([480, 30]), require_grad = True
[2026-04-01 22:50:14,649][root][INFO] - Parameter comp_layers.0.W_r.1: torch.Size([480, 30]), require_grad = True
[2026-04-01 22:50:14,649][root][INFO] - Parameter comp_layers.0.W_r.2: torch.Size([480, 30]), require_grad = True
[2026-04-01 22:50:14,649][root][INFO] - Parameter comp_layers.0.W_r.3: torch.Size([480, 30]), require_grad = True
[2026-04-01 22:50:14,649][root][INFO] - Parameter comp_layers.0.W_r.4: torch.Size([480, 30]), require_grad = True
[2026-04-01 22:50:14,649][root][INFO] - Parameter comp_layers.0.W_r.5: torch.Size([480, 30]), require_grad = True
[2026-04-01 22:50:14,649][root][INFO] - Parameter comp_layers.0.W_r.6: torch.Size([480, 30]), require_grad = True
[2026-04-01 22:50:14,650][root][INFO] - Parameter comp_layers.0.W_r.7: torch.Size([480, 30]), require_grad = True
[2026-04-01 22:50:14,650][root][INFO] - Parameter comp_layers.0.W_r.8: torch.Size([480, 30]), require_grad = True
[2026-04-01 22:50:14,650][root][INFO] - Parameter comp_layers.0.W_r.9: torch.Size([480, 30]), require_grad = True
[2026-04-01 22:50:14,650][root][INFO] - Parameter comp_layers.0.W_r.10: torch.Size([480, 30]), require_grad = True
[2026-04-01 22:50:14,650][root][INFO] - Parameter comp_layers.0.W_r.11: torch.Size([480, 30]), require_grad = True
[2026-04-01 22:50:14,650][root][INFO] - Parameter comp_layers.0.W_r.12: torch.Size([480, 30]), require_grad = True
[2026-04-01 22:50:14,650][root][INFO] - Parameter comp_layers.0.W_r.13: torch.Size([480, 30]), require_grad = True
[2026-04-01 22:50:14,650][root][INFO] - Parameter comp_layers.0.W_r.14: torch.Size([480, 30]), require_grad = True
[2026-04-01 22:50:14,650][root][INFO] - Parameter comp_layers.0.W_r.15: torch.Size([480, 30]), require_grad = True
[2026-04-01 22:50:14,650][root][INFO] - Parameter comp_layers.0.a.0: torch.Size([90, 1]), require_grad = True
[2026-04-01 22:50:14,650][root][INFO] - Parameter comp_layers.0.a.1: torch.Size([90, 1]), require_grad = True
[2026-04-01 22:50:14,650][root][INFO] - Parameter comp_layers.0.a.2: torch.Size([90, 1]), require_grad = True
[2026-04-01 22:50:14,650][root][INFO] - Parameter comp_layers.0.a.3: torch.Size([90, 1]), require_grad = True
[2026-04-01 22:50:14,650][root][INFO] - Parameter comp_layers.0.a.4: torch.Size([90, 1]), require_grad = True
[2026-04-01 22:50:14,650][root][INFO] - Parameter comp_layers.0.a.5: torch.Size([90, 1]), require_grad = True
[2026-04-01 22:50:14,650][root][INFO] - Parameter comp_layers.0.a.6: torch.Size([90, 1]), require_grad = True
[2026-04-01 22:50:14,650][root][INFO] - Parameter comp_layers.0.a.7: torch.Size([90, 1]), require_grad = True
[2026-04-01 22:50:14,650][root][INFO] - Parameter comp_layers.0.a.8: torch.Size([90, 1]), require_grad = True
[2026-04-01 22:50:14,650][root][INFO] - Parameter comp_layers.0.a.9: torch.Size([90, 1]), require_grad = True
[2026-04-01 22:50:14,650][root][INFO] - Parameter comp_layers.0.a.10: torch.Size([90, 1]), require_grad = True
[2026-04-01 22:50:14,650][root][INFO] - Parameter comp_layers.0.a.11: torch.Size([90, 1]), require_grad = True
[2026-04-01 22:50:14,650][root][INFO] - Parameter comp_layers.0.a.12: torch.Size([90, 1]), require_grad = True
[2026-04-01 22:50:14,650][root][INFO] - Parameter comp_layers.0.a.13: torch.Size([90, 1]), require_grad = True
[2026-04-01 22:50:14,651][root][INFO] - Parameter comp_layers.0.a.14: torch.Size([90, 1]), require_grad = True
[2026-04-01 22:50:14,651][root][INFO] - Parameter comp_layers.0.a.15: torch.Size([90, 1]), require_grad = True
[2026-04-01 22:50:14,651][root][INFO] - Parameter comp_layers.1.neigh_w: torch.Size([480, 480]), require_grad = True
[2026-04-01 22:50:14,651][root][INFO] - Parameter comp_layers.1.W.0: torch.Size([480, 30]), require_grad = True
[2026-04-01 22:50:14,651][root][INFO] - Parameter comp_layers.1.W.1: torch.Size([480, 30]), require_grad = True
[2026-04-01 22:50:14,651][root][INFO] - Parameter comp_layers.1.W.2: torch.Size([480, 30]), require_grad = True
[2026-04-01 22:50:14,651][root][INFO] - Parameter comp_layers.1.W.3: torch.Size([480, 30]), require_grad = True
[2026-04-01 22:50:14,651][root][INFO] - Parameter comp_layers.1.W.4: torch.Size([480, 30]), require_grad = True
[2026-04-01 22:50:14,651][root][INFO] - Parameter comp_layers.1.W.5: torch.Size([480, 30]), require_grad = True
[2026-04-01 22:50:14,651][root][INFO] - Parameter comp_layers.1.W.6: torch.Size([480, 30]), require_grad = True
[2026-04-01 22:50:14,651][root][INFO] - Parameter comp_layers.1.W.7: torch.Size([480, 30]), require_grad = True
[2026-04-01 22:50:14,651][root][INFO] - Parameter comp_layers.1.W.8: torch.Size([480, 30]), require_grad = True
[2026-04-01 22:50:14,651][root][INFO] - Parameter comp_layers.1.W.9: torch.Size([480, 30]), require_grad = True
[2026-04-01 22:50:14,651][root][INFO] - Parameter comp_layers.1.W.10: torch.Size([480, 30]), require_grad = True
[2026-04-01 22:50:14,651][root][INFO] - Parameter comp_layers.1.W.11: torch.Size([480, 30]), require_grad = True
[2026-04-01 22:50:14,651][root][INFO] - Parameter comp_layers.1.W.12: torch.Size([480, 30]), require_grad = True
[2026-04-01 22:50:14,651][root][INFO] - Parameter comp_layers.1.W.13: torch.Size([480, 30]), require_grad = True
[2026-04-01 22:50:14,651][root][INFO] - Parameter comp_layers.1.W.14: torch.Size([480, 30]), require_grad = True
[2026-04-01 22:50:14,651][root][INFO] - Parameter comp_layers.1.W.15: torch.Size([480, 30]), require_grad = True
[2026-04-01 22:50:14,651][root][INFO] - Parameter comp_layers.1.W_r.0: torch.Size([480, 30]), require_grad = True
[2026-04-01 22:50:14,651][root][INFO] - Parameter comp_layers.1.W_r.1: torch.Size([480, 30]), require_grad = True
[2026-04-01 22:50:14,651][root][INFO] - Parameter comp_layers.1.W_r.2: torch.Size([480, 30]), require_grad = True
[2026-04-01 22:50:14,651][root][INFO] - Parameter comp_layers.1.W_r.3: torch.Size([480, 30]), require_grad = True
[2026-04-01 22:50:14,651][root][INFO] - Parameter comp_layers.1.W_r.4: torch.Size([480, 30]), require_grad = True
[2026-04-01 22:50:14,651][root][INFO] - Parameter comp_layers.1.W_r.5: torch.Size([480, 30]), require_grad = True
[2026-04-01 22:50:14,652][root][INFO] - Parameter comp_layers.1.W_r.6: torch.Size([480, 30]), require_grad = True
[2026-04-01 22:50:14,652][root][INFO] - Parameter comp_layers.1.W_r.7: torch.Size([480, 30]), require_grad = True
[2026-04-01 22:50:14,652][root][INFO] - Parameter comp_layers.1.W_r.8: torch.Size([480, 30]), require_grad = True
[2026-04-01 22:50:14,652][root][INFO] - Parameter comp_layers.1.W_r.9: torch.Size([480, 30]), require_grad = True
[2026-04-01 22:50:14,652][root][INFO] - Parameter comp_layers.1.W_r.10: torch.Size([480, 30]), require_grad = True
[2026-04-01 22:50:14,652][root][INFO] - Parameter comp_layers.1.W_r.11: torch.Size([480, 30]), require_grad = True
[2026-04-01 22:50:14,652][root][INFO] - Parameter comp_layers.1.W_r.12: torch.Size([480, 30]), require_grad = True
[2026-04-01 22:50:14,652][root][INFO] - Parameter comp_layers.1.W_r.13: torch.Size([480, 30]), require_grad = True
[2026-04-01 22:50:14,652][root][INFO] - Parameter comp_layers.1.W_r.14: torch.Size([480, 30]), require_grad = True
[2026-04-01 22:50:14,652][root][INFO] - Parameter comp_layers.1.W_r.15: torch.Size([480, 30]), require_grad = True
[2026-04-01 22:50:14,652][root][INFO] - Parameter comp_layers.1.a.0: torch.Size([90, 1]), require_grad = True
[2026-04-01 22:50:14,652][root][INFO] - Parameter comp_layers.1.a.1: torch.Size([90, 1]), require_grad = True
[2026-04-01 22:50:14,652][root][INFO] - Parameter comp_layers.1.a.2: torch.Size([90, 1]), require_grad = True
[2026-04-01 22:50:14,652][root][INFO] - Parameter comp_layers.1.a.3: torch.Size([90, 1]), require_grad = True
[2026-04-01 22:50:14,652][root][INFO] - Parameter comp_layers.1.a.4: torch.Size([90, 1]), require_grad = True
[2026-04-01 22:50:14,652][root][INFO] - Parameter comp_layers.1.a.5: torch.Size([90, 1]), require_grad = True
[2026-04-01 22:50:14,652][root][INFO] - Parameter comp_layers.1.a.6: torch.Size([90, 1]), require_grad = True
[2026-04-01 22:50:14,652][root][INFO] - Parameter comp_layers.1.a.7: torch.Size([90, 1]), require_grad = True
[2026-04-01 22:50:14,652][root][INFO] - Parameter comp_layers.1.a.8: torch.Size([90, 1]), require_grad = True
[2026-04-01 22:50:14,652][root][INFO] - Parameter comp_layers.1.a.9: torch.Size([90, 1]), require_grad = True
[2026-04-01 22:50:14,652][root][INFO] - Parameter comp_layers.1.a.10: torch.Size([90, 1]), require_grad = True
[2026-04-01 22:50:14,652][root][INFO] - Parameter comp_layers.1.a.11: torch.Size([90, 1]), require_grad = True
[2026-04-01 22:50:14,652][root][INFO] - Parameter comp_layers.1.a.12: torch.Size([90, 1]), require_grad = True
[2026-04-01 22:50:14,652][root][INFO] - Parameter comp_layers.1.a.13: torch.Size([90, 1]), require_grad = True
[2026-04-01 22:50:14,652][root][INFO] - Parameter comp_layers.1.a.14: torch.Size([90, 1]), require_grad = True
[2026-04-01 22:50:14,653][root][INFO] - Parameter comp_layers.1.a.15: torch.Size([90, 1]), require_grad = True
[2026-04-01 22:50:15,550][root][INFO] - Training... total epoch: 600, step: 88200
[2026-04-01 22:54:02,328][root][INFO] - Epoch:   0 | Loss: 0.4528 | Val - MRR: 0.0035, MR: 6677.64, H@1: 0.001, H@3: 0.002, H@10: 0.005 | Test - MRR: 0.0040 | *
[2026-04-01 22:57:53,013][root][INFO] - Epoch:   1 | Loss: 0.0053 | Val - MRR: 0.0072, MR: 5627.46, H@1: 0.003, H@3: 0.006, H@10: 0.010 | Test - MRR: 0.0069 | *
[2026-04-01 23:01:43,633][root][INFO] - Epoch:   2 | Loss: 0.0034 | Val - MRR: 0.0509, MR: 3958.02, H@1: 0.046, H@3: 0.049, H@10: 0.050 | Test - MRR: 0.0491 | *
[2026-04-01 23:05:32,785][root][INFO] - Epoch:   3 | Loss: 0.0032 | Val - MRR: 0.0728, MR: 2860.96, H@1: 0.056, H@3: 0.076, H@10: 0.095 | Test - MRR: 0.0713 | *
[2026-04-01 23:09:21,185][root][INFO] - Epoch:   4 | Loss: 0.0030 | Val - MRR: 0.1011, MR: 2172.11, H@1: 0.076, H@3: 0.104, H@10: 0.145 | Test - MRR: 0.0995 | *
[2026-04-01 23:13:08,611][root][INFO] - Epoch:   5 | Loss: 0.0031 | Val - MRR: 0.1190, MR: 1709.09, H@1: 0.086, H@3: 0.120, H@10: 0.186 | Test - MRR: 0.1177 | *
[2026-04-01 23:16:54,943][root][INFO] - Epoch:   6 | Loss: 0.0029 | Val - MRR: 0.1464, MR: 1455.17, H@1: 0.107, H@3: 0.152, H@10: 0.228 | Test - MRR: 0.1445 | *
[2026-04-01 23:20:39,609][root][INFO] - Epoch:   7 | Loss: 0.0028 | Val - MRR: 0.1585, MR: 1224.13, H@1: 0.114, H@3: 0.168, H@10: 0.250 | Test - MRR: 0.1567 | *
[2026-04-01 23:24:26,097][root][INFO] - Epoch:   8 | Loss: 0.0027 | Val - MRR: 0.1717, MR: 1083.15, H@1: 0.124, H@3: 0.182, H@10: 0.268 | Test - MRR: 0.1706 | *
[2026-04-01 23:28:11,549][root][INFO] - Epoch:   9 | Loss: 0.0027 | Val - MRR: 0.1774, MR:  959.84, H@1: 0.126, H@3: 0.191, H@10: 0.278 | Test - MRR: 0.1757 | *
[2026-04-01 23:31:55,827][root][INFO] - Epoch:  10 | Loss: 0.0026 | Val - MRR: 0.1874, MR:  851.71, H@1: 0.134, H@3: 0.202, H@10: 0.290 | Test - MRR: 0.1856 | *
[2026-04-01 23:35:45,170][root][INFO] - Epoch:  11 | Loss: 0.0025 | Val - MRR: 0.1910, MR:  780.48, H@1: 0.137, H@3: 0.205, H@10: 0.294 | Test - MRR: 0.1896 | *
[2026-04-01 23:39:36,506][root][INFO] - Epoch:  12 | Loss: 0.0025 | Val - MRR: 0.1966, MR:  717.70, H@1: 0.142, H@3: 0.210, H@10: 0.301 | Test - MRR: 0.1948 | *
[2026-04-01 23:43:28,131][root][INFO] - Epoch:  13 | Loss: 0.0024 | Val - MRR: 0.2014, MR:  646.76, H@1: 0.146, H@3: 0.216, H@10: 0.308 | Test - MRR: 0.1992 | *
[2026-04-01 23:47:20,269][root][INFO] - Epoch:  14 | Loss: 0.0024 | Val - MRR: 0.2049, MR:  607.19, H@1: 0.150, H@3: 0.219, H@10: 0.311 | Test - MRR: 0.2031 | *
[2026-04-01 23:51:09,342][root][INFO] - Epoch:  15 | Loss: 0.0023 | Val - MRR: 0.2076, MR:  578.50, H@1: 0.151, H@3: 0.224, H@10: 0.316 | Test - MRR: 0.2062 | *
[2026-04-01 23:54:56,902][root][INFO] - Epoch:  16 | Loss: 0.0024 | Val - MRR: 0.2105, MR:  551.32, H@1: 0.154, H@3: 0.225, H@10: 0.320 | Test - MRR: 0.2085 | *
[2026-04-01 23:58:45,965][root][INFO] - Epoch:  17 | Loss: 0.0023 | Val - MRR: 0.2127, MR:  533.87, H@1: 0.155, H@3: 0.228, H@10: 0.326 | Test - MRR: 0.2111 | *
[2026-04-02 00:02:35,533][root][INFO] - Epoch:  18 | Loss: 0.0023 | Val - MRR: 0.2151, MR:  515.98, H@1: 0.157, H@3: 0.229, H@10: 0.329 | Test - MRR: 0.2139 | *
[2026-04-02 00:06:22,964][root][INFO] - Epoch:  19 | Loss: 0.0023 | Val - MRR: 0.2164, MR:  509.77, H@1: 0.158, H@3: 0.231, H@10: 0.331 | Test - MRR: 0.2149 | *
[2026-04-02 00:10:11,301][root][INFO] - Epoch:  20 | Loss: 0.0023 | Val - MRR: 0.2181, MR:  484.64, H@1: 0.159, H@3: 0.233, H@10: 0.334 | Test - MRR: 0.2159 | *
[2026-04-02 00:13:54,644][root][INFO] - Epoch:  21 | Loss: 0.0023 | Val - MRR: 0.2210, MR:  473.46, H@1: 0.161, H@3: 0.236, H@10: 0.337 | Test - MRR: 0.2194 | *
[2026-04-02 00:17:40,009][root][INFO] - Epoch:  22 | Loss: 0.0023 | Val - MRR: 0.2219, MR:  472.26, H@1: 0.162, H@3: 0.238, H@10: 0.339 | Test - MRR: 0.2206 | *
[2026-04-02 00:21:22,713][root][INFO] - Epoch:  23 | Loss: 0.0023 | Val - MRR: 0.2254, MR:  456.85, H@1: 0.165, H@3: 0.242, H@10: 0.344 | Test - MRR: 0.2243 | *
[2026-04-02 00:25:05,326][root][INFO] - Epoch:  24 | Loss: 0.0022 | Val - MRR: 0.2270, MR:  444.12, H@1: 0.165, H@3: 0.244, H@10: 0.348 | Test - MRR: 0.2257 | *
[2026-04-02 00:28:47,021][root][INFO] - Epoch:  25 | Loss: 0.0022 | Val - MRR: 0.2291, MR:  430.22, H@1: 0.167, H@3: 0.245, H@10: 0.350 | Test - MRR: 0.2274 | *
[2026-04-02 00:32:33,283][root][INFO] - Epoch:  26 | Loss: 0.0021 | Val - MRR: 0.2296, MR:  425.06, H@1: 0.167, H@3: 0.248, H@10: 0.352 | Test - MRR: 0.2273 | *
[2026-04-02 00:36:15,200][root][INFO] - Epoch:  27 | Loss: 0.0021 | Val - MRR: 0.2312, MR:  418.99, H@1: 0.168, H@3: 0.250, H@10: 0.355 | Test - MRR: 0.2297 | *
[2026-04-02 00:39:58,764][root][INFO] - Epoch:  28 | Loss: 0.0021 | Val - MRR: 0.2337, MR:  412.51, H@1: 0.170, H@3: 0.252, H@10: 0.360 | Test - MRR: 0.2311 | *
[2026-04-02 00:43:39,159][root][INFO] - Epoch:  29 | Loss: 0.0022 | Val - MRR: 0.2339, MR:  403.11, H@1: 0.170, H@3: 0.253, H@10: 0.361 | Test - MRR: 0.2318 | *
[2026-04-02 00:47:20,842][root][INFO] - Epoch:  30 | Loss: 0.0021 | Val - MRR: 0.2357, MR:  393.49, H@1: 0.170, H@3: 0.254, H@10: 0.363 | Test - MRR: 0.2343 | *
[2026-04-02 00:51:03,770][root][INFO] - Epoch:  31 | Loss: 0.0021 | Val - MRR: 0.2379, MR:  382.35, H@1: 0.172, H@3: 0.257, H@10: 0.367 | Test - MRR: 0.2362 | *
[2026-04-02 00:54:45,530][root][INFO] - Epoch:  32 | Loss: 0.0021 | Val - MRR: 0.2391, MR:  378.83, H@1: 0.173, H@3: 0.258, H@10: 0.367 | Test - MRR: 0.2370 | *
[2026-04-02 00:58:23,947][root][INFO] - Epoch:  33 | Loss: 0.0021 | Val - MRR: 0.2433, MR:  367.01, H@1: 0.177, H@3: 0.262, H@10: 0.372 | Test - MRR: 0.2404 | *
[2026-04-02 01:01:46,809][root][INFO] - Epoch:  34 | Loss: 0.0021 | Val - MRR: 0.2414, MR:  359.00, H@1: 0.173, H@3: 0.263, H@10: 0.374 | 
[2026-04-02 01:05:23,476][root][INFO] - Epoch:  35 | Loss: 0.0021 | Val - MRR: 0.2456, MR:  355.28, H@1: 0.178, H@3: 0.267, H@10: 0.377 | Test - MRR: 0.2441 | *
[2026-04-02 01:08:58,039][root][INFO] - Epoch:  36 | Loss: 0.0021 | Val - MRR: 0.2463, MR:  347.56, H@1: 0.179, H@3: 0.267, H@10: 0.378 | Test - MRR: 0.2440 | *
[2026-04-02 01:12:31,702][root][INFO] - Epoch:  37 | Loss: 0.0020 | Val - MRR: 0.2485, MR:  360.20, H@1: 0.180, H@3: 0.270, H@10: 0.382 | Test - MRR: 0.2471 | *
[2026-04-02 01:15:44,410][root][INFO] - Epoch:  38 | Loss: 0.0020 | Val - MRR: 0.2479, MR:  361.91, H@1: 0.180, H@3: 0.268, H@10: 0.380 | 
[2026-04-02 01:19:14,198][root][INFO] - Epoch:  39 | Loss: 0.0020 | Val - MRR: 0.2495, MR:  353.02, H@1: 0.181, H@3: 0.270, H@10: 0.383 | Test - MRR: 0.2468 | *
[2026-04-02 01:22:42,576][root][INFO] - Epoch:  40 | Loss: 0.0020 | Val - MRR: 0.2516, MR:  352.92, H@1: 0.183, H@3: 0.272, H@10: 0.385 | Test - MRR: 0.2494 | *
[2026-04-02 01:26:14,309][root][INFO] - Epoch:  41 | Loss: 0.0020 | Val - MRR: 0.2537, MR:  330.23, H@1: 0.184, H@3: 0.276, H@10: 0.389 | Test - MRR: 0.2522 | *
[2026-04-02 01:29:44,276][root][INFO] - Epoch:  42 | Loss: 0.0020 | Val - MRR: 0.2563, MR:  329.58, H@1: 0.186, H@3: 0.279, H@10: 0.393 | Test - MRR: 0.2547 | *
[2026-04-02 01:33:14,457][root][INFO] - Epoch:  43 | Loss: 0.0020 | Val - MRR: 0.2572, MR:  330.01, H@1: 0.187, H@3: 0.280, H@10: 0.395 | Test - MRR: 0.2552 | *
[2026-04-02 01:36:43,153][root][INFO] - Epoch:  44 | Loss: 0.0019 | Val - MRR: 0.2601, MR:  330.42, H@1: 0.190, H@3: 0.283, H@10: 0.397 | Test - MRR: 0.2578 | *
[2026-04-02 01:40:10,741][root][INFO] - Epoch:  45 | Loss: 0.0020 | Val - MRR: 0.2607, MR:  307.32, H@1: 0.190, H@3: 0.283, H@10: 0.399 | Test - MRR: 0.2581 | *
[2026-04-02 01:43:37,520][root][INFO] - Epoch:  46 | Loss: 0.0020 | Val - MRR: 0.2613, MR:  302.00, H@1: 0.190, H@3: 0.285, H@10: 0.400 | Test - MRR: 0.2588 | *
[2026-04-02 01:47:03,776][root][INFO] - Epoch:  47 | Loss: 0.0020 | Val - MRR: 0.2636, MR:  297.13, H@1: 0.192, H@3: 0.287, H@10: 0.402 | Test - MRR: 0.2617 | *
[2026-04-02 01:50:29,495][root][INFO] - Epoch:  48 | Loss: 0.0019 | Val - MRR: 0.2650, MR:  289.72, H@1: 0.193, H@3: 0.287, H@10: 0.406 | Test - MRR: 0.2637 | *
[2026-04-02 01:53:51,851][root][INFO] - Epoch:  49 | Loss: 0.0019 | Val - MRR: 0.2658, MR:  290.69, H@1: 0.193, H@3: 0.289, H@10: 0.406 | Test - MRR: 0.2645 | *
[2026-04-02 01:57:15,447][root][INFO] - Epoch:  50 | Loss: 0.0019 | Val - MRR: 0.2674, MR:  283.86, H@1: 0.194, H@3: 0.291, H@10: 0.409 | Test - MRR: 0.2655 | *
[2026-04-02 02:00:39,411][root][INFO] - Epoch:  51 | Loss: 0.0019 | Val - MRR: 0.2710, MR:  273.17, H@1: 0.198, H@3: 0.294, H@10: 0.414 | Test - MRR: 0.2681 | *
[2026-04-02 02:04:01,088][root][INFO] - Epoch:  52 | Loss: 0.0018 | Val - MRR: 0.2730, MR:  272.51, H@1: 0.200, H@3: 0.295, H@10: 0.416 | Test - MRR: 0.2703 | *
[2026-04-02 02:07:24,608][root][INFO] - Epoch:  53 | Loss: 0.0019 | Val - MRR: 0.2745, MR:  267.07, H@1: 0.201, H@3: 0.298, H@10: 0.419 | Test - MRR: 0.2714 | *
[2026-04-02 02:10:46,260][root][INFO] - Epoch:  54 | Loss: 0.0019 | Val - MRR: 0.2760, MR:  262.00, H@1: 0.201, H@3: 0.300, H@10: 0.421 | Test - MRR: 0.2729 | *
[2026-04-02 02:14:08,531][root][INFO] - Epoch:  55 | Loss: 0.0018 | Val - MRR: 0.2783, MR:  262.02, H@1: 0.204, H@3: 0.303, H@10: 0.423 | Test - MRR: 0.2750 | *
[2026-04-02 02:17:28,221][root][INFO] - Epoch:  56 | Loss: 0.0018 | Val - MRR: 0.2794, MR:  253.02, H@1: 0.204, H@3: 0.305, H@10: 0.424 | Test - MRR: 0.2760 | *
[2026-04-02 02:20:49,133][root][INFO] - Epoch:  57 | Loss: 0.0018 | Val - MRR: 0.2813, MR:  253.30, H@1: 0.206, H@3: 0.307, H@10: 0.426 | Test - MRR: 0.2769 | *
[2026-04-02 02:24:08,754][root][INFO] - Epoch:  58 | Loss: 0.0018 | Val - MRR: 0.2836, MR:  249.67, H@1: 0.209, H@3: 0.307, H@10: 0.431 | Test - MRR: 0.2794 | *
[2026-04-02 02:27:27,826][root][INFO] - Epoch:  59 | Loss: 0.0018 | Val - MRR: 0.2840, MR:  245.69, H@1: 0.209, H@3: 0.308, H@10: 0.431 | Test - MRR: 0.2800 | *
[2026-04-02 02:30:47,442][root][INFO] - Epoch:  60 | Loss: 0.0018 | Val - MRR: 0.2852, MR:  241.96, H@1: 0.209, H@3: 0.311, H@10: 0.433 | Test - MRR: 0.2830 | *
[2026-04-02 02:34:06,190][root][INFO] - Epoch:  61 | Loss: 0.0018 | Val - MRR: 0.2861, MR:  241.39, H@1: 0.210, H@3: 0.311, H@10: 0.434 | Test - MRR: 0.2833 | *
[2026-04-02 02:37:26,353][root][INFO] - Epoch:  62 | Loss: 0.0018 | Val - MRR: 0.2882, MR:  240.41, H@1: 0.212, H@3: 0.314, H@10: 0.439 | Test - MRR: 0.2863 | *
[2026-04-02 02:40:44,153][root][INFO] - Epoch:  63 | Loss: 0.0018 | Val - MRR: 0.2885, MR:  238.52, H@1: 0.212, H@3: 0.314, H@10: 0.440 | Test - MRR: 0.2863 | *
[2026-04-02 02:44:01,344][root][INFO] - Epoch:  64 | Loss: 0.0018 | Val - MRR: 0.2906, MR:  239.53, H@1: 0.214, H@3: 0.315, H@10: 0.441 | Test - MRR: 0.2891 | *
[2026-04-02 02:47:18,349][root][INFO] - Epoch:  65 | Loss: 0.0018 | Val - MRR: 0.2917, MR:  230.43, H@1: 0.214, H@3: 0.318, H@10: 0.445 | Test - MRR: 0.2893 | *
[2026-04-02 02:50:35,721][root][INFO] - Epoch:  66 | Loss: 0.0018 | Val - MRR: 0.2920, MR:  226.58, H@1: 0.214, H@3: 0.317, H@10: 0.447 | Test - MRR: 0.2905 | *
[2026-04-02 02:53:52,264][root][INFO] - Epoch:  67 | Loss: 0.0018 | Val - MRR: 0.2942, MR:  226.25, H@1: 0.216, H@3: 0.320, H@10: 0.447 | Test - MRR: 0.2925 | *
[2026-04-02 02:57:07,787][root][INFO] - Epoch:  68 | Loss: 0.0018 | Val - MRR: 0.2947, MR:  226.04, H@1: 0.217, H@3: 0.318, H@10: 0.450 | Test - MRR: 0.2925 | *
[2026-04-02 03:00:24,178][root][INFO] - Epoch:  69 | Loss: 0.0018 | Val - MRR: 0.2959, MR:  225.15, H@1: 0.217, H@3: 0.322, H@10: 0.450 | Test - MRR: 0.2934 | *
[2026-04-02 03:03:40,981][root][INFO] - Epoch:  70 | Loss: 0.0018 | Val - MRR: 0.2962, MR:  220.98, H@1: 0.216, H@3: 0.324, H@10: 0.453 | Test - MRR: 0.2942 | *
[2026-04-02 03:06:58,325][root][INFO] - Epoch:  71 | Loss: 0.0018 | Val - MRR: 0.3000, MR:  218.27, H@1: 0.221, H@3: 0.327, H@10: 0.455 | Test - MRR: 0.2966 | *
[2026-04-02 03:10:11,850][root][INFO] - Epoch:  72 | Loss: 0.0018 | Val - MRR: 0.2992, MR:  217.18, H@1: 0.220, H@3: 0.326, H@10: 0.458 | Test - MRR: 0.2970 | *
[2026-04-02 03:13:27,034][root][INFO] - Epoch:  73 | Loss: 0.0017 | Val - MRR: 0.3000, MR:  221.84, H@1: 0.221, H@3: 0.325, H@10: 0.458 | Test - MRR: 0.2968 | *
[2026-04-02 03:16:42,790][root][INFO] - Epoch:  74 | Loss: 0.0017 | Val - MRR: 0.3012, MR:  214.08, H@1: 0.221, H@3: 0.326, H@10: 0.462 | Test - MRR: 0.2974 | *
[2026-04-02 03:19:57,988][root][INFO] - Epoch:  75 | Loss: 0.0017 | Val - MRR: 0.3018, MR:  212.70, H@1: 0.221, H@3: 0.329, H@10: 0.462 | Test - MRR: 0.2989 | *
[2026-04-02 03:23:13,718][root][INFO] - Epoch:  76 | Loss: 0.0017 | Val - MRR: 0.3045, MR:  206.23, H@1: 0.223, H@3: 0.332, H@10: 0.464 | Test - MRR: 0.3020 | *
[2026-04-02 03:26:27,024][root][INFO] - Epoch:  77 | Loss: 0.0017 | Val - MRR: 0.3041, MR:  223.07, H@1: 0.224, H@3: 0.331, H@10: 0.465 | Test - MRR: 0.3021 | *
[2026-04-02 03:29:43,172][root][INFO] - Epoch:  78 | Loss: 0.0017 | Val - MRR: 0.3059, MR:  213.29, H@1: 0.225, H@3: 0.333, H@10: 0.466 | Test - MRR: 0.3029 | *
[2026-04-02 03:32:56,893][root][INFO] - Epoch:  79 | Loss: 0.0017 | Val - MRR: 0.3050, MR:  211.00, H@1: 0.223, H@3: 0.332, H@10: 0.467 | Test - MRR: 0.3040 | *
[2026-04-02 03:36:11,894][root][INFO] - Epoch:  80 | Loss: 0.0017 | Val - MRR: 0.3087, MR:  207.28, H@1: 0.227, H@3: 0.336, H@10: 0.469 | Test - MRR: 0.3054 | *
[2026-04-02 03:39:26,624][root][INFO] - Epoch:  81 | Loss: 0.0017 | Val - MRR: 0.3094, MR:  204.23, H@1: 0.228, H@3: 0.337, H@10: 0.471 | Test - MRR: 0.3067 | *
[2026-04-02 03:42:43,085][root][INFO] - Epoch:  82 | Loss: 0.0017 | Val - MRR: 0.3093, MR:  200.89, H@1: 0.227, H@3: 0.337, H@10: 0.472 | Test - MRR: 0.3070 | *
[2026-04-02 03:45:57,938][root][INFO] - Epoch:  83 | Loss: 0.0017 | Val - MRR: 0.3093, MR:  209.99, H@1: 0.226, H@3: 0.339, H@10: 0.472 | Test - MRR: 0.3075 | *
[2026-04-02 03:49:12,616][root][INFO] - Epoch:  84 | Loss: 0.0017 | Val - MRR: 0.3096, MR:  198.78, H@1: 0.227, H@3: 0.336, H@10: 0.474 | Test - MRR: 0.3078 | *
[2026-04-02 03:52:27,062][root][INFO] - Epoch:  85 | Loss: 0.0017 | Val - MRR: 0.3129, MR:  209.97, H@1: 0.231, H@3: 0.340, H@10: 0.478 | Test - MRR: 0.3101 | *
[2026-04-02 03:55:44,487][root][INFO] - Epoch:  86 | Loss: 0.0017 | Val - MRR: 0.3132, MR:  194.03, H@1: 0.231, H@3: 0.341, H@10: 0.478 | Test - MRR: 0.3110 | *
[2026-04-02 03:58:57,967][root][INFO] - Epoch:  87 | Loss: 0.0017 | Val - MRR: 0.3139, MR:  198.00, H@1: 0.230, H@3: 0.342, H@10: 0.480 | Test - MRR: 0.3126 | *
[2026-04-02 04:02:11,396][root][INFO] - Epoch:  88 | Loss: 0.0017 | Val - MRR: 0.3154, MR:  196.03, H@1: 0.232, H@3: 0.344, H@10: 0.482 | Test - MRR: 0.3133 | *
[2026-04-02 04:05:08,095][root][INFO] - Epoch:  89 | Loss: 0.0016 | Val - MRR: 0.3152, MR:  193.48, H@1: 0.232, H@3: 0.344, H@10: 0.480 | 
[2026-04-02 04:08:23,918][root][INFO] - Epoch:  90 | Loss: 0.0017 | Val - MRR: 0.3160, MR:  195.61, H@1: 0.233, H@3: 0.345, H@10: 0.483 | Test - MRR: 0.3139 | *
[2026-04-02 04:11:35,783][root][INFO] - Epoch:  91 | Loss: 0.0016 | Val - MRR: 0.3170, MR:  193.20, H@1: 0.233, H@3: 0.345, H@10: 0.484 | Test - MRR: 0.3149 | *
[2026-04-02 04:14:48,903][root][INFO] - Epoch:  92 | Loss: 0.0016 | Val - MRR: 0.3176, MR:  192.85, H@1: 0.234, H@3: 0.345, H@10: 0.484 | Test - MRR: 0.3155 | *
[2026-04-02 04:18:03,460][root][INFO] - Epoch:  93 | Loss: 0.0016 | Val - MRR: 0.3187, MR:  191.66, H@1: 0.235, H@3: 0.346, H@10: 0.483 | Test - MRR: 0.3161 | *
[2026-04-02 04:21:17,744][root][INFO] - Epoch:  94 | Loss: 0.0016 | Val - MRR: 0.3207, MR:  197.38, H@1: 0.237, H@3: 0.349, H@10: 0.487 | Test - MRR: 0.3177 | *
[2026-04-02 04:24:16,659][root][INFO] - Epoch:  95 | Loss: 0.0016 | Val - MRR: 0.3201, MR:  190.69, H@1: 0.236, H@3: 0.350, H@10: 0.488 | 
[2026-04-02 04:27:13,761][root][INFO] - Epoch:  96 | Loss: 0.0016 | Val - MRR: 0.3200, MR:  187.04, H@1: 0.236, H@3: 0.347, H@10: 0.488 | 
[2026-04-02 04:30:28,588][root][INFO] - Epoch:  97 | Loss: 0.0016 | Val - MRR: 0.3210, MR:  189.78, H@1: 0.237, H@3: 0.349, H@10: 0.487 | Test - MRR: 0.3181 | *
[2026-04-02 04:33:44,320][root][INFO] - Epoch:  98 | Loss: 0.0016 | Val - MRR: 0.3221, MR:  188.33, H@1: 0.238, H@3: 0.349, H@10: 0.491 | Test - MRR: 0.3188 | *
[2026-04-02 04:36:59,164][root][INFO] - Epoch:  99 | Loss: 0.0016 | Val - MRR: 0.3224, MR:  189.63, H@1: 0.238, H@3: 0.350, H@10: 0.491 | Test - MRR: 0.3194 | *
[2026-04-02 04:40:14,213][root][INFO] - Epoch: 100 | Loss: 0.0016 | Val - MRR: 0.3234, MR:  187.20, H@1: 0.240, H@3: 0.351, H@10: 0.492 | Test - MRR: 0.3207 | *
[2026-04-02 04:43:29,540][root][INFO] - Epoch: 101 | Loss: 0.0016 | Val - MRR: 0.3242, MR:  184.28, H@1: 0.239, H@3: 0.353, H@10: 0.495 | Test - MRR: 0.3209 | *
[2026-04-02 04:46:46,284][root][INFO] - Epoch: 102 | Loss: 0.0016 | Val - MRR: 0.3244, MR:  193.40, H@1: 0.239, H@3: 0.353, H@10: 0.494 | Test - MRR: 0.3212 | *
[2026-04-02 04:50:04,186][root][INFO] - Epoch: 103 | Loss: 0.0016 | Val - MRR: 0.3262, MR:  179.38, H@1: 0.242, H@3: 0.354, H@10: 0.497 | Test - MRR: 0.3226 | *
[2026-04-02 04:53:22,192][root][INFO] - Epoch: 104 | Loss: 0.0016 | Val - MRR: 0.3257, MR:  195.79, H@1: 0.242, H@3: 0.353, H@10: 0.495 | Test - MRR: 0.3227 | *
[2026-04-02 04:56:39,633][root][INFO] - Epoch: 105 | Loss: 0.0016 | Val - MRR: 0.3270, MR:  183.27, H@1: 0.242, H@3: 0.356, H@10: 0.496 | Test - MRR: 0.3235 | *
[2026-04-02 04:59:57,434][root][INFO] - Epoch: 106 | Loss: 0.0016 | Val - MRR: 0.3278, MR:  184.07, H@1: 0.242, H@3: 0.356, H@10: 0.499 | Test - MRR: 0.3253 | *
[2026-04-02 05:03:13,630][root][INFO] - Epoch: 107 | Loss: 0.0016 | Val - MRR: 0.3282, MR:  180.55, H@1: 0.243, H@3: 0.357, H@10: 0.499 | Test - MRR: 0.3242 | *
[2026-04-02 05:06:32,328][root][INFO] - Epoch: 108 | Loss: 0.0016 | Val - MRR: 0.3305, MR:  178.29, H@1: 0.245, H@3: 0.359, H@10: 0.502 | Test - MRR: 0.3274 | *
[2026-04-02 05:09:30,795][root][INFO] - Epoch: 109 | Loss: 0.0016 | Val - MRR: 0.3302, MR:  177.32, H@1: 0.245, H@3: 0.359, H@10: 0.502 | 
[2026-04-02 05:12:30,226][root][INFO] - Epoch: 110 | Loss: 0.0015 | Val - MRR: 0.3296, MR:  177.74, H@1: 0.245, H@3: 0.358, H@10: 0.500 | 
[2026-04-02 05:15:45,855][root][INFO] - Epoch: 111 | Loss: 0.0016 | Val - MRR: 0.3323, MR:  177.60, H@1: 0.247, H@3: 0.360, H@10: 0.506 | Test - MRR: 0.3300 | *
[2026-04-02 05:19:02,040][root][INFO] - Epoch: 112 | Loss: 0.0016 | Val - MRR: 0.3318, MR:  178.76, H@1: 0.246, H@3: 0.360, H@10: 0.506 | Test - MRR: 0.3301 | *
[2026-04-02 05:22:18,503][root][INFO] - Epoch: 113 | Loss: 0.0016 | Val - MRR: 0.3319, MR:  176.72, H@1: 0.247, H@3: 0.361, H@10: 0.505 | Test - MRR: 0.3283 | *
[2026-04-02 05:25:36,527][root][INFO] - Epoch: 114 | Loss: 0.0015 | Val - MRR: 0.3333, MR:  173.79, H@1: 0.248, H@3: 0.361, H@10: 0.507 | Test - MRR: 0.3309 | *
[2026-04-02 05:28:36,125][root][INFO] - Epoch: 115 | Loss: 0.0015 | Val - MRR: 0.3326, MR:  175.75, H@1: 0.246, H@3: 0.361, H@10: 0.507 | 
[2026-04-02 05:31:35,543][root][INFO] - Epoch: 116 | Loss: 0.0015 | Val - MRR: 0.3322, MR:  173.98, H@1: 0.246, H@3: 0.360, H@10: 0.507 | 
[2026-04-02 05:34:54,725][root][INFO] - Epoch: 117 | Loss: 0.0015 | Val - MRR: 0.3335, MR:  174.36, H@1: 0.247, H@3: 0.364, H@10: 0.508 | Test - MRR: 0.3313 | *
[2026-04-02 05:38:14,607][root][INFO] - Epoch: 118 | Loss: 0.0015 | Val - MRR: 0.3353, MR:  173.49, H@1: 0.249, H@3: 0.366, H@10: 0.509 | Test - MRR: 0.3337 | *
[2026-04-02 05:41:32,083][root][INFO] - Epoch: 119 | Loss: 0.0015 | Val - MRR: 0.3365, MR:  172.17, H@1: 0.249, H@3: 0.365, H@10: 0.513 | Test - MRR: 0.3335 | *
[2026-04-02 05:44:52,546][root][INFO] - Epoch: 120 | Loss: 0.0015 | Val - MRR: 0.3362, MR:  172.27, H@1: 0.250, H@3: 0.364, H@10: 0.511 | Test - MRR: 0.3341 | *
[2026-04-02 05:47:54,491][root][INFO] - Epoch: 121 | Loss: 0.0015 | Val - MRR: 0.3356, MR:  173.00, H@1: 0.250, H@3: 0.364, H@10: 0.509 | 
[2026-04-02 05:50:58,150][root][INFO] - Epoch: 122 | Loss: 0.0015 | Val - MRR: 0.3357, MR:  170.36, H@1: 0.249, H@3: 0.364, H@10: 0.511 | 
[2026-04-02 05:54:18,710][root][INFO] - Epoch: 123 | Loss: 0.0015 | Val - MRR: 0.3371, MR:  168.45, H@1: 0.251, H@3: 0.366, H@10: 0.512 | Test - MRR: 0.3349 | *
[2026-04-02 05:57:38,926][root][INFO] - Epoch: 124 | Loss: 0.0015 | Val - MRR: 0.3382, MR:  169.76, H@1: 0.252, H@3: 0.367, H@10: 0.512 | Test - MRR: 0.3359 | *
[2026-04-02 06:00:43,138][root][INFO] - Epoch: 125 | Loss: 0.0015 | Val - MRR: 0.3364, MR:  170.71, H@1: 0.250, H@3: 0.366, H@10: 0.512 | 
[2026-04-02 06:03:46,670][root][INFO] - Epoch: 126 | Loss: 0.0015 | Val - MRR: 0.3378, MR:  170.19, H@1: 0.251, H@3: 0.367, H@10: 0.512 | 
[2026-04-02 06:06:51,985][root][INFO] - Epoch: 127 | Loss: 0.0015 | Val - MRR: 0.3369, MR:  169.43, H@1: 0.250, H@3: 0.366, H@10: 0.514 | 
[2026-04-02 06:10:12,231][root][INFO] - Epoch: 128 | Loss: 0.0015 | Val - MRR: 0.3384, MR:  167.55, H@1: 0.250, H@3: 0.370, H@10: 0.515 | Test - MRR: 0.3351 | *
[2026-04-02 06:13:32,936][root][INFO] - Epoch: 129 | Loss: 0.0015 | Val - MRR: 0.3390, MR:  172.65, H@1: 0.252, H@3: 0.370, H@10: 0.515 | Test - MRR: 0.3366 | *
[2026-04-02 06:16:37,638][root][INFO] - Epoch: 130 | Loss: 0.0015 | Val - MRR: 0.3382, MR:  169.15, H@1: 0.251, H@3: 0.369, H@10: 0.515 | 
[2026-04-02 06:19:59,384][root][INFO] - Epoch: 131 | Loss: 0.0015 | Val - MRR: 0.3394, MR:  170.98, H@1: 0.252, H@3: 0.370, H@10: 0.516 | Test - MRR: 0.3381 | *
[2026-04-02 06:23:22,861][root][INFO] - Epoch: 132 | Loss: 0.0015 | Val - MRR: 0.3402, MR:  167.07, H@1: 0.253, H@3: 0.370, H@10: 0.515 | Test - MRR: 0.3378 | *
[2026-04-02 06:26:30,398][root][INFO] - Epoch: 133 | Loss: 0.0015 | Val - MRR: 0.3399, MR:  166.43, H@1: 0.252, H@3: 0.370, H@10: 0.517 | 
[2026-04-02 06:29:54,123][root][INFO] - Epoch: 134 | Loss: 0.0015 | Val - MRR: 0.3406, MR:  162.79, H@1: 0.254, H@3: 0.370, H@10: 0.517 | Test - MRR: 0.3383 | *
[2026-04-02 06:33:17,442][root][INFO] - Epoch: 135 | Loss: 0.0015 | Val - MRR: 0.3425, MR:  164.24, H@1: 0.255, H@3: 0.372, H@10: 0.521 | Test - MRR: 0.3394 | *
[2026-04-02 06:36:26,613][root][INFO] - Epoch: 136 | Loss: 0.0015 | Val - MRR: 0.3413, MR:  167.12, H@1: 0.254, H@3: 0.371, H@10: 0.520 | 
[2026-04-02 06:39:54,369][root][INFO] - Epoch: 137 | Loss: 0.0015 | Val - MRR: 0.3419, MR:  164.54, H@1: 0.254, H@3: 0.373, H@10: 0.520 | Test - MRR: 0.3399 | *
[2026-04-02 06:43:21,691][root][INFO] - Epoch: 138 | Loss: 0.0015 | Val - MRR: 0.3417, MR:  166.68, H@1: 0.254, H@3: 0.374, H@10: 0.521 | Test - MRR: 0.3400 | *
[2026-04-02 06:46:47,159][root][INFO] - Epoch: 139 | Loss: 0.0015 | Val - MRR: 0.3433, MR:  164.44, H@1: 0.255, H@3: 0.373, H@10: 0.521 | Test - MRR: 0.3412 | *
[2026-04-02 06:50:14,470][root][INFO] - Epoch: 140 | Loss: 0.0015 | Val - MRR: 0.3431, MR:  163.68, H@1: 0.255, H@3: 0.373, H@10: 0.521 | Test - MRR: 0.3413 | *
[2026-04-02 06:53:24,448][root][INFO] - Epoch: 141 | Loss: 0.0015 | Val - MRR: 0.3427, MR:  163.44, H@1: 0.255, H@3: 0.372, H@10: 0.523 | 
[2026-04-02 06:56:52,033][root][INFO] - Epoch: 142 | Loss: 0.0015 | Val - MRR: 0.3444, MR:  160.75, H@1: 0.256, H@3: 0.376, H@10: 0.523 | Test - MRR: 0.3423 | *
[2026-04-02 07:00:21,593][root][INFO] - Epoch: 143 | Loss: 0.0015 | Val - MRR: 0.3455, MR:  162.96, H@1: 0.257, H@3: 0.377, H@10: 0.523 | Test - MRR: 0.3425 | *
[2026-04-02 07:03:33,987][root][INFO] - Epoch: 144 | Loss: 0.0015 | Val - MRR: 0.3443, MR:  163.06, H@1: 0.255, H@3: 0.376, H@10: 0.522 | 
[2026-04-02 07:07:07,167][root][INFO] - Epoch: 145 | Loss: 0.0015 | Val - MRR: 0.3456, MR:  162.15, H@1: 0.257, H@3: 0.377, H@10: 0.525 | Test - MRR: 0.3435 | *
[2026-04-02 07:10:18,669][root][INFO] - Epoch: 146 | Loss: 0.0015 | Val - MRR: 0.3440, MR:  160.80, H@1: 0.255, H@3: 0.376, H@10: 0.523 | 
[2026-04-02 07:13:33,517][root][INFO] - Epoch: 147 | Loss: 0.0015 | Val - MRR: 0.3450, MR:  161.54, H@1: 0.256, H@3: 0.377, H@10: 0.525 | 
[2026-04-02 07:16:45,503][root][INFO] - Epoch: 148 | Loss: 0.0015 | Val - MRR: 0.3453, MR:  161.58, H@1: 0.256, H@3: 0.377, H@10: 0.524 | 
[2026-04-02 07:20:16,822][root][INFO] - Epoch: 149 | Loss: 0.0015 | Val - MRR: 0.3478, MR:  164.95, H@1: 0.259, H@3: 0.379, H@10: 0.527 | Test - MRR: 0.3451 | *
[2026-04-02 07:23:29,509][root][INFO] - Epoch: 150 | Loss: 0.0015 | Val - MRR: 0.3465, MR:  161.85, H@1: 0.257, H@3: 0.378, H@10: 0.526 | 
[2026-04-02 07:26:44,782][root][INFO] - Epoch: 151 | Loss: 0.0015 | Val - MRR: 0.3474, MR:  159.53, H@1: 0.259, H@3: 0.379, H@10: 0.527 | 
[2026-04-02 07:30:17,267][root][INFO] - Epoch: 152 | Loss: 0.0015 | Val - MRR: 0.3486, MR:  161.86, H@1: 0.260, H@3: 0.379, H@10: 0.529 | Test - MRR: 0.3458 | *
[2026-04-02 07:33:34,179][root][INFO] - Epoch: 153 | Loss: 0.0015 | Val - MRR: 0.3473, MR:  161.09, H@1: 0.258, H@3: 0.379, H@10: 0.528 | 
[2026-04-02 07:36:48,598][root][INFO] - Epoch: 154 | Loss: 0.0015 | Val - MRR: 0.3458, MR:  163.08, H@1: 0.257, H@3: 0.378, H@10: 0.526 | 
[2026-04-02 07:40:05,136][root][INFO] - Epoch: 155 | Loss: 0.0015 | Val - MRR: 0.3464, MR:  161.57, H@1: 0.257, H@3: 0.379, H@10: 0.527 | 
[2026-04-02 07:43:38,086][root][INFO] - Epoch: 156 | Loss: 0.0014 | Val - MRR: 0.3482, MR:  163.83, H@1: 0.258, H@3: 0.381, H@10: 0.529 | Test - MRR: 0.3464 | *
[2026-04-02 07:47:07,782][root][INFO] - Epoch: 157 | Loss: 0.0015 | Val - MRR: 0.3484, MR:  160.91, H@1: 0.259, H@3: 0.380, H@10: 0.529 | Test - MRR: 0.3461 | *
[2026-04-02 07:50:40,299][root][INFO] - Epoch: 158 | Loss: 0.0014 | Val - MRR: 0.3484, MR:  160.34, H@1: 0.259, H@3: 0.381, H@10: 0.528 | Test - MRR: 0.3459 | *
[2026-04-02 07:53:57,817][root][INFO] - Epoch: 159 | Loss: 0.0014 | Val - MRR: 0.3481, MR:  161.91, H@1: 0.259, H@3: 0.380, H@10: 0.529 | 
[2026-04-02 07:57:36,073][root][INFO] - Epoch: 160 | Loss: 0.0014 | Val - MRR: 0.3500, MR:  161.01, H@1: 0.261, H@3: 0.382, H@10: 0.531 | Test - MRR: 0.3476 | *
[2026-04-02 08:00:56,044][root][INFO] - Epoch: 161 | Loss: 0.0014 | Val - MRR: 0.3490, MR:  159.68, H@1: 0.260, H@3: 0.380, H@10: 0.530 | 
[2026-04-02 08:04:15,206][root][INFO] - Epoch: 162 | Loss: 0.0014 | Val - MRR: 0.3497, MR:  159.06, H@1: 0.259, H@3: 0.382, H@10: 0.531 | 
[2026-04-02 08:07:52,458][root][INFO] - Epoch: 163 | Loss: 0.0014 | Val - MRR: 0.3503, MR:  161.18, H@1: 0.262, H@3: 0.381, H@10: 0.532 | Test - MRR: 0.3480 | *
[2026-04-02 08:11:13,770][root][INFO] - Epoch: 164 | Loss: 0.0014 | Val - MRR: 0.3503, MR:  158.74, H@1: 0.261, H@3: 0.383, H@10: 0.531 | 
[2026-04-02 08:14:53,819][root][INFO] - Epoch: 165 | Loss: 0.0014 | Val - MRR: 0.3498, MR:  160.94, H@1: 0.260, H@3: 0.382, H@10: 0.532 | Test - MRR: 0.3482 | *
[2026-04-02 08:18:35,559][root][INFO] - Epoch: 166 | Loss: 0.0014 | Val - MRR: 0.3507, MR:  163.89, H@1: 0.261, H@3: 0.382, H@10: 0.532 | Test - MRR: 0.3470 | *
[2026-04-02 08:21:59,222][root][INFO] - Epoch: 167 | Loss: 0.0014 | Val - MRR: 0.3500, MR:  160.25, H@1: 0.260, H@3: 0.385, H@10: 0.531 | 
[2026-04-02 08:25:41,865][root][INFO] - Epoch: 168 | Loss: 0.0014 | Val - MRR: 0.3511, MR:  158.88, H@1: 0.261, H@3: 0.384, H@10: 0.533 | Test - MRR: 0.3481 | *
[2026-04-02 08:29:21,612][root][INFO] - Epoch: 169 | Loss: 0.0014 | Val - MRR: 0.3524, MR:  161.79, H@1: 0.263, H@3: 0.386, H@10: 0.535 | Test - MRR: 0.3495 | *
[2026-04-02 08:32:43,322][root][INFO] - Epoch: 170 | Loss: 0.0014 | Val - MRR: 0.3516, MR:  159.85, H@1: 0.262, H@3: 0.384, H@10: 0.534 | 
[2026-04-02 08:36:00,413][root][INFO] - Epoch: 171 | Loss: 0.0014 | Val - MRR: 0.3524, MR:  157.75, H@1: 0.262, H@3: 0.385, H@10: 0.535 | 
[2026-04-02 08:39:17,339][root][INFO] - Epoch: 172 | Loss: 0.0014 | Val - MRR: 0.3500, MR:  159.22, H@1: 0.260, H@3: 0.383, H@10: 0.531 | 
[2026-04-02 08:42:35,293][root][INFO] - Epoch: 173 | Loss: 0.0014 | Val - MRR: 0.3515, MR:  161.84, H@1: 0.261, H@3: 0.386, H@10: 0.535 | 
[2026-04-02 08:46:10,386][root][INFO] - Epoch: 174 | Loss: 0.0014 | Val - MRR: 0.3538, MR:  157.42, H@1: 0.262, H@3: 0.390, H@10: 0.538 | Test - MRR: 0.3505 | *
[2026-04-02 08:49:28,771][root][INFO] - Epoch: 175 | Loss: 0.0014 | Val - MRR: 0.3527, MR:  159.82, H@1: 0.262, H@3: 0.386, H@10: 0.536 | 
[2026-04-02 08:52:45,555][root][INFO] - Epoch: 176 | Loss: 0.0014 | Val - MRR: 0.3534, MR:  157.41, H@1: 0.263, H@3: 0.386, H@10: 0.537 | 
[2026-04-02 08:56:22,013][root][INFO] - Epoch: 177 | Loss: 0.0014 | Val - MRR: 0.3542, MR:  157.95, H@1: 0.264, H@3: 0.388, H@10: 0.538 | Test - MRR: 0.3510 | *
[2026-04-02 08:59:40,589][root][INFO] - Epoch: 178 | Loss: 0.0014 | Val - MRR: 0.3533, MR:  157.67, H@1: 0.263, H@3: 0.384, H@10: 0.537 | 
[2026-04-02 09:02:58,889][root][INFO] - Epoch: 179 | Loss: 0.0014 | Val - MRR: 0.3526, MR:  160.14, H@1: 0.262, H@3: 0.385, H@10: 0.536 | 
[2026-04-02 09:06:31,546][root][INFO] - Epoch: 180 | Loss: 0.0014 | Val - MRR: 0.3544, MR:  157.81, H@1: 0.263, H@3: 0.388, H@10: 0.540 | Test - MRR: 0.3510 | *
[2026-04-02 09:10:06,866][root][INFO] - Epoch: 181 | Loss: 0.0014 | Val - MRR: 0.3546, MR:  155.21, H@1: 0.264, H@3: 0.387, H@10: 0.539 | Test - MRR: 0.3513 | *
[2026-04-02 09:13:41,387][root][INFO] - Epoch: 182 | Loss: 0.0014 | Val - MRR: 0.3540, MR:  156.47, H@1: 0.263, H@3: 0.388, H@10: 0.540 | Test - MRR: 0.3514 | *
[2026-04-02 09:16:58,053][root][INFO] - Epoch: 183 | Loss: 0.0014 | Val - MRR: 0.3536, MR:  157.01, H@1: 0.263, H@3: 0.387, H@10: 0.539 | 
[2026-04-02 09:20:16,963][root][INFO] - Epoch: 184 | Loss: 0.0014 | Val - MRR: 0.3539, MR:  155.38, H@1: 0.263, H@3: 0.387, H@10: 0.538 | 
[2026-04-02 09:23:50,929][root][INFO] - Epoch: 185 | Loss: 0.0014 | Val - MRR: 0.3560, MR:  156.75, H@1: 0.266, H@3: 0.388, H@10: 0.537 | Test - MRR: 0.3518 | *
[2026-04-02 09:27:09,384][root][INFO] - Epoch: 186 | Loss: 0.0014 | Val - MRR: 0.3552, MR:  159.02, H@1: 0.265, H@3: 0.388, H@10: 0.540 | 
[2026-04-02 09:30:43,953][root][INFO] - Epoch: 187 | Loss: 0.0014 | Val - MRR: 0.3549, MR:  159.72, H@1: 0.264, H@3: 0.388, H@10: 0.540 | Test - MRR: 0.3528 | *
[2026-04-02 09:34:17,299][root][INFO] - Epoch: 188 | Loss: 0.0014 | Val - MRR: 0.3556, MR:  158.83, H@1: 0.265, H@3: 0.388, H@10: 0.540 | Test - MRR: 0.3528 | *
[2026-04-02 09:37:50,628][root][INFO] - Epoch: 189 | Loss: 0.0014 | Val - MRR: 0.3561, MR:  161.25, H@1: 0.265, H@3: 0.389, H@10: 0.540 | Test - MRR: 0.3529 | *
[2026-04-02 09:41:09,713][root][INFO] - Epoch: 190 | Loss: 0.0014 | Val - MRR: 0.3557, MR:  158.55, H@1: 0.265, H@3: 0.389, H@10: 0.540 | 
[2026-04-02 09:44:43,623][root][INFO] - Epoch: 191 | Loss: 0.0014 | Val - MRR: 0.3574, MR:  160.82, H@1: 0.266, H@3: 0.391, H@10: 0.540 | Test - MRR: 0.3538 | *
[2026-04-02 09:48:00,992][root][INFO] - Epoch: 192 | Loss: 0.0014 | Val - MRR: 0.3553, MR:  160.10, H@1: 0.264, H@3: 0.389, H@10: 0.539 | 
[2026-04-02 09:51:17,595][root][INFO] - Epoch: 193 | Loss: 0.0014 | Val - MRR: 0.3556, MR:  157.46, H@1: 0.265, H@3: 0.389, H@10: 0.539 | 
[2026-04-02 09:54:36,067][root][INFO] - Epoch: 194 | Loss: 0.0014 | Val - MRR: 0.3560, MR:  158.92, H@1: 0.265, H@3: 0.390, H@10: 0.538 | 
[2026-04-02 09:57:52,480][root][INFO] - Epoch: 195 | Loss: 0.0014 | Val - MRR: 0.3563, MR:  155.82, H@1: 0.266, H@3: 0.390, H@10: 0.540 | 
[2026-04-02 10:01:10,373][root][INFO] - Epoch: 196 | Loss: 0.0014 | Val - MRR: 0.3562, MR:  155.57, H@1: 0.266, H@3: 0.389, H@10: 0.539 | 
[2026-04-02 10:04:27,424][root][INFO] - Epoch: 197 | Loss: 0.0014 | Val - MRR: 0.3554, MR:  155.73, H@1: 0.265, H@3: 0.388, H@10: 0.539 | 
[2026-04-02 10:07:44,470][root][INFO] - Epoch: 198 | Loss: 0.0014 | Val - MRR: 0.3554, MR:  158.13, H@1: 0.265, H@3: 0.389, H@10: 0.539 | 
[2026-04-02 10:11:01,144][root][INFO] - Epoch: 199 | Loss: 0.0014 | Val - MRR: 0.3569, MR:  156.70, H@1: 0.265, H@3: 0.391, H@10: 0.541 | 
[2026-04-02 10:14:17,372][root][INFO] - Epoch: 200 | Loss: 0.0014 | Val - MRR: 0.3566, MR:  157.61, H@1: 0.266, H@3: 0.389, H@10: 0.541 | 
[2026-04-02 10:17:35,813][root][INFO] - Epoch: 201 | Loss: 0.0014 | Val - MRR: 0.3560, MR:  157.66, H@1: 0.266, H@3: 0.388, H@10: 0.541 | 
[2026-04-02 10:20:52,789][root][INFO] - Epoch: 202 | Loss: 0.0014 | Val - MRR: 0.3567, MR:  154.60, H@1: 0.266, H@3: 0.389, H@10: 0.540 | 
[2026-04-02 10:24:09,671][root][INFO] - Epoch: 203 | Loss: 0.0014 | Val - MRR: 0.3571, MR:  158.51, H@1: 0.267, H@3: 0.391, H@10: 0.541 | 
[2026-04-02 10:27:26,187][root][INFO] - Epoch: 204 | Loss: 0.0014 | Val - MRR: 0.3569, MR:  155.28, H@1: 0.267, H@3: 0.388, H@10: 0.540 | 
[2026-04-02 10:31:00,544][root][INFO] - Epoch: 205 | Loss: 0.0014 | Val - MRR: 0.3574, MR:  155.02, H@1: 0.267, H@3: 0.390, H@10: 0.542 | Test - MRR: 0.3544 | *
[2026-04-02 10:34:36,748][root][INFO] - Epoch: 206 | Loss: 0.0014 | Val - MRR: 0.3576, MR:  156.40, H@1: 0.267, H@3: 0.392, H@10: 0.542 | Test - MRR: 0.3544 | *
[2026-04-02 10:38:11,036][root][INFO] - Epoch: 207 | Loss: 0.0014 | Val - MRR: 0.3587, MR:  158.04, H@1: 0.268, H@3: 0.392, H@10: 0.542 | Test - MRR: 0.3562 | *
[2026-04-02 10:41:30,048][root][INFO] - Epoch: 208 | Loss: 0.0014 | Val - MRR: 0.3575, MR:  155.76, H@1: 0.267, H@3: 0.390, H@10: 0.541 | 
[2026-04-02 10:44:47,396][root][INFO] - Epoch: 209 | Loss: 0.0014 | Val - MRR: 0.3578, MR:  157.11, H@1: 0.267, H@3: 0.392, H@10: 0.541 | 
[2026-04-02 10:48:03,091][root][INFO] - Epoch: 210 | Loss: 0.0014 | Val - MRR: 0.3584, MR:  157.70, H@1: 0.267, H@3: 0.392, H@10: 0.543 | 
[2026-04-02 10:51:19,989][root][INFO] - Epoch: 211 | Loss: 0.0014 | Val - MRR: 0.3572, MR:  156.55, H@1: 0.267, H@3: 0.390, H@10: 0.540 | 
[2026-04-02 10:54:38,219][root][INFO] - Epoch: 212 | Loss: 0.0014 | Val - MRR: 0.3582, MR:  154.43, H@1: 0.267, H@3: 0.392, H@10: 0.542 | 
[2026-04-02 10:57:55,495][root][INFO] - Epoch: 213 | Loss: 0.0014 | Val - MRR: 0.3577, MR:  155.81, H@1: 0.266, H@3: 0.391, H@10: 0.542 | 
[2026-04-02 11:01:11,604][root][INFO] - Epoch: 214 | Loss: 0.0014 | Val - MRR: 0.3586, MR:  158.54, H@1: 0.268, H@3: 0.392, H@10: 0.541 | 
[2026-04-02 11:04:30,093][root][INFO] - Epoch: 215 | Loss: 0.0014 | Val - MRR: 0.3584, MR:  155.99, H@1: 0.267, H@3: 0.392, H@10: 0.542 | 
[2026-04-02 11:07:46,484][root][INFO] - Epoch: 216 | Loss: 0.0014 | Val - MRR: 0.3585, MR:  157.79, H@1: 0.267, H@3: 0.393, H@10: 0.540 | 
[2026-04-02 11:11:02,727][root][INFO] - Epoch: 217 | Loss: 0.0014 | Val - MRR: 0.3580, MR:  158.51, H@1: 0.267, H@3: 0.390, H@10: 0.542 | 
[2026-04-02 11:14:20,970][root][INFO] - Epoch: 218 | Loss: 0.0014 | Val - MRR: 0.3583, MR:  157.91, H@1: 0.267, H@3: 0.392, H@10: 0.541 | 
[2026-04-02 11:17:52,111][root][INFO] - Epoch: 219 | Loss: 0.0014 | Val - MRR: 0.3594, MR:  157.74, H@1: 0.268, H@3: 0.393, H@10: 0.541 | Test - MRR: 0.3545 | *
[2026-04-02 11:21:07,809][root][INFO] - Epoch: 220 | Loss: 0.0014 | Val - MRR: 0.3587, MR:  156.78, H@1: 0.268, H@3: 0.391, H@10: 0.542 | 
[2026-04-02 11:24:41,355][root][INFO] - Epoch: 221 | Loss: 0.0014 | Val - MRR: 0.3595, MR:  160.32, H@1: 0.268, H@3: 0.393, H@10: 0.543 | Test - MRR: 0.3556 | *
[2026-04-02 11:28:14,684][root][INFO] - Epoch: 222 | Loss: 0.0014 | Val - MRR: 0.3598, MR:  154.03, H@1: 0.269, H@3: 0.393, H@10: 0.543 | Test - MRR: 0.3568 | *
[2026-04-02 11:31:31,398][root][INFO] - Epoch: 223 | Loss: 0.0014 | Val - MRR: 0.3596, MR:  156.30, H@1: 0.269, H@3: 0.393, H@10: 0.543 | 
[2026-04-02 11:34:47,372][root][INFO] - Epoch: 224 | Loss: 0.0014 | Val - MRR: 0.3593, MR:  157.04, H@1: 0.269, H@3: 0.392, H@10: 0.543 | 
[2026-04-02 11:38:05,439][root][INFO] - Epoch: 225 | Loss: 0.0014 | Val - MRR: 0.3593, MR:  162.04, H@1: 0.269, H@3: 0.391, H@10: 0.543 | 
[2026-04-02 11:41:38,062][root][INFO] - Epoch: 226 | Loss: 0.0014 | Val - MRR: 0.3605, MR:  157.45, H@1: 0.270, H@3: 0.393, H@10: 0.544 | Test - MRR: 0.3569 | *
[2026-04-02 11:45:10,575][root][INFO] - Epoch: 227 | Loss: 0.0014 | Val - MRR: 0.3605, MR:  158.88, H@1: 0.270, H@3: 0.393, H@10: 0.544 | Test - MRR: 0.3566 | *
[2026-04-02 11:48:41,685][root][INFO] - Epoch: 228 | Loss: 0.0014 | Val - MRR: 0.3611, MR:  157.19, H@1: 0.270, H@3: 0.395, H@10: 0.544 | Test - MRR: 0.3563 | *
[2026-04-02 11:51:57,541][root][INFO] - Epoch: 229 | Loss: 0.0014 | Val - MRR: 0.3594, MR:  155.67, H@1: 0.268, H@3: 0.393, H@10: 0.543 | 
[2026-04-02 11:55:14,023][root][INFO] - Epoch: 230 | Loss: 0.0014 | Val - MRR: 0.3596, MR:  156.83, H@1: 0.268, H@3: 0.393, H@10: 0.544 | 
[2026-04-02 11:58:28,836][root][INFO] - Epoch: 231 | Loss: 0.0014 | Val - MRR: 0.3599, MR:  157.66, H@1: 0.268, H@3: 0.393, H@10: 0.544 | 
[2026-04-02 12:02:01,708][root][INFO] - Epoch: 232 | Loss: 0.0014 | Val - MRR: 0.3611, MR:  156.07, H@1: 0.270, H@3: 0.396, H@10: 0.546 | Test - MRR: 0.3576 | *
[2026-04-02 12:05:18,364][root][INFO] - Epoch: 233 | Loss: 0.0014 | Val - MRR: 0.3602, MR:  157.74, H@1: 0.269, H@3: 0.394, H@10: 0.544 | 
[2026-04-02 12:08:35,455][root][INFO] - Epoch: 234 | Loss: 0.0014 | Val - MRR: 0.3610, MR:  156.02, H@1: 0.269, H@3: 0.396, H@10: 0.546 | 
[2026-04-02 12:12:06,951][root][INFO] - Epoch: 235 | Loss: 0.0014 | Val - MRR: 0.3617, MR:  157.35, H@1: 0.270, H@3: 0.396, H@10: 0.546 | Test - MRR: 0.3566 | *
[2026-04-02 12:15:23,618][root][INFO] - Epoch: 236 | Loss: 0.0014 | Val - MRR: 0.3600, MR:  158.14, H@1: 0.268, H@3: 0.393, H@10: 0.545 | 
[2026-04-02 12:18:39,876][root][INFO] - Epoch: 237 | Loss: 0.0014 | Val - MRR: 0.3609, MR:  156.62, H@1: 0.270, H@3: 0.395, H@10: 0.546 | 
[2026-04-02 12:21:56,234][root][INFO] - Epoch: 238 | Loss: 0.0014 | Val - MRR: 0.3615, MR:  163.93, H@1: 0.271, H@3: 0.395, H@10: 0.546 | 
[2026-04-02 12:25:12,969][root][INFO] - Epoch: 239 | Loss: 0.0014 | Val - MRR: 0.3613, MR:  157.87, H@1: 0.271, H@3: 0.395, H@10: 0.544 | 
[2026-04-02 12:28:45,598][root][INFO] - Epoch: 240 | Loss: 0.0014 | Val - MRR: 0.3620, MR:  160.11, H@1: 0.272, H@3: 0.395, H@10: 0.547 | Test - MRR: 0.3572 | *
[2026-04-02 12:32:02,887][root][INFO] - Epoch: 241 | Loss: 0.0014 | Val - MRR: 0.3607, MR:  156.92, H@1: 0.269, H@3: 0.395, H@10: 0.545 | 
[2026-04-02 12:35:18,626][root][INFO] - Epoch: 242 | Loss: 0.0014 | Val - MRR: 0.3601, MR:  161.17, H@1: 0.269, H@3: 0.392, H@10: 0.545 | 
[2026-04-02 12:38:34,833][root][INFO] - Epoch: 243 | Loss: 0.0014 | Val - MRR: 0.3607, MR:  160.81, H@1: 0.269, H@3: 0.393, H@10: 0.546 | 
[2026-04-02 12:41:52,236][root][INFO] - Epoch: 244 | Loss: 0.0014 | Val - MRR: 0.3607, MR:  157.83, H@1: 0.269, H@3: 0.394, H@10: 0.546 | 
[2026-04-02 12:45:09,137][root][INFO] - Epoch: 245 | Loss: 0.0014 | Val - MRR: 0.3598, MR:  162.41, H@1: 0.268, H@3: 0.394, H@10: 0.544 | 
[2026-04-02 12:48:25,897][root][INFO] - Epoch: 246 | Loss: 0.0014 | Val - MRR: 0.3609, MR:  159.11, H@1: 0.270, H@3: 0.394, H@10: 0.545 | 
[2026-04-02 12:51:43,394][root][INFO] - Epoch: 247 | Loss: 0.0014 | Val - MRR: 0.3607, MR:  161.62, H@1: 0.270, H@3: 0.393, H@10: 0.545 | 
[2026-04-02 12:54:58,633][root][INFO] - Epoch: 248 | Loss: 0.0014 | Val - MRR: 0.3606, MR:  163.15, H@1: 0.269, H@3: 0.394, H@10: 0.546 | 
[2026-04-02 12:58:14,973][root][INFO] - Epoch: 249 | Loss: 0.0014 | Val - MRR: 0.3603, MR:  159.27, H@1: 0.268, H@3: 0.394, H@10: 0.544 | 
[2026-04-02 13:01:31,534][root][INFO] - Epoch: 250 | Loss: 0.0014 | Val - MRR: 0.3617, MR:  161.06, H@1: 0.270, H@3: 0.395, H@10: 0.547 | 
[2026-04-02 13:05:02,666][root][INFO] - Epoch: 251 | Loss: 0.0014 | Val - MRR: 0.3623, MR:  159.26, H@1: 0.271, H@3: 0.394, H@10: 0.546 | Test - MRR: 0.3576 | *
[2026-04-02 13:08:36,493][root][INFO] - Epoch: 252 | Loss: 0.0014 | Val - MRR: 0.3621, MR:  161.89, H@1: 0.270, H@3: 0.396, H@10: 0.548 | Test - MRR: 0.3579 | *
[2026-04-02 13:11:52,860][root][INFO] - Epoch: 253 | Loss: 0.0014 | Val - MRR: 0.3613, MR:  159.90, H@1: 0.270, H@3: 0.395, H@10: 0.545 | 
[2026-04-02 13:15:09,356][root][INFO] - Epoch: 254 | Loss: 0.0014 | Val - MRR: 0.3610, MR:  161.96, H@1: 0.269, H@3: 0.395, H@10: 0.547 | 
[2026-04-02 13:18:24,988][root][INFO] - Epoch: 255 | Loss: 0.0014 | Val - MRR: 0.3611, MR:  157.19, H@1: 0.269, H@3: 0.395, H@10: 0.546 | 
[2026-04-02 13:21:57,332][root][INFO] - Epoch: 256 | Loss: 0.0014 | Val - MRR: 0.3623, MR:  162.53, H@1: 0.271, H@3: 0.394, H@10: 0.546 | Test - MRR: 0.3571 | *
[2026-04-02 13:25:11,955][root][INFO] - Epoch: 257 | Loss: 0.0013 | Val - MRR: 0.3622, MR:  160.11, H@1: 0.271, H@3: 0.397, H@10: 0.547 | 
[2026-04-02 13:28:45,472][root][INFO] - Epoch: 258 | Loss: 0.0013 | Val - MRR: 0.3625, MR:  158.06, H@1: 0.270, H@3: 0.396, H@10: 0.549 | Test - MRR: 0.3586 | *
[2026-04-02 13:32:00,200][root][INFO] - Epoch: 259 | Loss: 0.0014 | Val - MRR: 0.3617, MR:  159.49, H@1: 0.270, H@3: 0.396, H@10: 0.549 | 
[2026-04-02 13:35:33,165][root][INFO] - Epoch: 260 | Loss: 0.0013 | Val - MRR: 0.3630, MR:  157.52, H@1: 0.271, H@3: 0.396, H@10: 0.550 | Test - MRR: 0.3582 | *
[2026-04-02 13:38:48,663][root][INFO] - Epoch: 261 | Loss: 0.0013 | Val - MRR: 0.3623, MR:  159.69, H@1: 0.270, H@3: 0.396, H@10: 0.548 | 
[2026-04-02 13:42:05,416][root][INFO] - Epoch: 262 | Loss: 0.0013 | Val - MRR: 0.3618, MR:  159.49, H@1: 0.270, H@3: 0.395, H@10: 0.548 | 
[2026-04-02 13:45:20,622][root][INFO] - Epoch: 263 | Loss: 0.0013 | Val - MRR: 0.3626, MR:  159.53, H@1: 0.271, H@3: 0.396, H@10: 0.547 | 
[2026-04-02 13:48:37,372][root][INFO] - Epoch: 264 | Loss: 0.0013 | Val - MRR: 0.3617, MR:  160.23, H@1: 0.269, H@3: 0.396, H@10: 0.548 | 
[2026-04-02 13:52:11,500][root][INFO] - Epoch: 265 | Loss: 0.0013 | Val - MRR: 0.3627, MR:  158.81, H@1: 0.271, H@3: 0.396, H@10: 0.548 | Test - MRR: 0.3588 | *
[2026-04-02 13:55:44,885][root][INFO] - Epoch: 266 | Loss: 0.0013 | Val - MRR: 0.3632, MR:  156.49, H@1: 0.272, H@3: 0.396, H@10: 0.549 | Test - MRR: 0.3591 | *
[2026-04-02 13:59:01,222][root][INFO] - Epoch: 267 | Loss: 0.0013 | Val - MRR: 0.3617, MR:  160.57, H@1: 0.270, H@3: 0.396, H@10: 0.547 | 
[2026-04-02 14:02:19,354][root][INFO] - Epoch: 268 | Loss: 0.0013 | Val - MRR: 0.3617, MR:  160.46, H@1: 0.270, H@3: 0.396, H@10: 0.548 | 
[2026-04-02 14:05:39,477][root][INFO] - Epoch: 269 | Loss: 0.0013 | Val - MRR: 0.3625, MR:  159.09, H@1: 0.271, H@3: 0.397, H@10: 0.547 | 
[2026-04-02 14:09:12,596][root][INFO] - Epoch: 270 | Loss: 0.0013 | Val - MRR: 0.3636, MR:  158.54, H@1: 0.272, H@3: 0.398, H@10: 0.549 | Test - MRR: 0.3586 | *
[2026-04-02 14:12:43,090][root][INFO] - Epoch: 271 | Loss: 0.0013 | Val - MRR: 0.3637, MR:  158.01, H@1: 0.272, H@3: 0.397, H@10: 0.551 | Test - MRR: 0.3587 | *
[2026-04-02 14:16:15,996][root][INFO] - Epoch: 272 | Loss: 0.0013 | Val - MRR: 0.3644, MR:  161.23, H@1: 0.272, H@3: 0.399, H@10: 0.550 | Test - MRR: 0.3592 | *
[2026-04-02 14:19:32,193][root][INFO] - Epoch: 273 | Loss: 0.0013 | Val - MRR: 0.3639, MR:  163.77, H@1: 0.273, H@3: 0.397, H@10: 0.550 | 
[2026-04-02 14:22:47,711][root][INFO] - Epoch: 274 | Loss: 0.0013 | Val - MRR: 0.3619, MR:  159.55, H@1: 0.270, H@3: 0.395, H@10: 0.548 | 
[2026-04-02 14:26:05,226][root][INFO] - Epoch: 275 | Loss: 0.0013 | Val - MRR: 0.3622, MR:  161.19, H@1: 0.271, H@3: 0.396, H@10: 0.546 | 
[2026-04-02 14:29:21,008][root][INFO] - Epoch: 276 | Loss: 0.0013 | Val - MRR: 0.3622, MR:  160.30, H@1: 0.270, H@3: 0.396, H@10: 0.550 | 
[2026-04-02 14:32:36,344][root][INFO] - Epoch: 277 | Loss: 0.0013 | Val - MRR: 0.3627, MR:  159.30, H@1: 0.271, H@3: 0.396, H@10: 0.549 | 
[2026-04-02 14:35:52,731][root][INFO] - Epoch: 278 | Loss: 0.0013 | Val - MRR: 0.3633, MR:  163.54, H@1: 0.271, H@3: 0.396, H@10: 0.550 | 
[2026-04-02 14:39:07,874][root][INFO] - Epoch: 279 | Loss: 0.0013 | Val - MRR: 0.3630, MR:  160.37, H@1: 0.271, H@3: 0.398, H@10: 0.549 | 
[2026-04-02 14:42:25,466][root][INFO] - Epoch: 280 | Loss: 0.0013 | Val - MRR: 0.3634, MR:  160.65, H@1: 0.271, H@3: 0.398, H@10: 0.550 | 
[2026-04-02 14:45:41,835][root][INFO] - Epoch: 281 | Loss: 0.0013 | Val - MRR: 0.3621, MR:  157.98, H@1: 0.270, H@3: 0.396, H@10: 0.547 | 
[2026-04-02 14:48:57,873][root][INFO] - Epoch: 282 | Loss: 0.0013 | Val - MRR: 0.3617, MR:  160.41, H@1: 0.269, H@3: 0.397, H@10: 0.550 | 
[2026-04-02 14:52:13,168][root][INFO] - Epoch: 283 | Loss: 0.0013 | Val - MRR: 0.3614, MR:  162.64, H@1: 0.270, H@3: 0.395, H@10: 0.549 | 
[2026-04-02 14:55:30,658][root][INFO] - Epoch: 284 | Loss: 0.0013 | Val - MRR: 0.3629, MR:  160.60, H@1: 0.271, H@3: 0.398, H@10: 0.550 | 
[2026-04-02 14:58:45,765][root][INFO] - Epoch: 285 | Loss: 0.0013 | Val - MRR: 0.3618, MR:  162.12, H@1: 0.270, H@3: 0.396, H@10: 0.548 | 
[2026-04-02 15:02:01,953][root][INFO] - Epoch: 286 | Loss: 0.0013 | Val - MRR: 0.3635, MR:  161.96, H@1: 0.271, H@3: 0.398, H@10: 0.551 | 
[2026-04-02 15:05:17,870][root][INFO] - Epoch: 287 | Loss: 0.0013 | Val - MRR: 0.3642, MR:  158.95, H@1: 0.273, H@3: 0.398, H@10: 0.551 | 
[2026-04-02 15:08:34,741][root][INFO] - Epoch: 288 | Loss: 0.0013 | Val - MRR: 0.3631, MR:  159.34, H@1: 0.271, H@3: 0.397, H@10: 0.552 | 
[2026-04-02 15:11:50,107][root][INFO] - Epoch: 289 | Loss: 0.0013 | Val - MRR: 0.3628, MR:  160.68, H@1: 0.271, H@3: 0.396, H@10: 0.552 | 
[2026-04-02 15:15:06,290][root][INFO] - Epoch: 290 | Loss: 0.0013 | Val - MRR: 0.3625, MR:  160.05, H@1: 0.270, H@3: 0.397, H@10: 0.550 | 
[2026-04-02 15:18:21,687][root][INFO] - Epoch: 291 | Loss: 0.0013 | Val - MRR: 0.3630, MR:  165.00, H@1: 0.271, H@3: 0.396, H@10: 0.549 | 
[2026-04-02 15:21:37,017][root][INFO] - Epoch: 292 | Loss: 0.0013 | Val - MRR: 0.3637, MR:  158.71, H@1: 0.272, H@3: 0.397, H@10: 0.550 | 
[2026-04-02 15:24:55,235][root][INFO] - Epoch: 293 | Loss: 0.0013 | Val - MRR: 0.3640, MR:  162.92, H@1: 0.272, H@3: 0.398, H@10: 0.550 | 
[2026-04-02 15:28:11,604][root][INFO] - Epoch: 294 | Loss: 0.0013 | Val - MRR: 0.3625, MR:  162.02, H@1: 0.270, H@3: 0.397, H@10: 0.549 | 
[2026-04-02 15:31:28,373][root][INFO] - Epoch: 295 | Loss: 0.0013 | Val - MRR: 0.3638, MR:  162.41, H@1: 0.273, H@3: 0.397, H@10: 0.549 | 
[2026-04-02 15:35:02,040][root][INFO] - Epoch: 296 | Loss: 0.0013 | Val - MRR: 0.3650, MR:  161.30, H@1: 0.274, H@3: 0.398, H@10: 0.553 | Test - MRR: 0.3591 | *
[2026-04-02 15:38:18,042][root][INFO] - Epoch: 297 | Loss: 0.0013 | Val - MRR: 0.3630, MR:  162.54, H@1: 0.271, H@3: 0.396, H@10: 0.550 | 
[2026-04-02 15:41:36,495][root][INFO] - Epoch: 298 | Loss: 0.0013 | Val - MRR: 0.3641, MR:  163.34, H@1: 0.272, H@3: 0.399, H@10: 0.549 | 
[2026-04-02 15:44:51,876][root][INFO] - Epoch: 299 | Loss: 0.0013 | Val - MRR: 0.3640, MR:  164.89, H@1: 0.273, H@3: 0.397, H@10: 0.549 | 
[2026-04-02 15:48:08,207][root][INFO] - Epoch: 300 | Loss: 0.0013 | Val - MRR: 0.3629, MR:  163.41, H@1: 0.271, H@3: 0.396, H@10: 0.548 | 
[2026-04-02 15:51:25,785][root][INFO] - Epoch: 301 | Loss: 0.0013 | Val - MRR: 0.3635, MR:  161.59, H@1: 0.272, H@3: 0.396, H@10: 0.550 | 
[2026-04-02 15:54:44,372][root][INFO] - Epoch: 302 | Loss: 0.0013 | Val - MRR: 0.3636, MR:  161.80, H@1: 0.272, H@3: 0.397, H@10: 0.551 | 
[2026-04-02 15:58:00,893][root][INFO] - Epoch: 303 | Loss: 0.0013 | Val - MRR: 0.3633, MR:  164.57, H@1: 0.270, H@3: 0.397, H@10: 0.552 | 
[2026-04-02 16:01:17,535][root][INFO] - Epoch: 304 | Loss: 0.0013 | Val - MRR: 0.3633, MR:  161.61, H@1: 0.271, H@3: 0.397, H@10: 0.553 | 
[2026-04-02 16:04:33,760][root][INFO] - Epoch: 305 | Loss: 0.0013 | Val - MRR: 0.3644, MR:  161.59, H@1: 0.272, H@3: 0.400, H@10: 0.551 | 
[2026-04-02 16:07:49,808][root][INFO] - Epoch: 306 | Loss: 0.0013 | Val - MRR: 0.3641, MR:  162.25, H@1: 0.272, H@3: 0.397, H@10: 0.551 | 
[2026-04-02 16:11:06,357][root][INFO] - Epoch: 307 | Loss: 0.0013 | Val - MRR: 0.3644, MR:  162.50, H@1: 0.273, H@3: 0.398, H@10: 0.552 | 
[2026-04-02 16:14:22,421][root][INFO] - Epoch: 308 | Loss: 0.0013 | Val - MRR: 0.3645, MR:  161.63, H@1: 0.272, H@3: 0.400, H@10: 0.552 | 
[2026-04-02 16:17:56,723][root][INFO] - Epoch: 309 | Loss: 0.0013 | Val - MRR: 0.3650, MR:  163.92, H@1: 0.273, H@3: 0.398, H@10: 0.552 | Test - MRR: 0.3596 | *
[2026-04-02 16:21:12,538][root][INFO] - Epoch: 310 | Loss: 0.0013 | Val - MRR: 0.3645, MR:  161.91, H@1: 0.273, H@3: 0.398, H@10: 0.551 | 
[2026-04-02 16:24:27,881][root][INFO] - Epoch: 311 | Loss: 0.0013 | Val - MRR: 0.3647, MR:  160.00, H@1: 0.273, H@3: 0.399, H@10: 0.551 | 
[2026-04-02 16:27:44,574][root][INFO] - Epoch: 312 | Loss: 0.0013 | Val - MRR: 0.3644, MR:  162.85, H@1: 0.272, H@3: 0.399, H@10: 0.553 | 
[2026-04-02 16:31:00,138][root][INFO] - Epoch: 313 | Loss: 0.0013 | Val - MRR: 0.3643, MR:  161.42, H@1: 0.272, H@3: 0.398, H@10: 0.553 | 
[2026-04-02 16:34:18,289][root][INFO] - Epoch: 314 | Loss: 0.0013 | Val - MRR: 0.3643, MR:  161.79, H@1: 0.272, H@3: 0.398, H@10: 0.552 | 
[2026-04-02 16:37:51,813][root][INFO] - Epoch: 315 | Loss: 0.0013 | Val - MRR: 0.3649, MR:  165.94, H@1: 0.273, H@3: 0.400, H@10: 0.552 | Test - MRR: 0.3598 | *
[2026-04-02 16:41:08,677][root][INFO] - Epoch: 316 | Loss: 0.0013 | Val - MRR: 0.3639, MR:  160.15, H@1: 0.272, H@3: 0.398, H@10: 0.551 | 
[2026-04-02 16:44:43,855][root][INFO] - Epoch: 317 | Loss: 0.0013 | Val - MRR: 0.3662, MR:  163.89, H@1: 0.274, H@3: 0.400, H@10: 0.552 | Test - MRR: 0.3607 | *
[2026-04-02 16:47:59,794][root][INFO] - Epoch: 318 | Loss: 0.0013 | Val - MRR: 0.3643, MR:  162.52, H@1: 0.272, H@3: 0.399, H@10: 0.551 | 
[2026-04-02 16:51:17,058][root][INFO] - Epoch: 319 | Loss: 0.0013 | Val - MRR: 0.3643, MR:  163.47, H@1: 0.272, H@3: 0.399, H@10: 0.552 | 
[2026-04-02 16:54:33,800][root][INFO] - Epoch: 320 | Loss: 0.0013 | Val - MRR: 0.3640, MR:  165.87, H@1: 0.271, H@3: 0.399, H@10: 0.551 | 
[2026-04-02 16:57:49,267][root][INFO] - Epoch: 321 | Loss: 0.0013 | Val - MRR: 0.3646, MR:  161.57, H@1: 0.272, H@3: 0.399, H@10: 0.553 | 
[2026-04-02 17:01:06,503][root][INFO] - Epoch: 322 | Loss: 0.0013 | Val - MRR: 0.3651, MR:  167.53, H@1: 0.273, H@3: 0.399, H@10: 0.552 | 
[2026-04-02 17:04:21,944][root][INFO] - Epoch: 323 | Loss: 0.0013 | Val - MRR: 0.3637, MR:  163.78, H@1: 0.272, H@3: 0.397, H@10: 0.551 | 
[2026-04-02 17:07:39,133][root][INFO] - Epoch: 324 | Loss: 0.0013 | Val - MRR: 0.3652, MR:  162.69, H@1: 0.274, H@3: 0.399, H@10: 0.550 | 
[2026-04-02 17:10:57,622][root][INFO] - Epoch: 325 | Loss: 0.0013 | Val - MRR: 0.3643, MR:  161.48, H@1: 0.272, H@3: 0.398, H@10: 0.552 | 
[2026-04-02 17:14:13,986][root][INFO] - Epoch: 326 | Loss: 0.0013 | Val - MRR: 0.3643, MR:  162.36, H@1: 0.272, H@3: 0.399, H@10: 0.551 | 
[2026-04-02 17:17:29,582][root][INFO] - Epoch: 327 | Loss: 0.0013 | Val - MRR: 0.3645, MR:  162.18, H@1: 0.272, H@3: 0.400, H@10: 0.551 | 
[2026-04-02 17:20:46,644][root][INFO] - Epoch: 328 | Loss: 0.0013 | Val - MRR: 0.3642, MR:  166.15, H@1: 0.272, H@3: 0.399, H@10: 0.551 | 
[2026-04-02 17:24:03,516][root][INFO] - Epoch: 329 | Loss: 0.0013 | Val - MRR: 0.3635, MR:  165.66, H@1: 0.271, H@3: 0.399, H@10: 0.549 | 
[2026-04-02 17:27:20,090][root][INFO] - Epoch: 330 | Loss: 0.0013 | Val - MRR: 0.3632, MR:  164.96, H@1: 0.271, H@3: 0.397, H@10: 0.551 | 
[2026-04-02 17:30:36,744][root][INFO] - Epoch: 331 | Loss: 0.0013 | Val - MRR: 0.3653, MR:  160.51, H@1: 0.273, H@3: 0.399, H@10: 0.554 | 
[2026-04-02 17:33:52,599][root][INFO] - Epoch: 332 | Loss: 0.0013 | Val - MRR: 0.3641, MR:  162.36, H@1: 0.272, H@3: 0.398, H@10: 0.551 | 
[2026-04-02 17:37:10,033][root][INFO] - Epoch: 333 | Loss: 0.0013 | Val - MRR: 0.3648, MR:  164.25, H@1: 0.272, H@3: 0.400, H@10: 0.552 | 
[2026-04-02 17:40:25,228][root][INFO] - Epoch: 334 | Loss: 0.0013 | Val - MRR: 0.3649, MR:  163.53, H@1: 0.273, H@3: 0.400, H@10: 0.551 | 
[2026-04-02 17:43:41,650][root][INFO] - Epoch: 335 | Loss: 0.0013 | Val - MRR: 0.3646, MR:  165.77, H@1: 0.273, H@3: 0.400, H@10: 0.552 | 
[2026-04-02 17:46:58,848][root][INFO] - Epoch: 336 | Loss: 0.0013 | Val - MRR: 0.3635, MR:  163.87, H@1: 0.271, H@3: 0.397, H@10: 0.550 | 
[2026-04-02 17:50:13,891][root][INFO] - Epoch: 337 | Loss: 0.0013 | Val - MRR: 0.3639, MR:  165.20, H@1: 0.272, H@3: 0.398, H@10: 0.551 | 
[2026-04-02 17:53:31,557][root][INFO] - Epoch: 338 | Loss: 0.0013 | Val - MRR: 0.3633, MR:  166.45, H@1: 0.271, H@3: 0.397, H@10: 0.550 | 
[2026-04-02 17:56:47,940][root][INFO] - Epoch: 339 | Loss: 0.0013 | Val - MRR: 0.3626, MR:  164.08, H@1: 0.270, H@3: 0.396, H@10: 0.551 | 
[2026-04-02 18:00:04,497][root][INFO] - Epoch: 340 | Loss: 0.0013 | Val - MRR: 0.3638, MR:  164.84, H@1: 0.272, H@3: 0.399, H@10: 0.551 | 
[2026-04-02 18:03:21,238][root][INFO] - Epoch: 341 | Loss: 0.0013 | Val - MRR: 0.3636, MR:  163.12, H@1: 0.271, H@3: 0.400, H@10: 0.550 | 
[2026-04-02 18:06:38,767][root][INFO] - Epoch: 342 | Loss: 0.0013 | Val - MRR: 0.3651, MR:  165.67, H@1: 0.273, H@3: 0.399, H@10: 0.553 | 
[2026-04-02 18:09:55,901][root][INFO] - Epoch: 343 | Loss: 0.0013 | Val - MRR: 0.3631, MR:  168.75, H@1: 0.272, H@3: 0.397, H@10: 0.550 | 
[2026-04-02 18:13:13,191][root][INFO] - Epoch: 344 | Loss: 0.0013 | Val - MRR: 0.3630, MR:  163.22, H@1: 0.271, H@3: 0.397, H@10: 0.550 | 
[2026-04-02 18:16:29,758][root][INFO] - Epoch: 345 | Loss: 0.0013 | Val - MRR: 0.3642, MR:  163.97, H@1: 0.273, H@3: 0.397, H@10: 0.551 | 
[2026-04-02 18:19:47,661][root][INFO] - Epoch: 346 | Loss: 0.0013 | Val - MRR: 0.3640, MR:  167.33, H@1: 0.273, H@3: 0.398, H@10: 0.551 | 
[2026-04-02 18:23:04,881][root][INFO] - Epoch: 347 | Loss: 0.0013 | Val - MRR: 0.3645, MR:  164.84, H@1: 0.273, H@3: 0.398, H@10: 0.553 | 
[2026-04-02 18:26:21,608][root][INFO] - Epoch: 348 | Loss: 0.0013 | Val - MRR: 0.3638, MR:  166.56, H@1: 0.273, H@3: 0.399, H@10: 0.550 | 
[2026-04-02 18:29:39,272][root][INFO] - Epoch: 349 | Loss: 0.0013 | Val - MRR: 0.3647, MR:  164.55, H@1: 0.274, H@3: 0.398, H@10: 0.550 | 
[2026-04-02 18:32:55,806][root][INFO] - Epoch: 350 | Loss: 0.0013 | Val - MRR: 0.3647, MR:  165.86, H@1: 0.273, H@3: 0.398, H@10: 0.550 | 
[2026-04-02 18:36:13,502][root][INFO] - Epoch: 351 | Loss: 0.0013 | Val - MRR: 0.3648, MR:  165.96, H@1: 0.273, H@3: 0.398, H@10: 0.552 | 
[2026-04-02 18:39:30,098][root][INFO] - Epoch: 352 | Loss: 0.0013 | Val - MRR: 0.3647, MR:  165.22, H@1: 0.272, H@3: 0.398, H@10: 0.553 | 
[2026-04-02 18:42:46,464][root][INFO] - Epoch: 353 | Loss: 0.0013 | Val - MRR: 0.3656, MR:  164.13, H@1: 0.273, H@3: 0.399, H@10: 0.552 | 
[2026-04-02 18:42:46,465][root][INFO] - Long time no improvenment, stop training...
[2026-04-02 18:42:46,465][root][INFO] - Training end...
[2026-04-02 18:42:46,819][root][INFO] - ✅ 成功加载最优模型：/home/wangwei/DSGNet-main/DSGNet/model_checkpoints/best_model_FB15k_237_20260402_164426.torch
[2026-04-02 18:42:46,819][root][INFO] - 📌 最优模型来自Epoch：317，最优MRR：0.3607
[2026-04-02 18:42:46,819][root][INFO] - Train metrics ...
[2026-04-02 18:43:57,191][root][INFO] - Train (head) - MRR: 0.6524, MR:    9.49, H@1: 0.534, H@3: 0.732, H@10: 0.865
[2026-04-02 18:43:57,192][root][INFO] - Train (tail) - MRR: 0.7321, MR:    5.86, H@1: 0.626, H@3: 0.810, H@10: 0.918
[2026-04-02 18:43:57,192][root][INFO] - Train (avg) - MRR: 0.6922, MR:    7.67, H@1: 0.580, H@3: 0.771, H@10: 0.892

[2026-04-02 18:43:57,192][root][INFO] - Valid metrics ...
[2026-04-02 18:44:13,058][root][INFO] - Valid (head) - MRR: 0.2657, MR:  211.57, H@1: 0.176, H@3: 0.290, H@10: 0.450
[2026-04-02 18:44:13,058][root][INFO] - Valid (tail) - MRR: 0.4667, MR:  116.21, H@1: 0.373, H@3: 0.511, H@10: 0.655
[2026-04-02 18:44:13,059][root][INFO] - Valid (avg) - MRR: 0.3662, MR:  163.89, H@1: 0.274, H@3: 0.400, H@10: 0.552

[2026-04-02 18:44:13,059][root][INFO] - Test metrics...
[2026-04-02 18:44:28,272][root][INFO] - Test (head) - MRR: 0.2639, MR:  215.86, H@1: 0.174, H@3: 0.290, H@10: 0.453
[2026-04-02 18:44:28,273][root][INFO] - Test (tail) - MRR: 0.4575, MR:  130.18, H@1: 0.361, H@3: 0.503, H@10: 0.648
[2026-04-02 18:44:28,273][root][INFO] - Test (avg) - MRR: 0.3607, MR:  173.02, H@1: 0.267, H@3: 0.397, H@10: 0.550

[2026-04-02 18:44:28,273][root][INFO] - Model save path: /home/wangwei/DSGNet-main/DSGNet/data/output/FB15k_237/2026-04-01/22-50-08
