[2026-03-09 00:47:31,481][root][INFO] - 
------Config------
 {'dataset': 'FB15k_237', 'epoch': 600, 'batch_size': 1024, 'learning_rate': 0.00035, 'h_dim': 480, 'pred_rel_w': False, 'label_smooth': 0.1, 'n_heads': 8, 'topk': 15, 'kg_layer': 2, 'rm_rate': 0.5, 'ent_drop': 0.3, 'rel_drop': 0.1, 'comp_op': 'mul', 'bn': False, 'k_h': 16, 'k_w': 30, 'conv_drop': 0.3, 'ent_drop_pred': 0.3, 'fc_drop': 0.5, 'ker_sz': 8, 'out_channel': 200, 'device': 1, 'max_no_improve': 45, 'cpu_worker_num': 10, 'warmup_epoch': 5}
[2026-03-09 00:47:31,481][root][INFO] - Code dir path: /home/wangwei/DSGNet-main/DSGNet/code_new
[2026-03-09 00:47:31,481][root][INFO] - Config dir path: /home/wangwei/DSGNet-main/DSGNet/config
[2026-03-09 00:47:31,481][root][INFO] - Model save path: /home/wangwei/DSGNet-main/DSGNet/data/output/FB15k_237/2026-03-09/00-47-31
[2026-03-09 00:47:35,953][root][INFO] - kg # node: 14541
[2026-03-09 00:47:35,954][root][INFO] - kg # edge: 544230
[2026-03-09 00:47:35,954][root][INFO] - kg # zero deg node: 36
[2026-03-09 00:47:35,954][root][INFO] - ---Load Train Data---
[2026-03-09 00:47:38,976][root][INFO] - -----Model Parameter Configuration-----
[2026-03-09 00:47:38,976][root][INFO] - Parameter ent_emb: torch.Size([14541, 480]), require_grad = True
[2026-03-09 00:47:38,976][root][INFO] - Parameter pred_rel_emb: torch.Size([474, 480]), require_grad = True
[2026-03-09 00:47:38,976][root][INFO] - Parameter W_fuse: torch.Size([480, 480]), require_grad = True
[2026-03-09 00:47:38,976][root][INFO] - Parameter a_fuse: torch.Size([960, 1]), require_grad = True
[2026-03-09 00:47:38,976][root][INFO] - Parameter rel_embs.0: torch.Size([474, 480]), require_grad = True
[2026-03-09 00:47:38,976][root][INFO] - Parameter rel_embs.1: torch.Size([474, 480]), require_grad = True
[2026-03-09 00:47:38,976][root][INFO] - Parameter predictor.bn0.weight: torch.Size([1]), require_grad = True
[2026-03-09 00:47:38,976][root][INFO] - Parameter predictor.bn0.bias: torch.Size([1]), require_grad = True
[2026-03-09 00:47:38,976][root][INFO] - Parameter predictor.bn1.weight: torch.Size([200]), require_grad = True
[2026-03-09 00:47:38,976][root][INFO] - Parameter predictor.bn1.bias: torch.Size([200]), require_grad = True
[2026-03-09 00:47:38,976][root][INFO] - Parameter predictor.bn2.weight: torch.Size([480]), require_grad = True
[2026-03-09 00:47:38,976][root][INFO] - Parameter predictor.bn2.bias: torch.Size([480]), require_grad = True
[2026-03-09 00:47:38,976][root][INFO] - Parameter predictor.conv.weight: torch.Size([200, 1, 8, 8]), require_grad = True
[2026-03-09 00:47:38,976][root][INFO] - Parameter predictor.fc.weight: torch.Size([480, 115000]), require_grad = True
[2026-03-09 00:47:38,977][root][INFO] - Parameter L.weight: torch.Size([480, 480]), require_grad = True
[2026-03-09 00:47:38,977][root][INFO] - Parameter L.bias: torch.Size([480]), require_grad = True
[2026-03-09 00:47:38,977][root][INFO] - Parameter S.weight: torch.Size([480, 480]), require_grad = True
[2026-03-09 00:47:38,977][root][INFO] - Parameter S.bias: torch.Size([480]), require_grad = True
[2026-03-09 00:47:38,977][root][INFO] - Parameter comp_layers.0.neigh_w: torch.Size([480, 480]), require_grad = True
[2026-03-09 00:47:38,977][root][INFO] - Parameter comp_layers.0.W.0: torch.Size([480, 60]), require_grad = True
[2026-03-09 00:47:38,977][root][INFO] - Parameter comp_layers.0.W.1: torch.Size([480, 60]), require_grad = True
[2026-03-09 00:47:38,977][root][INFO] - Parameter comp_layers.0.W.2: torch.Size([480, 60]), require_grad = True
[2026-03-09 00:47:38,977][root][INFO] - Parameter comp_layers.0.W.3: torch.Size([480, 60]), require_grad = True
[2026-03-09 00:47:38,977][root][INFO] - Parameter comp_layers.0.W.4: torch.Size([480, 60]), require_grad = True
[2026-03-09 00:47:38,977][root][INFO] - Parameter comp_layers.0.W.5: torch.Size([480, 60]), require_grad = True
[2026-03-09 00:47:38,977][root][INFO] - Parameter comp_layers.0.W.6: torch.Size([480, 60]), require_grad = True
[2026-03-09 00:47:38,977][root][INFO] - Parameter comp_layers.0.W.7: torch.Size([480, 60]), require_grad = True
[2026-03-09 00:47:38,977][root][INFO] - Parameter comp_layers.0.W_r.0: torch.Size([480, 60]), require_grad = True
[2026-03-09 00:47:38,977][root][INFO] - Parameter comp_layers.0.W_r.1: torch.Size([480, 60]), require_grad = True
[2026-03-09 00:47:38,977][root][INFO] - Parameter comp_layers.0.W_r.2: torch.Size([480, 60]), require_grad = True
[2026-03-09 00:47:38,977][root][INFO] - Parameter comp_layers.0.W_r.3: torch.Size([480, 60]), require_grad = True
[2026-03-09 00:47:38,977][root][INFO] - Parameter comp_layers.0.W_r.4: torch.Size([480, 60]), require_grad = True
[2026-03-09 00:47:38,977][root][INFO] - Parameter comp_layers.0.W_r.5: torch.Size([480, 60]), require_grad = True
[2026-03-09 00:47:38,977][root][INFO] - Parameter comp_layers.0.W_r.6: torch.Size([480, 60]), require_grad = True
[2026-03-09 00:47:38,977][root][INFO] - Parameter comp_layers.0.W_r.7: torch.Size([480, 60]), require_grad = True
[2026-03-09 00:47:38,977][root][INFO] - Parameter comp_layers.0.a.0: torch.Size([180, 1]), require_grad = True
[2026-03-09 00:47:38,977][root][INFO] - Parameter comp_layers.0.a.1: torch.Size([180, 1]), require_grad = True
[2026-03-09 00:47:38,977][root][INFO] - Parameter comp_layers.0.a.2: torch.Size([180, 1]), require_grad = True
[2026-03-09 00:47:38,978][root][INFO] - Parameter comp_layers.0.a.3: torch.Size([180, 1]), require_grad = True
[2026-03-09 00:47:38,978][root][INFO] - Parameter comp_layers.0.a.4: torch.Size([180, 1]), require_grad = True
[2026-03-09 00:47:38,978][root][INFO] - Parameter comp_layers.0.a.5: torch.Size([180, 1]), require_grad = True
[2026-03-09 00:47:38,978][root][INFO] - Parameter comp_layers.0.a.6: torch.Size([180, 1]), require_grad = True
[2026-03-09 00:47:38,978][root][INFO] - Parameter comp_layers.0.a.7: torch.Size([180, 1]), require_grad = True
[2026-03-09 00:47:38,978][root][INFO] - Parameter comp_layers.1.neigh_w: torch.Size([480, 480]), require_grad = True
[2026-03-09 00:47:38,978][root][INFO] - Parameter comp_layers.1.W.0: torch.Size([480, 60]), require_grad = True
[2026-03-09 00:47:38,978][root][INFO] - Parameter comp_layers.1.W.1: torch.Size([480, 60]), require_grad = True
[2026-03-09 00:47:38,978][root][INFO] - Parameter comp_layers.1.W.2: torch.Size([480, 60]), require_grad = True
[2026-03-09 00:47:38,978][root][INFO] - Parameter comp_layers.1.W.3: torch.Size([480, 60]), require_grad = True
[2026-03-09 00:47:38,978][root][INFO] - Parameter comp_layers.1.W.4: torch.Size([480, 60]), require_grad = True
[2026-03-09 00:47:38,978][root][INFO] - Parameter comp_layers.1.W.5: torch.Size([480, 60]), require_grad = True
[2026-03-09 00:47:38,978][root][INFO] - Parameter comp_layers.1.W.6: torch.Size([480, 60]), require_grad = True
[2026-03-09 00:47:38,978][root][INFO] - Parameter comp_layers.1.W.7: torch.Size([480, 60]), require_grad = True
[2026-03-09 00:47:38,978][root][INFO] - Parameter comp_layers.1.W_r.0: torch.Size([480, 60]), require_grad = True
[2026-03-09 00:47:38,978][root][INFO] - Parameter comp_layers.1.W_r.1: torch.Size([480, 60]), require_grad = True
[2026-03-09 00:47:38,978][root][INFO] - Parameter comp_layers.1.W_r.2: torch.Size([480, 60]), require_grad = True
[2026-03-09 00:47:38,978][root][INFO] - Parameter comp_layers.1.W_r.3: torch.Size([480, 60]), require_grad = True
[2026-03-09 00:47:38,978][root][INFO] - Parameter comp_layers.1.W_r.4: torch.Size([480, 60]), require_grad = True
[2026-03-09 00:47:38,978][root][INFO] - Parameter comp_layers.1.W_r.5: torch.Size([480, 60]), require_grad = True
[2026-03-09 00:47:38,978][root][INFO] - Parameter comp_layers.1.W_r.6: torch.Size([480, 60]), require_grad = True
[2026-03-09 00:47:38,978][root][INFO] - Parameter comp_layers.1.W_r.7: torch.Size([480, 60]), require_grad = True
[2026-03-09 00:47:38,978][root][INFO] - Parameter comp_layers.1.a.0: torch.Size([180, 1]), require_grad = True
[2026-03-09 00:47:38,978][root][INFO] - Parameter comp_layers.1.a.1: torch.Size([180, 1]), require_grad = True
[2026-03-09 00:47:38,979][root][INFO] - Parameter comp_layers.1.a.2: torch.Size([180, 1]), require_grad = True
[2026-03-09 00:47:38,979][root][INFO] - Parameter comp_layers.1.a.3: torch.Size([180, 1]), require_grad = True
[2026-03-09 00:47:38,979][root][INFO] - Parameter comp_layers.1.a.4: torch.Size([180, 1]), require_grad = True
[2026-03-09 00:47:38,979][root][INFO] - Parameter comp_layers.1.a.5: torch.Size([180, 1]), require_grad = True
[2026-03-09 00:47:38,979][root][INFO] - Parameter comp_layers.1.a.6: torch.Size([180, 1]), require_grad = True
[2026-03-09 00:47:38,979][root][INFO] - Parameter comp_layers.1.a.7: torch.Size([180, 1]), require_grad = True
[2026-03-09 00:47:39,888][root][INFO] - Training... total epoch: 600, step: 88200
[2026-03-09 00:49:24,447][root][INFO] - Epoch:   0 | Loss: 0.5986 | Val - MRR: 0.0171, MR: 6218.73, H@1: 0.011, H@3: 0.019, H@10: 0.025 | Test - MRR: 0.0168 | *
[2026-03-09 00:51:07,467][root][INFO] - Epoch:   1 | Loss: 0.1392 | Val - MRR: 0.0191, MR: 5022.01, H@1: 0.010, H@3: 0.021, H@10: 0.034 | Test - MRR: 0.0184 | *
[2026-03-09 00:52:34,159][root][INFO] - Epoch:   2 | Loss: 0.0185 | Val - MRR: 0.0170, MR: 4038.03, H@1: 0.010, H@3: 0.021, H@10: 0.023 | 
[2026-03-09 00:54:15,632][root][INFO] - Epoch:   3 | Loss: 0.0042 | Val - MRR: 0.0261, MR: 3695.85, H@1: 0.018, H@3: 0.027, H@10: 0.034 | Test - MRR: 0.0251 | *
[2026-03-09 00:55:56,533][root][INFO] - Epoch:   4 | Loss: 0.0033 | Val - MRR: 0.0486, MR: 3580.21, H@1: 0.030, H@3: 0.055, H@10: 0.083 | Test - MRR: 0.0469 | *
[2026-03-09 00:57:38,507][root][INFO] - Epoch:   5 | Loss: 0.0030 | Val - MRR: 0.0791, MR: 3552.41, H@1: 0.061, H@3: 0.080, H@10: 0.108 | Test - MRR: 0.0781 | *
[2026-03-09 00:59:20,926][root][INFO] - Epoch:   6 | Loss: 0.0029 | Val - MRR: 0.0970, MR: 3525.37, H@1: 0.081, H@3: 0.098, H@10: 0.123 | Test - MRR: 0.0951 | *
[2026-03-09 01:01:02,845][root][INFO] - Epoch:   7 | Loss: 0.0028 | Val - MRR: 0.1054, MR: 3507.89, H@1: 0.086, H@3: 0.109, H@10: 0.134 | Test - MRR: 0.1034 | *
[2026-03-09 01:02:44,834][root][INFO] - Epoch:   8 | Loss: 0.0028 | Val - MRR: 0.1151, MR: 3462.58, H@1: 0.095, H@3: 0.119, H@10: 0.150 | Test - MRR: 0.1136 | *
[2026-03-09 01:04:26,689][root][INFO] - Epoch:   9 | Loss: 0.0027 | Val - MRR: 0.1236, MR: 3412.73, H@1: 0.100, H@3: 0.129, H@10: 0.167 | Test - MRR: 0.1216 | *
[2026-03-09 01:06:09,172][root][INFO] - Epoch:  10 | Loss: 0.0027 | Val - MRR: 0.1329, MR: 3359.04, H@1: 0.106, H@3: 0.143, H@10: 0.183 | Test - MRR: 0.1319 | *
[2026-03-09 01:07:49,637][root][INFO] - Epoch:  11 | Loss: 0.0026 | Val - MRR: 0.1422, MR: 3300.41, H@1: 0.114, H@3: 0.153, H@10: 0.195 | Test - MRR: 0.1415 | *
[2026-03-09 01:09:30,835][root][INFO] - Epoch:  12 | Loss: 0.0026 | Val - MRR: 0.1479, MR: 3251.01, H@1: 0.118, H@3: 0.159, H@10: 0.206 | Test - MRR: 0.1471 | *
[2026-03-09 01:11:12,453][root][INFO] - Epoch:  13 | Loss: 0.0026 | Val - MRR: 0.1528, MR: 3187.88, H@1: 0.120, H@3: 0.166, H@10: 0.217 | Test - MRR: 0.1525 | *
[2026-03-09 01:12:54,582][root][INFO] - Epoch:  14 | Loss: 0.0025 | Val - MRR: 0.1575, MR: 3118.11, H@1: 0.123, H@3: 0.171, H@10: 0.225 | Test - MRR: 0.1568 | *
[2026-03-09 01:14:36,459][root][INFO] - Epoch:  15 | Loss: 0.0026 | Val - MRR: 0.1616, MR: 3021.66, H@1: 0.125, H@3: 0.177, H@10: 0.233 | Test - MRR: 0.1610 | *
[2026-03-09 01:16:15,855][root][INFO] - Epoch:  16 | Loss: 0.0025 | Val - MRR: 0.1658, MR: 2939.38, H@1: 0.128, H@3: 0.181, H@10: 0.238 | Test - MRR: 0.1651 | *
[2026-03-09 01:17:57,746][root][INFO] - Epoch:  17 | Loss: 0.0025 | Val - MRR: 0.1701, MR: 2834.22, H@1: 0.130, H@3: 0.186, H@10: 0.245 | Test - MRR: 0.1693 | *
[2026-03-09 01:19:38,254][root][INFO] - Epoch:  18 | Loss: 0.0025 | Val - MRR: 0.1762, MR: 2704.32, H@1: 0.136, H@3: 0.191, H@10: 0.253 | Test - MRR: 0.1752 | *
[2026-03-09 01:21:19,397][root][INFO] - Epoch:  19 | Loss: 0.0024 | Val - MRR: 0.1811, MR: 2585.07, H@1: 0.139, H@3: 0.197, H@10: 0.261 | Test - MRR: 0.1794 | *
[2026-03-09 01:23:00,455][root][INFO] - Epoch:  20 | Loss: 0.0024 | Val - MRR: 0.1861, MR: 2413.48, H@1: 0.142, H@3: 0.203, H@10: 0.275 | Test - MRR: 0.1847 | *
[2026-03-09 01:24:41,813][root][INFO] - Epoch:  21 | Loss: 0.0024 | Val - MRR: 0.1908, MR: 2270.02, H@1: 0.144, H@3: 0.208, H@10: 0.284 | Test - MRR: 0.1893 | *
[2026-03-09 01:26:22,377][root][INFO] - Epoch:  22 | Loss: 0.0024 | Val - MRR: 0.1951, MR: 2081.71, H@1: 0.146, H@3: 0.213, H@10: 0.292 | Test - MRR: 0.1937 | *
[2026-03-09 01:28:04,198][root][INFO] - Epoch:  23 | Loss: 0.0023 | Val - MRR: 0.2010, MR: 1897.14, H@1: 0.151, H@3: 0.220, H@10: 0.298 | Test - MRR: 0.1996 | *
[2026-03-09 01:29:46,257][root][INFO] - Epoch:  24 | Loss: 0.0023 | Val - MRR: 0.2048, MR: 1727.40, H@1: 0.154, H@3: 0.223, H@10: 0.305 | Test - MRR: 0.2029 | *
[2026-03-09 01:31:29,259][root][INFO] - Epoch:  25 | Loss: 0.0023 | Val - MRR: 0.2072, MR: 1560.28, H@1: 0.155, H@3: 0.226, H@10: 0.309 | Test - MRR: 0.2052 | *
[2026-03-09 01:33:10,918][root][INFO] - Epoch:  26 | Loss: 0.0022 | Val - MRR: 0.2107, MR: 1373.73, H@1: 0.158, H@3: 0.229, H@10: 0.314 | Test - MRR: 0.2084 | *
[2026-03-09 01:34:51,140][root][INFO] - Epoch:  27 | Loss: 0.0022 | Val - MRR: 0.2132, MR: 1216.85, H@1: 0.159, H@3: 0.231, H@10: 0.319 | Test - MRR: 0.2113 | *
[2026-03-09 01:36:31,149][root][INFO] - Epoch:  28 | Loss: 0.0022 | Val - MRR: 0.2160, MR: 1074.44, H@1: 0.161, H@3: 0.235, H@10: 0.324 | Test - MRR: 0.2140 | *
[2026-03-09 01:38:12,665][root][INFO] - Epoch:  29 | Loss: 0.0021 | Val - MRR: 0.2177, MR:  951.02, H@1: 0.160, H@3: 0.237, H@10: 0.330 | Test - MRR: 0.2161 | *
[2026-03-09 01:39:54,615][root][INFO] - Epoch:  30 | Loss: 0.0021 | Val - MRR: 0.2195, MR:  858.52, H@1: 0.162, H@3: 0.238, H@10: 0.333 | Test - MRR: 0.2185 | *
[2026-03-09 01:41:35,988][root][INFO] - Epoch:  31 | Loss: 0.0021 | Val - MRR: 0.2217, MR:  763.70, H@1: 0.164, H@3: 0.240, H@10: 0.335 | Test - MRR: 0.2202 | *
[2026-03-09 01:43:17,964][root][INFO] - Epoch:  32 | Loss: 0.0021 | Val - MRR: 0.2243, MR:  690.24, H@1: 0.165, H@3: 0.244, H@10: 0.339 | Test - MRR: 0.2221 | *
[2026-03-09 01:44:58,419][root][INFO] - Epoch:  33 | Loss: 0.0021 | Val - MRR: 0.2252, MR:  640.40, H@1: 0.165, H@3: 0.244, H@10: 0.341 | Test - MRR: 0.2246 | *
[2026-03-09 01:46:40,402][root][INFO] - Epoch:  34 | Loss: 0.0021 | Val - MRR: 0.2282, MR:  593.64, H@1: 0.168, H@3: 0.247, H@10: 0.345 | Test - MRR: 0.2262 | *
[2026-03-09 01:48:21,588][root][INFO] - Epoch:  35 | Loss: 0.0020 | Val - MRR: 0.2301, MR:  565.47, H@1: 0.170, H@3: 0.249, H@10: 0.346 | Test - MRR: 0.2284 | *
[2026-03-09 01:50:01,791][root][INFO] - Epoch:  36 | Loss: 0.0020 | Val - MRR: 0.2303, MR:  539.30, H@1: 0.169, H@3: 0.249, H@10: 0.349 | Test - MRR: 0.2291 | *
[2026-03-09 01:51:42,587][root][INFO] - Epoch:  37 | Loss: 0.0020 | Val - MRR: 0.2317, MR:  511.35, H@1: 0.170, H@3: 0.251, H@10: 0.351 | Test - MRR: 0.2305 | *
[2026-03-09 01:53:24,473][root][INFO] - Epoch:  38 | Loss: 0.0020 | Val - MRR: 0.2323, MR:  488.35, H@1: 0.170, H@3: 0.251, H@10: 0.354 | Test - MRR: 0.2314 | *
[2026-03-09 01:55:05,876][root][INFO] - Epoch:  39 | Loss: 0.0020 | Val - MRR: 0.2340, MR:  477.80, H@1: 0.171, H@3: 0.253, H@10: 0.356 | Test - MRR: 0.2329 | *
[2026-03-09 01:56:47,525][root][INFO] - Epoch:  40 | Loss: 0.0020 | Val - MRR: 0.2369, MR:  459.77, H@1: 0.174, H@3: 0.257, H@10: 0.359 | Test - MRR: 0.2356 | *
[2026-03-09 01:58:28,559][root][INFO] - Epoch:  41 | Loss: 0.0020 | Val - MRR: 0.2375, MR:  443.58, H@1: 0.174, H@3: 0.257, H@10: 0.363 | Test - MRR: 0.2366 | *
[2026-03-09 02:00:07,710][root][INFO] - Epoch:  42 | Loss: 0.0019 | Val - MRR: 0.2401, MR:  421.58, H@1: 0.176, H@3: 0.260, H@10: 0.366 | Test - MRR: 0.2389 | *
[2026-03-09 02:01:49,106][root][INFO] - Epoch:  43 | Loss: 0.0019 | Val - MRR: 0.2427, MR:  408.34, H@1: 0.177, H@3: 0.263, H@10: 0.370 | Test - MRR: 0.2406 | *
[2026-03-09 02:03:14,447][root][INFO] - Epoch:  44 | Loss: 0.0019 | Val - MRR: 0.2425, MR:  395.07, H@1: 0.175, H@3: 0.266, H@10: 0.374 | 
[2026-03-09 02:04:56,194][root][INFO] - Epoch:  45 | Loss: 0.0019 | Val - MRR: 0.2461, MR:  386.96, H@1: 0.179, H@3: 0.267, H@10: 0.375 | Test - MRR: 0.2441 | *
[2026-03-09 02:06:38,005][root][INFO] - Epoch:  46 | Loss: 0.0019 | Val - MRR: 0.2473, MR:  374.75, H@1: 0.180, H@3: 0.270, H@10: 0.378 | Test - MRR: 0.2463 | *
[2026-03-09 02:08:20,181][root][INFO] - Epoch:  47 | Loss: 0.0019 | Val - MRR: 0.2490, MR:  366.52, H@1: 0.182, H@3: 0.272, H@10: 0.380 | Test - MRR: 0.2484 | *
[2026-03-09 02:10:02,841][root][INFO] - Epoch:  48 | Loss: 0.0019 | Val - MRR: 0.2495, MR:  356.78, H@1: 0.182, H@3: 0.272, H@10: 0.381 | Test - MRR: 0.2485 | *
[2026-03-09 02:11:44,639][root][INFO] - Epoch:  49 | Loss: 0.0019 | Val - MRR: 0.2528, MR:  351.46, H@1: 0.184, H@3: 0.276, H@10: 0.383 | Test - MRR: 0.2511 | *
[2026-03-09 02:13:26,753][root][INFO] - Epoch:  50 | Loss: 0.0019 | Val - MRR: 0.2541, MR:  348.54, H@1: 0.185, H@3: 0.278, H@10: 0.387 | Test - MRR: 0.2526 | *
[2026-03-09 02:15:08,037][root][INFO] - Epoch:  51 | Loss: 0.0019 | Val - MRR: 0.2547, MR:  346.04, H@1: 0.185, H@3: 0.279, H@10: 0.388 | Test - MRR: 0.2531 | *
[2026-03-09 02:16:49,132][root][INFO] - Epoch:  52 | Loss: 0.0018 | Val - MRR: 0.2569, MR:  339.05, H@1: 0.187, H@3: 0.280, H@10: 0.392 | Test - MRR: 0.2546 | *
[2026-03-09 02:18:29,666][root][INFO] - Epoch:  53 | Loss: 0.0018 | Val - MRR: 0.2583, MR:  324.48, H@1: 0.188, H@3: 0.282, H@10: 0.394 | Test - MRR: 0.2566 | *
[2026-03-09 02:20:10,918][root][INFO] - Epoch:  54 | Loss: 0.0018 | Val - MRR: 0.2602, MR:  318.33, H@1: 0.190, H@3: 0.283, H@10: 0.395 | Test - MRR: 0.2574 | *
[2026-03-09 02:21:52,812][root][INFO] - Epoch:  55 | Loss: 0.0018 | Val - MRR: 0.2633, MR:  318.41, H@1: 0.193, H@3: 0.286, H@10: 0.399 | Test - MRR: 0.2605 | *
[2026-03-09 02:23:33,785][root][INFO] - Epoch:  56 | Loss: 0.0018 | Val - MRR: 0.2637, MR:  309.06, H@1: 0.192, H@3: 0.288, H@10: 0.402 | Test - MRR: 0.2609 | *
[2026-03-09 02:25:15,044][root][INFO] - Epoch:  57 | Loss: 0.0018 | Val - MRR: 0.2668, MR:  305.28, H@1: 0.196, H@3: 0.290, H@10: 0.407 | Test - MRR: 0.2647 | *
[2026-03-09 02:26:55,894][root][INFO] - Epoch:  58 | Loss: 0.0018 | Val - MRR: 0.2677, MR:  298.02, H@1: 0.196, H@3: 0.291, H@10: 0.407 | Test - MRR: 0.2651 | *
[2026-03-09 02:28:37,643][root][INFO] - Epoch:  59 | Loss: 0.0018 | Val - MRR: 0.2707, MR:  293.50, H@1: 0.199, H@3: 0.294, H@10: 0.409 | Test - MRR: 0.2685 | *
[2026-03-09 02:30:19,149][root][INFO] - Epoch:  60 | Loss: 0.0018 | Val - MRR: 0.2725, MR:  289.82, H@1: 0.200, H@3: 0.296, H@10: 0.413 | Test - MRR: 0.2697 | *
[2026-03-09 02:32:00,855][root][INFO] - Epoch:  61 | Loss: 0.0018 | Val - MRR: 0.2734, MR:  292.61, H@1: 0.200, H@3: 0.297, H@10: 0.417 | Test - MRR: 0.2722 | *
[2026-03-09 02:33:42,088][root][INFO] - Epoch:  62 | Loss: 0.0017 | Val - MRR: 0.2759, MR:  279.76, H@1: 0.202, H@3: 0.300, H@10: 0.419 | Test - MRR: 0.2739 | *
[2026-03-09 02:35:26,208][root][INFO] - Epoch:  63 | Loss: 0.0017 | Val - MRR: 0.2785, MR:  271.03, H@1: 0.205, H@3: 0.303, H@10: 0.423 | Test - MRR: 0.2764 | *
[2026-03-09 02:37:06,380][root][INFO] - Epoch:  64 | Loss: 0.0017 | Val - MRR: 0.2803, MR:  260.21, H@1: 0.206, H@3: 0.303, H@10: 0.427 | Test - MRR: 0.2777 | *
[2026-03-09 02:38:46,983][root][INFO] - Epoch:  65 | Loss: 0.0017 | Val - MRR: 0.2845, MR:  258.95, H@1: 0.210, H@3: 0.309, H@10: 0.430 | Test - MRR: 0.2815 | *
[2026-03-09 02:40:28,401][root][INFO] - Epoch:  66 | Loss: 0.0017 | Val - MRR: 0.2848, MR:  252.53, H@1: 0.210, H@3: 0.309, H@10: 0.433 | Test - MRR: 0.2826 | *
[2026-03-09 02:42:11,806][root][INFO] - Epoch:  67 | Loss: 0.0017 | Val - MRR: 0.2870, MR:  256.33, H@1: 0.212, H@3: 0.311, H@10: 0.435 | Test - MRR: 0.2847 | *
[2026-03-09 02:43:53,894][root][INFO] - Epoch:  68 | Loss: 0.0017 | Val - MRR: 0.2899, MR:  248.28, H@1: 0.214, H@3: 0.316, H@10: 0.437 | Test - MRR: 0.2862 | *
[2026-03-09 02:45:47,385][root][INFO] - Epoch:  69 | Loss: 0.0017 | Val - MRR: 0.2907, MR:  244.39, H@1: 0.215, H@3: 0.315, H@10: 0.441 | Test - MRR: 0.2875 | *
[2026-03-09 02:47:28,674][root][INFO] - Epoch:  70 | Loss: 0.0017 | Val - MRR: 0.2931, MR:  236.36, H@1: 0.216, H@3: 0.318, H@10: 0.444 | Test - MRR: 0.2894 | *
[2026-03-09 02:49:10,898][root][INFO] - Epoch:  71 | Loss: 0.0017 | Val - MRR: 0.2940, MR:  234.10, H@1: 0.217, H@3: 0.317, H@10: 0.446 | Test - MRR: 0.2909 | *
[2026-03-09 02:50:52,871][root][INFO] - Epoch:  72 | Loss: 0.0017 | Val - MRR: 0.2956, MR:  232.26, H@1: 0.218, H@3: 0.321, H@10: 0.447 | Test - MRR: 0.2935 | *
[2026-03-09 02:52:33,907][root][INFO] - Epoch:  73 | Loss: 0.0017 | Val - MRR: 0.2982, MR:  230.90, H@1: 0.221, H@3: 0.323, H@10: 0.451 | Test - MRR: 0.2960 | *
[2026-03-09 02:54:16,132][root][INFO] - Epoch:  74 | Loss: 0.0016 | Val - MRR: 0.3010, MR:  229.15, H@1: 0.223, H@3: 0.326, H@10: 0.455 | Test - MRR: 0.2980 | *
[2026-03-09 02:55:57,672][root][INFO] - Epoch:  75 | Loss: 0.0017 | Val - MRR: 0.3030, MR:  225.39, H@1: 0.225, H@3: 0.328, H@10: 0.457 | Test - MRR: 0.2990 | *
[2026-03-09 02:57:22,232][root][INFO] - Epoch:  76 | Loss: 0.0016 | Val - MRR: 0.3026, MR:  223.01, H@1: 0.224, H@3: 0.328, H@10: 0.456 | 
[2026-03-09 02:59:04,368][root][INFO] - Epoch:  77 | Loss: 0.0016 | Val - MRR: 0.3053, MR:  217.86, H@1: 0.225, H@3: 0.332, H@10: 0.461 | Test - MRR: 0.3011 | *
[2026-03-09 03:00:45,274][root][INFO] - Epoch:  78 | Loss: 0.0016 | Val - MRR: 0.3070, MR:  213.48, H@1: 0.227, H@3: 0.333, H@10: 0.464 | Test - MRR: 0.3031 | *
[2026-03-09 03:02:26,847][root][INFO] - Epoch:  79 | Loss: 0.0016 | Val - MRR: 0.3093, MR:  214.64, H@1: 0.229, H@3: 0.335, H@10: 0.468 | Test - MRR: 0.3046 | *
[2026-03-09 03:04:08,246][root][INFO] - Epoch:  80 | Loss: 0.0016 | Val - MRR: 0.3117, MR:  209.25, H@1: 0.231, H@3: 0.339, H@10: 0.468 | Test - MRR: 0.3069 | *
[2026-03-09 03:05:34,245][root][INFO] - Epoch:  81 | Loss: 0.0016 | Val - MRR: 0.3105, MR:  208.37, H@1: 0.229, H@3: 0.338, H@10: 0.470 | 
[2026-03-09 03:07:14,884][root][INFO] - Epoch:  82 | Loss: 0.0016 | Val - MRR: 0.3130, MR:  207.61, H@1: 0.231, H@3: 0.342, H@10: 0.474 | Test - MRR: 0.3089 | *
[2026-03-09 03:09:49,748][root][INFO] - Epoch:  83 | Loss: 0.0016 | Val - MRR: 0.3150, MR:  204.85, H@1: 0.233, H@3: 0.344, H@10: 0.476 | Test - MRR: 0.3107 | *
[2026-03-09 03:12:49,048][root][INFO] - Epoch:  84 | Loss: 0.0016 | Val - MRR: 0.3158, MR:  200.83, H@1: 0.235, H@3: 0.343, H@10: 0.476 | Test - MRR: 0.3123 | *
[2026-03-09 03:16:09,622][root][INFO] - Epoch:  85 | Loss: 0.0016 | Val - MRR: 0.3172, MR:  200.10, H@1: 0.235, H@3: 0.345, H@10: 0.479 | Test - MRR: 0.3132 | *
[2026-03-09 03:19:28,062][root][INFO] - Epoch:  86 | Loss: 0.0016 | Val - MRR: 0.3187, MR:  198.28, H@1: 0.237, H@3: 0.347, H@10: 0.480 | Test - MRR: 0.3156 | *
[2026-03-09 03:22:47,592][root][INFO] - Epoch:  87 | Loss: 0.0016 | Val - MRR: 0.3199, MR:  197.26, H@1: 0.238, H@3: 0.348, H@10: 0.482 | Test - MRR: 0.3164 | *
[2026-03-09 03:26:06,730][root][INFO] - Epoch:  88 | Loss: 0.0016 | Val - MRR: 0.3210, MR:  195.53, H@1: 0.238, H@3: 0.350, H@10: 0.483 | Test - MRR: 0.3175 | *
[2026-03-09 03:29:26,990][root][INFO] - Epoch:  89 | Loss: 0.0016 | Val - MRR: 0.3223, MR:  192.64, H@1: 0.239, H@3: 0.352, H@10: 0.489 | Test - MRR: 0.3187 | *
[2026-03-09 03:32:47,268][root][INFO] - Epoch:  90 | Loss: 0.0016 | Val - MRR: 0.3234, MR:  189.86, H@1: 0.240, H@3: 0.353, H@10: 0.488 | Test - MRR: 0.3201 | *
[2026-03-09 03:35:51,104][root][INFO] - Epoch:  91 | Loss: 0.0016 | Val - MRR: 0.3239, MR:  188.44, H@1: 0.241, H@3: 0.352, H@10: 0.488 | Test - MRR: 0.3212 | *
[2026-03-09 03:37:58,462][root][INFO] - Epoch:  92 | Loss: 0.0016 | Val - MRR: 0.3253, MR:  188.93, H@1: 0.242, H@3: 0.354, H@10: 0.491 | Test - MRR: 0.3224 | *
[2026-03-09 03:39:42,471][root][INFO] - Epoch:  93 | Loss: 0.0015 | Val - MRR: 0.3270, MR:  189.40, H@1: 0.244, H@3: 0.354, H@10: 0.495 | Test - MRR: 0.3239 | *
[2026-03-09 03:41:25,096][root][INFO] - Epoch:  94 | Loss: 0.0015 | Val - MRR: 0.3277, MR:  185.13, H@1: 0.243, H@3: 0.356, H@10: 0.499 | Test - MRR: 0.3251 | *
[2026-03-09 03:43:09,880][root][INFO] - Epoch:  95 | Loss: 0.0016 | Val - MRR: 0.3286, MR:  184.19, H@1: 0.244, H@3: 0.357, H@10: 0.496 | Test - MRR: 0.3263 | *
[2026-03-09 03:44:53,056][root][INFO] - Epoch:  96 | Loss: 0.0015 | Val - MRR: 0.3289, MR:  182.26, H@1: 0.244, H@3: 0.359, H@10: 0.498 | Test - MRR: 0.3259 | *
[2026-03-09 03:46:35,544][root][INFO] - Epoch:  97 | Loss: 0.0015 | Val - MRR: 0.3294, MR:  182.37, H@1: 0.244, H@3: 0.358, H@10: 0.500 | Test - MRR: 0.3269 | *
[2026-03-09 03:48:18,802][root][INFO] - Epoch:  98 | Loss: 0.0015 | Val - MRR: 0.3311, MR:  180.25, H@1: 0.246, H@3: 0.361, H@10: 0.500 | Test - MRR: 0.3279 | *
[2026-03-09 03:50:02,178][root][INFO] - Epoch:  99 | Loss: 0.0015 | Val - MRR: 0.3320, MR:  178.47, H@1: 0.246, H@3: 0.363, H@10: 0.502 | Test - MRR: 0.3285 | *
[2026-03-09 03:51:44,856][root][INFO] - Epoch: 100 | Loss: 0.0015 | Val - MRR: 0.3330, MR:  177.17, H@1: 0.248, H@3: 0.363, H@10: 0.503 | Test - MRR: 0.3305 | *
[2026-03-09 03:53:26,186][root][INFO] - Epoch: 101 | Loss: 0.0015 | Val - MRR: 0.3348, MR:  178.02, H@1: 0.250, H@3: 0.364, H@10: 0.504 | Test - MRR: 0.3308 | *
[2026-03-09 03:54:52,276][root][INFO] - Epoch: 102 | Loss: 0.0015 | Val - MRR: 0.3340, MR:  180.51, H@1: 0.247, H@3: 0.364, H@10: 0.506 | 
[2026-03-09 03:56:32,998][root][INFO] - Epoch: 103 | Loss: 0.0015 | Val - MRR: 0.3355, MR:  174.76, H@1: 0.249, H@3: 0.366, H@10: 0.507 | Test - MRR: 0.3319 | *
[2026-03-09 03:58:14,313][root][INFO] - Epoch: 104 | Loss: 0.0015 | Val - MRR: 0.3364, MR:  175.82, H@1: 0.250, H@3: 0.367, H@10: 0.508 | Test - MRR: 0.3330 | *
[2026-03-09 03:59:40,452][root][INFO] - Epoch: 105 | Loss: 0.0015 | Val - MRR: 0.3359, MR:  173.58, H@1: 0.249, H@3: 0.367, H@10: 0.511 | 
[2026-03-09 04:01:24,102][root][INFO] - Epoch: 106 | Loss: 0.0015 | Val - MRR: 0.3376, MR:  173.65, H@1: 0.251, H@3: 0.368, H@10: 0.511 | Test - MRR: 0.3343 | *
[2026-03-09 04:03:06,498][root][INFO] - Epoch: 107 | Loss: 0.0015 | Val - MRR: 0.3377, MR:  174.35, H@1: 0.251, H@3: 0.367, H@10: 0.513 | Test - MRR: 0.3345 | *
[2026-03-09 04:04:32,009][root][INFO] - Epoch: 108 | Loss: 0.0015 | Val - MRR: 0.3371, MR:  170.23, H@1: 0.249, H@3: 0.368, H@10: 0.514 | 
[2026-03-09 04:06:14,379][root][INFO] - Epoch: 109 | Loss: 0.0015 | Val - MRR: 0.3392, MR:  171.09, H@1: 0.253, H@3: 0.369, H@10: 0.514 | Test - MRR: 0.3366 | *
[2026-03-09 04:07:39,857][root][INFO] - Epoch: 110 | Loss: 0.0015 | Val - MRR: 0.3391, MR:  171.23, H@1: 0.252, H@3: 0.370, H@10: 0.513 | 
[2026-03-09 04:09:22,112][root][INFO] - Epoch: 111 | Loss: 0.0015 | Val - MRR: 0.3397, MR:  171.39, H@1: 0.252, H@3: 0.372, H@10: 0.514 | Test - MRR: 0.3372 | *
[2026-03-09 04:11:04,163][root][INFO] - Epoch: 112 | Loss: 0.0015 | Val - MRR: 0.3407, MR:  169.86, H@1: 0.253, H@3: 0.371, H@10: 0.516 | Test - MRR: 0.3386 | *
[2026-03-09 04:12:47,288][root][INFO] - Epoch: 113 | Loss: 0.0015 | Val - MRR: 0.3414, MR:  168.43, H@1: 0.254, H@3: 0.371, H@10: 0.517 | Test - MRR: 0.3388 | *
[2026-03-09 04:14:12,589][root][INFO] - Epoch: 114 | Loss: 0.0015 | Val - MRR: 0.3411, MR:  168.67, H@1: 0.253, H@3: 0.374, H@10: 0.517 | 
[2026-03-09 04:15:52,094][root][INFO] - Epoch: 115 | Loss: 0.0015 | Val - MRR: 0.3419, MR:  167.04, H@1: 0.254, H@3: 0.373, H@10: 0.517 | Test - MRR: 0.3396 | *
[2026-03-09 04:17:17,777][root][INFO] - Epoch: 116 | Loss: 0.0015 | Val - MRR: 0.3418, MR:  167.32, H@1: 0.253, H@3: 0.375, H@10: 0.518 | 
[2026-03-09 04:19:00,227][root][INFO] - Epoch: 117 | Loss: 0.0015 | Val - MRR: 0.3431, MR:  167.33, H@1: 0.255, H@3: 0.375, H@10: 0.520 | Test - MRR: 0.3398 | *
[2026-03-09 04:20:40,980][root][INFO] - Epoch: 118 | Loss: 0.0015 | Val - MRR: 0.3435, MR:  166.19, H@1: 0.255, H@3: 0.375, H@10: 0.521 | Test - MRR: 0.3407 | *
[2026-03-09 04:22:22,186][root][INFO] - Epoch: 119 | Loss: 0.0015 | Val - MRR: 0.3446, MR:  165.27, H@1: 0.256, H@3: 0.377, H@10: 0.521 | Test - MRR: 0.3417 | *
[2026-03-09 04:24:02,600][root][INFO] - Epoch: 120 | Loss: 0.0015 | Val - MRR: 0.3447, MR:  164.86, H@1: 0.255, H@3: 0.377, H@10: 0.524 | Test - MRR: 0.3423 | *
[2026-03-09 04:25:45,402][root][INFO] - Epoch: 121 | Loss: 0.0015 | Val - MRR: 0.3470, MR:  165.09, H@1: 0.259, H@3: 0.379, H@10: 0.525 | Test - MRR: 0.3434 | *
[2026-03-09 04:27:25,724][root][INFO] - Epoch: 122 | Loss: 0.0015 | Val - MRR: 0.3474, MR:  165.28, H@1: 0.259, H@3: 0.379, H@10: 0.525 | Test - MRR: 0.3442 | *
[2026-03-09 04:29:07,320][root][INFO] - Epoch: 123 | Loss: 0.0015 | Val - MRR: 0.3476, MR:  165.05, H@1: 0.259, H@3: 0.380, H@10: 0.527 | Test - MRR: 0.3439 | *
[2026-03-09 04:30:32,374][root][INFO] - Epoch: 124 | Loss: 0.0015 | Val - MRR: 0.3473, MR:  165.97, H@1: 0.259, H@3: 0.379, H@10: 0.527 | 
[2026-03-09 04:32:14,633][root][INFO] - Epoch: 125 | Loss: 0.0015 | Val - MRR: 0.3478, MR:  164.67, H@1: 0.259, H@3: 0.380, H@10: 0.528 | Test - MRR: 0.3440 | *
[2026-03-09 04:33:56,242][root][INFO] - Epoch: 126 | Loss: 0.0015 | Val - MRR: 0.3491, MR:  164.74, H@1: 0.260, H@3: 0.382, H@10: 0.529 | Test - MRR: 0.3455 | *
[2026-03-09 04:35:38,153][root][INFO] - Epoch: 127 | Loss: 0.0015 | Val - MRR: 0.3503, MR:  162.27, H@1: 0.262, H@3: 0.382, H@10: 0.528 | Test - MRR: 0.3459 | *
[2026-03-09 04:37:03,233][root][INFO] - Epoch: 128 | Loss: 0.0015 | Val - MRR: 0.3499, MR:  163.32, H@1: 0.261, H@3: 0.382, H@10: 0.529 | 
[2026-03-09 04:38:29,034][root][INFO] - Epoch: 129 | Loss: 0.0015 | Val - MRR: 0.3494, MR:  161.32, H@1: 0.260, H@3: 0.383, H@10: 0.529 | 
[2026-03-09 04:39:53,658][root][INFO] - Epoch: 130 | Loss: 0.0014 | Val - MRR: 0.3494, MR:  162.37, H@1: 0.260, H@3: 0.382, H@10: 0.529 | 
[2026-03-09 04:41:36,221][root][INFO] - Epoch: 131 | Loss: 0.0014 | Val - MRR: 0.3506, MR:  162.97, H@1: 0.262, H@3: 0.383, H@10: 0.531 | Test - MRR: 0.3471 | *
[2026-03-09 04:43:18,095][root][INFO] - Epoch: 132 | Loss: 0.0014 | Val - MRR: 0.3513, MR:  162.47, H@1: 0.262, H@3: 0.384, H@10: 0.532 | Test - MRR: 0.3472 | *
[2026-03-09 04:44:59,621][root][INFO] - Epoch: 133 | Loss: 0.0014 | Val - MRR: 0.3514, MR:  161.88, H@1: 0.261, H@3: 0.385, H@10: 0.531 | Test - MRR: 0.3477 | *
[2026-03-09 04:46:24,721][root][INFO] - Epoch: 134 | Loss: 0.0014 | Val - MRR: 0.3509, MR:  163.75, H@1: 0.261, H@3: 0.384, H@10: 0.531 | 
[2026-03-09 04:48:06,114][root][INFO] - Epoch: 135 | Loss: 0.0014 | Val - MRR: 0.3517, MR:  162.87, H@1: 0.262, H@3: 0.384, H@10: 0.534 | Test - MRR: 0.3474 | *
[2026-03-09 04:49:32,556][root][INFO] - Epoch: 136 | Loss: 0.0014 | Val - MRR: 0.3515, MR:  160.42, H@1: 0.261, H@3: 0.384, H@10: 0.533 | 
[2026-03-09 04:51:14,025][root][INFO] - Epoch: 137 | Loss: 0.0014 | Val - MRR: 0.3528, MR:  161.99, H@1: 0.262, H@3: 0.385, H@10: 0.536 | Test - MRR: 0.3492 | *
[2026-03-09 04:52:38,986][root][INFO] - Epoch: 138 | Loss: 0.0014 | Val - MRR: 0.3522, MR:  161.72, H@1: 0.262, H@3: 0.385, H@10: 0.534 | 
[2026-03-09 04:54:21,356][root][INFO] - Epoch: 139 | Loss: 0.0014 | Val - MRR: 0.3531, MR:  161.84, H@1: 0.263, H@3: 0.387, H@10: 0.536 | Test - MRR: 0.3492 | *
[2026-03-09 04:56:02,645][root][INFO] - Epoch: 140 | Loss: 0.0014 | Val - MRR: 0.3535, MR:  161.07, H@1: 0.264, H@3: 0.386, H@10: 0.535 | Test - MRR: 0.3502 | *
[2026-03-09 04:57:27,643][root][INFO] - Epoch: 141 | Loss: 0.0014 | Val - MRR: 0.3534, MR:  161.62, H@1: 0.263, H@3: 0.387, H@10: 0.537 | 
[2026-03-09 04:59:09,851][root][INFO] - Epoch: 142 | Loss: 0.0014 | Val - MRR: 0.3541, MR:  161.74, H@1: 0.264, H@3: 0.387, H@10: 0.538 | Test - MRR: 0.3498 | *
[2026-03-09 05:00:34,791][root][INFO] - Epoch: 143 | Loss: 0.0014 | Val - MRR: 0.3516, MR:  159.66, H@1: 0.260, H@3: 0.385, H@10: 0.537 | 
[2026-03-09 05:02:16,301][root][INFO] - Epoch: 144 | Loss: 0.0014 | Val - MRR: 0.3544, MR:  160.96, H@1: 0.265, H@3: 0.387, H@10: 0.537 | Test - MRR: 0.3498 | *
[2026-03-09 05:03:41,023][root][INFO] - Epoch: 145 | Loss: 0.0014 | Val - MRR: 0.3532, MR:  160.53, H@1: 0.263, H@3: 0.387, H@10: 0.534 | 
[2026-03-09 05:05:06,817][root][INFO] - Epoch: 146 | Loss: 0.0014 | Val - MRR: 0.3542, MR:  160.18, H@1: 0.265, H@3: 0.387, H@10: 0.535 | 
[2026-03-09 05:06:48,405][root][INFO] - Epoch: 147 | Loss: 0.0014 | Val - MRR: 0.3554, MR:  160.93, H@1: 0.266, H@3: 0.388, H@10: 0.536 | Test - MRR: 0.3516 | *
[2026-03-09 05:08:12,590][root][INFO] - Epoch: 148 | Loss: 0.0014 | Val - MRR: 0.3549, MR:  158.70, H@1: 0.264, H@3: 0.388, H@10: 0.537 | 
[2026-03-09 05:09:54,743][root][INFO] - Epoch: 149 | Loss: 0.0014 | Val - MRR: 0.3564, MR:  157.62, H@1: 0.267, H@3: 0.390, H@10: 0.538 | Test - MRR: 0.3516 | *
[2026-03-09 05:11:20,707][root][INFO] - Epoch: 150 | Loss: 0.0014 | Val - MRR: 0.3559, MR:  159.99, H@1: 0.266, H@3: 0.390, H@10: 0.537 | 
[2026-03-09 05:12:46,205][root][INFO] - Epoch: 151 | Loss: 0.0014 | Val - MRR: 0.3556, MR:  161.23, H@1: 0.266, H@3: 0.389, H@10: 0.538 | 
[2026-03-09 05:14:10,668][root][INFO] - Epoch: 152 | Loss: 0.0014 | Val - MRR: 0.3559, MR:  159.30, H@1: 0.265, H@3: 0.391, H@10: 0.538 | 
[2026-03-09 05:15:36,499][root][INFO] - Epoch: 153 | Loss: 0.0014 | Val - MRR: 0.3550, MR:  159.35, H@1: 0.264, H@3: 0.389, H@10: 0.538 | 
[2026-03-09 05:17:01,340][root][INFO] - Epoch: 154 | Loss: 0.0014 | Val - MRR: 0.3560, MR:  158.16, H@1: 0.266, H@3: 0.390, H@10: 0.538 | 
[2026-03-09 05:18:27,768][root][INFO] - Epoch: 155 | Loss: 0.0014 | Val - MRR: 0.3554, MR:  160.15, H@1: 0.265, H@3: 0.390, H@10: 0.537 | 
[2026-03-09 05:19:51,688][root][INFO] - Epoch: 156 | Loss: 0.0014 | Val - MRR: 0.3562, MR:  160.76, H@1: 0.266, H@3: 0.389, H@10: 0.538 | 
[2026-03-09 05:21:16,060][root][INFO] - Epoch: 157 | Loss: 0.0014 | Val - MRR: 0.3560, MR:  159.13, H@1: 0.265, H@3: 0.391, H@10: 0.539 | 
[2026-03-09 05:22:58,089][root][INFO] - Epoch: 158 | Loss: 0.0014 | Val - MRR: 0.3568, MR:  159.05, H@1: 0.266, H@3: 0.391, H@10: 0.538 | Test - MRR: 0.3524 | *
[2026-03-09 05:24:22,579][root][INFO] - Epoch: 159 | Loss: 0.0014 | Val - MRR: 0.3564, MR:  160.96, H@1: 0.266, H@3: 0.391, H@10: 0.538 | 
[2026-03-09 05:26:04,119][root][INFO] - Epoch: 160 | Loss: 0.0014 | Val - MRR: 0.3579, MR:  158.66, H@1: 0.267, H@3: 0.393, H@10: 0.541 | Test - MRR: 0.3534 | *
[2026-03-09 05:27:45,484][root][INFO] - Epoch: 161 | Loss: 0.0014 | Val - MRR: 0.3590, MR:  158.82, H@1: 0.268, H@3: 0.394, H@10: 0.542 | Test - MRR: 0.3547 | *
[2026-03-09 05:29:09,958][root][INFO] - Epoch: 162 | Loss: 0.0014 | Val - MRR: 0.3584, MR:  158.42, H@1: 0.267, H@3: 0.392, H@10: 0.542 | 
[2026-03-09 05:30:33,369][root][INFO] - Epoch: 163 | Loss: 0.0014 | Val - MRR: 0.3575, MR:  158.93, H@1: 0.266, H@3: 0.392, H@10: 0.542 | 
[2026-03-09 05:32:00,097][root][INFO] - Epoch: 164 | Loss: 0.0014 | Val - MRR: 0.3582, MR:  159.09, H@1: 0.266, H@3: 0.393, H@10: 0.542 | 
[2026-03-09 05:33:42,323][root][INFO] - Epoch: 165 | Loss: 0.0014 | Val - MRR: 0.3592, MR:  156.15, H@1: 0.268, H@3: 0.392, H@10: 0.543 | Test - MRR: 0.3549 | *
[2026-03-09 05:35:07,294][root][INFO] - Epoch: 166 | Loss: 0.0014 | Val - MRR: 0.3592, MR:  159.83, H@1: 0.268, H@3: 0.394, H@10: 0.544 | 
[2026-03-09 05:36:32,273][root][INFO] - Epoch: 167 | Loss: 0.0014 | Val - MRR: 0.3590, MR:  159.46, H@1: 0.268, H@3: 0.394, H@10: 0.542 | 
[2026-03-09 05:37:58,416][root][INFO] - Epoch: 168 | Loss: 0.0014 | Val - MRR: 0.3584, MR:  158.63, H@1: 0.267, H@3: 0.393, H@10: 0.543 | 
[2026-03-09 05:39:39,252][root][INFO] - Epoch: 169 | Loss: 0.0014 | Val - MRR: 0.3597, MR:  158.38, H@1: 0.269, H@3: 0.394, H@10: 0.543 | Test - MRR: 0.3547 | *
[2026-03-09 05:41:21,143][root][INFO] - Epoch: 170 | Loss: 0.0014 | Val - MRR: 0.3597, MR:  159.44, H@1: 0.269, H@3: 0.392, H@10: 0.542 | Test - MRR: 0.3544 | *
[2026-03-09 05:43:03,381][root][INFO] - Epoch: 171 | Loss: 0.0014 | Val - MRR: 0.3604, MR:  158.34, H@1: 0.270, H@3: 0.395, H@10: 0.543 | Test - MRR: 0.3553 | *
[2026-03-09 05:44:43,815][root][INFO] - Epoch: 172 | Loss: 0.0014 | Val - MRR: 0.3618, MR:  158.18, H@1: 0.271, H@3: 0.397, H@10: 0.543 | Test - MRR: 0.3562 | *
[2026-03-09 05:46:08,482][root][INFO] - Epoch: 173 | Loss: 0.0014 | Val - MRR: 0.3614, MR:  157.19, H@1: 0.271, H@3: 0.395, H@10: 0.544 | 
[2026-03-09 05:47:33,591][root][INFO] - Epoch: 174 | Loss: 0.0014 | Val - MRR: 0.3610, MR:  158.40, H@1: 0.270, H@3: 0.394, H@10: 0.544 | 
[2026-03-09 05:48:59,389][root][INFO] - Epoch: 175 | Loss: 0.0014 | Val - MRR: 0.3601, MR:  159.54, H@1: 0.270, H@3: 0.393, H@10: 0.544 | 
[2026-03-09 05:50:23,937][root][INFO] - Epoch: 176 | Loss: 0.0014 | Val - MRR: 0.3602, MR:  161.00, H@1: 0.270, H@3: 0.393, H@10: 0.542 | 
[2026-03-09 05:51:48,846][root][INFO] - Epoch: 177 | Loss: 0.0014 | Val - MRR: 0.3602, MR:  158.25, H@1: 0.269, H@3: 0.394, H@10: 0.545 | 
[2026-03-09 05:53:13,710][root][INFO] - Epoch: 178 | Loss: 0.0014 | Val - MRR: 0.3609, MR:  159.49, H@1: 0.269, H@3: 0.396, H@10: 0.545 | 
[2026-03-09 05:54:39,150][root][INFO] - Epoch: 179 | Loss: 0.0014 | Val - MRR: 0.3605, MR:  159.44, H@1: 0.269, H@3: 0.395, H@10: 0.545 | 
[2026-03-09 05:56:04,507][root][INFO] - Epoch: 180 | Loss: 0.0014 | Val - MRR: 0.3611, MR:  161.75, H@1: 0.270, H@3: 0.395, H@10: 0.544 | 
[2026-03-09 05:57:30,661][root][INFO] - Epoch: 181 | Loss: 0.0014 | Val - MRR: 0.3614, MR:  159.68, H@1: 0.270, H@3: 0.395, H@10: 0.543 | 
[2026-03-09 05:58:55,747][root][INFO] - Epoch: 182 | Loss: 0.0014 | Val - MRR: 0.3615, MR:  158.94, H@1: 0.270, H@3: 0.396, H@10: 0.546 | 
[2026-03-09 06:00:21,152][root][INFO] - Epoch: 183 | Loss: 0.0014 | Val - MRR: 0.3614, MR:  158.33, H@1: 0.269, H@3: 0.396, H@10: 0.547 | 
[2026-03-09 06:01:46,501][root][INFO] - Epoch: 184 | Loss: 0.0014 | Val - MRR: 0.3613, MR:  159.02, H@1: 0.269, H@3: 0.396, H@10: 0.545 | 
[2026-03-09 06:03:10,772][root][INFO] - Epoch: 185 | Loss: 0.0014 | Val - MRR: 0.3604, MR:  159.41, H@1: 0.269, H@3: 0.394, H@10: 0.545 | 
[2026-03-09 06:04:35,068][root][INFO] - Epoch: 186 | Loss: 0.0014 | Val - MRR: 0.3616, MR:  160.37, H@1: 0.270, H@3: 0.395, H@10: 0.546 | 
[2026-03-09 06:06:00,962][root][INFO] - Epoch: 187 | Loss: 0.0014 | Val - MRR: 0.3606, MR:  159.62, H@1: 0.269, H@3: 0.396, H@10: 0.546 | 
[2026-03-09 06:07:24,502][root][INFO] - Epoch: 188 | Loss: 0.0014 | Val - MRR: 0.3612, MR:  158.58, H@1: 0.269, H@3: 0.396, H@10: 0.546 | 
[2026-03-09 06:08:50,596][root][INFO] - Epoch: 189 | Loss: 0.0014 | Val - MRR: 0.3617, MR:  160.39, H@1: 0.270, H@3: 0.397, H@10: 0.546 | 
[2026-03-09 06:10:15,041][root][INFO] - Epoch: 190 | Loss: 0.0014 | Val - MRR: 0.3614, MR:  157.66, H@1: 0.269, H@3: 0.396, H@10: 0.547 | 
[2026-03-09 06:11:55,814][root][INFO] - Epoch: 191 | Loss: 0.0014 | Val - MRR: 0.3633, MR:  158.49, H@1: 0.271, H@3: 0.398, H@10: 0.549 | Test - MRR: 0.3588 | *
[2026-03-09 06:13:23,226][root][INFO] - Epoch: 192 | Loss: 0.0014 | Val - MRR: 0.3624, MR:  158.99, H@1: 0.271, H@3: 0.397, H@10: 0.548 | 
[2026-03-09 06:15:06,267][root][INFO] - Epoch: 193 | Loss: 0.0014 | Val - MRR: 0.3636, MR:  158.76, H@1: 0.272, H@3: 0.398, H@10: 0.548 | Test - MRR: 0.3583 | *
[2026-03-09 06:16:47,985][root][INFO] - Epoch: 194 | Loss: 0.0014 | Val - MRR: 0.3625, MR:  158.11, H@1: 0.271, H@3: 0.397, H@10: 0.546 | 
[2026-03-09 06:18:32,332][root][INFO] - Epoch: 195 | Loss: 0.0014 | Val - MRR: 0.3627, MR:  157.21, H@1: 0.272, H@3: 0.397, H@10: 0.546 | 
[2026-03-09 06:19:55,826][root][INFO] - Epoch: 196 | Loss: 0.0014 | Val - MRR: 0.3627, MR:  159.29, H@1: 0.272, H@3: 0.395, H@10: 0.547 | 
[2026-03-09 06:21:21,300][root][INFO] - Epoch: 197 | Loss: 0.0014 | Val - MRR: 0.3629, MR:  158.67, H@1: 0.272, H@3: 0.397, H@10: 0.546 | 
[2026-03-09 06:22:46,749][root][INFO] - Epoch: 198 | Loss: 0.0014 | Val - MRR: 0.3634, MR:  160.34, H@1: 0.272, H@3: 0.398, H@10: 0.547 | 
[2026-03-09 06:24:11,516][root][INFO] - Epoch: 199 | Loss: 0.0014 | Val - MRR: 0.3633, MR:  159.50, H@1: 0.272, H@3: 0.399, H@10: 0.548 | 
[2026-03-09 06:25:36,422][root][INFO] - Epoch: 200 | Loss: 0.0014 | Val - MRR: 0.3634, MR:  159.72, H@1: 0.272, H@3: 0.397, H@10: 0.548 | 
[2026-03-09 06:27:02,024][root][INFO] - Epoch: 201 | Loss: 0.0014 | Val - MRR: 0.3632, MR:  160.17, H@1: 0.272, H@3: 0.397, H@10: 0.549 | 
[2026-03-09 06:28:43,440][root][INFO] - Epoch: 202 | Loss: 0.0014 | Val - MRR: 0.3636, MR:  159.23, H@1: 0.272, H@3: 0.398, H@10: 0.548 | Test - MRR: 0.3590 | *
[2026-03-09 06:30:25,642][root][INFO] - Epoch: 203 | Loss: 0.0014 | Val - MRR: 0.3644, MR:  159.75, H@1: 0.272, H@3: 0.400, H@10: 0.549 | Test - MRR: 0.3594 | *
[2026-03-09 06:31:49,900][root][INFO] - Epoch: 204 | Loss: 0.0014 | Val - MRR: 0.3633, MR:  158.94, H@1: 0.271, H@3: 0.398, H@10: 0.547 | 
[2026-03-09 06:33:15,617][root][INFO] - Epoch: 205 | Loss: 0.0014 | Val - MRR: 0.3643, MR:  158.60, H@1: 0.273, H@3: 0.400, H@10: 0.548 | 
[2026-03-09 06:34:41,082][root][INFO] - Epoch: 206 | Loss: 0.0014 | Val - MRR: 0.3631, MR:  157.83, H@1: 0.271, H@3: 0.398, H@10: 0.549 | 
[2026-03-09 06:36:05,359][root][INFO] - Epoch: 207 | Loss: 0.0014 | Val - MRR: 0.3638, MR:  158.89, H@1: 0.272, H@3: 0.398, H@10: 0.548 | 
[2026-03-09 06:37:29,256][root][INFO] - Epoch: 208 | Loss: 0.0014 | Val - MRR: 0.3640, MR:  160.84, H@1: 0.272, H@3: 0.398, H@10: 0.550 | 
[2026-03-09 06:38:52,241][root][INFO] - Epoch: 209 | Loss: 0.0014 | Val - MRR: 0.3639, MR:  159.61, H@1: 0.271, H@3: 0.399, H@10: 0.547 | 
[2026-03-09 06:40:16,636][root][INFO] - Epoch: 210 | Loss: 0.0014 | Val - MRR: 0.3630, MR:  160.90, H@1: 0.270, H@3: 0.400, H@10: 0.548 | 
[2026-03-09 06:41:40,961][root][INFO] - Epoch: 211 | Loss: 0.0014 | Val - MRR: 0.3636, MR:  160.64, H@1: 0.271, H@3: 0.400, H@10: 0.548 | 
[2026-03-09 06:43:06,344][root][INFO] - Epoch: 212 | Loss: 0.0014 | Val - MRR: 0.3636, MR:  160.28, H@1: 0.271, H@3: 0.400, H@10: 0.548 | 
[2026-03-09 06:44:29,554][root][INFO] - Epoch: 213 | Loss: 0.0014 | Val - MRR: 0.3632, MR:  160.28, H@1: 0.270, H@3: 0.400, H@10: 0.549 | 
[2026-03-09 06:45:53,406][root][INFO] - Epoch: 214 | Loss: 0.0013 | Val - MRR: 0.3638, MR:  161.47, H@1: 0.272, H@3: 0.399, H@10: 0.549 | 
[2026-03-09 06:47:32,970][root][INFO] - Epoch: 215 | Loss: 0.0013 | Val - MRR: 0.3645, MR:  161.63, H@1: 0.272, H@3: 0.399, H@10: 0.549 | Test - MRR: 0.3586 | *
[2026-03-09 06:48:57,594][root][INFO] - Epoch: 216 | Loss: 0.0013 | Val - MRR: 0.3624, MR:  161.24, H@1: 0.270, H@3: 0.397, H@10: 0.548 | 
[2026-03-09 06:50:21,970][root][INFO] - Epoch: 217 | Loss: 0.0013 | Val - MRR: 0.3635, MR:  161.62, H@1: 0.272, H@3: 0.397, H@10: 0.548 | 
[2026-03-09 06:51:44,525][root][INFO] - Epoch: 218 | Loss: 0.0013 | Val - MRR: 0.3636, MR:  162.56, H@1: 0.272, H@3: 0.398, H@10: 0.549 | 
[2026-03-09 06:53:08,758][root][INFO] - Epoch: 219 | Loss: 0.0013 | Val - MRR: 0.3644, MR:  162.12, H@1: 0.272, H@3: 0.399, H@10: 0.549 | 
[2026-03-09 06:54:33,265][root][INFO] - Epoch: 220 | Loss: 0.0013 | Val - MRR: 0.3640, MR:  160.93, H@1: 0.272, H@3: 0.398, H@10: 0.548 | 
[2026-03-09 06:56:14,162][root][INFO] - Epoch: 221 | Loss: 0.0013 | Val - MRR: 0.3649, MR:  160.92, H@1: 0.273, H@3: 0.398, H@10: 0.550 | Test - MRR: 0.3597 | *
[2026-03-09 06:57:37,733][root][INFO] - Epoch: 222 | Loss: 0.0013 | Val - MRR: 0.3647, MR:  161.21, H@1: 0.273, H@3: 0.399, H@10: 0.551 | 
[2026-03-09 06:59:02,587][root][INFO] - Epoch: 223 | Loss: 0.0013 | Val - MRR: 0.3639, MR:  162.39, H@1: 0.272, H@3: 0.397, H@10: 0.550 | 
[2026-03-09 07:00:26,973][root][INFO] - Epoch: 224 | Loss: 0.0013 | Val - MRR: 0.3639, MR:  163.31, H@1: 0.272, H@3: 0.397, H@10: 0.549 | 
[2026-03-09 07:01:51,619][root][INFO] - Epoch: 225 | Loss: 0.0013 | Val - MRR: 0.3641, MR:  162.20, H@1: 0.272, H@3: 0.400, H@10: 0.548 | 
[2026-03-09 07:03:15,066][root][INFO] - Epoch: 226 | Loss: 0.0013 | Val - MRR: 0.3641, MR:  164.13, H@1: 0.272, H@3: 0.400, H@10: 0.548 | 
[2026-03-09 07:04:39,749][root][INFO] - Epoch: 227 | Loss: 0.0013 | Val - MRR: 0.3640, MR:  162.04, H@1: 0.272, H@3: 0.400, H@10: 0.547 | 
[2026-03-09 07:06:03,693][root][INFO] - Epoch: 228 | Loss: 0.0013 | Val - MRR: 0.3640, MR:  161.77, H@1: 0.272, H@3: 0.399, H@10: 0.549 | 
[2026-03-09 07:07:28,164][root][INFO] - Epoch: 229 | Loss: 0.0013 | Val - MRR: 0.3641, MR:  162.28, H@1: 0.272, H@3: 0.399, H@10: 0.548 | 
[2026-03-09 07:08:52,366][root][INFO] - Epoch: 230 | Loss: 0.0013 | Val - MRR: 0.3647, MR:  163.38, H@1: 0.273, H@3: 0.399, H@10: 0.548 | 
[2026-03-09 07:10:16,728][root][INFO] - Epoch: 231 | Loss: 0.0013 | Val - MRR: 0.3644, MR:  163.75, H@1: 0.273, H@3: 0.398, H@10: 0.549 | 
[2026-03-09 07:11:39,796][root][INFO] - Epoch: 232 | Loss: 0.0013 | Val - MRR: 0.3646, MR:  163.79, H@1: 0.272, H@3: 0.400, H@10: 0.551 | 
[2026-03-09 07:13:19,032][root][INFO] - Epoch: 233 | Loss: 0.0013 | Val - MRR: 0.3651, MR:  162.37, H@1: 0.273, H@3: 0.401, H@10: 0.550 | Test - MRR: 0.3595 | *
[2026-03-09 07:14:43,233][root][INFO] - Epoch: 234 | Loss: 0.0013 | Val - MRR: 0.3646, MR:  162.46, H@1: 0.272, H@3: 0.400, H@10: 0.548 | 
[2026-03-09 07:16:08,532][root][INFO] - Epoch: 235 | Loss: 0.0013 | Val - MRR: 0.3632, MR:  163.73, H@1: 0.271, H@3: 0.397, H@10: 0.550 | 
[2026-03-09 07:17:52,989][root][INFO] - Epoch: 236 | Loss: 0.0013 | Val - MRR: 0.3652, MR:  161.15, H@1: 0.272, H@3: 0.401, H@10: 0.551 | Test - MRR: 0.3592 | *
[2026-03-09 07:19:18,834][root][INFO] - Epoch: 237 | Loss: 0.0013 | Val - MRR: 0.3641, MR:  161.74, H@1: 0.272, H@3: 0.399, H@10: 0.550 | 
[2026-03-09 07:20:44,172][root][INFO] - Epoch: 238 | Loss: 0.0013 | Val - MRR: 0.3648, MR:  161.82, H@1: 0.272, H@3: 0.400, H@10: 0.552 | 
[2026-03-09 07:22:08,945][root][INFO] - Epoch: 239 | Loss: 0.0013 | Val - MRR: 0.3647, MR:  163.48, H@1: 0.272, H@3: 0.400, H@10: 0.550 | 
[2026-03-09 07:23:34,498][root][INFO] - Epoch: 240 | Loss: 0.0013 | Val - MRR: 0.3643, MR:  162.38, H@1: 0.272, H@3: 0.399, H@10: 0.551 | 
[2026-03-09 07:24:58,754][root][INFO] - Epoch: 241 | Loss: 0.0013 | Val - MRR: 0.3641, MR:  160.19, H@1: 0.271, H@3: 0.399, H@10: 0.550 | 
[2026-03-09 07:26:39,363][root][INFO] - Epoch: 242 | Loss: 0.0013 | Val - MRR: 0.3652, MR:  160.25, H@1: 0.273, H@3: 0.399, H@10: 0.550 | Test - MRR: 0.3605 | *
[2026-03-09 07:28:04,201][root][INFO] - Epoch: 243 | Loss: 0.0013 | Val - MRR: 0.3644, MR:  161.69, H@1: 0.272, H@3: 0.398, H@10: 0.551 | 
[2026-03-09 07:29:29,071][root][INFO] - Epoch: 244 | Loss: 0.0013 | Val - MRR: 0.3644, MR:  160.87, H@1: 0.272, H@3: 0.400, H@10: 0.551 | 
[2026-03-09 07:31:10,751][root][INFO] - Epoch: 245 | Loss: 0.0013 | Val - MRR: 0.3653, MR:  163.13, H@1: 0.274, H@3: 0.399, H@10: 0.551 | Test - MRR: 0.3601 | *
[2026-03-09 07:32:34,904][root][INFO] - Epoch: 246 | Loss: 0.0013 | Val - MRR: 0.3652, MR:  164.26, H@1: 0.273, H@3: 0.400, H@10: 0.552 | 
[2026-03-09 07:33:59,681][root][INFO] - Epoch: 247 | Loss: 0.0013 | Val - MRR: 0.3648, MR:  163.20, H@1: 0.272, H@3: 0.399, H@10: 0.551 | 
[2026-03-09 07:35:24,364][root][INFO] - Epoch: 248 | Loss: 0.0013 | Val - MRR: 0.3645, MR:  163.34, H@1: 0.271, H@3: 0.400, H@10: 0.550 | 
[2026-03-09 07:36:48,781][root][INFO] - Epoch: 249 | Loss: 0.0013 | Val - MRR: 0.3642, MR:  163.97, H@1: 0.271, H@3: 0.400, H@10: 0.552 | 
[2026-03-09 07:38:13,257][root][INFO] - Epoch: 250 | Loss: 0.0013 | Val - MRR: 0.3641, MR:  165.11, H@1: 0.272, H@3: 0.399, H@10: 0.550 | 
[2026-03-09 07:39:37,023][root][INFO] - Epoch: 251 | Loss: 0.0013 | Val - MRR: 0.3651, MR:  165.17, H@1: 0.273, H@3: 0.399, H@10: 0.550 | 
[2026-03-09 07:41:01,772][root][INFO] - Epoch: 252 | Loss: 0.0013 | Val - MRR: 0.3646, MR:  163.61, H@1: 0.272, H@3: 0.399, H@10: 0.552 | 
[2026-03-09 07:42:26,013][root][INFO] - Epoch: 253 | Loss: 0.0013 | Val - MRR: 0.3634, MR:  165.64, H@1: 0.270, H@3: 0.398, H@10: 0.549 | 
[2026-03-09 07:44:07,013][root][INFO] - Epoch: 254 | Loss: 0.0013 | Val - MRR: 0.3655, MR:  164.54, H@1: 0.273, H@3: 0.401, H@10: 0.553 | Test - MRR: 0.3600 | *
[2026-03-09 07:45:48,200][root][INFO] - Epoch: 255 | Loss: 0.0013 | Val - MRR: 0.3668, MR:  164.88, H@1: 0.275, H@3: 0.402, H@10: 0.551 | Test - MRR: 0.3602 | *
[2026-03-09 07:47:12,569][root][INFO] - Epoch: 256 | Loss: 0.0013 | Val - MRR: 0.3660, MR:  165.44, H@1: 0.274, H@3: 0.400, H@10: 0.551 | 
[2026-03-09 07:48:40,584][root][INFO] - Epoch: 257 | Loss: 0.0013 | Val - MRR: 0.3664, MR:  163.51, H@1: 0.275, H@3: 0.400, H@10: 0.551 | 
[2026-03-09 07:50:05,914][root][INFO] - Epoch: 258 | Loss: 0.0013 | Val - MRR: 0.3662, MR:  165.03, H@1: 0.274, H@3: 0.400, H@10: 0.553 | 
[2026-03-09 07:51:31,516][root][INFO] - Epoch: 259 | Loss: 0.0013 | Val - MRR: 0.3650, MR:  165.06, H@1: 0.273, H@3: 0.399, H@10: 0.552 | 
[2026-03-09 07:52:56,912][root][INFO] - Epoch: 260 | Loss: 0.0013 | Val - MRR: 0.3662, MR:  164.33, H@1: 0.274, H@3: 0.401, H@10: 0.552 | 
[2026-03-09 07:54:20,950][root][INFO] - Epoch: 261 | Loss: 0.0013 | Val - MRR: 0.3654, MR:  164.28, H@1: 0.272, H@3: 0.400, H@10: 0.553 | 
[2026-03-09 07:55:44,497][root][INFO] - Epoch: 262 | Loss: 0.0013 | Val - MRR: 0.3655, MR:  166.34, H@1: 0.272, H@3: 0.401, H@10: 0.553 | 
[2026-03-09 07:57:07,285][root][INFO] - Epoch: 263 | Loss: 0.0013 | Val - MRR: 0.3659, MR:  163.76, H@1: 0.274, H@3: 0.400, H@10: 0.551 | 
[2026-03-09 07:58:31,931][root][INFO] - Epoch: 264 | Loss: 0.0013 | Val - MRR: 0.3645, MR:  165.24, H@1: 0.272, H@3: 0.399, H@10: 0.551 | 
[2026-03-09 07:59:54,428][root][INFO] - Epoch: 265 | Loss: 0.0013 | Val - MRR: 0.3660, MR:  164.53, H@1: 0.274, H@3: 0.400, H@10: 0.552 | 
[2026-03-09 08:01:19,507][root][INFO] - Epoch: 266 | Loss: 0.0013 | Val - MRR: 0.3664, MR:  164.58, H@1: 0.274, H@3: 0.401, H@10: 0.552 | 
[2026-03-09 08:02:43,137][root][INFO] - Epoch: 267 | Loss: 0.0013 | Val - MRR: 0.3651, MR:  165.14, H@1: 0.272, H@3: 0.398, H@10: 0.553 | 
[2026-03-09 08:04:06,361][root][INFO] - Epoch: 268 | Loss: 0.0013 | Val - MRR: 0.3658, MR:  164.14, H@1: 0.274, H@3: 0.399, H@10: 0.553 | 
[2026-03-09 08:05:30,603][root][INFO] - Epoch: 269 | Loss: 0.0013 | Val - MRR: 0.3649, MR:  166.76, H@1: 0.273, H@3: 0.399, H@10: 0.552 | 
[2026-03-09 08:06:55,232][root][INFO] - Epoch: 270 | Loss: 0.0013 | Val - MRR: 0.3655, MR:  164.36, H@1: 0.273, H@3: 0.399, H@10: 0.552 | 
[2026-03-09 08:08:18,353][root][INFO] - Epoch: 271 | Loss: 0.0013 | Val - MRR: 0.3649, MR:  166.07, H@1: 0.272, H@3: 0.398, H@10: 0.551 | 
[2026-03-09 08:09:42,099][root][INFO] - Epoch: 272 | Loss: 0.0013 | Val - MRR: 0.3658, MR:  165.78, H@1: 0.274, H@3: 0.399, H@10: 0.553 | 
[2026-03-09 08:11:07,191][root][INFO] - Epoch: 273 | Loss: 0.0013 | Val - MRR: 0.3654, MR:  165.84, H@1: 0.272, H@3: 0.400, H@10: 0.553 | 
[2026-03-09 08:12:31,119][root][INFO] - Epoch: 274 | Loss: 0.0013 | Val - MRR: 0.3646, MR:  164.76, H@1: 0.272, H@3: 0.399, H@10: 0.554 | 
[2026-03-09 08:13:54,726][root][INFO] - Epoch: 275 | Loss: 0.0013 | Val - MRR: 0.3657, MR:  168.01, H@1: 0.273, H@3: 0.400, H@10: 0.553 | 
[2026-03-09 08:15:19,215][root][INFO] - Epoch: 276 | Loss: 0.0013 | Val - MRR: 0.3656, MR:  168.31, H@1: 0.273, H@3: 0.399, H@10: 0.553 | 
[2026-03-09 08:16:42,522][root][INFO] - Epoch: 277 | Loss: 0.0013 | Val - MRR: 0.3660, MR:  166.69, H@1: 0.273, H@3: 0.400, H@10: 0.553 | 
[2026-03-09 08:18:05,722][root][INFO] - Epoch: 278 | Loss: 0.0013 | Val - MRR: 0.3641, MR:  169.04, H@1: 0.270, H@3: 0.400, H@10: 0.553 | 
[2026-03-09 08:19:30,354][root][INFO] - Epoch: 279 | Loss: 0.0013 | Val - MRR: 0.3645, MR:  168.61, H@1: 0.271, H@3: 0.400, H@10: 0.553 | 
[2026-03-09 08:20:54,145][root][INFO] - Epoch: 280 | Loss: 0.0013 | Val - MRR: 0.3656, MR:  167.98, H@1: 0.273, H@3: 0.399, H@10: 0.553 | 
[2026-03-09 08:22:17,400][root][INFO] - Epoch: 281 | Loss: 0.0013 | Val - MRR: 0.3663, MR:  167.42, H@1: 0.273, H@3: 0.401, H@10: 0.553 | 
[2026-03-09 08:23:42,052][root][INFO] - Epoch: 282 | Loss: 0.0013 | Val - MRR: 0.3654, MR:  167.64, H@1: 0.272, H@3: 0.400, H@10: 0.554 | 
[2026-03-09 08:25:05,890][root][INFO] - Epoch: 283 | Loss: 0.0013 | Val - MRR: 0.3665, MR:  167.90, H@1: 0.274, H@3: 0.400, H@10: 0.553 | 
[2026-03-09 08:26:45,927][root][INFO] - Epoch: 284 | Loss: 0.0013 | Val - MRR: 0.3669, MR:  166.49, H@1: 0.274, H@3: 0.401, H@10: 0.554 | Test - MRR: 0.3611 | *
[2026-03-09 08:28:10,803][root][INFO] - Epoch: 285 | Loss: 0.0013 | Val - MRR: 0.3661, MR:  167.58, H@1: 0.273, H@3: 0.400, H@10: 0.552 | 
[2026-03-09 08:29:34,412][root][INFO] - Epoch: 286 | Loss: 0.0013 | Val - MRR: 0.3657, MR:  168.81, H@1: 0.273, H@3: 0.400, H@10: 0.552 | 
[2026-03-09 08:31:00,540][root][INFO] - Epoch: 287 | Loss: 0.0013 | Val - MRR: 0.3658, MR:  168.63, H@1: 0.273, H@3: 0.401, H@10: 0.552 | 
[2026-03-09 08:32:24,576][root][INFO] - Epoch: 288 | Loss: 0.0013 | Val - MRR: 0.3661, MR:  167.27, H@1: 0.274, H@3: 0.400, H@10: 0.554 | 
[2026-03-09 08:33:48,983][root][INFO] - Epoch: 289 | Loss: 0.0013 | Val - MRR: 0.3666, MR:  167.17, H@1: 0.274, H@3: 0.400, H@10: 0.554 | 
[2026-03-09 08:35:12,809][root][INFO] - Epoch: 290 | Loss: 0.0013 | Val - MRR: 0.3652, MR:  171.07, H@1: 0.272, H@3: 0.400, H@10: 0.553 | 
[2026-03-09 08:36:37,891][root][INFO] - Epoch: 291 | Loss: 0.0013 | Val - MRR: 0.3650, MR:  170.16, H@1: 0.272, H@3: 0.399, H@10: 0.552 | 
[2026-03-09 08:38:01,866][root][INFO] - Epoch: 292 | Loss: 0.0013 | Val - MRR: 0.3657, MR:  169.56, H@1: 0.273, H@3: 0.400, H@10: 0.552 | 
[2026-03-09 08:39:26,073][root][INFO] - Epoch: 293 | Loss: 0.0013 | Val - MRR: 0.3662, MR:  169.18, H@1: 0.274, H@3: 0.401, H@10: 0.554 | 
[2026-03-09 08:40:49,918][root][INFO] - Epoch: 294 | Loss: 0.0013 | Val - MRR: 0.3656, MR:  169.31, H@1: 0.274, H@3: 0.400, H@10: 0.552 | 
[2026-03-09 08:42:13,634][root][INFO] - Epoch: 295 | Loss: 0.0013 | Val - MRR: 0.3664, MR:  168.72, H@1: 0.274, H@3: 0.402, H@10: 0.554 | 
[2026-03-09 08:43:37,968][root][INFO] - Epoch: 296 | Loss: 0.0013 | Val - MRR: 0.3662, MR:  169.85, H@1: 0.274, H@3: 0.401, H@10: 0.552 | 
[2026-03-09 08:45:18,389][root][INFO] - Epoch: 297 | Loss: 0.0013 | Val - MRR: 0.3669, MR:  167.38, H@1: 0.275, H@3: 0.401, H@10: 0.553 | Test - MRR: 0.3619 | *
[2026-03-09 08:46:42,515][root][INFO] - Epoch: 298 | Loss: 0.0013 | Val - MRR: 0.3666, MR:  169.39, H@1: 0.274, H@3: 0.402, H@10: 0.554 | 
[2026-03-09 08:48:06,918][root][INFO] - Epoch: 299 | Loss: 0.0013 | Val - MRR: 0.3660, MR:  170.81, H@1: 0.273, H@3: 0.401, H@10: 0.553 | 
[2026-03-09 08:49:31,188][root][INFO] - Epoch: 300 | Loss: 0.0013 | Val - MRR: 0.3668, MR:  169.46, H@1: 0.275, H@3: 0.400, H@10: 0.553 | 
[2026-03-09 08:51:12,409][root][INFO] - Epoch: 301 | Loss: 0.0013 | Val - MRR: 0.3676, MR:  169.54, H@1: 0.276, H@3: 0.401, H@10: 0.554 | Test - MRR: 0.3614 | *
[2026-03-09 08:52:36,941][root][INFO] - Epoch: 302 | Loss: 0.0013 | Val - MRR: 0.3665, MR:  169.56, H@1: 0.275, H@3: 0.400, H@10: 0.552 | 
[2026-03-09 08:54:00,753][root][INFO] - Epoch: 303 | Loss: 0.0013 | Val - MRR: 0.3667, MR:  170.15, H@1: 0.275, H@3: 0.400, H@10: 0.554 | 
[2026-03-09 08:55:27,188][root][INFO] - Epoch: 304 | Loss: 0.0013 | Val - MRR: 0.3667, MR:  171.10, H@1: 0.275, H@3: 0.400, H@10: 0.554 | 
[2026-03-09 08:56:52,621][root][INFO] - Epoch: 305 | Loss: 0.0013 | Val - MRR: 0.3663, MR:  170.57, H@1: 0.274, H@3: 0.401, H@10: 0.554 | 
[2026-03-09 08:58:15,116][root][INFO] - Epoch: 306 | Loss: 0.0013 | Val - MRR: 0.3670, MR:  171.17, H@1: 0.275, H@3: 0.402, H@10: 0.554 | 
[2026-03-09 08:59:39,627][root][INFO] - Epoch: 307 | Loss: 0.0013 | Val - MRR: 0.3674, MR:  171.08, H@1: 0.275, H@3: 0.402, H@10: 0.554 | 
[2026-03-09 09:01:03,266][root][INFO] - Epoch: 308 | Loss: 0.0013 | Val - MRR: 0.3660, MR:  171.78, H@1: 0.274, H@3: 0.401, H@10: 0.553 | 
[2026-03-09 09:02:28,495][root][INFO] - Epoch: 309 | Loss: 0.0013 | Val - MRR: 0.3657, MR:  173.98, H@1: 0.273, H@3: 0.400, H@10: 0.553 | 
[2026-03-09 09:03:51,217][root][INFO] - Epoch: 310 | Loss: 0.0013 | Val - MRR: 0.3657, MR:  171.82, H@1: 0.273, H@3: 0.400, H@10: 0.552 | 
[2026-03-09 09:05:16,582][root][INFO] - Epoch: 311 | Loss: 0.0013 | Val - MRR: 0.3660, MR:  174.25, H@1: 0.274, H@3: 0.400, H@10: 0.552 | 
[2026-03-09 09:06:40,009][root][INFO] - Epoch: 312 | Loss: 0.0013 | Val - MRR: 0.3654, MR:  174.32, H@1: 0.273, H@3: 0.400, H@10: 0.552 | 
[2026-03-09 09:08:03,267][root][INFO] - Epoch: 313 | Loss: 0.0013 | Val - MRR: 0.3653, MR:  174.36, H@1: 0.273, H@3: 0.400, H@10: 0.552 | 
[2026-03-09 09:09:27,475][root][INFO] - Epoch: 314 | Loss: 0.0013 | Val - MRR: 0.3657, MR:  173.69, H@1: 0.273, H@3: 0.400, H@10: 0.553 | 
[2026-03-09 09:10:51,145][root][INFO] - Epoch: 315 | Loss: 0.0013 | Val - MRR: 0.3650, MR:  172.51, H@1: 0.272, H@3: 0.400, H@10: 0.554 | 
[2026-03-09 09:12:15,529][root][INFO] - Epoch: 316 | Loss: 0.0013 | Val - MRR: 0.3652, MR:  172.31, H@1: 0.272, H@3: 0.399, H@10: 0.554 | 
[2026-03-09 09:13:39,238][root][INFO] - Epoch: 317 | Loss: 0.0013 | Val - MRR: 0.3648, MR:  173.03, H@1: 0.272, H@3: 0.399, H@10: 0.554 | 
[2026-03-09 09:15:03,992][root][INFO] - Epoch: 318 | Loss: 0.0013 | Val - MRR: 0.3653, MR:  171.98, H@1: 0.273, H@3: 0.400, H@10: 0.553 | 
[2026-03-09 09:16:27,231][root][INFO] - Epoch: 319 | Loss: 0.0013 | Val - MRR: 0.3654, MR:  174.03, H@1: 0.272, H@3: 0.400, H@10: 0.554 | 
[2026-03-09 09:17:52,422][root][INFO] - Epoch: 320 | Loss: 0.0013 | Val - MRR: 0.3651, MR:  175.32, H@1: 0.272, H@3: 0.399, H@10: 0.553 | 
[2026-03-09 09:19:16,204][root][INFO] - Epoch: 321 | Loss: 0.0013 | Val - MRR: 0.3655, MR:  173.30, H@1: 0.273, H@3: 0.400, H@10: 0.554 | 
[2026-03-09 09:20:40,900][root][INFO] - Epoch: 322 | Loss: 0.0013 | Val - MRR: 0.3654, MR:  173.12, H@1: 0.272, H@3: 0.400, H@10: 0.554 | 
[2026-03-09 09:22:03,810][root][INFO] - Epoch: 323 | Loss: 0.0013 | Val - MRR: 0.3654, MR:  173.66, H@1: 0.272, H@3: 0.400, H@10: 0.555 | 
[2026-03-09 09:23:29,049][root][INFO] - Epoch: 324 | Loss: 0.0013 | Val - MRR: 0.3659, MR:  172.40, H@1: 0.273, H@3: 0.400, H@10: 0.555 | 
[2026-03-09 09:24:53,111][root][INFO] - Epoch: 325 | Loss: 0.0013 | Val - MRR: 0.3661, MR:  173.16, H@1: 0.274, H@3: 0.400, H@10: 0.554 | 
[2026-03-09 09:26:17,768][root][INFO] - Epoch: 326 | Loss: 0.0013 | Val - MRR: 0.3658, MR:  172.92, H@1: 0.273, H@3: 0.401, H@10: 0.555 | 
[2026-03-09 09:27:41,869][root][INFO] - Epoch: 327 | Loss: 0.0013 | Val - MRR: 0.3660, MR:  171.76, H@1: 0.273, H@3: 0.401, H@10: 0.556 | 
[2026-03-09 09:29:04,991][root][INFO] - Epoch: 328 | Loss: 0.0013 | Val - MRR: 0.3670, MR:  173.73, H@1: 0.275, H@3: 0.402, H@10: 0.555 | 
[2026-03-09 09:30:29,047][root][INFO] - Epoch: 329 | Loss: 0.0013 | Val - MRR: 0.3664, MR:  173.30, H@1: 0.274, H@3: 0.401, H@10: 0.554 | 
[2026-03-09 09:31:51,857][root][INFO] - Epoch: 330 | Loss: 0.0013 | Val - MRR: 0.3657, MR:  176.19, H@1: 0.273, H@3: 0.400, H@10: 0.554 | 
[2026-03-09 09:33:16,593][root][INFO] - Epoch: 331 | Loss: 0.0013 | Val - MRR: 0.3655, MR:  176.12, H@1: 0.273, H@3: 0.400, H@10: 0.554 | 
[2026-03-09 09:34:44,915][root][INFO] - Epoch: 332 | Loss: 0.0013 | Val - MRR: 0.3662, MR:  172.68, H@1: 0.273, H@3: 0.402, H@10: 0.555 | 
[2026-03-09 09:36:09,110][root][INFO] - Epoch: 333 | Loss: 0.0013 | Val - MRR: 0.3660, MR:  174.23, H@1: 0.273, H@3: 0.402, H@10: 0.555 | 
[2026-03-09 09:38:11,209][root][INFO] - Epoch: 334 | Loss: 0.0013 | Val - MRR: 0.3658, MR:  175.51, H@1: 0.273, H@3: 0.401, H@10: 0.555 | 
[2026-03-09 09:41:10,778][root][INFO] - Epoch: 335 | Loss: 0.0013 | Val - MRR: 0.3658, MR:  173.11, H@1: 0.273, H@3: 0.400, H@10: 0.554 | 
[2026-03-09 09:43:51,353][root][INFO] - Epoch: 336 | Loss: 0.0013 | Val - MRR: 0.3654, MR:  174.65, H@1: 0.272, H@3: 0.400, H@10: 0.554 | 
[2026-03-09 09:46:30,933][root][INFO] - Epoch: 337 | Loss: 0.0013 | Val - MRR: 0.3660, MR:  175.04, H@1: 0.273, H@3: 0.401, H@10: 0.554 | 
[2026-03-09 09:49:09,212][root][INFO] - Epoch: 338 | Loss: 0.0013 | Val - MRR: 0.3662, MR:  176.26, H@1: 0.273, H@3: 0.401, H@10: 0.554 | 
[2026-03-09 09:51:45,906][root][INFO] - Epoch: 339 | Loss: 0.0013 | Val - MRR: 0.3657, MR:  175.63, H@1: 0.272, H@3: 0.401, H@10: 0.553 | 
[2026-03-09 09:54:23,669][root][INFO] - Epoch: 340 | Loss: 0.0013 | Val - MRR: 0.3663, MR:  175.81, H@1: 0.273, H@3: 0.401, H@10: 0.553 | 
[2026-03-09 09:57:01,277][root][INFO] - Epoch: 341 | Loss: 0.0013 | Val - MRR: 0.3650, MR:  176.85, H@1: 0.272, H@3: 0.401, H@10: 0.552 | 
[2026-03-09 09:59:40,358][root][INFO] - Epoch: 342 | Loss: 0.0013 | Val - MRR: 0.3645, MR:  177.27, H@1: 0.271, H@3: 0.400, H@10: 0.552 | 
[2026-03-09 10:02:19,129][root][INFO] - Epoch: 343 | Loss: 0.0013 | Val - MRR: 0.3659, MR:  177.48, H@1: 0.273, H@3: 0.401, H@10: 0.552 | 
[2026-03-09 10:04:58,067][root][INFO] - Epoch: 344 | Loss: 0.0013 | Val - MRR: 0.3651, MR:  175.79, H@1: 0.271, H@3: 0.402, H@10: 0.553 | 
[2026-03-09 10:07:35,452][root][INFO] - Epoch: 345 | Loss: 0.0013 | Val - MRR: 0.3660, MR:  177.31, H@1: 0.273, H@3: 0.401, H@10: 0.554 | 
[2026-03-09 10:10:13,052][root][INFO] - Epoch: 346 | Loss: 0.0013 | Val - MRR: 0.3657, MR:  176.12, H@1: 0.272, H@3: 0.401, H@10: 0.554 | 
[2026-03-09 10:12:51,498][root][INFO] - Epoch: 347 | Loss: 0.0013 | Val - MRR: 0.3664, MR:  177.05, H@1: 0.273, H@3: 0.402, H@10: 0.554 | 
[2026-03-09 10:12:51,498][root][INFO] - Long time no improvenment, stop training...
[2026-03-09 10:12:51,499][root][INFO] - Training end...
[2026-03-09 10:12:51,499][root][INFO] - Train metrics ...
[2026-03-09 10:14:00,765][root][INFO] - Train (head) - MRR: 0.7340, MR:    5.63, H@1: 0.635, H@3: 0.805, H@10: 0.912
[2026-03-09 10:14:00,766][root][INFO] - Train (tail) - MRR: 0.8068, MR:    3.06, H@1: 0.722, H@3: 0.870, H@10: 0.954
[2026-03-09 10:14:00,766][root][INFO] - Train (avg) - MRR: 0.7704, MR:    4.34, H@1: 0.678, H@3: 0.838, H@10: 0.933

[2026-03-09 10:14:00,766][root][INFO] - Valid metrics ...
[2026-03-09 10:14:19,290][root][INFO] - Valid (head) - MRR: 0.2700, MR:  226.66, H@1: 0.180, H@3: 0.299, H@10: 0.454
[2026-03-09 10:14:19,290][root][INFO] - Valid (tail) - MRR: 0.4629, MR:  127.44, H@1: 0.367, H@3: 0.506, H@10: 0.654
[2026-03-09 10:14:19,290][root][INFO] - Valid (avg) - MRR: 0.3664, MR:  177.05, H@1: 0.273, H@3: 0.402, H@10: 0.554

[2026-03-09 10:14:19,290][root][INFO] - Test metrics...
[2026-03-09 10:14:37,021][root][INFO] - Test (head) - MRR: 0.2655, MR:  233.56, H@1: 0.175, H@3: 0.291, H@10: 0.453
[2026-03-09 10:14:37,022][root][INFO] - Test (tail) - MRR: 0.4555, MR:  140.56, H@1: 0.358, H@3: 0.499, H@10: 0.650
[2026-03-09 10:14:37,022][root][INFO] - Test (avg) - MRR: 0.3605, MR:  187.06, H@1: 0.267, H@3: 0.395, H@10: 0.551

[2026-03-09 10:14:37,022][root][INFO] - Model save path: /home/wangwei/DSGNet-main/DSGNet/data/output/FB15k_237/2026-03-09/00-47-31
