[2026-03-05 23:36:24,107][root][INFO] - 
------Config------
 {'dataset': 'FB15k_237', 'epoch': 600, 'batch_size': 1024, 'learning_rate': 0.00035, 'h_dim': 480, 'pred_rel_w': False, 'label_smooth': 0.1, 'n_heads': 8, 'topk': 15, 'kg_layer': 2, 'rm_rate': 0.5, 'ent_drop': 0.3, 'rel_drop': 0.1, 'comp_op': 'mul', 'bn': False, 'k_h': 16, 'k_w': 30, 'conv_drop': 0.3, 'ent_drop_pred': 0.3, 'fc_drop': 0.5, 'ker_sz': 8, 'out_channel': 200, 'device': 0, 'max_no_improve': 45, 'cpu_worker_num': 10, 'warmup_epoch': 5}
[2026-03-05 23:36:24,107][root][INFO] - Code dir path: /home/wangwei/DSGNet-main/DSGNet/code_new
[2026-03-05 23:36:24,107][root][INFO] - Config dir path: /home/wangwei/DSGNet-main/DSGNet/config
[2026-03-05 23:36:24,107][root][INFO] - Model save path: /home/wangwei/DSGNet-main/DSGNet/data/output/FB15k_237/2026-03-05/23-36-24
[2026-03-05 23:36:28,009][root][INFO] - kg # node: 14541
[2026-03-05 23:36:28,009][root][INFO] - kg # edge: 544230
[2026-03-05 23:36:28,010][root][INFO] - kg # zero deg node: 36
[2026-03-05 23:36:28,010][root][INFO] - ---Load Train Data---
[2026-03-05 23:36:30,434][root][INFO] - -----Model Parameter Configuration-----
[2026-03-05 23:36:30,434][root][INFO] - Parameter ent_emb: torch.Size([14541, 480]), require_grad = True
[2026-03-05 23:36:30,435][root][INFO] - Parameter pred_rel_emb: torch.Size([474, 480]), require_grad = True
[2026-03-05 23:36:30,435][root][INFO] - Parameter W_fuse: torch.Size([480, 480]), require_grad = True
[2026-03-05 23:36:30,435][root][INFO] - Parameter a_fuse: torch.Size([960, 1]), require_grad = True
[2026-03-05 23:36:30,435][root][INFO] - Parameter rel_embs.0: torch.Size([474, 480]), require_grad = True
[2026-03-05 23:36:30,435][root][INFO] - Parameter rel_embs.1: torch.Size([474, 480]), require_grad = True
[2026-03-05 23:36:30,435][root][INFO] - Parameter predictor.bn0.weight: torch.Size([1]), require_grad = True
[2026-03-05 23:36:30,435][root][INFO] - Parameter predictor.bn0.bias: torch.Size([1]), require_grad = True
[2026-03-05 23:36:30,435][root][INFO] - Parameter predictor.bn1.weight: torch.Size([200]), require_grad = True
[2026-03-05 23:36:30,435][root][INFO] - Parameter predictor.bn1.bias: torch.Size([200]), require_grad = True
[2026-03-05 23:36:30,435][root][INFO] - Parameter predictor.bn2.weight: torch.Size([480]), require_grad = True
[2026-03-05 23:36:30,435][root][INFO] - Parameter predictor.bn2.bias: torch.Size([480]), require_grad = True
[2026-03-05 23:36:30,435][root][INFO] - Parameter predictor.conv.weight: torch.Size([200, 1, 8, 8]), require_grad = True
[2026-03-05 23:36:30,435][root][INFO] - Parameter predictor.fc.weight: torch.Size([480, 115000]), require_grad = True
[2026-03-05 23:36:30,435][root][INFO] - Parameter L.weight: torch.Size([480, 480]), require_grad = True
[2026-03-05 23:36:30,435][root][INFO] - Parameter L.bias: torch.Size([480]), require_grad = True
[2026-03-05 23:36:30,435][root][INFO] - Parameter S.weight: torch.Size([480, 480]), require_grad = True
[2026-03-05 23:36:30,435][root][INFO] - Parameter S.bias: torch.Size([480]), require_grad = True
[2026-03-05 23:36:30,435][root][INFO] - Parameter comp_layers.0.neigh_w: torch.Size([480, 480]), require_grad = True
[2026-03-05 23:36:30,435][root][INFO] - Parameter comp_layers.0.W.0: torch.Size([480, 60]), require_grad = True
[2026-03-05 23:36:30,435][root][INFO] - Parameter comp_layers.0.W.1: torch.Size([480, 60]), require_grad = True
[2026-03-05 23:36:30,435][root][INFO] - Parameter comp_layers.0.W.2: torch.Size([480, 60]), require_grad = True
[2026-03-05 23:36:30,435][root][INFO] - Parameter comp_layers.0.W.3: torch.Size([480, 60]), require_grad = True
[2026-03-05 23:36:30,436][root][INFO] - Parameter comp_layers.0.W.4: torch.Size([480, 60]), require_grad = True
[2026-03-05 23:36:30,436][root][INFO] - Parameter comp_layers.0.W.5: torch.Size([480, 60]), require_grad = True
[2026-03-05 23:36:30,436][root][INFO] - Parameter comp_layers.0.W.6: torch.Size([480, 60]), require_grad = True
[2026-03-05 23:36:30,436][root][INFO] - Parameter comp_layers.0.W.7: torch.Size([480, 60]), require_grad = True
[2026-03-05 23:36:30,436][root][INFO] - Parameter comp_layers.0.W_r.0: torch.Size([480, 60]), require_grad = True
[2026-03-05 23:36:30,436][root][INFO] - Parameter comp_layers.0.W_r.1: torch.Size([480, 60]), require_grad = True
[2026-03-05 23:36:30,436][root][INFO] - Parameter comp_layers.0.W_r.2: torch.Size([480, 60]), require_grad = True
[2026-03-05 23:36:30,436][root][INFO] - Parameter comp_layers.0.W_r.3: torch.Size([480, 60]), require_grad = True
[2026-03-05 23:36:30,436][root][INFO] - Parameter comp_layers.0.W_r.4: torch.Size([480, 60]), require_grad = True
[2026-03-05 23:36:30,436][root][INFO] - Parameter comp_layers.0.W_r.5: torch.Size([480, 60]), require_grad = True
[2026-03-05 23:36:30,436][root][INFO] - Parameter comp_layers.0.W_r.6: torch.Size([480, 60]), require_grad = True
[2026-03-05 23:36:30,436][root][INFO] - Parameter comp_layers.0.W_r.7: torch.Size([480, 60]), require_grad = True
[2026-03-05 23:36:30,436][root][INFO] - Parameter comp_layers.0.a.0: torch.Size([180, 1]), require_grad = True
[2026-03-05 23:36:30,436][root][INFO] - Parameter comp_layers.0.a.1: torch.Size([180, 1]), require_grad = True
[2026-03-05 23:36:30,436][root][INFO] - Parameter comp_layers.0.a.2: torch.Size([180, 1]), require_grad = True
[2026-03-05 23:36:30,436][root][INFO] - Parameter comp_layers.0.a.3: torch.Size([180, 1]), require_grad = True
[2026-03-05 23:36:30,436][root][INFO] - Parameter comp_layers.0.a.4: torch.Size([180, 1]), require_grad = True
[2026-03-05 23:36:30,436][root][INFO] - Parameter comp_layers.0.a.5: torch.Size([180, 1]), require_grad = True
[2026-03-05 23:36:30,436][root][INFO] - Parameter comp_layers.0.a.6: torch.Size([180, 1]), require_grad = True
[2026-03-05 23:36:30,436][root][INFO] - Parameter comp_layers.0.a.7: torch.Size([180, 1]), require_grad = True
[2026-03-05 23:36:30,436][root][INFO] - Parameter comp_layers.1.neigh_w: torch.Size([480, 480]), require_grad = True
[2026-03-05 23:36:30,436][root][INFO] - Parameter comp_layers.1.W.0: torch.Size([480, 60]), require_grad = True
[2026-03-05 23:36:30,436][root][INFO] - Parameter comp_layers.1.W.1: torch.Size([480, 60]), require_grad = True
[2026-03-05 23:36:30,436][root][INFO] - Parameter comp_layers.1.W.2: torch.Size([480, 60]), require_grad = True
[2026-03-05 23:36:30,436][root][INFO] - Parameter comp_layers.1.W.3: torch.Size([480, 60]), require_grad = True
[2026-03-05 23:36:30,436][root][INFO] - Parameter comp_layers.1.W.4: torch.Size([480, 60]), require_grad = True
[2026-03-05 23:36:30,437][root][INFO] - Parameter comp_layers.1.W.5: torch.Size([480, 60]), require_grad = True
[2026-03-05 23:36:30,437][root][INFO] - Parameter comp_layers.1.W.6: torch.Size([480, 60]), require_grad = True
[2026-03-05 23:36:30,437][root][INFO] - Parameter comp_layers.1.W.7: torch.Size([480, 60]), require_grad = True
[2026-03-05 23:36:30,437][root][INFO] - Parameter comp_layers.1.W_r.0: torch.Size([480, 60]), require_grad = True
[2026-03-05 23:36:30,437][root][INFO] - Parameter comp_layers.1.W_r.1: torch.Size([480, 60]), require_grad = True
[2026-03-05 23:36:30,437][root][INFO] - Parameter comp_layers.1.W_r.2: torch.Size([480, 60]), require_grad = True
[2026-03-05 23:36:30,437][root][INFO] - Parameter comp_layers.1.W_r.3: torch.Size([480, 60]), require_grad = True
[2026-03-05 23:36:30,437][root][INFO] - Parameter comp_layers.1.W_r.4: torch.Size([480, 60]), require_grad = True
[2026-03-05 23:36:30,437][root][INFO] - Parameter comp_layers.1.W_r.5: torch.Size([480, 60]), require_grad = True
[2026-03-05 23:36:30,437][root][INFO] - Parameter comp_layers.1.W_r.6: torch.Size([480, 60]), require_grad = True
[2026-03-05 23:36:30,437][root][INFO] - Parameter comp_layers.1.W_r.7: torch.Size([480, 60]), require_grad = True
[2026-03-05 23:36:30,437][root][INFO] - Parameter comp_layers.1.a.0: torch.Size([180, 1]), require_grad = True
[2026-03-05 23:36:30,437][root][INFO] - Parameter comp_layers.1.a.1: torch.Size([180, 1]), require_grad = True
[2026-03-05 23:36:30,437][root][INFO] - Parameter comp_layers.1.a.2: torch.Size([180, 1]), require_grad = True
[2026-03-05 23:36:30,437][root][INFO] - Parameter comp_layers.1.a.3: torch.Size([180, 1]), require_grad = True
[2026-03-05 23:36:30,437][root][INFO] - Parameter comp_layers.1.a.4: torch.Size([180, 1]), require_grad = True
[2026-03-05 23:36:30,437][root][INFO] - Parameter comp_layers.1.a.5: torch.Size([180, 1]), require_grad = True
[2026-03-05 23:36:30,437][root][INFO] - Parameter comp_layers.1.a.6: torch.Size([180, 1]), require_grad = True
[2026-03-05 23:36:30,437][root][INFO] - Parameter comp_layers.1.a.7: torch.Size([180, 1]), require_grad = True
[2026-03-05 23:36:31,860][root][INFO] - Training... total epoch: 600, step: 88200
[2026-03-05 23:38:13,430][root][INFO] - Epoch:   0 | Loss: 0.5282 | Val - MRR: 0.0213, MR: 6116.31, H@1: 0.013, H@3: 0.020, H@10: 0.043 | Test - MRR: 0.0208 | *
[2026-03-05 23:39:53,682][root][INFO] - Epoch:   1 | Loss: 0.0912 | Val - MRR: 0.0222, MR: 5264.27, H@1: 0.010, H@3: 0.019, H@10: 0.055 | Test - MRR: 0.0216 | *
[2026-03-05 23:41:18,970][root][INFO] - Epoch:   2 | Loss: 0.0156 | Val - MRR: 0.0199, MR: 3965.04, H@1: 0.010, H@3: 0.023, H@10: 0.037 | 
[2026-03-05 23:42:59,278][root][INFO] - Epoch:   3 | Loss: 0.0041 | Val - MRR: 0.0338, MR: 3559.20, H@1: 0.019, H@3: 0.040, H@10: 0.058 | Test - MRR: 0.0326 | *
[2026-03-05 23:44:39,686][root][INFO] - Epoch:   4 | Loss: 0.0031 | Val - MRR: 0.0714, MR: 3487.80, H@1: 0.053, H@3: 0.071, H@10: 0.110 | Test - MRR: 0.0703 | *
[2026-03-05 23:46:21,783][root][INFO] - Epoch:   5 | Loss: 0.0028 | Val - MRR: 0.0965, MR: 3459.46, H@1: 0.081, H@3: 0.095, H@10: 0.124 | Test - MRR: 0.0950 | *
[2026-03-05 23:48:01,846][root][INFO] - Epoch:   6 | Loss: 0.0027 | Val - MRR: 0.1084, MR: 3406.05, H@1: 0.088, H@3: 0.111, H@10: 0.144 | Test - MRR: 0.1073 | *
[2026-03-05 23:49:46,980][root][INFO] - Epoch:   7 | Loss: 0.0026 | Val - MRR: 0.1229, MR: 3359.57, H@1: 0.100, H@3: 0.129, H@10: 0.163 | Test - MRR: 0.1213 | *
[2026-03-05 23:51:30,199][root][INFO] - Epoch:   8 | Loss: 0.0026 | Val - MRR: 0.1347, MR: 3293.57, H@1: 0.109, H@3: 0.143, H@10: 0.183 | Test - MRR: 0.1338 | *
[2026-03-05 23:53:14,215][root][INFO] - Epoch:   9 | Loss: 0.0025 | Val - MRR: 0.1437, MR: 3224.43, H@1: 0.114, H@3: 0.156, H@10: 0.197 | Test - MRR: 0.1433 | *
[2026-03-05 23:54:57,079][root][INFO] - Epoch:  10 | Loss: 0.0026 | Val - MRR: 0.1516, MR: 3150.65, H@1: 0.120, H@3: 0.165, H@10: 0.212 | Test - MRR: 0.1512 | *
[2026-03-05 23:56:39,683][root][INFO] - Epoch:  11 | Loss: 0.0024 | Val - MRR: 0.1571, MR: 3062.58, H@1: 0.123, H@3: 0.170, H@10: 0.223 | Test - MRR: 0.1565 | *
[2026-03-05 23:58:22,260][root][INFO] - Epoch:  12 | Loss: 0.0024 | Val - MRR: 0.1630, MR: 2991.26, H@1: 0.126, H@3: 0.179, H@10: 0.234 | Test - MRR: 0.1626 | *
[2026-03-06 00:00:04,969][root][INFO] - Epoch:  13 | Loss: 0.0024 | Val - MRR: 0.1674, MR: 2879.32, H@1: 0.129, H@3: 0.182, H@10: 0.241 | Test - MRR: 0.1671 | *
[2026-03-06 00:01:47,824][root][INFO] - Epoch:  14 | Loss: 0.0024 | Val - MRR: 0.1744, MR: 2728.81, H@1: 0.135, H@3: 0.189, H@10: 0.250 | Test - MRR: 0.1736 | *
[2026-03-06 00:03:26,526][root][INFO] - Epoch:  15 | Loss: 0.0024 | Val - MRR: 0.1797, MR: 2581.50, H@1: 0.137, H@3: 0.195, H@10: 0.261 | Test - MRR: 0.1788 | *
[2026-03-06 00:05:07,909][root][INFO] - Epoch:  16 | Loss: 0.0024 | Val - MRR: 0.1848, MR: 2462.61, H@1: 0.141, H@3: 0.201, H@10: 0.270 | Test - MRR: 0.1836 | *
[2026-03-06 00:06:50,008][root][INFO] - Epoch:  17 | Loss: 0.0023 | Val - MRR: 0.1917, MR: 2260.93, H@1: 0.145, H@3: 0.209, H@10: 0.281 | Test - MRR: 0.1903 | *
[2026-03-06 00:08:31,259][root][INFO] - Epoch:  18 | Loss: 0.0023 | Val - MRR: 0.1979, MR: 2094.62, H@1: 0.150, H@3: 0.214, H@10: 0.291 | Test - MRR: 0.1968 | *
[2026-03-06 00:10:14,322][root][INFO] - Epoch:  19 | Loss: 0.0022 | Val - MRR: 0.2019, MR: 1902.13, H@1: 0.152, H@3: 0.220, H@10: 0.299 | Test - MRR: 0.2000 | *
[2026-03-06 00:11:55,976][root][INFO] - Epoch:  20 | Loss: 0.0022 | Val - MRR: 0.2065, MR: 1715.81, H@1: 0.155, H@3: 0.224, H@10: 0.306 | Test - MRR: 0.2046 | *
[2026-03-06 00:13:38,266][root][INFO] - Epoch:  21 | Loss: 0.0022 | Val - MRR: 0.2102, MR: 1554.71, H@1: 0.158, H@3: 0.228, H@10: 0.312 | Test - MRR: 0.2076 | *
[2026-03-06 00:15:21,179][root][INFO] - Epoch:  22 | Loss: 0.0022 | Val - MRR: 0.2135, MR: 1367.58, H@1: 0.159, H@3: 0.232, H@10: 0.319 | Test - MRR: 0.2109 | *
[2026-03-06 00:17:03,311][root][INFO] - Epoch:  23 | Loss: 0.0021 | Val - MRR: 0.2170, MR: 1244.41, H@1: 0.162, H@3: 0.235, H@10: 0.325 | Test - MRR: 0.2136 | *
[2026-03-06 00:18:45,698][root][INFO] - Epoch:  24 | Loss: 0.0021 | Val - MRR: 0.2199, MR: 1100.41, H@1: 0.163, H@3: 0.239, H@10: 0.331 | Test - MRR: 0.2167 | *
[2026-03-06 00:20:25,825][root][INFO] - Epoch:  25 | Loss: 0.0021 | Val - MRR: 0.2218, MR:  971.04, H@1: 0.164, H@3: 0.241, H@10: 0.334 | Test - MRR: 0.2195 | *
[2026-03-06 00:22:09,543][root][INFO] - Epoch:  26 | Loss: 0.0020 | Val - MRR: 0.2250, MR:  876.34, H@1: 0.167, H@3: 0.242, H@10: 0.340 | Test - MRR: 0.2227 | *
[2026-03-06 00:23:52,210][root][INFO] - Epoch:  27 | Loss: 0.0020 | Val - MRR: 0.2283, MR:  792.85, H@1: 0.169, H@3: 0.247, H@10: 0.342 | Test - MRR: 0.2265 | *
[2026-03-06 00:25:33,199][root][INFO] - Epoch:  28 | Loss: 0.0020 | Val - MRR: 0.2296, MR:  699.47, H@1: 0.169, H@3: 0.249, H@10: 0.346 | Test - MRR: 0.2280 | *
[2026-03-06 00:27:16,488][root][INFO] - Epoch:  29 | Loss: 0.0020 | Val - MRR: 0.2321, MR:  652.09, H@1: 0.171, H@3: 0.252, H@10: 0.349 | Test - MRR: 0.2301 | *
[2026-03-06 00:28:59,568][root][INFO] - Epoch:  30 | Loss: 0.0020 | Val - MRR: 0.2354, MR:  592.93, H@1: 0.173, H@3: 0.255, H@10: 0.356 | Test - MRR: 0.2340 | *
[2026-03-06 00:30:42,081][root][INFO] - Epoch:  31 | Loss: 0.0019 | Val - MRR: 0.2369, MR:  554.23, H@1: 0.174, H@3: 0.257, H@10: 0.359 | Test - MRR: 0.2359 | *
[2026-03-06 00:32:24,270][root][INFO] - Epoch:  32 | Loss: 0.0020 | Val - MRR: 0.2408, MR:  525.12, H@1: 0.177, H@3: 0.261, H@10: 0.366 | Test - MRR: 0.2382 | *
[2026-03-06 00:34:07,807][root][INFO] - Epoch:  33 | Loss: 0.0019 | Val - MRR: 0.2426, MR:  502.04, H@1: 0.178, H@3: 0.264, H@10: 0.368 | Test - MRR: 0.2410 | *
[2026-03-06 00:35:52,334][root][INFO] - Epoch:  34 | Loss: 0.0019 | Val - MRR: 0.2461, MR:  463.63, H@1: 0.181, H@3: 0.267, H@10: 0.372 | Test - MRR: 0.2436 | *
[2026-03-06 00:37:34,496][root][INFO] - Epoch:  35 | Loss: 0.0019 | Val - MRR: 0.2486, MR:  453.76, H@1: 0.183, H@3: 0.271, H@10: 0.373 | Test - MRR: 0.2468 | *
[2026-03-06 00:39:17,982][root][INFO] - Epoch:  36 | Loss: 0.0019 | Val - MRR: 0.2501, MR:  430.77, H@1: 0.183, H@3: 0.273, H@10: 0.378 | Test - MRR: 0.2484 | *
[2026-03-06 00:41:00,369][root][INFO] - Epoch:  37 | Loss: 0.0018 | Val - MRR: 0.2528, MR:  417.64, H@1: 0.186, H@3: 0.276, H@10: 0.381 | Test - MRR: 0.2516 | *
[2026-03-06 00:42:41,814][root][INFO] - Epoch:  38 | Loss: 0.0018 | Val - MRR: 0.2546, MR:  397.40, H@1: 0.186, H@3: 0.277, H@10: 0.386 | Test - MRR: 0.2527 | *
[2026-03-06 00:44:22,896][root][INFO] - Epoch:  39 | Loss: 0.0018 | Val - MRR: 0.2583, MR:  376.48, H@1: 0.191, H@3: 0.280, H@10: 0.390 | Test - MRR: 0.2555 | *
[2026-03-06 00:46:05,823][root][INFO] - Epoch:  40 | Loss: 0.0018 | Val - MRR: 0.2598, MR:  369.27, H@1: 0.191, H@3: 0.282, H@10: 0.391 | Test - MRR: 0.2569 | *
[2026-03-06 00:47:50,177][root][INFO] - Epoch:  41 | Loss: 0.0018 | Val - MRR: 0.2625, MR:  356.90, H@1: 0.194, H@3: 0.284, H@10: 0.395 | Test - MRR: 0.2608 | *
[2026-03-06 00:49:34,557][root][INFO] - Epoch:  42 | Loss: 0.0018 | Val - MRR: 0.2651, MR:  341.06, H@1: 0.195, H@3: 0.289, H@10: 0.400 | Test - MRR: 0.2626 | *
[2026-03-06 00:51:16,366][root][INFO] - Epoch:  43 | Loss: 0.0018 | Val - MRR: 0.2673, MR:  334.49, H@1: 0.197, H@3: 0.290, H@10: 0.405 | Test - MRR: 0.2653 | *
[2026-03-06 00:52:59,368][root][INFO] - Epoch:  44 | Loss: 0.0018 | Val - MRR: 0.2699, MR:  320.71, H@1: 0.199, H@3: 0.292, H@10: 0.409 | Test - MRR: 0.2672 | *
[2026-03-06 00:54:42,415][root][INFO] - Epoch:  45 | Loss: 0.0018 | Val - MRR: 0.2726, MR:  314.58, H@1: 0.201, H@3: 0.296, H@10: 0.413 | Test - MRR: 0.2702 | *
[2026-03-06 00:56:23,146][root][INFO] - Epoch:  46 | Loss: 0.0017 | Val - MRR: 0.2756, MR:  305.49, H@1: 0.204, H@3: 0.299, H@10: 0.414 | Test - MRR: 0.2738 | *
[2026-03-06 00:58:04,467][root][INFO] - Epoch:  47 | Loss: 0.0017 | Val - MRR: 0.2782, MR:  296.06, H@1: 0.206, H@3: 0.301, H@10: 0.420 | Test - MRR: 0.2753 | *
[2026-03-06 00:59:45,347][root][INFO] - Epoch:  48 | Loss: 0.0017 | Val - MRR: 0.2796, MR:  283.98, H@1: 0.207, H@3: 0.302, H@10: 0.424 | Test - MRR: 0.2763 | *
[2026-03-06 01:01:28,185][root][INFO] - Epoch:  49 | Loss: 0.0017 | Val - MRR: 0.2832, MR:  276.35, H@1: 0.210, H@3: 0.307, H@10: 0.429 | Test - MRR: 0.2800 | *
[2026-03-06 01:03:11,129][root][INFO] - Epoch:  50 | Loss: 0.0017 | Val - MRR: 0.2865, MR:  271.78, H@1: 0.212, H@3: 0.311, H@10: 0.431 | Test - MRR: 0.2828 | *
[2026-03-06 01:04:53,742][root][INFO] - Epoch:  51 | Loss: 0.0017 | Val - MRR: 0.2881, MR:  263.85, H@1: 0.214, H@3: 0.312, H@10: 0.435 | Test - MRR: 0.2849 | *
[2026-03-06 01:06:35,647][root][INFO] - Epoch:  52 | Loss: 0.0017 | Val - MRR: 0.2915, MR:  256.88, H@1: 0.217, H@3: 0.315, H@10: 0.439 | Test - MRR: 0.2894 | *
[2026-03-06 01:08:17,636][root][INFO] - Epoch:  53 | Loss: 0.0017 | Val - MRR: 0.2941, MR:  258.10, H@1: 0.219, H@3: 0.318, H@10: 0.444 | Test - MRR: 0.2904 | *
[2026-03-06 01:09:59,936][root][INFO] - Epoch:  54 | Loss: 0.0016 | Val - MRR: 0.2954, MR:  249.21, H@1: 0.218, H@3: 0.321, H@10: 0.450 | Test - MRR: 0.2926 | *
[2026-03-06 01:11:41,594][root][INFO] - Epoch:  55 | Loss: 0.0016 | Val - MRR: 0.2987, MR:  242.35, H@1: 0.221, H@3: 0.325, H@10: 0.453 | Test - MRR: 0.2965 | *
[2026-03-06 01:13:24,618][root][INFO] - Epoch:  56 | Loss: 0.0016 | Val - MRR: 0.3018, MR:  240.79, H@1: 0.224, H@3: 0.328, H@10: 0.456 | Test - MRR: 0.2981 | *
[2026-03-06 01:15:08,019][root][INFO] - Epoch:  57 | Loss: 0.0016 | Val - MRR: 0.3042, MR:  232.97, H@1: 0.226, H@3: 0.330, H@10: 0.461 | Test - MRR: 0.3011 | *
[2026-03-06 01:16:51,237][root][INFO] - Epoch:  58 | Loss: 0.0016 | Val - MRR: 0.3059, MR:  228.90, H@1: 0.226, H@3: 0.333, H@10: 0.465 | Test - MRR: 0.3029 | *
[2026-03-06 01:18:34,674][root][INFO] - Epoch:  59 | Loss: 0.0016 | Val - MRR: 0.3095, MR:  226.07, H@1: 0.229, H@3: 0.337, H@10: 0.470 | Test - MRR: 0.3051 | *
[2026-03-06 01:20:16,862][root][INFO] - Epoch:  60 | Loss: 0.0016 | Val - MRR: 0.3125, MR:  216.92, H@1: 0.232, H@3: 0.340, H@10: 0.473 | Test - MRR: 0.3081 | *
[2026-03-06 01:21:59,488][root][INFO] - Epoch:  61 | Loss: 0.0016 | Val - MRR: 0.3151, MR:  215.49, H@1: 0.233, H@3: 0.344, H@10: 0.478 | Test - MRR: 0.3121 | *
[2026-03-06 01:23:42,235][root][INFO] - Epoch:  62 | Loss: 0.0015 | Val - MRR: 0.3170, MR:  211.51, H@1: 0.235, H@3: 0.345, H@10: 0.481 | Test - MRR: 0.3130 | *
[2026-03-06 01:25:26,232][root][INFO] - Epoch:  63 | Loss: 0.0015 | Val - MRR: 0.3199, MR:  206.10, H@1: 0.237, H@3: 0.349, H@10: 0.484 | Test - MRR: 0.3158 | *
[2026-03-06 01:27:08,698][root][INFO] - Epoch:  64 | Loss: 0.0015 | Val - MRR: 0.3211, MR:  204.77, H@1: 0.238, H@3: 0.350, H@10: 0.485 | Test - MRR: 0.3168 | *
[2026-03-06 01:28:50,298][root][INFO] - Epoch:  65 | Loss: 0.0015 | Val - MRR: 0.3230, MR:  202.87, H@1: 0.239, H@3: 0.351, H@10: 0.491 | Test - MRR: 0.3188 | *
[2026-03-06 01:30:32,596][root][INFO] - Epoch:  66 | Loss: 0.0015 | Val - MRR: 0.3274, MR:  202.08, H@1: 0.244, H@3: 0.356, H@10: 0.495 | Test - MRR: 0.3232 | *
[2026-03-06 01:32:14,963][root][INFO] - Epoch:  67 | Loss: 0.0015 | Val - MRR: 0.3281, MR:  200.26, H@1: 0.245, H@3: 0.356, H@10: 0.495 | Test - MRR: 0.3242 | *
[2026-03-06 01:33:57,252][root][INFO] - Epoch:  68 | Loss: 0.0015 | Val - MRR: 0.3289, MR:  199.23, H@1: 0.244, H@3: 0.358, H@10: 0.501 | Test - MRR: 0.3254 | *
[2026-03-06 01:35:37,005][root][INFO] - Epoch:  69 | Loss: 0.0015 | Val - MRR: 0.3309, MR:  196.44, H@1: 0.246, H@3: 0.362, H@10: 0.500 | Test - MRR: 0.3273 | *
[2026-03-06 01:37:20,389][root][INFO] - Epoch:  70 | Loss: 0.0015 | Val - MRR: 0.3313, MR:  194.39, H@1: 0.245, H@3: 0.363, H@10: 0.501 | Test - MRR: 0.3283 | *
[2026-03-06 01:39:02,770][root][INFO] - Epoch:  71 | Loss: 0.0015 | Val - MRR: 0.3333, MR:  192.36, H@1: 0.246, H@3: 0.367, H@10: 0.506 | Test - MRR: 0.3289 | *
[2026-03-06 01:40:45,030][root][INFO] - Epoch:  72 | Loss: 0.0014 | Val - MRR: 0.3341, MR:  193.61, H@1: 0.248, H@3: 0.366, H@10: 0.508 | Test - MRR: 0.3310 | *
[2026-03-06 01:42:26,676][root][INFO] - Epoch:  73 | Loss: 0.0015 | Val - MRR: 0.3354, MR:  192.42, H@1: 0.248, H@3: 0.370, H@10: 0.508 | Test - MRR: 0.3317 | *
[2026-03-06 01:44:09,472][root][INFO] - Epoch:  74 | Loss: 0.0014 | Val - MRR: 0.3370, MR:  189.26, H@1: 0.250, H@3: 0.367, H@10: 0.511 | Test - MRR: 0.3335 | *
[2026-03-06 01:45:52,530][root][INFO] - Epoch:  75 | Loss: 0.0014 | Val - MRR: 0.3379, MR:  187.27, H@1: 0.250, H@3: 0.370, H@10: 0.513 | Test - MRR: 0.3341 | *
[2026-03-06 01:47:35,265][root][INFO] - Epoch:  76 | Loss: 0.0014 | Val - MRR: 0.3381, MR:  189.83, H@1: 0.251, H@3: 0.370, H@10: 0.515 | Test - MRR: 0.3352 | *
[2026-03-06 01:49:17,775][root][INFO] - Epoch:  77 | Loss: 0.0014 | Val - MRR: 0.3393, MR:  191.54, H@1: 0.252, H@3: 0.370, H@10: 0.515 | Test - MRR: 0.3356 | *
[2026-03-06 01:50:40,935][root][INFO] - Epoch:  78 | Loss: 0.0014 | Val - MRR: 0.3392, MR:  189.95, H@1: 0.251, H@3: 0.371, H@10: 0.517 | 
[2026-03-06 01:52:22,686][root][INFO] - Epoch:  79 | Loss: 0.0014 | Val - MRR: 0.3421, MR:  191.18, H@1: 0.255, H@3: 0.374, H@10: 0.517 | Test - MRR: 0.3380 | *
[2026-03-06 01:53:50,912][root][INFO] - Epoch:  80 | Loss: 0.0014 | Val - MRR: 0.3412, MR:  188.28, H@1: 0.253, H@3: 0.372, H@10: 0.517 | 
[2026-03-06 01:55:16,561][root][INFO] - Epoch:  81 | Loss: 0.0014 | Val - MRR: 0.3420, MR:  190.16, H@1: 0.253, H@3: 0.375, H@10: 0.521 | 
[2026-03-06 01:57:00,441][root][INFO] - Epoch:  82 | Loss: 0.0014 | Val - MRR: 0.3425, MR:  191.66, H@1: 0.254, H@3: 0.376, H@10: 0.520 | Test - MRR: 0.3398 | *
[2026-03-06 01:58:43,070][root][INFO] - Epoch:  83 | Loss: 0.0014 | Val - MRR: 0.3439, MR:  188.45, H@1: 0.255, H@3: 0.376, H@10: 0.521 | Test - MRR: 0.3399 | *
[2026-03-06 02:00:09,175][root][INFO] - Epoch:  84 | Loss: 0.0014 | Val - MRR: 0.3431, MR:  191.72, H@1: 0.254, H@3: 0.376, H@10: 0.521 | 
[2026-03-06 02:01:51,536][root][INFO] - Epoch:  85 | Loss: 0.0014 | Val - MRR: 0.3445, MR:  193.89, H@1: 0.255, H@3: 0.378, H@10: 0.522 | Test - MRR: 0.3403 | *
[2026-03-06 02:03:33,799][root][INFO] - Epoch:  86 | Loss: 0.0014 | Val - MRR: 0.3460, MR:  195.25, H@1: 0.258, H@3: 0.378, H@10: 0.522 | Test - MRR: 0.3404 | *
[2026-03-06 02:04:59,283][root][INFO] - Epoch:  87 | Loss: 0.0014 | Val - MRR: 0.3447, MR:  191.36, H@1: 0.256, H@3: 0.377, H@10: 0.523 | 
[2026-03-06 02:06:23,778][root][INFO] - Epoch:  88 | Loss: 0.0014 | Val - MRR: 0.3446, MR:  197.37, H@1: 0.256, H@3: 0.377, H@10: 0.523 | 
[2026-03-06 02:07:48,684][root][INFO] - Epoch:  89 | Loss: 0.0013 | Val - MRR: 0.3454, MR:  196.68, H@1: 0.256, H@3: 0.377, H@10: 0.524 | 
[2026-03-06 02:09:15,373][root][INFO] - Epoch:  90 | Loss: 0.0013 | Val - MRR: 0.3455, MR:  194.51, H@1: 0.256, H@3: 0.377, H@10: 0.526 | 
[2026-03-06 02:10:59,419][root][INFO] - Epoch:  91 | Loss: 0.0013 | Val - MRR: 0.3469, MR:  197.67, H@1: 0.257, H@3: 0.381, H@10: 0.525 | Test - MRR: 0.3413 | *
[2026-03-06 02:12:24,748][root][INFO] - Epoch:  92 | Loss: 0.0013 | Val - MRR: 0.3468, MR:  193.90, H@1: 0.257, H@3: 0.380, H@10: 0.526 | 
[2026-03-06 02:13:50,350][root][INFO] - Epoch:  93 | Loss: 0.0013 | Val - MRR: 0.3449, MR:  189.70, H@1: 0.255, H@3: 0.376, H@10: 0.526 | 
[2026-03-06 02:15:32,729][root][INFO] - Epoch:  94 | Loss: 0.0013 | Val - MRR: 0.3472, MR:  194.96, H@1: 0.257, H@3: 0.379, H@10: 0.528 | Test - MRR: 0.3418 | *
[2026-03-06 02:17:15,614][root][INFO] - Epoch:  95 | Loss: 0.0013 | Val - MRR: 0.3488, MR:  193.95, H@1: 0.259, H@3: 0.381, H@10: 0.528 | Test - MRR: 0.3412 | *
[2026-03-06 02:18:38,925][root][INFO] - Epoch:  96 | Loss: 0.0013 | Val - MRR: 0.3483, MR:  194.37, H@1: 0.259, H@3: 0.382, H@10: 0.527 | 
[2026-03-06 02:20:05,431][root][INFO] - Epoch:  97 | Loss: 0.0013 | Val - MRR: 0.3472, MR:  195.62, H@1: 0.257, H@3: 0.381, H@10: 0.528 | 
[2026-03-06 02:21:29,921][root][INFO] - Epoch:  98 | Loss: 0.0013 | Val - MRR: 0.3474, MR:  195.17, H@1: 0.257, H@3: 0.381, H@10: 0.528 | 
[2026-03-06 02:22:54,841][root][INFO] - Epoch:  99 | Loss: 0.0013 | Val - MRR: 0.3474, MR:  201.19, H@1: 0.257, H@3: 0.381, H@10: 0.528 | 
[2026-03-06 02:24:21,248][root][INFO] - Epoch: 100 | Loss: 0.0013 | Val - MRR: 0.3476, MR:  197.68, H@1: 0.256, H@3: 0.382, H@10: 0.529 | 
[2026-03-06 02:25:44,857][root][INFO] - Epoch: 101 | Loss: 0.0013 | Val - MRR: 0.3478, MR:  195.86, H@1: 0.257, H@3: 0.381, H@10: 0.530 | 
[2026-03-06 02:27:08,669][root][INFO] - Epoch: 102 | Loss: 0.0013 | Val - MRR: 0.3484, MR:  199.02, H@1: 0.257, H@3: 0.383, H@10: 0.531 | 
[2026-03-06 02:28:33,457][root][INFO] - Epoch: 103 | Loss: 0.0013 | Val - MRR: 0.3478, MR:  196.69, H@1: 0.258, H@3: 0.381, H@10: 0.529 | 
[2026-03-06 02:30:00,037][root][INFO] - Epoch: 104 | Loss: 0.0013 | Val - MRR: 0.3474, MR:  203.86, H@1: 0.258, H@3: 0.380, H@10: 0.527 | 
[2026-03-06 02:31:26,272][root][INFO] - Epoch: 105 | Loss: 0.0013 | Val - MRR: 0.3473, MR:  204.70, H@1: 0.257, H@3: 0.380, H@10: 0.529 | 
[2026-03-06 02:32:51,543][root][INFO] - Epoch: 106 | Loss: 0.0013 | Val - MRR: 0.3467, MR:  204.51, H@1: 0.256, H@3: 0.380, H@10: 0.530 | 
[2026-03-06 02:34:18,261][root][INFO] - Epoch: 107 | Loss: 0.0013 | Val - MRR: 0.3465, MR:  204.75, H@1: 0.256, H@3: 0.380, H@10: 0.528 | 
[2026-03-06 02:35:43,525][root][INFO] - Epoch: 108 | Loss: 0.0013 | Val - MRR: 0.3461, MR:  204.35, H@1: 0.255, H@3: 0.381, H@10: 0.528 | 
[2026-03-06 02:37:09,039][root][INFO] - Epoch: 109 | Loss: 0.0013 | Val - MRR: 0.3466, MR:  204.28, H@1: 0.255, H@3: 0.380, H@10: 0.529 | 
[2026-03-06 02:38:33,620][root][INFO] - Epoch: 110 | Loss: 0.0013 | Val - MRR: 0.3472, MR:  206.10, H@1: 0.256, H@3: 0.381, H@10: 0.530 | 
[2026-03-06 02:39:59,335][root][INFO] - Epoch: 111 | Loss: 0.0013 | Val - MRR: 0.3461, MR:  206.35, H@1: 0.256, H@3: 0.379, H@10: 0.528 | 
[2026-03-06 02:41:25,935][root][INFO] - Epoch: 112 | Loss: 0.0013 | Val - MRR: 0.3473, MR:  208.55, H@1: 0.257, H@3: 0.381, H@10: 0.530 | 
[2026-03-06 02:42:50,496][root][INFO] - Epoch: 113 | Loss: 0.0013 | Val - MRR: 0.3459, MR:  209.17, H@1: 0.255, H@3: 0.379, H@10: 0.530 | 
[2026-03-06 02:44:15,962][root][INFO] - Epoch: 114 | Loss: 0.0013 | Val - MRR: 0.3479, MR:  212.14, H@1: 0.257, H@3: 0.382, H@10: 0.530 | 
[2026-03-06 02:45:42,737][root][INFO] - Epoch: 115 | Loss: 0.0013 | Val - MRR: 0.3462, MR:  214.54, H@1: 0.255, H@3: 0.379, H@10: 0.530 | 
[2026-03-06 02:47:09,306][root][INFO] - Epoch: 116 | Loss: 0.0012 | Val - MRR: 0.3467, MR:  211.91, H@1: 0.256, H@3: 0.379, H@10: 0.533 | 
[2026-03-06 02:48:34,630][root][INFO] - Epoch: 117 | Loss: 0.0012 | Val - MRR: 0.3461, MR:  211.88, H@1: 0.255, H@3: 0.379, H@10: 0.531 | 
[2026-03-06 02:50:00,243][root][INFO] - Epoch: 118 | Loss: 0.0012 | Val - MRR: 0.3478, MR:  213.31, H@1: 0.257, H@3: 0.381, H@10: 0.531 | 
[2026-03-06 02:51:26,935][root][INFO] - Epoch: 119 | Loss: 0.0012 | Val - MRR: 0.3479, MR:  210.93, H@1: 0.256, H@3: 0.382, H@10: 0.531 | 
[2026-03-06 02:52:52,035][root][INFO] - Epoch: 120 | Loss: 0.0012 | Val - MRR: 0.3467, MR:  216.41, H@1: 0.256, H@3: 0.381, H@10: 0.528 | 
[2026-03-06 02:54:18,832][root][INFO] - Epoch: 121 | Loss: 0.0012 | Val - MRR: 0.3478, MR:  217.67, H@1: 0.258, H@3: 0.381, H@10: 0.529 | 
[2026-03-06 02:55:45,011][root][INFO] - Epoch: 122 | Loss: 0.0012 | Val - MRR: 0.3472, MR:  219.07, H@1: 0.257, H@3: 0.381, H@10: 0.529 | 
[2026-03-06 02:57:10,276][root][INFO] - Epoch: 123 | Loss: 0.0012 | Val - MRR: 0.3475, MR:  219.67, H@1: 0.255, H@3: 0.383, H@10: 0.532 | 
[2026-03-06 02:58:35,220][root][INFO] - Epoch: 124 | Loss: 0.0012 | Val - MRR: 0.3466, MR:  219.15, H@1: 0.255, H@3: 0.380, H@10: 0.530 | 
[2026-03-06 03:00:01,704][root][INFO] - Epoch: 125 | Loss: 0.0012 | Val - MRR: 0.3473, MR:  222.62, H@1: 0.256, H@3: 0.380, H@10: 0.530 | 
[2026-03-06 03:01:27,077][root][INFO] - Epoch: 126 | Loss: 0.0012 | Val - MRR: 0.3470, MR:  217.18, H@1: 0.255, H@3: 0.381, H@10: 0.531 | 
[2026-03-06 03:02:54,356][root][INFO] - Epoch: 127 | Loss: 0.0012 | Val - MRR: 0.3470, MR:  219.73, H@1: 0.255, H@3: 0.382, H@10: 0.532 | 
[2026-03-06 03:04:19,091][root][INFO] - Epoch: 128 | Loss: 0.0012 | Val - MRR: 0.3463, MR:  225.62, H@1: 0.254, H@3: 0.381, H@10: 0.532 | 
[2026-03-06 03:05:45,666][root][INFO] - Epoch: 129 | Loss: 0.0012 | Val - MRR: 0.3467, MR:  224.35, H@1: 0.256, H@3: 0.379, H@10: 0.529 | 
[2026-03-06 03:07:10,630][root][INFO] - Epoch: 130 | Loss: 0.0012 | Val - MRR: 0.3469, MR:  223.54, H@1: 0.256, H@3: 0.381, H@10: 0.530 | 
[2026-03-06 03:08:36,982][root][INFO] - Epoch: 131 | Loss: 0.0012 | Val - MRR: 0.3474, MR:  227.11, H@1: 0.257, H@3: 0.380, H@10: 0.529 | 
[2026-03-06 03:10:19,287][root][INFO] - Epoch: 132 | Loss: 0.0012 | Val - MRR: 0.3489, MR:  226.03, H@1: 0.259, H@3: 0.382, H@10: 0.532 | Test - MRR: 0.3431 | *
[2026-03-06 03:11:45,771][root][INFO] - Epoch: 133 | Loss: 0.0012 | Val - MRR: 0.3487, MR:  225.96, H@1: 0.258, H@3: 0.381, H@10: 0.530 | 
[2026-03-06 03:13:11,124][root][INFO] - Epoch: 134 | Loss: 0.0012 | Val - MRR: 0.3484, MR:  228.13, H@1: 0.258, H@3: 0.380, H@10: 0.529 | 
[2026-03-06 03:14:37,542][root][INFO] - Epoch: 135 | Loss: 0.0012 | Val - MRR: 0.3475, MR:  225.42, H@1: 0.255, H@3: 0.382, H@10: 0.532 | 
[2026-03-06 03:16:03,191][root][INFO] - Epoch: 136 | Loss: 0.0012 | Val - MRR: 0.3476, MR:  229.87, H@1: 0.257, H@3: 0.381, H@10: 0.531 | 
[2026-03-06 03:17:30,379][root][INFO] - Epoch: 137 | Loss: 0.0012 | Val - MRR: 0.3463, MR:  227.28, H@1: 0.256, H@3: 0.380, H@10: 0.528 | 
[2026-03-06 03:18:55,809][root][INFO] - Epoch: 138 | Loss: 0.0012 | Val - MRR: 0.3473, MR:  226.21, H@1: 0.258, H@3: 0.378, H@10: 0.531 | 
[2026-03-06 03:20:21,904][root][INFO] - Epoch: 139 | Loss: 0.0012 | Val - MRR: 0.3462, MR:  233.63, H@1: 0.255, H@3: 0.379, H@10: 0.529 | 
[2026-03-06 03:21:47,579][root][INFO] - Epoch: 140 | Loss: 0.0012 | Val - MRR: 0.3469, MR:  232.13, H@1: 0.256, H@3: 0.381, H@10: 0.530 | 
[2026-03-06 03:23:13,786][root][INFO] - Epoch: 141 | Loss: 0.0012 | Val - MRR: 0.3478, MR:  229.38, H@1: 0.257, H@3: 0.381, H@10: 0.530 | 
[2026-03-06 03:24:38,733][root][INFO] - Epoch: 142 | Loss: 0.0012 | Val - MRR: 0.3478, MR:  236.15, H@1: 0.257, H@3: 0.381, H@10: 0.529 | 
[2026-03-06 03:26:06,976][root][INFO] - Epoch: 143 | Loss: 0.0012 | Val - MRR: 0.3474, MR:  231.94, H@1: 0.257, H@3: 0.380, H@10: 0.531 | 
[2026-03-06 03:27:33,568][root][INFO] - Epoch: 144 | Loss: 0.0012 | Val - MRR: 0.3472, MR:  238.25, H@1: 0.255, H@3: 0.381, H@10: 0.531 | 
[2026-03-06 03:28:58,355][root][INFO] - Epoch: 145 | Loss: 0.0012 | Val - MRR: 0.3472, MR:  238.28, H@1: 0.256, H@3: 0.382, H@10: 0.529 | 
[2026-03-06 03:30:23,988][root][INFO] - Epoch: 146 | Loss: 0.0012 | Val - MRR: 0.3475, MR:  235.14, H@1: 0.257, H@3: 0.381, H@10: 0.530 | 
[2026-03-06 03:31:49,199][root][INFO] - Epoch: 147 | Loss: 0.0012 | Val - MRR: 0.3481, MR:  233.41, H@1: 0.257, H@3: 0.381, H@10: 0.532 | 
[2026-03-06 03:33:15,351][root][INFO] - Epoch: 148 | Loss: 0.0012 | Val - MRR: 0.3473, MR:  239.32, H@1: 0.256, H@3: 0.381, H@10: 0.530 | 
[2026-03-06 03:34:40,420][root][INFO] - Epoch: 149 | Loss: 0.0012 | Val - MRR: 0.3470, MR:  233.14, H@1: 0.256, H@3: 0.381, H@10: 0.530 | 
[2026-03-06 03:36:06,305][root][INFO] - Epoch: 150 | Loss: 0.0012 | Val - MRR: 0.3462, MR:  238.46, H@1: 0.255, H@3: 0.380, H@10: 0.529 | 
[2026-03-06 03:37:30,775][root][INFO] - Epoch: 151 | Loss: 0.0012 | Val - MRR: 0.3465, MR:  236.36, H@1: 0.256, H@3: 0.380, H@10: 0.528 | 
[2026-03-06 03:38:55,614][root][INFO] - Epoch: 152 | Loss: 0.0012 | Val - MRR: 0.3456, MR:  237.98, H@1: 0.254, H@3: 0.379, H@10: 0.529 | 
[2026-03-06 03:40:21,632][root][INFO] - Epoch: 153 | Loss: 0.0012 | Val - MRR: 0.3450, MR:  238.30, H@1: 0.254, H@3: 0.379, H@10: 0.529 | 
[2026-03-06 03:41:45,795][root][INFO] - Epoch: 154 | Loss: 0.0012 | Val - MRR: 0.3465, MR:  242.49, H@1: 0.256, H@3: 0.378, H@10: 0.530 | 
[2026-03-06 03:43:11,820][root][INFO] - Epoch: 155 | Loss: 0.0012 | Val - MRR: 0.3475, MR:  241.20, H@1: 0.257, H@3: 0.380, H@10: 0.530 | 
[2026-03-06 03:44:35,573][root][INFO] - Epoch: 156 | Loss: 0.0012 | Val - MRR: 0.3470, MR:  235.57, H@1: 0.256, H@3: 0.381, H@10: 0.529 | 
[2026-03-06 03:46:01,486][root][INFO] - Epoch: 157 | Loss: 0.0012 | Val - MRR: 0.3468, MR:  240.26, H@1: 0.256, H@3: 0.380, H@10: 0.531 | 
[2026-03-06 03:47:25,767][root][INFO] - Epoch: 158 | Loss: 0.0012 | Val - MRR: 0.3472, MR:  243.88, H@1: 0.256, H@3: 0.381, H@10: 0.529 | 
[2026-03-06 03:48:49,787][root][INFO] - Epoch: 159 | Loss: 0.0012 | Val - MRR: 0.3476, MR:  236.96, H@1: 0.257, H@3: 0.379, H@10: 0.530 | 
[2026-03-06 03:50:15,402][root][INFO] - Epoch: 160 | Loss: 0.0012 | Val - MRR: 0.3479, MR:  239.93, H@1: 0.257, H@3: 0.381, H@10: 0.530 | 
[2026-03-06 03:51:41,152][root][INFO] - Epoch: 161 | Loss: 0.0012 | Val - MRR: 0.3478, MR:  243.68, H@1: 0.257, H@3: 0.381, H@10: 0.528 | 
[2026-03-06 03:53:06,005][root][INFO] - Epoch: 162 | Loss: 0.0012 | Val - MRR: 0.3467, MR:  239.42, H@1: 0.256, H@3: 0.380, H@10: 0.530 | 
[2026-03-06 03:54:32,237][root][INFO] - Epoch: 163 | Loss: 0.0012 | Val - MRR: 0.3465, MR:  242.59, H@1: 0.256, H@3: 0.379, H@10: 0.531 | 
[2026-03-06 03:55:57,152][root][INFO] - Epoch: 164 | Loss: 0.0012 | Val - MRR: 0.3480, MR:  243.56, H@1: 0.257, H@3: 0.381, H@10: 0.530 | 
[2026-03-06 03:57:21,569][root][INFO] - Epoch: 165 | Loss: 0.0012 | Val - MRR: 0.3470, MR:  243.78, H@1: 0.256, H@3: 0.380, H@10: 0.528 | 
[2026-03-06 03:58:47,310][root][INFO] - Epoch: 166 | Loss: 0.0012 | Val - MRR: 0.3464, MR:  247.71, H@1: 0.255, H@3: 0.380, H@10: 0.528 | 
[2026-03-06 04:00:11,627][root][INFO] - Epoch: 167 | Loss: 0.0012 | Val - MRR: 0.3459, MR:  249.90, H@1: 0.256, H@3: 0.379, H@10: 0.529 | 
[2026-03-06 04:01:37,265][root][INFO] - Epoch: 168 | Loss: 0.0012 | Val - MRR: 0.3458, MR:  243.22, H@1: 0.255, H@3: 0.379, H@10: 0.529 | 
[2026-03-06 04:03:01,417][root][INFO] - Epoch: 169 | Loss: 0.0012 | Val - MRR: 0.3455, MR:  248.98, H@1: 0.255, H@3: 0.379, H@10: 0.527 | 
[2026-03-06 04:04:27,011][root][INFO] - Epoch: 170 | Loss: 0.0012 | Val - MRR: 0.3461, MR:  248.93, H@1: 0.256, H@3: 0.378, H@10: 0.528 | 
[2026-03-06 04:05:50,724][root][INFO] - Epoch: 171 | Loss: 0.0012 | Val - MRR: 0.3471, MR:  249.27, H@1: 0.257, H@3: 0.381, H@10: 0.529 | 
[2026-03-06 04:07:17,543][root][INFO] - Epoch: 172 | Loss: 0.0012 | Val - MRR: 0.3463, MR:  250.77, H@1: 0.256, H@3: 0.378, H@10: 0.528 | 
[2026-03-06 04:08:40,670][root][INFO] - Epoch: 173 | Loss: 0.0012 | Val - MRR: 0.3482, MR:  250.62, H@1: 0.258, H@3: 0.381, H@10: 0.530 | 
[2026-03-06 04:10:07,483][root][INFO] - Epoch: 174 | Loss: 0.0012 | Val - MRR: 0.3475, MR:  247.95, H@1: 0.257, H@3: 0.381, H@10: 0.530 | 
[2026-03-06 04:11:33,376][root][INFO] - Epoch: 175 | Loss: 0.0012 | Val - MRR: 0.3476, MR:  246.97, H@1: 0.257, H@3: 0.382, H@10: 0.527 | 
[2026-03-06 04:12:58,663][root][INFO] - Epoch: 176 | Loss: 0.0012 | Val - MRR: 0.3488, MR:  248.92, H@1: 0.259, H@3: 0.381, H@10: 0.530 | 
[2026-03-06 04:14:24,428][root][INFO] - Epoch: 177 | Loss: 0.0012 | Val - MRR: 0.3468, MR:  251.19, H@1: 0.256, H@3: 0.381, H@10: 0.529 | 
[2026-03-06 04:15:48,661][root][INFO] - Epoch: 178 | Loss: 0.0012 | Val - MRR: 0.3476, MR:  256.82, H@1: 0.257, H@3: 0.381, H@10: 0.528 | 
[2026-03-06 04:15:48,661][root][INFO] - Long time no improvenment, stop training...
[2026-03-06 04:15:48,661][root][INFO] - Training end...
[2026-03-06 04:15:48,661][root][INFO] - Train metrics ...
[2026-03-06 04:16:54,546][root][INFO] - Train (head) - MRR: 0.9069, MR:    2.26, H@1: 0.866, H@3: 0.938, H@10: 0.977
[2026-03-06 04:16:54,546][root][INFO] - Train (tail) - MRR: 0.9437, MR:    1.31, H@1: 0.913, H@3: 0.969, H@10: 0.993
[2026-03-06 04:16:54,546][root][INFO] - Train (avg) - MRR: 0.9253, MR:    1.78, H@1: 0.890, H@3: 0.954, H@10: 0.985

[2026-03-06 04:16:54,547][root][INFO] - Valid metrics ...
[2026-03-06 04:17:09,553][root][INFO] - Valid (head) - MRR: 0.2498, MR:  323.52, H@1: 0.164, H@3: 0.276, H@10: 0.420
[2026-03-06 04:17:09,553][root][INFO] - Valid (tail) - MRR: 0.4454, MR:  190.12, H@1: 0.350, H@3: 0.487, H@10: 0.637
[2026-03-06 04:17:09,553][root][INFO] - Valid (avg) - MRR: 0.3476, MR:  256.82, H@1: 0.257, H@3: 0.381, H@10: 0.528

[2026-03-06 04:17:09,553][root][INFO] - Test metrics...
[2026-03-06 04:17:24,483][root][INFO] - Test (head) - MRR: 0.2456, MR:  329.94, H@1: 0.160, H@3: 0.269, H@10: 0.422
[2026-03-06 04:17:24,484][root][INFO] - Test (tail) - MRR: 0.4391, MR:  205.08, H@1: 0.343, H@3: 0.480, H@10: 0.632
[2026-03-06 04:17:24,484][root][INFO] - Test (avg) - MRR: 0.3424, MR:  267.51, H@1: 0.252, H@3: 0.375, H@10: 0.527

[2026-03-06 04:17:24,484][root][INFO] - Model save path: /home/wangwei/DSGNet-main/DSGNet/data/output/FB15k_237/2026-03-05/23-36-24
