[2026-03-29 03:21:55,458][root][INFO] - 
------Config------
 {'dataset': 'FB15k_237', 'epoch': 600, 'batch_size': 1024, 'learning_rate': 0.00035, 'h_dim': 480, 'pred_rel_w': False, 'label_smooth': 0.1, 'n_heads': 8, 'topk': 15, 'kg_layer': 2, 'rm_rate': 0.5, 'ent_drop': 0.3, 'rel_drop': 0.2, 'comp_op': 'mul', 'bn': False, 'k_h': 16, 'k_w': 30, 'conv_drop': 0.3, 'ent_drop_pred': 0.3, 'fc_drop': 0.5, 'ker_sz': 8, 'out_channel': 200, 'device': 1, 'max_no_improve': 35, 'cpu_worker_num': 10, 'warmup_epoch': 5}
[2026-03-29 03:21:55,458][root][INFO] - Code dir path: /home/wangwei/DSGNet-main/DSGNet/code_new
[2026-03-29 03:21:55,458][root][INFO] - Config dir path: /home/wangwei/DSGNet-main/DSGNet/config
[2026-03-29 03:21:55,458][root][INFO] - Model save path: /home/wangwei/DSGNet-main/DSGNet/data/output/FB15k_237/2026-03-29/03-21-55
[2026-03-29 03:21:59,249][root][INFO] - kg # node: 14541
[2026-03-29 03:21:59,249][root][INFO] - kg # edge: 544230
[2026-03-29 03:21:59,250][root][INFO] - kg # zero deg node: 36
[2026-03-29 03:21:59,250][root][INFO] - ---Load Train Data---
[2026-03-29 03:22:01,740][root][INFO] - -----Model Parameter Configuration-----
[2026-03-29 03:22:01,741][root][INFO] - Parameter ent_emb: torch.Size([14541, 480]), require_grad = True
[2026-03-29 03:22:01,741][root][INFO] - Parameter pred_rel_emb: torch.Size([474, 480]), require_grad = True
[2026-03-29 03:22:01,741][root][INFO] - Parameter W_fuse: torch.Size([480, 480]), require_grad = True
[2026-03-29 03:22:01,741][root][INFO] - Parameter a_fuse: torch.Size([960, 1]), require_grad = True
[2026-03-29 03:22:01,741][root][INFO] - Parameter rel_embs.0: torch.Size([474, 480]), require_grad = True
[2026-03-29 03:22:01,741][root][INFO] - Parameter rel_embs.1: torch.Size([474, 480]), require_grad = True
[2026-03-29 03:22:01,741][root][INFO] - Parameter predictor.bn0.weight: torch.Size([1]), require_grad = True
[2026-03-29 03:22:01,741][root][INFO] - Parameter predictor.bn0.bias: torch.Size([1]), require_grad = True
[2026-03-29 03:22:01,741][root][INFO] - Parameter predictor.bn1.weight: torch.Size([200]), require_grad = True
[2026-03-29 03:22:01,741][root][INFO] - Parameter predictor.bn1.bias: torch.Size([200]), require_grad = True
[2026-03-29 03:22:01,741][root][INFO] - Parameter predictor.bn2.weight: torch.Size([480]), require_grad = True
[2026-03-29 03:22:01,741][root][INFO] - Parameter predictor.bn2.bias: torch.Size([480]), require_grad = True
[2026-03-29 03:22:01,741][root][INFO] - Parameter predictor.conv.weight: torch.Size([200, 1, 8, 8]), require_grad = True
[2026-03-29 03:22:01,741][root][INFO] - Parameter predictor.fc.weight: torch.Size([480, 115000]), require_grad = True
[2026-03-29 03:22:01,741][root][INFO] - Parameter L.weight: torch.Size([480, 480]), require_grad = True
[2026-03-29 03:22:01,741][root][INFO] - Parameter L.bias: torch.Size([480]), require_grad = True
[2026-03-29 03:22:01,741][root][INFO] - Parameter S.weight: torch.Size([480, 480]), require_grad = True
[2026-03-29 03:22:01,741][root][INFO] - Parameter S.bias: torch.Size([480]), require_grad = True
[2026-03-29 03:22:01,742][root][INFO] - Parameter comp_layers.0.neigh_w: torch.Size([480, 480]), require_grad = True
[2026-03-29 03:22:01,742][root][INFO] - Parameter comp_layers.0.W.0: torch.Size([480, 60]), require_grad = True
[2026-03-29 03:22:01,742][root][INFO] - Parameter comp_layers.0.W.1: torch.Size([480, 60]), require_grad = True
[2026-03-29 03:22:01,742][root][INFO] - Parameter comp_layers.0.W.2: torch.Size([480, 60]), require_grad = True
[2026-03-29 03:22:01,742][root][INFO] - Parameter comp_layers.0.W.3: torch.Size([480, 60]), require_grad = True
[2026-03-29 03:22:01,742][root][INFO] - Parameter comp_layers.0.W.4: torch.Size([480, 60]), require_grad = True
[2026-03-29 03:22:01,742][root][INFO] - Parameter comp_layers.0.W.5: torch.Size([480, 60]), require_grad = True
[2026-03-29 03:22:01,742][root][INFO] - Parameter comp_layers.0.W.6: torch.Size([480, 60]), require_grad = True
[2026-03-29 03:22:01,742][root][INFO] - Parameter comp_layers.0.W.7: torch.Size([480, 60]), require_grad = True
[2026-03-29 03:22:01,742][root][INFO] - Parameter comp_layers.0.W_r.0: torch.Size([480, 60]), require_grad = True
[2026-03-29 03:22:01,742][root][INFO] - Parameter comp_layers.0.W_r.1: torch.Size([480, 60]), require_grad = True
[2026-03-29 03:22:01,742][root][INFO] - Parameter comp_layers.0.W_r.2: torch.Size([480, 60]), require_grad = True
[2026-03-29 03:22:01,742][root][INFO] - Parameter comp_layers.0.W_r.3: torch.Size([480, 60]), require_grad = True
[2026-03-29 03:22:01,742][root][INFO] - Parameter comp_layers.0.W_r.4: torch.Size([480, 60]), require_grad = True
[2026-03-29 03:22:01,742][root][INFO] - Parameter comp_layers.0.W_r.5: torch.Size([480, 60]), require_grad = True
[2026-03-29 03:22:01,742][root][INFO] - Parameter comp_layers.0.W_r.6: torch.Size([480, 60]), require_grad = True
[2026-03-29 03:22:01,742][root][INFO] - Parameter comp_layers.0.W_r.7: torch.Size([480, 60]), require_grad = True
[2026-03-29 03:22:01,742][root][INFO] - Parameter comp_layers.0.a.0: torch.Size([180, 1]), require_grad = True
[2026-03-29 03:22:01,742][root][INFO] - Parameter comp_layers.0.a.1: torch.Size([180, 1]), require_grad = True
[2026-03-29 03:22:01,742][root][INFO] - Parameter comp_layers.0.a.2: torch.Size([180, 1]), require_grad = True
[2026-03-29 03:22:01,742][root][INFO] - Parameter comp_layers.0.a.3: torch.Size([180, 1]), require_grad = True
[2026-03-29 03:22:01,742][root][INFO] - Parameter comp_layers.0.a.4: torch.Size([180, 1]), require_grad = True
[2026-03-29 03:22:01,743][root][INFO] - Parameter comp_layers.0.a.5: torch.Size([180, 1]), require_grad = True
[2026-03-29 03:22:01,743][root][INFO] - Parameter comp_layers.0.a.6: torch.Size([180, 1]), require_grad = True
[2026-03-29 03:22:01,743][root][INFO] - Parameter comp_layers.0.a.7: torch.Size([180, 1]), require_grad = True
[2026-03-29 03:22:01,743][root][INFO] - Parameter comp_layers.1.neigh_w: torch.Size([480, 480]), require_grad = True
[2026-03-29 03:22:01,743][root][INFO] - Parameter comp_layers.1.W.0: torch.Size([480, 60]), require_grad = True
[2026-03-29 03:22:01,743][root][INFO] - Parameter comp_layers.1.W.1: torch.Size([480, 60]), require_grad = True
[2026-03-29 03:22:01,743][root][INFO] - Parameter comp_layers.1.W.2: torch.Size([480, 60]), require_grad = True
[2026-03-29 03:22:01,743][root][INFO] - Parameter comp_layers.1.W.3: torch.Size([480, 60]), require_grad = True
[2026-03-29 03:22:01,743][root][INFO] - Parameter comp_layers.1.W.4: torch.Size([480, 60]), require_grad = True
[2026-03-29 03:22:01,743][root][INFO] - Parameter comp_layers.1.W.5: torch.Size([480, 60]), require_grad = True
[2026-03-29 03:22:01,743][root][INFO] - Parameter comp_layers.1.W.6: torch.Size([480, 60]), require_grad = True
[2026-03-29 03:22:01,743][root][INFO] - Parameter comp_layers.1.W.7: torch.Size([480, 60]), require_grad = True
[2026-03-29 03:22:01,743][root][INFO] - Parameter comp_layers.1.W_r.0: torch.Size([480, 60]), require_grad = True
[2026-03-29 03:22:01,743][root][INFO] - Parameter comp_layers.1.W_r.1: torch.Size([480, 60]), require_grad = True
[2026-03-29 03:22:01,743][root][INFO] - Parameter comp_layers.1.W_r.2: torch.Size([480, 60]), require_grad = True
[2026-03-29 03:22:01,743][root][INFO] - Parameter comp_layers.1.W_r.3: torch.Size([480, 60]), require_grad = True
[2026-03-29 03:22:01,743][root][INFO] - Parameter comp_layers.1.W_r.4: torch.Size([480, 60]), require_grad = True
[2026-03-29 03:22:01,743][root][INFO] - Parameter comp_layers.1.W_r.5: torch.Size([480, 60]), require_grad = True
[2026-03-29 03:22:01,743][root][INFO] - Parameter comp_layers.1.W_r.6: torch.Size([480, 60]), require_grad = True
[2026-03-29 03:22:01,743][root][INFO] - Parameter comp_layers.1.W_r.7: torch.Size([480, 60]), require_grad = True
[2026-03-29 03:22:01,743][root][INFO] - Parameter comp_layers.1.a.0: torch.Size([180, 1]), require_grad = True
[2026-03-29 03:22:01,743][root][INFO] - Parameter comp_layers.1.a.1: torch.Size([180, 1]), require_grad = True
[2026-03-29 03:22:01,743][root][INFO] - Parameter comp_layers.1.a.2: torch.Size([180, 1]), require_grad = True
[2026-03-29 03:22:01,743][root][INFO] - Parameter comp_layers.1.a.3: torch.Size([180, 1]), require_grad = True
[2026-03-29 03:22:01,744][root][INFO] - Parameter comp_layers.1.a.4: torch.Size([180, 1]), require_grad = True
[2026-03-29 03:22:01,744][root][INFO] - Parameter comp_layers.1.a.5: torch.Size([180, 1]), require_grad = True
[2026-03-29 03:22:01,744][root][INFO] - Parameter comp_layers.1.a.6: torch.Size([180, 1]), require_grad = True
[2026-03-29 03:22:01,744][root][INFO] - Parameter comp_layers.1.a.7: torch.Size([180, 1]), require_grad = True
[2026-03-29 03:22:02,653][root][INFO] - Training... total epoch: 600, step: 88200
[2026-03-29 03:24:57,048][root][INFO] - Epoch:   0 | Loss: 0.4587 | Val - MRR: 0.0017, MR: 6532.62, H@1: 0.000, H@3: 0.000, H@10: 0.000 | Test - MRR: 0.0017 | *
[2026-03-29 03:27:52,901][root][INFO] - Epoch:   1 | Loss: 0.0057 | Val - MRR: 0.0067, MR: 5676.42, H@1: 0.002, H@3: 0.008, H@10: 0.010 | Test - MRR: 0.0066 | *
[2026-03-29 03:30:48,620][root][INFO] - Epoch:   2 | Loss: 0.0034 | Val - MRR: 0.0374, MR: 4207.74, H@1: 0.029, H@3: 0.037, H@10: 0.043 | Test - MRR: 0.0370 | *
[2026-03-29 03:33:45,661][root][INFO] - Epoch:   3 | Loss: 0.0032 | Val - MRR: 0.0835, MR: 2954.34, H@1: 0.069, H@3: 0.086, H@10: 0.100 | Test - MRR: 0.0816 | *
[2026-03-29 03:36:43,579][root][INFO] - Epoch:   4 | Loss: 0.0031 | Val - MRR: 0.1059, MR: 2229.38, H@1: 0.082, H@3: 0.111, H@10: 0.142 | Test - MRR: 0.1044 | *
[2026-03-29 03:39:39,554][root][INFO] - Epoch:   5 | Loss: 0.0031 | Val - MRR: 0.1273, MR: 1839.75, H@1: 0.098, H@3: 0.132, H@10: 0.180 | Test - MRR: 0.1269 | *
[2026-03-29 03:44:27,687][root][INFO] - Epoch:   6 | Loss: 0.0029 | Val - MRR: 0.1536, MR: 1476.84, H@1: 0.114, H@3: 0.165, H@10: 0.226 | Test - MRR: 0.1515 | *
[2026-03-29 03:50:26,140][root][INFO] - Epoch:   7 | Loss: 0.0028 | Val - MRR: 0.1697, MR: 1256.00, H@1: 0.126, H@3: 0.183, H@10: 0.249 | Test - MRR: 0.1674 | *
[2026-03-29 03:56:25,347][root][INFO] - Epoch:   8 | Loss: 0.0027 | Val - MRR: 0.1745, MR: 1090.10, H@1: 0.127, H@3: 0.188, H@10: 0.265 | Test - MRR: 0.1723 | *
[2026-03-29 04:02:24,520][root][INFO] - Epoch:   9 | Loss: 0.0026 | Val - MRR: 0.1830, MR:  988.90, H@1: 0.134, H@3: 0.197, H@10: 0.276 | Test - MRR: 0.1809 | *
[2026-03-29 04:08:24,345][root][INFO] - Epoch:  10 | Loss: 0.0025 | Val - MRR: 0.1877, MR:  863.81, H@1: 0.137, H@3: 0.202, H@10: 0.283 | Test - MRR: 0.1859 | *
[2026-03-29 04:14:24,555][root][INFO] - Epoch:  11 | Loss: 0.0025 | Val - MRR: 0.1943, MR:  794.01, H@1: 0.142, H@3: 0.207, H@10: 0.294 | Test - MRR: 0.1920 | *
[2026-03-29 04:20:23,205][root][INFO] - Epoch:  12 | Loss: 0.0025 | Val - MRR: 0.1984, MR:  721.15, H@1: 0.146, H@3: 0.211, H@10: 0.302 | Test - MRR: 0.1966 | *
[2026-03-29 04:26:19,222][root][INFO] - Epoch:  13 | Loss: 0.0025 | Val - MRR: 0.2039, MR:  663.67, H@1: 0.149, H@3: 0.219, H@10: 0.313 | Test - MRR: 0.2028 | *
[2026-03-29 04:32:14,322][root][INFO] - Epoch:  14 | Loss: 0.0024 | Val - MRR: 0.2065, MR:  632.12, H@1: 0.150, H@3: 0.222, H@10: 0.316 | Test - MRR: 0.2043 | *
[2026-03-29 04:38:11,815][root][INFO] - Epoch:  15 | Loss: 0.0024 | Val - MRR: 0.2082, MR:  588.48, H@1: 0.151, H@3: 0.225, H@10: 0.320 | Test - MRR: 0.2066 | *
[2026-03-29 04:44:12,445][root][INFO] - Epoch:  16 | Loss: 0.0025 | Val - MRR: 0.2111, MR:  564.13, H@1: 0.154, H@3: 0.227, H@10: 0.323 | Test - MRR: 0.2103 | *
[2026-03-29 04:49:11,297][root][INFO] - Epoch:  17 | Loss: 0.0024 | Val - MRR: 0.2133, MR:  540.36, H@1: 0.154, H@3: 0.231, H@10: 0.326 | Test - MRR: 0.2124 | *
[2026-03-29 04:52:06,488][root][INFO] - Epoch:  18 | Loss: 0.0023 | Val - MRR: 0.2151, MR:  508.98, H@1: 0.156, H@3: 0.232, H@10: 0.330 | Test - MRR: 0.2141 | *
[2026-03-29 04:54:59,505][root][INFO] - Epoch:  19 | Loss: 0.0023 | Val - MRR: 0.2174, MR:  506.07, H@1: 0.157, H@3: 0.236, H@10: 0.333 | Test - MRR: 0.2168 | *
[2026-03-29 04:57:51,108][root][INFO] - Epoch:  20 | Loss: 0.0023 | Val - MRR: 0.2182, MR:  494.75, H@1: 0.158, H@3: 0.237, H@10: 0.334 | Test - MRR: 0.2173 | *
[2026-03-29 05:00:42,196][root][INFO] - Epoch:  21 | Loss: 0.0022 | Val - MRR: 0.2204, MR:  478.73, H@1: 0.159, H@3: 0.239, H@10: 0.339 | Test - MRR: 0.2199 | *
[2026-03-29 05:03:33,975][root][INFO] - Epoch:  22 | Loss: 0.0022 | Val - MRR: 0.2238, MR:  461.73, H@1: 0.163, H@3: 0.240, H@10: 0.343 | Test - MRR: 0.2234 | *
[2026-03-29 05:06:23,289][root][INFO] - Epoch:  23 | Loss: 0.0023 | Val - MRR: 0.2255, MR:  448.35, H@1: 0.163, H@3: 0.245, H@10: 0.345 | Test - MRR: 0.2248 | *
[2026-03-29 05:09:15,423][root][INFO] - Epoch:  24 | Loss: 0.0022 | Val - MRR: 0.2272, MR:  442.45, H@1: 0.165, H@3: 0.245, H@10: 0.348 | Test - MRR: 0.2266 | *
[2026-03-29 05:12:04,239][root][INFO] - Epoch:  25 | Loss: 0.0023 | Val - MRR: 0.2282, MR:  435.49, H@1: 0.165, H@3: 0.247, H@10: 0.349 | Test - MRR: 0.2287 | *
[2026-03-29 05:14:53,891][root][INFO] - Epoch:  26 | Loss: 0.0021 | Val - MRR: 0.2302, MR:  416.58, H@1: 0.167, H@3: 0.249, H@10: 0.351 | Test - MRR: 0.2300 | *
[2026-03-29 05:17:44,580][root][INFO] - Epoch:  27 | Loss: 0.0022 | Val - MRR: 0.2317, MR:  407.03, H@1: 0.167, H@3: 0.251, H@10: 0.354 | Test - MRR: 0.2313 | *
[2026-03-29 05:20:31,058][root][INFO] - Epoch:  28 | Loss: 0.0022 | Val - MRR: 0.2328, MR:  403.05, H@1: 0.168, H@3: 0.252, H@10: 0.357 | Test - MRR: 0.2316 | *
[2026-03-29 05:23:20,116][root][INFO] - Epoch:  29 | Loss: 0.0021 | Val - MRR: 0.2337, MR:  406.26, H@1: 0.170, H@3: 0.252, H@10: 0.357 | Test - MRR: 0.2320 | *
[2026-03-29 05:26:07,626][root][INFO] - Epoch:  30 | Loss: 0.0021 | Val - MRR: 0.2370, MR:  395.58, H@1: 0.171, H@3: 0.257, H@10: 0.363 | Test - MRR: 0.2359 | *
[2026-03-29 05:28:57,633][root][INFO] - Epoch:  31 | Loss: 0.0021 | Val - MRR: 0.2380, MR:  389.39, H@1: 0.172, H@3: 0.259, H@10: 0.367 | Test - MRR: 0.2367 | *
[2026-03-29 05:31:29,814][root][INFO] - Epoch:  32 | Loss: 0.0020 | Val - MRR: 0.2378, MR:  377.84, H@1: 0.171, H@3: 0.258, H@10: 0.365 | 
[2026-03-29 05:34:15,731][root][INFO] - Epoch:  33 | Loss: 0.0021 | Val - MRR: 0.2422, MR:  376.65, H@1: 0.175, H@3: 0.263, H@10: 0.372 | Test - MRR: 0.2412 | *
[2026-03-29 05:37:00,681][root][INFO] - Epoch:  34 | Loss: 0.0021 | Val - MRR: 0.2428, MR:  373.06, H@1: 0.176, H@3: 0.263, H@10: 0.373 | Test - MRR: 0.2418 | *
[2026-03-29 05:39:47,768][root][INFO] - Epoch:  35 | Loss: 0.0021 | Val - MRR: 0.2445, MR:  360.18, H@1: 0.177, H@3: 0.266, H@10: 0.375 | Test - MRR: 0.2430 | *
[2026-03-29 05:42:34,669][root][INFO] - Epoch:  36 | Loss: 0.0021 | Val - MRR: 0.2462, MR:  346.88, H@1: 0.178, H@3: 0.268, H@10: 0.376 | Test - MRR: 0.2443 | *
[2026-03-29 05:45:21,080][root][INFO] - Epoch:  37 | Loss: 0.0020 | Val - MRR: 0.2477, MR:  333.75, H@1: 0.179, H@3: 0.270, H@10: 0.380 | Test - MRR: 0.2464 | *
[2026-03-29 05:48:07,331][root][INFO] - Epoch:  38 | Loss: 0.0020 | Val - MRR: 0.2500, MR:  328.87, H@1: 0.181, H@3: 0.273, H@10: 0.381 | Test - MRR: 0.2492 | *
[2026-03-29 05:50:52,524][root][INFO] - Epoch:  39 | Loss: 0.0020 | Val - MRR: 0.2519, MR:  321.97, H@1: 0.183, H@3: 0.274, H@10: 0.383 | Test - MRR: 0.2502 | *
[2026-03-29 05:53:37,723][root][INFO] - Epoch:  40 | Loss: 0.0020 | Val - MRR: 0.2538, MR:  325.31, H@1: 0.184, H@3: 0.277, H@10: 0.387 | Test - MRR: 0.2516 | *
[2026-03-29 05:56:22,006][root][INFO] - Epoch:  41 | Loss: 0.0020 | Val - MRR: 0.2544, MR:  321.37, H@1: 0.185, H@3: 0.275, H@10: 0.388 | Test - MRR: 0.2530 | *
[2026-03-29 05:59:07,517][root][INFO] - Epoch:  42 | Loss: 0.0020 | Val - MRR: 0.2570, MR:  311.60, H@1: 0.186, H@3: 0.281, H@10: 0.392 | Test - MRR: 0.2552 | *
[2026-03-29 06:01:54,359][root][INFO] - Epoch:  43 | Loss: 0.0019 | Val - MRR: 0.2593, MR:  307.50, H@1: 0.189, H@3: 0.282, H@10: 0.393 | Test - MRR: 0.2575 | *
[2026-03-29 06:04:39,747][root][INFO] - Epoch:  44 | Loss: 0.0020 | Val - MRR: 0.2603, MR:  305.12, H@1: 0.189, H@3: 0.285, H@10: 0.395 | Test - MRR: 0.2583 | *
[2026-03-29 06:07:25,033][root][INFO] - Epoch:  45 | Loss: 0.0019 | Val - MRR: 0.2626, MR:  295.11, H@1: 0.192, H@3: 0.285, H@10: 0.399 | Test - MRR: 0.2608 | *
[2026-03-29 06:10:09,591][root][INFO] - Epoch:  46 | Loss: 0.0020 | Val - MRR: 0.2639, MR:  290.99, H@1: 0.193, H@3: 0.286, H@10: 0.399 | Test - MRR: 0.2617 | *
[2026-03-29 06:12:54,322][root][INFO] - Epoch:  47 | Loss: 0.0019 | Val - MRR: 0.2658, MR:  287.62, H@1: 0.195, H@3: 0.288, H@10: 0.403 | Test - MRR: 0.2625 | *
[2026-03-29 06:15:40,110][root][INFO] - Epoch:  48 | Loss: 0.0019 | Val - MRR: 0.2672, MR:  286.55, H@1: 0.196, H@3: 0.289, H@10: 0.404 | Test - MRR: 0.2640 | *
[2026-03-29 06:18:23,031][root][INFO] - Epoch:  49 | Loss: 0.0019 | Val - MRR: 0.2680, MR:  279.23, H@1: 0.195, H@3: 0.291, H@10: 0.407 | Test - MRR: 0.2652 | *
[2026-03-29 06:21:08,300][root][INFO] - Epoch:  50 | Loss: 0.0019 | Val - MRR: 0.2709, MR:  272.22, H@1: 0.198, H@3: 0.294, H@10: 0.412 | Test - MRR: 0.2678 | *
[2026-03-29 06:23:52,345][root][INFO] - Epoch:  51 | Loss: 0.0019 | Val - MRR: 0.2730, MR:  271.19, H@1: 0.200, H@3: 0.297, H@10: 0.413 | Test - MRR: 0.2692 | *
[2026-03-29 06:26:35,333][root][INFO] - Epoch:  52 | Loss: 0.0018 | Val - MRR: 0.2739, MR:  263.77, H@1: 0.200, H@3: 0.300, H@10: 0.417 | Test - MRR: 0.2711 | *
[2026-03-29 06:29:18,869][root][INFO] - Epoch:  53 | Loss: 0.0018 | Val - MRR: 0.2740, MR:  275.62, H@1: 0.200, H@3: 0.298, H@10: 0.417 | Test - MRR: 0.2716 | *
[2026-03-29 06:32:02,558][root][INFO] - Epoch:  54 | Loss: 0.0019 | Val - MRR: 0.2760, MR:  273.12, H@1: 0.201, H@3: 0.301, H@10: 0.420 | Test - MRR: 0.2733 | *
[2026-03-29 06:34:48,369][root][INFO] - Epoch:  55 | Loss: 0.0019 | Val - MRR: 0.2779, MR:  269.65, H@1: 0.204, H@3: 0.302, H@10: 0.422 | Test - MRR: 0.2756 | *
[2026-03-29 06:37:30,880][root][INFO] - Epoch:  56 | Loss: 0.0018 | Val - MRR: 0.2796, MR:  253.06, H@1: 0.205, H@3: 0.303, H@10: 0.424 | Test - MRR: 0.2766 | *
[2026-03-29 06:40:14,129][root][INFO] - Epoch:  57 | Loss: 0.0018 | Val - MRR: 0.2810, MR:  248.95, H@1: 0.206, H@3: 0.305, H@10: 0.429 | Test - MRR: 0.2781 | *
[2026-03-29 06:42:56,420][root][INFO] - Epoch:  58 | Loss: 0.0018 | Val - MRR: 0.2832, MR:  245.32, H@1: 0.208, H@3: 0.306, H@10: 0.430 | Test - MRR: 0.2796 | *
[2026-03-29 06:45:39,230][root][INFO] - Epoch:  59 | Loss: 0.0018 | Val - MRR: 0.2835, MR:  241.19, H@1: 0.209, H@3: 0.308, H@10: 0.429 | Test - MRR: 0.2791 | *
[2026-03-29 06:48:22,342][root][INFO] - Epoch:  60 | Loss: 0.0018 | Val - MRR: 0.2870, MR:  239.11, H@1: 0.211, H@3: 0.312, H@10: 0.434 | Test - MRR: 0.2824 | *
[2026-03-29 06:51:02,727][root][INFO] - Epoch:  61 | Loss: 0.0018 | Val - MRR: 0.2874, MR:  234.42, H@1: 0.211, H@3: 0.311, H@10: 0.437 | Test - MRR: 0.2832 | *
[2026-03-29 06:53:47,409][root][INFO] - Epoch:  62 | Loss: 0.0018 | Val - MRR: 0.2876, MR:  233.22, H@1: 0.211, H@3: 0.314, H@10: 0.438 | Test - MRR: 0.2847 | *
[2026-03-29 06:56:30,152][root][INFO] - Epoch:  63 | Loss: 0.0018 | Val - MRR: 0.2899, MR:  237.12, H@1: 0.213, H@3: 0.314, H@10: 0.441 | Test - MRR: 0.2876 | *
[2026-03-29 06:59:10,010][root][INFO] - Epoch:  64 | Loss: 0.0017 | Val - MRR: 0.2910, MR:  229.73, H@1: 0.214, H@3: 0.315, H@10: 0.443 | Test - MRR: 0.2882 | *
[2026-03-29 07:01:52,055][root][INFO] - Epoch:  65 | Loss: 0.0018 | Val - MRR: 0.2935, MR:  225.51, H@1: 0.216, H@3: 0.319, H@10: 0.444 | Test - MRR: 0.2902 | *
[2026-03-29 07:04:32,371][root][INFO] - Epoch:  66 | Loss: 0.0017 | Val - MRR: 0.2934, MR:  219.91, H@1: 0.216, H@3: 0.320, H@10: 0.447 | Test - MRR: 0.2911 | *
[2026-03-29 07:07:11,370][root][INFO] - Epoch:  67 | Loss: 0.0018 | Val - MRR: 0.2942, MR:  219.02, H@1: 0.217, H@3: 0.318, H@10: 0.447 | Test - MRR: 0.2911 | *
[2026-03-29 07:09:52,398][root][INFO] - Epoch:  68 | Loss: 0.0018 | Val - MRR: 0.2952, MR:  218.55, H@1: 0.217, H@3: 0.320, H@10: 0.448 | Test - MRR: 0.2923 | *
[2026-03-29 07:12:32,946][root][INFO] - Epoch:  69 | Loss: 0.0018 | Val - MRR: 0.2974, MR:  216.40, H@1: 0.219, H@3: 0.323, H@10: 0.452 | Test - MRR: 0.2940 | *
[2026-03-29 07:15:13,079][root][INFO] - Epoch:  70 | Loss: 0.0017 | Val - MRR: 0.2995, MR:  212.77, H@1: 0.221, H@3: 0.325, H@10: 0.455 | Test - MRR: 0.2963 | *
[2026-03-29 07:17:35,569][root][INFO] - Epoch:  71 | Loss: 0.0017 | Val - MRR: 0.2991, MR:  211.25, H@1: 0.221, H@3: 0.324, H@10: 0.454 | 
[2026-03-29 07:20:15,500][root][INFO] - Epoch:  72 | Loss: 0.0017 | Val - MRR: 0.3003, MR:  208.49, H@1: 0.221, H@3: 0.325, H@10: 0.457 | Test - MRR: 0.2972 | *
[2026-03-29 07:22:54,916][root][INFO] - Epoch:  73 | Loss: 0.0017 | Val - MRR: 0.3016, MR:  205.73, H@1: 0.222, H@3: 0.328, H@10: 0.461 | Test - MRR: 0.2979 | *
[2026-03-29 07:25:34,912][root][INFO] - Epoch:  74 | Loss: 0.0017 | Val - MRR: 0.3014, MR:  207.74, H@1: 0.221, H@3: 0.328, H@10: 0.462 | Test - MRR: 0.2984 | *
[2026-03-29 07:28:13,624][root][INFO] - Epoch:  75 | Loss: 0.0017 | Val - MRR: 0.3030, MR:  211.22, H@1: 0.223, H@3: 0.328, H@10: 0.462 | Test - MRR: 0.3003 | *
[2026-03-29 07:30:51,636][root][INFO] - Epoch:  76 | Loss: 0.0017 | Val - MRR: 0.3046, MR:  207.12, H@1: 0.224, H@3: 0.332, H@10: 0.465 | Test - MRR: 0.3015 | *
[2026-03-29 07:33:31,640][root][INFO] - Epoch:  77 | Loss: 0.0017 | Val - MRR: 0.3056, MR:  215.62, H@1: 0.225, H@3: 0.332, H@10: 0.465 | Test - MRR: 0.3023 | *
[2026-03-29 07:36:11,156][root][INFO] - Epoch:  78 | Loss: 0.0017 | Val - MRR: 0.3064, MR:  202.37, H@1: 0.225, H@3: 0.334, H@10: 0.468 | Test - MRR: 0.3039 | *
[2026-03-29 07:38:50,584][root][INFO] - Epoch:  79 | Loss: 0.0017 | Val - MRR: 0.3083, MR:  200.28, H@1: 0.227, H@3: 0.335, H@10: 0.469 | Test - MRR: 0.3041 | *
[2026-03-29 07:41:29,389][root][INFO] - Epoch:  80 | Loss: 0.0017 | Val - MRR: 0.3104, MR:  201.37, H@1: 0.230, H@3: 0.336, H@10: 0.471 | Test - MRR: 0.3064 | *
[2026-03-29 07:44:06,830][root][INFO] - Epoch:  81 | Loss: 0.0017 | Val - MRR: 0.3099, MR:  196.87, H@1: 0.228, H@3: 0.336, H@10: 0.474 | Test - MRR: 0.3065 | *
[2026-03-29 07:46:45,531][root][INFO] - Epoch:  82 | Loss: 0.0016 | Val - MRR: 0.3110, MR:  197.38, H@1: 0.229, H@3: 0.338, H@10: 0.474 | Test - MRR: 0.3069 | *
[2026-03-29 07:49:25,355][root][INFO] - Epoch:  83 | Loss: 0.0017 | Val - MRR: 0.3132, MR:  193.88, H@1: 0.232, H@3: 0.339, H@10: 0.478 | Test - MRR: 0.3092 | *
[2026-03-29 07:52:05,694][root][INFO] - Epoch:  84 | Loss: 0.0016 | Val - MRR: 0.3127, MR:  194.27, H@1: 0.230, H@3: 0.340, H@10: 0.478 | Test - MRR: 0.3096 | *
[2026-03-29 07:54:45,512][root][INFO] - Epoch:  85 | Loss: 0.0017 | Val - MRR: 0.3147, MR:  197.77, H@1: 0.233, H@3: 0.341, H@10: 0.479 | Test - MRR: 0.3107 | *
[2026-03-29 07:57:06,895][root][INFO] - Epoch:  86 | Loss: 0.0017 | Val - MRR: 0.3146, MR:  192.14, H@1: 0.232, H@3: 0.342, H@10: 0.480 | 
[2026-03-29 07:59:44,398][root][INFO] - Epoch:  87 | Loss: 0.0016 | Val - MRR: 0.3150, MR:  201.34, H@1: 0.231, H@3: 0.344, H@10: 0.482 | Test - MRR: 0.3120 | *
[2026-03-29 08:02:21,895][root][INFO] - Epoch:  88 | Loss: 0.0016 | Val - MRR: 0.3154, MR:  188.14, H@1: 0.233, H@3: 0.342, H@10: 0.482 | Test - MRR: 0.3117 | *
[2026-03-29 08:04:58,999][root][INFO] - Epoch:  89 | Loss: 0.0016 | Val - MRR: 0.3169, MR:  186.63, H@1: 0.233, H@3: 0.345, H@10: 0.483 | Test - MRR: 0.3131 | *
[2026-03-29 08:07:38,949][root][INFO] - Epoch:  90 | Loss: 0.0016 | Val - MRR: 0.3181, MR:  187.88, H@1: 0.234, H@3: 0.346, H@10: 0.484 | Test - MRR: 0.3149 | *
[2026-03-29 08:10:16,728][root][INFO] - Epoch:  91 | Loss: 0.0016 | Val - MRR: 0.3198, MR:  185.43, H@1: 0.236, H@3: 0.348, H@10: 0.485 | Test - MRR: 0.3159 | *
[2026-03-29 08:12:54,018][root][INFO] - Epoch:  92 | Loss: 0.0016 | Val - MRR: 0.3202, MR:  182.41, H@1: 0.237, H@3: 0.348, H@10: 0.488 | Test - MRR: 0.3168 | *
[2026-03-29 08:15:32,595][root][INFO] - Epoch:  93 | Loss: 0.0016 | Val - MRR: 0.3212, MR:  180.68, H@1: 0.238, H@3: 0.348, H@10: 0.490 | Test - MRR: 0.3175 | *
[2026-03-29 08:18:10,492][root][INFO] - Epoch:  94 | Loss: 0.0016 | Val - MRR: 0.3227, MR:  186.19, H@1: 0.240, H@3: 0.351, H@10: 0.489 | Test - MRR: 0.3192 | *
[2026-03-29 08:20:30,837][root][INFO] - Epoch:  95 | Loss: 0.0016 | Val - MRR: 0.3210, MR:  186.06, H@1: 0.238, H@3: 0.347, H@10: 0.488 | 
[2026-03-29 08:22:51,967][root][INFO] - Epoch:  96 | Loss: 0.0016 | Val - MRR: 0.3222, MR:  180.63, H@1: 0.239, H@3: 0.349, H@10: 0.492 | 
[2026-03-29 08:25:28,603][root][INFO] - Epoch:  97 | Loss: 0.0016 | Val - MRR: 0.3233, MR:  176.73, H@1: 0.239, H@3: 0.351, H@10: 0.493 | Test - MRR: 0.3197 | *
[2026-03-29 08:28:05,810][root][INFO] - Epoch:  98 | Loss: 0.0016 | Val - MRR: 0.3244, MR:  178.17, H@1: 0.241, H@3: 0.352, H@10: 0.493 | Test - MRR: 0.3218 | *
[2026-03-29 08:30:26,775][root][INFO] - Epoch:  99 | Loss: 0.0016 | Val - MRR: 0.3242, MR:  178.08, H@1: 0.240, H@3: 0.352, H@10: 0.494 | 
[2026-03-29 08:33:04,881][root][INFO] - Epoch: 100 | Loss: 0.0016 | Val - MRR: 0.3245, MR:  179.34, H@1: 0.240, H@3: 0.354, H@10: 0.495 | Test - MRR: 0.3218 | *
[2026-03-29 08:35:42,594][root][INFO] - Epoch: 101 | Loss: 0.0016 | Val - MRR: 0.3259, MR:  178.83, H@1: 0.241, H@3: 0.356, H@10: 0.496 | Test - MRR: 0.3231 | *
[2026-03-29 08:38:20,336][root][INFO] - Epoch: 102 | Loss: 0.0016 | Val - MRR: 0.3279, MR:  176.77, H@1: 0.242, H@3: 0.358, H@10: 0.498 | Test - MRR: 0.3240 | *
[2026-03-29 08:40:57,429][root][INFO] - Epoch: 103 | Loss: 0.0016 | Val - MRR: 0.3280, MR:  174.04, H@1: 0.243, H@3: 0.356, H@10: 0.499 | Test - MRR: 0.3245 | *
[2026-03-29 08:43:34,781][root][INFO] - Epoch: 104 | Loss: 0.0016 | Val - MRR: 0.3291, MR:  174.32, H@1: 0.244, H@3: 0.359, H@10: 0.502 | Test - MRR: 0.3257 | *
[2026-03-29 08:46:11,361][root][INFO] - Epoch: 105 | Loss: 0.0016 | Val - MRR: 0.3298, MR:  175.54, H@1: 0.245, H@3: 0.358, H@10: 0.502 | Test - MRR: 0.3260 | *
[2026-03-29 08:48:48,499][root][INFO] - Epoch: 106 | Loss: 0.0016 | Val - MRR: 0.3290, MR:  171.09, H@1: 0.243, H@3: 0.360, H@10: 0.500 | Test - MRR: 0.3267 | *
[2026-03-29 08:51:25,318][root][INFO] - Epoch: 107 | Loss: 0.0016 | Val - MRR: 0.3315, MR:  170.95, H@1: 0.246, H@3: 0.362, H@10: 0.504 | Test - MRR: 0.3283 | *
[2026-03-29 08:53:44,937][root][INFO] - Epoch: 108 | Loss: 0.0016 | Val - MRR: 0.3303, MR:  171.01, H@1: 0.244, H@3: 0.360, H@10: 0.505 | 
[2026-03-29 08:56:05,141][root][INFO] - Epoch: 109 | Loss: 0.0016 | Val - MRR: 0.3311, MR:  168.83, H@1: 0.245, H@3: 0.362, H@10: 0.503 | 
[2026-03-29 08:58:43,173][root][INFO] - Epoch: 110 | Loss: 0.0015 | Val - MRR: 0.3318, MR:  169.16, H@1: 0.246, H@3: 0.362, H@10: 0.503 | Test - MRR: 0.3282 | *
[2026-03-29 09:01:20,343][root][INFO] - Epoch: 111 | Loss: 0.0016 | Val - MRR: 0.3331, MR:  169.62, H@1: 0.247, H@3: 0.363, H@10: 0.505 | Test - MRR: 0.3299 | *
[2026-03-29 09:03:40,269][root][INFO] - Epoch: 112 | Loss: 0.0016 | Val - MRR: 0.3330, MR:  168.83, H@1: 0.247, H@3: 0.363, H@10: 0.503 | 
[2026-03-29 09:06:16,474][root][INFO] - Epoch: 113 | Loss: 0.0015 | Val - MRR: 0.3342, MR:  170.37, H@1: 0.248, H@3: 0.364, H@10: 0.507 | Test - MRR: 0.3306 | *
[2026-03-29 09:08:54,351][root][INFO] - Epoch: 114 | Loss: 0.0015 | Val - MRR: 0.3355, MR:  169.82, H@1: 0.250, H@3: 0.365, H@10: 0.508 | Test - MRR: 0.3307 | *
[2026-03-29 09:11:15,455][root][INFO] - Epoch: 115 | Loss: 0.0015 | Val - MRR: 0.3337, MR:  167.94, H@1: 0.247, H@3: 0.364, H@10: 0.508 | 
[2026-03-29 09:13:51,119][root][INFO] - Epoch: 116 | Loss: 0.0015 | Val - MRR: 0.3358, MR:  166.40, H@1: 0.249, H@3: 0.367, H@10: 0.510 | Test - MRR: 0.3318 | *
[2026-03-29 09:16:28,262][root][INFO] - Epoch: 117 | Loss: 0.0015 | Val - MRR: 0.3372, MR:  167.32, H@1: 0.250, H@3: 0.369, H@10: 0.512 | Test - MRR: 0.3334 | *
[2026-03-29 09:18:47,820][root][INFO] - Epoch: 118 | Loss: 0.0015 | Val - MRR: 0.3353, MR:  170.29, H@1: 0.249, H@3: 0.365, H@10: 0.509 | 
[2026-03-29 09:21:07,015][root][INFO] - Epoch: 119 | Loss: 0.0015 | Val - MRR: 0.3349, MR:  166.72, H@1: 0.249, H@3: 0.364, H@10: 0.508 | 
[2026-03-29 09:23:45,812][root][INFO] - Epoch: 120 | Loss: 0.0015 | Val - MRR: 0.3375, MR:  170.61, H@1: 0.250, H@3: 0.368, H@10: 0.512 | Test - MRR: 0.3351 | *
[2026-03-29 09:26:06,007][root][INFO] - Epoch: 121 | Loss: 0.0015 | Val - MRR: 0.3373, MR:  167.71, H@1: 0.250, H@3: 0.367, H@10: 0.512 | 
[2026-03-29 09:28:42,419][root][INFO] - Epoch: 122 | Loss: 0.0015 | Val - MRR: 0.3376, MR:  164.22, H@1: 0.250, H@3: 0.367, H@10: 0.515 | Test - MRR: 0.3342 | *
[2026-03-29 09:31:21,173][root][INFO] - Epoch: 123 | Loss: 0.0015 | Val - MRR: 0.3392, MR:  168.76, H@1: 0.251, H@3: 0.371, H@10: 0.515 | Test - MRR: 0.3360 | *
[2026-03-29 09:33:40,861][root][INFO] - Epoch: 124 | Loss: 0.0015 | Val - MRR: 0.3379, MR:  165.19, H@1: 0.251, H@3: 0.368, H@10: 0.514 | 
[2026-03-29 09:36:17,769][root][INFO] - Epoch: 125 | Loss: 0.0015 | Val - MRR: 0.3398, MR:  162.63, H@1: 0.252, H@3: 0.369, H@10: 0.516 | Test - MRR: 0.3358 | *
[2026-03-29 09:38:56,497][root][INFO] - Epoch: 126 | Loss: 0.0015 | Val - MRR: 0.3399, MR:  165.33, H@1: 0.252, H@3: 0.371, H@10: 0.516 | Test - MRR: 0.3366 | *
[2026-03-29 09:41:16,885][root][INFO] - Epoch: 127 | Loss: 0.0015 | Val - MRR: 0.3398, MR:  165.01, H@1: 0.252, H@3: 0.370, H@10: 0.515 | 
[2026-03-29 09:43:54,514][root][INFO] - Epoch: 128 | Loss: 0.0015 | Val - MRR: 0.3418, MR:  164.31, H@1: 0.255, H@3: 0.372, H@10: 0.517 | Test - MRR: 0.3376 | *
[2026-03-29 09:46:30,185][root][INFO] - Epoch: 129 | Loss: 0.0015 | Val - MRR: 0.3420, MR:  163.72, H@1: 0.254, H@3: 0.374, H@10: 0.518 | Test - MRR: 0.3386 | *
[2026-03-29 09:48:51,665][root][INFO] - Epoch: 130 | Loss: 0.0015 | Val - MRR: 0.3419, MR:  162.97, H@1: 0.254, H@3: 0.373, H@10: 0.520 | 
[2026-03-29 09:51:26,848][root][INFO] - Epoch: 131 | Loss: 0.0015 | Val - MRR: 0.3422, MR:  160.73, H@1: 0.254, H@3: 0.373, H@10: 0.518 | Test - MRR: 0.3385 | *
[2026-03-29 09:54:03,720][root][INFO] - Epoch: 132 | Loss: 0.0015 | Val - MRR: 0.3430, MR:  163.37, H@1: 0.255, H@3: 0.374, H@10: 0.519 | Test - MRR: 0.3386 | *
[2026-03-29 09:56:43,087][root][INFO] - Epoch: 133 | Loss: 0.0015 | Val - MRR: 0.3431, MR:  160.18, H@1: 0.256, H@3: 0.372, H@10: 0.520 | Test - MRR: 0.3396 | *
[2026-03-29 09:59:04,468][root][INFO] - Epoch: 134 | Loss: 0.0015 | Val - MRR: 0.3428, MR:  162.29, H@1: 0.256, H@3: 0.373, H@10: 0.519 | 
[2026-03-29 10:01:41,804][root][INFO] - Epoch: 135 | Loss: 0.0015 | Val - MRR: 0.3441, MR:  158.90, H@1: 0.256, H@3: 0.375, H@10: 0.523 | Test - MRR: 0.3400 | *
[2026-03-29 10:04:17,005][root][INFO] - Epoch: 136 | Loss: 0.0015 | Val - MRR: 0.3458, MR:  160.63, H@1: 0.258, H@3: 0.377, H@10: 0.523 | Test - MRR: 0.3416 | *
[2026-03-29 10:06:52,832][root][INFO] - Epoch: 137 | Loss: 0.0015 | Val - MRR: 0.3465, MR:  159.91, H@1: 0.258, H@3: 0.378, H@10: 0.523 | Test - MRR: 0.3419 | *
[2026-03-29 10:09:28,263][root][INFO] - Epoch: 138 | Loss: 0.0015 | Val - MRR: 0.3470, MR:  161.89, H@1: 0.259, H@3: 0.378, H@10: 0.524 | Test - MRR: 0.3417 | *
[2026-03-29 10:11:49,598][root][INFO] - Epoch: 139 | Loss: 0.0015 | Val - MRR: 0.3441, MR:  160.83, H@1: 0.256, H@3: 0.376, H@10: 0.521 | 
[2026-03-29 10:14:09,661][root][INFO] - Epoch: 140 | Loss: 0.0015 | Val - MRR: 0.3456, MR:  158.07, H@1: 0.258, H@3: 0.376, H@10: 0.524 | 
[2026-03-29 10:16:46,558][root][INFO] - Epoch: 141 | Loss: 0.0015 | Val - MRR: 0.3468, MR:  160.56, H@1: 0.259, H@3: 0.377, H@10: 0.524 | Test - MRR: 0.3431 | *
[2026-03-29 10:19:26,160][root][INFO] - Epoch: 142 | Loss: 0.0015 | Val - MRR: 0.3475, MR:  162.10, H@1: 0.259, H@3: 0.380, H@10: 0.524 | Test - MRR: 0.3431 | *
[2026-03-29 10:21:46,206][root][INFO] - Epoch: 143 | Loss: 0.0015 | Val - MRR: 0.3471, MR:  162.85, H@1: 0.259, H@3: 0.379, H@10: 0.525 | 
[2026-03-29 10:24:22,611][root][INFO] - Epoch: 144 | Loss: 0.0015 | Val - MRR: 0.3473, MR:  161.48, H@1: 0.259, H@3: 0.380, H@10: 0.524 | Test - MRR: 0.3436 | *
[2026-03-29 10:26:58,742][root][INFO] - Epoch: 145 | Loss: 0.0015 | Val - MRR: 0.3474, MR:  159.23, H@1: 0.259, H@3: 0.380, H@10: 0.524 | Test - MRR: 0.3436 | *
[2026-03-29 10:29:34,046][root][INFO] - Epoch: 146 | Loss: 0.0015 | Val - MRR: 0.3482, MR:  159.32, H@1: 0.259, H@3: 0.381, H@10: 0.527 | Test - MRR: 0.3445 | *
[2026-03-29 10:32:09,652][root][INFO] - Epoch: 147 | Loss: 0.0015 | Val - MRR: 0.3485, MR:  158.26, H@1: 0.260, H@3: 0.381, H@10: 0.526 | Test - MRR: 0.3448 | *
[2026-03-29 10:34:45,278][root][INFO] - Epoch: 148 | Loss: 0.0015 | Val - MRR: 0.3485, MR:  158.36, H@1: 0.260, H@3: 0.380, H@10: 0.527 | Test - MRR: 0.3444 | *
[2026-03-29 10:37:21,546][root][INFO] - Epoch: 149 | Loss: 0.0014 | Val - MRR: 0.3493, MR:  157.96, H@1: 0.259, H@3: 0.383, H@10: 0.527 | Test - MRR: 0.3455 | *
[2026-03-29 10:39:55,993][root][INFO] - Epoch: 150 | Loss: 0.0015 | Val - MRR: 0.3494, MR:  157.33, H@1: 0.259, H@3: 0.383, H@10: 0.528 | Test - MRR: 0.3453 | *
[2026-03-29 10:42:15,715][root][INFO] - Epoch: 151 | Loss: 0.0015 | Val - MRR: 0.3493, MR:  158.85, H@1: 0.260, H@3: 0.381, H@10: 0.529 | 
[2026-03-29 10:44:34,904][root][INFO] - Epoch: 152 | Loss: 0.0015 | Val - MRR: 0.3476, MR:  160.32, H@1: 0.259, H@3: 0.378, H@10: 0.527 | 
[2026-03-29 10:46:54,220][root][INFO] - Epoch: 153 | Loss: 0.0014 | Val - MRR: 0.3490, MR:  155.91, H@1: 0.260, H@3: 0.383, H@10: 0.528 | 
[2026-03-29 10:49:30,661][root][INFO] - Epoch: 154 | Loss: 0.0014 | Val - MRR: 0.3494, MR:  158.42, H@1: 0.260, H@3: 0.382, H@10: 0.528 | Test - MRR: 0.3458 | *
[2026-03-29 10:52:06,227][root][INFO] - Epoch: 155 | Loss: 0.0014 | Val - MRR: 0.3504, MR:  157.77, H@1: 0.262, H@3: 0.382, H@10: 0.529 | Test - MRR: 0.3468 | *
[2026-03-29 10:54:41,728][root][INFO] - Epoch: 156 | Loss: 0.0014 | Val - MRR: 0.3516, MR:  158.03, H@1: 0.263, H@3: 0.382, H@10: 0.530 | Test - MRR: 0.3467 | *
[2026-03-29 10:57:00,459][root][INFO] - Epoch: 157 | Loss: 0.0014 | Val - MRR: 0.3508, MR:  158.17, H@1: 0.262, H@3: 0.383, H@10: 0.530 | 
[2026-03-29 10:59:36,891][root][INFO] - Epoch: 158 | Loss: 0.0014 | Val - MRR: 0.3519, MR:  159.31, H@1: 0.263, H@3: 0.384, H@10: 0.530 | Test - MRR: 0.3469 | *
[2026-03-29 11:02:14,744][root][INFO] - Epoch: 159 | Loss: 0.0014 | Val - MRR: 0.3525, MR:  160.49, H@1: 0.263, H@3: 0.384, H@10: 0.530 | Test - MRR: 0.3475 | *
[2026-03-29 11:04:52,602][root][INFO] - Epoch: 160 | Loss: 0.0014 | Val - MRR: 0.3512, MR:  158.62, H@1: 0.262, H@3: 0.383, H@10: 0.531 | Test - MRR: 0.3478 | *
[2026-03-29 11:07:28,485][root][INFO] - Epoch: 161 | Loss: 0.0014 | Val - MRR: 0.3521, MR:  159.02, H@1: 0.263, H@3: 0.386, H@10: 0.530 | Test - MRR: 0.3478 | *
[2026-03-29 11:10:05,972][root][INFO] - Epoch: 162 | Loss: 0.0014 | Val - MRR: 0.3536, MR:  158.00, H@1: 0.264, H@3: 0.386, H@10: 0.534 | Test - MRR: 0.3483 | *
[2026-03-29 11:12:26,588][root][INFO] - Epoch: 163 | Loss: 0.0014 | Val - MRR: 0.3518, MR:  158.96, H@1: 0.262, H@3: 0.385, H@10: 0.531 | 
[2026-03-29 11:15:04,171][root][INFO] - Epoch: 164 | Loss: 0.0014 | Val - MRR: 0.3540, MR:  158.00, H@1: 0.264, H@3: 0.386, H@10: 0.534 | Test - MRR: 0.3500 | *
[2026-03-29 11:17:24,088][root][INFO] - Epoch: 165 | Loss: 0.0014 | Val - MRR: 0.3528, MR:  159.91, H@1: 0.262, H@3: 0.387, H@10: 0.535 | 
[2026-03-29 11:19:43,399][root][INFO] - Epoch: 166 | Loss: 0.0014 | Val - MRR: 0.3536, MR:  159.05, H@1: 0.264, H@3: 0.386, H@10: 0.533 | 
[2026-03-29 11:22:20,759][root][INFO] - Epoch: 167 | Loss: 0.0014 | Val - MRR: 0.3538, MR:  158.64, H@1: 0.264, H@3: 0.388, H@10: 0.533 | Test - MRR: 0.3502 | *
[2026-03-29 11:24:55,619][root][INFO] - Epoch: 168 | Loss: 0.0014 | Val - MRR: 0.3543, MR:  157.15, H@1: 0.264, H@3: 0.387, H@10: 0.535 | Test - MRR: 0.3499 | *
[2026-03-29 11:27:13,814][root][INFO] - Epoch: 169 | Loss: 0.0014 | Val - MRR: 0.3531, MR:  159.03, H@1: 0.262, H@3: 0.388, H@10: 0.533 | 
[2026-03-29 11:29:33,819][root][INFO] - Epoch: 170 | Loss: 0.0014 | Val - MRR: 0.3541, MR:  159.63, H@1: 0.264, H@3: 0.387, H@10: 0.536 | 
[2026-03-29 11:31:53,629][root][INFO] - Epoch: 171 | Loss: 0.0014 | Val - MRR: 0.3541, MR:  159.60, H@1: 0.264, H@3: 0.387, H@10: 0.534 | 
[2026-03-29 11:34:33,868][root][INFO] - Epoch: 172 | Loss: 0.0014 | Val - MRR: 0.3541, MR:  157.11, H@1: 0.263, H@3: 0.389, H@10: 0.535 | Test - MRR: 0.3502 | *
[2026-03-29 11:37:09,782][root][INFO] - Epoch: 173 | Loss: 0.0014 | Val - MRR: 0.3549, MR:  156.95, H@1: 0.264, H@3: 0.391, H@10: 0.537 | Test - MRR: 0.3508 | *
[2026-03-29 11:39:27,623][root][INFO] - Epoch: 174 | Loss: 0.0014 | Val - MRR: 0.3542, MR:  157.38, H@1: 0.264, H@3: 0.389, H@10: 0.536 | 
[2026-03-29 11:41:46,457][root][INFO] - Epoch: 175 | Loss: 0.0014 | Val - MRR: 0.3541, MR:  158.19, H@1: 0.263, H@3: 0.389, H@10: 0.536 | 
[2026-03-29 11:44:21,206][root][INFO] - Epoch: 176 | Loss: 0.0014 | Val - MRR: 0.3555, MR:  155.90, H@1: 0.265, H@3: 0.389, H@10: 0.536 | Test - MRR: 0.3507 | *
[2026-03-29 11:46:40,414][root][INFO] - Epoch: 177 | Loss: 0.0014 | Val - MRR: 0.3547, MR:  156.15, H@1: 0.264, H@3: 0.389, H@10: 0.536 | 
[2026-03-29 11:48:59,574][root][INFO] - Epoch: 178 | Loss: 0.0014 | Val - MRR: 0.3551, MR:  154.31, H@1: 0.265, H@3: 0.389, H@10: 0.535 | 
[2026-03-29 11:51:38,228][root][INFO] - Epoch: 179 | Loss: 0.0014 | Val - MRR: 0.3572, MR:  154.25, H@1: 0.266, H@3: 0.392, H@10: 0.539 | Test - MRR: 0.3522 | *
[2026-03-29 11:54:14,488][root][INFO] - Epoch: 180 | Loss: 0.0014 | Val - MRR: 0.3573, MR:  155.30, H@1: 0.267, H@3: 0.391, H@10: 0.536 | Test - MRR: 0.3519 | *
[2026-03-29 11:56:50,837][root][INFO] - Epoch: 181 | Loss: 0.0014 | Val - MRR: 0.3570, MR:  156.11, H@1: 0.266, H@3: 0.390, H@10: 0.538 | Test - MRR: 0.3527 | *
[2026-03-29 11:59:10,467][root][INFO] - Epoch: 182 | Loss: 0.0014 | Val - MRR: 0.3563, MR:  154.69, H@1: 0.266, H@3: 0.390, H@10: 0.537 | 
[2026-03-29 12:01:29,508][root][INFO] - Epoch: 183 | Loss: 0.0014 | Val - MRR: 0.3565, MR:  155.15, H@1: 0.265, H@3: 0.391, H@10: 0.539 | 
[2026-03-29 12:04:07,951][root][INFO] - Epoch: 184 | Loss: 0.0014 | Val - MRR: 0.3567, MR:  156.87, H@1: 0.266, H@3: 0.390, H@10: 0.539 | Test - MRR: 0.3531 | *
[2026-03-29 12:06:27,287][root][INFO] - Epoch: 185 | Loss: 0.0014 | Val - MRR: 0.3548, MR:  156.99, H@1: 0.264, H@3: 0.391, H@10: 0.538 | 
[2026-03-29 12:08:45,859][root][INFO] - Epoch: 186 | Loss: 0.0014 | Val - MRR: 0.3564, MR:  154.53, H@1: 0.265, H@3: 0.391, H@10: 0.539 | 
[2026-03-29 12:11:05,893][root][INFO] - Epoch: 187 | Loss: 0.0014 | Val - MRR: 0.3556, MR:  155.96, H@1: 0.264, H@3: 0.391, H@10: 0.539 | 
[2026-03-29 12:13:41,045][root][INFO] - Epoch: 188 | Loss: 0.0014 | Val - MRR: 0.3574, MR:  157.00, H@1: 0.266, H@3: 0.392, H@10: 0.540 | Test - MRR: 0.3531 | *
[2026-03-29 12:16:01,095][root][INFO] - Epoch: 189 | Loss: 0.0014 | Val - MRR: 0.3561, MR:  157.74, H@1: 0.266, H@3: 0.390, H@10: 0.538 | 
[2026-03-29 12:18:37,906][root][INFO] - Epoch: 190 | Loss: 0.0014 | Val - MRR: 0.3570, MR:  156.33, H@1: 0.266, H@3: 0.390, H@10: 0.540 | Test - MRR: 0.3533 | *
[2026-03-29 12:21:12,319][root][INFO] - Epoch: 191 | Loss: 0.0014 | Val - MRR: 0.3587, MR:  157.32, H@1: 0.267, H@3: 0.393, H@10: 0.542 | Test - MRR: 0.3540 | *
[2026-03-29 12:23:31,632][root][INFO] - Epoch: 192 | Loss: 0.0014 | Val - MRR: 0.3584, MR:  157.48, H@1: 0.267, H@3: 0.392, H@10: 0.541 | 
[2026-03-29 12:25:49,030][root][INFO] - Epoch: 193 | Loss: 0.0014 | Val - MRR: 0.3585, MR:  155.88, H@1: 0.268, H@3: 0.393, H@10: 0.541 | 
[2026-03-29 12:28:08,687][root][INFO] - Epoch: 194 | Loss: 0.0014 | Val - MRR: 0.3572, MR:  158.21, H@1: 0.267, H@3: 0.391, H@10: 0.540 | 
[2026-03-29 12:30:28,733][root][INFO] - Epoch: 195 | Loss: 0.0014 | Val - MRR: 0.3574, MR:  155.91, H@1: 0.267, H@3: 0.390, H@10: 0.540 | 
[2026-03-29 12:32:48,556][root][INFO] - Epoch: 196 | Loss: 0.0014 | Val - MRR: 0.3577, MR:  155.94, H@1: 0.266, H@3: 0.392, H@10: 0.541 | 
[2026-03-29 12:35:07,578][root][INFO] - Epoch: 197 | Loss: 0.0014 | Val - MRR: 0.3573, MR:  155.28, H@1: 0.267, H@3: 0.391, H@10: 0.540 | 
[2026-03-29 12:37:44,249][root][INFO] - Epoch: 198 | Loss: 0.0014 | Val - MRR: 0.3588, MR:  153.83, H@1: 0.268, H@3: 0.394, H@10: 0.540 | Test - MRR: 0.3551 | *
[2026-03-29 12:40:18,030][root][INFO] - Epoch: 199 | Loss: 0.0014 | Val - MRR: 0.3592, MR:  157.24, H@1: 0.268, H@3: 0.393, H@10: 0.542 | Test - MRR: 0.3542 | *
[2026-03-29 12:42:37,441][root][INFO] - Epoch: 200 | Loss: 0.0014 | Val - MRR: 0.3585, MR:  155.25, H@1: 0.267, H@3: 0.393, H@10: 0.543 | 
[2026-03-29 12:45:13,706][root][INFO] - Epoch: 201 | Loss: 0.0014 | Val - MRR: 0.3589, MR:  155.80, H@1: 0.268, H@3: 0.393, H@10: 0.541 | Test - MRR: 0.3556 | *
[2026-03-29 12:47:49,299][root][INFO] - Epoch: 202 | Loss: 0.0014 | Val - MRR: 0.3591, MR:  155.34, H@1: 0.268, H@3: 0.393, H@10: 0.544 | Test - MRR: 0.3555 | *
[2026-03-29 12:50:09,405][root][INFO] - Epoch: 203 | Loss: 0.0014 | Val - MRR: 0.3580, MR:  157.63, H@1: 0.266, H@3: 0.392, H@10: 0.542 | 
[2026-03-29 12:52:27,908][root][INFO] - Epoch: 204 | Loss: 0.0014 | Val - MRR: 0.3569, MR:  158.38, H@1: 0.265, H@3: 0.392, H@10: 0.540 | 
[2026-03-29 12:55:04,577][root][INFO] - Epoch: 205 | Loss: 0.0014 | Val - MRR: 0.3603, MR:  155.84, H@1: 0.269, H@3: 0.395, H@10: 0.543 | Test - MRR: 0.3563 | *
[2026-03-29 12:57:23,855][root][INFO] - Epoch: 206 | Loss: 0.0014 | Val - MRR: 0.3598, MR:  157.01, H@1: 0.269, H@3: 0.394, H@10: 0.542 | 
[2026-03-29 12:59:57,621][root][INFO] - Epoch: 207 | Loss: 0.0014 | Val - MRR: 0.3606, MR:  156.08, H@1: 0.270, H@3: 0.394, H@10: 0.543 | Test - MRR: 0.3558 | *
[2026-03-29 13:02:32,994][root][INFO] - Epoch: 208 | Loss: 0.0014 | Val - MRR: 0.3598, MR:  155.44, H@1: 0.268, H@3: 0.394, H@10: 0.543 | Test - MRR: 0.3564 | *
[2026-03-29 13:05:07,812][root][INFO] - Epoch: 209 | Loss: 0.0014 | Val - MRR: 0.3608, MR:  157.62, H@1: 0.269, H@3: 0.396, H@10: 0.544 | Test - MRR: 0.3564 | *
[2026-03-29 13:07:27,672][root][INFO] - Epoch: 210 | Loss: 0.0014 | Val - MRR: 0.3594, MR:  156.72, H@1: 0.268, H@3: 0.394, H@10: 0.543 | 
[2026-03-29 13:09:47,592][root][INFO] - Epoch: 211 | Loss: 0.0014 | Val - MRR: 0.3595, MR:  154.47, H@1: 0.269, H@3: 0.393, H@10: 0.541 | 
[2026-03-29 13:12:23,559][root][INFO] - Epoch: 212 | Loss: 0.0014 | Val - MRR: 0.3615, MR:  154.08, H@1: 0.271, H@3: 0.396, H@10: 0.545 | Test - MRR: 0.3568 | *
[2026-03-29 13:14:43,148][root][INFO] - Epoch: 213 | Loss: 0.0014 | Val - MRR: 0.3601, MR:  158.85, H@1: 0.269, H@3: 0.394, H@10: 0.542 | 
[2026-03-29 13:17:02,017][root][INFO] - Epoch: 214 | Loss: 0.0014 | Val - MRR: 0.3606, MR:  154.20, H@1: 0.269, H@3: 0.397, H@10: 0.541 | 
[2026-03-29 13:19:21,670][root][INFO] - Epoch: 215 | Loss: 0.0014 | Val - MRR: 0.3607, MR:  157.03, H@1: 0.269, H@3: 0.395, H@10: 0.542 | 
[2026-03-29 13:21:40,652][root][INFO] - Epoch: 216 | Loss: 0.0014 | Val - MRR: 0.3611, MR:  154.37, H@1: 0.270, H@3: 0.395, H@10: 0.544 | 
[2026-03-29 13:24:18,140][root][INFO] - Epoch: 217 | Loss: 0.0014 | Val - MRR: 0.3610, MR:  154.47, H@1: 0.269, H@3: 0.396, H@10: 0.543 | Test - MRR: 0.3570 | *
[2026-03-29 13:26:38,092][root][INFO] - Epoch: 218 | Loss: 0.0014 | Val - MRR: 0.3598, MR:  156.15, H@1: 0.267, H@3: 0.396, H@10: 0.545 | 
[2026-03-29 13:29:12,766][root][INFO] - Epoch: 219 | Loss: 0.0014 | Val - MRR: 0.3613, MR:  157.32, H@1: 0.270, H@3: 0.397, H@10: 0.543 | Test - MRR: 0.3555 | *
[2026-03-29 13:31:49,317][root][INFO] - Epoch: 220 | Loss: 0.0014 | Val - MRR: 0.3613, MR:  156.62, H@1: 0.270, H@3: 0.396, H@10: 0.542 | Test - MRR: 0.3561 | *
[2026-03-29 13:34:07,968][root][INFO] - Epoch: 221 | Loss: 0.0014 | Val - MRR: 0.3609, MR:  154.95, H@1: 0.270, H@3: 0.395, H@10: 0.544 | 
[2026-03-29 13:36:44,170][root][INFO] - Epoch: 222 | Loss: 0.0014 | Val - MRR: 0.3617, MR:  157.39, H@1: 0.270, H@3: 0.397, H@10: 0.543 | Test - MRR: 0.3568 | *
[2026-03-29 13:39:03,655][root][INFO] - Epoch: 223 | Loss: 0.0014 | Val - MRR: 0.3609, MR:  158.89, H@1: 0.269, H@3: 0.397, H@10: 0.545 | 
[2026-03-29 13:41:39,361][root][INFO] - Epoch: 224 | Loss: 0.0014 | Val - MRR: 0.3626, MR:  154.41, H@1: 0.272, H@3: 0.397, H@10: 0.544 | Test - MRR: 0.3579 | *
[2026-03-29 13:43:59,084][root][INFO] - Epoch: 225 | Loss: 0.0014 | Val - MRR: 0.3604, MR:  158.13, H@1: 0.269, H@3: 0.396, H@10: 0.544 | 
[2026-03-29 13:46:18,870][root][INFO] - Epoch: 226 | Loss: 0.0014 | Val - MRR: 0.3619, MR:  156.66, H@1: 0.270, H@3: 0.398, H@10: 0.545 | 
[2026-03-29 13:48:37,839][root][INFO] - Epoch: 227 | Loss: 0.0014 | Val - MRR: 0.3617, MR:  157.59, H@1: 0.269, H@3: 0.398, H@10: 0.545 | 
[2026-03-29 13:50:58,684][root][INFO] - Epoch: 228 | Loss: 0.0014 | Val - MRR: 0.3612, MR:  157.70, H@1: 0.269, H@3: 0.398, H@10: 0.545 | 
[2026-03-29 13:53:19,517][root][INFO] - Epoch: 229 | Loss: 0.0014 | Val - MRR: 0.3608, MR:  155.49, H@1: 0.269, H@3: 0.396, H@10: 0.544 | 
[2026-03-29 13:55:38,620][root][INFO] - Epoch: 230 | Loss: 0.0014 | Val - MRR: 0.3602, MR:  153.76, H@1: 0.268, H@3: 0.395, H@10: 0.545 | 
[2026-03-29 13:57:57,977][root][INFO] - Epoch: 231 | Loss: 0.0014 | Val - MRR: 0.3621, MR:  153.77, H@1: 0.271, H@3: 0.397, H@10: 0.545 | 
[2026-03-29 14:00:18,536][root][INFO] - Epoch: 232 | Loss: 0.0014 | Val - MRR: 0.3609, MR:  154.46, H@1: 0.269, H@3: 0.395, H@10: 0.543 | 
[2026-03-29 14:02:39,455][root][INFO] - Epoch: 233 | Loss: 0.0014 | Val - MRR: 0.3616, MR:  153.94, H@1: 0.270, H@3: 0.395, H@10: 0.545 | 
[2026-03-29 14:04:59,014][root][INFO] - Epoch: 234 | Loss: 0.0014 | Val - MRR: 0.3610, MR:  154.10, H@1: 0.269, H@3: 0.396, H@10: 0.544 | 
[2026-03-29 14:07:15,818][root][INFO] - Epoch: 235 | Loss: 0.0014 | Val - MRR: 0.3606, MR:  156.92, H@1: 0.268, H@3: 0.397, H@10: 0.544 | 
[2026-03-29 14:09:36,378][root][INFO] - Epoch: 236 | Loss: 0.0014 | Val - MRR: 0.3624, MR:  154.19, H@1: 0.271, H@3: 0.397, H@10: 0.546 | 
[2026-03-29 14:11:57,100][root][INFO] - Epoch: 237 | Loss: 0.0014 | Val - MRR: 0.3604, MR:  157.19, H@1: 0.268, H@3: 0.396, H@10: 0.545 | 
[2026-03-29 14:14:17,532][root][INFO] - Epoch: 238 | Loss: 0.0014 | Val - MRR: 0.3610, MR:  157.72, H@1: 0.268, H@3: 0.398, H@10: 0.546 | 
[2026-03-29 14:16:54,614][root][INFO] - Epoch: 239 | Loss: 0.0014 | Val - MRR: 0.3623, MR:  154.51, H@1: 0.269, H@3: 0.398, H@10: 0.550 | Test - MRR: 0.3581 | *
[2026-03-29 14:19:14,687][root][INFO] - Epoch: 240 | Loss: 0.0014 | Val - MRR: 0.3606, MR:  157.43, H@1: 0.268, H@3: 0.396, H@10: 0.546 | 
[2026-03-29 14:21:33,560][root][INFO] - Epoch: 241 | Loss: 0.0014 | Val - MRR: 0.3615, MR:  154.63, H@1: 0.269, H@3: 0.397, H@10: 0.547 | 
[2026-03-29 14:24:10,315][root][INFO] - Epoch: 242 | Loss: 0.0013 | Val - MRR: 0.3616, MR:  157.75, H@1: 0.269, H@3: 0.396, H@10: 0.545 | Test - MRR: 0.3582 | *
[2026-03-29 14:26:45,268][root][INFO] - Epoch: 243 | Loss: 0.0013 | Val - MRR: 0.3623, MR:  157.39, H@1: 0.269, H@3: 0.398, H@10: 0.547 | Test - MRR: 0.3580 | *
[2026-03-29 14:29:04,624][root][INFO] - Epoch: 244 | Loss: 0.0013 | Val - MRR: 0.3620, MR:  159.13, H@1: 0.271, H@3: 0.396, H@10: 0.546 | 
[2026-03-29 14:31:41,614][root][INFO] - Epoch: 245 | Loss: 0.0014 | Val - MRR: 0.3633, MR:  157.98, H@1: 0.270, H@3: 0.400, H@10: 0.548 | Test - MRR: 0.3584 | *
[2026-03-29 14:34:01,601][root][INFO] - Epoch: 246 | Loss: 0.0013 | Val - MRR: 0.3631, MR:  159.22, H@1: 0.271, H@3: 0.398, H@10: 0.546 | 
[2026-03-29 14:36:37,845][root][INFO] - Epoch: 247 | Loss: 0.0013 | Val - MRR: 0.3640, MR:  157.65, H@1: 0.272, H@3: 0.400, H@10: 0.548 | Test - MRR: 0.3586 | *
[2026-03-29 14:38:57,543][root][INFO] - Epoch: 248 | Loss: 0.0013 | Val - MRR: 0.3624, MR:  159.29, H@1: 0.270, H@3: 0.398, H@10: 0.548 | 
[2026-03-29 14:41:33,175][root][INFO] - Epoch: 249 | Loss: 0.0013 | Val - MRR: 0.3636, MR:  156.55, H@1: 0.271, H@3: 0.399, H@10: 0.549 | Test - MRR: 0.3587 | *
[2026-03-29 14:43:51,224][root][INFO] - Epoch: 250 | Loss: 0.0013 | Val - MRR: 0.3627, MR:  160.73, H@1: 0.271, H@3: 0.399, H@10: 0.547 | 
[2026-03-29 14:46:27,284][root][INFO] - Epoch: 251 | Loss: 0.0013 | Val - MRR: 0.3637, MR:  156.60, H@1: 0.271, H@3: 0.400, H@10: 0.548 | Test - MRR: 0.3588 | *
[2026-03-29 14:48:46,497][root][INFO] - Epoch: 252 | Loss: 0.0013 | Val - MRR: 0.3637, MR:  155.66, H@1: 0.271, H@3: 0.399, H@10: 0.549 | 
[2026-03-29 14:51:05,444][root][INFO] - Epoch: 253 | Loss: 0.0013 | Val - MRR: 0.3623, MR:  156.76, H@1: 0.270, H@3: 0.397, H@10: 0.549 | 
[2026-03-29 14:53:42,447][root][INFO] - Epoch: 254 | Loss: 0.0013 | Val - MRR: 0.3650, MR:  158.43, H@1: 0.272, H@3: 0.400, H@10: 0.551 | Test - MRR: 0.3594 | *
[2026-03-29 14:56:19,431][root][INFO] - Epoch: 255 | Loss: 0.0013 | Val - MRR: 0.3633, MR:  157.72, H@1: 0.270, H@3: 0.399, H@10: 0.548 | Test - MRR: 0.3595 | *
[2026-03-29 14:58:56,473][root][INFO] - Epoch: 256 | Loss: 0.0013 | Val - MRR: 0.3634, MR:  159.62, H@1: 0.271, H@3: 0.399, H@10: 0.548 | Test - MRR: 0.3596 | *
[2026-03-29 15:01:32,365][root][INFO] - Epoch: 257 | Loss: 0.0013 | Val - MRR: 0.3636, MR:  159.60, H@1: 0.272, H@3: 0.399, H@10: 0.546 | Test - MRR: 0.3593 | *
[2026-03-29 15:03:50,928][root][INFO] - Epoch: 258 | Loss: 0.0013 | Val - MRR: 0.3635, MR:  161.21, H@1: 0.272, H@3: 0.398, H@10: 0.549 | 
[2026-03-29 15:06:29,249][root][INFO] - Epoch: 259 | Loss: 0.0013 | Val - MRR: 0.3645, MR:  156.49, H@1: 0.273, H@3: 0.399, H@10: 0.548 | Test - MRR: 0.3598 | *
[2026-03-29 15:08:49,802][root][INFO] - Epoch: 260 | Loss: 0.0013 | Val - MRR: 0.3623, MR:  158.33, H@1: 0.270, H@3: 0.397, H@10: 0.547 | 
[2026-03-29 15:11:10,758][root][INFO] - Epoch: 261 | Loss: 0.0013 | Val - MRR: 0.3622, MR:  159.44, H@1: 0.270, H@3: 0.397, H@10: 0.547 | 
[2026-03-29 15:13:30,192][root][INFO] - Epoch: 262 | Loss: 0.0013 | Val - MRR: 0.3630, MR:  159.57, H@1: 0.270, H@3: 0.400, H@10: 0.547 | 
[2026-03-29 15:15:50,949][root][INFO] - Epoch: 263 | Loss: 0.0013 | Val - MRR: 0.3625, MR:  161.01, H@1: 0.270, H@3: 0.398, H@10: 0.546 | 
[2026-03-29 15:18:10,417][root][INFO] - Epoch: 264 | Loss: 0.0013 | Val - MRR: 0.3633, MR:  158.59, H@1: 0.271, H@3: 0.399, H@10: 0.547 | 
[2026-03-29 15:20:30,336][root][INFO] - Epoch: 265 | Loss: 0.0013 | Val - MRR: 0.3631, MR:  159.86, H@1: 0.270, H@3: 0.399, H@10: 0.547 | 
[2026-03-29 15:22:50,223][root][INFO] - Epoch: 266 | Loss: 0.0013 | Val - MRR: 0.3629, MR:  157.50, H@1: 0.270, H@3: 0.401, H@10: 0.547 | 
[2026-03-29 15:25:11,314][root][INFO] - Epoch: 267 | Loss: 0.0013 | Val - MRR: 0.3637, MR:  161.44, H@1: 0.271, H@3: 0.400, H@10: 0.549 | 
[2026-03-29 15:27:30,504][root][INFO] - Epoch: 268 | Loss: 0.0013 | Val - MRR: 0.3644, MR:  160.71, H@1: 0.272, H@3: 0.401, H@10: 0.548 | 
[2026-03-29 15:29:50,764][root][INFO] - Epoch: 269 | Loss: 0.0013 | Val - MRR: 0.3642, MR:  159.53, H@1: 0.272, H@3: 0.400, H@10: 0.548 | 
[2026-03-29 15:32:26,664][root][INFO] - Epoch: 270 | Loss: 0.0013 | Val - MRR: 0.3648, MR:  157.25, H@1: 0.273, H@3: 0.401, H@10: 0.549 | Test - MRR: 0.3591 | *
[2026-03-29 15:35:06,439][root][INFO] - Epoch: 271 | Loss: 0.0013 | Val - MRR: 0.3662, MR:  157.96, H@1: 0.274, H@3: 0.401, H@10: 0.551 | Test - MRR: 0.3608 | *
[2026-03-29 15:37:26,664][root][INFO] - Epoch: 272 | Loss: 0.0013 | Val - MRR: 0.3651, MR:  156.08, H@1: 0.273, H@3: 0.401, H@10: 0.552 | 
[2026-03-29 15:39:46,628][root][INFO] - Epoch: 273 | Loss: 0.0013 | Val - MRR: 0.3649, MR:  158.91, H@1: 0.273, H@3: 0.399, H@10: 0.550 | 
[2026-03-29 15:42:07,497][root][INFO] - Epoch: 274 | Loss: 0.0013 | Val - MRR: 0.3640, MR:  159.44, H@1: 0.272, H@3: 0.399, H@10: 0.549 | 
[2026-03-29 15:44:28,504][root][INFO] - Epoch: 275 | Loss: 0.0013 | Val - MRR: 0.3647, MR:  156.03, H@1: 0.272, H@3: 0.400, H@10: 0.550 | 
[2026-03-29 15:46:48,280][root][INFO] - Epoch: 276 | Loss: 0.0013 | Val - MRR: 0.3633, MR:  156.99, H@1: 0.271, H@3: 0.399, H@10: 0.549 | 
[2026-03-29 15:49:07,431][root][INFO] - Epoch: 277 | Loss: 0.0013 | Val - MRR: 0.3646, MR:  161.47, H@1: 0.272, H@3: 0.399, H@10: 0.550 | 
[2026-03-29 15:51:26,850][root][INFO] - Epoch: 278 | Loss: 0.0013 | Val - MRR: 0.3641, MR:  162.23, H@1: 0.272, H@3: 0.398, H@10: 0.549 | 
[2026-03-29 15:53:44,955][root][INFO] - Epoch: 279 | Loss: 0.0013 | Val - MRR: 0.3647, MR:  155.08, H@1: 0.272, H@3: 0.400, H@10: 0.550 | 
[2026-03-29 15:56:05,115][root][INFO] - Epoch: 280 | Loss: 0.0013 | Val - MRR: 0.3635, MR:  160.78, H@1: 0.272, H@3: 0.397, H@10: 0.549 | 
[2026-03-29 15:58:25,798][root][INFO] - Epoch: 281 | Loss: 0.0013 | Val - MRR: 0.3637, MR:  160.68, H@1: 0.272, H@3: 0.398, H@10: 0.549 | 
[2026-03-29 16:00:45,873][root][INFO] - Epoch: 282 | Loss: 0.0013 | Val - MRR: 0.3640, MR:  161.85, H@1: 0.272, H@3: 0.398, H@10: 0.548 | 
[2026-03-29 16:03:07,076][root][INFO] - Epoch: 283 | Loss: 0.0013 | Val - MRR: 0.3641, MR:  159.77, H@1: 0.272, H@3: 0.398, H@10: 0.550 | 
[2026-03-29 16:05:26,155][root][INFO] - Epoch: 284 | Loss: 0.0013 | Val - MRR: 0.3647, MR:  162.40, H@1: 0.272, H@3: 0.399, H@10: 0.551 | 
[2026-03-29 16:07:46,752][root][INFO] - Epoch: 285 | Loss: 0.0013 | Val - MRR: 0.3648, MR:  159.17, H@1: 0.272, H@3: 0.400, H@10: 0.549 | 
[2026-03-29 16:10:06,862][root][INFO] - Epoch: 286 | Loss: 0.0013 | Val - MRR: 0.3649, MR:  159.33, H@1: 0.273, H@3: 0.399, H@10: 0.549 | 
[2026-03-29 16:12:27,381][root][INFO] - Epoch: 287 | Loss: 0.0013 | Val - MRR: 0.3642, MR:  165.07, H@1: 0.272, H@3: 0.399, H@10: 0.550 | 
[2026-03-29 16:14:47,125][root][INFO] - Epoch: 288 | Loss: 0.0013 | Val - MRR: 0.3634, MR:  158.99, H@1: 0.271, H@3: 0.399, H@10: 0.549 | 
[2026-03-29 16:17:06,252][root][INFO] - Epoch: 289 | Loss: 0.0013 | Val - MRR: 0.3638, MR:  160.19, H@1: 0.271, H@3: 0.400, H@10: 0.550 | 
[2026-03-29 16:19:26,953][root][INFO] - Epoch: 290 | Loss: 0.0013 | Val - MRR: 0.3638, MR:  161.39, H@1: 0.272, H@3: 0.399, H@10: 0.549 | 
[2026-03-29 16:21:46,328][root][INFO] - Epoch: 291 | Loss: 0.0013 | Val - MRR: 0.3655, MR:  160.15, H@1: 0.274, H@3: 0.400, H@10: 0.551 | 
[2026-03-29 16:24:04,358][root][INFO] - Epoch: 292 | Loss: 0.0013 | Val - MRR: 0.3641, MR:  163.92, H@1: 0.272, H@3: 0.398, H@10: 0.549 | 
[2026-03-29 16:26:40,249][root][INFO] - Epoch: 293 | Loss: 0.0013 | Val - MRR: 0.3667, MR:  160.78, H@1: 0.275, H@3: 0.401, H@10: 0.550 | Test - MRR: 0.3597 | *
[2026-03-29 16:28:59,772][root][INFO] - Epoch: 294 | Loss: 0.0013 | Val - MRR: 0.3638, MR:  160.35, H@1: 0.272, H@3: 0.397, H@10: 0.549 | 
[2026-03-29 16:31:19,049][root][INFO] - Epoch: 295 | Loss: 0.0013 | Val - MRR: 0.3657, MR:  159.93, H@1: 0.274, H@3: 0.400, H@10: 0.552 | 
[2026-03-29 16:33:39,565][root][INFO] - Epoch: 296 | Loss: 0.0013 | Val - MRR: 0.3651, MR:  163.26, H@1: 0.274, H@3: 0.400, H@10: 0.550 | 
[2026-03-29 16:36:00,239][root][INFO] - Epoch: 297 | Loss: 0.0013 | Val - MRR: 0.3649, MR:  162.76, H@1: 0.273, H@3: 0.399, H@10: 0.550 | 
[2026-03-29 16:38:19,844][root][INFO] - Epoch: 298 | Loss: 0.0013 | Val - MRR: 0.3661, MR:  162.31, H@1: 0.274, H@3: 0.401, H@10: 0.551 | 
[2026-03-29 16:40:38,725][root][INFO] - Epoch: 299 | Loss: 0.0013 | Val - MRR: 0.3662, MR:  161.16, H@1: 0.274, H@3: 0.400, H@10: 0.551 | 
[2026-03-29 16:42:58,886][root][INFO] - Epoch: 300 | Loss: 0.0013 | Val - MRR: 0.3662, MR:  160.65, H@1: 0.274, H@3: 0.401, H@10: 0.551 | 
[2026-03-29 16:45:18,964][root][INFO] - Epoch: 301 | Loss: 0.0013 | Val - MRR: 0.3657, MR:  160.13, H@1: 0.274, H@3: 0.402, H@10: 0.553 | 
[2026-03-29 16:47:38,282][root][INFO] - Epoch: 302 | Loss: 0.0013 | Val - MRR: 0.3655, MR:  162.97, H@1: 0.273, H@3: 0.400, H@10: 0.551 | 
[2026-03-29 16:50:15,715][root][INFO] - Epoch: 303 | Loss: 0.0013 | Val - MRR: 0.3672, MR:  159.89, H@1: 0.275, H@3: 0.402, H@10: 0.552 | Test - MRR: 0.3610 | *
[2026-03-29 16:52:35,314][root][INFO] - Epoch: 304 | Loss: 0.0013 | Val - MRR: 0.3652, MR:  161.84, H@1: 0.274, H@3: 0.400, H@10: 0.550 | 
[2026-03-29 16:54:54,044][root][INFO] - Epoch: 305 | Loss: 0.0013 | Val - MRR: 0.3662, MR:  161.06, H@1: 0.274, H@3: 0.400, H@10: 0.551 | 
[2026-03-29 16:57:14,198][root][INFO] - Epoch: 306 | Loss: 0.0013 | Val - MRR: 0.3669, MR:  163.09, H@1: 0.275, H@3: 0.402, H@10: 0.551 | 
[2026-03-29 16:59:35,125][root][INFO] - Epoch: 307 | Loss: 0.0013 | Val - MRR: 0.3658, MR:  161.84, H@1: 0.274, H@3: 0.401, H@10: 0.549 | 
[2026-03-29 17:01:55,985][root][INFO] - Epoch: 308 | Loss: 0.0013 | Val - MRR: 0.3646, MR:  164.90, H@1: 0.274, H@3: 0.398, H@10: 0.549 | 
[2026-03-29 17:04:15,698][root][INFO] - Epoch: 309 | Loss: 0.0013 | Val - MRR: 0.3642, MR:  162.20, H@1: 0.273, H@3: 0.400, H@10: 0.548 | 
[2026-03-29 17:06:38,455][root][INFO] - Epoch: 310 | Loss: 0.0013 | Val - MRR: 0.3652, MR:  163.40, H@1: 0.274, H@3: 0.401, H@10: 0.548 | 
[2026-03-29 17:09:00,605][root][INFO] - Epoch: 311 | Loss: 0.0013 | Val - MRR: 0.3654, MR:  163.76, H@1: 0.273, H@3: 0.402, H@10: 0.550 | 
[2026-03-29 17:11:20,927][root][INFO] - Epoch: 312 | Loss: 0.0013 | Val - MRR: 0.3655, MR:  163.89, H@1: 0.273, H@3: 0.401, H@10: 0.549 | 
[2026-03-29 17:13:39,726][root][INFO] - Epoch: 313 | Loss: 0.0013 | Val - MRR: 0.3661, MR:  160.42, H@1: 0.274, H@3: 0.402, H@10: 0.550 | 
[2026-03-29 17:16:00,308][root][INFO] - Epoch: 314 | Loss: 0.0013 | Val - MRR: 0.3657, MR:  161.62, H@1: 0.273, H@3: 0.402, H@10: 0.552 | 
[2026-03-29 17:18:20,935][root][INFO] - Epoch: 315 | Loss: 0.0013 | Val - MRR: 0.3661, MR:  163.11, H@1: 0.274, H@3: 0.401, H@10: 0.551 | 
[2026-03-29 17:20:41,356][root][INFO] - Epoch: 316 | Loss: 0.0013 | Val - MRR: 0.3643, MR:  160.69, H@1: 0.272, H@3: 0.400, H@10: 0.550 | 
[2026-03-29 17:23:01,844][root][INFO] - Epoch: 317 | Loss: 0.0013 | Val - MRR: 0.3656, MR:  162.40, H@1: 0.273, H@3: 0.401, H@10: 0.551 | 
[2026-03-29 17:25:20,498][root][INFO] - Epoch: 318 | Loss: 0.0013 | Val - MRR: 0.3654, MR:  162.87, H@1: 0.273, H@3: 0.401, H@10: 0.550 | 
[2026-03-29 17:27:40,131][root][INFO] - Epoch: 319 | Loss: 0.0013 | Val - MRR: 0.3648, MR:  163.78, H@1: 0.273, H@3: 0.399, H@10: 0.550 | 
[2026-03-29 17:30:00,438][root][INFO] - Epoch: 320 | Loss: 0.0013 | Val - MRR: 0.3655, MR:  164.19, H@1: 0.273, H@3: 0.400, H@10: 0.550 | 
[2026-03-29 17:32:20,914][root][INFO] - Epoch: 321 | Loss: 0.0013 | Val - MRR: 0.3654, MR:  162.97, H@1: 0.273, H@3: 0.400, H@10: 0.551 | 
[2026-03-29 17:34:40,298][root][INFO] - Epoch: 322 | Loss: 0.0013 | Val - MRR: 0.3650, MR:  162.64, H@1: 0.273, H@3: 0.400, H@10: 0.551 | 
[2026-03-29 17:37:00,626][root][INFO] - Epoch: 323 | Loss: 0.0013 | Val - MRR: 0.3652, MR:  164.44, H@1: 0.273, H@3: 0.401, H@10: 0.551 | 
[2026-03-29 17:39:36,446][root][INFO] - Epoch: 324 | Loss: 0.0013 | Val - MRR: 0.3673, MR:  161.31, H@1: 0.274, H@3: 0.404, H@10: 0.553 | Test - MRR: 0.3616 | *
[2026-03-29 17:41:57,159][root][INFO] - Epoch: 325 | Loss: 0.0013 | Val - MRR: 0.3667, MR:  165.21, H@1: 0.274, H@3: 0.402, H@10: 0.551 | 
[2026-03-29 17:44:18,621][root][INFO] - Epoch: 326 | Loss: 0.0013 | Val - MRR: 0.3663, MR:  162.75, H@1: 0.274, H@3: 0.403, H@10: 0.551 | 
[2026-03-29 17:46:41,770][root][INFO] - Epoch: 327 | Loss: 0.0013 | Val - MRR: 0.3663, MR:  163.81, H@1: 0.274, H@3: 0.400, H@10: 0.552 | 
[2026-03-29 17:49:00,787][root][INFO] - Epoch: 328 | Loss: 0.0013 | Val - MRR: 0.3658, MR:  164.01, H@1: 0.274, H@3: 0.400, H@10: 0.549 | 
[2026-03-29 17:51:22,145][root][INFO] - Epoch: 329 | Loss: 0.0013 | Val - MRR: 0.3655, MR:  165.77, H@1: 0.273, H@3: 0.401, H@10: 0.553 | 
[2026-03-29 17:53:41,731][root][INFO] - Epoch: 330 | Loss: 0.0013 | Val - MRR: 0.3657, MR:  166.03, H@1: 0.273, H@3: 0.402, H@10: 0.551 | 
[2026-03-29 17:56:02,816][root][INFO] - Epoch: 331 | Loss: 0.0013 | Val - MRR: 0.3663, MR:  167.48, H@1: 0.274, H@3: 0.401, H@10: 0.551 | 
[2026-03-29 17:58:22,912][root][INFO] - Epoch: 332 | Loss: 0.0013 | Val - MRR: 0.3657, MR:  163.81, H@1: 0.274, H@3: 0.401, H@10: 0.550 | 
[2026-03-29 18:00:42,656][root][INFO] - Epoch: 333 | Loss: 0.0013 | Val - MRR: 0.3645, MR:  165.23, H@1: 0.272, H@3: 0.399, H@10: 0.551 | 
[2026-03-29 18:03:04,056][root][INFO] - Epoch: 334 | Loss: 0.0013 | Val - MRR: 0.3651, MR:  167.05, H@1: 0.273, H@3: 0.401, H@10: 0.551 | 
[2026-03-29 18:05:24,772][root][INFO] - Epoch: 335 | Loss: 0.0013 | Val - MRR: 0.3660, MR:  165.71, H@1: 0.273, H@3: 0.400, H@10: 0.554 | 
[2026-03-29 18:07:44,506][root][INFO] - Epoch: 336 | Loss: 0.0013 | Val - MRR: 0.3659, MR:  164.51, H@1: 0.273, H@3: 0.401, H@10: 0.552 | 
[2026-03-29 18:10:04,658][root][INFO] - Epoch: 337 | Loss: 0.0013 | Val - MRR: 0.3652, MR:  163.73, H@1: 0.273, H@3: 0.400, H@10: 0.551 | 
[2026-03-29 18:12:24,846][root][INFO] - Epoch: 338 | Loss: 0.0013 | Val - MRR: 0.3658, MR:  163.58, H@1: 0.274, H@3: 0.401, H@10: 0.552 | 
[2026-03-29 18:14:45,718][root][INFO] - Epoch: 339 | Loss: 0.0013 | Val - MRR: 0.3662, MR:  166.07, H@1: 0.274, H@3: 0.401, H@10: 0.552 | 
[2026-03-29 18:17:07,130][root][INFO] - Epoch: 340 | Loss: 0.0013 | Val - MRR: 0.3649, MR:  164.44, H@1: 0.273, H@3: 0.399, H@10: 0.552 | 
[2026-03-29 18:19:25,772][root][INFO] - Epoch: 341 | Loss: 0.0013 | Val - MRR: 0.3653, MR:  167.71, H@1: 0.274, H@3: 0.398, H@10: 0.550 | 
[2026-03-29 18:21:44,529][root][INFO] - Epoch: 342 | Loss: 0.0013 | Val - MRR: 0.3657, MR:  165.33, H@1: 0.274, H@3: 0.398, H@10: 0.553 | 
[2026-03-29 18:24:04,078][root][INFO] - Epoch: 343 | Loss: 0.0013 | Val - MRR: 0.3665, MR:  165.97, H@1: 0.275, H@3: 0.400, H@10: 0.551 | 
[2026-03-29 18:26:24,286][root][INFO] - Epoch: 344 | Loss: 0.0013 | Val - MRR: 0.3649, MR:  164.75, H@1: 0.272, H@3: 0.399, H@10: 0.551 | 
[2026-03-29 18:28:43,464][root][INFO] - Epoch: 345 | Loss: 0.0013 | Val - MRR: 0.3659, MR:  166.69, H@1: 0.274, H@3: 0.402, H@10: 0.551 | 
[2026-03-29 18:31:03,556][root][INFO] - Epoch: 346 | Loss: 0.0013 | Val - MRR: 0.3663, MR:  165.98, H@1: 0.274, H@3: 0.402, H@10: 0.552 | 
[2026-03-29 18:33:25,203][root][INFO] - Epoch: 347 | Loss: 0.0013 | Val - MRR: 0.3657, MR:  168.88, H@1: 0.274, H@3: 0.401, H@10: 0.551 | 
[2026-03-29 18:35:45,515][root][INFO] - Epoch: 348 | Loss: 0.0013 | Val - MRR: 0.3664, MR:  168.33, H@1: 0.274, H@3: 0.401, H@10: 0.552 | 
[2026-03-29 18:38:05,977][root][INFO] - Epoch: 349 | Loss: 0.0013 | Val - MRR: 0.3659, MR:  168.03, H@1: 0.274, H@3: 0.400, H@10: 0.550 | 
[2026-03-29 18:40:25,660][root][INFO] - Epoch: 350 | Loss: 0.0013 | Val - MRR: 0.3660, MR:  165.23, H@1: 0.274, H@3: 0.400, H@10: 0.552 | 
[2026-03-29 18:42:45,385][root][INFO] - Epoch: 351 | Loss: 0.0013 | Val - MRR: 0.3660, MR:  169.99, H@1: 0.274, H@3: 0.401, H@10: 0.550 | 
[2026-03-29 18:45:04,718][root][INFO] - Epoch: 352 | Loss: 0.0013 | Val - MRR: 0.3656, MR:  165.92, H@1: 0.273, H@3: 0.403, H@10: 0.552 | 
[2026-03-29 18:47:25,316][root][INFO] - Epoch: 353 | Loss: 0.0013 | Val - MRR: 0.3664, MR:  167.12, H@1: 0.274, H@3: 0.402, H@10: 0.553 | 
[2026-03-29 18:49:44,640][root][INFO] - Epoch: 354 | Loss: 0.0013 | Val - MRR: 0.3658, MR:  168.53, H@1: 0.273, H@3: 0.401, H@10: 0.552 | 
[2026-03-29 18:52:20,543][root][INFO] - Epoch: 355 | Loss: 0.0013 | Val - MRR: 0.3677, MR:  167.73, H@1: 0.275, H@3: 0.402, H@10: 0.553 | Test - MRR: 0.3625 | *
[2026-03-29 18:54:39,930][root][INFO] - Epoch: 356 | Loss: 0.0013 | Val - MRR: 0.3665, MR:  167.40, H@1: 0.273, H@3: 0.403, H@10: 0.553 | 
[2026-03-29 18:57:01,819][root][INFO] - Epoch: 357 | Loss: 0.0013 | Val - MRR: 0.3668, MR:  167.69, H@1: 0.274, H@3: 0.402, H@10: 0.552 | 
[2026-03-29 18:59:22,630][root][INFO] - Epoch: 358 | Loss: 0.0013 | Val - MRR: 0.3673, MR:  165.26, H@1: 0.275, H@3: 0.402, H@10: 0.553 | 
[2026-03-29 19:01:42,004][root][INFO] - Epoch: 359 | Loss: 0.0013 | Val - MRR: 0.3673, MR:  167.03, H@1: 0.275, H@3: 0.402, H@10: 0.552 | 
[2026-03-29 19:04:03,095][root][INFO] - Epoch: 360 | Loss: 0.0013 | Val - MRR: 0.3663, MR:  166.07, H@1: 0.274, H@3: 0.402, H@10: 0.552 | 
[2026-03-29 19:06:23,188][root][INFO] - Epoch: 361 | Loss: 0.0013 | Val - MRR: 0.3671, MR:  165.64, H@1: 0.275, H@3: 0.402, H@10: 0.552 | 
[2026-03-29 19:08:43,707][root][INFO] - Epoch: 362 | Loss: 0.0013 | Val - MRR: 0.3665, MR:  168.04, H@1: 0.275, H@3: 0.400, H@10: 0.553 | 
[2026-03-29 19:11:04,481][root][INFO] - Epoch: 363 | Loss: 0.0013 | Val - MRR: 0.3652, MR:  166.92, H@1: 0.272, H@3: 0.400, H@10: 0.552 | 
[2026-03-29 19:13:23,734][root][INFO] - Epoch: 364 | Loss: 0.0013 | Val - MRR: 0.3662, MR:  166.07, H@1: 0.274, H@3: 0.401, H@10: 0.552 | 
[2026-03-29 19:15:43,932][root][INFO] - Epoch: 365 | Loss: 0.0013 | Val - MRR: 0.3650, MR:  168.81, H@1: 0.273, H@3: 0.399, H@10: 0.552 | 
[2026-03-29 19:18:03,181][root][INFO] - Epoch: 366 | Loss: 0.0013 | Val - MRR: 0.3661, MR:  167.80, H@1: 0.274, H@3: 0.401, H@10: 0.552 | 
[2026-03-29 19:20:24,175][root][INFO] - Epoch: 367 | Loss: 0.0013 | Val - MRR: 0.3657, MR:  166.34, H@1: 0.272, H@3: 0.402, H@10: 0.553 | 
[2026-03-29 19:22:43,532][root][INFO] - Epoch: 368 | Loss: 0.0013 | Val - MRR: 0.3669, MR:  167.92, H@1: 0.274, H@3: 0.403, H@10: 0.552 | 
[2026-03-29 19:25:03,741][root][INFO] - Epoch: 369 | Loss: 0.0013 | Val - MRR: 0.3659, MR:  167.64, H@1: 0.273, H@3: 0.402, H@10: 0.552 | 
[2026-03-29 19:27:24,747][root][INFO] - Epoch: 370 | Loss: 0.0013 | Val - MRR: 0.3662, MR:  167.45, H@1: 0.274, H@3: 0.402, H@10: 0.552 | 
[2026-03-29 19:29:46,418][root][INFO] - Epoch: 371 | Loss: 0.0013 | Val - MRR: 0.3657, MR:  168.81, H@1: 0.273, H@3: 0.401, H@10: 0.551 | 
[2026-03-29 19:32:07,089][root][INFO] - Epoch: 372 | Loss: 0.0013 | Val - MRR: 0.3652, MR:  167.11, H@1: 0.272, H@3: 0.401, H@10: 0.551 | 
[2026-03-29 19:34:26,809][root][INFO] - Epoch: 373 | Loss: 0.0013 | Val - MRR: 0.3658, MR:  165.00, H@1: 0.273, H@3: 0.400, H@10: 0.551 | 
[2026-03-29 19:36:46,395][root][INFO] - Epoch: 374 | Loss: 0.0013 | Val - MRR: 0.3652, MR:  168.74, H@1: 0.273, H@3: 0.400, H@10: 0.551 | 
[2026-03-29 19:39:07,102][root][INFO] - Epoch: 375 | Loss: 0.0013 | Val - MRR: 0.3668, MR:  167.71, H@1: 0.275, H@3: 0.401, H@10: 0.552 | 
[2026-03-29 19:41:32,273][root][INFO] - Epoch: 376 | Loss: 0.0013 | Val - MRR: 0.3654, MR:  171.48, H@1: 0.274, H@3: 0.400, H@10: 0.550 | 
[2026-03-29 19:43:52,078][root][INFO] - Epoch: 377 | Loss: 0.0013 | Val - MRR: 0.3655, MR:  170.28, H@1: 0.273, H@3: 0.400, H@10: 0.552 | 
[2026-03-29 19:46:12,299][root][INFO] - Epoch: 378 | Loss: 0.0013 | Val - MRR: 0.3661, MR:  168.85, H@1: 0.273, H@3: 0.401, H@10: 0.553 | 
[2026-03-29 19:48:31,762][root][INFO] - Epoch: 379 | Loss: 0.0013 | Val - MRR: 0.3657, MR:  169.29, H@1: 0.273, H@3: 0.401, H@10: 0.552 | 
[2026-03-29 19:50:52,524][root][INFO] - Epoch: 380 | Loss: 0.0013 | Val - MRR: 0.3658, MR:  167.44, H@1: 0.274, H@3: 0.401, H@10: 0.551 | 
[2026-03-29 19:53:12,690][root][INFO] - Epoch: 381 | Loss: 0.0013 | Val - MRR: 0.3652, MR:  169.12, H@1: 0.273, H@3: 0.399, H@10: 0.550 | 
[2026-03-29 19:55:33,303][root][INFO] - Epoch: 382 | Loss: 0.0013 | Val - MRR: 0.3659, MR:  169.26, H@1: 0.274, H@3: 0.399, H@10: 0.551 | 
[2026-03-29 19:57:53,520][root][INFO] - Epoch: 383 | Loss: 0.0013 | Val - MRR: 0.3651, MR:  168.21, H@1: 0.272, H@3: 0.400, H@10: 0.553 | 
[2026-03-29 20:00:13,992][root][INFO] - Epoch: 384 | Loss: 0.0013 | Val - MRR: 0.3653, MR:  166.98, H@1: 0.273, H@3: 0.399, H@10: 0.551 | 
[2026-03-29 20:02:34,505][root][INFO] - Epoch: 385 | Loss: 0.0013 | Val - MRR: 0.3671, MR:  169.76, H@1: 0.274, H@3: 0.404, H@10: 0.551 | 
[2026-03-29 20:04:55,505][root][INFO] - Epoch: 386 | Loss: 0.0013 | Val - MRR: 0.3664, MR:  170.14, H@1: 0.274, H@3: 0.401, H@10: 0.552 | 
[2026-03-29 20:07:16,771][root][INFO] - Epoch: 387 | Loss: 0.0013 | Val - MRR: 0.3674, MR:  168.16, H@1: 0.275, H@3: 0.402, H@10: 0.552 | 
[2026-03-29 20:09:36,226][root][INFO] - Epoch: 388 | Loss: 0.0013 | Val - MRR: 0.3660, MR:  170.41, H@1: 0.273, H@3: 0.402, H@10: 0.550 | 
[2026-03-29 20:11:55,779][root][INFO] - Epoch: 389 | Loss: 0.0013 | Val - MRR: 0.3661, MR:  170.34, H@1: 0.274, H@3: 0.401, H@10: 0.551 | 
[2026-03-29 20:14:15,399][root][INFO] - Epoch: 390 | Loss: 0.0013 | Val - MRR: 0.3658, MR:  173.07, H@1: 0.273, H@3: 0.401, H@10: 0.551 | 
[2026-03-29 20:16:36,416][root][INFO] - Epoch: 391 | Loss: 0.0013 | Val - MRR: 0.3664, MR:  170.35, H@1: 0.274, H@3: 0.401, H@10: 0.552 | 
[2026-03-29 20:16:36,416][root][INFO] - Long time no improvenment, stop training...
[2026-03-29 20:16:36,416][root][INFO] - Training end...
[2026-03-29 20:16:36,738][root][INFO] - ✅ 成功加载最优模型：/home/wangwei/DSGNet-main/DSGNet/model_checkpoints/best_model_FB15k_237_20260329_185203.torch
[2026-03-29 20:16:36,739][root][INFO] - 📌 最优模型来自Epoch：355，最优MRR：0.3625
[2026-03-29 20:16:36,739][root][INFO] - Train metrics ...
[2026-03-29 20:17:41,730][root][INFO] - Train (head) - MRR: 0.6879, MR:    7.66, H@1: 0.576, H@3: 0.765, H@10: 0.887
[2026-03-29 20:17:41,731][root][INFO] - Train (tail) - MRR: 0.7641, MR:    4.58, H@1: 0.666, H@3: 0.837, H@10: 0.934
[2026-03-29 20:17:41,731][root][INFO] - Train (avg) - MRR: 0.7260, MR:    6.12, H@1: 0.621, H@3: 0.801, H@10: 0.910

[2026-03-29 20:17:41,731][root][INFO] - Valid metrics ...
[2026-03-29 20:17:57,492][root][INFO] - Valid (head) - MRR: 0.2700, MR:  218.81, H@1: 0.180, H@3: 0.296, H@10: 0.452
[2026-03-29 20:17:57,492][root][INFO] - Valid (tail) - MRR: 0.4654, MR:  116.65, H@1: 0.371, H@3: 0.509, H@10: 0.654
[2026-03-29 20:17:57,492][root][INFO] - Valid (avg) - MRR: 0.3677, MR:  167.73, H@1: 0.275, H@3: 0.402, H@10: 0.553

[2026-03-29 20:17:57,493][root][INFO] - Test metrics...
[2026-03-29 20:18:13,702][root][INFO] - Test (head) - MRR: 0.2668, MR:  216.92, H@1: 0.176, H@3: 0.292, H@10: 0.451
[2026-03-29 20:18:13,702][root][INFO] - Test (tail) - MRR: 0.4582, MR:  137.48, H@1: 0.361, H@3: 0.503, H@10: 0.649
[2026-03-29 20:18:13,702][root][INFO] - Test (avg) - MRR: 0.3625, MR:  177.20, H@1: 0.268, H@3: 0.398, H@10: 0.550

[2026-03-29 20:18:13,702][root][INFO] - Model save path: /home/wangwei/DSGNet-main/DSGNet/data/output/FB15k_237/2026-03-29/03-21-55
