[2026-03-21 02:32:13,032][root][INFO] - 
------Config------
 {'dataset': 'FB15k_237', 'epoch': 600, 'batch_size': 1024, 'learning_rate': 0.00035, 'h_dim': 480, 'pred_rel_w': False, 'label_smooth': 0.1, 'n_heads': 8, 'topk': 20, 'kg_layer': 2, 'rm_rate': 0.5, 'ent_drop': 0.3, 'rel_drop': 0.1, 'comp_op': 'mul', 'bn': False, 'k_h': 16, 'k_w': 30, 'conv_drop': 0.3, 'ent_drop_pred': 0.3, 'fc_drop': 0.5, 'ker_sz': 8, 'out_channel': 200, 'device': 0, 'max_no_improve': 30, 'cpu_worker_num': 10, 'warmup_epoch': 5}
[2026-03-21 02:32:13,033][root][INFO] - Code dir path: /home/wangwei/DSGNet-main/DSGNet/code_new
[2026-03-21 02:32:13,033][root][INFO] - Config dir path: /home/wangwei/DSGNet-main/DSGNet/config
[2026-03-21 02:32:13,033][root][INFO] - Model save path: /home/wangwei/DSGNet-main/DSGNet/data/output/FB15k_237/2026-03-21/02-32-12
[2026-03-21 02:32:16,837][root][INFO] - kg # node: 14541
[2026-03-21 02:32:16,837][root][INFO] - kg # edge: 544230
[2026-03-21 02:32:16,837][root][INFO] - kg # zero deg node: 36
[2026-03-21 02:32:16,838][root][INFO] - ---Load Train Data---
[2026-03-21 02:32:19,237][root][INFO] - -----Model Parameter Configuration-----
[2026-03-21 02:32:19,237][root][INFO] - Parameter ent_emb: torch.Size([14541, 480]), require_grad = True
[2026-03-21 02:32:19,238][root][INFO] - Parameter pred_rel_emb: torch.Size([474, 480]), require_grad = True
[2026-03-21 02:32:19,238][root][INFO] - Parameter W_fuse: torch.Size([480, 480]), require_grad = True
[2026-03-21 02:32:19,238][root][INFO] - Parameter a_fuse: torch.Size([960, 1]), require_grad = True
[2026-03-21 02:32:19,238][root][INFO] - Parameter rel_embs.0: torch.Size([474, 480]), require_grad = True
[2026-03-21 02:32:19,238][root][INFO] - Parameter rel_embs.1: torch.Size([474, 480]), require_grad = True
[2026-03-21 02:32:19,238][root][INFO] - Parameter predictor.bn0.weight: torch.Size([1]), require_grad = True
[2026-03-21 02:32:19,238][root][INFO] - Parameter predictor.bn0.bias: torch.Size([1]), require_grad = True
[2026-03-21 02:32:19,238][root][INFO] - Parameter predictor.bn1.weight: torch.Size([200]), require_grad = True
[2026-03-21 02:32:19,238][root][INFO] - Parameter predictor.bn1.bias: torch.Size([200]), require_grad = True
[2026-03-21 02:32:19,238][root][INFO] - Parameter predictor.bn2.weight: torch.Size([480]), require_grad = True
[2026-03-21 02:32:19,238][root][INFO] - Parameter predictor.bn2.bias: torch.Size([480]), require_grad = True
[2026-03-21 02:32:19,238][root][INFO] - Parameter predictor.conv.weight: torch.Size([200, 1, 8, 8]), require_grad = True
[2026-03-21 02:32:19,238][root][INFO] - Parameter predictor.fc.weight: torch.Size([480, 115000]), require_grad = True
[2026-03-21 02:32:19,238][root][INFO] - Parameter L.weight: torch.Size([480, 480]), require_grad = True
[2026-03-21 02:32:19,238][root][INFO] - Parameter L.bias: torch.Size([480]), require_grad = True
[2026-03-21 02:32:19,238][root][INFO] - Parameter S.weight: torch.Size([480, 480]), require_grad = True
[2026-03-21 02:32:19,238][root][INFO] - Parameter S.bias: torch.Size([480]), require_grad = True
[2026-03-21 02:32:19,238][root][INFO] - Parameter comp_layers.0.a: torch.Size([1, 8, 180]), require_grad = True
[2026-03-21 02:32:19,238][root][INFO] - Parameter comp_layers.0.W_ent.weight: torch.Size([480, 480]), require_grad = True
[2026-03-21 02:32:19,238][root][INFO] - Parameter comp_layers.0.W_rel.weight: torch.Size([480, 480]), require_grad = True
[2026-03-21 02:32:19,238][root][INFO] - Parameter comp_layers.0.proj.weight: torch.Size([480, 480]), require_grad = True
[2026-03-21 02:32:19,238][root][INFO] - Parameter comp_layers.1.a: torch.Size([1, 8, 180]), require_grad = True
[2026-03-21 02:32:19,238][root][INFO] - Parameter comp_layers.1.W_ent.weight: torch.Size([480, 480]), require_grad = True
[2026-03-21 02:32:19,238][root][INFO] - Parameter comp_layers.1.W_rel.weight: torch.Size([480, 480]), require_grad = True
[2026-03-21 02:32:19,239][root][INFO] - Parameter comp_layers.1.proj.weight: torch.Size([480, 480]), require_grad = True
[2026-03-21 02:32:20,153][root][INFO] - Training... total epoch: 600, step: 88200
[2026-03-21 02:35:06,984][root][INFO] - Epoch:   0 | Loss: 0.4038 | Val - MRR: 0.0009, MR: 6406.47, H@1: 0.000, H@3: 0.000, H@10: 0.001 | Test - MRR: 0.0010 | *
[2026-03-21 02:37:54,986][root][INFO] - Epoch:   1 | Loss: 0.0049 | Val - MRR: 0.0173, MR: 5049.53, H@1: 0.010, H@3: 0.019, H@10: 0.027 | Test - MRR: 0.0168 | *
[2026-03-21 02:40:41,760][root][INFO] - Epoch:   2 | Loss: 0.0035 | Val - MRR: 0.0356, MR: 4491.85, H@1: 0.024, H@3: 0.034, H@10: 0.054 | Test - MRR: 0.0346 | *
[2026-03-21 02:43:31,497][root][INFO] - Epoch:   3 | Loss: 0.0033 | Val - MRR: 0.0489, MR: 4164.30, H@1: 0.036, H@3: 0.050, H@10: 0.067 | Test - MRR: 0.0485 | *
[2026-03-21 02:46:19,726][root][INFO] - Epoch:   4 | Loss: 0.0032 | Val - MRR: 0.0653, MR: 4045.60, H@1: 0.054, H@3: 0.062, H@10: 0.083 | Test - MRR: 0.0652 | *
[2026-03-21 02:49:09,167][root][INFO] - Epoch:   5 | Loss: 0.0031 | Val - MRR: 0.0723, MR: 3918.17, H@1: 0.058, H@3: 0.071, H@10: 0.095 | Test - MRR: 0.0718 | *
[2026-03-21 02:51:57,367][root][INFO] - Epoch:   6 | Loss: 0.0030 | Val - MRR: 0.0854, MR: 3694.58, H@1: 0.065, H@3: 0.089, H@10: 0.122 | Test - MRR: 0.0848 | *
[2026-03-21 02:54:42,650][root][INFO] - Epoch:   7 | Loss: 0.0029 | Val - MRR: 0.1065, MR: 3410.35, H@1: 0.081, H@3: 0.115, H@10: 0.152 | Test - MRR: 0.1065 | *
[2026-03-21 02:57:30,564][root][INFO] - Epoch:   8 | Loss: 0.0028 | Val - MRR: 0.1161, MR: 2913.60, H@1: 0.088, H@3: 0.124, H@10: 0.170 | Test - MRR: 0.1155 | *
[2026-03-21 03:00:18,698][root][INFO] - Epoch:   9 | Loss: 0.0027 | Val - MRR: 0.1243, MR: 2388.67, H@1: 0.093, H@3: 0.130, H@10: 0.186 | Test - MRR: 0.1239 | *
[2026-03-21 03:03:05,610][root][INFO] - Epoch:  10 | Loss: 0.0026 | Val - MRR: 0.1334, MR: 2034.86, H@1: 0.098, H@3: 0.143, H@10: 0.203 | Test - MRR: 0.1332 | *
[2026-03-21 03:05:52,553][root][INFO] - Epoch:  11 | Loss: 0.0026 | Val - MRR: 0.1398, MR: 1663.93, H@1: 0.102, H@3: 0.148, H@10: 0.214 | Test - MRR: 0.1399 | *
[2026-03-21 03:08:39,555][root][INFO] - Epoch:  12 | Loss: 0.0025 | Val - MRR: 0.1489, MR: 1382.79, H@1: 0.109, H@3: 0.156, H@10: 0.230 | Test - MRR: 0.1494 | *
[2026-03-21 03:11:26,277][root][INFO] - Epoch:  13 | Loss: 0.0025 | Val - MRR: 0.1562, MR: 1166.40, H@1: 0.114, H@3: 0.164, H@10: 0.241 | Test - MRR: 0.1571 | *
[2026-03-21 03:14:14,378][root][INFO] - Epoch:  14 | Loss: 0.0024 | Val - MRR: 0.1608, MR: 1016.54, H@1: 0.116, H@3: 0.171, H@10: 0.251 | Test - MRR: 0.1611 | *
[2026-03-21 03:17:01,222][root][INFO] - Epoch:  15 | Loss: 0.0024 | Val - MRR: 0.1671, MR:  916.12, H@1: 0.119, H@3: 0.179, H@10: 0.260 | Test - MRR: 0.1673 | *
[2026-03-21 03:19:48,113][root][INFO] - Epoch:  16 | Loss: 0.0023 | Val - MRR: 0.1738, MR:  844.76, H@1: 0.126, H@3: 0.185, H@10: 0.267 | Test - MRR: 0.1734 | *
[2026-03-21 03:22:33,912][root][INFO] - Epoch:  17 | Loss: 0.0023 | Val - MRR: 0.1788, MR:  791.74, H@1: 0.129, H@3: 0.192, H@10: 0.276 | Test - MRR: 0.1785 | *
[2026-03-21 03:25:20,403][root][INFO] - Epoch:  18 | Loss: 0.0023 | Val - MRR: 0.1859, MR:  746.31, H@1: 0.133, H@3: 0.202, H@10: 0.289 | Test - MRR: 0.1851 | *
[2026-03-21 03:28:07,192][root][INFO] - Epoch:  19 | Loss: 0.0023 | Val - MRR: 0.1916, MR:  682.91, H@1: 0.137, H@3: 0.209, H@10: 0.294 | Test - MRR: 0.1913 | *
[2026-03-21 03:30:54,042][root][INFO] - Epoch:  20 | Loss: 0.0022 | Val - MRR: 0.1966, MR:  656.08, H@1: 0.142, H@3: 0.214, H@10: 0.300 | Test - MRR: 0.1957 | *
[2026-03-21 03:33:40,933][root][INFO] - Epoch:  21 | Loss: 0.0022 | Val - MRR: 0.2007, MR:  627.12, H@1: 0.146, H@3: 0.216, H@10: 0.306 | Test - MRR: 0.1998 | *
[2026-03-21 03:36:27,684][root][INFO] - Epoch:  22 | Loss: 0.0022 | Val - MRR: 0.2047, MR:  591.11, H@1: 0.149, H@3: 0.219, H@10: 0.310 | Test - MRR: 0.2043 | *
[2026-03-21 03:39:13,586][root][INFO] - Epoch:  23 | Loss: 0.0021 | Val - MRR: 0.2086, MR:  566.51, H@1: 0.152, H@3: 0.225, H@10: 0.315 | Test - MRR: 0.2069 | *
[2026-03-21 03:42:01,240][root][INFO] - Epoch:  24 | Loss: 0.0021 | Val - MRR: 0.2110, MR:  544.14, H@1: 0.154, H@3: 0.227, H@10: 0.320 | Test - MRR: 0.2096 | *
[2026-03-21 03:44:49,512][root][INFO] - Epoch:  25 | Loss: 0.0021 | Val - MRR: 0.2130, MR:  534.82, H@1: 0.155, H@3: 0.229, H@10: 0.324 | Test - MRR: 0.2117 | *
[2026-03-21 03:47:36,814][root][INFO] - Epoch:  26 | Loss: 0.0021 | Val - MRR: 0.2154, MR:  515.22, H@1: 0.158, H@3: 0.230, H@10: 0.327 | Test - MRR: 0.2141 | *
[2026-03-21 03:50:22,972][root][INFO] - Epoch:  27 | Loss: 0.0021 | Val - MRR: 0.2183, MR:  492.93, H@1: 0.159, H@3: 0.235, H@10: 0.332 | Test - MRR: 0.2166 | *
[2026-03-21 03:53:09,608][root][INFO] - Epoch:  28 | Loss: 0.0021 | Val - MRR: 0.2203, MR:  479.36, H@1: 0.160, H@3: 0.238, H@10: 0.337 | Test - MRR: 0.2190 | *
[2026-03-21 03:55:54,757][root][INFO] - Epoch:  29 | Loss: 0.0021 | Val - MRR: 0.2239, MR:  467.94, H@1: 0.164, H@3: 0.241, H@10: 0.341 | Test - MRR: 0.2214 | *
[2026-03-21 03:58:41,518][root][INFO] - Epoch:  30 | Loss: 0.0020 | Val - MRR: 0.2258, MR:  454.96, H@1: 0.164, H@3: 0.244, H@10: 0.344 | Test - MRR: 0.2245 | *
[2026-03-21 04:01:27,875][root][INFO] - Epoch:  31 | Loss: 0.0021 | Val - MRR: 0.2270, MR:  448.82, H@1: 0.165, H@3: 0.245, H@10: 0.347 | Test - MRR: 0.2260 | *
[2026-03-21 04:04:15,276][root][INFO] - Epoch:  32 | Loss: 0.0020 | Val - MRR: 0.2294, MR:  428.73, H@1: 0.167, H@3: 0.248, H@10: 0.351 | Test - MRR: 0.2283 | *
[2026-03-21 04:07:02,569][root][INFO] - Epoch:  33 | Loss: 0.0021 | Val - MRR: 0.2317, MR:  420.55, H@1: 0.169, H@3: 0.251, H@10: 0.353 | Test - MRR: 0.2297 | *
[2026-03-21 04:09:49,087][root][INFO] - Epoch:  34 | Loss: 0.0020 | Val - MRR: 0.2319, MR:  413.03, H@1: 0.168, H@3: 0.252, H@10: 0.354 | Test - MRR: 0.2315 | *
[2026-03-21 04:12:34,554][root][INFO] - Epoch:  35 | Loss: 0.0020 | Val - MRR: 0.2342, MR:  407.75, H@1: 0.171, H@3: 0.252, H@10: 0.357 | Test - MRR: 0.2335 | *
[2026-03-21 04:15:22,696][root][INFO] - Epoch:  36 | Loss: 0.0020 | Val - MRR: 0.2368, MR:  399.88, H@1: 0.172, H@3: 0.257, H@10: 0.361 | Test - MRR: 0.2358 | *
[2026-03-21 04:18:09,043][root][INFO] - Epoch:  37 | Loss: 0.0020 | Val - MRR: 0.2383, MR:  390.96, H@1: 0.174, H@3: 0.257, H@10: 0.363 | Test - MRR: 0.2377 | *
[2026-03-21 04:20:55,866][root][INFO] - Epoch:  38 | Loss: 0.0020 | Val - MRR: 0.2403, MR:  384.40, H@1: 0.175, H@3: 0.260, H@10: 0.365 | Test - MRR: 0.2392 | *
[2026-03-21 04:23:43,593][root][INFO] - Epoch:  39 | Loss: 0.0020 | Val - MRR: 0.2409, MR:  376.72, H@1: 0.175, H@3: 0.262, H@10: 0.368 | Test - MRR: 0.2396 | *
[2026-03-21 04:26:30,346][root][INFO] - Epoch:  40 | Loss: 0.0021 | Val - MRR: 0.2425, MR:  373.72, H@1: 0.177, H@3: 0.262, H@10: 0.369 | Test - MRR: 0.2414 | *
[2026-03-21 04:29:16,651][root][INFO] - Epoch:  41 | Loss: 0.0020 | Val - MRR: 0.2440, MR:  371.37, H@1: 0.178, H@3: 0.264, H@10: 0.372 | Test - MRR: 0.2430 | *
[2026-03-21 04:32:03,718][root][INFO] - Epoch:  42 | Loss: 0.0020 | Val - MRR: 0.2451, MR:  369.42, H@1: 0.179, H@3: 0.265, H@10: 0.373 | Test - MRR: 0.2445 | *
[2026-03-21 04:34:50,667][root][INFO] - Epoch:  43 | Loss: 0.0019 | Val - MRR: 0.2467, MR:  357.69, H@1: 0.179, H@3: 0.269, H@10: 0.375 | Test - MRR: 0.2456 | *
[2026-03-21 04:37:34,231][root][INFO] - Epoch:  44 | Loss: 0.0019 | Val - MRR: 0.2494, MR:  356.76, H@1: 0.182, H@3: 0.271, H@10: 0.380 | Test - MRR: 0.2478 | *
[2026-03-21 04:40:21,258][root][INFO] - Epoch:  45 | Loss: 0.0020 | Val - MRR: 0.2518, MR:  350.09, H@1: 0.185, H@3: 0.273, H@10: 0.382 | Test - MRR: 0.2493 | *
[2026-03-21 04:42:49,938][root][INFO] - Epoch:  46 | Loss: 0.0019 | Val - MRR: 0.2516, MR:  348.11, H@1: 0.182, H@3: 0.275, H@10: 0.384 | 
[2026-03-21 04:45:36,970][root][INFO] - Epoch:  47 | Loss: 0.0019 | Val - MRR: 0.2526, MR:  344.87, H@1: 0.184, H@3: 0.275, H@10: 0.384 | Test - MRR: 0.2503 | *
[2026-03-21 04:48:24,603][root][INFO] - Epoch:  48 | Loss: 0.0019 | Val - MRR: 0.2541, MR:  331.16, H@1: 0.185, H@3: 0.277, H@10: 0.385 | Test - MRR: 0.2530 | *
[2026-03-21 04:51:09,731][root][INFO] - Epoch:  49 | Loss: 0.0019 | Val - MRR: 0.2558, MR:  327.96, H@1: 0.186, H@3: 0.278, H@10: 0.390 | Test - MRR: 0.2536 | *
[2026-03-21 04:53:56,896][root][INFO] - Epoch:  50 | Loss: 0.0019 | Val - MRR: 0.2572, MR:  326.27, H@1: 0.188, H@3: 0.281, H@10: 0.391 | Test - MRR: 0.2547 | *
[2026-03-21 04:56:43,168][root][INFO] - Epoch:  51 | Loss: 0.0019 | Val - MRR: 0.2590, MR:  325.39, H@1: 0.190, H@3: 0.283, H@10: 0.392 | Test - MRR: 0.2570 | *
[2026-03-21 04:59:30,419][root][INFO] - Epoch:  52 | Loss: 0.0019 | Val - MRR: 0.2625, MR:  311.71, H@1: 0.193, H@3: 0.285, H@10: 0.396 | Test - MRR: 0.2593 | *
[2026-03-21 05:02:16,499][root][INFO] - Epoch:  53 | Loss: 0.0019 | Val - MRR: 0.2627, MR:  311.24, H@1: 0.193, H@3: 0.286, H@10: 0.397 | Test - MRR: 0.2608 | *
[2026-03-21 05:05:02,817][root][INFO] - Epoch:  54 | Loss: 0.0019 | Val - MRR: 0.2636, MR:  312.39, H@1: 0.193, H@3: 0.287, H@10: 0.400 | Test - MRR: 0.2613 | *
[2026-03-21 05:07:50,009][root][INFO] - Epoch:  55 | Loss: 0.0019 | Val - MRR: 0.2661, MR:  301.41, H@1: 0.197, H@3: 0.288, H@10: 0.400 | Test - MRR: 0.2635 | *
[2026-03-21 05:10:36,468][root][INFO] - Epoch:  56 | Loss: 0.0019 | Val - MRR: 0.2679, MR:  299.86, H@1: 0.199, H@3: 0.290, H@10: 0.402 | Test - MRR: 0.2643 | *
[2026-03-21 05:13:21,949][root][INFO] - Epoch:  57 | Loss: 0.0018 | Val - MRR: 0.2686, MR:  293.47, H@1: 0.199, H@3: 0.291, H@10: 0.406 | Test - MRR: 0.2661 | *
[2026-03-21 05:16:09,892][root][INFO] - Epoch:  58 | Loss: 0.0019 | Val - MRR: 0.2713, MR:  289.55, H@1: 0.202, H@3: 0.293, H@10: 0.408 | Test - MRR: 0.2679 | *
[2026-03-21 05:18:56,310][root][INFO] - Epoch:  59 | Loss: 0.0019 | Val - MRR: 0.2723, MR:  286.41, H@1: 0.201, H@3: 0.294, H@10: 0.411 | Test - MRR: 0.2688 | *
[2026-03-21 05:21:42,654][root][INFO] - Epoch:  60 | Loss: 0.0019 | Val - MRR: 0.2730, MR:  293.92, H@1: 0.201, H@3: 0.294, H@10: 0.412 | Test - MRR: 0.2695 | *
[2026-03-21 05:24:30,093][root][INFO] - Epoch:  61 | Loss: 0.0018 | Val - MRR: 0.2757, MR:  277.55, H@1: 0.204, H@3: 0.298, H@10: 0.414 | Test - MRR: 0.2722 | *
[2026-03-21 05:27:16,154][root][INFO] - Epoch:  62 | Loss: 0.0018 | Val - MRR: 0.2772, MR:  272.23, H@1: 0.205, H@3: 0.300, H@10: 0.417 | Test - MRR: 0.2735 | *
[2026-03-21 05:30:03,160][root][INFO] - Epoch:  63 | Loss: 0.0018 | Val - MRR: 0.2794, MR:  272.36, H@1: 0.207, H@3: 0.302, H@10: 0.421 | Test - MRR: 0.2763 | *
[2026-03-21 05:32:33,392][root][INFO] - Epoch:  64 | Loss: 0.0018 | Val - MRR: 0.2790, MR:  272.85, H@1: 0.206, H@3: 0.302, H@10: 0.422 | 
[2026-03-21 05:35:21,165][root][INFO] - Epoch:  65 | Loss: 0.0018 | Val - MRR: 0.2834, MR:  266.63, H@1: 0.210, H@3: 0.307, H@10: 0.428 | Test - MRR: 0.2805 | *
[2026-03-21 05:38:07,300][root][INFO] - Epoch:  66 | Loss: 0.0018 | Val - MRR: 0.2846, MR:  256.06, H@1: 0.211, H@3: 0.307, H@10: 0.429 | Test - MRR: 0.2814 | *
[2026-03-21 05:40:54,515][root][INFO] - Epoch:  67 | Loss: 0.0018 | Val - MRR: 0.2859, MR:  255.16, H@1: 0.211, H@3: 0.310, H@10: 0.433 | Test - MRR: 0.2825 | *
[2026-03-21 05:43:41,277][root][INFO] - Epoch:  68 | Loss: 0.0018 | Val - MRR: 0.2891, MR:  254.33, H@1: 0.215, H@3: 0.312, H@10: 0.437 | Test - MRR: 0.2848 | *
[2026-03-21 05:46:28,312][root][INFO] - Epoch:  69 | Loss: 0.0017 | Val - MRR: 0.2896, MR:  247.98, H@1: 0.215, H@3: 0.313, H@10: 0.437 | Test - MRR: 0.2858 | *
[2026-03-21 05:49:15,306][root][INFO] - Epoch:  70 | Loss: 0.0018 | Val - MRR: 0.2908, MR:  246.16, H@1: 0.216, H@3: 0.314, H@10: 0.439 | Test - MRR: 0.2866 | *
[2026-03-21 05:52:02,063][root][INFO] - Epoch:  71 | Loss: 0.0017 | Val - MRR: 0.2927, MR:  243.57, H@1: 0.217, H@3: 0.317, H@10: 0.443 | Test - MRR: 0.2894 | *
[2026-03-21 05:54:47,199][root][INFO] - Epoch:  72 | Loss: 0.0018 | Val - MRR: 0.2950, MR:  235.71, H@1: 0.219, H@3: 0.319, H@10: 0.444 | Test - MRR: 0.2910 | *
[2026-03-21 05:57:33,767][root][INFO] - Epoch:  73 | Loss: 0.0017 | Val - MRR: 0.2969, MR:  229.28, H@1: 0.221, H@3: 0.319, H@10: 0.449 | Test - MRR: 0.2931 | *
[2026-03-21 06:00:20,874][root][INFO] - Epoch:  74 | Loss: 0.0017 | Val - MRR: 0.2989, MR:  235.63, H@1: 0.222, H@3: 0.323, H@10: 0.452 | Test - MRR: 0.2937 | *
[2026-03-21 06:02:49,747][root][INFO] - Epoch:  75 | Loss: 0.0017 | Val - MRR: 0.2987, MR:  230.77, H@1: 0.221, H@3: 0.324, H@10: 0.452 | 
[2026-03-21 06:05:36,040][root][INFO] - Epoch:  76 | Loss: 0.0017 | Val - MRR: 0.3022, MR:  223.50, H@1: 0.224, H@3: 0.328, H@10: 0.456 | Test - MRR: 0.2965 | *
[2026-03-21 06:08:23,349][root][INFO] - Epoch:  77 | Loss: 0.0017 | Val - MRR: 0.3033, MR:  221.24, H@1: 0.224, H@3: 0.328, H@10: 0.461 | Test - MRR: 0.2986 | *
[2026-03-21 06:11:10,189][root][INFO] - Epoch:  78 | Loss: 0.0017 | Val - MRR: 0.3066, MR:  214.64, H@1: 0.228, H@3: 0.331, H@10: 0.463 | Test - MRR: 0.3015 | *
[2026-03-21 06:13:38,173][root][INFO] - Epoch:  79 | Loss: 0.0017 | Val - MRR: 0.3062, MR:  216.48, H@1: 0.226, H@3: 0.332, H@10: 0.464 | 
[2026-03-21 06:16:22,939][root][INFO] - Epoch:  80 | Loss: 0.0017 | Val - MRR: 0.3080, MR:  213.59, H@1: 0.228, H@3: 0.333, H@10: 0.468 | Test - MRR: 0.3037 | *
[2026-03-21 06:19:09,901][root][INFO] - Epoch:  81 | Loss: 0.0016 | Val - MRR: 0.3104, MR:  209.07, H@1: 0.230, H@3: 0.336, H@10: 0.472 | Test - MRR: 0.3063 | *
[2026-03-21 06:21:56,190][root][INFO] - Epoch:  82 | Loss: 0.0016 | Val - MRR: 0.3109, MR:  209.14, H@1: 0.231, H@3: 0.336, H@10: 0.473 | Test - MRR: 0.3055 | *
[2026-03-21 06:24:43,582][root][INFO] - Epoch:  83 | Loss: 0.0017 | Val - MRR: 0.3137, MR:  207.16, H@1: 0.233, H@3: 0.341, H@10: 0.475 | Test - MRR: 0.3085 | *
[2026-03-21 06:27:30,542][root][INFO] - Epoch:  84 | Loss: 0.0016 | Val - MRR: 0.3155, MR:  206.83, H@1: 0.234, H@3: 0.342, H@10: 0.477 | Test - MRR: 0.3106 | *
[2026-03-21 06:29:59,238][root][INFO] - Epoch:  85 | Loss: 0.0016 | Val - MRR: 0.3153, MR:  205.62, H@1: 0.234, H@3: 0.341, H@10: 0.479 | 
[2026-03-21 06:32:47,501][root][INFO] - Epoch:  86 | Loss: 0.0016 | Val - MRR: 0.3194, MR:  201.65, H@1: 0.237, H@3: 0.347, H@10: 0.485 | Test - MRR: 0.3134 | *
[2026-03-21 06:35:16,628][root][INFO] - Epoch:  87 | Loss: 0.0016 | Val - MRR: 0.3191, MR:  201.02, H@1: 0.237, H@3: 0.347, H@10: 0.483 | 
[2026-03-21 06:38:02,800][root][INFO] - Epoch:  88 | Loss: 0.0016 | Val - MRR: 0.3213, MR:  199.05, H@1: 0.239, H@3: 0.350, H@10: 0.486 | Test - MRR: 0.3156 | *
[2026-03-21 06:40:49,655][root][INFO] - Epoch:  89 | Loss: 0.0016 | Val - MRR: 0.3224, MR:  196.13, H@1: 0.240, H@3: 0.349, H@10: 0.489 | Test - MRR: 0.3164 | *
[2026-03-21 06:43:36,386][root][INFO] - Epoch:  90 | Loss: 0.0016 | Val - MRR: 0.3232, MR:  194.69, H@1: 0.240, H@3: 0.351, H@10: 0.489 | Test - MRR: 0.3191 | *
[2026-03-21 06:46:23,014][root][INFO] - Epoch:  91 | Loss: 0.0016 | Val - MRR: 0.3247, MR:  196.16, H@1: 0.240, H@3: 0.354, H@10: 0.491 | Test - MRR: 0.3198 | *
[2026-03-21 06:49:07,470][root][INFO] - Epoch:  92 | Loss: 0.0016 | Val - MRR: 0.3253, MR:  191.58, H@1: 0.241, H@3: 0.353, H@10: 0.493 | Test - MRR: 0.3205 | *
[2026-03-21 06:51:53,006][root][INFO] - Epoch:  93 | Loss: 0.0016 | Val - MRR: 0.3257, MR:  193.80, H@1: 0.242, H@3: 0.354, H@10: 0.494 | Test - MRR: 0.3212 | *
[2026-03-21 06:54:38,888][root][INFO] - Epoch:  94 | Loss: 0.0016 | Val - MRR: 0.3272, MR:  190.98, H@1: 0.243, H@3: 0.357, H@10: 0.495 | Test - MRR: 0.3229 | *
[2026-03-21 06:57:24,839][root][INFO] - Epoch:  95 | Loss: 0.0016 | Val - MRR: 0.3286, MR:  195.84, H@1: 0.244, H@3: 0.357, H@10: 0.498 | Test - MRR: 0.3249 | *
[2026-03-21 07:00:11,706][root][INFO] - Epoch:  96 | Loss: 0.0016 | Val - MRR: 0.3288, MR:  191.09, H@1: 0.244, H@3: 0.357, H@10: 0.499 | Test - MRR: 0.3242 | *
[2026-03-21 07:02:58,448][root][INFO] - Epoch:  97 | Loss: 0.0015 | Val - MRR: 0.3303, MR:  190.65, H@1: 0.245, H@3: 0.361, H@10: 0.503 | Test - MRR: 0.3266 | *
[2026-03-21 07:05:44,092][root][INFO] - Epoch:  98 | Loss: 0.0015 | Val - MRR: 0.3308, MR:  185.18, H@1: 0.245, H@3: 0.360, H@10: 0.504 | Test - MRR: 0.3270 | *
[2026-03-21 07:08:30,660][root][INFO] - Epoch:  99 | Loss: 0.0016 | Val - MRR: 0.3323, MR:  185.39, H@1: 0.246, H@3: 0.363, H@10: 0.503 | Test - MRR: 0.3288 | *
[2026-03-21 07:11:18,066][root][INFO] - Epoch: 100 | Loss: 0.0016 | Val - MRR: 0.3339, MR:  187.62, H@1: 0.249, H@3: 0.363, H@10: 0.506 | Test - MRR: 0.3287 | *
[2026-03-21 07:13:47,341][root][INFO] - Epoch: 101 | Loss: 0.0015 | Val - MRR: 0.3324, MR:  189.07, H@1: 0.246, H@3: 0.362, H@10: 0.505 | 
[2026-03-21 07:16:16,965][root][INFO] - Epoch: 102 | Loss: 0.0015 | Val - MRR: 0.3337, MR:  190.05, H@1: 0.249, H@3: 0.363, H@10: 0.504 | 
[2026-03-21 07:19:04,039][root][INFO] - Epoch: 103 | Loss: 0.0015 | Val - MRR: 0.3343, MR:  190.29, H@1: 0.248, H@3: 0.364, H@10: 0.509 | Test - MRR: 0.3299 | *
[2026-03-21 07:21:33,483][root][INFO] - Epoch: 104 | Loss: 0.0015 | Val - MRR: 0.3341, MR:  186.48, H@1: 0.247, H@3: 0.366, H@10: 0.508 | 
[2026-03-21 07:24:19,418][root][INFO] - Epoch: 105 | Loss: 0.0015 | Val - MRR: 0.3356, MR:  189.52, H@1: 0.249, H@3: 0.366, H@10: 0.509 | Test - MRR: 0.3315 | *
[2026-03-21 07:27:06,793][root][INFO] - Epoch: 106 | Loss: 0.0015 | Val - MRR: 0.3359, MR:  191.35, H@1: 0.249, H@3: 0.367, H@10: 0.510 | Test - MRR: 0.3319 | *
[2026-03-21 07:29:59,478][root][INFO] - Epoch: 107 | Loss: 0.0015 | Val - MRR: 0.3373, MR:  183.51, H@1: 0.250, H@3: 0.369, H@10: 0.511 | Test - MRR: 0.3314 | *
[2026-03-21 07:32:46,656][root][INFO] - Epoch: 108 | Loss: 0.0015 | Val - MRR: 0.3380, MR:  180.83, H@1: 0.252, H@3: 0.369, H@10: 0.510 | Test - MRR: 0.3330 | *
[2026-03-21 07:35:32,890][root][INFO] - Epoch: 109 | Loss: 0.0015 | Val - MRR: 0.3385, MR:  180.31, H@1: 0.251, H@3: 0.370, H@10: 0.513 | Test - MRR: 0.3326 | *
[2026-03-21 07:38:19,559][root][INFO] - Epoch: 110 | Loss: 0.0015 | Val - MRR: 0.3399, MR:  178.38, H@1: 0.252, H@3: 0.372, H@10: 0.515 | Test - MRR: 0.3347 | *
[2026-03-21 07:41:06,757][root][INFO] - Epoch: 111 | Loss: 0.0015 | Val - MRR: 0.3406, MR:  182.04, H@1: 0.254, H@3: 0.371, H@10: 0.513 | Test - MRR: 0.3355 | *
[2026-03-21 07:43:53,927][root][INFO] - Epoch: 112 | Loss: 0.0015 | Val - MRR: 0.3432, MR:  180.32, H@1: 0.256, H@3: 0.373, H@10: 0.519 | Test - MRR: 0.3365 | *
[2026-03-21 07:46:23,942][root][INFO] - Epoch: 113 | Loss: 0.0015 | Val - MRR: 0.3410, MR:  178.77, H@1: 0.253, H@3: 0.373, H@10: 0.517 | 
[2026-03-21 07:48:52,681][root][INFO] - Epoch: 114 | Loss: 0.0015 | Val - MRR: 0.3396, MR:  178.54, H@1: 0.251, H@3: 0.371, H@10: 0.519 | 
[2026-03-21 07:51:21,319][root][INFO] - Epoch: 115 | Loss: 0.0015 | Val - MRR: 0.3400, MR:  180.86, H@1: 0.253, H@3: 0.370, H@10: 0.515 | 
[2026-03-21 07:53:49,588][root][INFO] - Epoch: 116 | Loss: 0.0015 | Val - MRR: 0.3425, MR:  181.33, H@1: 0.255, H@3: 0.374, H@10: 0.518 | 
[2026-03-21 07:56:17,183][root][INFO] - Epoch: 117 | Loss: 0.0015 | Val - MRR: 0.3425, MR:  182.74, H@1: 0.254, H@3: 0.375, H@10: 0.521 | 
[2026-03-21 07:58:46,178][root][INFO] - Epoch: 118 | Loss: 0.0015 | Val - MRR: 0.3422, MR:  180.56, H@1: 0.254, H@3: 0.372, H@10: 0.520 | 
[2026-03-21 08:01:15,762][root][INFO] - Epoch: 119 | Loss: 0.0015 | Val - MRR: 0.3420, MR:  179.89, H@1: 0.253, H@3: 0.374, H@10: 0.520 | 
[2026-03-21 08:03:44,075][root][INFO] - Epoch: 120 | Loss: 0.0015 | Val - MRR: 0.3431, MR:  178.38, H@1: 0.255, H@3: 0.375, H@10: 0.519 | 
[2026-03-21 08:06:31,194][root][INFO] - Epoch: 121 | Loss: 0.0015 | Val - MRR: 0.3441, MR:  176.52, H@1: 0.255, H@3: 0.377, H@10: 0.521 | Test - MRR: 0.3395 | *
[2026-03-21 08:09:01,393][root][INFO] - Epoch: 122 | Loss: 0.0014 | Val - MRR: 0.3434, MR:  179.69, H@1: 0.255, H@3: 0.375, H@10: 0.521 | 
[2026-03-21 08:11:29,397][root][INFO] - Epoch: 123 | Loss: 0.0014 | Val - MRR: 0.3433, MR:  177.44, H@1: 0.255, H@3: 0.376, H@10: 0.523 | 
[2026-03-21 08:14:14,996][root][INFO] - Epoch: 124 | Loss: 0.0014 | Val - MRR: 0.3461, MR:  177.73, H@1: 0.257, H@3: 0.379, H@10: 0.525 | Test - MRR: 0.3417 | *
[2026-03-21 08:16:43,881][root][INFO] - Epoch: 125 | Loss: 0.0014 | Val - MRR: 0.3445, MR:  181.51, H@1: 0.255, H@3: 0.378, H@10: 0.524 | 
[2026-03-21 08:19:13,089][root][INFO] - Epoch: 126 | Loss: 0.0014 | Val - MRR: 0.3454, MR:  179.60, H@1: 0.257, H@3: 0.377, H@10: 0.525 | 
[2026-03-21 08:21:42,478][root][INFO] - Epoch: 127 | Loss: 0.0014 | Val - MRR: 0.3450, MR:  180.24, H@1: 0.256, H@3: 0.377, H@10: 0.525 | 
[2026-03-21 08:24:27,720][root][INFO] - Epoch: 128 | Loss: 0.0014 | Val - MRR: 0.3464, MR:  180.64, H@1: 0.258, H@3: 0.377, H@10: 0.524 | Test - MRR: 0.3410 | *
[2026-03-21 08:26:57,647][root][INFO] - Epoch: 129 | Loss: 0.0014 | Val - MRR: 0.3451, MR:  182.25, H@1: 0.256, H@3: 0.377, H@10: 0.524 | 
[2026-03-21 08:29:43,391][root][INFO] - Epoch: 130 | Loss: 0.0014 | Val - MRR: 0.3473, MR:  184.14, H@1: 0.258, H@3: 0.380, H@10: 0.526 | Test - MRR: 0.3430 | *
[2026-03-21 08:32:13,654][root][INFO] - Epoch: 131 | Loss: 0.0014 | Val - MRR: 0.3464, MR:  182.58, H@1: 0.258, H@3: 0.378, H@10: 0.524 | 
[2026-03-21 08:34:41,662][root][INFO] - Epoch: 132 | Loss: 0.0014 | Val - MRR: 0.3456, MR:  189.55, H@1: 0.257, H@3: 0.379, H@10: 0.524 | 
[2026-03-21 08:37:11,592][root][INFO] - Epoch: 133 | Loss: 0.0014 | Val - MRR: 0.3456, MR:  178.70, H@1: 0.256, H@3: 0.379, H@10: 0.525 | 
[2026-03-21 08:39:41,517][root][INFO] - Epoch: 134 | Loss: 0.0014 | Val - MRR: 0.3457, MR:  180.68, H@1: 0.256, H@3: 0.379, H@10: 0.525 | 
[2026-03-21 08:42:11,309][root][INFO] - Epoch: 135 | Loss: 0.0014 | Val - MRR: 0.3460, MR:  184.04, H@1: 0.256, H@3: 0.380, H@10: 0.526 | 
[2026-03-21 08:44:39,222][root][INFO] - Epoch: 136 | Loss: 0.0014 | Val - MRR: 0.3460, MR:  182.55, H@1: 0.256, H@3: 0.380, H@10: 0.526 | 
[2026-03-21 08:47:08,017][root][INFO] - Epoch: 137 | Loss: 0.0014 | Val - MRR: 0.3471, MR:  178.48, H@1: 0.258, H@3: 0.379, H@10: 0.528 | 
[2026-03-21 08:49:37,417][root][INFO] - Epoch: 138 | Loss: 0.0014 | Val - MRR: 0.3463, MR:  179.33, H@1: 0.255, H@3: 0.380, H@10: 0.528 | 
[2026-03-21 08:52:24,786][root][INFO] - Epoch: 139 | Loss: 0.0014 | Val - MRR: 0.3474, MR:  181.69, H@1: 0.257, H@3: 0.381, H@10: 0.528 | Test - MRR: 0.3433 | *
[2026-03-21 08:55:11,442][root][INFO] - Epoch: 140 | Loss: 0.0014 | Val - MRR: 0.3479, MR:  181.95, H@1: 0.258, H@3: 0.381, H@10: 0.529 | Test - MRR: 0.3435 | *
[2026-03-21 08:57:58,684][root][INFO] - Epoch: 141 | Loss: 0.0014 | Val - MRR: 0.3485, MR:  181.31, H@1: 0.259, H@3: 0.380, H@10: 0.529 | Test - MRR: 0.3433 | *
[2026-03-21 09:00:45,150][root][INFO] - Epoch: 142 | Loss: 0.0014 | Val - MRR: 0.3493, MR:  179.26, H@1: 0.260, H@3: 0.383, H@10: 0.530 | Test - MRR: 0.3448 | *
[2026-03-21 09:03:13,008][root][INFO] - Epoch: 143 | Loss: 0.0014 | Val - MRR: 0.3492, MR:  179.35, H@1: 0.260, H@3: 0.381, H@10: 0.530 | 
[2026-03-21 09:05:43,019][root][INFO] - Epoch: 144 | Loss: 0.0014 | Val - MRR: 0.3480, MR:  178.31, H@1: 0.259, H@3: 0.381, H@10: 0.530 | 
[2026-03-21 09:08:11,684][root][INFO] - Epoch: 145 | Loss: 0.0014 | Val - MRR: 0.3478, MR:  178.28, H@1: 0.258, H@3: 0.380, H@10: 0.531 | 
[2026-03-21 09:10:41,664][root][INFO] - Epoch: 146 | Loss: 0.0014 | Val - MRR: 0.3480, MR:  180.25, H@1: 0.258, H@3: 0.381, H@10: 0.531 | 
[2026-03-21 09:13:11,062][root][INFO] - Epoch: 147 | Loss: 0.0014 | Val - MRR: 0.3493, MR:  177.45, H@1: 0.259, H@3: 0.383, H@10: 0.530 | 
[2026-03-21 09:15:38,920][root][INFO] - Epoch: 148 | Loss: 0.0014 | Val - MRR: 0.3483, MR:  180.36, H@1: 0.259, H@3: 0.380, H@10: 0.529 | 
[2026-03-21 09:18:26,098][root][INFO] - Epoch: 149 | Loss: 0.0014 | Val - MRR: 0.3499, MR:  180.26, H@1: 0.260, H@3: 0.382, H@10: 0.529 | Test - MRR: 0.3449 | *
[2026-03-21 09:20:56,906][root][INFO] - Epoch: 150 | Loss: 0.0014 | Val - MRR: 0.3490, MR:  178.82, H@1: 0.259, H@3: 0.380, H@10: 0.529 | 
[2026-03-21 09:23:25,249][root][INFO] - Epoch: 151 | Loss: 0.0014 | Val - MRR: 0.3496, MR:  177.45, H@1: 0.260, H@3: 0.382, H@10: 0.532 | 
[2026-03-21 09:25:55,484][root][INFO] - Epoch: 152 | Loss: 0.0014 | Val - MRR: 0.3493, MR:  183.23, H@1: 0.260, H@3: 0.381, H@10: 0.530 | 
[2026-03-21 09:28:41,572][root][INFO] - Epoch: 153 | Loss: 0.0014 | Val - MRR: 0.3499, MR:  181.62, H@1: 0.261, H@3: 0.381, H@10: 0.531 | Test - MRR: 0.3447 | *
[2026-03-21 09:31:28,142][root][INFO] - Epoch: 154 | Loss: 0.0014 | Val - MRR: 0.3500, MR:  186.57, H@1: 0.261, H@3: 0.382, H@10: 0.530 | Test - MRR: 0.3442 | *
[2026-03-21 09:34:16,105][root][INFO] - Epoch: 155 | Loss: 0.0014 | Val - MRR: 0.3510, MR:  189.37, H@1: 0.260, H@3: 0.385, H@10: 0.535 | Test - MRR: 0.3452 | *
[2026-03-21 09:36:45,557][root][INFO] - Epoch: 156 | Loss: 0.0014 | Val - MRR: 0.3510, MR:  184.91, H@1: 0.261, H@3: 0.383, H@10: 0.533 | 
[2026-03-21 09:39:14,696][root][INFO] - Epoch: 157 | Loss: 0.0014 | Val - MRR: 0.3488, MR:  182.60, H@1: 0.259, H@3: 0.380, H@10: 0.532 | 
[2026-03-21 09:41:44,824][root][INFO] - Epoch: 158 | Loss: 0.0014 | Val - MRR: 0.3498, MR:  183.52, H@1: 0.261, H@3: 0.380, H@10: 0.531 | 
[2026-03-21 09:44:12,624][root][INFO] - Epoch: 159 | Loss: 0.0013 | Val - MRR: 0.3502, MR:  181.52, H@1: 0.259, H@3: 0.383, H@10: 0.533 | 
[2026-03-21 09:46:42,614][root][INFO] - Epoch: 160 | Loss: 0.0013 | Val - MRR: 0.3496, MR:  180.32, H@1: 0.260, H@3: 0.380, H@10: 0.530 | 
[2026-03-21 09:49:11,714][root][INFO] - Epoch: 161 | Loss: 0.0014 | Val - MRR: 0.3495, MR:  181.57, H@1: 0.259, H@3: 0.382, H@10: 0.532 | 
[2026-03-21 09:51:41,684][root][INFO] - Epoch: 162 | Loss: 0.0014 | Val - MRR: 0.3509, MR:  182.17, H@1: 0.261, H@3: 0.383, H@10: 0.532 | 
[2026-03-21 09:54:10,781][root][INFO] - Epoch: 163 | Loss: 0.0013 | Val - MRR: 0.3494, MR:  184.82, H@1: 0.259, H@3: 0.380, H@10: 0.531 | 
[2026-03-21 09:56:39,148][root][INFO] - Epoch: 164 | Loss: 0.0013 | Val - MRR: 0.3502, MR:  185.94, H@1: 0.260, H@3: 0.382, H@10: 0.531 | 
[2026-03-21 09:59:26,141][root][INFO] - Epoch: 165 | Loss: 0.0013 | Val - MRR: 0.3518, MR:  184.03, H@1: 0.262, H@3: 0.384, H@10: 0.533 | Test - MRR: 0.3459 | *
[2026-03-21 10:01:56,415][root][INFO] - Epoch: 166 | Loss: 0.0013 | Val - MRR: 0.3505, MR:  184.18, H@1: 0.260, H@3: 0.383, H@10: 0.532 | 
[2026-03-21 10:04:24,237][root][INFO] - Epoch: 167 | Loss: 0.0013 | Val - MRR: 0.3500, MR:  185.81, H@1: 0.260, H@3: 0.382, H@10: 0.532 | 
[2026-03-21 10:07:12,154][root][INFO] - Epoch: 168 | Loss: 0.0013 | Val - MRR: 0.3520, MR:  184.78, H@1: 0.263, H@3: 0.383, H@10: 0.534 | Test - MRR: 0.3462 | *
[2026-03-21 10:09:42,255][root][INFO] - Epoch: 169 | Loss: 0.0013 | Val - MRR: 0.3503, MR:  186.22, H@1: 0.260, H@3: 0.382, H@10: 0.534 | 
[2026-03-21 10:12:10,676][root][INFO] - Epoch: 170 | Loss: 0.0013 | Val - MRR: 0.3507, MR:  186.71, H@1: 0.261, H@3: 0.382, H@10: 0.533 | 
[2026-03-21 10:14:40,269][root][INFO] - Epoch: 171 | Loss: 0.0013 | Val - MRR: 0.3501, MR:  186.07, H@1: 0.260, H@3: 0.382, H@10: 0.532 | 
[2026-03-21 10:17:08,711][root][INFO] - Epoch: 172 | Loss: 0.0013 | Val - MRR: 0.3495, MR:  189.17, H@1: 0.260, H@3: 0.380, H@10: 0.531 | 
[2026-03-21 10:19:37,819][root][INFO] - Epoch: 173 | Loss: 0.0013 | Val - MRR: 0.3491, MR:  192.08, H@1: 0.259, H@3: 0.380, H@10: 0.532 | 
[2026-03-21 10:22:06,513][root][INFO] - Epoch: 174 | Loss: 0.0013 | Val - MRR: 0.3508, MR:  189.23, H@1: 0.261, H@3: 0.382, H@10: 0.531 | 
[2026-03-21 10:24:36,788][root][INFO] - Epoch: 175 | Loss: 0.0013 | Val - MRR: 0.3516, MR:  187.68, H@1: 0.262, H@3: 0.384, H@10: 0.533 | 
[2026-03-21 10:27:05,210][root][INFO] - Epoch: 176 | Loss: 0.0013 | Val - MRR: 0.3501, MR:  188.20, H@1: 0.259, H@3: 0.384, H@10: 0.532 | 
[2026-03-21 10:29:35,634][root][INFO] - Epoch: 177 | Loss: 0.0013 | Val - MRR: 0.3504, MR:  186.85, H@1: 0.260, H@3: 0.383, H@10: 0.531 | 
[2026-03-21 10:32:05,335][root][INFO] - Epoch: 178 | Loss: 0.0013 | Val - MRR: 0.3520, MR:  189.77, H@1: 0.261, H@3: 0.386, H@10: 0.535 | 
[2026-03-21 10:34:35,276][root][INFO] - Epoch: 179 | Loss: 0.0013 | Val - MRR: 0.3519, MR:  188.83, H@1: 0.262, H@3: 0.385, H@10: 0.535 | 
[2026-03-21 10:37:04,852][root][INFO] - Epoch: 180 | Loss: 0.0013 | Val - MRR: 0.3509, MR:  189.26, H@1: 0.261, H@3: 0.384, H@10: 0.532 | 
[2026-03-21 10:39:33,150][root][INFO] - Epoch: 181 | Loss: 0.0013 | Val - MRR: 0.3508, MR:  192.32, H@1: 0.261, H@3: 0.384, H@10: 0.532 | 
[2026-03-21 10:42:03,937][root][INFO] - Epoch: 182 | Loss: 0.0013 | Val - MRR: 0.3504, MR:  190.51, H@1: 0.260, H@3: 0.384, H@10: 0.532 | 
[2026-03-21 10:44:33,346][root][INFO] - Epoch: 183 | Loss: 0.0013 | Val - MRR: 0.3508, MR:  193.70, H@1: 0.260, H@3: 0.384, H@10: 0.533 | 
[2026-03-21 10:47:02,563][root][INFO] - Epoch: 184 | Loss: 0.0013 | Val - MRR: 0.3503, MR:  192.12, H@1: 0.260, H@3: 0.383, H@10: 0.531 | 
[2026-03-21 10:49:32,303][root][INFO] - Epoch: 185 | Loss: 0.0013 | Val - MRR: 0.3513, MR:  190.90, H@1: 0.261, H@3: 0.383, H@10: 0.533 | 
[2026-03-21 10:52:00,952][root][INFO] - Epoch: 186 | Loss: 0.0013 | Val - MRR: 0.3509, MR:  194.76, H@1: 0.260, H@3: 0.384, H@10: 0.534 | 
[2026-03-21 10:54:31,011][root][INFO] - Epoch: 187 | Loss: 0.0013 | Val - MRR: 0.3519, MR:  194.01, H@1: 0.262, H@3: 0.384, H@10: 0.533 | 
[2026-03-21 10:56:59,984][root][INFO] - Epoch: 188 | Loss: 0.0013 | Val - MRR: 0.3506, MR:  199.09, H@1: 0.260, H@3: 0.384, H@10: 0.532 | 
[2026-03-21 10:59:30,526][root][INFO] - Epoch: 189 | Loss: 0.0013 | Val - MRR: 0.3517, MR:  195.42, H@1: 0.261, H@3: 0.384, H@10: 0.534 | 
[2026-03-21 11:02:16,469][root][INFO] - Epoch: 190 | Loss: 0.0013 | Val - MRR: 0.3532, MR:  192.40, H@1: 0.263, H@3: 0.386, H@10: 0.535 | Test - MRR: 0.3471 | *
[2026-03-21 11:04:45,082][root][INFO] - Epoch: 191 | Loss: 0.0013 | Val - MRR: 0.3515, MR:  196.89, H@1: 0.262, H@3: 0.383, H@10: 0.533 | 
[2026-03-21 11:07:14,065][root][INFO] - Epoch: 192 | Loss: 0.0013 | Val - MRR: 0.3524, MR:  194.42, H@1: 0.262, H@3: 0.384, H@10: 0.534 | 
[2026-03-21 11:09:44,880][root][INFO] - Epoch: 193 | Loss: 0.0013 | Val - MRR: 0.3517, MR:  196.70, H@1: 0.261, H@3: 0.385, H@10: 0.534 | 
[2026-03-21 11:12:14,681][root][INFO] - Epoch: 194 | Loss: 0.0013 | Val - MRR: 0.3524, MR:  195.76, H@1: 0.263, H@3: 0.383, H@10: 0.534 | 
[2026-03-21 11:14:43,831][root][INFO] - Epoch: 195 | Loss: 0.0013 | Val - MRR: 0.3525, MR:  195.42, H@1: 0.262, H@3: 0.386, H@10: 0.535 | 
[2026-03-21 11:17:13,314][root][INFO] - Epoch: 196 | Loss: 0.0013 | Val - MRR: 0.3516, MR:  195.70, H@1: 0.261, H@3: 0.384, H@10: 0.534 | 
[2026-03-21 11:19:44,171][root][INFO] - Epoch: 197 | Loss: 0.0013 | Val - MRR: 0.3497, MR:  199.54, H@1: 0.259, H@3: 0.383, H@10: 0.534 | 
[2026-03-21 11:22:14,627][root][INFO] - Epoch: 198 | Loss: 0.0013 | Val - MRR: 0.3514, MR:  192.32, H@1: 0.261, H@3: 0.384, H@10: 0.535 | 
[2026-03-21 11:24:44,304][root][INFO] - Epoch: 199 | Loss: 0.0013 | Val - MRR: 0.3521, MR:  197.21, H@1: 0.261, H@3: 0.386, H@10: 0.536 | 
[2026-03-21 11:27:15,945][root][INFO] - Epoch: 200 | Loss: 0.0013 | Val - MRR: 0.3519, MR:  200.54, H@1: 0.261, H@3: 0.384, H@10: 0.537 | 
[2026-03-21 11:29:42,939][root][INFO] - Epoch: 201 | Loss: 0.0013 | Val - MRR: 0.3510, MR:  202.26, H@1: 0.261, H@3: 0.384, H@10: 0.534 | 
[2026-03-21 11:32:10,003][root][INFO] - Epoch: 202 | Loss: 0.0013 | Val - MRR: 0.3505, MR:  199.58, H@1: 0.260, H@3: 0.383, H@10: 0.532 | 
[2026-03-21 11:34:37,506][root][INFO] - Epoch: 203 | Loss: 0.0013 | Val - MRR: 0.3521, MR:  198.32, H@1: 0.261, H@3: 0.385, H@10: 0.534 | 
[2026-03-21 11:37:05,350][root][INFO] - Epoch: 204 | Loss: 0.0013 | Val - MRR: 0.3523, MR:  197.93, H@1: 0.262, H@3: 0.385, H@10: 0.535 | 
[2026-03-21 11:39:33,354][root][INFO] - Epoch: 205 | Loss: 0.0013 | Val - MRR: 0.3495, MR:  200.88, H@1: 0.258, H@3: 0.384, H@10: 0.532 | 
[2026-03-21 11:42:01,602][root][INFO] - Epoch: 206 | Loss: 0.0013 | Val - MRR: 0.3503, MR:  200.97, H@1: 0.259, H@3: 0.384, H@10: 0.532 | 
[2026-03-21 11:44:29,065][root][INFO] - Epoch: 207 | Loss: 0.0013 | Val - MRR: 0.3514, MR:  199.25, H@1: 0.261, H@3: 0.384, H@10: 0.533 | 
[2026-03-21 11:46:58,432][root][INFO] - Epoch: 208 | Loss: 0.0013 | Val - MRR: 0.3501, MR:  201.65, H@1: 0.259, H@3: 0.383, H@10: 0.533 | 
[2026-03-21 11:49:25,444][root][INFO] - Epoch: 209 | Loss: 0.0013 | Val - MRR: 0.3512, MR:  198.78, H@1: 0.260, H@3: 0.384, H@10: 0.534 | 
[2026-03-21 11:51:54,235][root][INFO] - Epoch: 210 | Loss: 0.0013 | Val - MRR: 0.3522, MR:  201.32, H@1: 0.262, H@3: 0.387, H@10: 0.535 | 
[2026-03-21 11:54:22,418][root][INFO] - Epoch: 211 | Loss: 0.0013 | Val - MRR: 0.3511, MR:  198.15, H@1: 0.260, H@3: 0.384, H@10: 0.535 | 
[2026-03-21 11:56:48,408][root][INFO] - Epoch: 212 | Loss: 0.0013 | Val - MRR: 0.3515, MR:  201.14, H@1: 0.262, H@3: 0.384, H@10: 0.534 | 
[2026-03-21 11:59:16,716][root][INFO] - Epoch: 213 | Loss: 0.0013 | Val - MRR: 0.3526, MR:  201.33, H@1: 0.263, H@3: 0.386, H@10: 0.535 | 
[2026-03-21 12:01:44,272][root][INFO] - Epoch: 214 | Loss: 0.0013 | Val - MRR: 0.3519, MR:  207.46, H@1: 0.262, H@3: 0.385, H@10: 0.534 | 
[2026-03-21 12:04:12,225][root][INFO] - Epoch: 215 | Loss: 0.0013 | Val - MRR: 0.3516, MR:  203.02, H@1: 0.262, H@3: 0.383, H@10: 0.534 | 
[2026-03-21 12:06:57,223][root][INFO] - Epoch: 216 | Loss: 0.0013 | Val - MRR: 0.3535, MR:  205.00, H@1: 0.263, H@3: 0.386, H@10: 0.534 | Test - MRR: 0.3469 | *
[2026-03-21 12:09:23,062][root][INFO] - Epoch: 217 | Loss: 0.0013 | Val - MRR: 0.3528, MR:  203.70, H@1: 0.262, H@3: 0.386, H@10: 0.536 | 
[2026-03-21 12:11:51,449][root][INFO] - Epoch: 218 | Loss: 0.0013 | Val - MRR: 0.3512, MR:  207.55, H@1: 0.261, H@3: 0.385, H@10: 0.536 | 
[2026-03-21 12:14:18,089][root][INFO] - Epoch: 219 | Loss: 0.0013 | Val - MRR: 0.3514, MR:  207.86, H@1: 0.261, H@3: 0.383, H@10: 0.534 | 
[2026-03-21 12:16:47,147][root][INFO] - Epoch: 220 | Loss: 0.0013 | Val - MRR: 0.3523, MR:  205.93, H@1: 0.261, H@3: 0.385, H@10: 0.535 | 
[2026-03-21 12:19:14,806][root][INFO] - Epoch: 221 | Loss: 0.0013 | Val - MRR: 0.3502, MR:  206.95, H@1: 0.259, H@3: 0.384, H@10: 0.535 | 
[2026-03-21 12:21:41,909][root][INFO] - Epoch: 222 | Loss: 0.0013 | Val - MRR: 0.3507, MR:  209.98, H@1: 0.260, H@3: 0.384, H@10: 0.535 | 
[2026-03-21 12:24:10,727][root][INFO] - Epoch: 223 | Loss: 0.0013 | Val - MRR: 0.3510, MR:  208.05, H@1: 0.259, H@3: 0.385, H@10: 0.536 | 
[2026-03-21 12:26:38,423][root][INFO] - Epoch: 224 | Loss: 0.0013 | Val - MRR: 0.3496, MR:  208.39, H@1: 0.260, H@3: 0.381, H@10: 0.533 | 
[2026-03-21 12:29:07,277][root][INFO] - Epoch: 225 | Loss: 0.0013 | Val - MRR: 0.3502, MR:  206.76, H@1: 0.261, H@3: 0.382, H@10: 0.532 | 
[2026-03-21 12:31:34,253][root][INFO] - Epoch: 226 | Loss: 0.0013 | Val - MRR: 0.3512, MR:  206.27, H@1: 0.261, H@3: 0.382, H@10: 0.534 | 
[2026-03-21 12:34:03,467][root][INFO] - Epoch: 227 | Loss: 0.0012 | Val - MRR: 0.3501, MR:  213.99, H@1: 0.260, H@3: 0.383, H@10: 0.533 | 
[2026-03-21 12:36:31,043][root][INFO] - Epoch: 228 | Loss: 0.0012 | Val - MRR: 0.3505, MR:  209.42, H@1: 0.260, H@3: 0.383, H@10: 0.534 | 
[2026-03-21 12:38:58,574][root][INFO] - Epoch: 229 | Loss: 0.0013 | Val - MRR: 0.3512, MR:  210.14, H@1: 0.260, H@3: 0.385, H@10: 0.535 | 
[2026-03-21 12:41:26,202][root][INFO] - Epoch: 230 | Loss: 0.0012 | Val - MRR: 0.3505, MR:  210.31, H@1: 0.260, H@3: 0.383, H@10: 0.535 | 
[2026-03-21 12:43:54,198][root][INFO] - Epoch: 231 | Loss: 0.0013 | Val - MRR: 0.3517, MR:  209.14, H@1: 0.262, H@3: 0.385, H@10: 0.534 | 
[2026-03-21 12:46:22,398][root][INFO] - Epoch: 232 | Loss: 0.0013 | Val - MRR: 0.3505, MR:  212.70, H@1: 0.260, H@3: 0.382, H@10: 0.534 | 
[2026-03-21 12:48:49,797][root][INFO] - Epoch: 233 | Loss: 0.0013 | Val - MRR: 0.3520, MR:  212.26, H@1: 0.262, H@3: 0.385, H@10: 0.537 | 
[2026-03-21 12:51:17,073][root][INFO] - Epoch: 234 | Loss: 0.0013 | Val - MRR: 0.3513, MR:  215.27, H@1: 0.262, H@3: 0.384, H@10: 0.532 | 
[2026-03-21 12:53:45,411][root][INFO] - Epoch: 235 | Loss: 0.0012 | Val - MRR: 0.3519, MR:  213.09, H@1: 0.263, H@3: 0.383, H@10: 0.534 | 
[2026-03-21 12:56:13,127][root][INFO] - Epoch: 236 | Loss: 0.0012 | Val - MRR: 0.3517, MR:  210.43, H@1: 0.262, H@3: 0.383, H@10: 0.535 | 
[2026-03-21 12:58:39,452][root][INFO] - Epoch: 237 | Loss: 0.0012 | Val - MRR: 0.3506, MR:  213.70, H@1: 0.260, H@3: 0.384, H@10: 0.533 | 
[2026-03-21 13:01:06,951][root][INFO] - Epoch: 238 | Loss: 0.0012 | Val - MRR: 0.3528, MR:  211.32, H@1: 0.262, H@3: 0.387, H@10: 0.538 | 
[2026-03-21 13:03:33,619][root][INFO] - Epoch: 239 | Loss: 0.0012 | Val - MRR: 0.3505, MR:  216.57, H@1: 0.260, H@3: 0.383, H@10: 0.534 | 
[2026-03-21 13:06:01,716][root][INFO] - Epoch: 240 | Loss: 0.0012 | Val - MRR: 0.3515, MR:  213.69, H@1: 0.261, H@3: 0.386, H@10: 0.535 | 
[2026-03-21 13:08:28,860][root][INFO] - Epoch: 241 | Loss: 0.0012 | Val - MRR: 0.3492, MR:  214.21, H@1: 0.258, H@3: 0.383, H@10: 0.533 | 
[2026-03-21 13:10:57,314][root][INFO] - Epoch: 242 | Loss: 0.0012 | Val - MRR: 0.3512, MR:  210.48, H@1: 0.261, H@3: 0.385, H@10: 0.534 | 
[2026-03-21 13:13:25,302][root][INFO] - Epoch: 243 | Loss: 0.0012 | Val - MRR: 0.3503, MR:  209.41, H@1: 0.260, H@3: 0.383, H@10: 0.534 | 
[2026-03-21 13:15:52,656][root][INFO] - Epoch: 244 | Loss: 0.0012 | Val - MRR: 0.3512, MR:  215.87, H@1: 0.261, H@3: 0.383, H@10: 0.535 | 
[2026-03-21 13:18:20,992][root][INFO] - Epoch: 245 | Loss: 0.0012 | Val - MRR: 0.3505, MR:  215.60, H@1: 0.259, H@3: 0.384, H@10: 0.535 | 
[2026-03-21 13:20:47,706][root][INFO] - Epoch: 246 | Loss: 0.0012 | Val - MRR: 0.3499, MR:  218.76, H@1: 0.260, H@3: 0.381, H@10: 0.533 | 
[2026-03-21 13:23:15,791][root][INFO] - Epoch: 247 | Loss: 0.0012 | Val - MRR: 0.3528, MR:  215.04, H@1: 0.263, H@3: 0.386, H@10: 0.535 | 
[2026-03-21 13:23:15,791][root][INFO] - Long time no improvenment, stop training...
[2026-03-21 13:23:15,791][root][INFO] - Training end...
[2026-03-21 13:23:16,097][root][INFO] - ✅ 成功加载最优模型：/home/wangwei/DSGNet-main/DSGNet/model_checkpoints/best_model_FB15k_237_20260321_120639.torch
[2026-03-21 13:23:16,097][root][INFO] - 📌 最优模型来自Epoch：216，最优MRR：0.3535
[2026-03-21 13:23:16,097][root][INFO] - Train metrics ...
[2026-03-21 13:24:23,161][root][INFO] - Train (head) - MRR: 0.7703, MR:    4.99, H@1: 0.679, H@3: 0.838, H@10: 0.927
[2026-03-21 13:24:23,161][root][INFO] - Train (tail) - MRR: 0.8437, MR:    2.50, H@1: 0.771, H@3: 0.901, H@10: 0.967
[2026-03-21 13:24:23,161][root][INFO] - Train (avg) - MRR: 0.8070, MR:    3.74, H@1: 0.725, H@3: 0.869, H@10: 0.947

[2026-03-21 13:24:23,161][root][INFO] - Valid metrics ...
[2026-03-21 13:24:38,169][root][INFO] - Valid (head) - MRR: 0.2548, MR:  261.71, H@1: 0.168, H@3: 0.277, H@10: 0.431
[2026-03-21 13:24:38,170][root][INFO] - Valid (tail) - MRR: 0.4522, MR:  148.29, H@1: 0.358, H@3: 0.494, H@10: 0.638
[2026-03-21 13:24:38,170][root][INFO] - Valid (avg) - MRR: 0.3535, MR:  205.00, H@1: 0.263, H@3: 0.386, H@10: 0.534

[2026-03-21 13:24:38,170][root][INFO] - Test metrics...
[2026-03-21 13:24:53,831][root][INFO] - Test (head) - MRR: 0.2487, MR:  272.84, H@1: 0.160, H@3: 0.275, H@10: 0.425
[2026-03-21 13:24:53,831][root][INFO] - Test (tail) - MRR: 0.4452, MR:  163.10, H@1: 0.349, H@3: 0.488, H@10: 0.637
[2026-03-21 13:24:53,831][root][INFO] - Test (avg) - MRR: 0.3469, MR:  217.97, H@1: 0.254, H@3: 0.382, H@10: 0.531

[2026-03-21 13:24:53,831][root][INFO] - Model save path: /home/wangwei/DSGNet-main/DSGNet/data/output/FB15k_237/2026-03-21/02-32-12
