[2026-04-02 22:27:43,814][root][INFO] - 
------Config------
 {'dataset': 'FB15k_237', 'epoch': 600, 'batch_size': 1024, 'learning_rate': 0.00035, 'h_dim': 480, 'pred_rel_w': False, 'label_smooth': 0.1, 'n_heads': 2, 'topk': 15, 'kg_layer': 2, 'rm_rate': 0.5, 'ent_drop': 0.3, 'rel_drop': 0.2, 'comp_op': 'mul', 'bn': False, 'k_h': 16, 'k_w': 30, 'conv_drop': 0.3, 'ent_drop_pred': 0.3, 'fc_drop': 0.5, 'ker_sz': 8, 'out_channel': 200, 'device': 0, 'max_no_improve': 35, 'cpu_worker_num': 10, 'warmup_epoch': 5}
[2026-04-02 22:27:43,814][root][INFO] - Code dir path: /home/wangwei/DSGNet-main/DSGNet/code_new
[2026-04-02 22:27:43,814][root][INFO] - Config dir path: /home/wangwei/DSGNet-main/DSGNet/config
[2026-04-02 22:27:43,814][root][INFO] - Model save path: /home/wangwei/DSGNet-main/DSGNet/data/output/FB15k_237/2026-04-02/22-27-43
[2026-04-02 22:27:48,257][root][INFO] - kg # node: 14541
[2026-04-02 22:27:48,258][root][INFO] - kg # edge: 544230
[2026-04-02 22:27:48,258][root][INFO] - kg # zero deg node: 36
[2026-04-02 22:27:48,258][root][INFO] - ---Load Train Data---
[2026-04-02 22:27:51,153][root][INFO] - -----Model Parameter Configuration-----
[2026-04-02 22:27:51,154][root][INFO] - Parameter ent_emb: torch.Size([14541, 480]), require_grad = True
[2026-04-02 22:27:51,154][root][INFO] - Parameter pred_rel_emb: torch.Size([474, 480]), require_grad = True
[2026-04-02 22:27:51,154][root][INFO] - Parameter W_fuse: torch.Size([480, 480]), require_grad = True
[2026-04-02 22:27:51,154][root][INFO] - Parameter a_fuse: torch.Size([960, 1]), require_grad = True
[2026-04-02 22:27:51,154][root][INFO] - Parameter rel_embs.0: torch.Size([474, 480]), require_grad = True
[2026-04-02 22:27:51,154][root][INFO] - Parameter rel_embs.1: torch.Size([474, 480]), require_grad = True
[2026-04-02 22:27:51,154][root][INFO] - Parameter predictor.bn0.weight: torch.Size([1]), require_grad = True
[2026-04-02 22:27:51,154][root][INFO] - Parameter predictor.bn0.bias: torch.Size([1]), require_grad = True
[2026-04-02 22:27:51,154][root][INFO] - Parameter predictor.bn1.weight: torch.Size([200]), require_grad = True
[2026-04-02 22:27:51,154][root][INFO] - Parameter predictor.bn1.bias: torch.Size([200]), require_grad = True
[2026-04-02 22:27:51,154][root][INFO] - Parameter predictor.bn2.weight: torch.Size([480]), require_grad = True
[2026-04-02 22:27:51,154][root][INFO] - Parameter predictor.bn2.bias: torch.Size([480]), require_grad = True
[2026-04-02 22:27:51,154][root][INFO] - Parameter predictor.conv.weight: torch.Size([200, 1, 8, 8]), require_grad = True
[2026-04-02 22:27:51,154][root][INFO] - Parameter predictor.fc.weight: torch.Size([480, 115000]), require_grad = True
[2026-04-02 22:27:51,154][root][INFO] - Parameter L.weight: torch.Size([480, 480]), require_grad = True
[2026-04-02 22:27:51,154][root][INFO] - Parameter L.bias: torch.Size([480]), require_grad = True
[2026-04-02 22:27:51,154][root][INFO] - Parameter S.weight: torch.Size([480, 480]), require_grad = True
[2026-04-02 22:27:51,154][root][INFO] - Parameter S.bias: torch.Size([480]), require_grad = True
[2026-04-02 22:27:51,154][root][INFO] - Parameter comp_layers.0.neigh_w: torch.Size([480, 480]), require_grad = True
[2026-04-02 22:27:51,154][root][INFO] - Parameter comp_layers.0.W.0: torch.Size([480, 240]), require_grad = True
[2026-04-02 22:27:51,154][root][INFO] - Parameter comp_layers.0.W.1: torch.Size([480, 240]), require_grad = True
[2026-04-02 22:27:51,155][root][INFO] - Parameter comp_layers.0.W_r.0: torch.Size([480, 240]), require_grad = True
[2026-04-02 22:27:51,155][root][INFO] - Parameter comp_layers.0.W_r.1: torch.Size([480, 240]), require_grad = True
[2026-04-02 22:27:51,155][root][INFO] - Parameter comp_layers.0.a.0: torch.Size([720, 1]), require_grad = True
[2026-04-02 22:27:51,155][root][INFO] - Parameter comp_layers.0.a.1: torch.Size([720, 1]), require_grad = True
[2026-04-02 22:27:51,155][root][INFO] - Parameter comp_layers.1.neigh_w: torch.Size([480, 480]), require_grad = True
[2026-04-02 22:27:51,155][root][INFO] - Parameter comp_layers.1.W.0: torch.Size([480, 240]), require_grad = True
[2026-04-02 22:27:51,155][root][INFO] - Parameter comp_layers.1.W.1: torch.Size([480, 240]), require_grad = True
[2026-04-02 22:27:51,155][root][INFO] - Parameter comp_layers.1.W_r.0: torch.Size([480, 240]), require_grad = True
[2026-04-02 22:27:51,155][root][INFO] - Parameter comp_layers.1.W_r.1: torch.Size([480, 240]), require_grad = True
[2026-04-02 22:27:51,155][root][INFO] - Parameter comp_layers.1.a.0: torch.Size([720, 1]), require_grad = True
[2026-04-02 22:27:51,155][root][INFO] - Parameter comp_layers.1.a.1: torch.Size([720, 1]), require_grad = True
[2026-04-02 22:27:52,047][root][INFO] - Training... total epoch: 600, step: 88200
[2026-04-02 22:30:07,521][root][INFO] - Epoch:   0 | Loss: 0.4663 | Val - MRR: 0.0033, MR: 6418.38, H@1: 0.001, H@3: 0.001, H@10: 0.008 | Test - MRR: 0.0036 | *
[2026-04-02 22:32:23,376][root][INFO] - Epoch:   1 | Loss: 0.0053 | Val - MRR: 0.0088, MR: 5716.54, H@1: 0.005, H@3: 0.009, H@10: 0.010 | Test - MRR: 0.0089 | *
[2026-04-02 22:34:38,264][root][INFO] - Epoch:   2 | Loss: 0.0035 | Val - MRR: 0.0279, MR: 4421.25, H@1: 0.022, H@3: 0.024, H@10: 0.034 | Test - MRR: 0.0271 | *
[2026-04-02 22:36:53,811][root][INFO] - Epoch:   3 | Loss: 0.0032 | Val - MRR: 0.0819, MR: 3230.53, H@1: 0.069, H@3: 0.084, H@10: 0.099 | Test - MRR: 0.0803 | *
[2026-04-02 22:39:09,597][root][INFO] - Epoch:   4 | Loss: 0.0032 | Val - MRR: 0.1050, MR: 2546.61, H@1: 0.085, H@3: 0.110, H@10: 0.134 | Test - MRR: 0.1050 | *
[2026-04-02 22:41:21,282][root][INFO] - Epoch:   5 | Loss: 0.0031 | Val - MRR: 0.1231, MR: 2018.60, H@1: 0.096, H@3: 0.127, H@10: 0.172 | Test - MRR: 0.1233 | *
[2026-04-02 22:43:34,924][root][INFO] - Epoch:   6 | Loss: 0.0030 | Val - MRR: 0.1462, MR: 1720.02, H@1: 0.111, H@3: 0.153, H@10: 0.214 | Test - MRR: 0.1458 | *
[2026-04-02 22:45:49,515][root][INFO] - Epoch:   7 | Loss: 0.0028 | Val - MRR: 0.1622, MR: 1461.90, H@1: 0.121, H@3: 0.171, H@10: 0.245 | Test - MRR: 0.1619 | *
[2026-04-02 22:48:04,552][root][INFO] - Epoch:   8 | Loss: 0.0027 | Val - MRR: 0.1720, MR: 1291.31, H@1: 0.127, H@3: 0.183, H@10: 0.262 | Test - MRR: 0.1720 | *
[2026-04-02 22:50:20,548][root][INFO] - Epoch:   9 | Loss: 0.0028 | Val - MRR: 0.1781, MR: 1119.99, H@1: 0.131, H@3: 0.189, H@10: 0.272 | Test - MRR: 0.1782 | *
[2026-04-02 22:52:34,726][root][INFO] - Epoch:  10 | Loss: 0.0025 | Val - MRR: 0.1838, MR: 1020.07, H@1: 0.134, H@3: 0.196, H@10: 0.281 | Test - MRR: 0.1830 | *
[2026-04-02 22:54:49,560][root][INFO] - Epoch:  11 | Loss: 0.0025 | Val - MRR: 0.1875, MR:  886.40, H@1: 0.136, H@3: 0.200, H@10: 0.289 | Test - MRR: 0.1874 | *
[2026-04-02 22:57:06,503][root][INFO] - Epoch:  12 | Loss: 0.0024 | Val - MRR: 0.1959, MR:  796.14, H@1: 0.144, H@3: 0.208, H@10: 0.299 | Test - MRR: 0.1951 | *
[2026-04-02 22:59:21,612][root][INFO] - Epoch:  13 | Loss: 0.0024 | Val - MRR: 0.2001, MR:  720.09, H@1: 0.146, H@3: 0.214, H@10: 0.306 | Test - MRR: 0.1990 | *
[2026-04-02 23:01:37,223][root][INFO] - Epoch:  14 | Loss: 0.0024 | Val - MRR: 0.2029, MR:  667.19, H@1: 0.147, H@3: 0.218, H@10: 0.312 | Test - MRR: 0.2026 | *
[2026-04-02 23:03:51,684][root][INFO] - Epoch:  15 | Loss: 0.0024 | Val - MRR: 0.2068, MR:  631.58, H@1: 0.149, H@3: 0.222, H@10: 0.319 | Test - MRR: 0.2064 | *
[2026-04-02 23:06:06,581][root][INFO] - Epoch:  16 | Loss: 0.0024 | Val - MRR: 0.2098, MR:  597.13, H@1: 0.152, H@3: 0.224, H@10: 0.324 | Test - MRR: 0.2093 | *
[2026-04-02 23:08:20,916][root][INFO] - Epoch:  17 | Loss: 0.0024 | Val - MRR: 0.2115, MR:  581.36, H@1: 0.153, H@3: 0.228, H@10: 0.327 | Test - MRR: 0.2111 | *
[2026-04-02 23:10:34,951][root][INFO] - Epoch:  18 | Loss: 0.0023 | Val - MRR: 0.2158, MR:  551.56, H@1: 0.157, H@3: 0.234, H@10: 0.330 | Test - MRR: 0.2148 | *
[2026-04-02 23:12:50,581][root][INFO] - Epoch:  19 | Loss: 0.0023 | Val - MRR: 0.2178, MR:  534.36, H@1: 0.159, H@3: 0.234, H@10: 0.332 | Test - MRR: 0.2175 | *
[2026-04-02 23:15:05,064][root][INFO] - Epoch:  20 | Loss: 0.0023 | Val - MRR: 0.2205, MR:  507.09, H@1: 0.161, H@3: 0.237, H@10: 0.336 | Test - MRR: 0.2196 | *
[2026-04-02 23:17:20,225][root][INFO] - Epoch:  21 | Loss: 0.0022 | Val - MRR: 0.2216, MR:  489.45, H@1: 0.161, H@3: 0.238, H@10: 0.340 | Test - MRR: 0.2211 | *
[2026-04-02 23:19:35,041][root][INFO] - Epoch:  22 | Loss: 0.0022 | Val - MRR: 0.2252, MR:  476.06, H@1: 0.165, H@3: 0.242, H@10: 0.343 | Test - MRR: 0.2234 | *
[2026-04-02 23:21:48,587][root][INFO] - Epoch:  23 | Loss: 0.0022 | Val - MRR: 0.2271, MR:  460.41, H@1: 0.166, H@3: 0.245, H@10: 0.345 | Test - MRR: 0.2258 | *
[2026-04-02 23:24:02,001][root][INFO] - Epoch:  24 | Loss: 0.0022 | Val - MRR: 0.2275, MR:  448.24, H@1: 0.166, H@3: 0.245, H@10: 0.347 | Test - MRR: 0.2263 | *
[2026-04-02 23:26:17,133][root][INFO] - Epoch:  25 | Loss: 0.0022 | Val - MRR: 0.2310, MR:  442.12, H@1: 0.168, H@3: 0.250, H@10: 0.351 | Test - MRR: 0.2295 | *
[2026-04-02 23:28:28,327][root][INFO] - Epoch:  26 | Loss: 0.0022 | Val - MRR: 0.2321, MR:  429.56, H@1: 0.169, H@3: 0.250, H@10: 0.355 | Test - MRR: 0.2310 | *
[2026-04-02 23:30:41,708][root][INFO] - Epoch:  27 | Loss: 0.0022 | Val - MRR: 0.2339, MR:  419.91, H@1: 0.170, H@3: 0.253, H@10: 0.358 | Test - MRR: 0.2326 | *
[2026-04-02 23:32:53,255][root][INFO] - Epoch:  28 | Loss: 0.0021 | Val - MRR: 0.2355, MR:  410.40, H@1: 0.171, H@3: 0.255, H@10: 0.360 | Test - MRR: 0.2348 | *
[2026-04-02 23:35:06,898][root][INFO] - Epoch:  29 | Loss: 0.0021 | Val - MRR: 0.2362, MR:  403.98, H@1: 0.173, H@3: 0.255, H@10: 0.360 | Test - MRR: 0.2349 | *
[2026-04-02 23:37:19,899][root][INFO] - Epoch:  30 | Loss: 0.0021 | Val - MRR: 0.2384, MR:  389.84, H@1: 0.173, H@3: 0.258, H@10: 0.365 | Test - MRR: 0.2370 | *
[2026-04-02 23:39:32,520][root][INFO] - Epoch:  31 | Loss: 0.0021 | Val - MRR: 0.2391, MR:  384.11, H@1: 0.174, H@3: 0.259, H@10: 0.367 | Test - MRR: 0.2378 | *
[2026-04-02 23:41:44,584][root][INFO] - Epoch:  32 | Loss: 0.0021 | Val - MRR: 0.2420, MR:  377.78, H@1: 0.176, H@3: 0.263, H@10: 0.371 | Test - MRR: 0.2405 | *
[2026-04-02 23:43:55,894][root][INFO] - Epoch:  33 | Loss: 0.0020 | Val - MRR: 0.2437, MR:  372.54, H@1: 0.177, H@3: 0.264, H@10: 0.372 | Test - MRR: 0.2423 | *
[2026-04-02 23:46:08,632][root][INFO] - Epoch:  34 | Loss: 0.0021 | Val - MRR: 0.2466, MR:  361.45, H@1: 0.179, H@3: 0.268, H@10: 0.376 | Test - MRR: 0.2447 | *
[2026-04-02 23:48:20,752][root][INFO] - Epoch:  35 | Loss: 0.0020 | Val - MRR: 0.2468, MR:  360.40, H@1: 0.180, H@3: 0.268, H@10: 0.376 | Test - MRR: 0.2460 | *
[2026-04-02 23:50:33,007][root][INFO] - Epoch:  36 | Loss: 0.0020 | Val - MRR: 0.2485, MR:  358.87, H@1: 0.181, H@3: 0.269, H@10: 0.380 | Test - MRR: 0.2478 | *
[2026-04-02 23:52:43,377][root][INFO] - Epoch:  37 | Loss: 0.0020 | Val - MRR: 0.2501, MR:  354.00, H@1: 0.182, H@3: 0.271, H@10: 0.383 | Test - MRR: 0.2499 | *
[2026-04-02 23:54:54,230][root][INFO] - Epoch:  38 | Loss: 0.0020 | Val - MRR: 0.2524, MR:  332.88, H@1: 0.184, H@3: 0.274, H@10: 0.384 | Test - MRR: 0.2506 | *
[2026-04-02 23:57:06,804][root][INFO] - Epoch:  39 | Loss: 0.0020 | Val - MRR: 0.2531, MR:  329.10, H@1: 0.185, H@3: 0.275, H@10: 0.385 | Test - MRR: 0.2527 | *
[2026-04-02 23:59:16,102][root][INFO] - Epoch:  40 | Loss: 0.0020 | Val - MRR: 0.2550, MR:  324.31, H@1: 0.186, H@3: 0.277, H@10: 0.387 | Test - MRR: 0.2538 | *
[2026-04-03 00:01:26,483][root][INFO] - Epoch:  41 | Loss: 0.0020 | Val - MRR: 0.2562, MR:  326.29, H@1: 0.188, H@3: 0.277, H@10: 0.390 | Test - MRR: 0.2558 | *
[2026-04-03 00:03:37,817][root][INFO] - Epoch:  42 | Loss: 0.0020 | Val - MRR: 0.2585, MR:  316.13, H@1: 0.190, H@3: 0.280, H@10: 0.391 | Test - MRR: 0.2579 | *
[2026-04-03 00:05:50,501][root][INFO] - Epoch:  43 | Loss: 0.0020 | Val - MRR: 0.2613, MR:  311.85, H@1: 0.192, H@3: 0.285, H@10: 0.397 | Test - MRR: 0.2591 | *
[2026-04-03 00:08:03,068][root][INFO] - Epoch:  44 | Loss: 0.0020 | Val - MRR: 0.2620, MR:  312.57, H@1: 0.192, H@3: 0.283, H@10: 0.397 | Test - MRR: 0.2607 | *
[2026-04-03 00:10:15,006][root][INFO] - Epoch:  45 | Loss: 0.0019 | Val - MRR: 0.2659, MR:  297.78, H@1: 0.196, H@3: 0.287, H@10: 0.402 | Test - MRR: 0.2647 | *
[2026-04-03 00:12:09,718][root][INFO] - Epoch:  46 | Loss: 0.0019 | Val - MRR: 0.2658, MR:  294.42, H@1: 0.195, H@3: 0.288, H@10: 0.403 | 
[2026-04-03 00:14:20,736][root][INFO] - Epoch:  47 | Loss: 0.0019 | Val - MRR: 0.2661, MR:  293.60, H@1: 0.195, H@3: 0.288, H@10: 0.404 | Test - MRR: 0.2647 | *
[2026-04-03 00:16:32,118][root][INFO] - Epoch:  48 | Loss: 0.0019 | Val - MRR: 0.2690, MR:  284.74, H@1: 0.198, H@3: 0.291, H@10: 0.408 | Test - MRR: 0.2665 | *
[2026-04-03 00:18:43,219][root][INFO] - Epoch:  49 | Loss: 0.0019 | Val - MRR: 0.2707, MR:  284.51, H@1: 0.199, H@3: 0.292, H@10: 0.413 | Test - MRR: 0.2677 | *
[2026-04-03 00:20:52,787][root][INFO] - Epoch:  50 | Loss: 0.0019 | Val - MRR: 0.2726, MR:  284.75, H@1: 0.201, H@3: 0.295, H@10: 0.413 | Test - MRR: 0.2708 | *
[2026-04-03 00:23:03,495][root][INFO] - Epoch:  51 | Loss: 0.0019 | Val - MRR: 0.2736, MR:  276.01, H@1: 0.201, H@3: 0.295, H@10: 0.414 | Test - MRR: 0.2707 | *
[2026-04-03 00:25:13,963][root][INFO] - Epoch:  52 | Loss: 0.0018 | Val - MRR: 0.2769, MR:  268.84, H@1: 0.205, H@3: 0.298, H@10: 0.419 | Test - MRR: 0.2734 | *
[2026-04-03 00:27:25,357][root][INFO] - Epoch:  53 | Loss: 0.0019 | Val - MRR: 0.2782, MR:  265.67, H@1: 0.205, H@3: 0.301, H@10: 0.421 | Test - MRR: 0.2752 | *
[2026-04-03 00:29:35,615][root][INFO] - Epoch:  54 | Loss: 0.0018 | Val - MRR: 0.2785, MR:  268.03, H@1: 0.205, H@3: 0.301, H@10: 0.422 | Test - MRR: 0.2762 | *
[2026-04-03 00:31:47,409][root][INFO] - Epoch:  55 | Loss: 0.0018 | Val - MRR: 0.2800, MR:  258.16, H@1: 0.206, H@3: 0.303, H@10: 0.425 | Test - MRR: 0.2780 | *
[2026-04-03 00:33:58,766][root][INFO] - Epoch:  56 | Loss: 0.0018 | Val - MRR: 0.2826, MR:  254.57, H@1: 0.209, H@3: 0.304, H@10: 0.428 | Test - MRR: 0.2790 | *
[2026-04-03 00:36:10,379][root][INFO] - Epoch:  57 | Loss: 0.0018 | Val - MRR: 0.2839, MR:  255.18, H@1: 0.209, H@3: 0.309, H@10: 0.428 | Test - MRR: 0.2806 | *
[2026-04-03 00:38:22,404][root][INFO] - Epoch:  58 | Loss: 0.0018 | Val - MRR: 0.2851, MR:  254.86, H@1: 0.211, H@3: 0.309, H@10: 0.430 | Test - MRR: 0.2812 | *
[2026-04-03 00:40:33,769][root][INFO] - Epoch:  59 | Loss: 0.0018 | Val - MRR: 0.2872, MR:  249.13, H@1: 0.212, H@3: 0.311, H@10: 0.435 | Test - MRR: 0.2835 | *
[2026-04-03 00:42:42,815][root][INFO] - Epoch:  60 | Loss: 0.0018 | Val - MRR: 0.2887, MR:  244.27, H@1: 0.213, H@3: 0.313, H@10: 0.437 | Test - MRR: 0.2857 | *
[2026-04-03 00:44:54,363][root][INFO] - Epoch:  61 | Loss: 0.0018 | Val - MRR: 0.2889, MR:  238.28, H@1: 0.212, H@3: 0.314, H@10: 0.439 | Test - MRR: 0.2861 | *
[2026-04-03 00:47:06,385][root][INFO] - Epoch:  62 | Loss: 0.0018 | Val - MRR: 0.2892, MR:  238.81, H@1: 0.213, H@3: 0.312, H@10: 0.438 | Test - MRR: 0.2856 | *
[2026-04-03 00:49:17,701][root][INFO] - Epoch:  63 | Loss: 0.0018 | Val - MRR: 0.2900, MR:  229.22, H@1: 0.213, H@3: 0.314, H@10: 0.442 | Test - MRR: 0.2876 | *
[2026-04-03 00:51:28,980][root][INFO] - Epoch:  64 | Loss: 0.0017 | Val - MRR: 0.2939, MR:  233.09, H@1: 0.218, H@3: 0.317, H@10: 0.446 | Test - MRR: 0.2906 | *
[2026-04-03 00:53:39,478][root][INFO] - Epoch:  65 | Loss: 0.0018 | Val - MRR: 0.2939, MR:  227.21, H@1: 0.217, H@3: 0.317, H@10: 0.448 | Test - MRR: 0.2907 | *
[2026-04-03 00:55:51,201][root][INFO] - Epoch:  66 | Loss: 0.0017 | Val - MRR: 0.2949, MR:  226.11, H@1: 0.218, H@3: 0.317, H@10: 0.449 | Test - MRR: 0.2923 | *
[2026-04-03 00:57:59,826][root][INFO] - Epoch:  67 | Loss: 0.0017 | Val - MRR: 0.2976, MR:  217.12, H@1: 0.220, H@3: 0.322, H@10: 0.453 | Test - MRR: 0.2941 | *
[2026-04-03 01:00:11,710][root][INFO] - Epoch:  68 | Loss: 0.0017 | Val - MRR: 0.2977, MR:  222.17, H@1: 0.220, H@3: 0.321, H@10: 0.452 | Test - MRR: 0.2943 | *
[2026-04-03 01:02:22,705][root][INFO] - Epoch:  69 | Loss: 0.0017 | Val - MRR: 0.2996, MR:  216.68, H@1: 0.221, H@3: 0.324, H@10: 0.456 | Test - MRR: 0.2957 | *
[2026-04-03 01:04:36,478][root][INFO] - Epoch:  70 | Loss: 0.0017 | Val - MRR: 0.3011, MR:  216.09, H@1: 0.223, H@3: 0.325, H@10: 0.457 | Test - MRR: 0.2975 | *
[2026-04-03 01:06:46,038][root][INFO] - Epoch:  71 | Loss: 0.0017 | Val - MRR: 0.3022, MR:  212.29, H@1: 0.224, H@3: 0.326, H@10: 0.458 | Test - MRR: 0.2987 | *
[2026-04-03 01:08:57,860][root][INFO] - Epoch:  72 | Loss: 0.0017 | Val - MRR: 0.3030, MR:  213.53, H@1: 0.225, H@3: 0.327, H@10: 0.460 | Test - MRR: 0.3004 | *
[2026-04-03 01:11:08,045][root][INFO] - Epoch:  73 | Loss: 0.0017 | Val - MRR: 0.3050, MR:  206.42, H@1: 0.227, H@3: 0.329, H@10: 0.463 | Test - MRR: 0.3004 | *
[2026-04-03 01:13:20,016][root][INFO] - Epoch:  74 | Loss: 0.0017 | Val - MRR: 0.3058, MR:  205.57, H@1: 0.225, H@3: 0.332, H@10: 0.464 | Test - MRR: 0.3036 | *
[2026-04-03 01:15:13,850][root][INFO] - Epoch:  75 | Loss: 0.0017 | Val - MRR: 0.3055, MR:  205.69, H@1: 0.225, H@3: 0.332, H@10: 0.464 | 
[2026-04-03 01:17:25,885][root][INFO] - Epoch:  76 | Loss: 0.0017 | Val - MRR: 0.3085, MR:  231.38, H@1: 0.228, H@3: 0.336, H@10: 0.466 | Test - MRR: 0.3055 | *
[2026-04-03 01:19:19,173][root][INFO] - Epoch:  77 | Loss: 0.0017 | Val - MRR: 0.3075, MR:  205.42, H@1: 0.226, H@3: 0.334, H@10: 0.469 | 
[2026-04-03 01:21:30,042][root][INFO] - Epoch:  78 | Loss: 0.0017 | Val - MRR: 0.3101, MR:  202.73, H@1: 0.230, H@3: 0.335, H@10: 0.470 | Test - MRR: 0.3071 | *
[2026-04-03 01:23:41,517][root][INFO] - Epoch:  79 | Loss: 0.0016 | Val - MRR: 0.3100, MR:  199.63, H@1: 0.229, H@3: 0.335, H@10: 0.470 | Test - MRR: 0.3073 | *
[2026-04-03 01:25:52,095][root][INFO] - Epoch:  80 | Loss: 0.0016 | Val - MRR: 0.3108, MR:  196.12, H@1: 0.229, H@3: 0.337, H@10: 0.475 | Test - MRR: 0.3071 | *
[2026-04-03 01:28:04,940][root][INFO] - Epoch:  81 | Loss: 0.0016 | Val - MRR: 0.3128, MR:  194.75, H@1: 0.232, H@3: 0.338, H@10: 0.476 | Test - MRR: 0.3090 | *
[2026-04-03 01:30:17,173][root][INFO] - Epoch:  82 | Loss: 0.0016 | Val - MRR: 0.3128, MR:  194.76, H@1: 0.231, H@3: 0.338, H@10: 0.475 | Test - MRR: 0.3094 | *
[2026-04-03 01:32:29,104][root][INFO] - Epoch:  83 | Loss: 0.0016 | Val - MRR: 0.3137, MR:  190.79, H@1: 0.232, H@3: 0.341, H@10: 0.478 | Test - MRR: 0.3097 | *
[2026-04-03 01:34:41,180][root][INFO] - Epoch:  84 | Loss: 0.0016 | Val - MRR: 0.3157, MR:  188.40, H@1: 0.233, H@3: 0.342, H@10: 0.480 | Test - MRR: 0.3123 | *
[2026-04-03 01:36:52,861][root][INFO] - Epoch:  85 | Loss: 0.0016 | Val - MRR: 0.3166, MR:  194.28, H@1: 0.235, H@3: 0.343, H@10: 0.481 | Test - MRR: 0.3130 | *
[2026-04-03 01:39:04,225][root][INFO] - Epoch:  86 | Loss: 0.0016 | Val - MRR: 0.3186, MR:  186.19, H@1: 0.236, H@3: 0.345, H@10: 0.483 | Test - MRR: 0.3151 | *
[2026-04-03 01:41:15,611][root][INFO] - Epoch:  87 | Loss: 0.0016 | Val - MRR: 0.3182, MR:  185.13, H@1: 0.235, H@3: 0.346, H@10: 0.483 | Test - MRR: 0.3155 | *
[2026-04-03 01:43:25,240][root][INFO] - Epoch:  88 | Loss: 0.0016 | Val - MRR: 0.3194, MR:  185.20, H@1: 0.236, H@3: 0.348, H@10: 0.484 | Test - MRR: 0.3158 | *
[2026-04-03 01:45:36,758][root][INFO] - Epoch:  89 | Loss: 0.0016 | Val - MRR: 0.3222, MR:  184.13, H@1: 0.240, H@3: 0.350, H@10: 0.485 | Test - MRR: 0.3180 | *
[2026-04-03 01:47:47,529][root][INFO] - Epoch:  90 | Loss: 0.0016 | Val - MRR: 0.3223, MR:  181.75, H@1: 0.240, H@3: 0.349, H@10: 0.486 | Test - MRR: 0.3187 | *
[2026-04-03 01:49:42,273][root][INFO] - Epoch:  91 | Loss: 0.0016 | Val - MRR: 0.3211, MR:  183.01, H@1: 0.238, H@3: 0.347, H@10: 0.487 | 
[2026-04-03 01:51:52,781][root][INFO] - Epoch:  92 | Loss: 0.0016 | Val - MRR: 0.3221, MR:  181.63, H@1: 0.240, H@3: 0.350, H@10: 0.489 | Test - MRR: 0.3199 | *
[2026-04-03 01:54:02,802][root][INFO] - Epoch:  93 | Loss: 0.0016 | Val - MRR: 0.3235, MR:  180.23, H@1: 0.240, H@3: 0.352, H@10: 0.489 | Test - MRR: 0.3195 | *
[2026-04-03 01:56:14,705][root][INFO] - Epoch:  94 | Loss: 0.0016 | Val - MRR: 0.3235, MR:  179.59, H@1: 0.239, H@3: 0.351, H@10: 0.491 | Test - MRR: 0.3212 | *
[2026-04-03 01:58:25,431][root][INFO] - Epoch:  95 | Loss: 0.0016 | Val - MRR: 0.3252, MR:  181.56, H@1: 0.242, H@3: 0.352, H@10: 0.493 | Test - MRR: 0.3216 | *
[2026-04-03 02:00:19,604][root][INFO] - Epoch:  96 | Loss: 0.0016 | Val - MRR: 0.3242, MR:  179.09, H@1: 0.240, H@3: 0.353, H@10: 0.495 | 
[2026-04-03 02:02:29,680][root][INFO] - Epoch:  97 | Loss: 0.0016 | Val - MRR: 0.3268, MR:  176.45, H@1: 0.243, H@3: 0.354, H@10: 0.496 | Test - MRR: 0.3243 | *
[2026-04-03 02:04:41,919][root][INFO] - Epoch:  98 | Loss: 0.0016 | Val - MRR: 0.3272, MR:  176.95, H@1: 0.243, H@3: 0.357, H@10: 0.495 | Test - MRR: 0.3243 | *
[2026-04-03 02:06:36,234][root][INFO] - Epoch:  99 | Loss: 0.0016 | Val - MRR: 0.3255, MR:  177.90, H@1: 0.241, H@3: 0.354, H@10: 0.493 | 
[2026-04-03 02:08:50,441][root][INFO] - Epoch: 100 | Loss: 0.0016 | Val - MRR: 0.3287, MR:  173.87, H@1: 0.244, H@3: 0.357, H@10: 0.497 | Test - MRR: 0.3249 | *
[2026-04-03 02:11:01,273][root][INFO] - Epoch: 101 | Loss: 0.0016 | Val - MRR: 0.3289, MR:  171.83, H@1: 0.244, H@3: 0.357, H@10: 0.499 | Test - MRR: 0.3264 | *
[2026-04-03 02:13:13,331][root][INFO] - Epoch: 102 | Loss: 0.0015 | Val - MRR: 0.3294, MR:  173.18, H@1: 0.244, H@3: 0.359, H@10: 0.500 | Test - MRR: 0.3266 | *
[2026-04-03 02:15:25,034][root][INFO] - Epoch: 103 | Loss: 0.0015 | Val - MRR: 0.3303, MR:  172.30, H@1: 0.245, H@3: 0.361, H@10: 0.500 | Test - MRR: 0.3278 | *
[2026-04-03 02:17:37,160][root][INFO] - Epoch: 104 | Loss: 0.0015 | Val - MRR: 0.3311, MR:  173.21, H@1: 0.247, H@3: 0.360, H@10: 0.499 | Test - MRR: 0.3280 | *
[2026-04-03 02:19:50,311][root][INFO] - Epoch: 105 | Loss: 0.0016 | Val - MRR: 0.3327, MR:  171.90, H@1: 0.248, H@3: 0.361, H@10: 0.503 | Test - MRR: 0.3293 | *
[2026-04-03 02:21:45,234][root][INFO] - Epoch: 106 | Loss: 0.0015 | Val - MRR: 0.3301, MR:  172.20, H@1: 0.243, H@3: 0.360, H@10: 0.504 | 
[2026-04-03 02:23:57,738][root][INFO] - Epoch: 107 | Loss: 0.0015 | Val - MRR: 0.3320, MR:  168.17, H@1: 0.247, H@3: 0.360, H@10: 0.503 | Test - MRR: 0.3299 | *
[2026-04-03 02:26:09,938][root][INFO] - Epoch: 108 | Loss: 0.0015 | Val - MRR: 0.3341, MR:  169.96, H@1: 0.248, H@3: 0.363, H@10: 0.505 | Test - MRR: 0.3306 | *
[2026-04-03 02:28:22,182][root][INFO] - Epoch: 109 | Loss: 0.0015 | Val - MRR: 0.3342, MR:  167.52, H@1: 0.249, H@3: 0.363, H@10: 0.507 | Test - MRR: 0.3300 | *
[2026-04-03 02:30:34,463][root][INFO] - Epoch: 110 | Loss: 0.0015 | Val - MRR: 0.3342, MR:  168.44, H@1: 0.249, H@3: 0.362, H@10: 0.507 | Test - MRR: 0.3306 | *
[2026-04-03 02:32:47,522][root][INFO] - Epoch: 111 | Loss: 0.0015 | Val - MRR: 0.3350, MR:  167.66, H@1: 0.250, H@3: 0.363, H@10: 0.505 | Test - MRR: 0.3309 | *
[2026-04-03 02:35:01,469][root][INFO] - Epoch: 112 | Loss: 0.0015 | Val - MRR: 0.3346, MR:  166.67, H@1: 0.249, H@3: 0.363, H@10: 0.507 | Test - MRR: 0.3313 | *
[2026-04-03 02:37:14,371][root][INFO] - Epoch: 113 | Loss: 0.0015 | Val - MRR: 0.3345, MR:  166.51, H@1: 0.249, H@3: 0.363, H@10: 0.506 | Test - MRR: 0.3316 | *
[2026-04-03 02:39:25,299][root][INFO] - Epoch: 114 | Loss: 0.0015 | Val - MRR: 0.3372, MR:  166.05, H@1: 0.251, H@3: 0.365, H@10: 0.509 | Test - MRR: 0.3339 | *
[2026-04-03 02:41:20,883][root][INFO] - Epoch: 115 | Loss: 0.0015 | Val - MRR: 0.3360, MR:  163.95, H@1: 0.250, H@3: 0.365, H@10: 0.509 | 
[2026-04-03 02:43:31,921][root][INFO] - Epoch: 116 | Loss: 0.0015 | Val - MRR: 0.3380, MR:  164.57, H@1: 0.252, H@3: 0.368, H@10: 0.511 | Test - MRR: 0.3346 | *
[2026-04-03 02:45:26,342][root][INFO] - Epoch: 117 | Loss: 0.0015 | Val - MRR: 0.3356, MR:  166.21, H@1: 0.250, H@3: 0.364, H@10: 0.508 | 
[2026-04-03 02:47:22,646][root][INFO] - Epoch: 118 | Loss: 0.0015 | Val - MRR: 0.3377, MR:  163.61, H@1: 0.252, H@3: 0.367, H@10: 0.511 | 
[2026-04-03 02:49:32,672][root][INFO] - Epoch: 119 | Loss: 0.0015 | Val - MRR: 0.3391, MR:  164.96, H@1: 0.253, H@3: 0.369, H@10: 0.512 | Test - MRR: 0.3362 | *
[2026-04-03 02:51:26,385][root][INFO] - Epoch: 120 | Loss: 0.0015 | Val - MRR: 0.3384, MR:  165.36, H@1: 0.252, H@3: 0.368, H@10: 0.513 | 
[2026-04-03 02:53:21,586][root][INFO] - Epoch: 121 | Loss: 0.0015 | Val - MRR: 0.3384, MR:  162.98, H@1: 0.252, H@3: 0.367, H@10: 0.514 | 
[2026-04-03 02:55:34,010][root][INFO] - Epoch: 122 | Loss: 0.0015 | Val - MRR: 0.3405, MR:  163.38, H@1: 0.254, H@3: 0.370, H@10: 0.514 | Test - MRR: 0.3366 | *
[2026-04-03 02:57:28,227][root][INFO] - Epoch: 123 | Loss: 0.0015 | Val - MRR: 0.3396, MR:  163.62, H@1: 0.253, H@3: 0.368, H@10: 0.514 | 
[2026-04-03 02:59:40,477][root][INFO] - Epoch: 124 | Loss: 0.0015 | Val - MRR: 0.3412, MR:  162.01, H@1: 0.255, H@3: 0.371, H@10: 0.516 | Test - MRR: 0.3380 | *
[2026-04-03 03:01:53,533][root][INFO] - Epoch: 125 | Loss: 0.0015 | Val - MRR: 0.3418, MR:  162.20, H@1: 0.255, H@3: 0.372, H@10: 0.518 | Test - MRR: 0.3380 | *
[2026-04-03 03:04:05,715][root][INFO] - Epoch: 126 | Loss: 0.0015 | Val - MRR: 0.3418, MR:  160.65, H@1: 0.256, H@3: 0.371, H@10: 0.517 | Test - MRR: 0.3384 | *
[2026-04-03 03:06:18,759][root][INFO] - Epoch: 127 | Loss: 0.0015 | Val - MRR: 0.3422, MR:  160.85, H@1: 0.255, H@3: 0.373, H@10: 0.516 | Test - MRR: 0.3376 | *
[2026-04-03 03:08:12,833][root][INFO] - Epoch: 128 | Loss: 0.0015 | Val - MRR: 0.3411, MR:  160.77, H@1: 0.253, H@3: 0.373, H@10: 0.518 | 
[2026-04-03 03:10:23,077][root][INFO] - Epoch: 129 | Loss: 0.0015 | Val - MRR: 0.3433, MR:  159.34, H@1: 0.256, H@3: 0.374, H@10: 0.520 | Test - MRR: 0.3397 | *
[2026-04-03 03:12:36,021][root][INFO] - Epoch: 130 | Loss: 0.0015 | Val - MRR: 0.3443, MR:  158.48, H@1: 0.257, H@3: 0.372, H@10: 0.522 | Test - MRR: 0.3413 | *
[2026-04-03 03:14:30,320][root][INFO] - Epoch: 131 | Loss: 0.0015 | Val - MRR: 0.3433, MR:  160.94, H@1: 0.255, H@3: 0.374, H@10: 0.520 | 
[2026-04-03 03:16:41,009][root][INFO] - Epoch: 132 | Loss: 0.0015 | Val - MRR: 0.3456, MR:  159.07, H@1: 0.259, H@3: 0.376, H@10: 0.520 | Test - MRR: 0.3410 | *
[2026-04-03 03:18:54,275][root][INFO] - Epoch: 133 | Loss: 0.0015 | Val - MRR: 0.3459, MR:  156.60, H@1: 0.258, H@3: 0.377, H@10: 0.522 | Test - MRR: 0.3417 | *
[2026-04-03 03:21:05,441][root][INFO] - Epoch: 134 | Loss: 0.0015 | Val - MRR: 0.3463, MR:  159.16, H@1: 0.260, H@3: 0.376, H@10: 0.522 | Test - MRR: 0.3418 | *
[2026-04-03 03:23:00,234][root][INFO] - Epoch: 135 | Loss: 0.0015 | Val - MRR: 0.3460, MR:  157.97, H@1: 0.259, H@3: 0.377, H@10: 0.524 | 
[2026-04-03 03:25:12,429][root][INFO] - Epoch: 136 | Loss: 0.0015 | Val - MRR: 0.3472, MR:  157.37, H@1: 0.259, H@3: 0.377, H@10: 0.525 | Test - MRR: 0.3429 | *
[2026-04-03 03:27:20,850][root][INFO] - Epoch: 137 | Loss: 0.0015 | Val - MRR: 0.3476, MR:  162.31, H@1: 0.260, H@3: 0.378, H@10: 0.525 | Test - MRR: 0.3424 | *
[2026-04-03 03:29:15,050][root][INFO] - Epoch: 138 | Loss: 0.0015 | Val - MRR: 0.3472, MR:  158.89, H@1: 0.260, H@3: 0.377, H@10: 0.523 | 
[2026-04-03 03:31:09,830][root][INFO] - Epoch: 139 | Loss: 0.0015 | Val - MRR: 0.3468, MR:  159.10, H@1: 0.259, H@3: 0.378, H@10: 0.526 | 
[2026-04-03 03:33:21,337][root][INFO] - Epoch: 140 | Loss: 0.0015 | Val - MRR: 0.3481, MR:  157.61, H@1: 0.261, H@3: 0.379, H@10: 0.525 | Test - MRR: 0.3429 | *
[2026-04-03 03:35:33,257][root][INFO] - Epoch: 141 | Loss: 0.0015 | Val - MRR: 0.3478, MR:  156.08, H@1: 0.260, H@3: 0.379, H@10: 0.526 | Test - MRR: 0.3429 | *
[2026-04-03 03:37:44,956][root][INFO] - Epoch: 142 | Loss: 0.0015 | Val - MRR: 0.3472, MR:  159.72, H@1: 0.259, H@3: 0.378, H@10: 0.525 | Test - MRR: 0.3431 | *
[2026-04-03 03:39:57,297][root][INFO] - Epoch: 143 | Loss: 0.0015 | Val - MRR: 0.3479, MR:  157.09, H@1: 0.260, H@3: 0.379, H@10: 0.524 | Test - MRR: 0.3439 | *
[2026-04-03 03:41:52,189][root][INFO] - Epoch: 144 | Loss: 0.0015 | Val - MRR: 0.3475, MR:  158.34, H@1: 0.260, H@3: 0.378, H@10: 0.523 | 
[2026-04-03 03:44:03,148][root][INFO] - Epoch: 145 | Loss: 0.0015 | Val - MRR: 0.3480, MR:  158.76, H@1: 0.260, H@3: 0.379, H@10: 0.526 | Test - MRR: 0.3438 | *
[2026-04-03 03:46:14,491][root][INFO] - Epoch: 146 | Loss: 0.0015 | Val - MRR: 0.3483, MR:  160.36, H@1: 0.260, H@3: 0.380, H@10: 0.526 | Test - MRR: 0.3441 | *
[2026-04-03 03:48:25,767][root][INFO] - Epoch: 147 | Loss: 0.0015 | Val - MRR: 0.3488, MR:  158.75, H@1: 0.261, H@3: 0.380, H@10: 0.526 | Test - MRR: 0.3440 | *
[2026-04-03 03:50:37,747][root][INFO] - Epoch: 148 | Loss: 0.0015 | Val - MRR: 0.3502, MR:  157.37, H@1: 0.262, H@3: 0.384, H@10: 0.526 | Test - MRR: 0.3455 | *
[2026-04-03 03:52:34,818][root][INFO] - Epoch: 149 | Loss: 0.0014 | Val - MRR: 0.3496, MR:  156.44, H@1: 0.262, H@3: 0.380, H@10: 0.527 | 
[2026-04-03 03:54:30,377][root][INFO] - Epoch: 150 | Loss: 0.0015 | Val - MRR: 0.3495, MR:  157.43, H@1: 0.261, H@3: 0.381, H@10: 0.529 | 
[2026-04-03 03:56:41,018][root][INFO] - Epoch: 151 | Loss: 0.0015 | Val - MRR: 0.3504, MR:  157.38, H@1: 0.262, H@3: 0.383, H@10: 0.530 | Test - MRR: 0.3452 | *
[2026-04-03 03:58:53,111][root][INFO] - Epoch: 152 | Loss: 0.0014 | Val - MRR: 0.3505, MR:  155.74, H@1: 0.262, H@3: 0.383, H@10: 0.530 | Test - MRR: 0.3458 | *
[2026-04-03 04:01:04,760][root][INFO] - Epoch: 153 | Loss: 0.0015 | Val - MRR: 0.3513, MR:  155.63, H@1: 0.263, H@3: 0.383, H@10: 0.530 | Test - MRR: 0.3456 | *
[2026-04-03 04:03:17,842][root][INFO] - Epoch: 154 | Loss: 0.0014 | Val - MRR: 0.3519, MR:  154.97, H@1: 0.264, H@3: 0.384, H@10: 0.529 | Test - MRR: 0.3468 | *
[2026-04-03 04:05:11,967][root][INFO] - Epoch: 155 | Loss: 0.0014 | Val - MRR: 0.3519, MR:  155.27, H@1: 0.264, H@3: 0.382, H@10: 0.528 | 
[2026-04-03 04:07:07,034][root][INFO] - Epoch: 156 | Loss: 0.0014 | Val - MRR: 0.3498, MR:  153.75, H@1: 0.261, H@3: 0.382, H@10: 0.529 | 
[2026-04-03 04:09:22,924][root][INFO] - Epoch: 157 | Loss: 0.0014 | Val - MRR: 0.3533, MR:  156.34, H@1: 0.265, H@3: 0.386, H@10: 0.533 | Test - MRR: 0.3477 | *
[2026-04-03 04:11:36,215][root][INFO] - Epoch: 158 | Loss: 0.0014 | Val - MRR: 0.3526, MR:  155.87, H@1: 0.265, H@3: 0.383, H@10: 0.528 | Test - MRR: 0.3481 | *
[2026-04-03 04:13:30,987][root][INFO] - Epoch: 159 | Loss: 0.0014 | Val - MRR: 0.3514, MR:  155.56, H@1: 0.262, H@3: 0.384, H@10: 0.530 | 
[2026-04-03 04:15:43,197][root][INFO] - Epoch: 160 | Loss: 0.0014 | Val - MRR: 0.3529, MR:  156.30, H@1: 0.264, H@3: 0.385, H@10: 0.530 | Test - MRR: 0.3475 | *
[2026-04-03 04:17:37,207][root][INFO] - Epoch: 161 | Loss: 0.0014 | Val - MRR: 0.3521, MR:  157.12, H@1: 0.263, H@3: 0.386, H@10: 0.531 | 
[2026-04-03 04:19:49,206][root][INFO] - Epoch: 162 | Loss: 0.0014 | Val - MRR: 0.3545, MR:  158.85, H@1: 0.266, H@3: 0.387, H@10: 0.534 | Test - MRR: 0.3485 | *
[2026-04-03 04:21:44,034][root][INFO] - Epoch: 163 | Loss: 0.0014 | Val - MRR: 0.3525, MR:  156.61, H@1: 0.263, H@3: 0.385, H@10: 0.533 | 
[2026-04-03 04:23:56,784][root][INFO] - Epoch: 164 | Loss: 0.0014 | Val - MRR: 0.3532, MR:  153.78, H@1: 0.264, H@3: 0.385, H@10: 0.533 | Test - MRR: 0.3490 | *
[2026-04-03 04:26:07,423][root][INFO] - Epoch: 165 | Loss: 0.0014 | Val - MRR: 0.3535, MR:  159.00, H@1: 0.264, H@3: 0.387, H@10: 0.533 | Test - MRR: 0.3476 | *
[2026-04-03 04:28:18,104][root][INFO] - Epoch: 166 | Loss: 0.0014 | Val - MRR: 0.3540, MR:  154.05, H@1: 0.265, H@3: 0.388, H@10: 0.535 | Test - MRR: 0.3498 | *
[2026-04-03 04:30:12,784][root][INFO] - Epoch: 167 | Loss: 0.0014 | Val - MRR: 0.3529, MR:  154.37, H@1: 0.264, H@3: 0.386, H@10: 0.532 | 
[2026-04-03 04:32:06,198][root][INFO] - Epoch: 168 | Loss: 0.0014 | Val - MRR: 0.3536, MR:  156.47, H@1: 0.265, H@3: 0.385, H@10: 0.534 | 
[2026-04-03 04:34:01,658][root][INFO] - Epoch: 169 | Loss: 0.0014 | Val - MRR: 0.3535, MR:  154.24, H@1: 0.264, H@3: 0.387, H@10: 0.533 | 
[2026-04-03 04:36:12,686][root][INFO] - Epoch: 170 | Loss: 0.0014 | Val - MRR: 0.3547, MR:  157.05, H@1: 0.266, H@3: 0.387, H@10: 0.534 | Test - MRR: 0.3495 | *
[2026-04-03 04:38:24,553][root][INFO] - Epoch: 171 | Loss: 0.0014 | Val - MRR: 0.3551, MR:  152.96, H@1: 0.266, H@3: 0.388, H@10: 0.533 | Test - MRR: 0.3505 | *
[2026-04-03 04:40:33,065][root][INFO] - Epoch: 172 | Loss: 0.0014 | Val - MRR: 0.3551, MR:  153.98, H@1: 0.265, H@3: 0.388, H@10: 0.534 | Test - MRR: 0.3503 | *
[2026-04-03 04:42:27,792][root][INFO] - Epoch: 173 | Loss: 0.0014 | Val - MRR: 0.3547, MR:  153.63, H@1: 0.265, H@3: 0.387, H@10: 0.534 | 
[2026-04-03 04:44:22,927][root][INFO] - Epoch: 174 | Loss: 0.0014 | Val - MRR: 0.3547, MR:  154.05, H@1: 0.265, H@3: 0.388, H@10: 0.535 | 
[2026-04-03 04:46:16,299][root][INFO] - Epoch: 175 | Loss: 0.0014 | Val - MRR: 0.3545, MR:  153.75, H@1: 0.265, H@3: 0.387, H@10: 0.535 | 
[2026-04-03 04:48:30,864][root][INFO] - Epoch: 176 | Loss: 0.0014 | Val - MRR: 0.3548, MR:  155.14, H@1: 0.265, H@3: 0.387, H@10: 0.537 | Test - MRR: 0.3508 | *
[2026-04-03 04:50:42,276][root][INFO] - Epoch: 177 | Loss: 0.0014 | Val - MRR: 0.3563, MR:  151.98, H@1: 0.267, H@3: 0.389, H@10: 0.537 | Test - MRR: 0.3522 | *
[2026-04-03 04:52:37,134][root][INFO] - Epoch: 178 | Loss: 0.0014 | Val - MRR: 0.3551, MR:  157.18, H@1: 0.265, H@3: 0.389, H@10: 0.534 | 
[2026-04-03 04:54:49,435][root][INFO] - Epoch: 179 | Loss: 0.0014 | Val - MRR: 0.3573, MR:  153.27, H@1: 0.269, H@3: 0.388, H@10: 0.535 | Test - MRR: 0.3531 | *
[2026-04-03 04:56:43,763][root][INFO] - Epoch: 180 | Loss: 0.0014 | Val - MRR: 0.3555, MR:  152.25, H@1: 0.265, H@3: 0.389, H@10: 0.535 | 
[2026-04-03 04:58:37,509][root][INFO] - Epoch: 181 | Loss: 0.0014 | Val - MRR: 0.3565, MR:  154.16, H@1: 0.266, H@3: 0.390, H@10: 0.539 | 
[2026-04-03 05:00:31,398][root][INFO] - Epoch: 182 | Loss: 0.0014 | Val - MRR: 0.3539, MR:  156.11, H@1: 0.263, H@3: 0.390, H@10: 0.536 | 
[2026-04-03 05:02:24,726][root][INFO] - Epoch: 183 | Loss: 0.0014 | Val - MRR: 0.3556, MR:  155.21, H@1: 0.266, H@3: 0.388, H@10: 0.536 | 
[2026-04-03 05:04:18,454][root][INFO] - Epoch: 184 | Loss: 0.0014 | Val - MRR: 0.3553, MR:  155.58, H@1: 0.265, H@3: 0.389, H@10: 0.538 | 
[2026-04-03 05:06:14,147][root][INFO] - Epoch: 185 | Loss: 0.0014 | Val - MRR: 0.3561, MR:  156.59, H@1: 0.265, H@3: 0.390, H@10: 0.539 | 
[2026-04-03 05:08:08,022][root][INFO] - Epoch: 186 | Loss: 0.0014 | Val - MRR: 0.3544, MR:  153.67, H@1: 0.264, H@3: 0.389, H@10: 0.537 | 
[2026-04-03 05:10:02,631][root][INFO] - Epoch: 187 | Loss: 0.0014 | Val - MRR: 0.3561, MR:  157.24, H@1: 0.266, H@3: 0.388, H@10: 0.538 | 
[2026-04-03 05:11:57,230][root][INFO] - Epoch: 188 | Loss: 0.0014 | Val - MRR: 0.3558, MR:  154.89, H@1: 0.265, H@3: 0.389, H@10: 0.538 | 
[2026-04-03 05:13:53,244][root][INFO] - Epoch: 189 | Loss: 0.0014 | Val - MRR: 0.3561, MR:  154.96, H@1: 0.265, H@3: 0.390, H@10: 0.538 | 
[2026-04-03 05:15:47,524][root][INFO] - Epoch: 190 | Loss: 0.0014 | Val - MRR: 0.3563, MR:  156.42, H@1: 0.267, H@3: 0.389, H@10: 0.538 | 
[2026-04-03 05:17:41,598][root][INFO] - Epoch: 191 | Loss: 0.0014 | Val - MRR: 0.3557, MR:  155.52, H@1: 0.266, H@3: 0.388, H@10: 0.538 | 
[2026-04-03 05:19:37,059][root][INFO] - Epoch: 192 | Loss: 0.0014 | Val - MRR: 0.3554, MR:  152.64, H@1: 0.265, H@3: 0.388, H@10: 0.538 | 
[2026-04-03 05:21:30,538][root][INFO] - Epoch: 193 | Loss: 0.0014 | Val - MRR: 0.3564, MR:  154.99, H@1: 0.266, H@3: 0.389, H@10: 0.537 | 
[2026-04-03 05:23:25,117][root][INFO] - Epoch: 194 | Loss: 0.0014 | Val - MRR: 0.3565, MR:  154.40, H@1: 0.266, H@3: 0.389, H@10: 0.538 | 
[2026-04-03 05:25:36,708][root][INFO] - Epoch: 195 | Loss: 0.0014 | Val - MRR: 0.3567, MR:  155.48, H@1: 0.267, H@3: 0.389, H@10: 0.538 | Test - MRR: 0.3534 | *
[2026-04-03 05:27:29,715][root][INFO] - Epoch: 196 | Loss: 0.0014 | Val - MRR: 0.3560, MR:  153.60, H@1: 0.265, H@3: 0.388, H@10: 0.538 | 
[2026-04-03 05:29:24,312][root][INFO] - Epoch: 197 | Loss: 0.0014 | Val - MRR: 0.3566, MR:  154.64, H@1: 0.266, H@3: 0.388, H@10: 0.539 | 
[2026-04-03 05:31:18,404][root][INFO] - Epoch: 198 | Loss: 0.0014 | Val - MRR: 0.3559, MR:  157.06, H@1: 0.266, H@3: 0.387, H@10: 0.538 | 
[2026-04-03 05:33:28,116][root][INFO] - Epoch: 199 | Loss: 0.0014 | Val - MRR: 0.3577, MR:  152.41, H@1: 0.267, H@3: 0.391, H@10: 0.541 | Test - MRR: 0.3534 | *
[2026-04-03 05:35:39,845][root][INFO] - Epoch: 200 | Loss: 0.0014 | Val - MRR: 0.3583, MR:  154.08, H@1: 0.268, H@3: 0.391, H@10: 0.541 | Test - MRR: 0.3543 | *
[2026-04-03 05:37:34,163][root][INFO] - Epoch: 201 | Loss: 0.0014 | Val - MRR: 0.3566, MR:  157.38, H@1: 0.266, H@3: 0.390, H@10: 0.539 | 
[2026-04-03 05:39:29,890][root][INFO] - Epoch: 202 | Loss: 0.0014 | Val - MRR: 0.3581, MR:  154.19, H@1: 0.267, H@3: 0.392, H@10: 0.541 | 
[2026-04-03 05:41:25,795][root][INFO] - Epoch: 203 | Loss: 0.0014 | Val - MRR: 0.3578, MR:  154.62, H@1: 0.267, H@3: 0.391, H@10: 0.540 | 
[2026-04-03 05:43:38,557][root][INFO] - Epoch: 204 | Loss: 0.0014 | Val - MRR: 0.3593, MR:  155.18, H@1: 0.268, H@3: 0.392, H@10: 0.544 | Test - MRR: 0.3553 | *
[2026-04-03 05:45:33,278][root][INFO] - Epoch: 205 | Loss: 0.0014 | Val - MRR: 0.3587, MR:  154.53, H@1: 0.268, H@3: 0.392, H@10: 0.543 | 
[2026-04-03 05:47:27,860][root][INFO] - Epoch: 206 | Loss: 0.0014 | Val - MRR: 0.3575, MR:  155.05, H@1: 0.266, H@3: 0.392, H@10: 0.541 | 
[2026-04-03 05:49:24,597][root][INFO] - Epoch: 207 | Loss: 0.0014 | Val - MRR: 0.3588, MR:  153.23, H@1: 0.268, H@3: 0.391, H@10: 0.544 | 
[2026-04-03 05:51:17,992][root][INFO] - Epoch: 208 | Loss: 0.0014 | Val - MRR: 0.3579, MR:  154.37, H@1: 0.267, H@3: 0.392, H@10: 0.542 | 
[2026-04-03 05:53:11,772][root][INFO] - Epoch: 209 | Loss: 0.0014 | Val - MRR: 0.3584, MR:  154.86, H@1: 0.268, H@3: 0.390, H@10: 0.541 | 
[2026-04-03 05:55:08,255][root][INFO] - Epoch: 210 | Loss: 0.0014 | Val - MRR: 0.3578, MR:  156.30, H@1: 0.267, H@3: 0.390, H@10: 0.543 | 
[2026-04-03 05:57:19,338][root][INFO] - Epoch: 211 | Loss: 0.0014 | Val - MRR: 0.3597, MR:  153.52, H@1: 0.269, H@3: 0.391, H@10: 0.542 | Test - MRR: 0.3551 | *
[2026-04-03 05:59:13,949][root][INFO] - Epoch: 212 | Loss: 0.0014 | Val - MRR: 0.3594, MR:  155.16, H@1: 0.269, H@3: 0.392, H@10: 0.542 | 
[2026-04-03 06:01:09,368][root][INFO] - Epoch: 213 | Loss: 0.0014 | Val - MRR: 0.3594, MR:  156.43, H@1: 0.269, H@3: 0.393, H@10: 0.542 | 
[2026-04-03 06:03:20,521][root][INFO] - Epoch: 214 | Loss: 0.0014 | Val - MRR: 0.3597, MR:  154.37, H@1: 0.268, H@3: 0.393, H@10: 0.543 | Test - MRR: 0.3553 | *
[2026-04-03 06:05:33,739][root][INFO] - Epoch: 215 | Loss: 0.0014 | Val - MRR: 0.3606, MR:  157.60, H@1: 0.271, H@3: 0.393, H@10: 0.542 | Test - MRR: 0.3557 | *
[2026-04-03 06:07:31,052][root][INFO] - Epoch: 216 | Loss: 0.0014 | Val - MRR: 0.3593, MR:  155.75, H@1: 0.269, H@3: 0.392, H@10: 0.541 | 
[2026-04-03 06:09:27,840][root][INFO] - Epoch: 217 | Loss: 0.0014 | Val - MRR: 0.3595, MR:  157.74, H@1: 0.269, H@3: 0.392, H@10: 0.541 | 
[2026-04-03 06:11:22,717][root][INFO] - Epoch: 218 | Loss: 0.0014 | Val - MRR: 0.3592, MR:  158.26, H@1: 0.267, H@3: 0.394, H@10: 0.544 | 
[2026-04-03 06:13:19,595][root][INFO] - Epoch: 219 | Loss: 0.0014 | Val - MRR: 0.3593, MR:  160.84, H@1: 0.269, H@3: 0.393, H@10: 0.542 | 
[2026-04-03 06:15:16,066][root][INFO] - Epoch: 220 | Loss: 0.0014 | Val - MRR: 0.3594, MR:  158.44, H@1: 0.268, H@3: 0.393, H@10: 0.543 | 
[2026-04-03 06:17:28,509][root][INFO] - Epoch: 221 | Loss: 0.0014 | Val - MRR: 0.3588, MR:  155.92, H@1: 0.268, H@3: 0.392, H@10: 0.543 | Test - MRR: 0.3557 | *
[2026-04-03 06:19:40,858][root][INFO] - Epoch: 222 | Loss: 0.0014 | Val - MRR: 0.3597, MR:  154.76, H@1: 0.269, H@3: 0.393, H@10: 0.542 | Test - MRR: 0.3552 | *
[2026-04-03 06:21:36,623][root][INFO] - Epoch: 223 | Loss: 0.0014 | Val - MRR: 0.3591, MR:  158.62, H@1: 0.267, H@3: 0.393, H@10: 0.542 | 
[2026-04-03 06:23:48,399][root][INFO] - Epoch: 224 | Loss: 0.0014 | Val - MRR: 0.3602, MR:  156.88, H@1: 0.269, H@3: 0.393, H@10: 0.542 | Test - MRR: 0.3550 | *
[2026-04-03 06:25:43,140][root][INFO] - Epoch: 225 | Loss: 0.0014 | Val - MRR: 0.3594, MR:  159.12, H@1: 0.268, H@3: 0.394, H@10: 0.544 | 
[2026-04-03 06:27:55,752][root][INFO] - Epoch: 226 | Loss: 0.0014 | Val - MRR: 0.3607, MR:  153.34, H@1: 0.269, H@3: 0.396, H@10: 0.544 | Test - MRR: 0.3559 | *
[2026-04-03 06:30:08,401][root][INFO] - Epoch: 227 | Loss: 0.0014 | Val - MRR: 0.3593, MR:  156.90, H@1: 0.268, H@3: 0.393, H@10: 0.542 | Test - MRR: 0.3559 | *
[2026-04-03 06:32:03,185][root][INFO] - Epoch: 228 | Loss: 0.0014 | Val - MRR: 0.3585, MR:  158.75, H@1: 0.267, H@3: 0.392, H@10: 0.543 | 
[2026-04-03 06:34:14,244][root][INFO] - Epoch: 229 | Loss: 0.0014 | Val - MRR: 0.3600, MR:  156.63, H@1: 0.268, H@3: 0.395, H@10: 0.546 | Test - MRR: 0.3562 | *
[2026-04-03 06:36:29,669][root][INFO] - Epoch: 230 | Loss: 0.0014 | Val - MRR: 0.3603, MR:  157.21, H@1: 0.269, H@3: 0.394, H@10: 0.546 | Test - MRR: 0.3564 | *
[2026-04-03 06:38:24,063][root][INFO] - Epoch: 231 | Loss: 0.0014 | Val - MRR: 0.3598, MR:  155.11, H@1: 0.269, H@3: 0.394, H@10: 0.545 | 
[2026-04-03 06:40:35,310][root][INFO] - Epoch: 232 | Loss: 0.0014 | Val - MRR: 0.3608, MR:  154.65, H@1: 0.269, H@3: 0.395, H@10: 0.546 | Test - MRR: 0.3563 | *
[2026-04-03 06:42:30,587][root][INFO] - Epoch: 233 | Loss: 0.0014 | Val - MRR: 0.3596, MR:  159.53, H@1: 0.268, H@3: 0.394, H@10: 0.544 | 
[2026-04-03 06:44:26,346][root][INFO] - Epoch: 234 | Loss: 0.0014 | Val - MRR: 0.3598, MR:  154.80, H@1: 0.268, H@3: 0.395, H@10: 0.545 | 
[2026-04-03 06:46:21,277][root][INFO] - Epoch: 235 | Loss: 0.0014 | Val - MRR: 0.3596, MR:  157.41, H@1: 0.268, H@3: 0.394, H@10: 0.544 | 
[2026-04-03 06:48:16,009][root][INFO] - Epoch: 236 | Loss: 0.0014 | Val - MRR: 0.3599, MR:  156.98, H@1: 0.269, H@3: 0.394, H@10: 0.543 | 
[2026-04-03 06:50:27,821][root][INFO] - Epoch: 237 | Loss: 0.0014 | Val - MRR: 0.3613, MR:  156.95, H@1: 0.270, H@3: 0.397, H@10: 0.544 | Test - MRR: 0.3568 | *
[2026-04-03 06:52:22,058][root][INFO] - Epoch: 238 | Loss: 0.0014 | Val - MRR: 0.3584, MR:  160.77, H@1: 0.266, H@3: 0.393, H@10: 0.544 | 
[2026-04-03 06:54:18,435][root][INFO] - Epoch: 239 | Loss: 0.0014 | Val - MRR: 0.3610, MR:  154.88, H@1: 0.270, H@3: 0.395, H@10: 0.544 | 
[2026-04-03 06:56:12,474][root][INFO] - Epoch: 240 | Loss: 0.0014 | Val - MRR: 0.3611, MR:  155.71, H@1: 0.270, H@3: 0.396, H@10: 0.544 | 
[2026-04-03 06:58:07,202][root][INFO] - Epoch: 241 | Loss: 0.0014 | Val - MRR: 0.3610, MR:  156.01, H@1: 0.269, H@3: 0.396, H@10: 0.545 | 
[2026-04-03 07:00:02,841][root][INFO] - Epoch: 242 | Loss: 0.0014 | Val - MRR: 0.3611, MR:  156.10, H@1: 0.271, H@3: 0.393, H@10: 0.546 | 
[2026-04-03 07:01:56,602][root][INFO] - Epoch: 243 | Loss: 0.0014 | Val - MRR: 0.3605, MR:  156.03, H@1: 0.270, H@3: 0.392, H@10: 0.546 | 
[2026-04-03 07:03:52,116][root][INFO] - Epoch: 244 | Loss: 0.0014 | Val - MRR: 0.3607, MR:  158.62, H@1: 0.269, H@3: 0.394, H@10: 0.545 | 
[2026-04-03 07:05:46,337][root][INFO] - Epoch: 245 | Loss: 0.0014 | Val - MRR: 0.3605, MR:  158.36, H@1: 0.269, H@3: 0.395, H@10: 0.544 | 
[2026-04-03 07:07:58,858][root][INFO] - Epoch: 246 | Loss: 0.0014 | Val - MRR: 0.3608, MR:  154.35, H@1: 0.270, H@3: 0.394, H@10: 0.544 | Test - MRR: 0.3568 | *
[2026-04-03 07:10:09,161][root][INFO] - Epoch: 247 | Loss: 0.0014 | Val - MRR: 0.3616, MR:  158.04, H@1: 0.270, H@3: 0.397, H@10: 0.546 | Test - MRR: 0.3569 | *
[2026-04-03 07:12:22,683][root][INFO] - Epoch: 248 | Loss: 0.0013 | Val - MRR: 0.3622, MR:  159.58, H@1: 0.271, H@3: 0.397, H@10: 0.546 | Test - MRR: 0.3584 | *
[2026-04-03 07:14:17,477][root][INFO] - Epoch: 249 | Loss: 0.0014 | Val - MRR: 0.3614, MR:  157.78, H@1: 0.270, H@3: 0.395, H@10: 0.544 | 
[2026-04-03 07:16:27,046][root][INFO] - Epoch: 250 | Loss: 0.0014 | Val - MRR: 0.3631, MR:  158.94, H@1: 0.273, H@3: 0.395, H@10: 0.545 | Test - MRR: 0.3580 | *
[2026-04-03 07:18:21,766][root][INFO] - Epoch: 251 | Loss: 0.0014 | Val - MRR: 0.3620, MR:  156.04, H@1: 0.271, H@3: 0.397, H@10: 0.545 | 
[2026-04-03 07:20:33,467][root][INFO] - Epoch: 252 | Loss: 0.0013 | Val - MRR: 0.3631, MR:  160.10, H@1: 0.272, H@3: 0.397, H@10: 0.545 | Test - MRR: 0.3578 | *
[2026-04-03 07:22:28,910][root][INFO] - Epoch: 253 | Loss: 0.0014 | Val - MRR: 0.3619, MR:  156.38, H@1: 0.270, H@3: 0.397, H@10: 0.546 | 
[2026-04-03 07:24:38,604][root][INFO] - Epoch: 254 | Loss: 0.0013 | Val - MRR: 0.3637, MR:  157.40, H@1: 0.274, H@3: 0.396, H@10: 0.545 | Test - MRR: 0.3584 | *
[2026-04-03 07:26:34,021][root][INFO] - Epoch: 255 | Loss: 0.0013 | Val - MRR: 0.3635, MR:  155.73, H@1: 0.272, H@3: 0.398, H@10: 0.547 | 
[2026-04-03 07:28:29,624][root][INFO] - Epoch: 256 | Loss: 0.0013 | Val - MRR: 0.3629, MR:  158.98, H@1: 0.271, H@3: 0.398, H@10: 0.546 | 
[2026-04-03 07:30:23,526][root][INFO] - Epoch: 257 | Loss: 0.0013 | Val - MRR: 0.3612, MR:  161.40, H@1: 0.270, H@3: 0.396, H@10: 0.545 | 
[2026-04-03 07:32:19,445][root][INFO] - Epoch: 258 | Loss: 0.0013 | Val - MRR: 0.3620, MR:  158.62, H@1: 0.270, H@3: 0.396, H@10: 0.549 | 
[2026-04-03 07:34:13,982][root][INFO] - Epoch: 259 | Loss: 0.0013 | Val - MRR: 0.3622, MR:  158.17, H@1: 0.271, H@3: 0.397, H@10: 0.546 | 
[2026-04-03 07:36:08,012][root][INFO] - Epoch: 260 | Loss: 0.0013 | Val - MRR: 0.3636, MR:  157.94, H@1: 0.271, H@3: 0.398, H@10: 0.549 | 
[2026-04-03 07:38:20,931][root][INFO] - Epoch: 261 | Loss: 0.0013 | Val - MRR: 0.3618, MR:  158.84, H@1: 0.270, H@3: 0.396, H@10: 0.548 | Test - MRR: 0.3584 | *
[2026-04-03 07:40:32,267][root][INFO] - Epoch: 262 | Loss: 0.0013 | Val - MRR: 0.3617, MR:  158.81, H@1: 0.269, H@3: 0.397, H@10: 0.548 | Test - MRR: 0.3584 | *
[2026-04-03 07:42:26,173][root][INFO] - Epoch: 263 | Loss: 0.0013 | Val - MRR: 0.3610, MR:  158.66, H@1: 0.269, H@3: 0.396, H@10: 0.546 | 
[2026-04-03 07:44:38,859][root][INFO] - Epoch: 264 | Loss: 0.0013 | Val - MRR: 0.3635, MR:  159.77, H@1: 0.271, H@3: 0.399, H@10: 0.548 | Test - MRR: 0.3591 | *
[2026-04-03 07:46:33,106][root][INFO] - Epoch: 265 | Loss: 0.0013 | Val - MRR: 0.3635, MR:  158.18, H@1: 0.271, H@3: 0.399, H@10: 0.548 | 
[2026-04-03 07:48:46,169][root][INFO] - Epoch: 266 | Loss: 0.0013 | Val - MRR: 0.3644, MR:  158.85, H@1: 0.272, H@3: 0.400, H@10: 0.550 | Test - MRR: 0.3592 | *
[2026-04-03 07:50:56,261][root][INFO] - Epoch: 267 | Loss: 0.0013 | Val - MRR: 0.3645, MR:  158.91, H@1: 0.272, H@3: 0.401, H@10: 0.549 | Test - MRR: 0.3589 | *
[2026-04-03 07:52:51,660][root][INFO] - Epoch: 268 | Loss: 0.0013 | Val - MRR: 0.3625, MR:  159.33, H@1: 0.271, H@3: 0.397, H@10: 0.549 | 
[2026-04-03 07:54:45,948][root][INFO] - Epoch: 269 | Loss: 0.0013 | Val - MRR: 0.3624, MR:  162.49, H@1: 0.270, H@3: 0.399, H@10: 0.546 | 
[2026-04-03 07:56:41,015][root][INFO] - Epoch: 270 | Loss: 0.0013 | Val - MRR: 0.3639, MR:  159.69, H@1: 0.273, H@3: 0.399, H@10: 0.547 | 
[2026-04-03 07:58:34,769][root][INFO] - Epoch: 271 | Loss: 0.0013 | Val - MRR: 0.3632, MR:  157.49, H@1: 0.271, H@3: 0.398, H@10: 0.546 | 
[2026-04-03 08:00:28,900][root][INFO] - Epoch: 272 | Loss: 0.0013 | Val - MRR: 0.3632, MR:  157.92, H@1: 0.271, H@3: 0.397, H@10: 0.549 | 
[2026-04-03 08:02:22,992][root][INFO] - Epoch: 273 | Loss: 0.0013 | Val - MRR: 0.3635, MR:  160.28, H@1: 0.271, H@3: 0.399, H@10: 0.550 | 
[2026-04-03 08:04:17,923][root][INFO] - Epoch: 274 | Loss: 0.0013 | Val - MRR: 0.3635, MR:  159.95, H@1: 0.271, H@3: 0.398, H@10: 0.550 | 
[2026-04-03 08:06:14,469][root][INFO] - Epoch: 275 | Loss: 0.0013 | Val - MRR: 0.3634, MR:  157.62, H@1: 0.272, H@3: 0.397, H@10: 0.550 | 
[2026-04-03 08:08:07,493][root][INFO] - Epoch: 276 | Loss: 0.0013 | Val - MRR: 0.3640, MR:  158.08, H@1: 0.273, H@3: 0.398, H@10: 0.549 | 
[2026-04-03 08:10:02,219][root][INFO] - Epoch: 277 | Loss: 0.0013 | Val - MRR: 0.3631, MR:  159.46, H@1: 0.272, H@3: 0.397, H@10: 0.549 | 
[2026-04-03 08:11:58,724][root][INFO] - Epoch: 278 | Loss: 0.0013 | Val - MRR: 0.3618, MR:  160.96, H@1: 0.270, H@3: 0.395, H@10: 0.548 | 
[2026-04-03 08:13:54,826][root][INFO] - Epoch: 279 | Loss: 0.0013 | Val - MRR: 0.3624, MR:  161.65, H@1: 0.270, H@3: 0.398, H@10: 0.550 | 
[2026-04-03 08:15:49,704][root][INFO] - Epoch: 280 | Loss: 0.0013 | Val - MRR: 0.3624, MR:  164.11, H@1: 0.270, H@3: 0.397, H@10: 0.549 | 
[2026-04-03 08:17:45,535][root][INFO] - Epoch: 281 | Loss: 0.0013 | Val - MRR: 0.3629, MR:  160.06, H@1: 0.272, H@3: 0.396, H@10: 0.547 | 
[2026-04-03 08:19:41,444][root][INFO] - Epoch: 282 | Loss: 0.0013 | Val - MRR: 0.3627, MR:  159.96, H@1: 0.271, H@3: 0.395, H@10: 0.549 | 
[2026-04-03 08:21:37,149][root][INFO] - Epoch: 283 | Loss: 0.0013 | Val - MRR: 0.3618, MR:  156.85, H@1: 0.269, H@3: 0.396, H@10: 0.551 | 
[2026-04-03 08:23:32,649][root][INFO] - Epoch: 284 | Loss: 0.0013 | Val - MRR: 0.3617, MR:  159.61, H@1: 0.269, H@3: 0.397, H@10: 0.550 | 
[2026-04-03 08:25:26,778][root][INFO] - Epoch: 285 | Loss: 0.0013 | Val - MRR: 0.3623, MR:  161.65, H@1: 0.270, H@3: 0.396, H@10: 0.549 | 
[2026-04-03 08:27:21,991][root][INFO] - Epoch: 286 | Loss: 0.0013 | Val - MRR: 0.3626, MR:  158.98, H@1: 0.271, H@3: 0.395, H@10: 0.550 | 
[2026-04-03 08:29:15,261][root][INFO] - Epoch: 287 | Loss: 0.0013 | Val - MRR: 0.3618, MR:  163.98, H@1: 0.270, H@3: 0.395, H@10: 0.548 | 
[2026-04-03 08:31:11,057][root][INFO] - Epoch: 288 | Loss: 0.0013 | Val - MRR: 0.3611, MR:  159.83, H@1: 0.269, H@3: 0.394, H@10: 0.550 | 
[2026-04-03 08:33:05,754][root][INFO] - Epoch: 289 | Loss: 0.0013 | Val - MRR: 0.3615, MR:  159.96, H@1: 0.269, H@3: 0.395, H@10: 0.549 | 
[2026-04-03 08:35:01,024][root][INFO] - Epoch: 290 | Loss: 0.0013 | Val - MRR: 0.3626, MR:  161.15, H@1: 0.271, H@3: 0.396, H@10: 0.549 | 
[2026-04-03 08:36:54,664][root][INFO] - Epoch: 291 | Loss: 0.0013 | Val - MRR: 0.3637, MR:  160.00, H@1: 0.272, H@3: 0.399, H@10: 0.549 | 
[2026-04-03 08:38:48,512][root][INFO] - Epoch: 292 | Loss: 0.0013 | Val - MRR: 0.3632, MR:  160.28, H@1: 0.271, H@3: 0.398, H@10: 0.550 | 
[2026-04-03 08:40:41,623][root][INFO] - Epoch: 293 | Loss: 0.0013 | Val - MRR: 0.3635, MR:  162.43, H@1: 0.271, H@3: 0.398, H@10: 0.551 | 
[2026-04-03 08:42:36,825][root][INFO] - Epoch: 294 | Loss: 0.0013 | Val - MRR: 0.3633, MR:  160.86, H@1: 0.271, H@3: 0.397, H@10: 0.550 | 
[2026-04-03 08:44:31,191][root][INFO] - Epoch: 295 | Loss: 0.0013 | Val - MRR: 0.3619, MR:  160.55, H@1: 0.270, H@3: 0.396, H@10: 0.548 | 
[2026-04-03 08:46:25,019][root][INFO] - Epoch: 296 | Loss: 0.0013 | Val - MRR: 0.3626, MR:  160.79, H@1: 0.270, H@3: 0.398, H@10: 0.548 | 
[2026-04-03 08:48:20,595][root][INFO] - Epoch: 297 | Loss: 0.0013 | Val - MRR: 0.3629, MR:  161.95, H@1: 0.271, H@3: 0.396, H@10: 0.550 | 
[2026-04-03 08:50:15,872][root][INFO] - Epoch: 298 | Loss: 0.0013 | Val - MRR: 0.3624, MR:  161.85, H@1: 0.270, H@3: 0.397, H@10: 0.550 | 
[2026-04-03 08:52:10,741][root][INFO] - Epoch: 299 | Loss: 0.0013 | Val - MRR: 0.3631, MR:  164.51, H@1: 0.271, H@3: 0.397, H@10: 0.550 | 
[2026-04-03 08:54:04,703][root][INFO] - Epoch: 300 | Loss: 0.0013 | Val - MRR: 0.3630, MR:  162.88, H@1: 0.270, H@3: 0.398, H@10: 0.551 | 
[2026-04-03 08:56:01,451][root][INFO] - Epoch: 301 | Loss: 0.0013 | Val - MRR: 0.3627, MR:  162.07, H@1: 0.270, H@3: 0.398, H@10: 0.549 | 
[2026-04-03 08:57:56,957][root][INFO] - Epoch: 302 | Loss: 0.0013 | Val - MRR: 0.3625, MR:  161.75, H@1: 0.270, H@3: 0.397, H@10: 0.549 | 
[2026-04-03 08:59:50,714][root][INFO] - Epoch: 303 | Loss: 0.0013 | Val - MRR: 0.3625, MR:  160.42, H@1: 0.270, H@3: 0.397, H@10: 0.549 | 
[2026-04-03 08:59:50,715][root][INFO] - Long time no improvenment, stop training...
[2026-04-03 08:59:50,715][root][INFO] - Training end...
[2026-04-03 08:59:51,047][root][INFO] - ✅ 成功加载最优模型：/home/wangwei/DSGNet-main/DSGNet/model_checkpoints/best_model_FB15k_237_20260403_074828.torch
[2026-04-03 08:59:51,047][root][INFO] - 📌 最优模型来自Epoch：266，最优MRR：0.3592
[2026-04-03 08:59:51,048][root][INFO] - Train metrics ...
[2026-04-03 09:00:59,175][root][INFO] - Train (head) - MRR: 0.6147, MR:   11.52, H@1: 0.489, H@3: 0.696, H@10: 0.843
[2026-04-03 09:00:59,176][root][INFO] - Train (tail) - MRR: 0.7054, MR:    6.86, H@1: 0.594, H@3: 0.785, H@10: 0.904
[2026-04-03 09:00:59,176][root][INFO] - Train (avg) - MRR: 0.6601, MR:    9.19, H@1: 0.542, H@3: 0.740, H@10: 0.873

[2026-04-03 09:00:59,176][root][INFO] - Valid metrics ...
[2026-04-03 09:01:15,889][root][INFO] - Valid (head) - MRR: 0.2646, MR:  209.39, H@1: 0.174, H@3: 0.292, H@10: 0.448
[2026-04-03 09:01:15,890][root][INFO] - Valid (tail) - MRR: 0.4642, MR:  108.31, H@1: 0.370, H@3: 0.507, H@10: 0.651
[2026-04-03 09:01:15,890][root][INFO] - Valid (avg) - MRR: 0.3644, MR:  158.85, H@1: 0.272, H@3: 0.400, H@10: 0.550

[2026-04-03 09:01:15,890][root][INFO] - Test metrics...
[2026-04-03 09:01:32,368][root][INFO] - Test (head) - MRR: 0.2623, MR:  210.83, H@1: 0.171, H@3: 0.292, H@10: 0.445
[2026-04-03 09:01:32,369][root][INFO] - Test (tail) - MRR: 0.4562, MR:  119.44, H@1: 0.358, H@3: 0.503, H@10: 0.649
[2026-04-03 09:01:32,369][root][INFO] - Test (avg) - MRR: 0.3592, MR:  165.14, H@1: 0.264, H@3: 0.397, H@10: 0.547

[2026-04-03 09:01:32,369][root][INFO] - Model save path: /home/wangwei/DSGNet-main/DSGNet/data/output/FB15k_237/2026-04-02/22-27-43
