[2026-03-09 00:45:52,786][root][INFO] - 
------Config------
 {'dataset': 'FB15k_237', 'epoch': 600, 'batch_size': 1024, 'learning_rate': 0.00035, 'h_dim': 480, 'pred_rel_w': False, 'label_smooth': 0.1, 'n_heads': 8, 'topk': 15, 'kg_layer': 2, 'rm_rate': 0.5, 'ent_drop': 0.3, 'rel_drop': 0.1, 'comp_op': 'mul', 'bn': False, 'k_h': 16, 'k_w': 30, 'conv_drop': 0.3, 'ent_drop_pred': 0.3, 'fc_drop': 0.5, 'ker_sz': 8, 'out_channel': 200, 'device': 0, 'max_no_improve': 45, 'cpu_worker_num': 10, 'warmup_epoch': 5}
[2026-03-09 00:45:52,786][root][INFO] - Code dir path: /home/wangwei/DSGNet-main/DSGNet/code_new
[2026-03-09 00:45:52,786][root][INFO] - Config dir path: /home/wangwei/DSGNet-main/DSGNet/config
[2026-03-09 00:45:52,786][root][INFO] - Model save path: /home/wangwei/DSGNet-main/DSGNet/data/output/FB15k_237/2026-03-09/00-45-52
[2026-03-09 00:45:56,575][root][INFO] - kg # node: 14541
[2026-03-09 00:45:56,575][root][INFO] - kg # edge: 544230
[2026-03-09 00:45:56,575][root][INFO] - kg # zero deg node: 36
[2026-03-09 00:45:56,575][root][INFO] - ---Load Train Data---
[2026-03-09 00:45:58,983][root][INFO] - -----Model Parameter Configuration-----
[2026-03-09 00:45:58,983][root][INFO] - Parameter ent_emb: torch.Size([14541, 480]), require_grad = True
[2026-03-09 00:45:58,983][root][INFO] - Parameter pred_rel_emb: torch.Size([474, 480]), require_grad = True
[2026-03-09 00:45:58,983][root][INFO] - Parameter W_fuse: torch.Size([480, 480]), require_grad = True
[2026-03-09 00:45:58,983][root][INFO] - Parameter a_fuse: torch.Size([960, 1]), require_grad = True
[2026-03-09 00:45:58,983][root][INFO] - Parameter rel_embs.0: torch.Size([474, 480]), require_grad = True
[2026-03-09 00:45:58,983][root][INFO] - Parameter rel_embs.1: torch.Size([474, 480]), require_grad = True
[2026-03-09 00:45:58,983][root][INFO] - Parameter predictor.bn0.weight: torch.Size([1]), require_grad = True
[2026-03-09 00:45:58,983][root][INFO] - Parameter predictor.bn0.bias: torch.Size([1]), require_grad = True
[2026-03-09 00:45:58,983][root][INFO] - Parameter predictor.bn1.weight: torch.Size([200]), require_grad = True
[2026-03-09 00:45:58,983][root][INFO] - Parameter predictor.bn1.bias: torch.Size([200]), require_grad = True
[2026-03-09 00:45:58,984][root][INFO] - Parameter predictor.bn2.weight: torch.Size([480]), require_grad = True
[2026-03-09 00:45:58,984][root][INFO] - Parameter predictor.bn2.bias: torch.Size([480]), require_grad = True
[2026-03-09 00:45:58,984][root][INFO] - Parameter predictor.conv.weight: torch.Size([200, 1, 8, 8]), require_grad = True
[2026-03-09 00:45:58,984][root][INFO] - Parameter predictor.fc.weight: torch.Size([480, 115000]), require_grad = True
[2026-03-09 00:45:58,984][root][INFO] - Parameter L.weight: torch.Size([480, 480]), require_grad = True
[2026-03-09 00:45:58,984][root][INFO] - Parameter L.bias: torch.Size([480]), require_grad = True
[2026-03-09 00:45:58,984][root][INFO] - Parameter S.weight: torch.Size([480, 480]), require_grad = True
[2026-03-09 00:45:58,984][root][INFO] - Parameter S.bias: torch.Size([480]), require_grad = True
[2026-03-09 00:45:58,984][root][INFO] - Parameter comp_layers.0.neigh_w: torch.Size([480, 480]), require_grad = True
[2026-03-09 00:45:58,984][root][INFO] - Parameter comp_layers.0.W.0: torch.Size([480, 60]), require_grad = True
[2026-03-09 00:45:58,984][root][INFO] - Parameter comp_layers.0.W.1: torch.Size([480, 60]), require_grad = True
[2026-03-09 00:45:58,984][root][INFO] - Parameter comp_layers.0.W.2: torch.Size([480, 60]), require_grad = True
[2026-03-09 00:45:58,984][root][INFO] - Parameter comp_layers.0.W.3: torch.Size([480, 60]), require_grad = True
[2026-03-09 00:45:58,984][root][INFO] - Parameter comp_layers.0.W.4: torch.Size([480, 60]), require_grad = True
[2026-03-09 00:45:58,984][root][INFO] - Parameter comp_layers.0.W.5: torch.Size([480, 60]), require_grad = True
[2026-03-09 00:45:58,984][root][INFO] - Parameter comp_layers.0.W.6: torch.Size([480, 60]), require_grad = True
[2026-03-09 00:45:58,984][root][INFO] - Parameter comp_layers.0.W.7: torch.Size([480, 60]), require_grad = True
[2026-03-09 00:45:58,984][root][INFO] - Parameter comp_layers.0.W_r.0: torch.Size([480, 60]), require_grad = True
[2026-03-09 00:45:58,984][root][INFO] - Parameter comp_layers.0.W_r.1: torch.Size([480, 60]), require_grad = True
[2026-03-09 00:45:58,984][root][INFO] - Parameter comp_layers.0.W_r.2: torch.Size([480, 60]), require_grad = True
[2026-03-09 00:45:58,984][root][INFO] - Parameter comp_layers.0.W_r.3: torch.Size([480, 60]), require_grad = True
[2026-03-09 00:45:58,984][root][INFO] - Parameter comp_layers.0.W_r.4: torch.Size([480, 60]), require_grad = True
[2026-03-09 00:45:58,984][root][INFO] - Parameter comp_layers.0.W_r.5: torch.Size([480, 60]), require_grad = True
[2026-03-09 00:45:58,984][root][INFO] - Parameter comp_layers.0.W_r.6: torch.Size([480, 60]), require_grad = True
[2026-03-09 00:45:58,985][root][INFO] - Parameter comp_layers.0.W_r.7: torch.Size([480, 60]), require_grad = True
[2026-03-09 00:45:58,985][root][INFO] - Parameter comp_layers.0.a.0: torch.Size([180, 1]), require_grad = True
[2026-03-09 00:45:58,985][root][INFO] - Parameter comp_layers.0.a.1: torch.Size([180, 1]), require_grad = True
[2026-03-09 00:45:58,985][root][INFO] - Parameter comp_layers.0.a.2: torch.Size([180, 1]), require_grad = True
[2026-03-09 00:45:58,985][root][INFO] - Parameter comp_layers.0.a.3: torch.Size([180, 1]), require_grad = True
[2026-03-09 00:45:58,985][root][INFO] - Parameter comp_layers.0.a.4: torch.Size([180, 1]), require_grad = True
[2026-03-09 00:45:58,985][root][INFO] - Parameter comp_layers.0.a.5: torch.Size([180, 1]), require_grad = True
[2026-03-09 00:45:58,985][root][INFO] - Parameter comp_layers.0.a.6: torch.Size([180, 1]), require_grad = True
[2026-03-09 00:45:58,985][root][INFO] - Parameter comp_layers.0.a.7: torch.Size([180, 1]), require_grad = True
[2026-03-09 00:45:58,985][root][INFO] - Parameter comp_layers.1.neigh_w: torch.Size([480, 480]), require_grad = True
[2026-03-09 00:45:58,985][root][INFO] - Parameter comp_layers.1.W.0: torch.Size([480, 60]), require_grad = True
[2026-03-09 00:45:58,985][root][INFO] - Parameter comp_layers.1.W.1: torch.Size([480, 60]), require_grad = True
[2026-03-09 00:45:58,985][root][INFO] - Parameter comp_layers.1.W.2: torch.Size([480, 60]), require_grad = True
[2026-03-09 00:45:58,985][root][INFO] - Parameter comp_layers.1.W.3: torch.Size([480, 60]), require_grad = True
[2026-03-09 00:45:58,985][root][INFO] - Parameter comp_layers.1.W.4: torch.Size([480, 60]), require_grad = True
[2026-03-09 00:45:58,985][root][INFO] - Parameter comp_layers.1.W.5: torch.Size([480, 60]), require_grad = True
[2026-03-09 00:45:58,985][root][INFO] - Parameter comp_layers.1.W.6: torch.Size([480, 60]), require_grad = True
[2026-03-09 00:45:58,985][root][INFO] - Parameter comp_layers.1.W.7: torch.Size([480, 60]), require_grad = True
[2026-03-09 00:45:58,985][root][INFO] - Parameter comp_layers.1.W_r.0: torch.Size([480, 60]), require_grad = True
[2026-03-09 00:45:58,985][root][INFO] - Parameter comp_layers.1.W_r.1: torch.Size([480, 60]), require_grad = True
[2026-03-09 00:45:58,985][root][INFO] - Parameter comp_layers.1.W_r.2: torch.Size([480, 60]), require_grad = True
[2026-03-09 00:45:58,985][root][INFO] - Parameter comp_layers.1.W_r.3: torch.Size([480, 60]), require_grad = True
[2026-03-09 00:45:58,985][root][INFO] - Parameter comp_layers.1.W_r.4: torch.Size([480, 60]), require_grad = True
[2026-03-09 00:45:58,985][root][INFO] - Parameter comp_layers.1.W_r.5: torch.Size([480, 60]), require_grad = True
[2026-03-09 00:45:58,985][root][INFO] - Parameter comp_layers.1.W_r.6: torch.Size([480, 60]), require_grad = True
[2026-03-09 00:45:58,985][root][INFO] - Parameter comp_layers.1.W_r.7: torch.Size([480, 60]), require_grad = True
[2026-03-09 00:45:58,986][root][INFO] - Parameter comp_layers.1.a.0: torch.Size([180, 1]), require_grad = True
[2026-03-09 00:45:58,986][root][INFO] - Parameter comp_layers.1.a.1: torch.Size([180, 1]), require_grad = True
[2026-03-09 00:45:58,986][root][INFO] - Parameter comp_layers.1.a.2: torch.Size([180, 1]), require_grad = True
[2026-03-09 00:45:58,986][root][INFO] - Parameter comp_layers.1.a.3: torch.Size([180, 1]), require_grad = True
[2026-03-09 00:45:58,986][root][INFO] - Parameter comp_layers.1.a.4: torch.Size([180, 1]), require_grad = True
[2026-03-09 00:45:58,986][root][INFO] - Parameter comp_layers.1.a.5: torch.Size([180, 1]), require_grad = True
[2026-03-09 00:45:58,986][root][INFO] - Parameter comp_layers.1.a.6: torch.Size([180, 1]), require_grad = True
[2026-03-09 00:45:58,986][root][INFO] - Parameter comp_layers.1.a.7: torch.Size([180, 1]), require_grad = True
[2026-03-09 00:45:59,887][root][INFO] - Training... total epoch: 600, step: 88200
[2026-03-09 00:47:39,786][root][INFO] - Epoch:   0 | Loss: 0.6231 | Val - MRR: 0.0193, MR: 6286.88, H@1: 0.010, H@3: 0.019, H@10: 0.037 | Test - MRR: 0.0189 | *
[2026-03-09 00:49:20,306][root][INFO] - Epoch:   1 | Loss: 0.2587 | Val - MRR: 0.0252, MR: 6012.00, H@1: 0.010, H@3: 0.028, H@10: 0.053 | Test - MRR: 0.0246 | *
[2026-03-09 00:50:59,557][root][INFO] - Epoch:   2 | Loss: 0.0789 | Val - MRR: 0.0261, MR: 5796.78, H@1: 0.010, H@3: 0.031, H@10: 0.053 | Test - MRR: 0.0255 | *
[2026-03-09 00:52:40,295][root][INFO] - Epoch:   3 | Loss: 0.0311 | Val - MRR: 0.0288, MR: 5559.43, H@1: 0.010, H@3: 0.033, H@10: 0.053 | Test - MRR: 0.0282 | *
[2026-03-09 00:54:18,617][root][INFO] - Epoch:   4 | Loss: 0.0158 | Val - MRR: 0.0288, MR: 5311.15, H@1: 0.010, H@3: 0.033, H@10: 0.054 | Test - MRR: 0.0283 | *
[2026-03-09 00:55:56,550][root][INFO] - Epoch:   5 | Loss: 0.0097 | Val - MRR: 0.0292, MR: 5021.70, H@1: 0.010, H@3: 0.034, H@10: 0.057 | Test - MRR: 0.0289 | *
[2026-03-09 00:57:35,991][root][INFO] - Epoch:   6 | Loss: 0.0070 | Val - MRR: 0.0312, MR: 4771.25, H@1: 0.010, H@3: 0.038, H@10: 0.062 | Test - MRR: 0.0308 | *
[2026-03-09 00:59:14,780][root][INFO] - Epoch:   7 | Loss: 0.0056 | Val - MRR: 0.0326, MR: 4542.29, H@1: 0.010, H@3: 0.044, H@10: 0.064 | Test - MRR: 0.0323 | *
[2026-03-09 01:00:54,828][root][INFO] - Epoch:   8 | Loss: 0.0047 | Val - MRR: 0.0377, MR: 4342.78, H@1: 0.018, H@3: 0.047, H@10: 0.066 | Test - MRR: 0.0378 | *
[2026-03-09 01:02:32,635][root][INFO] - Epoch:   9 | Loss: 0.0042 | Val - MRR: 0.0406, MR: 4161.92, H@1: 0.019, H@3: 0.058, H@10: 0.069 | Test - MRR: 0.0405 | *
[2026-03-09 01:04:12,378][root][INFO] - Epoch:  10 | Loss: 0.0038 | Val - MRR: 0.0448, MR: 4005.08, H@1: 0.025, H@3: 0.059, H@10: 0.075 | Test - MRR: 0.0448 | *
[2026-03-09 01:05:51,928][root][INFO] - Epoch:  11 | Loss: 0.0035 | Val - MRR: 0.0476, MR: 3859.18, H@1: 0.026, H@3: 0.059, H@10: 0.078 | Test - MRR: 0.0478 | *
[2026-03-09 01:07:32,064][root][INFO] - Epoch:  12 | Loss: 0.0033 | Val - MRR: 0.0507, MR: 3733.52, H@1: 0.029, H@3: 0.062, H@10: 0.088 | Test - MRR: 0.0512 | *
[2026-03-09 01:09:11,975][root][INFO] - Epoch:  13 | Loss: 0.0032 | Val - MRR: 0.0590, MR: 3614.77, H@1: 0.033, H@3: 0.072, H@10: 0.093 | Test - MRR: 0.0594 | *
[2026-03-09 01:10:50,775][root][INFO] - Epoch:  14 | Loss: 0.0030 | Val - MRR: 0.0627, MR: 3511.18, H@1: 0.034, H@3: 0.074, H@10: 0.095 | Test - MRR: 0.0626 | *
[2026-03-09 01:12:32,274][root][INFO] - Epoch:  15 | Loss: 0.0030 | Val - MRR: 0.0729, MR: 3415.29, H@1: 0.049, H@3: 0.077, H@10: 0.106 | Test - MRR: 0.0723 | *
[2026-03-09 01:14:11,579][root][INFO] - Epoch:  16 | Loss: 0.0029 | Val - MRR: 0.0852, MR: 3326.72, H@1: 0.068, H@3: 0.079, H@10: 0.118 | Test - MRR: 0.0838 | *
[2026-03-09 01:15:49,597][root][INFO] - Epoch:  17 | Loss: 0.0028 | Val - MRR: 0.0920, MR: 3251.77, H@1: 0.074, H@3: 0.086, H@10: 0.128 | Test - MRR: 0.0902 | *
[2026-03-09 01:17:29,763][root][INFO] - Epoch:  18 | Loss: 0.0028 | Val - MRR: 0.1008, MR: 3173.85, H@1: 0.080, H@3: 0.101, H@10: 0.146 | Test - MRR: 0.0991 | *
[2026-03-09 01:19:08,390][root][INFO] - Epoch:  19 | Loss: 0.0027 | Val - MRR: 0.1093, MR: 3108.42, H@1: 0.084, H@3: 0.116, H@10: 0.155 | Test - MRR: 0.1085 | *
[2026-03-09 01:20:47,742][root][INFO] - Epoch:  20 | Loss: 0.0026 | Val - MRR: 0.1193, MR: 3031.79, H@1: 0.093, H@3: 0.126, H@10: 0.163 | Test - MRR: 0.1183 | *
[2026-03-09 01:22:28,191][root][INFO] - Epoch:  21 | Loss: 0.0026 | Val - MRR: 0.1297, MR: 2963.20, H@1: 0.105, H@3: 0.133, H@10: 0.172 | Test - MRR: 0.1286 | *
[2026-03-09 01:24:06,173][root][INFO] - Epoch:  22 | Loss: 0.0026 | Val - MRR: 0.1367, MR: 2900.43, H@1: 0.111, H@3: 0.142, H@10: 0.182 | Test - MRR: 0.1360 | *
[2026-03-09 01:25:44,598][root][INFO] - Epoch:  23 | Loss: 0.0025 | Val - MRR: 0.1411, MR: 2840.82, H@1: 0.112, H@3: 0.148, H@10: 0.198 | Test - MRR: 0.1407 | *
[2026-03-09 01:27:25,249][root][INFO] - Epoch:  24 | Loss: 0.0025 | Val - MRR: 0.1494, MR: 2778.92, H@1: 0.119, H@3: 0.157, H@10: 0.209 | Test - MRR: 0.1489 | *
[2026-03-09 01:29:04,510][root][INFO] - Epoch:  25 | Loss: 0.0025 | Val - MRR: 0.1552, MR: 2721.02, H@1: 0.123, H@3: 0.165, H@10: 0.216 | Test - MRR: 0.1543 | *
[2026-03-09 01:30:42,674][root][INFO] - Epoch:  26 | Loss: 0.0024 | Val - MRR: 0.1613, MR: 2650.18, H@1: 0.128, H@3: 0.172, H@10: 0.225 | Test - MRR: 0.1611 | *
[2026-03-09 01:32:22,294][root][INFO] - Epoch:  27 | Loss: 0.0024 | Val - MRR: 0.1647, MR: 2594.33, H@1: 0.128, H@3: 0.176, H@10: 0.234 | Test - MRR: 0.1645 | *
[2026-03-09 01:34:02,137][root][INFO] - Epoch:  28 | Loss: 0.0024 | Val - MRR: 0.1711, MR: 2527.14, H@1: 0.134, H@3: 0.184, H@10: 0.241 | Test - MRR: 0.1706 | *
[2026-03-09 01:35:40,574][root][INFO] - Epoch:  29 | Loss: 0.0024 | Val - MRR: 0.1747, MR: 2455.48, H@1: 0.135, H@3: 0.191, H@10: 0.251 | Test - MRR: 0.1747 | *
[2026-03-09 01:37:19,563][root][INFO] - Epoch:  30 | Loss: 0.0024 | Val - MRR: 0.1820, MR: 2386.29, H@1: 0.142, H@3: 0.196, H@10: 0.259 | Test - MRR: 0.1817 | *
[2026-03-09 01:38:58,897][root][INFO] - Epoch:  31 | Loss: 0.0023 | Val - MRR: 0.1872, MR: 2311.90, H@1: 0.145, H@3: 0.202, H@10: 0.269 | Test - MRR: 0.1862 | *
[2026-03-09 01:40:38,515][root][INFO] - Epoch:  32 | Loss: 0.0023 | Val - MRR: 0.1925, MR: 2235.27, H@1: 0.148, H@3: 0.206, H@10: 0.279 | Test - MRR: 0.1919 | *
[2026-03-09 01:42:18,339][root][INFO] - Epoch:  33 | Loss: 0.0023 | Val - MRR: 0.1961, MR: 2156.93, H@1: 0.149, H@3: 0.214, H@10: 0.286 | Test - MRR: 0.1950 | *
[2026-03-09 01:43:57,895][root][INFO] - Epoch:  34 | Loss: 0.0023 | Val - MRR: 0.2000, MR: 2088.43, H@1: 0.152, H@3: 0.218, H@10: 0.294 | Test - MRR: 0.1990 | *
[2026-03-09 01:45:35,958][root][INFO] - Epoch:  35 | Loss: 0.0022 | Val - MRR: 0.2043, MR: 1999.32, H@1: 0.155, H@3: 0.223, H@10: 0.300 | Test - MRR: 0.2029 | *
[2026-03-09 01:47:14,478][root][INFO] - Epoch:  36 | Loss: 0.0022 | Val - MRR: 0.2075, MR: 1905.00, H@1: 0.157, H@3: 0.225, H@10: 0.307 | Test - MRR: 0.2060 | *
[2026-03-09 01:48:54,586][root][INFO] - Epoch:  37 | Loss: 0.0022 | Val - MRR: 0.2111, MR: 1796.60, H@1: 0.159, H@3: 0.229, H@10: 0.312 | Test - MRR: 0.2092 | *
[2026-03-09 01:50:33,671][root][INFO] - Epoch:  38 | Loss: 0.0022 | Val - MRR: 0.2126, MR: 1713.01, H@1: 0.159, H@3: 0.231, H@10: 0.316 | Test - MRR: 0.2106 | *
[2026-03-09 01:52:13,494][root][INFO] - Epoch:  39 | Loss: 0.0022 | Val - MRR: 0.2158, MR: 1611.15, H@1: 0.162, H@3: 0.235, H@10: 0.320 | Test - MRR: 0.2136 | *
[2026-03-09 01:53:52,663][root][INFO] - Epoch:  40 | Loss: 0.0022 | Val - MRR: 0.2167, MR: 1529.67, H@1: 0.161, H@3: 0.237, H@10: 0.325 | Test - MRR: 0.2148 | *
[2026-03-09 01:55:32,675][root][INFO] - Epoch:  41 | Loss: 0.0021 | Val - MRR: 0.2190, MR: 1433.30, H@1: 0.163, H@3: 0.239, H@10: 0.328 | Test - MRR: 0.2174 | *
[2026-03-09 01:57:12,414][root][INFO] - Epoch:  42 | Loss: 0.0021 | Val - MRR: 0.2209, MR: 1349.57, H@1: 0.164, H@3: 0.241, H@10: 0.331 | Test - MRR: 0.2189 | *
[2026-03-09 01:58:51,664][root][INFO] - Epoch:  43 | Loss: 0.0021 | Val - MRR: 0.2223, MR: 1287.99, H@1: 0.165, H@3: 0.242, H@10: 0.334 | Test - MRR: 0.2207 | *
[2026-03-09 02:00:31,488][root][INFO] - Epoch:  44 | Loss: 0.0021 | Val - MRR: 0.2239, MR: 1212.19, H@1: 0.166, H@3: 0.242, H@10: 0.336 | Test - MRR: 0.2217 | *
[2026-03-09 02:02:10,665][root][INFO] - Epoch:  45 | Loss: 0.0021 | Val - MRR: 0.2249, MR: 1145.69, H@1: 0.166, H@3: 0.245, H@10: 0.339 | Test - MRR: 0.2229 | *
[2026-03-09 02:03:50,776][root][INFO] - Epoch:  46 | Loss: 0.0021 | Val - MRR: 0.2269, MR: 1064.79, H@1: 0.168, H@3: 0.246, H@10: 0.343 | Test - MRR: 0.2249 | *
[2026-03-09 02:05:30,065][root][INFO] - Epoch:  47 | Loss: 0.0020 | Val - MRR: 0.2281, MR:  994.04, H@1: 0.168, H@3: 0.247, H@10: 0.346 | Test - MRR: 0.2262 | *
[2026-03-09 02:06:54,453][root][INFO] - Epoch:  48 | Loss: 0.0020 | Val - MRR: 0.2272, MR:  920.10, H@1: 0.165, H@3: 0.249, H@10: 0.348 | 
[2026-03-09 02:08:31,883][root][INFO] - Epoch:  49 | Loss: 0.0020 | Val - MRR: 0.2301, MR:  867.18, H@1: 0.168, H@3: 0.252, H@10: 0.350 | Test - MRR: 0.2285 | *
[2026-03-09 02:10:12,226][root][INFO] - Epoch:  50 | Loss: 0.0020 | Val - MRR: 0.2313, MR:  809.05, H@1: 0.170, H@3: 0.251, H@10: 0.351 | Test - MRR: 0.2306 | *
[2026-03-09 02:11:50,246][root][INFO] - Epoch:  51 | Loss: 0.0020 | Val - MRR: 0.2325, MR:  756.36, H@1: 0.171, H@3: 0.252, H@10: 0.353 | Test - MRR: 0.2310 | *
[2026-03-09 02:13:28,481][root][INFO] - Epoch:  52 | Loss: 0.0020 | Val - MRR: 0.2334, MR:  708.74, H@1: 0.171, H@3: 0.254, H@10: 0.353 | Test - MRR: 0.2323 | *
[2026-03-09 02:15:07,595][root][INFO] - Epoch:  53 | Loss: 0.0020 | Val - MRR: 0.2342, MR:  665.59, H@1: 0.171, H@3: 0.254, H@10: 0.357 | Test - MRR: 0.2329 | *
[2026-03-09 02:16:47,641][root][INFO] - Epoch:  54 | Loss: 0.0019 | Val - MRR: 0.2366, MR:  633.25, H@1: 0.174, H@3: 0.256, H@10: 0.359 | Test - MRR: 0.2354 | *
[2026-03-09 02:18:10,895][root][INFO] - Epoch:  55 | Loss: 0.0019 | Val - MRR: 0.2359, MR:  594.64, H@1: 0.172, H@3: 0.256, H@10: 0.361 | 
[2026-03-09 02:19:50,000][root][INFO] - Epoch:  56 | Loss: 0.0019 | Val - MRR: 0.2390, MR:  560.56, H@1: 0.176, H@3: 0.257, H@10: 0.362 | Test - MRR: 0.2373 | *
[2026-03-09 02:21:13,046][root][INFO] - Epoch:  57 | Loss: 0.0019 | Val - MRR: 0.2389, MR:  529.44, H@1: 0.174, H@3: 0.259, H@10: 0.363 | 
[2026-03-09 02:22:53,923][root][INFO] - Epoch:  58 | Loss: 0.0019 | Val - MRR: 0.2411, MR:  506.36, H@1: 0.177, H@3: 0.261, H@10: 0.367 | Test - MRR: 0.2392 | *
[2026-03-09 02:24:31,907][root][INFO] - Epoch:  59 | Loss: 0.0019 | Val - MRR: 0.2417, MR:  482.09, H@1: 0.177, H@3: 0.260, H@10: 0.367 | Test - MRR: 0.2395 | *
[2026-03-09 02:26:11,371][root][INFO] - Epoch:  60 | Loss: 0.0019 | Val - MRR: 0.2426, MR:  455.75, H@1: 0.177, H@3: 0.264, H@10: 0.369 | Test - MRR: 0.2410 | *
[2026-03-09 02:27:50,659][root][INFO] - Epoch:  61 | Loss: 0.0019 | Val - MRR: 0.2429, MR:  441.15, H@1: 0.176, H@3: 0.265, H@10: 0.372 | Test - MRR: 0.2424 | *
[2026-03-09 02:29:30,498][root][INFO] - Epoch:  62 | Loss: 0.0019 | Val - MRR: 0.2452, MR:  425.34, H@1: 0.178, H@3: 0.266, H@10: 0.376 | Test - MRR: 0.2443 | *
[2026-03-09 02:31:13,627][root][INFO] - Epoch:  63 | Loss: 0.0018 | Val - MRR: 0.2461, MR:  413.66, H@1: 0.178, H@3: 0.269, H@10: 0.378 | Test - MRR: 0.2450 | *
[2026-03-09 02:32:54,737][root][INFO] - Epoch:  64 | Loss: 0.0018 | Val - MRR: 0.2465, MR:  400.10, H@1: 0.179, H@3: 0.268, H@10: 0.380 | Test - MRR: 0.2453 | *
[2026-03-09 02:34:34,204][root][INFO] - Epoch:  65 | Loss: 0.0018 | Val - MRR: 0.2490, MR:  388.21, H@1: 0.181, H@3: 0.270, H@10: 0.382 | Test - MRR: 0.2479 | *
[2026-03-09 02:35:57,665][root][INFO] - Epoch:  66 | Loss: 0.0018 | Val - MRR: 0.2485, MR:  379.99, H@1: 0.179, H@3: 0.271, H@10: 0.382 | 
[2026-03-09 02:37:37,132][root][INFO] - Epoch:  67 | Loss: 0.0018 | Val - MRR: 0.2496, MR:  374.87, H@1: 0.181, H@3: 0.272, H@10: 0.384 | Test - MRR: 0.2488 | *
[2026-03-09 02:39:18,521][root][INFO] - Epoch:  68 | Loss: 0.0018 | Val - MRR: 0.2513, MR:  373.41, H@1: 0.183, H@3: 0.274, H@10: 0.385 | Test - MRR: 0.2499 | *
[2026-03-09 02:41:03,171][root][INFO] - Epoch:  69 | Loss: 0.0018 | Val - MRR: 0.2520, MR:  370.20, H@1: 0.183, H@3: 0.273, H@10: 0.386 | Test - MRR: 0.2507 | *
[2026-03-09 02:42:42,210][root][INFO] - Epoch:  70 | Loss: 0.0018 | Val - MRR: 0.2532, MR:  368.38, H@1: 0.183, H@3: 0.277, H@10: 0.387 | Test - MRR: 0.2515 | *
[2026-03-09 02:44:20,522][root][INFO] - Epoch:  71 | Loss: 0.0018 | Val - MRR: 0.2546, MR:  360.03, H@1: 0.185, H@3: 0.277, H@10: 0.389 | Test - MRR: 0.2523 | *
[2026-03-09 02:46:12,806][root][INFO] - Epoch:  72 | Loss: 0.0018 | Val - MRR: 0.2551, MR:  354.71, H@1: 0.185, H@3: 0.278, H@10: 0.392 | Test - MRR: 0.2535 | *
[2026-03-09 02:47:53,165][root][INFO] - Epoch:  73 | Loss: 0.0018 | Val - MRR: 0.2561, MR:  343.12, H@1: 0.186, H@3: 0.279, H@10: 0.392 | Test - MRR: 0.2539 | *
[2026-03-09 02:49:31,385][root][INFO] - Epoch:  74 | Loss: 0.0018 | Val - MRR: 0.2565, MR:  336.13, H@1: 0.185, H@3: 0.282, H@10: 0.395 | Test - MRR: 0.2546 | *
[2026-03-09 02:51:10,250][root][INFO] - Epoch:  75 | Loss: 0.0018 | Val - MRR: 0.2578, MR:  336.46, H@1: 0.187, H@3: 0.281, H@10: 0.395 | Test - MRR: 0.2567 | *
[2026-03-09 02:52:49,258][root][INFO] - Epoch:  76 | Loss: 0.0018 | Val - MRR: 0.2590, MR:  326.57, H@1: 0.188, H@3: 0.282, H@10: 0.398 | Test - MRR: 0.2575 | *
[2026-03-09 02:54:29,620][root][INFO] - Epoch:  77 | Loss: 0.0018 | Val - MRR: 0.2602, MR:  322.66, H@1: 0.188, H@3: 0.284, H@10: 0.400 | Test - MRR: 0.2585 | *
[2026-03-09 02:56:09,127][root][INFO] - Epoch:  78 | Loss: 0.0018 | Val - MRR: 0.2609, MR:  318.69, H@1: 0.190, H@3: 0.283, H@10: 0.400 | Test - MRR: 0.2589 | *
[2026-03-09 02:57:48,172][root][INFO] - Epoch:  79 | Loss: 0.0018 | Val - MRR: 0.2625, MR:  313.41, H@1: 0.191, H@3: 0.286, H@10: 0.403 | Test - MRR: 0.2601 | *
[2026-03-09 02:59:27,659][root][INFO] - Epoch:  80 | Loss: 0.0018 | Val - MRR: 0.2636, MR:  318.12, H@1: 0.192, H@3: 0.287, H@10: 0.405 | Test - MRR: 0.2618 | *
[2026-03-09 03:01:07,296][root][INFO] - Epoch:  81 | Loss: 0.0017 | Val - MRR: 0.2657, MR:  311.42, H@1: 0.193, H@3: 0.289, H@10: 0.408 | Test - MRR: 0.2630 | *
[2026-03-09 03:02:46,960][root][INFO] - Epoch:  82 | Loss: 0.0017 | Val - MRR: 0.2659, MR:  307.33, H@1: 0.194, H@3: 0.287, H@10: 0.409 | Test - MRR: 0.2643 | *
[2026-03-09 03:04:25,697][root][INFO] - Epoch:  83 | Loss: 0.0017 | Val - MRR: 0.2676, MR:  298.68, H@1: 0.194, H@3: 0.292, H@10: 0.411 | Test - MRR: 0.2646 | *
[2026-03-09 03:06:04,577][root][INFO] - Epoch:  84 | Loss: 0.0017 | Val - MRR: 0.2683, MR:  299.70, H@1: 0.196, H@3: 0.292, H@10: 0.412 | Test - MRR: 0.2663 | *
[2026-03-09 03:07:45,328][root][INFO] - Epoch:  85 | Loss: 0.0017 | Val - MRR: 0.2702, MR:  294.83, H@1: 0.198, H@3: 0.293, H@10: 0.414 | Test - MRR: 0.2670 | *
[2026-03-09 03:10:42,658][root][INFO] - Epoch:  86 | Loss: 0.0017 | Val - MRR: 0.2716, MR:  291.04, H@1: 0.198, H@3: 0.295, H@10: 0.417 | Test - MRR: 0.2685 | *
[2026-03-09 03:13:47,108][root][INFO] - Epoch:  87 | Loss: 0.0017 | Val - MRR: 0.2731, MR:  299.99, H@1: 0.200, H@3: 0.297, H@10: 0.417 | Test - MRR: 0.2700 | *
[2026-03-09 03:17:08,762][root][INFO] - Epoch:  88 | Loss: 0.0017 | Val - MRR: 0.2739, MR:  288.86, H@1: 0.201, H@3: 0.297, H@10: 0.418 | Test - MRR: 0.2713 | *
[2026-03-09 03:20:33,429][root][INFO] - Epoch:  89 | Loss: 0.0017 | Val - MRR: 0.2756, MR:  285.21, H@1: 0.202, H@3: 0.298, H@10: 0.422 | Test - MRR: 0.2722 | *
[2026-03-09 03:23:58,558][root][INFO] - Epoch:  90 | Loss: 0.0017 | Val - MRR: 0.2759, MR:  284.62, H@1: 0.201, H@3: 0.301, H@10: 0.424 | Test - MRR: 0.2734 | *
[2026-03-09 03:27:20,497][root][INFO] - Epoch:  91 | Loss: 0.0017 | Val - MRR: 0.2782, MR:  286.44, H@1: 0.204, H@3: 0.301, H@10: 0.425 | Test - MRR: 0.2747 | *
[2026-03-09 03:30:25,423][root][INFO] - Epoch:  92 | Loss: 0.0017 | Val - MRR: 0.2775, MR:  281.25, H@1: 0.203, H@3: 0.302, H@10: 0.426 | 
[2026-03-09 03:33:50,269][root][INFO] - Epoch:  93 | Loss: 0.0017 | Val - MRR: 0.2799, MR:  275.91, H@1: 0.205, H@3: 0.303, H@10: 0.428 | Test - MRR: 0.2765 | *
[2026-03-09 03:36:49,097][root][INFO] - Epoch:  94 | Loss: 0.0017 | Val - MRR: 0.2809, MR:  274.23, H@1: 0.207, H@3: 0.304, H@10: 0.428 | Test - MRR: 0.2772 | *
[2026-03-09 03:38:33,503][root][INFO] - Epoch:  95 | Loss: 0.0017 | Val - MRR: 0.2825, MR:  274.72, H@1: 0.208, H@3: 0.305, H@10: 0.430 | Test - MRR: 0.2791 | *
[2026-03-09 03:40:15,383][root][INFO] - Epoch:  96 | Loss: 0.0017 | Val - MRR: 0.2826, MR:  278.40, H@1: 0.207, H@3: 0.307, H@10: 0.432 | Test - MRR: 0.2802 | *
[2026-03-09 03:41:57,818][root][INFO] - Epoch:  97 | Loss: 0.0017 | Val - MRR: 0.2841, MR:  270.12, H@1: 0.209, H@3: 0.308, H@10: 0.433 | Test - MRR: 0.2819 | *
[2026-03-09 03:43:37,553][root][INFO] - Epoch:  98 | Loss: 0.0017 | Val - MRR: 0.2852, MR:  270.94, H@1: 0.210, H@3: 0.309, H@10: 0.435 | Test - MRR: 0.2818 | *
[2026-03-09 03:45:18,008][root][INFO] - Epoch:  99 | Loss: 0.0017 | Val - MRR: 0.2860, MR:  270.03, H@1: 0.211, H@3: 0.309, H@10: 0.436 | Test - MRR: 0.2839 | *
[2026-03-09 03:46:58,116][root][INFO] - Epoch: 100 | Loss: 0.0017 | Val - MRR: 0.2874, MR:  270.64, H@1: 0.212, H@3: 0.311, H@10: 0.436 | Test - MRR: 0.2835 | *
[2026-03-09 03:48:21,525][root][INFO] - Epoch: 101 | Loss: 0.0017 | Val - MRR: 0.2873, MR:  270.07, H@1: 0.211, H@3: 0.311, H@10: 0.438 | 
[2026-03-09 03:50:00,634][root][INFO] - Epoch: 102 | Loss: 0.0017 | Val - MRR: 0.2878, MR:  265.94, H@1: 0.212, H@3: 0.312, H@10: 0.439 | Test - MRR: 0.2852 | *
[2026-03-09 03:51:39,701][root][INFO] - Epoch: 103 | Loss: 0.0017 | Val - MRR: 0.2887, MR:  264.32, H@1: 0.212, H@3: 0.314, H@10: 0.440 | Test - MRR: 0.2858 | *
[2026-03-09 03:53:19,140][root][INFO] - Epoch: 104 | Loss: 0.0017 | Val - MRR: 0.2895, MR:  263.62, H@1: 0.213, H@3: 0.314, H@10: 0.440 | Test - MRR: 0.2860 | *
[2026-03-09 03:54:58,128][root][INFO] - Epoch: 105 | Loss: 0.0017 | Val - MRR: 0.2895, MR:  260.35, H@1: 0.212, H@3: 0.315, H@10: 0.443 | Test - MRR: 0.2871 | *
[2026-03-09 03:56:38,804][root][INFO] - Epoch: 106 | Loss: 0.0017 | Val - MRR: 0.2905, MR:  256.60, H@1: 0.214, H@3: 0.316, H@10: 0.444 | Test - MRR: 0.2878 | *
[2026-03-09 03:58:19,371][root][INFO] - Epoch: 107 | Loss: 0.0017 | Val - MRR: 0.2909, MR:  257.41, H@1: 0.213, H@3: 0.316, H@10: 0.444 | Test - MRR: 0.2882 | *
[2026-03-09 03:59:58,898][root][INFO] - Epoch: 108 | Loss: 0.0017 | Val - MRR: 0.2920, MR:  254.60, H@1: 0.215, H@3: 0.316, H@10: 0.446 | Test - MRR: 0.2890 | *
[2026-03-09 04:01:38,901][root][INFO] - Epoch: 109 | Loss: 0.0017 | Val - MRR: 0.2932, MR:  252.34, H@1: 0.216, H@3: 0.318, H@10: 0.447 | Test - MRR: 0.2910 | *
[2026-03-09 04:03:17,431][root][INFO] - Epoch: 110 | Loss: 0.0017 | Val - MRR: 0.2945, MR:  249.79, H@1: 0.217, H@3: 0.320, H@10: 0.448 | Test - MRR: 0.2926 | *
[2026-03-09 04:04:40,525][root][INFO] - Epoch: 111 | Loss: 0.0016 | Val - MRR: 0.2940, MR:  250.67, H@1: 0.216, H@3: 0.319, H@10: 0.448 | 
[2026-03-09 04:06:20,039][root][INFO] - Epoch: 112 | Loss: 0.0016 | Val - MRR: 0.2955, MR:  253.11, H@1: 0.217, H@3: 0.320, H@10: 0.452 | Test - MRR: 0.2928 | *
[2026-03-09 04:07:43,297][root][INFO] - Epoch: 113 | Loss: 0.0016 | Val - MRR: 0.2955, MR:  250.29, H@1: 0.217, H@3: 0.321, H@10: 0.452 | 
[2026-03-09 04:09:23,351][root][INFO] - Epoch: 114 | Loss: 0.0016 | Val - MRR: 0.2975, MR:  244.76, H@1: 0.219, H@3: 0.323, H@10: 0.453 | Test - MRR: 0.2952 | *
[2026-03-09 04:11:01,035][root][INFO] - Epoch: 115 | Loss: 0.0016 | Val - MRR: 0.2978, MR:  247.18, H@1: 0.219, H@3: 0.324, H@10: 0.452 | Test - MRR: 0.2951 | *
[2026-03-09 04:12:40,632][root][INFO] - Epoch: 116 | Loss: 0.0016 | Val - MRR: 0.2980, MR:  243.58, H@1: 0.219, H@3: 0.323, H@10: 0.455 | Test - MRR: 0.2958 | *
[2026-03-09 04:14:19,677][root][INFO] - Epoch: 117 | Loss: 0.0016 | Val - MRR: 0.3003, MR:  243.12, H@1: 0.222, H@3: 0.325, H@10: 0.456 | Test - MRR: 0.2980 | *
[2026-03-09 04:15:42,592][root][INFO] - Epoch: 118 | Loss: 0.0016 | Val - MRR: 0.3001, MR:  239.46, H@1: 0.221, H@3: 0.326, H@10: 0.458 | 
[2026-03-09 04:17:22,690][root][INFO] - Epoch: 119 | Loss: 0.0016 | Val - MRR: 0.3017, MR:  238.93, H@1: 0.223, H@3: 0.327, H@10: 0.459 | Test - MRR: 0.2989 | *
[2026-03-09 04:18:46,399][root][INFO] - Epoch: 120 | Loss: 0.0016 | Val - MRR: 0.3008, MR:  238.70, H@1: 0.222, H@3: 0.326, H@10: 0.459 | 
[2026-03-09 04:20:25,796][root][INFO] - Epoch: 121 | Loss: 0.0016 | Val - MRR: 0.3022, MR:  235.46, H@1: 0.223, H@3: 0.329, H@10: 0.460 | Test - MRR: 0.2995 | *
[2026-03-09 04:21:51,095][root][INFO] - Epoch: 122 | Loss: 0.0016 | Val - MRR: 0.3021, MR:  232.44, H@1: 0.222, H@3: 0.329, H@10: 0.463 | 
[2026-03-09 04:23:29,443][root][INFO] - Epoch: 123 | Loss: 0.0016 | Val - MRR: 0.3026, MR:  236.04, H@1: 0.223, H@3: 0.328, H@10: 0.461 | Test - MRR: 0.3001 | *
[2026-03-09 04:25:09,380][root][INFO] - Epoch: 124 | Loss: 0.0016 | Val - MRR: 0.3035, MR:  232.08, H@1: 0.224, H@3: 0.329, H@10: 0.463 | Test - MRR: 0.3005 | *
[2026-03-09 04:26:48,903][root][INFO] - Epoch: 125 | Loss: 0.0016 | Val - MRR: 0.3039, MR:  227.77, H@1: 0.223, H@3: 0.330, H@10: 0.464 | Test - MRR: 0.3016 | *
[2026-03-09 04:28:28,240][root][INFO] - Epoch: 126 | Loss: 0.0016 | Val - MRR: 0.3040, MR:  230.45, H@1: 0.224, H@3: 0.330, H@10: 0.464 | Test - MRR: 0.3013 | *
[2026-03-09 04:30:06,242][root][INFO] - Epoch: 127 | Loss: 0.0016 | Val - MRR: 0.3050, MR:  226.87, H@1: 0.225, H@3: 0.332, H@10: 0.465 | Test - MRR: 0.3016 | *
[2026-03-09 04:31:45,146][root][INFO] - Epoch: 128 | Loss: 0.0016 | Val - MRR: 0.3072, MR:  225.54, H@1: 0.227, H@3: 0.334, H@10: 0.466 | Test - MRR: 0.3034 | *
[2026-03-09 04:33:09,453][root][INFO] - Epoch: 129 | Loss: 0.0016 | Val - MRR: 0.3058, MR:  224.31, H@1: 0.225, H@3: 0.333, H@10: 0.466 | 
[2026-03-09 04:34:47,961][root][INFO] - Epoch: 130 | Loss: 0.0016 | Val - MRR: 0.3075, MR:  223.17, H@1: 0.227, H@3: 0.333, H@10: 0.468 | Test - MRR: 0.3044 | *
[2026-03-09 04:36:10,587][root][INFO] - Epoch: 131 | Loss: 0.0016 | Val - MRR: 0.3072, MR:  223.46, H@1: 0.226, H@3: 0.333, H@10: 0.469 | 
[2026-03-09 04:37:51,144][root][INFO] - Epoch: 132 | Loss: 0.0016 | Val - MRR: 0.3082, MR:  221.20, H@1: 0.227, H@3: 0.335, H@10: 0.470 | Test - MRR: 0.3052 | *
[2026-03-09 04:39:13,521][root][INFO] - Epoch: 133 | Loss: 0.0016 | Val - MRR: 0.3080, MR:  221.86, H@1: 0.227, H@3: 0.335, H@10: 0.471 | 
[2026-03-09 04:40:52,791][root][INFO] - Epoch: 134 | Loss: 0.0016 | Val - MRR: 0.3094, MR:  222.95, H@1: 0.228, H@3: 0.336, H@10: 0.472 | Test - MRR: 0.3052 | *
[2026-03-09 04:42:32,595][root][INFO] - Epoch: 135 | Loss: 0.0016 | Val - MRR: 0.3100, MR:  221.65, H@1: 0.229, H@3: 0.337, H@10: 0.472 | Test - MRR: 0.3068 | *
[2026-03-09 04:44:11,379][root][INFO] - Epoch: 136 | Loss: 0.0016 | Val - MRR: 0.3101, MR:  221.20, H@1: 0.229, H@3: 0.337, H@10: 0.472 | Test - MRR: 0.3081 | *
[2026-03-09 04:45:34,937][root][INFO] - Epoch: 137 | Loss: 0.0016 | Val - MRR: 0.3100, MR:  219.22, H@1: 0.229, H@3: 0.336, H@10: 0.473 | 
[2026-03-09 04:47:14,038][root][INFO] - Epoch: 138 | Loss: 0.0016 | Val - MRR: 0.3110, MR:  216.06, H@1: 0.229, H@3: 0.338, H@10: 0.474 | Test - MRR: 0.3084 | *
[2026-03-09 04:48:51,857][root][INFO] - Epoch: 139 | Loss: 0.0016 | Val - MRR: 0.3125, MR:  220.85, H@1: 0.231, H@3: 0.340, H@10: 0.475 | Test - MRR: 0.3102 | *
[2026-03-09 04:50:30,629][root][INFO] - Epoch: 140 | Loss: 0.0016 | Val - MRR: 0.3130, MR:  215.89, H@1: 0.232, H@3: 0.339, H@10: 0.475 | Test - MRR: 0.3094 | *
[2026-03-09 04:52:09,581][root][INFO] - Epoch: 141 | Loss: 0.0016 | Val - MRR: 0.3131, MR:  214.87, H@1: 0.231, H@3: 0.340, H@10: 0.477 | Test - MRR: 0.3102 | *
[2026-03-09 04:53:48,922][root][INFO] - Epoch: 142 | Loss: 0.0016 | Val - MRR: 0.3136, MR:  216.25, H@1: 0.232, H@3: 0.341, H@10: 0.477 | Test - MRR: 0.3098 | *
[2026-03-09 04:55:28,861][root][INFO] - Epoch: 143 | Loss: 0.0016 | Val - MRR: 0.3139, MR:  215.66, H@1: 0.232, H@3: 0.340, H@10: 0.478 | Test - MRR: 0.3109 | *
[2026-03-09 04:57:08,247][root][INFO] - Epoch: 144 | Loss: 0.0016 | Val - MRR: 0.3147, MR:  213.31, H@1: 0.233, H@3: 0.341, H@10: 0.479 | Test - MRR: 0.3117 | *
[2026-03-09 04:58:47,552][root][INFO] - Epoch: 145 | Loss: 0.0016 | Val - MRR: 0.3156, MR:  214.93, H@1: 0.233, H@3: 0.343, H@10: 0.480 | Test - MRR: 0.3124 | *
[2026-03-09 05:00:27,249][root][INFO] - Epoch: 146 | Loss: 0.0016 | Val - MRR: 0.3163, MR:  213.83, H@1: 0.234, H@3: 0.343, H@10: 0.480 | Test - MRR: 0.3133 | *
[2026-03-09 05:01:51,258][root][INFO] - Epoch: 147 | Loss: 0.0016 | Val - MRR: 0.3150, MR:  214.92, H@1: 0.232, H@3: 0.342, H@10: 0.481 | 
[2026-03-09 05:03:12,908][root][INFO] - Epoch: 148 | Loss: 0.0016 | Val - MRR: 0.3161, MR:  212.25, H@1: 0.233, H@3: 0.344, H@10: 0.482 | 
[2026-03-09 05:04:36,643][root][INFO] - Epoch: 149 | Loss: 0.0016 | Val - MRR: 0.3161, MR:  211.70, H@1: 0.233, H@3: 0.343, H@10: 0.482 | 
[2026-03-09 05:06:16,126][root][INFO] - Epoch: 150 | Loss: 0.0016 | Val - MRR: 0.3167, MR:  208.77, H@1: 0.234, H@3: 0.344, H@10: 0.481 | Test - MRR: 0.3131 | *
[2026-03-09 05:07:55,890][root][INFO] - Epoch: 151 | Loss: 0.0016 | Val - MRR: 0.3177, MR:  208.17, H@1: 0.235, H@3: 0.344, H@10: 0.484 | Test - MRR: 0.3142 | *
[2026-03-09 05:09:18,872][root][INFO] - Epoch: 152 | Loss: 0.0016 | Val - MRR: 0.3176, MR:  206.64, H@1: 0.235, H@3: 0.344, H@10: 0.482 | 
[2026-03-09 05:10:42,577][root][INFO] - Epoch: 153 | Loss: 0.0016 | Val - MRR: 0.3173, MR:  208.82, H@1: 0.234, H@3: 0.345, H@10: 0.483 | 
[2026-03-09 05:12:21,781][root][INFO] - Epoch: 154 | Loss: 0.0016 | Val - MRR: 0.3183, MR:  208.55, H@1: 0.235, H@3: 0.346, H@10: 0.484 | Test - MRR: 0.3151 | *
[2026-03-09 05:14:01,936][root][INFO] - Epoch: 155 | Loss: 0.0016 | Val - MRR: 0.3194, MR:  206.87, H@1: 0.236, H@3: 0.348, H@10: 0.484 | Test - MRR: 0.3156 | *
[2026-03-09 05:15:26,133][root][INFO] - Epoch: 156 | Loss: 0.0016 | Val - MRR: 0.3192, MR:  203.82, H@1: 0.236, H@3: 0.347, H@10: 0.485 | 
[2026-03-09 05:17:05,203][root][INFO] - Epoch: 157 | Loss: 0.0016 | Val - MRR: 0.3195, MR:  205.60, H@1: 0.237, H@3: 0.347, H@10: 0.485 | Test - MRR: 0.3159 | *
[2026-03-09 05:18:43,509][root][INFO] - Epoch: 158 | Loss: 0.0016 | Val - MRR: 0.3201, MR:  205.92, H@1: 0.237, H@3: 0.349, H@10: 0.487 | Test - MRR: 0.3155 | *
[2026-03-09 05:20:06,887][root][INFO] - Epoch: 159 | Loss: 0.0016 | Val - MRR: 0.3191, MR:  203.62, H@1: 0.235, H@3: 0.349, H@10: 0.486 | 
[2026-03-09 05:21:45,583][root][INFO] - Epoch: 160 | Loss: 0.0016 | Val - MRR: 0.3217, MR:  201.68, H@1: 0.239, H@3: 0.349, H@10: 0.488 | Test - MRR: 0.3186 | *
[2026-03-09 05:23:24,888][root][INFO] - Epoch: 161 | Loss: 0.0016 | Val - MRR: 0.3220, MR:  202.57, H@1: 0.239, H@3: 0.350, H@10: 0.489 | Test - MRR: 0.3181 | *
[2026-03-09 05:24:48,686][root][INFO] - Epoch: 162 | Loss: 0.0016 | Val - MRR: 0.3212, MR:  199.82, H@1: 0.238, H@3: 0.349, H@10: 0.487 | 
[2026-03-09 05:26:28,237][root][INFO] - Epoch: 163 | Loss: 0.0016 | Val - MRR: 0.3221, MR:  201.69, H@1: 0.239, H@3: 0.351, H@10: 0.489 | Test - MRR: 0.3189 | *
[2026-03-09 05:28:07,005][root][INFO] - Epoch: 164 | Loss: 0.0016 | Val - MRR: 0.3222, MR:  198.95, H@1: 0.238, H@3: 0.351, H@10: 0.490 | Test - MRR: 0.3187 | *
[2026-03-09 05:29:46,553][root][INFO] - Epoch: 165 | Loss: 0.0016 | Val - MRR: 0.3234, MR:  200.28, H@1: 0.240, H@3: 0.351, H@10: 0.490 | Test - MRR: 0.3197 | *
[2026-03-09 05:31:25,125][root][INFO] - Epoch: 166 | Loss: 0.0016 | Val - MRR: 0.3235, MR:  197.94, H@1: 0.240, H@3: 0.352, H@10: 0.490 | Test - MRR: 0.3203 | *
[2026-03-09 05:33:05,322][root][INFO] - Epoch: 167 | Loss: 0.0016 | Val - MRR: 0.3238, MR:  198.00, H@1: 0.240, H@3: 0.352, H@10: 0.491 | Test - MRR: 0.3203 | *
[2026-03-09 05:34:29,863][root][INFO] - Epoch: 168 | Loss: 0.0016 | Val - MRR: 0.3235, MR:  196.58, H@1: 0.240, H@3: 0.351, H@10: 0.493 | 
[2026-03-09 05:36:08,338][root][INFO] - Epoch: 169 | Loss: 0.0016 | Val - MRR: 0.3245, MR:  195.94, H@1: 0.241, H@3: 0.353, H@10: 0.492 | Test - MRR: 0.3212 | *
[2026-03-09 05:37:47,968][root][INFO] - Epoch: 170 | Loss: 0.0016 | Val - MRR: 0.3254, MR:  196.93, H@1: 0.242, H@3: 0.355, H@10: 0.493 | Test - MRR: 0.3219 | *
[2026-03-09 05:39:11,381][root][INFO] - Epoch: 171 | Loss: 0.0016 | Val - MRR: 0.3251, MR:  198.44, H@1: 0.241, H@3: 0.355, H@10: 0.492 | 
[2026-03-09 05:40:50,769][root][INFO] - Epoch: 172 | Loss: 0.0016 | Val - MRR: 0.3269, MR:  196.45, H@1: 0.243, H@3: 0.356, H@10: 0.495 | Test - MRR: 0.3230 | *
[2026-03-09 05:42:14,542][root][INFO] - Epoch: 173 | Loss: 0.0016 | Val - MRR: 0.3264, MR:  196.65, H@1: 0.243, H@3: 0.353, H@10: 0.495 | 
[2026-03-09 05:43:37,468][root][INFO] - Epoch: 174 | Loss: 0.0016 | Val - MRR: 0.3263, MR:  195.38, H@1: 0.243, H@3: 0.354, H@10: 0.495 | 
[2026-03-09 05:45:00,506][root][INFO] - Epoch: 175 | Loss: 0.0016 | Val - MRR: 0.3257, MR:  196.22, H@1: 0.241, H@3: 0.355, H@10: 0.495 | 
[2026-03-09 05:46:23,551][root][INFO] - Epoch: 176 | Loss: 0.0016 | Val - MRR: 0.3259, MR:  194.54, H@1: 0.242, H@3: 0.354, H@10: 0.496 | 
[2026-03-09 05:48:04,220][root][INFO] - Epoch: 177 | Loss: 0.0016 | Val - MRR: 0.3271, MR:  192.38, H@1: 0.243, H@3: 0.355, H@10: 0.495 | Test - MRR: 0.3224 | *
[2026-03-09 05:49:27,255][root][INFO] - Epoch: 178 | Loss: 0.0016 | Val - MRR: 0.3266, MR:  194.29, H@1: 0.242, H@3: 0.355, H@10: 0.496 | 
[2026-03-09 05:51:07,036][root][INFO] - Epoch: 179 | Loss: 0.0016 | Val - MRR: 0.3280, MR:  191.43, H@1: 0.244, H@3: 0.356, H@10: 0.496 | Test - MRR: 0.3229 | *
[2026-03-09 05:52:29,973][root][INFO] - Epoch: 180 | Loss: 0.0016 | Val - MRR: 0.3274, MR:  192.60, H@1: 0.243, H@3: 0.356, H@10: 0.497 | 
[2026-03-09 05:53:54,039][root][INFO] - Epoch: 181 | Loss: 0.0016 | Val - MRR: 0.3275, MR:  189.76, H@1: 0.243, H@3: 0.355, H@10: 0.497 | 
[2026-03-09 05:55:32,987][root][INFO] - Epoch: 182 | Loss: 0.0016 | Val - MRR: 0.3281, MR:  190.89, H@1: 0.243, H@3: 0.358, H@10: 0.498 | Test - MRR: 0.3241 | *
[2026-03-09 05:57:13,967][root][INFO] - Epoch: 183 | Loss: 0.0016 | Val - MRR: 0.3286, MR:  189.07, H@1: 0.244, H@3: 0.357, H@10: 0.499 | Test - MRR: 0.3247 | *
[2026-03-09 05:58:53,678][root][INFO] - Epoch: 184 | Loss: 0.0016 | Val - MRR: 0.3292, MR:  190.07, H@1: 0.245, H@3: 0.358, H@10: 0.498 | Test - MRR: 0.3247 | *
[2026-03-09 06:00:16,592][root][INFO] - Epoch: 185 | Loss: 0.0016 | Val - MRR: 0.3291, MR:  189.78, H@1: 0.244, H@3: 0.359, H@10: 0.498 | 
[2026-03-09 06:01:40,279][root][INFO] - Epoch: 186 | Loss: 0.0016 | Val - MRR: 0.3290, MR:  190.05, H@1: 0.244, H@3: 0.358, H@10: 0.499 | 
[2026-03-09 06:03:03,431][root][INFO] - Epoch: 187 | Loss: 0.0016 | Val - MRR: 0.3290, MR:  189.18, H@1: 0.245, H@3: 0.357, H@10: 0.499 | 
[2026-03-09 06:04:27,399][root][INFO] - Epoch: 188 | Loss: 0.0016 | Val - MRR: 0.3283, MR:  187.21, H@1: 0.243, H@3: 0.359, H@10: 0.499 | 
[2026-03-09 06:06:06,712][root][INFO] - Epoch: 189 | Loss: 0.0016 | Val - MRR: 0.3306, MR:  186.93, H@1: 0.246, H@3: 0.361, H@10: 0.501 | Test - MRR: 0.3265 | *
[2026-03-09 06:07:30,319][root][INFO] - Epoch: 190 | Loss: 0.0016 | Val - MRR: 0.3294, MR:  186.16, H@1: 0.244, H@3: 0.359, H@10: 0.501 | 
[2026-03-09 06:08:52,192][root][INFO] - Epoch: 191 | Loss: 0.0016 | Val - MRR: 0.3286, MR:  185.99, H@1: 0.243, H@3: 0.359, H@10: 0.498 | 
[2026-03-09 06:10:15,913][root][INFO] - Epoch: 192 | Loss: 0.0016 | Val - MRR: 0.3305, MR:  187.42, H@1: 0.246, H@3: 0.360, H@10: 0.500 | 
[2026-03-09 06:11:42,643][root][INFO] - Epoch: 193 | Loss: 0.0016 | Val - MRR: 0.3301, MR:  187.66, H@1: 0.245, H@3: 0.360, H@10: 0.501 | 
[2026-03-09 06:13:07,724][root][INFO] - Epoch: 194 | Loss: 0.0016 | Val - MRR: 0.3305, MR:  186.92, H@1: 0.245, H@3: 0.361, H@10: 0.501 | 
[2026-03-09 06:14:31,590][root][INFO] - Epoch: 195 | Loss: 0.0016 | Val - MRR: 0.3304, MR:  186.50, H@1: 0.246, H@3: 0.359, H@10: 0.501 | 
[2026-03-09 06:16:27,031][root][INFO] - Epoch: 196 | Loss: 0.0015 | Val - MRR: 0.3317, MR:  185.52, H@1: 0.247, H@3: 0.361, H@10: 0.502 | Test - MRR: 0.3275 | *
[2026-03-09 06:18:29,253][root][INFO] - Epoch: 197 | Loss: 0.0016 | Val - MRR: 0.3320, MR:  184.66, H@1: 0.248, H@3: 0.360, H@10: 0.502 | Test - MRR: 0.3279 | *
[2026-03-09 06:19:54,435][root][INFO] - Epoch: 198 | Loss: 0.0016 | Val - MRR: 0.3315, MR:  183.08, H@1: 0.247, H@3: 0.361, H@10: 0.502 | 
[2026-03-09 06:21:18,588][root][INFO] - Epoch: 199 | Loss: 0.0016 | Val - MRR: 0.3316, MR:  185.22, H@1: 0.247, H@3: 0.361, H@10: 0.503 | 
[2026-03-09 06:23:01,176][root][INFO] - Epoch: 200 | Loss: 0.0015 | Val - MRR: 0.3325, MR:  183.66, H@1: 0.247, H@3: 0.362, H@10: 0.503 | Test - MRR: 0.3288 | *
[2026-03-09 06:24:44,538][root][INFO] - Epoch: 201 | Loss: 0.0015 | Val - MRR: 0.3334, MR:  184.68, H@1: 0.248, H@3: 0.363, H@10: 0.503 | Test - MRR: 0.3289 | *
[2026-03-09 06:26:11,375][root][INFO] - Epoch: 202 | Loss: 0.0015 | Val - MRR: 0.3322, MR:  185.15, H@1: 0.247, H@3: 0.363, H@10: 0.504 | 
[2026-03-09 06:27:55,457][root][INFO] - Epoch: 203 | Loss: 0.0015 | Val - MRR: 0.3335, MR:  183.44, H@1: 0.249, H@3: 0.362, H@10: 0.505 | Test - MRR: 0.3301 | *
[2026-03-09 06:29:19,476][root][INFO] - Epoch: 204 | Loss: 0.0015 | Val - MRR: 0.3324, MR:  182.99, H@1: 0.248, H@3: 0.361, H@10: 0.505 | 
[2026-03-09 06:30:43,923][root][INFO] - Epoch: 205 | Loss: 0.0015 | Val - MRR: 0.3328, MR:  182.04, H@1: 0.247, H@3: 0.363, H@10: 0.505 | 
[2026-03-09 06:32:09,365][root][INFO] - Epoch: 206 | Loss: 0.0015 | Val - MRR: 0.3327, MR:  181.22, H@1: 0.247, H@3: 0.363, H@10: 0.504 | 
[2026-03-09 06:33:51,677][root][INFO] - Epoch: 207 | Loss: 0.0015 | Val - MRR: 0.3343, MR:  180.85, H@1: 0.249, H@3: 0.364, H@10: 0.504 | Test - MRR: 0.3292 | *
[2026-03-09 06:35:32,748][root][INFO] - Epoch: 208 | Loss: 0.0015 | Val - MRR: 0.3344, MR:  180.86, H@1: 0.250, H@3: 0.364, H@10: 0.505 | Test - MRR: 0.3300 | *
[2026-03-09 06:36:57,669][root][INFO] - Epoch: 209 | Loss: 0.0015 | Val - MRR: 0.3342, MR:  181.56, H@1: 0.249, H@3: 0.364, H@10: 0.506 | 
[2026-03-09 06:38:36,498][root][INFO] - Epoch: 210 | Loss: 0.0015 | Val - MRR: 0.3353, MR:  180.92, H@1: 0.250, H@3: 0.364, H@10: 0.507 | Test - MRR: 0.3308 | *
[2026-03-09 06:40:17,689][root][INFO] - Epoch: 211 | Loss: 0.0015 | Val - MRR: 0.3357, MR:  180.49, H@1: 0.250, H@3: 0.366, H@10: 0.507 | Test - MRR: 0.3313 | *
[2026-03-09 06:41:41,970][root][INFO] - Epoch: 212 | Loss: 0.0015 | Val - MRR: 0.3357, MR:  180.63, H@1: 0.250, H@3: 0.367, H@10: 0.507 | 
[2026-03-09 06:43:06,675][root][INFO] - Epoch: 213 | Loss: 0.0015 | Val - MRR: 0.3341, MR:  179.67, H@1: 0.248, H@3: 0.365, H@10: 0.507 | 
[2026-03-09 06:44:30,040][root][INFO] - Epoch: 214 | Loss: 0.0015 | Val - MRR: 0.3344, MR:  179.63, H@1: 0.248, H@3: 0.365, H@10: 0.506 | 
[2026-03-09 06:45:55,203][root][INFO] - Epoch: 215 | Loss: 0.0015 | Val - MRR: 0.3349, MR:  179.54, H@1: 0.249, H@3: 0.365, H@10: 0.507 | 
[2026-03-09 06:47:36,009][root][INFO] - Epoch: 216 | Loss: 0.0015 | Val - MRR: 0.3365, MR:  178.63, H@1: 0.252, H@3: 0.365, H@10: 0.509 | Test - MRR: 0.3320 | *
[2026-03-09 06:49:01,330][root][INFO] - Epoch: 217 | Loss: 0.0015 | Val - MRR: 0.3364, MR:  177.81, H@1: 0.251, H@3: 0.366, H@10: 0.508 | 
[2026-03-09 06:50:25,759][root][INFO] - Epoch: 218 | Loss: 0.0015 | Val - MRR: 0.3359, MR:  179.51, H@1: 0.250, H@3: 0.365, H@10: 0.509 | 
[2026-03-09 06:52:06,430][root][INFO] - Epoch: 219 | Loss: 0.0015 | Val - MRR: 0.3366, MR:  180.60, H@1: 0.250, H@3: 0.367, H@10: 0.509 | Test - MRR: 0.3317 | *
[2026-03-09 06:53:31,254][root][INFO] - Epoch: 220 | Loss: 0.0015 | Val - MRR: 0.3359, MR:  180.87, H@1: 0.250, H@3: 0.366, H@10: 0.508 | 
[2026-03-09 06:55:12,763][root][INFO] - Epoch: 221 | Loss: 0.0015 | Val - MRR: 0.3367, MR:  180.82, H@1: 0.251, H@3: 0.367, H@10: 0.509 | Test - MRR: 0.3318 | *
[2026-03-09 06:56:53,418][root][INFO] - Epoch: 222 | Loss: 0.0015 | Val - MRR: 0.3369, MR:  178.93, H@1: 0.251, H@3: 0.367, H@10: 0.509 | Test - MRR: 0.3324 | *
[2026-03-09 06:58:15,956][root][INFO] - Epoch: 223 | Loss: 0.0015 | Val - MRR: 0.3363, MR:  179.63, H@1: 0.251, H@3: 0.366, H@10: 0.508 | 
[2026-03-09 06:59:57,875][root][INFO] - Epoch: 224 | Loss: 0.0015 | Val - MRR: 0.3370, MR:  178.28, H@1: 0.251, H@3: 0.367, H@10: 0.509 | Test - MRR: 0.3335 | *
[2026-03-09 07:01:22,950][root][INFO] - Epoch: 225 | Loss: 0.0015 | Val - MRR: 0.3364, MR:  178.13, H@1: 0.250, H@3: 0.367, H@10: 0.511 | 
[2026-03-09 07:03:03,376][root][INFO] - Epoch: 226 | Loss: 0.0015 | Val - MRR: 0.3370, MR:  176.98, H@1: 0.251, H@3: 0.368, H@10: 0.511 | Test - MRR: 0.3339 | *
[2026-03-09 07:04:45,491][root][INFO] - Epoch: 227 | Loss: 0.0015 | Val - MRR: 0.3375, MR:  177.64, H@1: 0.251, H@3: 0.368, H@10: 0.512 | Test - MRR: 0.3336 | *
[2026-03-09 07:06:10,456][root][INFO] - Epoch: 228 | Loss: 0.0015 | Val - MRR: 0.3371, MR:  176.80, H@1: 0.250, H@3: 0.369, H@10: 0.510 | 
[2026-03-09 07:07:35,205][root][INFO] - Epoch: 229 | Loss: 0.0015 | Val - MRR: 0.3371, MR:  177.24, H@1: 0.250, H@3: 0.368, H@10: 0.510 | 
[2026-03-09 07:08:58,702][root][INFO] - Epoch: 230 | Loss: 0.0015 | Val - MRR: 0.3367, MR:  178.71, H@1: 0.250, H@3: 0.366, H@10: 0.511 | 
[2026-03-09 07:10:39,035][root][INFO] - Epoch: 231 | Loss: 0.0015 | Val - MRR: 0.3382, MR:  176.55, H@1: 0.251, H@3: 0.369, H@10: 0.512 | Test - MRR: 0.3333 | *
[2026-03-09 07:12:02,687][root][INFO] - Epoch: 232 | Loss: 0.0015 | Val - MRR: 0.3376, MR:  175.06, H@1: 0.251, H@3: 0.368, H@10: 0.512 | 
[2026-03-09 07:13:25,960][root][INFO] - Epoch: 233 | Loss: 0.0015 | Val - MRR: 0.3375, MR:  175.42, H@1: 0.251, H@3: 0.369, H@10: 0.511 | 
[2026-03-09 07:14:51,672][root][INFO] - Epoch: 234 | Loss: 0.0015 | Val - MRR: 0.3378, MR:  175.53, H@1: 0.251, H@3: 0.369, H@10: 0.511 | 
[2026-03-09 07:16:18,931][root][INFO] - Epoch: 235 | Loss: 0.0015 | Val - MRR: 0.3374, MR:  176.12, H@1: 0.251, H@3: 0.368, H@10: 0.511 | 
[2026-03-09 07:18:03,043][root][INFO] - Epoch: 236 | Loss: 0.0015 | Val - MRR: 0.3389, MR:  174.20, H@1: 0.252, H@3: 0.369, H@10: 0.512 | Test - MRR: 0.3341 | *
[2026-03-09 07:19:44,981][root][INFO] - Epoch: 237 | Loss: 0.0015 | Val - MRR: 0.3393, MR:  173.31, H@1: 0.253, H@3: 0.369, H@10: 0.513 | Test - MRR: 0.3350 | *
[2026-03-09 07:21:10,353][root][INFO] - Epoch: 238 | Loss: 0.0015 | Val - MRR: 0.3385, MR:  175.43, H@1: 0.252, H@3: 0.368, H@10: 0.511 | 
[2026-03-09 07:22:34,320][root][INFO] - Epoch: 239 | Loss: 0.0015 | Val - MRR: 0.3383, MR:  175.33, H@1: 0.251, H@3: 0.369, H@10: 0.513 | 
[2026-03-09 07:23:59,641][root][INFO] - Epoch: 240 | Loss: 0.0015 | Val - MRR: 0.3388, MR:  173.72, H@1: 0.252, H@3: 0.371, H@10: 0.512 | 
[2026-03-09 07:25:23,738][root][INFO] - Epoch: 241 | Loss: 0.0015 | Val - MRR: 0.3392, MR:  173.93, H@1: 0.252, H@3: 0.371, H@10: 0.513 | 
[2026-03-09 07:26:48,879][root][INFO] - Epoch: 242 | Loss: 0.0015 | Val - MRR: 0.3390, MR:  174.53, H@1: 0.252, H@3: 0.370, H@10: 0.512 | 
[2026-03-09 07:28:13,944][root][INFO] - Epoch: 243 | Loss: 0.0015 | Val - MRR: 0.3388, MR:  174.57, H@1: 0.251, H@3: 0.371, H@10: 0.513 | 
[2026-03-09 07:29:39,279][root][INFO] - Epoch: 244 | Loss: 0.0015 | Val - MRR: 0.3391, MR:  174.82, H@1: 0.252, H@3: 0.371, H@10: 0.512 | 
[2026-03-09 07:31:05,554][root][INFO] - Epoch: 245 | Loss: 0.0015 | Val - MRR: 0.3390, MR:  173.36, H@1: 0.252, H@3: 0.371, H@10: 0.512 | 
[2026-03-09 07:32:47,438][root][INFO] - Epoch: 246 | Loss: 0.0015 | Val - MRR: 0.3402, MR:  174.17, H@1: 0.254, H@3: 0.372, H@10: 0.513 | Test - MRR: 0.3359 | *
[2026-03-09 07:34:12,595][root][INFO] - Epoch: 247 | Loss: 0.0015 | Val - MRR: 0.3396, MR:  173.52, H@1: 0.252, H@3: 0.372, H@10: 0.513 | 
[2026-03-09 07:35:38,230][root][INFO] - Epoch: 248 | Loss: 0.0015 | Val - MRR: 0.3399, MR:  173.56, H@1: 0.253, H@3: 0.371, H@10: 0.513 | 
[2026-03-09 07:37:21,543][root][INFO] - Epoch: 249 | Loss: 0.0015 | Val - MRR: 0.3408, MR:  172.05, H@1: 0.254, H@3: 0.373, H@10: 0.514 | Test - MRR: 0.3357 | *
[2026-03-09 07:38:45,372][root][INFO] - Epoch: 250 | Loss: 0.0015 | Val - MRR: 0.3406, MR:  173.18, H@1: 0.253, H@3: 0.371, H@10: 0.515 | 
[2026-03-09 07:40:10,439][root][INFO] - Epoch: 251 | Loss: 0.0015 | Val - MRR: 0.3403, MR:  173.96, H@1: 0.253, H@3: 0.372, H@10: 0.515 | 
[2026-03-09 07:41:34,616][root][INFO] - Epoch: 252 | Loss: 0.0015 | Val - MRR: 0.3404, MR:  173.91, H@1: 0.253, H@3: 0.373, H@10: 0.517 | 
[2026-03-09 07:42:59,276][root][INFO] - Epoch: 253 | Loss: 0.0015 | Val - MRR: 0.3403, MR:  174.00, H@1: 0.253, H@3: 0.372, H@10: 0.515 | 
[2026-03-09 07:44:41,444][root][INFO] - Epoch: 254 | Loss: 0.0015 | Val - MRR: 0.3411, MR:  173.60, H@1: 0.254, H@3: 0.373, H@10: 0.514 | Test - MRR: 0.3364 | *
[2026-03-09 07:46:05,170][root][INFO] - Epoch: 255 | Loss: 0.0015 | Val - MRR: 0.3407, MR:  173.44, H@1: 0.254, H@3: 0.371, H@10: 0.516 | 
[2026-03-09 07:47:48,135][root][INFO] - Epoch: 256 | Loss: 0.0015 | Val - MRR: 0.3412, MR:  173.64, H@1: 0.254, H@3: 0.373, H@10: 0.516 | Test - MRR: 0.3372 | *
[2026-03-09 07:49:29,378][root][INFO] - Epoch: 257 | Loss: 0.0015 | Val - MRR: 0.3417, MR:  172.49, H@1: 0.254, H@3: 0.374, H@10: 0.515 | Test - MRR: 0.3375 | *
[2026-03-09 07:50:53,692][root][INFO] - Epoch: 258 | Loss: 0.0015 | Val - MRR: 0.3415, MR:  172.59, H@1: 0.254, H@3: 0.374, H@10: 0.517 | 
[2026-03-09 07:52:34,744][root][INFO] - Epoch: 259 | Loss: 0.0015 | Val - MRR: 0.3420, MR:  173.34, H@1: 0.255, H@3: 0.373, H@10: 0.516 | Test - MRR: 0.3378 | *
[2026-03-09 07:53:59,175][root][INFO] - Epoch: 260 | Loss: 0.0015 | Val - MRR: 0.3420, MR:  172.25, H@1: 0.255, H@3: 0.373, H@10: 0.516 | 
[2026-03-09 07:55:22,838][root][INFO] - Epoch: 261 | Loss: 0.0015 | Val - MRR: 0.3420, MR:  171.68, H@1: 0.255, H@3: 0.375, H@10: 0.516 | 
[2026-03-09 07:57:02,075][root][INFO] - Epoch: 262 | Loss: 0.0015 | Val - MRR: 0.3428, MR:  171.89, H@1: 0.256, H@3: 0.374, H@10: 0.516 | Test - MRR: 0.3387 | *
[2026-03-09 07:58:26,946][root][INFO] - Epoch: 263 | Loss: 0.0015 | Val - MRR: 0.3419, MR:  171.78, H@1: 0.254, H@3: 0.374, H@10: 0.516 | 
[2026-03-09 07:59:49,862][root][INFO] - Epoch: 264 | Loss: 0.0015 | Val - MRR: 0.3419, MR:  171.43, H@1: 0.254, H@3: 0.374, H@10: 0.518 | 
[2026-03-09 08:01:13,421][root][INFO] - Epoch: 265 | Loss: 0.0015 | Val - MRR: 0.3426, MR:  172.22, H@1: 0.256, H@3: 0.374, H@10: 0.517 | 
[2026-03-09 08:02:38,320][root][INFO] - Epoch: 266 | Loss: 0.0015 | Val - MRR: 0.3419, MR:  170.79, H@1: 0.255, H@3: 0.373, H@10: 0.517 | 
[2026-03-09 08:04:02,512][root][INFO] - Epoch: 267 | Loss: 0.0015 | Val - MRR: 0.3422, MR:  170.26, H@1: 0.255, H@3: 0.374, H@10: 0.519 | 
[2026-03-09 08:05:26,437][root][INFO] - Epoch: 268 | Loss: 0.0015 | Val - MRR: 0.3427, MR:  172.69, H@1: 0.255, H@3: 0.375, H@10: 0.518 | 
[2026-03-09 08:06:50,312][root][INFO] - Epoch: 269 | Loss: 0.0015 | Val - MRR: 0.3420, MR:  172.18, H@1: 0.255, H@3: 0.373, H@10: 0.517 | 
[2026-03-09 08:08:15,154][root][INFO] - Epoch: 270 | Loss: 0.0015 | Val - MRR: 0.3424, MR:  173.05, H@1: 0.255, H@3: 0.373, H@10: 0.519 | 
[2026-03-09 08:09:56,590][root][INFO] - Epoch: 271 | Loss: 0.0015 | Val - MRR: 0.3429, MR:  172.31, H@1: 0.256, H@3: 0.374, H@10: 0.518 | Test - MRR: 0.3386 | *
[2026-03-09 08:11:37,676][root][INFO] - Epoch: 272 | Loss: 0.0015 | Val - MRR: 0.3434, MR:  172.28, H@1: 0.256, H@3: 0.375, H@10: 0.518 | Test - MRR: 0.3383 | *
[2026-03-09 08:13:03,631][root][INFO] - Epoch: 273 | Loss: 0.0015 | Val - MRR: 0.3427, MR:  172.10, H@1: 0.255, H@3: 0.374, H@10: 0.518 | 
[2026-03-09 08:14:28,226][root][INFO] - Epoch: 274 | Loss: 0.0015 | Val - MRR: 0.3430, MR:  171.77, H@1: 0.256, H@3: 0.374, H@10: 0.518 | 
[2026-03-09 08:15:52,131][root][INFO] - Epoch: 275 | Loss: 0.0015 | Val - MRR: 0.3432, MR:  171.00, H@1: 0.256, H@3: 0.375, H@10: 0.518 | 
[2026-03-09 08:17:15,138][root][INFO] - Epoch: 276 | Loss: 0.0015 | Val - MRR: 0.3433, MR:  170.43, H@1: 0.256, H@3: 0.375, H@10: 0.517 | 
[2026-03-09 08:18:41,017][root][INFO] - Epoch: 277 | Loss: 0.0015 | Val - MRR: 0.3433, MR:  171.11, H@1: 0.256, H@3: 0.374, H@10: 0.518 | 
[2026-03-09 08:20:06,091][root][INFO] - Epoch: 278 | Loss: 0.0015 | Val - MRR: 0.3432, MR:  171.06, H@1: 0.256, H@3: 0.373, H@10: 0.517 | 
[2026-03-09 08:21:29,252][root][INFO] - Epoch: 279 | Loss: 0.0015 | Val - MRR: 0.3433, MR:  171.11, H@1: 0.256, H@3: 0.374, H@10: 0.517 | 
[2026-03-09 08:22:54,959][root][INFO] - Epoch: 280 | Loss: 0.0015 | Val - MRR: 0.3431, MR:  171.33, H@1: 0.255, H@3: 0.375, H@10: 0.517 | 
[2026-03-09 08:24:35,712][root][INFO] - Epoch: 281 | Loss: 0.0015 | Val - MRR: 0.3443, MR:  169.96, H@1: 0.257, H@3: 0.376, H@10: 0.518 | Test - MRR: 0.3413 | *
[2026-03-09 08:26:17,044][root][INFO] - Epoch: 282 | Loss: 0.0015 | Val - MRR: 0.3444, MR:  170.59, H@1: 0.257, H@3: 0.375, H@10: 0.519 | Test - MRR: 0.3413 | *
[2026-03-09 08:27:43,303][root][INFO] - Epoch: 283 | Loss: 0.0015 | Val - MRR: 0.3444, MR:  169.58, H@1: 0.257, H@3: 0.374, H@10: 0.518 | 
[2026-03-09 08:29:07,152][root][INFO] - Epoch: 284 | Loss: 0.0015 | Val - MRR: 0.3443, MR:  169.24, H@1: 0.257, H@3: 0.375, H@10: 0.519 | 
[2026-03-09 08:30:32,714][root][INFO] - Epoch: 285 | Loss: 0.0015 | Val - MRR: 0.3442, MR:  169.61, H@1: 0.257, H@3: 0.375, H@10: 0.519 | 
[2026-03-09 08:31:56,998][root][INFO] - Epoch: 286 | Loss: 0.0015 | Val - MRR: 0.3436, MR:  168.67, H@1: 0.256, H@3: 0.375, H@10: 0.519 | 
[2026-03-09 08:33:37,672][root][INFO] - Epoch: 287 | Loss: 0.0015 | Val - MRR: 0.3445, MR:  170.65, H@1: 0.257, H@3: 0.376, H@10: 0.519 | Test - MRR: 0.3407 | *
[2026-03-09 08:35:19,799][root][INFO] - Epoch: 288 | Loss: 0.0015 | Val - MRR: 0.3450, MR:  169.52, H@1: 0.258, H@3: 0.376, H@10: 0.520 | Test - MRR: 0.3409 | *
[2026-03-09 08:36:45,979][root][INFO] - Epoch: 289 | Loss: 0.0015 | Val - MRR: 0.3444, MR:  169.20, H@1: 0.258, H@3: 0.375, H@10: 0.520 | 
[2026-03-09 08:38:08,524][root][INFO] - Epoch: 290 | Loss: 0.0015 | Val - MRR: 0.3446, MR:  168.38, H@1: 0.257, H@3: 0.376, H@10: 0.521 | 
[2026-03-09 08:39:33,538][root][INFO] - Epoch: 291 | Loss: 0.0015 | Val - MRR: 0.3442, MR:  169.36, H@1: 0.257, H@3: 0.375, H@10: 0.521 | 
[2026-03-09 08:41:15,183][root][INFO] - Epoch: 292 | Loss: 0.0015 | Val - MRR: 0.3452, MR:  169.87, H@1: 0.259, H@3: 0.375, H@10: 0.521 | Test - MRR: 0.3414 | *
[2026-03-09 08:42:55,514][root][INFO] - Epoch: 293 | Loss: 0.0015 | Val - MRR: 0.3453, MR:  168.92, H@1: 0.258, H@3: 0.376, H@10: 0.521 | Test - MRR: 0.3419 | *
[2026-03-09 08:44:36,396][root][INFO] - Epoch: 294 | Loss: 0.0015 | Val - MRR: 0.3457, MR:  169.36, H@1: 0.259, H@3: 0.377, H@10: 0.521 | Test - MRR: 0.3426 | *
[2026-03-09 08:46:01,028][root][INFO] - Epoch: 295 | Loss: 0.0015 | Val - MRR: 0.3451, MR:  167.50, H@1: 0.257, H@3: 0.377, H@10: 0.521 | 
[2026-03-09 08:47:24,260][root][INFO] - Epoch: 296 | Loss: 0.0015 | Val - MRR: 0.3451, MR:  168.62, H@1: 0.257, H@3: 0.377, H@10: 0.521 | 
[2026-03-09 08:48:49,653][root][INFO] - Epoch: 297 | Loss: 0.0015 | Val - MRR: 0.3456, MR:  167.49, H@1: 0.258, H@3: 0.378, H@10: 0.523 | 
[2026-03-09 08:50:14,108][root][INFO] - Epoch: 298 | Loss: 0.0015 | Val - MRR: 0.3448, MR:  167.77, H@1: 0.257, H@3: 0.375, H@10: 0.521 | 
[2026-03-09 08:51:37,516][root][INFO] - Epoch: 299 | Loss: 0.0015 | Val - MRR: 0.3452, MR:  167.50, H@1: 0.257, H@3: 0.376, H@10: 0.521 | 
[2026-03-09 08:53:19,483][root][INFO] - Epoch: 300 | Loss: 0.0015 | Val - MRR: 0.3465, MR:  167.09, H@1: 0.259, H@3: 0.378, H@10: 0.522 | Test - MRR: 0.3422 | *
[2026-03-09 08:54:43,607][root][INFO] - Epoch: 301 | Loss: 0.0015 | Val - MRR: 0.3461, MR:  167.44, H@1: 0.259, H@3: 0.377, H@10: 0.522 | 
[2026-03-09 08:56:08,736][root][INFO] - Epoch: 302 | Loss: 0.0015 | Val - MRR: 0.3463, MR:  167.67, H@1: 0.259, H@3: 0.377, H@10: 0.521 | 
[2026-03-09 08:57:33,042][root][INFO] - Epoch: 303 | Loss: 0.0015 | Val - MRR: 0.3465, MR:  167.47, H@1: 0.259, H@3: 0.377, H@10: 0.521 | 
[2026-03-09 08:58:57,404][root][INFO] - Epoch: 304 | Loss: 0.0015 | Val - MRR: 0.3462, MR:  166.80, H@1: 0.259, H@3: 0.377, H@10: 0.522 | 
[2026-03-09 09:00:22,560][root][INFO] - Epoch: 305 | Loss: 0.0015 | Val - MRR: 0.3459, MR:  167.42, H@1: 0.258, H@3: 0.378, H@10: 0.522 | 
[2026-03-09 09:01:46,079][root][INFO] - Epoch: 306 | Loss: 0.0015 | Val - MRR: 0.3460, MR:  167.98, H@1: 0.258, H@3: 0.379, H@10: 0.521 | 
[2026-03-09 09:03:12,630][root][INFO] - Epoch: 307 | Loss: 0.0015 | Val - MRR: 0.3464, MR:  167.35, H@1: 0.259, H@3: 0.378, H@10: 0.521 | 
[2026-03-09 09:04:37,592][root][INFO] - Epoch: 308 | Loss: 0.0015 | Val - MRR: 0.3460, MR:  168.22, H@1: 0.258, H@3: 0.377, H@10: 0.521 | 
[2026-03-09 09:06:20,493][root][INFO] - Epoch: 309 | Loss: 0.0015 | Val - MRR: 0.3465, MR:  166.83, H@1: 0.259, H@3: 0.377, H@10: 0.522 | Test - MRR: 0.3420 | *
[2026-03-09 09:07:45,627][root][INFO] - Epoch: 310 | Loss: 0.0015 | Val - MRR: 0.3462, MR:  167.68, H@1: 0.259, H@3: 0.377, H@10: 0.523 | 
[2026-03-09 09:09:11,212][root][INFO] - Epoch: 311 | Loss: 0.0015 | Val - MRR: 0.3463, MR:  166.57, H@1: 0.259, H@3: 0.377, H@10: 0.522 | 
[2026-03-09 09:10:52,692][root][INFO] - Epoch: 312 | Loss: 0.0015 | Val - MRR: 0.3469, MR:  166.85, H@1: 0.260, H@3: 0.376, H@10: 0.521 | Test - MRR: 0.3421 | *
[2026-03-09 09:12:15,870][root][INFO] - Epoch: 313 | Loss: 0.0015 | Val - MRR: 0.3467, MR:  167.00, H@1: 0.259, H@3: 0.378, H@10: 0.522 | 
[2026-03-09 09:13:56,966][root][INFO] - Epoch: 314 | Loss: 0.0015 | Val - MRR: 0.3470, MR:  166.18, H@1: 0.259, H@3: 0.378, H@10: 0.522 | Test - MRR: 0.3427 | *
[2026-03-09 09:15:37,819][root][INFO] - Epoch: 315 | Loss: 0.0015 | Val - MRR: 0.3471, MR:  166.14, H@1: 0.259, H@3: 0.379, H@10: 0.521 | Test - MRR: 0.3428 | *
[2026-03-09 09:17:19,288][root][INFO] - Epoch: 316 | Loss: 0.0015 | Val - MRR: 0.3473, MR:  166.13, H@1: 0.260, H@3: 0.379, H@10: 0.522 | Test - MRR: 0.3432 | *
[2026-03-09 09:18:43,012][root][INFO] - Epoch: 317 | Loss: 0.0015 | Val - MRR: 0.3470, MR:  165.91, H@1: 0.259, H@3: 0.380, H@10: 0.523 | 
[2026-03-09 09:20:24,062][root][INFO] - Epoch: 318 | Loss: 0.0015 | Val - MRR: 0.3474, MR:  166.10, H@1: 0.260, H@3: 0.379, H@10: 0.522 | Test - MRR: 0.3433 | *
[2026-03-09 09:21:49,492][root][INFO] - Epoch: 319 | Loss: 0.0015 | Val - MRR: 0.3474, MR:  165.16, H@1: 0.259, H@3: 0.379, H@10: 0.522 | 
[2026-03-09 09:23:15,447][root][INFO] - Epoch: 320 | Loss: 0.0015 | Val - MRR: 0.3470, MR:  167.06, H@1: 0.260, H@3: 0.379, H@10: 0.521 | 
[2026-03-09 09:24:40,100][root][INFO] - Epoch: 321 | Loss: 0.0015 | Val - MRR: 0.3468, MR:  165.83, H@1: 0.259, H@3: 0.379, H@10: 0.523 | 
[2026-03-09 09:26:21,720][root][INFO] - Epoch: 322 | Loss: 0.0015 | Val - MRR: 0.3479, MR:  166.20, H@1: 0.261, H@3: 0.378, H@10: 0.522 | Test - MRR: 0.3435 | *
[2026-03-09 09:27:48,040][root][INFO] - Epoch: 323 | Loss: 0.0015 | Val - MRR: 0.3476, MR:  166.68, H@1: 0.260, H@3: 0.379, H@10: 0.523 | 
[2026-03-09 09:29:28,773][root][INFO] - Epoch: 324 | Loss: 0.0015 | Val - MRR: 0.3480, MR:  166.58, H@1: 0.260, H@3: 0.379, H@10: 0.524 | Test - MRR: 0.3436 | *
[2026-03-09 09:30:52,296][root][INFO] - Epoch: 325 | Loss: 0.0015 | Val - MRR: 0.3475, MR:  166.13, H@1: 0.260, H@3: 0.379, H@10: 0.523 | 
[2026-03-09 09:32:34,255][root][INFO] - Epoch: 326 | Loss: 0.0015 | Val - MRR: 0.3482, MR:  166.53, H@1: 0.261, H@3: 0.378, H@10: 0.523 | Test - MRR: 0.3427 | *
[2026-03-09 09:34:02,013][root][INFO] - Epoch: 327 | Loss: 0.0015 | Val - MRR: 0.3477, MR:  165.97, H@1: 0.260, H@3: 0.380, H@10: 0.524 | 
[2026-03-09 09:35:26,577][root][INFO] - Epoch: 328 | Loss: 0.0015 | Val - MRR: 0.3477, MR:  165.73, H@1: 0.260, H@3: 0.380, H@10: 0.524 | 
[2026-03-09 09:36:52,595][root][INFO] - Epoch: 329 | Loss: 0.0015 | Val - MRR: 0.3472, MR:  165.89, H@1: 0.259, H@3: 0.379, H@10: 0.522 | 
[2026-03-09 09:39:51,206][root][INFO] - Epoch: 330 | Loss: 0.0015 | Val - MRR: 0.3478, MR:  165.81, H@1: 0.261, H@3: 0.379, H@10: 0.523 | 
[2026-03-09 09:42:42,154][root][INFO] - Epoch: 331 | Loss: 0.0015 | Val - MRR: 0.3476, MR:  166.19, H@1: 0.260, H@3: 0.379, H@10: 0.523 | 
[2026-03-09 09:45:40,809][root][INFO] - Epoch: 332 | Loss: 0.0015 | Val - MRR: 0.3489, MR:  166.71, H@1: 0.261, H@3: 0.380, H@10: 0.523 | Test - MRR: 0.3440 | *
[2026-03-09 09:48:20,847][root][INFO] - Epoch: 333 | Loss: 0.0015 | Val - MRR: 0.3477, MR:  165.46, H@1: 0.260, H@3: 0.378, H@10: 0.524 | 
[2026-03-09 09:51:02,372][root][INFO] - Epoch: 334 | Loss: 0.0015 | Val - MRR: 0.3488, MR:  165.18, H@1: 0.261, H@3: 0.379, H@10: 0.523 | 
[2026-03-09 09:53:42,212][root][INFO] - Epoch: 335 | Loss: 0.0015 | Val - MRR: 0.3483, MR:  166.43, H@1: 0.260, H@3: 0.380, H@10: 0.523 | 
[2026-03-09 09:56:40,118][root][INFO] - Epoch: 336 | Loss: 0.0015 | Val - MRR: 0.3493, MR:  166.24, H@1: 0.262, H@3: 0.380, H@10: 0.524 | Test - MRR: 0.3442 | *
[2026-03-09 09:59:20,830][root][INFO] - Epoch: 337 | Loss: 0.0015 | Val - MRR: 0.3486, MR:  165.34, H@1: 0.261, H@3: 0.381, H@10: 0.524 | 
[2026-03-09 10:02:21,613][root][INFO] - Epoch: 338 | Loss: 0.0015 | Val - MRR: 0.3494, MR:  164.93, H@1: 0.262, H@3: 0.381, H@10: 0.524 | Test - MRR: 0.3445 | *
[2026-03-09 10:05:01,934][root][INFO] - Epoch: 339 | Loss: 0.0015 | Val - MRR: 0.3482, MR:  166.12, H@1: 0.261, H@3: 0.379, H@10: 0.523 | 
[2026-03-09 10:07:44,287][root][INFO] - Epoch: 340 | Loss: 0.0015 | Val - MRR: 0.3486, MR:  165.07, H@1: 0.261, H@3: 0.380, H@10: 0.524 | 
[2026-03-09 10:10:45,182][root][INFO] - Epoch: 341 | Loss: 0.0015 | Val - MRR: 0.3494, MR:  165.46, H@1: 0.262, H@3: 0.380, H@10: 0.524 | Test - MRR: 0.3442 | *
[2026-03-09 10:13:27,370][root][INFO] - Epoch: 342 | Loss: 0.0015 | Val - MRR: 0.3492, MR:  165.81, H@1: 0.262, H@3: 0.380, H@10: 0.524 | 
[2026-03-09 10:16:09,634][root][INFO] - Epoch: 343 | Loss: 0.0015 | Val - MRR: 0.3491, MR:  165.65, H@1: 0.261, H@3: 0.380, H@10: 0.524 | 
[2026-03-09 10:18:52,674][root][INFO] - Epoch: 344 | Loss: 0.0015 | Val - MRR: 0.3488, MR:  165.41, H@1: 0.261, H@3: 0.380, H@10: 0.525 | 
[2026-03-09 10:21:33,707][root][INFO] - Epoch: 345 | Loss: 0.0015 | Val - MRR: 0.3494, MR:  165.08, H@1: 0.262, H@3: 0.380, H@10: 0.525 | 
[2026-03-09 10:24:32,115][root][INFO] - Epoch: 346 | Loss: 0.0015 | Val - MRR: 0.3499, MR:  165.26, H@1: 0.263, H@3: 0.381, H@10: 0.526 | Test - MRR: 0.3450 | *
[2026-03-09 10:27:32,105][root][INFO] - Epoch: 347 | Loss: 0.0015 | Val - MRR: 0.3500, MR:  165.17, H@1: 0.262, H@3: 0.381, H@10: 0.525 | Test - MRR: 0.3451 | *
[2026-03-09 10:30:11,615][root][INFO] - Epoch: 348 | Loss: 0.0015 | Val - MRR: 0.3498, MR:  165.49, H@1: 0.262, H@3: 0.381, H@10: 0.524 | 
[2026-03-09 10:32:52,127][root][INFO] - Epoch: 349 | Loss: 0.0015 | Val - MRR: 0.3495, MR:  164.62, H@1: 0.262, H@3: 0.381, H@10: 0.525 | 
[2026-03-09 10:35:50,541][root][INFO] - Epoch: 350 | Loss: 0.0015 | Val - MRR: 0.3500, MR:  165.35, H@1: 0.262, H@3: 0.382, H@10: 0.527 | Test - MRR: 0.3450 | *
[2026-03-09 10:38:50,075][root][INFO] - Epoch: 351 | Loss: 0.0015 | Val - MRR: 0.3505, MR:  165.25, H@1: 0.263, H@3: 0.380, H@10: 0.525 | Test - MRR: 0.3454 | *
[2026-03-09 10:41:30,038][root][INFO] - Epoch: 352 | Loss: 0.0015 | Val - MRR: 0.3503, MR:  165.44, H@1: 0.263, H@3: 0.380, H@10: 0.526 | 
[2026-03-09 10:44:11,231][root][INFO] - Epoch: 353 | Loss: 0.0015 | Val - MRR: 0.3501, MR:  165.09, H@1: 0.262, H@3: 0.382, H@10: 0.525 | 
[2026-03-09 10:47:09,859][root][INFO] - Epoch: 354 | Loss: 0.0015 | Val - MRR: 0.3511, MR:  165.67, H@1: 0.264, H@3: 0.382, H@10: 0.526 | Test - MRR: 0.3457 | *
[2026-03-09 10:49:50,714][root][INFO] - Epoch: 355 | Loss: 0.0015 | Val - MRR: 0.3496, MR:  164.57, H@1: 0.261, H@3: 0.383, H@10: 0.525 | 
[2026-03-09 10:52:31,125][root][INFO] - Epoch: 356 | Loss: 0.0015 | Val - MRR: 0.3496, MR:  164.67, H@1: 0.261, H@3: 0.383, H@10: 0.527 | 
[2026-03-09 10:55:11,507][root][INFO] - Epoch: 357 | Loss: 0.0015 | Val - MRR: 0.3498, MR:  163.55, H@1: 0.262, H@3: 0.381, H@10: 0.525 | 
[2026-03-09 10:57:52,242][root][INFO] - Epoch: 358 | Loss: 0.0015 | Val - MRR: 0.3500, MR:  164.33, H@1: 0.262, H@3: 0.381, H@10: 0.526 | 
[2026-03-09 11:00:32,478][root][INFO] - Epoch: 359 | Loss: 0.0015 | Val - MRR: 0.3498, MR:  164.03, H@1: 0.262, H@3: 0.380, H@10: 0.526 | 
[2026-03-09 11:03:13,622][root][INFO] - Epoch: 360 | Loss: 0.0015 | Val - MRR: 0.3501, MR:  163.43, H@1: 0.262, H@3: 0.382, H@10: 0.526 | 
[2026-03-09 11:05:54,216][root][INFO] - Epoch: 361 | Loss: 0.0015 | Val - MRR: 0.3495, MR:  163.87, H@1: 0.261, H@3: 0.381, H@10: 0.526 | 
[2026-03-09 11:08:35,378][root][INFO] - Epoch: 362 | Loss: 0.0015 | Val - MRR: 0.3499, MR:  164.57, H@1: 0.262, H@3: 0.381, H@10: 0.526 | 
[2026-03-09 11:11:15,475][root][INFO] - Epoch: 363 | Loss: 0.0015 | Val - MRR: 0.3500, MR:  164.51, H@1: 0.262, H@3: 0.381, H@10: 0.525 | 
[2026-03-09 11:13:56,067][root][INFO] - Epoch: 364 | Loss: 0.0015 | Val - MRR: 0.3495, MR:  165.16, H@1: 0.261, H@3: 0.381, H@10: 0.526 | 
[2026-03-09 11:16:36,870][root][INFO] - Epoch: 365 | Loss: 0.0015 | Val - MRR: 0.3503, MR:  163.69, H@1: 0.263, H@3: 0.381, H@10: 0.526 | 
[2026-03-09 11:19:16,939][root][INFO] - Epoch: 366 | Loss: 0.0015 | Val - MRR: 0.3495, MR:  165.04, H@1: 0.261, H@3: 0.381, H@10: 0.526 | 
[2026-03-09 11:21:58,377][root][INFO] - Epoch: 367 | Loss: 0.0015 | Val - MRR: 0.3500, MR:  164.15, H@1: 0.262, H@3: 0.381, H@10: 0.527 | 
[2026-03-09 11:24:39,857][root][INFO] - Epoch: 368 | Loss: 0.0015 | Val - MRR: 0.3505, MR:  163.07, H@1: 0.262, H@3: 0.382, H@10: 0.527 | 
[2026-03-09 11:27:20,726][root][INFO] - Epoch: 369 | Loss: 0.0015 | Val - MRR: 0.3507, MR:  163.56, H@1: 0.263, H@3: 0.383, H@10: 0.527 | 
[2026-03-09 11:30:00,209][root][INFO] - Epoch: 370 | Loss: 0.0015 | Val - MRR: 0.3507, MR:  163.89, H@1: 0.262, H@3: 0.383, H@10: 0.527 | 
[2026-03-09 11:32:42,302][root][INFO] - Epoch: 371 | Loss: 0.0015 | Val - MRR: 0.3501, MR:  163.89, H@1: 0.262, H@3: 0.382, H@10: 0.527 | 
[2026-03-09 11:35:24,704][root][INFO] - Epoch: 372 | Loss: 0.0015 | Val - MRR: 0.3510, MR:  163.95, H@1: 0.263, H@3: 0.383, H@10: 0.526 | 
[2026-03-09 11:38:26,110][root][INFO] - Epoch: 373 | Loss: 0.0015 | Val - MRR: 0.3513, MR:  163.85, H@1: 0.264, H@3: 0.383, H@10: 0.527 | Test - MRR: 0.3460 | *
[2026-03-09 11:41:08,749][root][INFO] - Epoch: 374 | Loss: 0.0015 | Val - MRR: 0.3506, MR:  162.83, H@1: 0.262, H@3: 0.382, H@10: 0.527 | 
[2026-03-09 11:43:49,701][root][INFO] - Epoch: 375 | Loss: 0.0015 | Val - MRR: 0.3509, MR:  162.85, H@1: 0.263, H@3: 0.382, H@10: 0.527 | 
[2026-03-09 11:46:29,246][root][INFO] - Epoch: 376 | Loss: 0.0015 | Val - MRR: 0.3506, MR:  163.52, H@1: 0.263, H@3: 0.382, H@10: 0.527 | 
[2026-03-09 11:48:59,343][root][INFO] - Epoch: 377 | Loss: 0.0015 | Val - MRR: 0.3500, MR:  164.55, H@1: 0.262, H@3: 0.380, H@10: 0.526 | 
[2026-03-09 11:50:26,500][root][INFO] - Epoch: 378 | Loss: 0.0015 | Val - MRR: 0.3508, MR:  164.49, H@1: 0.263, H@3: 0.382, H@10: 0.526 | 
[2026-03-09 11:51:49,564][root][INFO] - Epoch: 379 | Loss: 0.0015 | Val - MRR: 0.3509, MR:  163.74, H@1: 0.263, H@3: 0.382, H@10: 0.527 | 
[2026-03-09 11:53:17,640][root][INFO] - Epoch: 380 | Loss: 0.0015 | Val - MRR: 0.3509, MR:  163.62, H@1: 0.263, H@3: 0.382, H@10: 0.527 | 
[2026-03-09 11:54:41,961][root][INFO] - Epoch: 381 | Loss: 0.0015 | Val - MRR: 0.3503, MR:  164.24, H@1: 0.262, H@3: 0.382, H@10: 0.527 | 
[2026-03-09 11:56:07,114][root][INFO] - Epoch: 382 | Loss: 0.0015 | Val - MRR: 0.3500, MR:  163.83, H@1: 0.261, H@3: 0.383, H@10: 0.527 | 
[2026-03-09 11:57:45,930][root][INFO] - Epoch: 383 | Loss: 0.0015 | Val - MRR: 0.3502, MR:  163.69, H@1: 0.261, H@3: 0.383, H@10: 0.527 | 
[2026-03-09 11:59:11,193][root][INFO] - Epoch: 384 | Loss: 0.0015 | Val - MRR: 0.3500, MR:  163.17, H@1: 0.261, H@3: 0.382, H@10: 0.528 | 
[2026-03-09 12:00:51,709][root][INFO] - Epoch: 385 | Loss: 0.0015 | Val - MRR: 0.3518, MR:  162.56, H@1: 0.264, H@3: 0.383, H@10: 0.528 | Test - MRR: 0.3465 | *
[2026-03-09 12:02:18,100][root][INFO] - Epoch: 386 | Loss: 0.0015 | Val - MRR: 0.3514, MR:  163.63, H@1: 0.264, H@3: 0.383, H@10: 0.527 | 
[2026-03-09 12:03:42,206][root][INFO] - Epoch: 387 | Loss: 0.0015 | Val - MRR: 0.3514, MR:  162.92, H@1: 0.264, H@3: 0.382, H@10: 0.528 | 
[2026-03-09 12:05:07,219][root][INFO] - Epoch: 388 | Loss: 0.0015 | Val - MRR: 0.3512, MR:  163.49, H@1: 0.263, H@3: 0.382, H@10: 0.528 | 
[2026-03-09 12:06:31,092][root][INFO] - Epoch: 389 | Loss: 0.0015 | Val - MRR: 0.3516, MR:  162.87, H@1: 0.264, H@3: 0.383, H@10: 0.529 | 
[2026-03-09 12:08:01,250][root][INFO] - Epoch: 390 | Loss: 0.0015 | Val - MRR: 0.3516, MR:  162.51, H@1: 0.263, H@3: 0.383, H@10: 0.529 | 
[2026-03-09 12:09:41,033][root][INFO] - Epoch: 391 | Loss: 0.0015 | Val - MRR: 0.3523, MR:  162.05, H@1: 0.264, H@3: 0.385, H@10: 0.529 | Test - MRR: 0.3466 | *
[2026-03-09 12:11:34,633][root][INFO] - Epoch: 392 | Loss: 0.0015 | Val - MRR: 0.3525, MR:  162.36, H@1: 0.264, H@3: 0.384, H@10: 0.528 | Test - MRR: 0.3466 | *
[2026-03-09 12:12:59,792][root][INFO] - Epoch: 393 | Loss: 0.0015 | Val - MRR: 0.3521, MR:  162.21, H@1: 0.264, H@3: 0.383, H@10: 0.530 | 
[2026-03-09 12:14:39,482][root][INFO] - Epoch: 394 | Loss: 0.0015 | Val - MRR: 0.3525, MR:  163.07, H@1: 0.264, H@3: 0.385, H@10: 0.529 | Test - MRR: 0.3468 | *
[2026-03-09 12:16:19,426][root][INFO] - Epoch: 395 | Loss: 0.0015 | Val - MRR: 0.3525, MR:  162.07, H@1: 0.264, H@3: 0.385, H@10: 0.530 | Test - MRR: 0.3467 | *
[2026-03-09 12:17:44,725][root][INFO] - Epoch: 396 | Loss: 0.0015 | Val - MRR: 0.3522, MR:  162.30, H@1: 0.264, H@3: 0.385, H@10: 0.530 | 
[2026-03-09 12:19:08,888][root][INFO] - Epoch: 397 | Loss: 0.0015 | Val - MRR: 0.3520, MR:  162.43, H@1: 0.263, H@3: 0.385, H@10: 0.529 | 
[2026-03-09 12:20:49,298][root][INFO] - Epoch: 398 | Loss: 0.0015 | Val - MRR: 0.3526, MR:  162.62, H@1: 0.264, H@3: 0.386, H@10: 0.529 | Test - MRR: 0.3472 | *
[2026-03-09 12:22:29,727][root][INFO] - Epoch: 399 | Loss: 0.0015 | Val - MRR: 0.3526, MR:  162.38, H@1: 0.264, H@3: 0.385, H@10: 0.529 | Test - MRR: 0.3472 | *
[2026-03-09 12:23:53,432][root][INFO] - Epoch: 400 | Loss: 0.0015 | Val - MRR: 0.3520, MR:  162.10, H@1: 0.264, H@3: 0.384, H@10: 0.529 | 
[2026-03-09 12:25:18,218][root][INFO] - Epoch: 401 | Loss: 0.0015 | Val - MRR: 0.3520, MR:  163.15, H@1: 0.263, H@3: 0.385, H@10: 0.530 | 
[2026-03-09 12:26:59,189][root][INFO] - Epoch: 402 | Loss: 0.0015 | Val - MRR: 0.3527, MR:  162.28, H@1: 0.265, H@3: 0.384, H@10: 0.528 | Test - MRR: 0.3470 | *
[2026-03-09 12:28:21,388][root][INFO] - Epoch: 403 | Loss: 0.0015 | Val - MRR: 0.3519, MR:  162.34, H@1: 0.264, H@3: 0.384, H@10: 0.528 | 
[2026-03-09 12:29:44,316][root][INFO] - Epoch: 404 | Loss: 0.0015 | Val - MRR: 0.3519, MR:  162.79, H@1: 0.263, H@3: 0.384, H@10: 0.529 | 
[2026-03-09 12:31:09,083][root][INFO] - Epoch: 405 | Loss: 0.0015 | Val - MRR: 0.3523, MR:  163.18, H@1: 0.264, H@3: 0.384, H@10: 0.530 | 
[2026-03-09 12:32:32,567][root][INFO] - Epoch: 406 | Loss: 0.0015 | Val - MRR: 0.3524, MR:  161.71, H@1: 0.264, H@3: 0.384, H@10: 0.530 | 
[2026-03-09 12:33:56,092][root][INFO] - Epoch: 407 | Loss: 0.0015 | Val - MRR: 0.3520, MR:  161.13, H@1: 0.264, H@3: 0.384, H@10: 0.529 | 
[2026-03-09 12:35:44,160][root][INFO] - Epoch: 408 | Loss: 0.0015 | Val - MRR: 0.3518, MR:  162.26, H@1: 0.263, H@3: 0.385, H@10: 0.530 | 
[2026-03-09 12:37:08,429][root][INFO] - Epoch: 409 | Loss: 0.0015 | Val - MRR: 0.3518, MR:  162.19, H@1: 0.263, H@3: 0.385, H@10: 0.529 | 
[2026-03-09 12:38:35,690][root][INFO] - Epoch: 410 | Loss: 0.0015 | Val - MRR: 0.3518, MR:  162.26, H@1: 0.264, H@3: 0.383, H@10: 0.530 | 
[2026-03-09 12:39:59,694][root][INFO] - Epoch: 411 | Loss: 0.0015 | Val - MRR: 0.3516, MR:  161.63, H@1: 0.263, H@3: 0.384, H@10: 0.531 | 
[2026-03-09 12:41:22,554][root][INFO] - Epoch: 412 | Loss: 0.0015 | Val - MRR: 0.3516, MR:  163.09, H@1: 0.263, H@3: 0.385, H@10: 0.530 | 
[2026-03-09 12:42:49,182][root][INFO] - Epoch: 413 | Loss: 0.0015 | Val - MRR: 0.3520, MR:  162.73, H@1: 0.264, H@3: 0.384, H@10: 0.530 | 
[2026-03-09 12:44:13,626][root][INFO] - Epoch: 414 | Loss: 0.0015 | Val - MRR: 0.3519, MR:  163.43, H@1: 0.263, H@3: 0.384, H@10: 0.531 | 
[2026-03-09 12:45:36,471][root][INFO] - Epoch: 415 | Loss: 0.0015 | Val - MRR: 0.3523, MR:  161.87, H@1: 0.264, H@3: 0.384, H@10: 0.530 | 
[2026-03-09 12:46:59,549][root][INFO] - Epoch: 416 | Loss: 0.0015 | Val - MRR: 0.3517, MR:  162.91, H@1: 0.263, H@3: 0.383, H@10: 0.530 | 
[2026-03-09 12:48:24,636][root][INFO] - Epoch: 417 | Loss: 0.0015 | Val - MRR: 0.3518, MR:  162.06, H@1: 0.263, H@3: 0.384, H@10: 0.530 | 
[2026-03-09 12:49:48,375][root][INFO] - Epoch: 418 | Loss: 0.0015 | Val - MRR: 0.3524, MR:  162.38, H@1: 0.264, H@3: 0.385, H@10: 0.530 | 
[2026-03-09 12:51:13,250][root][INFO] - Epoch: 419 | Loss: 0.0015 | Val - MRR: 0.3524, MR:  162.53, H@1: 0.263, H@3: 0.385, H@10: 0.531 | 
[2026-03-09 12:52:37,758][root][INFO] - Epoch: 420 | Loss: 0.0015 | Val - MRR: 0.3526, MR:  161.93, H@1: 0.264, H@3: 0.385, H@10: 0.531 | 
[2026-03-09 12:54:02,639][root][INFO] - Epoch: 421 | Loss: 0.0015 | Val - MRR: 0.3513, MR:  161.95, H@1: 0.262, H@3: 0.384, H@10: 0.531 | 
[2026-03-09 12:55:26,430][root][INFO] - Epoch: 422 | Loss: 0.0015 | Val - MRR: 0.3515, MR:  161.86, H@1: 0.262, H@3: 0.384, H@10: 0.531 | 
[2026-03-09 12:56:50,588][root][INFO] - Epoch: 423 | Loss: 0.0015 | Val - MRR: 0.3520, MR:  162.16, H@1: 0.263, H@3: 0.384, H@10: 0.531 | 
[2026-03-09 12:58:14,866][root][INFO] - Epoch: 424 | Loss: 0.0015 | Val - MRR: 0.3521, MR:  161.42, H@1: 0.263, H@3: 0.385, H@10: 0.531 | 
[2026-03-09 12:59:38,085][root][INFO] - Epoch: 425 | Loss: 0.0015 | Val - MRR: 0.3522, MR:  162.45, H@1: 0.263, H@3: 0.384, H@10: 0.531 | 
[2026-03-09 13:01:02,985][root][INFO] - Epoch: 426 | Loss: 0.0015 | Val - MRR: 0.3523, MR:  162.39, H@1: 0.263, H@3: 0.384, H@10: 0.532 | 
[2026-03-09 13:02:26,090][root][INFO] - Epoch: 427 | Loss: 0.0015 | Val - MRR: 0.3520, MR:  162.60, H@1: 0.262, H@3: 0.385, H@10: 0.532 | 
[2026-03-09 13:03:51,242][root][INFO] - Epoch: 428 | Loss: 0.0015 | Val - MRR: 0.3523, MR:  162.51, H@1: 0.263, H@3: 0.385, H@10: 0.530 | 
[2026-03-09 13:05:15,309][root][INFO] - Epoch: 429 | Loss: 0.0015 | Val - MRR: 0.3522, MR:  161.94, H@1: 0.263, H@3: 0.386, H@10: 0.530 | 
[2026-03-09 13:06:55,592][root][INFO] - Epoch: 430 | Loss: 0.0015 | Val - MRR: 0.3529, MR:  161.66, H@1: 0.264, H@3: 0.386, H@10: 0.532 | Test - MRR: 0.3478 | *
[2026-03-09 13:08:19,650][root][INFO] - Epoch: 431 | Loss: 0.0015 | Val - MRR: 0.3522, MR:  161.43, H@1: 0.263, H@3: 0.384, H@10: 0.532 | 
[2026-03-09 13:09:43,002][root][INFO] - Epoch: 432 | Loss: 0.0015 | Val - MRR: 0.3520, MR:  162.16, H@1: 0.263, H@3: 0.384, H@10: 0.531 | 
[2026-03-09 13:11:07,525][root][INFO] - Epoch: 433 | Loss: 0.0015 | Val - MRR: 0.3520, MR:  162.15, H@1: 0.263, H@3: 0.384, H@10: 0.532 | 
[2026-03-09 13:12:30,737][root][INFO] - Epoch: 434 | Loss: 0.0015 | Val - MRR: 0.3520, MR:  161.47, H@1: 0.263, H@3: 0.384, H@10: 0.531 | 
[2026-03-09 13:13:54,528][root][INFO] - Epoch: 435 | Loss: 0.0015 | Val - MRR: 0.3522, MR:  162.04, H@1: 0.263, H@3: 0.384, H@10: 0.531 | 
[2026-03-09 13:15:17,910][root][INFO] - Epoch: 436 | Loss: 0.0015 | Val - MRR: 0.3523, MR:  162.33, H@1: 0.264, H@3: 0.384, H@10: 0.533 | 
[2026-03-09 13:16:41,694][root][INFO] - Epoch: 437 | Loss: 0.0015 | Val - MRR: 0.3519, MR:  162.11, H@1: 0.263, H@3: 0.383, H@10: 0.532 | 
[2026-03-09 13:18:05,208][root][INFO] - Epoch: 438 | Loss: 0.0015 | Val - MRR: 0.3516, MR:  162.20, H@1: 0.262, H@3: 0.384, H@10: 0.531 | 
[2026-03-09 13:19:29,769][root][INFO] - Epoch: 439 | Loss: 0.0015 | Val - MRR: 0.3519, MR:  162.03, H@1: 0.263, H@3: 0.384, H@10: 0.531 | 
[2026-03-09 13:20:52,778][root][INFO] - Epoch: 440 | Loss: 0.0015 | Val - MRR: 0.3519, MR:  162.35, H@1: 0.263, H@3: 0.385, H@10: 0.530 | 
[2026-03-09 13:22:17,371][root][INFO] - Epoch: 441 | Loss: 0.0015 | Val - MRR: 0.3521, MR:  162.27, H@1: 0.263, H@3: 0.385, H@10: 0.530 | 
[2026-03-09 13:23:40,197][root][INFO] - Epoch: 442 | Loss: 0.0015 | Val - MRR: 0.3517, MR:  163.31, H@1: 0.263, H@3: 0.384, H@10: 0.531 | 
[2026-03-09 13:25:04,609][root][INFO] - Epoch: 443 | Loss: 0.0015 | Val - MRR: 0.3520, MR:  163.20, H@1: 0.263, H@3: 0.383, H@10: 0.531 | 
[2026-03-09 13:26:27,759][root][INFO] - Epoch: 444 | Loss: 0.0015 | Val - MRR: 0.3519, MR:  163.06, H@1: 0.263, H@3: 0.384, H@10: 0.532 | 
[2026-03-09 13:27:50,974][root][INFO] - Epoch: 445 | Loss: 0.0015 | Val - MRR: 0.3521, MR:  163.29, H@1: 0.263, H@3: 0.385, H@10: 0.531 | 
[2026-03-09 13:29:13,307][root][INFO] - Epoch: 446 | Loss: 0.0015 | Val - MRR: 0.3520, MR:  163.54, H@1: 0.263, H@3: 0.384, H@10: 0.531 | 
[2026-03-09 13:30:37,501][root][INFO] - Epoch: 447 | Loss: 0.0015 | Val - MRR: 0.3525, MR:  163.53, H@1: 0.264, H@3: 0.385, H@10: 0.532 | 
[2026-03-09 13:32:00,520][root][INFO] - Epoch: 448 | Loss: 0.0015 | Val - MRR: 0.3526, MR:  163.44, H@1: 0.264, H@3: 0.386, H@10: 0.531 | 
[2026-03-09 13:33:25,433][root][INFO] - Epoch: 449 | Loss: 0.0015 | Val - MRR: 0.3526, MR:  162.43, H@1: 0.264, H@3: 0.385, H@10: 0.531 | 
[2026-03-09 13:34:49,387][root][INFO] - Epoch: 450 | Loss: 0.0015 | Val - MRR: 0.3526, MR:  162.28, H@1: 0.264, H@3: 0.385, H@10: 0.531 | 
[2026-03-09 13:36:11,952][root][INFO] - Epoch: 451 | Loss: 0.0015 | Val - MRR: 0.3522, MR:  162.53, H@1: 0.263, H@3: 0.384, H@10: 0.531 | 
[2026-03-09 13:37:36,359][root][INFO] - Epoch: 452 | Loss: 0.0015 | Val - MRR: 0.3525, MR:  162.04, H@1: 0.263, H@3: 0.385, H@10: 0.531 | 
[2026-03-09 13:38:59,694][root][INFO] - Epoch: 453 | Loss: 0.0015 | Val - MRR: 0.3526, MR:  162.15, H@1: 0.264, H@3: 0.385, H@10: 0.531 | 
[2026-03-09 13:40:40,442][root][INFO] - Epoch: 454 | Loss: 0.0015 | Val - MRR: 0.3530, MR:  162.64, H@1: 0.264, H@3: 0.386, H@10: 0.531 | Test - MRR: 0.3484 | *
[2026-03-09 13:42:20,656][root][INFO] - Epoch: 455 | Loss: 0.0015 | Val - MRR: 0.3532, MR:  162.23, H@1: 0.264, H@3: 0.386, H@10: 0.531 | Test - MRR: 0.3484 | *
[2026-03-09 13:43:44,819][root][INFO] - Epoch: 456 | Loss: 0.0015 | Val - MRR: 0.3528, MR:  162.98, H@1: 0.264, H@3: 0.386, H@10: 0.531 | 
[2026-03-09 13:45:25,093][root][INFO] - Epoch: 457 | Loss: 0.0015 | Val - MRR: 0.3535, MR:  162.45, H@1: 0.265, H@3: 0.386, H@10: 0.532 | Test - MRR: 0.3488 | *
[2026-03-09 13:47:05,215][root][INFO] - Epoch: 458 | Loss: 0.0015 | Val - MRR: 0.3536, MR:  161.87, H@1: 0.265, H@3: 0.386, H@10: 0.532 | Test - MRR: 0.3489 | *
[2026-03-09 13:48:28,803][root][INFO] - Epoch: 459 | Loss: 0.0015 | Val - MRR: 0.3535, MR:  162.27, H@1: 0.264, H@3: 0.385, H@10: 0.531 | 
[2026-03-09 13:49:52,084][root][INFO] - Epoch: 460 | Loss: 0.0015 | Val - MRR: 0.3532, MR:  162.42, H@1: 0.264, H@3: 0.385, H@10: 0.531 | 
[2026-03-09 13:51:16,588][root][INFO] - Epoch: 461 | Loss: 0.0015 | Val - MRR: 0.3532, MR:  163.04, H@1: 0.264, H@3: 0.385, H@10: 0.531 | 
[2026-03-09 13:52:55,997][root][INFO] - Epoch: 462 | Loss: 0.0015 | Val - MRR: 0.3540, MR:  161.40, H@1: 0.265, H@3: 0.386, H@10: 0.531 | Test - MRR: 0.3487 | *
[2026-03-09 13:54:20,608][root][INFO] - Epoch: 463 | Loss: 0.0015 | Val - MRR: 0.3533, MR:  162.28, H@1: 0.264, H@3: 0.386, H@10: 0.531 | 
[2026-03-09 13:55:43,802][root][INFO] - Epoch: 464 | Loss: 0.0015 | Val - MRR: 0.3537, MR:  161.57, H@1: 0.264, H@3: 0.387, H@10: 0.532 | 
[2026-03-09 13:57:24,370][root][INFO] - Epoch: 465 | Loss: 0.0015 | Val - MRR: 0.3542, MR:  161.20, H@1: 0.265, H@3: 0.387, H@10: 0.532 | Test - MRR: 0.3492 | *
[2026-03-09 13:58:47,809][root][INFO] - Epoch: 466 | Loss: 0.0015 | Val - MRR: 0.3539, MR:  162.18, H@1: 0.265, H@3: 0.386, H@10: 0.532 | 
[2026-03-09 14:00:12,343][root][INFO] - Epoch: 467 | Loss: 0.0015 | Val - MRR: 0.3541, MR:  161.39, H@1: 0.265, H@3: 0.386, H@10: 0.532 | 
[2026-03-09 14:01:53,192][root][INFO] - Epoch: 468 | Loss: 0.0015 | Val - MRR: 0.3545, MR:  162.02, H@1: 0.266, H@3: 0.387, H@10: 0.533 | Test - MRR: 0.3488 | *
[2026-03-09 14:03:17,296][root][INFO] - Epoch: 469 | Loss: 0.0015 | Val - MRR: 0.3544, MR:  161.86, H@1: 0.266, H@3: 0.387, H@10: 0.532 | 
[2026-03-09 14:04:41,725][root][INFO] - Epoch: 470 | Loss: 0.0015 | Val - MRR: 0.3541, MR:  162.25, H@1: 0.265, H@3: 0.387, H@10: 0.533 | 
[2026-03-09 14:06:04,688][root][INFO] - Epoch: 471 | Loss: 0.0015 | Val - MRR: 0.3538, MR:  161.64, H@1: 0.265, H@3: 0.386, H@10: 0.532 | 
[2026-03-09 14:07:28,465][root][INFO] - Epoch: 472 | Loss: 0.0015 | Val - MRR: 0.3540, MR:  161.97, H@1: 0.266, H@3: 0.385, H@10: 0.531 | 
[2026-03-09 14:08:53,243][root][INFO] - Epoch: 473 | Loss: 0.0015 | Val - MRR: 0.3537, MR:  163.12, H@1: 0.265, H@3: 0.386, H@10: 0.532 | 
[2026-03-09 14:10:17,797][root][INFO] - Epoch: 474 | Loss: 0.0015 | Val - MRR: 0.3541, MR:  161.91, H@1: 0.265, H@3: 0.385, H@10: 0.533 | 
[2026-03-09 14:11:43,657][root][INFO] - Epoch: 475 | Loss: 0.0015 | Val - MRR: 0.3539, MR:  162.09, H@1: 0.265, H@3: 0.387, H@10: 0.532 | 
[2026-03-09 14:13:07,839][root][INFO] - Epoch: 476 | Loss: 0.0015 | Val - MRR: 0.3539, MR:  161.41, H@1: 0.265, H@3: 0.387, H@10: 0.533 | 
[2026-03-09 14:14:31,065][root][INFO] - Epoch: 477 | Loss: 0.0015 | Val - MRR: 0.3538, MR:  162.14, H@1: 0.265, H@3: 0.385, H@10: 0.533 | 
[2026-03-09 14:15:56,198][root][INFO] - Epoch: 478 | Loss: 0.0015 | Val - MRR: 0.3540, MR:  161.97, H@1: 0.265, H@3: 0.386, H@10: 0.533 | 
[2026-03-09 14:17:37,994][root][INFO] - Epoch: 479 | Loss: 0.0015 | Val - MRR: 0.3547, MR:  162.11, H@1: 0.266, H@3: 0.386, H@10: 0.534 | Test - MRR: 0.3493 | *
[2026-03-09 14:19:02,036][root][INFO] - Epoch: 480 | Loss: 0.0015 | Val - MRR: 0.3540, MR:  162.97, H@1: 0.265, H@3: 0.385, H@10: 0.533 | 
[2026-03-09 14:20:26,863][root][INFO] - Epoch: 481 | Loss: 0.0015 | Val - MRR: 0.3536, MR:  162.14, H@1: 0.265, H@3: 0.386, H@10: 0.532 | 
[2026-03-09 14:21:49,710][root][INFO] - Epoch: 482 | Loss: 0.0015 | Val - MRR: 0.3535, MR:  161.86, H@1: 0.264, H@3: 0.386, H@10: 0.533 | 
[2026-03-09 14:23:13,707][root][INFO] - Epoch: 483 | Loss: 0.0015 | Val - MRR: 0.3533, MR:  162.43, H@1: 0.264, H@3: 0.385, H@10: 0.533 | 
[2026-03-09 14:24:37,738][root][INFO] - Epoch: 484 | Loss: 0.0015 | Val - MRR: 0.3535, MR:  161.67, H@1: 0.265, H@3: 0.385, H@10: 0.533 | 
[2026-03-09 14:26:00,999][root][INFO] - Epoch: 485 | Loss: 0.0015 | Val - MRR: 0.3534, MR:  162.14, H@1: 0.265, H@3: 0.386, H@10: 0.533 | 
[2026-03-09 14:27:24,948][root][INFO] - Epoch: 486 | Loss: 0.0015 | Val - MRR: 0.3539, MR:  161.82, H@1: 0.265, H@3: 0.386, H@10: 0.534 | 
[2026-03-09 14:28:49,277][root][INFO] - Epoch: 487 | Loss: 0.0015 | Val - MRR: 0.3540, MR:  162.26, H@1: 0.265, H@3: 0.386, H@10: 0.534 | 
[2026-03-09 14:30:13,870][root][INFO] - Epoch: 488 | Loss: 0.0015 | Val - MRR: 0.3536, MR:  161.73, H@1: 0.264, H@3: 0.387, H@10: 0.534 | 
[2026-03-09 14:31:36,799][root][INFO] - Epoch: 489 | Loss: 0.0015 | Val - MRR: 0.3540, MR:  161.71, H@1: 0.265, H@3: 0.386, H@10: 0.534 | 
[2026-03-09 14:33:02,369][root][INFO] - Epoch: 490 | Loss: 0.0015 | Val - MRR: 0.3544, MR:  161.41, H@1: 0.266, H@3: 0.386, H@10: 0.534 | 
[2026-03-09 14:34:25,649][root][INFO] - Epoch: 491 | Loss: 0.0015 | Val - MRR: 0.3541, MR:  161.80, H@1: 0.265, H@3: 0.386, H@10: 0.534 | 
[2026-03-09 14:35:49,710][root][INFO] - Epoch: 492 | Loss: 0.0015 | Val - MRR: 0.3538, MR:  161.15, H@1: 0.265, H@3: 0.385, H@10: 0.533 | 
[2026-03-09 14:37:13,780][root][INFO] - Epoch: 493 | Loss: 0.0015 | Val - MRR: 0.3538, MR:  161.92, H@1: 0.264, H@3: 0.387, H@10: 0.533 | 
[2026-03-09 14:38:36,609][root][INFO] - Epoch: 494 | Loss: 0.0015 | Val - MRR: 0.3541, MR:  161.68, H@1: 0.265, H@3: 0.386, H@10: 0.533 | 
[2026-03-09 14:39:59,768][root][INFO] - Epoch: 495 | Loss: 0.0015 | Val - MRR: 0.3543, MR:  160.90, H@1: 0.265, H@3: 0.385, H@10: 0.534 | 
[2026-03-09 14:41:23,797][root][INFO] - Epoch: 496 | Loss: 0.0015 | Val - MRR: 0.3544, MR:  161.23, H@1: 0.265, H@3: 0.386, H@10: 0.534 | 
[2026-03-09 14:42:48,494][root][INFO] - Epoch: 497 | Loss: 0.0015 | Val - MRR: 0.3541, MR:  161.78, H@1: 0.265, H@3: 0.385, H@10: 0.533 | 
[2026-03-09 14:44:10,171][root][INFO] - Epoch: 498 | Loss: 0.0015 | Val - MRR: 0.3539, MR:  161.20, H@1: 0.265, H@3: 0.385, H@10: 0.534 | 
[2026-03-09 14:45:33,801][root][INFO] - Epoch: 499 | Loss: 0.0015 | Val - MRR: 0.3542, MR:  161.42, H@1: 0.265, H@3: 0.386, H@10: 0.534 | 
[2026-03-09 14:46:57,647][root][INFO] - Epoch: 500 | Loss: 0.0015 | Val - MRR: 0.3544, MR:  162.09, H@1: 0.265, H@3: 0.386, H@10: 0.534 | 
[2026-03-09 14:48:22,572][root][INFO] - Epoch: 501 | Loss: 0.0015 | Val - MRR: 0.3537, MR:  161.74, H@1: 0.265, H@3: 0.385, H@10: 0.533 | 
[2026-03-09 14:49:45,908][root][INFO] - Epoch: 502 | Loss: 0.0015 | Val - MRR: 0.3538, MR:  161.85, H@1: 0.265, H@3: 0.385, H@10: 0.532 | 
[2026-03-09 14:51:10,806][root][INFO] - Epoch: 503 | Loss: 0.0015 | Val - MRR: 0.3539, MR:  160.75, H@1: 0.265, H@3: 0.386, H@10: 0.533 | 
[2026-03-09 14:52:35,275][root][INFO] - Epoch: 504 | Loss: 0.0015 | Val - MRR: 0.3539, MR:  160.98, H@1: 0.264, H@3: 0.386, H@10: 0.533 | 
[2026-03-09 14:53:59,017][root][INFO] - Epoch: 505 | Loss: 0.0015 | Val - MRR: 0.3545, MR:  161.17, H@1: 0.265, H@3: 0.386, H@10: 0.533 | 
[2026-03-09 14:55:22,455][root][INFO] - Epoch: 506 | Loss: 0.0015 | Val - MRR: 0.3539, MR:  161.96, H@1: 0.264, H@3: 0.385, H@10: 0.534 | 
[2026-03-09 14:56:46,793][root][INFO] - Epoch: 507 | Loss: 0.0015 | Val - MRR: 0.3542, MR:  161.46, H@1: 0.265, H@3: 0.386, H@10: 0.534 | 
[2026-03-09 14:58:10,582][root][INFO] - Epoch: 508 | Loss: 0.0015 | Val - MRR: 0.3540, MR:  160.90, H@1: 0.265, H@3: 0.387, H@10: 0.533 | 
[2026-03-09 14:59:34,113][root][INFO] - Epoch: 509 | Loss: 0.0015 | Val - MRR: 0.3541, MR:  161.43, H@1: 0.265, H@3: 0.387, H@10: 0.534 | 
[2026-03-09 15:00:57,900][root][INFO] - Epoch: 510 | Loss: 0.0015 | Val - MRR: 0.3545, MR:  161.01, H@1: 0.265, H@3: 0.388, H@10: 0.533 | 
[2026-03-09 15:02:20,003][root][INFO] - Epoch: 511 | Loss: 0.0015 | Val - MRR: 0.3543, MR:  161.10, H@1: 0.265, H@3: 0.386, H@10: 0.533 | 
[2026-03-09 15:04:00,187][root][INFO] - Epoch: 512 | Loss: 0.0015 | Val - MRR: 0.3547, MR:  161.41, H@1: 0.266, H@3: 0.387, H@10: 0.533 | Test - MRR: 0.3496 | *
[2026-03-09 15:05:24,830][root][INFO] - Epoch: 513 | Loss: 0.0015 | Val - MRR: 0.3544, MR:  162.38, H@1: 0.265, H@3: 0.386, H@10: 0.533 | 
[2026-03-09 15:06:49,832][root][INFO] - Epoch: 514 | Loss: 0.0015 | Val - MRR: 0.3539, MR:  162.24, H@1: 0.264, H@3: 0.388, H@10: 0.533 | 
[2026-03-09 15:08:13,305][root][INFO] - Epoch: 515 | Loss: 0.0015 | Val - MRR: 0.3540, MR:  162.00, H@1: 0.265, H@3: 0.387, H@10: 0.533 | 
[2026-03-09 15:09:37,563][root][INFO] - Epoch: 516 | Loss: 0.0015 | Val - MRR: 0.3543, MR:  162.35, H@1: 0.265, H@3: 0.387, H@10: 0.534 | 
[2026-03-09 15:11:01,892][root][INFO] - Epoch: 517 | Loss: 0.0015 | Val - MRR: 0.3538, MR:  162.22, H@1: 0.264, H@3: 0.388, H@10: 0.533 | 
[2026-03-09 15:12:25,374][root][INFO] - Epoch: 518 | Loss: 0.0015 | Val - MRR: 0.3543, MR:  161.54, H@1: 0.265, H@3: 0.387, H@10: 0.534 | 
[2026-03-09 15:13:49,807][root][INFO] - Epoch: 519 | Loss: 0.0015 | Val - MRR: 0.3540, MR:  162.09, H@1: 0.265, H@3: 0.387, H@10: 0.533 | 
[2026-03-09 15:15:12,695][root][INFO] - Epoch: 520 | Loss: 0.0015 | Val - MRR: 0.3544, MR:  161.48, H@1: 0.265, H@3: 0.387, H@10: 0.534 | 
[2026-03-09 15:16:37,058][root][INFO] - Epoch: 521 | Loss: 0.0015 | Val - MRR: 0.3546, MR:  160.98, H@1: 0.265, H@3: 0.387, H@10: 0.534 | 
[2026-03-09 15:18:00,066][root][INFO] - Epoch: 522 | Loss: 0.0015 | Val - MRR: 0.3545, MR:  161.65, H@1: 0.265, H@3: 0.387, H@10: 0.534 | 
[2026-03-09 15:19:23,592][root][INFO] - Epoch: 523 | Loss: 0.0015 | Val - MRR: 0.3540, MR:  161.74, H@1: 0.264, H@3: 0.386, H@10: 0.534 | 
[2026-03-09 15:20:47,724][root][INFO] - Epoch: 524 | Loss: 0.0015 | Val - MRR: 0.3539, MR:  161.37, H@1: 0.264, H@3: 0.386, H@10: 0.534 | 
[2026-03-09 15:22:10,552][root][INFO] - Epoch: 525 | Loss: 0.0015 | Val - MRR: 0.3544, MR:  162.06, H@1: 0.265, H@3: 0.387, H@10: 0.534 | 
[2026-03-09 15:23:35,438][root][INFO] - Epoch: 526 | Loss: 0.0015 | Val - MRR: 0.3541, MR:  161.79, H@1: 0.264, H@3: 0.386, H@10: 0.534 | 
[2026-03-09 15:24:57,899][root][INFO] - Epoch: 527 | Loss: 0.0015 | Val - MRR: 0.3541, MR:  160.98, H@1: 0.264, H@3: 0.387, H@10: 0.534 | 
[2026-03-09 15:26:22,470][root][INFO] - Epoch: 528 | Loss: 0.0015 | Val - MRR: 0.3544, MR:  161.32, H@1: 0.265, H@3: 0.386, H@10: 0.534 | 
[2026-03-09 15:27:44,910][root][INFO] - Epoch: 529 | Loss: 0.0015 | Val - MRR: 0.3540, MR:  160.93, H@1: 0.264, H@3: 0.386, H@10: 0.535 | 
[2026-03-09 15:29:09,796][root][INFO] - Epoch: 530 | Loss: 0.0015 | Val - MRR: 0.3539, MR:  160.77, H@1: 0.264, H@3: 0.386, H@10: 0.534 | 
[2026-03-09 15:30:34,096][root][INFO] - Epoch: 531 | Loss: 0.0015 | Val - MRR: 0.3538, MR:  162.18, H@1: 0.264, H@3: 0.386, H@10: 0.534 | 
[2026-03-09 15:31:58,272][root][INFO] - Epoch: 532 | Loss: 0.0015 | Val - MRR: 0.3539, MR:  161.68, H@1: 0.264, H@3: 0.386, H@10: 0.534 | 
[2026-03-09 15:33:22,352][root][INFO] - Epoch: 533 | Loss: 0.0015 | Val - MRR: 0.3542, MR:  161.48, H@1: 0.265, H@3: 0.386, H@10: 0.534 | 
[2026-03-09 15:34:47,019][root][INFO] - Epoch: 534 | Loss: 0.0015 | Val - MRR: 0.3541, MR:  161.80, H@1: 0.265, H@3: 0.386, H@10: 0.534 | 
[2026-03-09 15:36:10,987][root][INFO] - Epoch: 535 | Loss: 0.0015 | Val - MRR: 0.3545, MR:  161.46, H@1: 0.265, H@3: 0.386, H@10: 0.534 | 
[2026-03-09 15:37:35,519][root][INFO] - Epoch: 536 | Loss: 0.0015 | Val - MRR: 0.3545, MR:  160.59, H@1: 0.265, H@3: 0.387, H@10: 0.534 | 
[2026-03-09 15:39:01,209][root][INFO] - Epoch: 537 | Loss: 0.0015 | Val - MRR: 0.3546, MR:  161.32, H@1: 0.265, H@3: 0.387, H@10: 0.534 | 
[2026-03-09 15:40:25,767][root][INFO] - Epoch: 538 | Loss: 0.0015 | Val - MRR: 0.3546, MR:  161.48, H@1: 0.265, H@3: 0.387, H@10: 0.534 | 
[2026-03-09 15:41:49,741][root][INFO] - Epoch: 539 | Loss: 0.0015 | Val - MRR: 0.3545, MR:  160.69, H@1: 0.265, H@3: 0.387, H@10: 0.534 | 
[2026-03-09 15:43:31,063][root][INFO] - Epoch: 540 | Loss: 0.0015 | Val - MRR: 0.3548, MR:  161.35, H@1: 0.265, H@3: 0.387, H@10: 0.534 | Test - MRR: 0.3492 | *
[2026-03-09 15:45:13,373][root][INFO] - Epoch: 541 | Loss: 0.0015 | Val - MRR: 0.3550, MR:  161.48, H@1: 0.265, H@3: 0.387, H@10: 0.534 | Test - MRR: 0.3496 | *
[2026-03-09 15:46:37,780][root][INFO] - Epoch: 542 | Loss: 0.0015 | Val - MRR: 0.3548, MR:  161.06, H@1: 0.265, H@3: 0.387, H@10: 0.533 | 
[2026-03-09 15:48:01,421][root][INFO] - Epoch: 543 | Loss: 0.0015 | Val - MRR: 0.3548, MR:  160.82, H@1: 0.265, H@3: 0.387, H@10: 0.534 | 
[2026-03-09 15:49:42,819][root][INFO] - Epoch: 544 | Loss: 0.0015 | Val - MRR: 0.3552, MR:  161.16, H@1: 0.266, H@3: 0.387, H@10: 0.534 | Test - MRR: 0.3501 | *
[2026-03-09 15:51:23,443][root][INFO] - Epoch: 545 | Loss: 0.0015 | Val - MRR: 0.3553, MR:  160.81, H@1: 0.266, H@3: 0.387, H@10: 0.534 | Test - MRR: 0.3499 | *
[2026-03-09 15:52:47,880][root][INFO] - Epoch: 546 | Loss: 0.0015 | Val - MRR: 0.3551, MR:  161.57, H@1: 0.266, H@3: 0.387, H@10: 0.534 | 
[2026-03-09 15:54:11,178][root][INFO] - Epoch: 547 | Loss: 0.0015 | Val - MRR: 0.3551, MR:  161.60, H@1: 0.266, H@3: 0.387, H@10: 0.534 | 
[2026-03-09 15:55:52,635][root][INFO] - Epoch: 548 | Loss: 0.0015 | Val - MRR: 0.3554, MR:  160.27, H@1: 0.266, H@3: 0.387, H@10: 0.535 | Test - MRR: 0.3499 | *
[2026-03-09 15:57:16,475][root][INFO] - Epoch: 549 | Loss: 0.0015 | Val - MRR: 0.3552, MR:  161.19, H@1: 0.266, H@3: 0.387, H@10: 0.534 | 
[2026-03-09 15:58:39,585][root][INFO] - Epoch: 550 | Loss: 0.0015 | Val - MRR: 0.3550, MR:  160.82, H@1: 0.265, H@3: 0.387, H@10: 0.535 | 
[2026-03-09 16:00:03,455][root][INFO] - Epoch: 551 | Loss: 0.0015 | Val - MRR: 0.3548, MR:  161.56, H@1: 0.265, H@3: 0.387, H@10: 0.534 | 
[2026-03-09 16:01:29,870][root][INFO] - Epoch: 552 | Loss: 0.0015 | Val - MRR: 0.3552, MR:  161.09, H@1: 0.266, H@3: 0.387, H@10: 0.535 | 
[2026-03-09 16:02:53,914][root][INFO] - Epoch: 553 | Loss: 0.0015 | Val - MRR: 0.3550, MR:  162.76, H@1: 0.265, H@3: 0.387, H@10: 0.535 | 
[2026-03-09 16:04:18,183][root][INFO] - Epoch: 554 | Loss: 0.0015 | Val - MRR: 0.3553, MR:  161.35, H@1: 0.266, H@3: 0.387, H@10: 0.535 | 
[2026-03-09 16:05:41,338][root][INFO] - Epoch: 555 | Loss: 0.0015 | Val - MRR: 0.3553, MR:  161.32, H@1: 0.266, H@3: 0.388, H@10: 0.535 | 
[2026-03-09 16:07:05,582][root][INFO] - Epoch: 556 | Loss: 0.0015 | Val - MRR: 0.3548, MR:  161.78, H@1: 0.265, H@3: 0.387, H@10: 0.535 | 
[2026-03-09 16:08:30,257][root][INFO] - Epoch: 557 | Loss: 0.0015 | Val - MRR: 0.3554, MR:  161.78, H@1: 0.266, H@3: 0.388, H@10: 0.535 | 
[2026-03-09 16:09:55,141][root][INFO] - Epoch: 558 | Loss: 0.0015 | Val - MRR: 0.3549, MR:  160.73, H@1: 0.265, H@3: 0.387, H@10: 0.535 | 
[2026-03-09 16:11:20,239][root][INFO] - Epoch: 559 | Loss: 0.0015 | Val - MRR: 0.3553, MR:  160.62, H@1: 0.266, H@3: 0.387, H@10: 0.535 | 
[2026-03-09 16:12:46,116][root][INFO] - Epoch: 560 | Loss: 0.0015 | Val - MRR: 0.3548, MR:  162.56, H@1: 0.265, H@3: 0.388, H@10: 0.534 | 
[2026-03-09 16:14:10,155][root][INFO] - Epoch: 561 | Loss: 0.0015 | Val - MRR: 0.3549, MR:  161.90, H@1: 0.265, H@3: 0.388, H@10: 0.534 | 
[2026-03-09 16:15:33,318][root][INFO] - Epoch: 562 | Loss: 0.0015 | Val - MRR: 0.3550, MR:  161.03, H@1: 0.265, H@3: 0.388, H@10: 0.534 | 
[2026-03-09 16:16:57,036][root][INFO] - Epoch: 563 | Loss: 0.0015 | Val - MRR: 0.3548, MR:  161.65, H@1: 0.265, H@3: 0.388, H@10: 0.534 | 
[2026-03-09 16:18:21,987][root][INFO] - Epoch: 564 | Loss: 0.0015 | Val - MRR: 0.3549, MR:  161.46, H@1: 0.265, H@3: 0.387, H@10: 0.534 | 
[2026-03-09 16:19:46,463][root][INFO] - Epoch: 565 | Loss: 0.0015 | Val - MRR: 0.3552, MR:  161.03, H@1: 0.266, H@3: 0.388, H@10: 0.534 | 
[2026-03-09 16:21:11,279][root][INFO] - Epoch: 566 | Loss: 0.0015 | Val - MRR: 0.3551, MR:  161.42, H@1: 0.265, H@3: 0.387, H@10: 0.534 | 
[2026-03-09 16:22:35,069][root][INFO] - Epoch: 567 | Loss: 0.0015 | Val - MRR: 0.3551, MR:  161.16, H@1: 0.265, H@3: 0.388, H@10: 0.534 | 
[2026-03-09 16:24:00,863][root][INFO] - Epoch: 568 | Loss: 0.0015 | Val - MRR: 0.3552, MR:  161.03, H@1: 0.265, H@3: 0.388, H@10: 0.534 | 
[2026-03-09 16:25:23,730][root][INFO] - Epoch: 569 | Loss: 0.0015 | Val - MRR: 0.3553, MR:  161.57, H@1: 0.266, H@3: 0.388, H@10: 0.534 | 
[2026-03-09 16:26:47,825][root][INFO] - Epoch: 570 | Loss: 0.0015 | Val - MRR: 0.3551, MR:  162.16, H@1: 0.266, H@3: 0.388, H@10: 0.534 | 
[2026-03-09 16:28:27,516][root][INFO] - Epoch: 571 | Loss: 0.0015 | Val - MRR: 0.3555, MR:  162.33, H@1: 0.266, H@3: 0.388, H@10: 0.535 | Test - MRR: 0.3499 | *
[2026-03-09 16:29:52,693][root][INFO] - Epoch: 572 | Loss: 0.0015 | Val - MRR: 0.3554, MR:  162.01, H@1: 0.266, H@3: 0.387, H@10: 0.535 | 
[2026-03-09 16:31:32,796][root][INFO] - Epoch: 573 | Loss: 0.0015 | Val - MRR: 0.3556, MR:  160.94, H@1: 0.266, H@3: 0.388, H@10: 0.535 | Test - MRR: 0.3500 | *
[2026-03-09 16:32:56,868][root][INFO] - Epoch: 574 | Loss: 0.0015 | Val - MRR: 0.3552, MR:  161.33, H@1: 0.266, H@3: 0.387, H@10: 0.535 | 
[2026-03-09 16:34:19,903][root][INFO] - Epoch: 575 | Loss: 0.0015 | Val - MRR: 0.3553, MR:  161.23, H@1: 0.266, H@3: 0.388, H@10: 0.535 | 
[2026-03-09 16:36:01,634][root][INFO] - Epoch: 576 | Loss: 0.0015 | Val - MRR: 0.3557, MR:  160.90, H@1: 0.266, H@3: 0.388, H@10: 0.535 | Test - MRR: 0.3501 | *
[2026-03-09 16:37:25,642][root][INFO] - Epoch: 577 | Loss: 0.0015 | Val - MRR: 0.3554, MR:  161.58, H@1: 0.266, H@3: 0.387, H@10: 0.535 | 
[2026-03-09 16:38:54,137][root][INFO] - Epoch: 578 | Loss: 0.0015 | Val - MRR: 0.3554, MR:  160.70, H@1: 0.266, H@3: 0.388, H@10: 0.535 | 
[2026-03-09 16:40:17,673][root][INFO] - Epoch: 579 | Loss: 0.0015 | Val - MRR: 0.3555, MR:  161.04, H@1: 0.266, H@3: 0.388, H@10: 0.535 | 
[2026-03-09 16:41:41,332][root][INFO] - Epoch: 580 | Loss: 0.0015 | Val - MRR: 0.3550, MR:  161.08, H@1: 0.265, H@3: 0.387, H@10: 0.535 | 
[2026-03-09 16:43:07,829][root][INFO] - Epoch: 581 | Loss: 0.0015 | Val - MRR: 0.3553, MR:  161.60, H@1: 0.266, H@3: 0.388, H@10: 0.534 | 
[2026-03-09 16:44:32,584][root][INFO] - Epoch: 582 | Loss: 0.0015 | Val - MRR: 0.3556, MR:  161.00, H@1: 0.266, H@3: 0.387, H@10: 0.535 | 
[2026-03-09 16:45:57,664][root][INFO] - Epoch: 583 | Loss: 0.0015 | Val - MRR: 0.3554, MR:  161.25, H@1: 0.266, H@3: 0.388, H@10: 0.535 | 
[2026-03-09 16:47:20,222][root][INFO] - Epoch: 584 | Loss: 0.0015 | Val - MRR: 0.3551, MR:  161.28, H@1: 0.265, H@3: 0.387, H@10: 0.535 | 
[2026-03-09 16:48:43,588][root][INFO] - Epoch: 585 | Loss: 0.0015 | Val - MRR: 0.3555, MR:  160.88, H@1: 0.266, H@3: 0.387, H@10: 0.534 | 
[2026-03-09 16:50:06,795][root][INFO] - Epoch: 586 | Loss: 0.0015 | Val - MRR: 0.3554, MR:  161.34, H@1: 0.266, H@3: 0.388, H@10: 0.535 | 
[2026-03-09 16:51:31,135][root][INFO] - Epoch: 587 | Loss: 0.0015 | Val - MRR: 0.3551, MR:  161.77, H@1: 0.266, H@3: 0.388, H@10: 0.534 | 
[2026-03-09 16:52:54,828][root][INFO] - Epoch: 588 | Loss: 0.0015 | Val - MRR: 0.3552, MR:  162.53, H@1: 0.266, H@3: 0.387, H@10: 0.534 | 
[2026-03-09 16:54:18,344][root][INFO] - Epoch: 589 | Loss: 0.0015 | Val - MRR: 0.3556, MR:  161.37, H@1: 0.266, H@3: 0.388, H@10: 0.534 | 
[2026-03-09 16:55:42,027][root][INFO] - Epoch: 590 | Loss: 0.0015 | Val - MRR: 0.3555, MR:  161.22, H@1: 0.266, H@3: 0.388, H@10: 0.534 | 
[2026-03-09 16:57:06,030][root][INFO] - Epoch: 591 | Loss: 0.0015 | Val - MRR: 0.3551, MR:  161.82, H@1: 0.266, H@3: 0.387, H@10: 0.534 | 
[2026-03-09 16:58:29,867][root][INFO] - Epoch: 592 | Loss: 0.0015 | Val - MRR: 0.3554, MR:  161.00, H@1: 0.266, H@3: 0.388, H@10: 0.534 | 
[2026-03-09 17:00:10,656][root][INFO] - Epoch: 593 | Loss: 0.0015 | Val - MRR: 0.3558, MR:  160.59, H@1: 0.266, H@3: 0.388, H@10: 0.534 | Test - MRR: 0.3505 | *
[2026-03-09 17:01:35,223][root][INFO] - Epoch: 594 | Loss: 0.0015 | Val - MRR: 0.3551, MR:  161.66, H@1: 0.266, H@3: 0.387, H@10: 0.534 | 
[2026-03-09 17:02:58,622][root][INFO] - Epoch: 595 | Loss: 0.0015 | Val - MRR: 0.3555, MR:  161.90, H@1: 0.266, H@3: 0.388, H@10: 0.534 | 
[2026-03-09 17:04:22,102][root][INFO] - Epoch: 596 | Loss: 0.0015 | Val - MRR: 0.3554, MR:  161.35, H@1: 0.266, H@3: 0.388, H@10: 0.534 | 
[2026-03-09 17:05:45,587][root][INFO] - Epoch: 597 | Loss: 0.0015 | Val - MRR: 0.3554, MR:  161.19, H@1: 0.266, H@3: 0.387, H@10: 0.534 | 
[2026-03-09 17:07:09,972][root][INFO] - Epoch: 598 | Loss: 0.0015 | Val - MRR: 0.3554, MR:  161.97, H@1: 0.266, H@3: 0.388, H@10: 0.534 | 
[2026-03-09 17:08:34,063][root][INFO] - Epoch: 599 | Loss: 0.0015 | Val - MRR: 0.3554, MR:  160.87, H@1: 0.266, H@3: 0.388, H@10: 0.535 | 
[2026-03-09 17:08:34,064][root][INFO] - Training end...
[2026-03-09 17:08:34,064][root][INFO] - Train metrics ...
[2026-03-09 17:09:42,375][root][INFO] - Train (head) - MRR: 0.4762, MR:   27.17, H@1: 0.350, H@3: 0.545, H@10: 0.722
[2026-03-09 17:09:42,376][root][INFO] - Train (tail) - MRR: 0.5753, MR:   18.09, H@1: 0.453, H@3: 0.650, H@10: 0.807
[2026-03-09 17:09:42,376][root][INFO] - Train (avg) - MRR: 0.5258, MR:   22.63, H@1: 0.401, H@3: 0.597, H@10: 0.764

[2026-03-09 17:09:42,376][root][INFO] - Valid metrics ...
[2026-03-09 17:09:58,193][root][INFO] - Valid (head) - MRR: 0.2546, MR:  214.18, H@1: 0.169, H@3: 0.278, H@10: 0.429
[2026-03-09 17:09:58,193][root][INFO] - Valid (tail) - MRR: 0.4563, MR:  107.56, H@1: 0.363, H@3: 0.498, H@10: 0.640
[2026-03-09 17:09:58,193][root][INFO] - Valid (avg) - MRR: 0.3554, MR:  160.87, H@1: 0.266, H@3: 0.388, H@10: 0.535

[2026-03-09 17:09:58,193][root][INFO] - Test metrics...
[2026-03-09 17:10:14,954][root][INFO] - Test (head) - MRR: 0.2527, MR:  220.13, H@1: 0.167, H@3: 0.277, H@10: 0.426
[2026-03-09 17:10:14,955][root][INFO] - Test (tail) - MRR: 0.4478, MR:  121.01, H@1: 0.353, H@3: 0.491, H@10: 0.634
[2026-03-09 17:10:14,955][root][INFO] - Test (avg) - MRR: 0.3503, MR:  170.57, H@1: 0.260, H@3: 0.384, H@10: 0.530

[2026-03-09 17:10:14,955][root][INFO] - Model save path: /home/wangwei/DSGNet-main/DSGNet/data/output/FB15k_237/2026-03-09/00-45-52
