[2026-03-14 23:52:34,771][root][INFO] - 
------Config------
 {'dataset': 'WN18RR', 'epoch': 800, 'batch_size': 256, 'learning_rate': 0.0015, 'h_dim': 200, 'pred_rel_w': True, 'label_smooth': 0.1, 'n_heads': 4, 'topk': 5, 'kg_layer': 1, 'rm_rate': 0.4, 'ent_drop': 0.2, 'rel_drop': 0, 'comp_op': 'mul', 'bn': True, 'k_h': 10, 'k_w': 20, 'ent_drop_pred': 0.3, 'conv_drop': 0.1, 'fc_drop': 0.4, 'ker_sz': 7, 'out_channel': 250, 'device': 1, 'max_no_improve': 45, 'cpu_worker_num': 10, 'warmup_epoch': 5}
[2026-03-14 23:52:34,771][root][INFO] - Code dir path: /home/wangwei/DSGNet-main/DSGNet/code_new
[2026-03-14 23:52:34,771][root][INFO] - Config dir path: /home/wangwei/DSGNet-main/DSGNet/config
[2026-03-14 23:52:34,771][root][INFO] - Model save path: /home/wangwei/DSGNet-main/DSGNet/data/output/WN18RR/2026-03-14/23-52-34
[2026-03-14 23:52:37,193][root][INFO] - kg # node: 40943
[2026-03-14 23:52:37,193][root][INFO] - kg # edge: 173670
[2026-03-14 23:52:37,193][root][INFO] - kg # zero deg node: 384
[2026-03-14 23:52:37,193][root][INFO] - ---Load Train Data---
[2026-03-14 23:52:38,202][root][INFO] - -----Model Parameter Configuration-----
[2026-03-14 23:52:38,202][root][INFO] - Parameter ent_emb: torch.Size([40943, 200]), require_grad = True
[2026-03-14 23:52:38,202][root][INFO] - Parameter rel_w: torch.Size([200, 200]), require_grad = True
[2026-03-14 23:52:38,202][root][INFO] - Parameter W_fuse: torch.Size([200, 200]), require_grad = True
[2026-03-14 23:52:38,202][root][INFO] - Parameter a_fuse: torch.Size([400, 1]), require_grad = True
[2026-03-14 23:52:38,202][root][INFO] - Parameter rel_embs.0: torch.Size([22, 200]), require_grad = True
[2026-03-14 23:52:38,202][root][INFO] - Parameter predictor.bn0.weight: torch.Size([1]), require_grad = True
[2026-03-14 23:52:38,202][root][INFO] - Parameter predictor.bn0.bias: torch.Size([1]), require_grad = True
[2026-03-14 23:52:38,203][root][INFO] - Parameter predictor.bn1.weight: torch.Size([250]), require_grad = True
[2026-03-14 23:52:38,203][root][INFO] - Parameter predictor.bn1.bias: torch.Size([250]), require_grad = True
[2026-03-14 23:52:38,203][root][INFO] - Parameter predictor.bn2.weight: torch.Size([200]), require_grad = True
[2026-03-14 23:52:38,203][root][INFO] - Parameter predictor.bn2.bias: torch.Size([200]), require_grad = True
[2026-03-14 23:52:38,203][root][INFO] - Parameter predictor.conv.weight: torch.Size([250, 1, 7, 7]), require_grad = True
[2026-03-14 23:52:38,203][root][INFO] - Parameter predictor.fc.weight: torch.Size([200, 49000]), require_grad = True
[2026-03-14 23:52:38,203][root][INFO] - Parameter L.weight: torch.Size([200, 200]), require_grad = True
[2026-03-14 23:52:38,203][root][INFO] - Parameter L.bias: torch.Size([200]), require_grad = True
[2026-03-14 23:52:38,203][root][INFO] - Parameter S.weight: torch.Size([200, 200]), require_grad = True
[2026-03-14 23:52:38,203][root][INFO] - Parameter S.bias: torch.Size([200]), require_grad = True
[2026-03-14 23:52:38,203][root][INFO] - Parameter comp_layers.0.W: torch.Size([200, 200]), require_grad = True
[2026-03-14 23:52:38,203][root][INFO] - Parameter comp_layers.0.W_r: torch.Size([200, 200]), require_grad = True
[2026-03-14 23:52:38,203][root][INFO] - Parameter comp_layers.0.a: torch.Size([600, 1]), require_grad = True
[2026-03-14 23:52:38,203][root][INFO] - Parameter comp_layers.0.neigh_w: torch.Size([200, 200]), require_grad = True
[2026-03-14 23:52:38,203][root][INFO] - Parameter comp_layers.0.bn.weight: torch.Size([200]), require_grad = True
[2026-03-14 23:52:38,203][root][INFO] - Parameter comp_layers.0.bn.bias: torch.Size([200]), require_grad = True
[2026-03-14 23:52:39,130][root][INFO] - Training... total epoch: 800, step: 324000
[2026-03-14 23:53:50,883][root][INFO] - Epoch:   0 | Loss: 0.7534 | Val - MRR: 0.0001, MR: 26915.19, H@1: 0.000, H@3: 0.000, H@10: 0.000 | Test - MRR: 0.0002 | *
[2026-03-14 23:54:56,076][root][INFO] - Epoch:   1 | Loss: 0.0021 | Val - MRR: 0.0001, MR: 26608.54, H@1: 0.000, H@3: 0.000, H@10: 0.000 | 
[2026-03-14 23:56:08,601][root][INFO] - Epoch:   2 | Loss: 0.0012 | Val - MRR: 0.0002, MR: 24921.93, H@1: 0.000, H@3: 0.000, H@10: 0.000 | Test - MRR: 0.0002 | *
[2026-03-14 23:57:20,864][root][INFO] - Epoch:   3 | Loss: 0.0010 | Val - MRR: 0.0003, MR: 23454.85, H@1: 0.000, H@3: 0.000, H@10: 0.000 | Test - MRR: 0.0003 | *
[2026-03-14 23:58:33,748][root][INFO] - Epoch:   4 | Loss: 0.0010 | Val - MRR: 0.0004, MR: 23240.22, H@1: 0.000, H@3: 0.000, H@10: 0.000 | Test - MRR: 0.0004 | *
[2026-03-14 23:59:46,164][root][INFO] - Epoch:   5 | Loss: 0.0009 | Val - MRR: 0.0004, MR: 22564.56, H@1: 0.000, H@3: 0.000, H@10: 0.000 | Test - MRR: 0.0005 | *
[2026-03-15 00:00:59,187][root][INFO] - Epoch:   6 | Loss: 0.0009 | Val - MRR: 0.0005, MR: 22182.94, H@1: 0.000, H@3: 0.000, H@10: 0.000 | Test - MRR: 0.0005 | *
[2026-03-15 00:02:11,708][root][INFO] - Epoch:   7 | Loss: 0.0008 | Val - MRR: 0.0005, MR: 22300.84, H@1: 0.000, H@3: 0.000, H@10: 0.000 | Test - MRR: 0.0006 | *
[2026-03-15 00:03:24,489][root][INFO] - Epoch:   8 | Loss: 0.0008 | Val - MRR: 0.0014, MR: 21883.38, H@1: 0.000, H@3: 0.001, H@10: 0.003 | Test - MRR: 0.0019 | *
[2026-03-15 00:04:30,240][root][INFO] - Epoch:   9 | Loss: 0.0008 | Val - MRR: 0.0009, MR: 22033.05, H@1: 0.000, H@3: 0.000, H@10: 0.001 | 
[2026-03-15 00:05:36,387][root][INFO] - Epoch:  10 | Loss: 0.0008 | Val - MRR: 0.0007, MR: 21560.68, H@1: 0.000, H@3: 0.000, H@10: 0.000 | 
[2026-03-15 00:06:49,093][root][INFO] - Epoch:  11 | Loss: 0.0008 | Val - MRR: 0.0016, MR: 21624.24, H@1: 0.001, H@3: 0.001, H@10: 0.001 | Test - MRR: 0.0023 | *
[2026-03-15 00:08:02,039][root][INFO] - Epoch:  12 | Loss: 0.0008 | Val - MRR: 0.0016, MR: 22355.80, H@1: 0.001, H@3: 0.001, H@10: 0.002 | Test - MRR: 0.0021 | *
[2026-03-15 00:09:07,874][root][INFO] - Epoch:  13 | Loss: 0.0008 | Val - MRR: 0.0006, MR: 21509.37, H@1: 0.000, H@3: 0.000, H@10: 0.000 | 
[2026-03-15 00:10:12,989][root][INFO] - Epoch:  14 | Loss: 0.0008 | Val - MRR: 0.0005, MR: 21907.30, H@1: 0.000, H@3: 0.000, H@10: 0.000 | 
[2026-03-15 00:11:19,326][root][INFO] - Epoch:  15 | Loss: 0.0008 | Val - MRR: 0.0005, MR: 22322.08, H@1: 0.000, H@3: 0.000, H@10: 0.000 | 
[2026-03-15 00:12:24,796][root][INFO] - Epoch:  16 | Loss: 0.0008 | Val - MRR: 0.0005, MR: 22062.92, H@1: 0.000, H@3: 0.000, H@10: 0.000 | 
[2026-03-15 00:13:29,670][root][INFO] - Epoch:  17 | Loss: 0.0008 | Val - MRR: 0.0009, MR: 22080.00, H@1: 0.000, H@3: 0.000, H@10: 0.001 | 
[2026-03-15 00:14:35,245][root][INFO] - Epoch:  18 | Loss: 0.0007 | Val - MRR: 0.0007, MR: 22397.52, H@1: 0.000, H@3: 0.000, H@10: 0.001 | 
[2026-03-15 00:15:40,710][root][INFO] - Epoch:  19 | Loss: 0.0007 | Val - MRR: 0.0007, MR: 22932.45, H@1: 0.000, H@3: 0.000, H@10: 0.001 | 
[2026-03-15 00:16:52,913][root][INFO] - Epoch:  20 | Loss: 0.0007 | Val - MRR: 0.0022, MR: 21403.14, H@1: 0.001, H@3: 0.001, H@10: 0.002 | Test - MRR: 0.0020 | *
[2026-03-15 00:17:58,491][root][INFO] - Epoch:  21 | Loss: 0.0007 | Val - MRR: 0.0011, MR: 21114.15, H@1: 0.000, H@3: 0.000, H@10: 0.002 | 
[2026-03-15 00:19:03,845][root][INFO] - Epoch:  22 | Loss: 0.0007 | Val - MRR: 0.0020, MR: 21897.22, H@1: 0.000, H@3: 0.001, H@10: 0.004 | 
[2026-03-15 00:20:09,096][root][INFO] - Epoch:  23 | Loss: 0.0007 | Val - MRR: 0.0017, MR: 22269.99, H@1: 0.001, H@3: 0.001, H@10: 0.002 | 
[2026-03-15 00:21:13,287][root][INFO] - Epoch:  24 | Loss: 0.0007 | Val - MRR: 0.0020, MR: 20714.83, H@1: 0.001, H@3: 0.002, H@10: 0.003 | 
[2026-03-15 00:22:25,746][root][INFO] - Epoch:  25 | Loss: 0.0007 | Val - MRR: 0.0023, MR: 19375.79, H@1: 0.000, H@3: 0.002, H@10: 0.005 | Test - MRR: 0.0021 | *
[2026-03-15 00:23:38,644][root][INFO] - Epoch:  26 | Loss: 0.0007 | Val - MRR: 0.0033, MR: 19543.87, H@1: 0.000, H@3: 0.003, H@10: 0.006 | Test - MRR: 0.0034 | *
[2026-03-15 00:24:50,451][root][INFO] - Epoch:  27 | Loss: 0.0007 | Val - MRR: 0.0081, MR: 18513.84, H@1: 0.003, H@3: 0.008, H@10: 0.016 | Test - MRR: 0.0097 | *
[2026-03-15 00:26:03,391][root][INFO] - Epoch:  28 | Loss: 0.0007 | Val - MRR: 0.0142, MR: 17074.58, H@1: 0.008, H@3: 0.015, H@10: 0.026 | Test - MRR: 0.0140 | *
[2026-03-15 00:27:16,648][root][INFO] - Epoch:  29 | Loss: 0.0007 | Val - MRR: 0.0179, MR: 16653.19, H@1: 0.010, H@3: 0.019, H@10: 0.032 | Test - MRR: 0.0163 | *
[2026-03-15 00:28:28,100][root][INFO] - Epoch:  30 | Loss: 0.0007 | Val - MRR: 0.0279, MR: 15530.92, H@1: 0.017, H@3: 0.030, H@10: 0.050 | Test - MRR: 0.0278 | *
[2026-03-15 00:29:40,150][root][INFO] - Epoch:  31 | Loss: 0.0007 | Val - MRR: 0.0390, MR: 14049.68, H@1: 0.027, H@3: 0.041, H@10: 0.064 | Test - MRR: 0.0376 | *
[2026-03-15 00:30:52,751][root][INFO] - Epoch:  32 | Loss: 0.0006 | Val - MRR: 0.0421, MR: 13292.54, H@1: 0.027, H@3: 0.045, H@10: 0.072 | Test - MRR: 0.0439 | *
[2026-03-15 00:32:05,782][root][INFO] - Epoch:  33 | Loss: 0.0007 | Val - MRR: 0.0544, MR: 12406.95, H@1: 0.038, H@3: 0.059, H@10: 0.088 | Test - MRR: 0.0516 | *
[2026-03-15 00:33:18,503][root][INFO] - Epoch:  34 | Loss: 0.0006 | Val - MRR: 0.0685, MR: 11375.01, H@1: 0.047, H@3: 0.075, H@10: 0.108 | Test - MRR: 0.0721 | *
[2026-03-15 00:34:30,916][root][INFO] - Epoch:  35 | Loss: 0.0006 | Val - MRR: 0.0898, MR: 9728.18, H@1: 0.062, H@3: 0.096, H@10: 0.147 | Test - MRR: 0.0864 | *
[2026-03-15 00:35:43,083][root][INFO] - Epoch:  36 | Loss: 0.0006 | Val - MRR: 0.1084, MR: 9322.11, H@1: 0.076, H@3: 0.118, H@10: 0.172 | Test - MRR: 0.1079 | *
[2026-03-15 00:36:54,657][root][INFO] - Epoch:  37 | Loss: 0.0006 | Val - MRR: 0.1240, MR: 8555.96, H@1: 0.086, H@3: 0.140, H@10: 0.195 | Test - MRR: 0.1247 | *
[2026-03-15 00:38:07,663][root][INFO] - Epoch:  38 | Loss: 0.0006 | Val - MRR: 0.1506, MR: 7827.94, H@1: 0.107, H@3: 0.170, H@10: 0.231 | Test - MRR: 0.1486 | *
[2026-03-15 00:39:19,999][root][INFO] - Epoch:  39 | Loss: 0.0006 | Val - MRR: 0.1609, MR: 7524.18, H@1: 0.119, H@3: 0.179, H@10: 0.245 | Test - MRR: 0.1582 | *
[2026-03-15 00:40:32,736][root][INFO] - Epoch:  40 | Loss: 0.0006 | Val - MRR: 0.1866, MR: 6988.12, H@1: 0.139, H@3: 0.207, H@10: 0.276 | Test - MRR: 0.1823 | *
[2026-03-15 00:41:44,253][root][INFO] - Epoch:  41 | Loss: 0.0006 | Val - MRR: 0.2073, MR: 6807.24, H@1: 0.154, H@3: 0.232, H@10: 0.310 | Test - MRR: 0.2100 | *
[2026-03-15 00:42:49,085][root][INFO] - Epoch:  42 | Loss: 0.0006 | Val - MRR: 0.2058, MR: 6688.43, H@1: 0.150, H@3: 0.232, H@10: 0.313 | 
[2026-03-15 00:44:02,223][root][INFO] - Epoch:  43 | Loss: 0.0006 | Val - MRR: 0.2305, MR: 6554.85, H@1: 0.178, H@3: 0.258, H@10: 0.329 | Test - MRR: 0.2284 | *
[2026-03-15 00:45:14,840][root][INFO] - Epoch:  44 | Loss: 0.0006 | Val - MRR: 0.2328, MR: 6048.06, H@1: 0.173, H@3: 0.265, H@10: 0.344 | Test - MRR: 0.2380 | *
[2026-03-15 00:46:27,951][root][INFO] - Epoch:  45 | Loss: 0.0006 | Val - MRR: 0.2517, MR: 5825.45, H@1: 0.191, H@3: 0.286, H@10: 0.362 | Test - MRR: 0.2563 | *
[2026-03-15 00:47:40,987][root][INFO] - Epoch:  46 | Loss: 0.0005 | Val - MRR: 0.2687, MR: 5680.52, H@1: 0.208, H@3: 0.303, H@10: 0.384 | Test - MRR: 0.2661 | *
[2026-03-15 00:48:54,398][root][INFO] - Epoch:  47 | Loss: 0.0005 | Val - MRR: 0.2961, MR: 5397.69, H@1: 0.236, H@3: 0.331, H@10: 0.408 | Test - MRR: 0.2960 | *
[2026-03-15 00:49:59,713][root][INFO] - Epoch:  48 | Loss: 0.0005 | Val - MRR: 0.2767, MR: 5628.27, H@1: 0.214, H@3: 0.315, H@10: 0.392 | 
[2026-03-15 00:51:04,239][root][INFO] - Epoch:  49 | Loss: 0.0005 | Val - MRR: 0.2934, MR: 5578.68, H@1: 0.232, H@3: 0.329, H@10: 0.406 | 
[2026-03-15 00:52:17,017][root][INFO] - Epoch:  50 | Loss: 0.0005 | Val - MRR: 0.2963, MR: 5490.30, H@1: 0.237, H@3: 0.330, H@10: 0.404 | Test - MRR: 0.3015 | *
[2026-03-15 00:53:30,085][root][INFO] - Epoch:  51 | Loss: 0.0005 | Val - MRR: 0.3075, MR: 5197.13, H@1: 0.244, H@3: 0.346, H@10: 0.421 | Test - MRR: 0.3144 | *
[2026-03-15 00:54:42,625][root][INFO] - Epoch:  52 | Loss: 0.0005 | Val - MRR: 0.3116, MR: 5278.94, H@1: 0.249, H@3: 0.348, H@10: 0.428 | Test - MRR: 0.3127 | *
[2026-03-15 00:55:54,848][root][INFO] - Epoch:  53 | Loss: 0.0005 | Val - MRR: 0.3310, MR: 5087.60, H@1: 0.271, H@3: 0.366, H@10: 0.438 | Test - MRR: 0.3410 | *
[2026-03-15 00:56:59,512][root][INFO] - Epoch:  54 | Loss: 0.0005 | Val - MRR: 0.3261, MR: 5233.64, H@1: 0.263, H@3: 0.367, H@10: 0.436 | 
[2026-03-15 00:58:12,525][root][INFO] - Epoch:  55 | Loss: 0.0005 | Val - MRR: 0.3357, MR: 5026.14, H@1: 0.277, H@3: 0.371, H@10: 0.442 | Test - MRR: 0.3430 | *
[2026-03-15 00:59:24,779][root][INFO] - Epoch:  56 | Loss: 0.0005 | Val - MRR: 0.3434, MR: 5020.56, H@1: 0.282, H@3: 0.381, H@10: 0.455 | Test - MRR: 0.3502 | *
[2026-03-15 01:00:36,876][root][INFO] - Epoch:  57 | Loss: 0.0005 | Val - MRR: 0.3507, MR: 5176.30, H@1: 0.292, H@3: 0.386, H@10: 0.456 | Test - MRR: 0.3570 | *
[2026-03-15 01:01:49,822][root][INFO] - Epoch:  58 | Loss: 0.0005 | Val - MRR: 0.3521, MR: 4975.56, H@1: 0.290, H@3: 0.391, H@10: 0.460 | Test - MRR: 0.3585 | *
[2026-03-15 01:02:54,968][root][INFO] - Epoch:  59 | Loss: 0.0005 | Val - MRR: 0.3505, MR: 4889.35, H@1: 0.290, H@3: 0.386, H@10: 0.460 | 
[2026-03-15 01:04:07,021][root][INFO] - Epoch:  60 | Loss: 0.0005 | Val - MRR: 0.3551, MR: 5001.43, H@1: 0.294, H@3: 0.391, H@10: 0.466 | Test - MRR: 0.3672 | *
[2026-03-15 01:05:19,250][root][INFO] - Epoch:  61 | Loss: 0.0005 | Val - MRR: 0.3561, MR: 4998.64, H@1: 0.294, H@3: 0.395, H@10: 0.463 | Test - MRR: 0.3643 | *
[2026-03-15 01:06:32,212][root][INFO] - Epoch:  62 | Loss: 0.0005 | Val - MRR: 0.3768, MR: 4773.10, H@1: 0.321, H@3: 0.407, H@10: 0.477 | Test - MRR: 0.3784 | *
[2026-03-15 01:07:37,660][root][INFO] - Epoch:  63 | Loss: 0.0005 | Val - MRR: 0.3750, MR: 4887.72, H@1: 0.320, H@3: 0.408, H@10: 0.473 | 
[2026-03-15 01:08:50,151][root][INFO] - Epoch:  64 | Loss: 0.0005 | Val - MRR: 0.3827, MR: 4838.25, H@1: 0.327, H@3: 0.415, H@10: 0.482 | Test - MRR: 0.3853 | *
[2026-03-15 01:10:02,870][root][INFO] - Epoch:  65 | Loss: 0.0005 | Val - MRR: 0.3862, MR: 4672.67, H@1: 0.330, H@3: 0.420, H@10: 0.484 | Test - MRR: 0.3878 | *
[2026-03-15 01:11:07,959][root][INFO] - Epoch:  66 | Loss: 0.0005 | Val - MRR: 0.3851, MR: 4904.58, H@1: 0.329, H@3: 0.421, H@10: 0.483 | 
[2026-03-15 01:12:20,205][root][INFO] - Epoch:  67 | Loss: 0.0005 | Val - MRR: 0.3950, MR: 4823.49, H@1: 0.344, H@3: 0.424, H@10: 0.487 | Test - MRR: 0.3960 | *
[2026-03-15 01:13:25,514][root][INFO] - Epoch:  68 | Loss: 0.0005 | Val - MRR: 0.3712, MR: 5137.47, H@1: 0.316, H@3: 0.405, H@10: 0.472 | 
[2026-03-15 01:14:38,130][root][INFO] - Epoch:  69 | Loss: 0.0005 | Val - MRR: 0.4031, MR: 4719.01, H@1: 0.351, H@3: 0.434, H@10: 0.495 | Test - MRR: 0.4050 | *
[2026-03-15 01:15:43,147][root][INFO] - Epoch:  70 | Loss: 0.0005 | Val - MRR: 0.4001, MR: 4728.41, H@1: 0.348, H@3: 0.429, H@10: 0.496 | 
[2026-03-15 01:16:48,827][root][INFO] - Epoch:  71 | Loss: 0.0005 | Val - MRR: 0.3849, MR: 4880.87, H@1: 0.331, H@3: 0.418, H@10: 0.476 | 
[2026-03-15 01:17:53,202][root][INFO] - Epoch:  72 | Loss: 0.0005 | Val - MRR: 0.4013, MR: 4535.80, H@1: 0.347, H@3: 0.435, H@10: 0.495 | 
[2026-03-15 01:19:05,980][root][INFO] - Epoch:  73 | Loss: 0.0005 | Val - MRR: 0.4077, MR: 4674.53, H@1: 0.357, H@3: 0.434, H@10: 0.498 | Test - MRR: 0.4082 | *
[2026-03-15 01:20:10,996][root][INFO] - Epoch:  74 | Loss: 0.0005 | Val - MRR: 0.4065, MR: 4582.54, H@1: 0.356, H@3: 0.437, H@10: 0.493 | 
[2026-03-15 01:21:25,173][root][INFO] - Epoch:  75 | Loss: 0.0005 | Val - MRR: 0.4094, MR: 4621.71, H@1: 0.358, H@3: 0.438, H@10: 0.499 | Test - MRR: 0.4129 | *
[2026-03-15 01:22:30,814][root][INFO] - Epoch:  76 | Loss: 0.0005 | Val - MRR: 0.4090, MR: 4867.95, H@1: 0.360, H@3: 0.437, H@10: 0.496 | 
[2026-03-15 01:23:35,959][root][INFO] - Epoch:  77 | Loss: 0.0005 | Val - MRR: 0.4065, MR: 4505.86, H@1: 0.352, H@3: 0.440, H@10: 0.499 | 
[2026-03-15 01:24:41,806][root][INFO] - Epoch:  78 | Loss: 0.0005 | Val - MRR: 0.4085, MR: 4643.56, H@1: 0.355, H@3: 0.443, H@10: 0.501 | 
[2026-03-15 01:25:54,336][root][INFO] - Epoch:  79 | Loss: 0.0005 | Val - MRR: 0.4150, MR: 4591.00, H@1: 0.366, H@3: 0.445, H@10: 0.501 | Test - MRR: 0.4173 | *
[2026-03-15 01:27:06,426][root][INFO] - Epoch:  80 | Loss: 0.0005 | Val - MRR: 0.4150, MR: 4597.67, H@1: 0.365, H@3: 0.442, H@10: 0.504 | Test - MRR: 0.4203 | *
[2026-03-15 01:28:18,666][root][INFO] - Epoch:  81 | Loss: 0.0005 | Val - MRR: 0.4177, MR: 4571.57, H@1: 0.369, H@3: 0.445, H@10: 0.505 | Test - MRR: 0.4225 | *
[2026-03-15 01:29:30,865][root][INFO] - Epoch:  82 | Loss: 0.0005 | Val - MRR: 0.4185, MR: 4580.57, H@1: 0.368, H@3: 0.448, H@10: 0.506 | Test - MRR: 0.4226 | *
[2026-03-15 01:30:36,170][root][INFO] - Epoch:  83 | Loss: 0.0005 | Val - MRR: 0.4179, MR: 4685.71, H@1: 0.370, H@3: 0.446, H@10: 0.500 | 
[2026-03-15 01:31:41,871][root][INFO] - Epoch:  84 | Loss: 0.0005 | Val - MRR: 0.4120, MR: 4624.19, H@1: 0.364, H@3: 0.441, H@10: 0.494 | 
[2026-03-15 01:32:53,303][root][INFO] - Epoch:  85 | Loss: 0.0005 | Val - MRR: 0.4217, MR: 4652.46, H@1: 0.373, H@3: 0.447, H@10: 0.506 | Test - MRR: 0.4231 | *
[2026-03-15 01:34:06,108][root][INFO] - Epoch:  86 | Loss: 0.0005 | Val - MRR: 0.4222, MR: 4479.98, H@1: 0.375, H@3: 0.449, H@10: 0.502 | Test - MRR: 0.4234 | *
[2026-03-15 01:35:11,249][root][INFO] - Epoch:  87 | Loss: 0.0005 | Val - MRR: 0.4221, MR: 4627.97, H@1: 0.375, H@3: 0.450, H@10: 0.504 | 
[2026-03-15 01:36:17,281][root][INFO] - Epoch:  88 | Loss: 0.0005 | Val - MRR: 0.4209, MR: 4597.68, H@1: 0.371, H@3: 0.449, H@10: 0.509 | 
[2026-03-15 01:37:30,096][root][INFO] - Epoch:  89 | Loss: 0.0005 | Val - MRR: 0.4255, MR: 4674.44, H@1: 0.379, H@3: 0.450, H@10: 0.507 | Test - MRR: 0.4263 | *
[2026-03-15 01:38:42,951][root][INFO] - Epoch:  90 | Loss: 0.0005 | Val - MRR: 0.4275, MR: 4727.20, H@1: 0.380, H@3: 0.454, H@10: 0.508 | Test - MRR: 0.4290 | *
[2026-03-15 01:39:55,931][root][INFO] - Epoch:  91 | Loss: 0.0005 | Val - MRR: 0.4277, MR: 4656.81, H@1: 0.381, H@3: 0.452, H@10: 0.509 | Test - MRR: 0.4297 | *
[2026-03-15 01:41:08,496][root][INFO] - Epoch:  92 | Loss: 0.0005 | Val - MRR: 0.4284, MR: 4588.33, H@1: 0.383, H@3: 0.455, H@10: 0.508 | Test - MRR: 0.4299 | *
[2026-03-15 01:42:20,563][root][INFO] - Epoch:  93 | Loss: 0.0005 | Val - MRR: 0.4321, MR: 4602.87, H@1: 0.388, H@3: 0.455, H@10: 0.511 | Test - MRR: 0.4335 | *
[2026-03-15 01:43:33,354][root][INFO] - Epoch:  94 | Loss: 0.0005 | Val - MRR: 0.4321, MR: 4650.33, H@1: 0.387, H@3: 0.455, H@10: 0.510 | Test - MRR: 0.4341 | *
[2026-03-15 01:44:46,525][root][INFO] - Epoch:  95 | Loss: 0.0005 | Val - MRR: 0.4335, MR: 4637.54, H@1: 0.389, H@3: 0.458, H@10: 0.511 | Test - MRR: 0.4346 | *
[2026-03-15 01:45:51,887][root][INFO] - Epoch:  96 | Loss: 0.0005 | Val - MRR: 0.4314, MR: 4651.80, H@1: 0.386, H@3: 0.456, H@10: 0.510 | 
[2026-03-15 01:46:56,928][root][INFO] - Epoch:  97 | Loss: 0.0005 | Val - MRR: 0.4300, MR: 4757.95, H@1: 0.386, H@3: 0.456, H@10: 0.511 | 
[2026-03-15 01:48:09,385][root][INFO] - Epoch:  98 | Loss: 0.0005 | Val - MRR: 0.4338, MR: 4460.80, H@1: 0.388, H@3: 0.460, H@10: 0.513 | Test - MRR: 0.4367 | *
[2026-03-15 01:49:22,632][root][INFO] - Epoch:  99 | Loss: 0.0005 | Val - MRR: 0.4353, MR: 4677.64, H@1: 0.391, H@3: 0.458, H@10: 0.514 | Test - MRR: 0.4344 | *
[2026-03-15 01:50:35,134][root][INFO] - Epoch: 100 | Loss: 0.0005 | Val - MRR: 0.4371, MR: 4603.85, H@1: 0.393, H@3: 0.462, H@10: 0.514 | Test - MRR: 0.4368 | *
[2026-03-15 01:51:40,696][root][INFO] - Epoch: 101 | Loss: 0.0005 | Val - MRR: 0.4342, MR: 4706.00, H@1: 0.389, H@3: 0.460, H@10: 0.513 | 
[2026-03-15 01:52:52,453][root][INFO] - Epoch: 102 | Loss: 0.0005 | Val - MRR: 0.4377, MR: 4732.72, H@1: 0.396, H@3: 0.459, H@10: 0.515 | Test - MRR: 0.4366 | *
[2026-03-15 01:53:57,951][root][INFO] - Epoch: 103 | Loss: 0.0005 | Val - MRR: 0.4339, MR: 4614.50, H@1: 0.389, H@3: 0.456, H@10: 0.514 | 
[2026-03-15 01:55:03,565][root][INFO] - Epoch: 104 | Loss: 0.0005 | Val - MRR: 0.4366, MR: 4517.97, H@1: 0.391, H@3: 0.461, H@10: 0.514 | 
[2026-03-15 01:56:09,366][root][INFO] - Epoch: 105 | Loss: 0.0005 | Val - MRR: 0.4357, MR: 4742.91, H@1: 0.389, H@3: 0.461, H@10: 0.516 | 
[2026-03-15 01:57:22,736][root][INFO] - Epoch: 106 | Loss: 0.0005 | Val - MRR: 0.4380, MR: 4654.83, H@1: 0.395, H@3: 0.461, H@10: 0.514 | Test - MRR: 0.4396 | *
[2026-03-15 01:58:35,268][root][INFO] - Epoch: 107 | Loss: 0.0005 | Val - MRR: 0.4392, MR: 4744.51, H@1: 0.396, H@3: 0.461, H@10: 0.516 | Test - MRR: 0.4392 | *
[2026-03-15 01:59:40,671][root][INFO] - Epoch: 108 | Loss: 0.0005 | Val - MRR: 0.4289, MR: 4642.92, H@1: 0.380, H@3: 0.456, H@10: 0.516 | 
[2026-03-15 02:00:44,874][root][INFO] - Epoch: 109 | Loss: 0.0005 | Val - MRR: 0.4363, MR: 4758.60, H@1: 0.392, H@3: 0.460, H@10: 0.517 | 
[2026-03-15 02:01:50,656][root][INFO] - Epoch: 110 | Loss: 0.0005 | Val - MRR: 0.4237, MR: 4730.67, H@1: 0.381, H@3: 0.447, H@10: 0.500 | 
[2026-03-15 02:03:02,651][root][INFO] - Epoch: 111 | Loss: 0.0005 | Val - MRR: 0.4415, MR: 4631.22, H@1: 0.398, H@3: 0.463, H@10: 0.517 | Test - MRR: 0.4431 | *
[2026-03-15 02:04:08,429][root][INFO] - Epoch: 112 | Loss: 0.0005 | Val - MRR: 0.4405, MR: 4502.91, H@1: 0.394, H@3: 0.465, H@10: 0.523 | 
[2026-03-15 02:05:20,587][root][INFO] - Epoch: 113 | Loss: 0.0005 | Val - MRR: 0.4418, MR: 4558.63, H@1: 0.399, H@3: 0.464, H@10: 0.518 | Test - MRR: 0.4394 | *
[2026-03-15 02:06:33,503][root][INFO] - Epoch: 114 | Loss: 0.0005 | Val - MRR: 0.4445, MR: 4519.50, H@1: 0.401, H@3: 0.467, H@10: 0.522 | Test - MRR: 0.4448 | *
[2026-03-15 02:07:45,871][root][INFO] - Epoch: 115 | Loss: 0.0005 | Val - MRR: 0.4446, MR: 4566.92, H@1: 0.402, H@3: 0.467, H@10: 0.523 | Test - MRR: 0.4435 | *
[2026-03-15 02:08:58,977][root][INFO] - Epoch: 116 | Loss: 0.0005 | Val - MRR: 0.4449, MR: 4592.44, H@1: 0.403, H@3: 0.467, H@10: 0.519 | Test - MRR: 0.4446 | *
[2026-03-15 02:10:03,854][root][INFO] - Epoch: 117 | Loss: 0.0004 | Val - MRR: 0.4441, MR: 4632.26, H@1: 0.402, H@3: 0.466, H@10: 0.519 | 
[2026-03-15 02:11:09,552][root][INFO] - Epoch: 118 | Loss: 0.0005 | Val - MRR: 0.4447, MR: 4414.99, H@1: 0.400, H@3: 0.468, H@10: 0.524 | 
[2026-03-15 02:12:14,920][root][INFO] - Epoch: 119 | Loss: 0.0005 | Val - MRR: 0.4413, MR: 4558.43, H@1: 0.399, H@3: 0.464, H@10: 0.515 | 
[2026-03-15 02:13:20,408][root][INFO] - Epoch: 120 | Loss: 0.0005 | Val - MRR: 0.4430, MR: 4569.82, H@1: 0.399, H@3: 0.467, H@10: 0.520 | 
[2026-03-15 02:14:32,425][root][INFO] - Epoch: 121 | Loss: 0.0004 | Val - MRR: 0.4457, MR: 4558.76, H@1: 0.403, H@3: 0.468, H@10: 0.521 | Test - MRR: 0.4436 | *
[2026-03-15 02:15:45,331][root][INFO] - Epoch: 122 | Loss: 0.0005 | Val - MRR: 0.4462, MR: 4496.95, H@1: 0.404, H@3: 0.468, H@10: 0.521 | Test - MRR: 0.4474 | *
[2026-03-15 02:16:57,592][root][INFO] - Epoch: 123 | Loss: 0.0005 | Val - MRR: 0.4479, MR: 4431.90, H@1: 0.404, H@3: 0.471, H@10: 0.526 | Test - MRR: 0.4474 | *
[2026-03-15 02:18:02,619][root][INFO] - Epoch: 124 | Loss: 0.0004 | Val - MRR: 0.4467, MR: 4580.62, H@1: 0.403, H@3: 0.469, H@10: 0.525 | 
[2026-03-15 02:19:08,214][root][INFO] - Epoch: 125 | Loss: 0.0005 | Val - MRR: 0.4427, MR: 4575.88, H@1: 0.399, H@3: 0.466, H@10: 0.519 | 
[2026-03-15 02:20:19,911][root][INFO] - Epoch: 126 | Loss: 0.0005 | Val - MRR: 0.4516, MR: 4585.78, H@1: 0.412, H@3: 0.470, H@10: 0.526 | Test - MRR: 0.4496 | *
[2026-03-15 02:21:26,000][root][INFO] - Epoch: 127 | Loss: 0.0004 | Val - MRR: 0.4499, MR: 4440.92, H@1: 0.407, H@3: 0.472, H@10: 0.525 | 
[2026-03-15 02:22:30,766][root][INFO] - Epoch: 128 | Loss: 0.0004 | Val - MRR: 0.4479, MR: 4495.31, H@1: 0.405, H@3: 0.468, H@10: 0.526 | 
[2026-03-15 02:23:36,280][root][INFO] - Epoch: 129 | Loss: 0.0004 | Val - MRR: 0.4470, MR: 4582.23, H@1: 0.404, H@3: 0.469, H@10: 0.524 | 
[2026-03-15 02:24:40,770][root][INFO] - Epoch: 130 | Loss: 0.0004 | Val - MRR: 0.4469, MR: 4661.50, H@1: 0.403, H@3: 0.471, H@10: 0.522 | 
[2026-03-15 02:25:46,598][root][INFO] - Epoch: 131 | Loss: 0.0004 | Val - MRR: 0.4477, MR: 4476.20, H@1: 0.405, H@3: 0.468, H@10: 0.525 | 
[2026-03-15 02:26:52,085][root][INFO] - Epoch: 132 | Loss: 0.0004 | Val - MRR: 0.4502, MR: 4471.17, H@1: 0.408, H@3: 0.473, H@10: 0.524 | 
[2026-03-15 02:27:57,268][root][INFO] - Epoch: 133 | Loss: 0.0004 | Val - MRR: 0.4511, MR: 4591.10, H@1: 0.410, H@3: 0.472, H@10: 0.521 | 
[2026-03-15 02:29:01,969][root][INFO] - Epoch: 134 | Loss: 0.0004 | Val - MRR: 0.4515, MR: 4543.77, H@1: 0.411, H@3: 0.469, H@10: 0.526 | 
[2026-03-15 02:30:13,922][root][INFO] - Epoch: 135 | Loss: 0.0004 | Val - MRR: 0.4522, MR: 4452.43, H@1: 0.411, H@3: 0.474, H@10: 0.523 | Test - MRR: 0.4521 | *
[2026-03-15 02:31:26,494][root][INFO] - Epoch: 136 | Loss: 0.0004 | Val - MRR: 0.4533, MR: 4464.16, H@1: 0.413, H@3: 0.474, H@10: 0.524 | Test - MRR: 0.4499 | *
[2026-03-15 02:32:31,940][root][INFO] - Epoch: 137 | Loss: 0.0004 | Val - MRR: 0.4519, MR: 4534.31, H@1: 0.410, H@3: 0.474, H@10: 0.525 | 
[2026-03-15 02:33:44,051][root][INFO] - Epoch: 138 | Loss: 0.0004 | Val - MRR: 0.4535, MR: 4578.98, H@1: 0.414, H@3: 0.472, H@10: 0.525 | Test - MRR: 0.4505 | *
[2026-03-15 02:34:49,196][root][INFO] - Epoch: 139 | Loss: 0.0004 | Val - MRR: 0.4501, MR: 4521.81, H@1: 0.410, H@3: 0.468, H@10: 0.523 | 
[2026-03-15 02:36:01,497][root][INFO] - Epoch: 140 | Loss: 0.0004 | Val - MRR: 0.4537, MR: 4538.01, H@1: 0.414, H@3: 0.473, H@10: 0.526 | Test - MRR: 0.4526 | *
[2026-03-15 02:37:06,408][root][INFO] - Epoch: 141 | Loss: 0.0004 | Val - MRR: 0.4512, MR: 4507.89, H@1: 0.408, H@3: 0.473, H@10: 0.527 | 
[2026-03-15 02:38:11,244][root][INFO] - Epoch: 142 | Loss: 0.0004 | Val - MRR: 0.4431, MR: 4488.13, H@1: 0.402, H@3: 0.465, H@10: 0.513 | 
[2026-03-15 02:39:15,601][root][INFO] - Epoch: 143 | Loss: 0.0004 | Val - MRR: 0.4517, MR: 4510.85, H@1: 0.409, H@3: 0.473, H@10: 0.524 | 
[2026-03-15 02:40:20,900][root][INFO] - Epoch: 144 | Loss: 0.0004 | Val - MRR: 0.4521, MR: 4515.42, H@1: 0.411, H@3: 0.474, H@10: 0.525 | 
[2026-03-15 02:41:26,076][root][INFO] - Epoch: 145 | Loss: 0.0004 | Val - MRR: 0.4513, MR: 4527.01, H@1: 0.410, H@3: 0.471, H@10: 0.525 | 
[2026-03-15 02:42:31,756][root][INFO] - Epoch: 146 | Loss: 0.0004 | Val - MRR: 0.4515, MR: 4640.13, H@1: 0.411, H@3: 0.471, H@10: 0.522 | 
[2026-03-15 02:43:44,022][root][INFO] - Epoch: 147 | Loss: 0.0004 | Val - MRR: 0.4539, MR: 4605.03, H@1: 0.413, H@3: 0.474, H@10: 0.525 | Test - MRR: 0.4534 | *
[2026-03-15 02:44:48,414][root][INFO] - Epoch: 148 | Loss: 0.0004 | Val - MRR: 0.4502, MR: 4574.52, H@1: 0.410, H@3: 0.471, H@10: 0.520 | 
[2026-03-15 02:45:53,292][root][INFO] - Epoch: 149 | Loss: 0.0004 | Val - MRR: 0.4532, MR: 4605.05, H@1: 0.414, H@3: 0.472, H@10: 0.522 | 
[2026-03-15 02:47:05,738][root][INFO] - Epoch: 150 | Loss: 0.0004 | Val - MRR: 0.4580, MR: 4553.06, H@1: 0.420, H@3: 0.476, H@10: 0.527 | Test - MRR: 0.4549 | *
[2026-03-15 02:48:11,683][root][INFO] - Epoch: 151 | Loss: 0.0004 | Val - MRR: 0.4537, MR: 4508.17, H@1: 0.414, H@3: 0.472, H@10: 0.528 | 
[2026-03-15 02:49:16,104][root][INFO] - Epoch: 152 | Loss: 0.0004 | Val - MRR: 0.4552, MR: 4440.10, H@1: 0.415, H@3: 0.476, H@10: 0.528 | 
[2026-03-15 02:50:21,743][root][INFO] - Epoch: 153 | Loss: 0.0004 | Val - MRR: 0.4548, MR: 4464.86, H@1: 0.414, H@3: 0.474, H@10: 0.531 | 
[2026-03-15 02:51:26,688][root][INFO] - Epoch: 154 | Loss: 0.0004 | Val - MRR: 0.4556, MR: 4412.39, H@1: 0.414, H@3: 0.478, H@10: 0.530 | 
[2026-03-15 02:52:32,624][root][INFO] - Epoch: 155 | Loss: 0.0004 | Val - MRR: 0.4555, MR: 4453.63, H@1: 0.415, H@3: 0.476, H@10: 0.529 | 
[2026-03-15 02:53:37,634][root][INFO] - Epoch: 156 | Loss: 0.0004 | Val - MRR: 0.4554, MR: 4532.06, H@1: 0.416, H@3: 0.473, H@10: 0.526 | 
[2026-03-15 02:54:43,377][root][INFO] - Epoch: 157 | Loss: 0.0004 | Val - MRR: 0.4555, MR: 4506.71, H@1: 0.415, H@3: 0.475, H@10: 0.528 | 
[2026-03-15 02:55:47,779][root][INFO] - Epoch: 158 | Loss: 0.0004 | Val - MRR: 0.4561, MR: 4562.08, H@1: 0.415, H@3: 0.477, H@10: 0.529 | 
[2026-03-15 02:56:52,567][root][INFO] - Epoch: 159 | Loss: 0.0004 | Val - MRR: 0.4549, MR: 4528.91, H@1: 0.414, H@3: 0.475, H@10: 0.528 | 
[2026-03-15 02:57:58,569][root][INFO] - Epoch: 160 | Loss: 0.0004 | Val - MRR: 0.4525, MR: 4526.61, H@1: 0.413, H@3: 0.473, H@10: 0.525 | 
[2026-03-15 02:59:10,263][root][INFO] - Epoch: 161 | Loss: 0.0004 | Val - MRR: 0.4586, MR: 4265.14, H@1: 0.419, H@3: 0.478, H@10: 0.531 | Test - MRR: 0.4569 | *
[2026-03-15 03:00:15,576][root][INFO] - Epoch: 162 | Loss: 0.0004 | Val - MRR: 0.4554, MR: 4519.33, H@1: 0.416, H@3: 0.473, H@10: 0.526 | 
[2026-03-15 03:01:20,890][root][INFO] - Epoch: 163 | Loss: 0.0004 | Val - MRR: 0.4570, MR: 4487.32, H@1: 0.417, H@3: 0.476, H@10: 0.529 | 
[2026-03-15 03:02:26,370][root][INFO] - Epoch: 164 | Loss: 0.0004 | Val - MRR: 0.4544, MR: 4498.23, H@1: 0.414, H@3: 0.472, H@10: 0.528 | 
[2026-03-15 03:03:30,318][root][INFO] - Epoch: 165 | Loss: 0.0004 | Val - MRR: 0.4557, MR: 4615.27, H@1: 0.417, H@3: 0.474, H@10: 0.526 | 
[2026-03-15 03:04:35,099][root][INFO] - Epoch: 166 | Loss: 0.0004 | Val - MRR: 0.4553, MR: 4449.96, H@1: 0.416, H@3: 0.474, H@10: 0.528 | 
[2026-03-15 03:05:39,889][root][INFO] - Epoch: 167 | Loss: 0.0004 | Val - MRR: 0.4577, MR: 4548.42, H@1: 0.418, H@3: 0.478, H@10: 0.528 | 
[2026-03-15 03:06:45,605][root][INFO] - Epoch: 168 | Loss: 0.0004 | Val - MRR: 0.4576, MR: 4496.58, H@1: 0.418, H@3: 0.478, H@10: 0.527 | 
[2026-03-15 03:07:57,862][root][INFO] - Epoch: 169 | Loss: 0.0004 | Val - MRR: 0.4587, MR: 4365.10, H@1: 0.419, H@3: 0.479, H@10: 0.529 | Test - MRR: 0.4570 | *
[2026-03-15 03:09:03,008][root][INFO] - Epoch: 170 | Loss: 0.0004 | Val - MRR: 0.4582, MR: 4420.48, H@1: 0.419, H@3: 0.477, H@10: 0.531 | 
[2026-03-15 03:10:08,054][root][INFO] - Epoch: 171 | Loss: 0.0004 | Val - MRR: 0.4570, MR: 4446.94, H@1: 0.418, H@3: 0.475, H@10: 0.528 | 
[2026-03-15 03:11:12,971][root][INFO] - Epoch: 172 | Loss: 0.0004 | Val - MRR: 0.4577, MR: 4390.05, H@1: 0.419, H@3: 0.475, H@10: 0.528 | 
[2026-03-15 03:12:25,537][root][INFO] - Epoch: 173 | Loss: 0.0004 | Val - MRR: 0.4610, MR: 4367.88, H@1: 0.423, H@3: 0.478, H@10: 0.529 | Test - MRR: 0.4565 | *
[2026-03-15 03:13:30,956][root][INFO] - Epoch: 174 | Loss: 0.0004 | Val - MRR: 0.4589, MR: 4523.50, H@1: 0.422, H@3: 0.474, H@10: 0.529 | 
[2026-03-15 03:14:35,379][root][INFO] - Epoch: 175 | Loss: 0.0004 | Val - MRR: 0.4590, MR: 4451.94, H@1: 0.420, H@3: 0.477, H@10: 0.530 | 
[2026-03-15 03:15:39,732][root][INFO] - Epoch: 176 | Loss: 0.0004 | Val - MRR: 0.4581, MR: 4472.88, H@1: 0.420, H@3: 0.473, H@10: 0.530 | 
[2026-03-15 03:16:52,133][root][INFO] - Epoch: 177 | Loss: 0.0004 | Val - MRR: 0.4618, MR: 4495.61, H@1: 0.425, H@3: 0.477, H@10: 0.530 | Test - MRR: 0.4591 | *
[2026-03-15 03:17:56,406][root][INFO] - Epoch: 178 | Loss: 0.0004 | Val - MRR: 0.4607, MR: 4427.18, H@1: 0.424, H@3: 0.476, H@10: 0.526 | 
[2026-03-15 03:19:01,298][root][INFO] - Epoch: 179 | Loss: 0.0004 | Val - MRR: 0.4599, MR: 4443.86, H@1: 0.420, H@3: 0.477, H@10: 0.536 | 
[2026-03-15 03:20:06,309][root][INFO] - Epoch: 180 | Loss: 0.0004 | Val - MRR: 0.4591, MR: 4521.48, H@1: 0.419, H@3: 0.481, H@10: 0.529 | 
[2026-03-15 03:21:11,358][root][INFO] - Epoch: 181 | Loss: 0.0004 | Val - MRR: 0.4609, MR: 4395.48, H@1: 0.423, H@3: 0.477, H@10: 0.529 | 
[2026-03-15 03:22:16,153][root][INFO] - Epoch: 182 | Loss: 0.0004 | Val - MRR: 0.4581, MR: 4424.59, H@1: 0.418, H@3: 0.477, H@10: 0.529 | 
[2026-03-15 03:23:21,411][root][INFO] - Epoch: 183 | Loss: 0.0004 | Val - MRR: 0.4593, MR: 4487.90, H@1: 0.420, H@3: 0.480, H@10: 0.528 | 
[2026-03-15 03:24:25,687][root][INFO] - Epoch: 184 | Loss: 0.0004 | Val - MRR: 0.4616, MR: 4388.78, H@1: 0.423, H@3: 0.479, H@10: 0.532 | 
[2026-03-15 03:25:30,705][root][INFO] - Epoch: 185 | Loss: 0.0004 | Val - MRR: 0.4606, MR: 4475.86, H@1: 0.422, H@3: 0.477, H@10: 0.534 | 
[2026-03-15 03:26:41,960][root][INFO] - Epoch: 186 | Loss: 0.0004 | Val - MRR: 0.4630, MR: 4414.48, H@1: 0.424, H@3: 0.482, H@10: 0.534 | Test - MRR: 0.4620 | *
[2026-03-15 03:27:47,060][root][INFO] - Epoch: 187 | Loss: 0.0004 | Val - MRR: 0.4615, MR: 4446.38, H@1: 0.422, H@3: 0.480, H@10: 0.532 | 
[2026-03-15 03:28:52,070][root][INFO] - Epoch: 188 | Loss: 0.0004 | Val - MRR: 0.4605, MR: 4486.80, H@1: 0.421, H@3: 0.478, H@10: 0.533 | 
[2026-03-15 03:29:56,772][root][INFO] - Epoch: 189 | Loss: 0.0004 | Val - MRR: 0.4608, MR: 4497.30, H@1: 0.423, H@3: 0.476, H@10: 0.531 | 
[2026-03-15 03:31:02,223][root][INFO] - Epoch: 190 | Loss: 0.0004 | Val - MRR: 0.4611, MR: 4506.31, H@1: 0.423, H@3: 0.479, H@10: 0.532 | 
[2026-03-15 03:32:07,059][root][INFO] - Epoch: 191 | Loss: 0.0004 | Val - MRR: 0.4623, MR: 4558.00, H@1: 0.424, H@3: 0.479, H@10: 0.535 | 
[2026-03-15 03:33:13,038][root][INFO] - Epoch: 192 | Loss: 0.0004 | Val - MRR: 0.4617, MR: 4422.48, H@1: 0.424, H@3: 0.478, H@10: 0.533 | 
[2026-03-15 03:34:17,801][root][INFO] - Epoch: 193 | Loss: 0.0004 | Val - MRR: 0.4618, MR: 4492.73, H@1: 0.425, H@3: 0.480, H@10: 0.531 | 
[2026-03-15 03:35:23,119][root][INFO] - Epoch: 194 | Loss: 0.0004 | Val - MRR: 0.4613, MR: 4444.63, H@1: 0.422, H@3: 0.480, H@10: 0.531 | 
[2026-03-15 03:36:29,027][root][INFO] - Epoch: 195 | Loss: 0.0004 | Val - MRR: 0.4627, MR: 4366.71, H@1: 0.423, H@3: 0.482, H@10: 0.533 | 
[2026-03-15 03:37:34,078][root][INFO] - Epoch: 196 | Loss: 0.0004 | Val - MRR: 0.4628, MR: 4425.66, H@1: 0.423, H@3: 0.483, H@10: 0.535 | 
[2026-03-15 03:38:38,608][root][INFO] - Epoch: 197 | Loss: 0.0004 | Val - MRR: 0.4614, MR: 4402.21, H@1: 0.422, H@3: 0.481, H@10: 0.532 | 
[2026-03-15 03:39:43,326][root][INFO] - Epoch: 198 | Loss: 0.0004 | Val - MRR: 0.4625, MR: 4363.74, H@1: 0.423, H@3: 0.481, H@10: 0.534 | 
[2026-03-15 03:40:48,490][root][INFO] - Epoch: 199 | Loss: 0.0004 | Val - MRR: 0.4622, MR: 4364.44, H@1: 0.422, H@3: 0.482, H@10: 0.537 | 
[2026-03-15 03:41:53,014][root][INFO] - Epoch: 200 | Loss: 0.0004 | Val - MRR: 0.4615, MR: 4495.65, H@1: 0.423, H@3: 0.480, H@10: 0.528 | 
[2026-03-15 03:42:58,790][root][INFO] - Epoch: 201 | Loss: 0.0004 | Val - MRR: 0.4592, MR: 4533.77, H@1: 0.421, H@3: 0.477, H@10: 0.524 | 
[2026-03-15 03:44:11,087][root][INFO] - Epoch: 202 | Loss: 0.0004 | Val - MRR: 0.4642, MR: 4469.66, H@1: 0.426, H@3: 0.482, H@10: 0.532 | Test - MRR: 0.4616 | *
[2026-03-15 03:45:16,494][root][INFO] - Epoch: 203 | Loss: 0.0004 | Val - MRR: 0.4634, MR: 4406.14, H@1: 0.426, H@3: 0.479, H@10: 0.531 | 
[2026-03-15 03:46:21,347][root][INFO] - Epoch: 204 | Loss: 0.0004 | Val - MRR: 0.4611, MR: 4392.28, H@1: 0.423, H@3: 0.478, H@10: 0.531 | 
[2026-03-15 03:47:25,596][root][INFO] - Epoch: 205 | Loss: 0.0004 | Val - MRR: 0.4627, MR: 4399.04, H@1: 0.424, H@3: 0.481, H@10: 0.531 | 
[2026-03-15 03:48:30,642][root][INFO] - Epoch: 206 | Loss: 0.0004 | Val - MRR: 0.4635, MR: 4512.58, H@1: 0.426, H@3: 0.480, H@10: 0.533 | 
[2026-03-15 03:49:36,337][root][INFO] - Epoch: 207 | Loss: 0.0004 | Val - MRR: 0.4583, MR: 4523.68, H@1: 0.419, H@3: 0.477, H@10: 0.525 | 
[2026-03-15 03:50:48,301][root][INFO] - Epoch: 208 | Loss: 0.0004 | Val - MRR: 0.4648, MR: 4405.18, H@1: 0.427, H@3: 0.481, H@10: 0.534 | Test - MRR: 0.4623 | *
[2026-03-15 03:51:53,129][root][INFO] - Epoch: 209 | Loss: 0.0004 | Val - MRR: 0.4642, MR: 4452.41, H@1: 0.426, H@3: 0.481, H@10: 0.533 | 
[2026-03-15 03:52:58,241][root][INFO] - Epoch: 210 | Loss: 0.0004 | Val - MRR: 0.4622, MR: 4451.96, H@1: 0.423, H@3: 0.483, H@10: 0.534 | 
[2026-03-15 03:54:03,853][root][INFO] - Epoch: 211 | Loss: 0.0004 | Val - MRR: 0.4629, MR: 4435.90, H@1: 0.424, H@3: 0.482, H@10: 0.535 | 
[2026-03-15 03:55:08,530][root][INFO] - Epoch: 212 | Loss: 0.0004 | Val - MRR: 0.4645, MR: 4468.70, H@1: 0.426, H@3: 0.482, H@10: 0.533 | 
[2026-03-15 03:56:14,069][root][INFO] - Epoch: 213 | Loss: 0.0004 | Val - MRR: 0.4639, MR: 4336.53, H@1: 0.427, H@3: 0.478, H@10: 0.533 | 
[2026-03-15 03:57:18,942][root][INFO] - Epoch: 214 | Loss: 0.0004 | Val - MRR: 0.4641, MR: 4358.40, H@1: 0.427, H@3: 0.479, H@10: 0.534 | 
[2026-03-15 03:58:23,769][root][INFO] - Epoch: 215 | Loss: 0.0004 | Val - MRR: 0.4631, MR: 4447.61, H@1: 0.425, H@3: 0.481, H@10: 0.533 | 
[2026-03-15 03:59:29,421][root][INFO] - Epoch: 216 | Loss: 0.0004 | Val - MRR: 0.4623, MR: 4419.19, H@1: 0.424, H@3: 0.479, H@10: 0.534 | 
[2026-03-15 04:00:34,617][root][INFO] - Epoch: 217 | Loss: 0.0004 | Val - MRR: 0.4642, MR: 4474.64, H@1: 0.426, H@3: 0.482, H@10: 0.532 | 
[2026-03-15 04:01:40,133][root][INFO] - Epoch: 218 | Loss: 0.0004 | Val - MRR: 0.4631, MR: 4426.09, H@1: 0.424, H@3: 0.482, H@10: 0.532 | 
[2026-03-15 04:02:45,726][root][INFO] - Epoch: 219 | Loss: 0.0004 | Val - MRR: 0.4642, MR: 4467.31, H@1: 0.426, H@3: 0.481, H@10: 0.533 | 
[2026-03-15 04:03:58,198][root][INFO] - Epoch: 220 | Loss: 0.0004 | Val - MRR: 0.4656, MR: 4498.70, H@1: 0.428, H@3: 0.481, H@10: 0.533 | Test - MRR: 0.4648 | *
[2026-03-15 04:05:03,605][root][INFO] - Epoch: 221 | Loss: 0.0004 | Val - MRR: 0.4626, MR: 4412.03, H@1: 0.425, H@3: 0.479, H@10: 0.530 | 
[2026-03-15 04:06:09,088][root][INFO] - Epoch: 222 | Loss: 0.0004 | Val - MRR: 0.4651, MR: 4330.26, H@1: 0.428, H@3: 0.480, H@10: 0.535 | 
[2026-03-15 04:07:20,898][root][INFO] - Epoch: 223 | Loss: 0.0004 | Val - MRR: 0.4666, MR: 4483.79, H@1: 0.429, H@3: 0.485, H@10: 0.534 | Test - MRR: 0.4645 | *
[2026-03-15 04:08:25,837][root][INFO] - Epoch: 224 | Loss: 0.0004 | Val - MRR: 0.4655, MR: 4382.61, H@1: 0.427, H@3: 0.485, H@10: 0.532 | 
[2026-03-15 04:09:30,725][root][INFO] - Epoch: 225 | Loss: 0.0004 | Val - MRR: 0.4646, MR: 4457.07, H@1: 0.427, H@3: 0.481, H@10: 0.533 | 
[2026-03-15 04:10:35,963][root][INFO] - Epoch: 226 | Loss: 0.0004 | Val - MRR: 0.4590, MR: 4326.18, H@1: 0.422, H@3: 0.477, H@10: 0.526 | 
[2026-03-15 04:11:41,328][root][INFO] - Epoch: 227 | Loss: 0.0004 | Val - MRR: 0.4652, MR: 4436.48, H@1: 0.429, H@3: 0.481, H@10: 0.532 | 
[2026-03-15 04:12:46,707][root][INFO] - Epoch: 228 | Loss: 0.0004 | Val - MRR: 0.4653, MR: 4465.61, H@1: 0.427, H@3: 0.484, H@10: 0.535 | 
[2026-03-15 04:13:51,860][root][INFO] - Epoch: 229 | Loss: 0.0004 | Val - MRR: 0.4657, MR: 4431.85, H@1: 0.428, H@3: 0.483, H@10: 0.533 | 
[2026-03-15 04:14:56,460][root][INFO] - Epoch: 230 | Loss: 0.0004 | Val - MRR: 0.4647, MR: 4483.30, H@1: 0.428, H@3: 0.482, H@10: 0.530 | 
[2026-03-15 04:16:01,587][root][INFO] - Epoch: 231 | Loss: 0.0004 | Val - MRR: 0.4621, MR: 4436.68, H@1: 0.426, H@3: 0.479, H@10: 0.528 | 
[2026-03-15 04:17:07,117][root][INFO] - Epoch: 232 | Loss: 0.0004 | Val - MRR: 0.4662, MR: 4311.34, H@1: 0.427, H@3: 0.484, H@10: 0.537 | 
[2026-03-15 04:18:11,968][root][INFO] - Epoch: 233 | Loss: 0.0004 | Val - MRR: 0.4636, MR: 4347.73, H@1: 0.426, H@3: 0.481, H@10: 0.531 | 
[2026-03-15 04:19:17,367][root][INFO] - Epoch: 234 | Loss: 0.0004 | Val - MRR: 0.4636, MR: 4438.69, H@1: 0.426, H@3: 0.480, H@10: 0.532 | 
[2026-03-15 04:20:22,110][root][INFO] - Epoch: 235 | Loss: 0.0004 | Val - MRR: 0.4629, MR: 4387.15, H@1: 0.426, H@3: 0.478, H@10: 0.532 | 
[2026-03-15 04:21:27,286][root][INFO] - Epoch: 236 | Loss: 0.0004 | Val - MRR: 0.4616, MR: 4420.01, H@1: 0.424, H@3: 0.478, H@10: 0.529 | 
[2026-03-15 04:22:31,472][root][INFO] - Epoch: 237 | Loss: 0.0004 | Val - MRR: 0.4648, MR: 4215.44, H@1: 0.427, H@3: 0.481, H@10: 0.536 | 
[2026-03-15 04:23:36,708][root][INFO] - Epoch: 238 | Loss: 0.0004 | Val - MRR: 0.4633, MR: 4379.25, H@1: 0.424, H@3: 0.479, H@10: 0.536 | 
[2026-03-15 04:24:41,843][root][INFO] - Epoch: 239 | Loss: 0.0004 | Val - MRR: 0.4658, MR: 4368.51, H@1: 0.429, H@3: 0.481, H@10: 0.535 | 
[2026-03-15 04:25:47,181][root][INFO] - Epoch: 240 | Loss: 0.0004 | Val - MRR: 0.4644, MR: 4447.96, H@1: 0.427, H@3: 0.483, H@10: 0.532 | 
[2026-03-15 04:26:51,810][root][INFO] - Epoch: 241 | Loss: 0.0004 | Val - MRR: 0.4641, MR: 4396.04, H@1: 0.426, H@3: 0.481, H@10: 0.532 | 
[2026-03-15 04:27:56,250][root][INFO] - Epoch: 242 | Loss: 0.0004 | Val - MRR: 0.4662, MR: 4436.72, H@1: 0.428, H@3: 0.484, H@10: 0.534 | 
[2026-03-15 04:29:01,136][root][INFO] - Epoch: 243 | Loss: 0.0004 | Val - MRR: 0.4663, MR: 4434.15, H@1: 0.427, H@3: 0.484, H@10: 0.535 | 
[2026-03-15 04:30:06,731][root][INFO] - Epoch: 244 | Loss: 0.0004 | Val - MRR: 0.4665, MR: 4261.07, H@1: 0.428, H@3: 0.483, H@10: 0.537 | 
[2026-03-15 04:31:18,466][root][INFO] - Epoch: 245 | Loss: 0.0004 | Val - MRR: 0.4670, MR: 4401.70, H@1: 0.429, H@3: 0.485, H@10: 0.537 | Test - MRR: 0.4648 | *
[2026-03-15 04:32:23,623][root][INFO] - Epoch: 246 | Loss: 0.0004 | Val - MRR: 0.4541, MR: 4263.59, H@1: 0.414, H@3: 0.471, H@10: 0.526 | 
[2026-03-15 04:33:28,323][root][INFO] - Epoch: 247 | Loss: 0.0004 | Val - MRR: 0.4668, MR: 4402.30, H@1: 0.431, H@3: 0.481, H@10: 0.535 | 
[2026-03-15 04:34:32,981][root][INFO] - Epoch: 248 | Loss: 0.0004 | Val - MRR: 0.4668, MR: 4387.61, H@1: 0.430, H@3: 0.484, H@10: 0.534 | 
[2026-03-15 04:35:45,212][root][INFO] - Epoch: 249 | Loss: 0.0004 | Val - MRR: 0.4686, MR: 4425.46, H@1: 0.433, H@3: 0.481, H@10: 0.535 | Test - MRR: 0.4667 | *
[2026-03-15 04:36:50,258][root][INFO] - Epoch: 250 | Loss: 0.0004 | Val - MRR: 0.4678, MR: 4261.83, H@1: 0.431, H@3: 0.483, H@10: 0.535 | 
[2026-03-15 04:37:55,286][root][INFO] - Epoch: 251 | Loss: 0.0004 | Val - MRR: 0.4682, MR: 4371.96, H@1: 0.431, H@3: 0.485, H@10: 0.534 | 
[2026-03-15 04:39:00,458][root][INFO] - Epoch: 252 | Loss: 0.0004 | Val - MRR: 0.4684, MR: 4304.55, H@1: 0.431, H@3: 0.485, H@10: 0.535 | 
[2026-03-15 04:40:05,082][root][INFO] - Epoch: 253 | Loss: 0.0004 | Val - MRR: 0.4681, MR: 4391.24, H@1: 0.430, H@3: 0.485, H@10: 0.537 | 
[2026-03-15 04:41:09,477][root][INFO] - Epoch: 254 | Loss: 0.0004 | Val - MRR: 0.4675, MR: 4408.99, H@1: 0.431, H@3: 0.484, H@10: 0.535 | 
[2026-03-15 04:42:14,579][root][INFO] - Epoch: 255 | Loss: 0.0004 | Val - MRR: 0.4671, MR: 4346.58, H@1: 0.430, H@3: 0.485, H@10: 0.536 | 
[2026-03-15 04:43:26,475][root][INFO] - Epoch: 256 | Loss: 0.0004 | Val - MRR: 0.4691, MR: 4324.07, H@1: 0.432, H@3: 0.486, H@10: 0.539 | Test - MRR: 0.4686 | *
[2026-03-15 04:44:31,078][root][INFO] - Epoch: 257 | Loss: 0.0004 | Val - MRR: 0.4691, MR: 4403.82, H@1: 0.431, H@3: 0.487, H@10: 0.537 | 
[2026-03-15 04:45:36,017][root][INFO] - Epoch: 258 | Loss: 0.0004 | Val - MRR: 0.4685, MR: 4420.47, H@1: 0.432, H@3: 0.484, H@10: 0.535 | 
[2026-03-15 04:46:40,509][root][INFO] - Epoch: 259 | Loss: 0.0004 | Val - MRR: 0.4665, MR: 4344.38, H@1: 0.430, H@3: 0.483, H@10: 0.536 | 
[2026-03-15 04:47:45,214][root][INFO] - Epoch: 260 | Loss: 0.0004 | Val - MRR: 0.4669, MR: 4411.97, H@1: 0.429, H@3: 0.484, H@10: 0.536 | 
[2026-03-15 04:48:49,196][root][INFO] - Epoch: 261 | Loss: 0.0004 | Val - MRR: 0.4678, MR: 4356.33, H@1: 0.430, H@3: 0.484, H@10: 0.535 | 
[2026-03-15 04:49:53,845][root][INFO] - Epoch: 262 | Loss: 0.0004 | Val - MRR: 0.4651, MR: 4420.89, H@1: 0.429, H@3: 0.482, H@10: 0.531 | 
[2026-03-15 04:51:05,592][root][INFO] - Epoch: 263 | Loss: 0.0004 | Val - MRR: 0.4698, MR: 4314.41, H@1: 0.432, H@3: 0.487, H@10: 0.539 | Test - MRR: 0.4686 | *
[2026-03-15 04:52:10,709][root][INFO] - Epoch: 264 | Loss: 0.0004 | Val - MRR: 0.4673, MR: 4454.76, H@1: 0.429, H@3: 0.485, H@10: 0.536 | 
[2026-03-15 04:53:15,302][root][INFO] - Epoch: 265 | Loss: 0.0004 | Val - MRR: 0.4672, MR: 4357.54, H@1: 0.430, H@3: 0.482, H@10: 0.538 | 
[2026-03-15 04:54:20,034][root][INFO] - Epoch: 266 | Loss: 0.0004 | Val - MRR: 0.4676, MR: 4387.64, H@1: 0.431, H@3: 0.482, H@10: 0.533 | 
[2026-03-15 04:55:25,721][root][INFO] - Epoch: 267 | Loss: 0.0004 | Val - MRR: 0.4658, MR: 4485.37, H@1: 0.428, H@3: 0.481, H@10: 0.537 | 
[2026-03-15 04:56:30,732][root][INFO] - Epoch: 268 | Loss: 0.0004 | Val - MRR: 0.4687, MR: 4365.56, H@1: 0.432, H@3: 0.485, H@10: 0.537 | 
[2026-03-15 04:57:35,554][root][INFO] - Epoch: 269 | Loss: 0.0004 | Val - MRR: 0.4678, MR: 4319.79, H@1: 0.431, H@3: 0.485, H@10: 0.537 | 
[2026-03-15 04:58:39,950][root][INFO] - Epoch: 270 | Loss: 0.0004 | Val - MRR: 0.4696, MR: 4365.69, H@1: 0.434, H@3: 0.485, H@10: 0.537 | 
[2026-03-15 04:59:45,375][root][INFO] - Epoch: 271 | Loss: 0.0004 | Val - MRR: 0.4688, MR: 4095.21, H@1: 0.431, H@3: 0.484, H@10: 0.539 | 
[2026-03-15 05:00:51,027][root][INFO] - Epoch: 272 | Loss: 0.0004 | Val - MRR: 0.4690, MR: 4323.59, H@1: 0.432, H@3: 0.485, H@10: 0.540 | 
[2026-03-15 05:02:03,602][root][INFO] - Epoch: 273 | Loss: 0.0004 | Val - MRR: 0.4706, MR: 4370.72, H@1: 0.435, H@3: 0.485, H@10: 0.536 | Test - MRR: 0.4690 | *
[2026-03-15 05:03:08,691][root][INFO] - Epoch: 274 | Loss: 0.0004 | Val - MRR: 0.4680, MR: 4359.00, H@1: 0.430, H@3: 0.485, H@10: 0.536 | 
[2026-03-15 05:04:21,551][root][INFO] - Epoch: 275 | Loss: 0.0004 | Val - MRR: 0.4708, MR: 4429.38, H@1: 0.434, H@3: 0.487, H@10: 0.538 | Test - MRR: 0.4720 | *
[2026-03-15 05:05:26,133][root][INFO] - Epoch: 276 | Loss: 0.0004 | Val - MRR: 0.4693, MR: 4362.99, H@1: 0.433, H@3: 0.486, H@10: 0.538 | 
[2026-03-15 05:06:31,374][root][INFO] - Epoch: 277 | Loss: 0.0004 | Val - MRR: 0.4696, MR: 4359.93, H@1: 0.433, H@3: 0.487, H@10: 0.538 | 
[2026-03-15 05:07:42,353][root][INFO] - Epoch: 278 | Loss: 0.0004 | Val - MRR: 0.4728, MR: 4408.07, H@1: 0.437, H@3: 0.488, H@10: 0.540 | Test - MRR: 0.4704 | *
[2026-03-15 05:08:47,431][root][INFO] - Epoch: 279 | Loss: 0.0004 | Val - MRR: 0.4701, MR: 4418.87, H@1: 0.433, H@3: 0.487, H@10: 0.542 | 
[2026-03-15 05:09:53,500][root][INFO] - Epoch: 280 | Loss: 0.0004 | Val - MRR: 0.4686, MR: 4463.05, H@1: 0.432, H@3: 0.485, H@10: 0.538 | 
[2026-03-15 05:10:58,208][root][INFO] - Epoch: 281 | Loss: 0.0004 | Val - MRR: 0.4698, MR: 4413.21, H@1: 0.435, H@3: 0.485, H@10: 0.539 | 
[2026-03-15 05:12:02,830][root][INFO] - Epoch: 282 | Loss: 0.0004 | Val - MRR: 0.4685, MR: 4447.11, H@1: 0.432, H@3: 0.484, H@10: 0.538 | 
[2026-03-15 05:13:07,826][root][INFO] - Epoch: 283 | Loss: 0.0004 | Val - MRR: 0.4688, MR: 4379.40, H@1: 0.432, H@3: 0.485, H@10: 0.537 | 
[2026-03-15 05:14:12,231][root][INFO] - Epoch: 284 | Loss: 0.0004 | Val - MRR: 0.4686, MR: 4351.37, H@1: 0.432, H@3: 0.483, H@10: 0.535 | 
[2026-03-15 05:15:17,421][root][INFO] - Epoch: 285 | Loss: 0.0004 | Val - MRR: 0.4689, MR: 4484.31, H@1: 0.432, H@3: 0.486, H@10: 0.538 | 
[2026-03-15 05:16:21,530][root][INFO] - Epoch: 286 | Loss: 0.0004 | Val - MRR: 0.4697, MR: 4381.39, H@1: 0.432, H@3: 0.485, H@10: 0.541 | 
[2026-03-15 05:17:26,934][root][INFO] - Epoch: 287 | Loss: 0.0004 | Val - MRR: 0.4698, MR: 4382.67, H@1: 0.432, H@3: 0.488, H@10: 0.541 | 
[2026-03-15 05:18:31,274][root][INFO] - Epoch: 288 | Loss: 0.0004 | Val - MRR: 0.4693, MR: 4375.45, H@1: 0.431, H@3: 0.487, H@10: 0.538 | 
[2026-03-15 05:19:36,623][root][INFO] - Epoch: 289 | Loss: 0.0004 | Val - MRR: 0.4690, MR: 4369.89, H@1: 0.431, H@3: 0.486, H@10: 0.539 | 
[2026-03-15 05:20:41,514][root][INFO] - Epoch: 290 | Loss: 0.0004 | Val - MRR: 0.4710, MR: 4405.83, H@1: 0.435, H@3: 0.489, H@10: 0.536 | 
[2026-03-15 05:21:47,655][root][INFO] - Epoch: 291 | Loss: 0.0004 | Val - MRR: 0.4656, MR: 4586.98, H@1: 0.430, H@3: 0.483, H@10: 0.528 | 
[2026-03-15 05:22:53,129][root][INFO] - Epoch: 292 | Loss: 0.0004 | Val - MRR: 0.4711, MR: 4502.86, H@1: 0.434, H@3: 0.486, H@10: 0.539 | 
[2026-03-15 05:23:57,341][root][INFO] - Epoch: 293 | Loss: 0.0004 | Val - MRR: 0.4723, MR: 4377.62, H@1: 0.436, H@3: 0.489, H@10: 0.541 | 
[2026-03-15 05:25:02,815][root][INFO] - Epoch: 294 | Loss: 0.0004 | Val - MRR: 0.4717, MR: 4395.58, H@1: 0.435, H@3: 0.490, H@10: 0.538 | 
[2026-03-15 05:26:07,193][root][INFO] - Epoch: 295 | Loss: 0.0004 | Val - MRR: 0.4702, MR: 4345.53, H@1: 0.433, H@3: 0.487, H@10: 0.538 | 
[2026-03-15 05:27:13,065][root][INFO] - Epoch: 296 | Loss: 0.0004 | Val - MRR: 0.4709, MR: 4312.97, H@1: 0.433, H@3: 0.487, H@10: 0.543 | 
[2026-03-15 05:28:18,051][root][INFO] - Epoch: 297 | Loss: 0.0004 | Val - MRR: 0.4704, MR: 4415.65, H@1: 0.434, H@3: 0.487, H@10: 0.539 | 
[2026-03-15 05:29:22,902][root][INFO] - Epoch: 298 | Loss: 0.0004 | Val - MRR: 0.4714, MR: 4405.43, H@1: 0.435, H@3: 0.487, H@10: 0.539 | 
[2026-03-15 05:30:27,830][root][INFO] - Epoch: 299 | Loss: 0.0004 | Val - MRR: 0.4714, MR: 4364.55, H@1: 0.434, H@3: 0.487, H@10: 0.543 | 
[2026-03-15 05:31:32,278][root][INFO] - Epoch: 300 | Loss: 0.0004 | Val - MRR: 0.4719, MR: 4441.74, H@1: 0.436, H@3: 0.489, H@10: 0.539 | 
[2026-03-15 05:32:36,956][root][INFO] - Epoch: 301 | Loss: 0.0004 | Val - MRR: 0.4713, MR: 4397.37, H@1: 0.435, H@3: 0.488, H@10: 0.539 | 
[2026-03-15 05:33:41,432][root][INFO] - Epoch: 302 | Loss: 0.0004 | Val - MRR: 0.4710, MR: 4385.87, H@1: 0.434, H@3: 0.487, H@10: 0.541 | 
[2026-03-15 05:34:46,783][root][INFO] - Epoch: 303 | Loss: 0.0004 | Val - MRR: 0.4709, MR: 4513.28, H@1: 0.435, H@3: 0.487, H@10: 0.535 | 
[2026-03-15 05:35:51,434][root][INFO] - Epoch: 304 | Loss: 0.0004 | Val - MRR: 0.4712, MR: 4449.60, H@1: 0.436, H@3: 0.487, H@10: 0.535 | 
[2026-03-15 05:36:55,911][root][INFO] - Epoch: 305 | Loss: 0.0004 | Val - MRR: 0.4704, MR: 4452.78, H@1: 0.435, H@3: 0.487, H@10: 0.535 | 
[2026-03-15 05:38:01,484][root][INFO] - Epoch: 306 | Loss: 0.0004 | Val - MRR: 0.4705, MR: 4494.53, H@1: 0.435, H@3: 0.487, H@10: 0.535 | 
[2026-03-15 05:39:06,284][root][INFO] - Epoch: 307 | Loss: 0.0004 | Val - MRR: 0.4685, MR: 4318.04, H@1: 0.430, H@3: 0.486, H@10: 0.539 | 
[2026-03-15 05:40:11,877][root][INFO] - Epoch: 308 | Loss: 0.0004 | Val - MRR: 0.4700, MR: 4475.94, H@1: 0.433, H@3: 0.486, H@10: 0.536 | 
[2026-03-15 05:41:17,223][root][INFO] - Epoch: 309 | Loss: 0.0004 | Val - MRR: 0.4698, MR: 4429.65, H@1: 0.433, H@3: 0.487, H@10: 0.538 | 
[2026-03-15 05:42:21,572][root][INFO] - Epoch: 310 | Loss: 0.0004 | Val - MRR: 0.4698, MR: 4454.94, H@1: 0.434, H@3: 0.484, H@10: 0.538 | 
[2026-03-15 05:43:27,033][root][INFO] - Epoch: 311 | Loss: 0.0004 | Val - MRR: 0.4709, MR: 4518.12, H@1: 0.434, H@3: 0.489, H@10: 0.537 | 
[2026-03-15 05:44:32,095][root][INFO] - Epoch: 312 | Loss: 0.0004 | Val - MRR: 0.4707, MR: 4457.33, H@1: 0.433, H@3: 0.488, H@10: 0.540 | 
[2026-03-15 05:45:36,565][root][INFO] - Epoch: 313 | Loss: 0.0004 | Val - MRR: 0.4723, MR: 4373.88, H@1: 0.436, H@3: 0.488, H@10: 0.540 | 
[2026-03-15 05:46:41,996][root][INFO] - Epoch: 314 | Loss: 0.0004 | Val - MRR: 0.4716, MR: 4376.31, H@1: 0.435, H@3: 0.488, H@10: 0.538 | 
[2026-03-15 05:47:54,594][root][INFO] - Epoch: 315 | Loss: 0.0004 | Val - MRR: 0.4734, MR: 4461.15, H@1: 0.437, H@3: 0.490, H@10: 0.542 | Test - MRR: 0.4722 | *
[2026-03-15 05:48:59,151][root][INFO] - Epoch: 316 | Loss: 0.0004 | Val - MRR: 0.4707, MR: 4347.93, H@1: 0.433, H@3: 0.487, H@10: 0.539 | 
[2026-03-15 05:50:03,732][root][INFO] - Epoch: 317 | Loss: 0.0004 | Val - MRR: 0.4711, MR: 4454.68, H@1: 0.436, H@3: 0.485, H@10: 0.537 | 
[2026-03-15 05:51:08,403][root][INFO] - Epoch: 318 | Loss: 0.0004 | Val - MRR: 0.4716, MR: 4408.68, H@1: 0.436, H@3: 0.486, H@10: 0.538 | 
[2026-03-15 05:52:14,061][root][INFO] - Epoch: 319 | Loss: 0.0004 | Val - MRR: 0.4729, MR: 4461.79, H@1: 0.437, H@3: 0.488, H@10: 0.539 | 
[2026-03-15 05:53:19,818][root][INFO] - Epoch: 320 | Loss: 0.0004 | Val - MRR: 0.4716, MR: 4371.77, H@1: 0.436, H@3: 0.486, H@10: 0.538 | 
[2026-03-15 05:54:23,695][root][INFO] - Epoch: 321 | Loss: 0.0004 | Val - MRR: 0.4723, MR: 4369.83, H@1: 0.437, H@3: 0.487, H@10: 0.537 | 
[2026-03-15 05:55:28,924][root][INFO] - Epoch: 322 | Loss: 0.0004 | Val - MRR: 0.4724, MR: 4477.63, H@1: 0.436, H@3: 0.490, H@10: 0.538 | 
[2026-03-15 05:56:33,550][root][INFO] - Epoch: 323 | Loss: 0.0004 | Val - MRR: 0.4718, MR: 4486.11, H@1: 0.437, H@3: 0.485, H@10: 0.539 | 
[2026-03-15 05:57:38,345][root][INFO] - Epoch: 324 | Loss: 0.0004 | Val - MRR: 0.4729, MR: 4415.54, H@1: 0.437, H@3: 0.489, H@10: 0.539 | 
[2026-03-15 05:58:43,674][root][INFO] - Epoch: 325 | Loss: 0.0004 | Val - MRR: 0.4715, MR: 4503.70, H@1: 0.436, H@3: 0.486, H@10: 0.537 | 
[2026-03-15 05:59:47,612][root][INFO] - Epoch: 326 | Loss: 0.0004 | Val - MRR: 0.4710, MR: 4433.64, H@1: 0.434, H@3: 0.487, H@10: 0.540 | 
[2026-03-15 06:00:52,864][root][INFO] - Epoch: 327 | Loss: 0.0004 | Val - MRR: 0.4717, MR: 4535.09, H@1: 0.435, H@3: 0.487, H@10: 0.538 | 
[2026-03-15 06:01:57,959][root][INFO] - Epoch: 328 | Loss: 0.0004 | Val - MRR: 0.4726, MR: 4420.06, H@1: 0.436, H@3: 0.488, H@10: 0.540 | 
[2026-03-15 06:03:03,317][root][INFO] - Epoch: 329 | Loss: 0.0004 | Val - MRR: 0.4711, MR: 4530.69, H@1: 0.435, H@3: 0.488, H@10: 0.538 | 
[2026-03-15 06:04:08,699][root][INFO] - Epoch: 330 | Loss: 0.0004 | Val - MRR: 0.4705, MR: 4515.07, H@1: 0.434, H@3: 0.487, H@10: 0.537 | 
[2026-03-15 06:05:13,445][root][INFO] - Epoch: 331 | Loss: 0.0004 | Val - MRR: 0.4721, MR: 4471.66, H@1: 0.435, H@3: 0.489, H@10: 0.540 | 
[2026-03-15 06:06:18,201][root][INFO] - Epoch: 332 | Loss: 0.0004 | Val - MRR: 0.4702, MR: 4445.51, H@1: 0.434, H@3: 0.486, H@10: 0.535 | 
[2026-03-15 06:07:22,383][root][INFO] - Epoch: 333 | Loss: 0.0004 | Val - MRR: 0.4728, MR: 4450.70, H@1: 0.437, H@3: 0.489, H@10: 0.539 | 
[2026-03-15 06:08:27,332][root][INFO] - Epoch: 334 | Loss: 0.0004 | Val - MRR: 0.4706, MR: 4392.53, H@1: 0.435, H@3: 0.487, H@10: 0.540 | 
[2026-03-15 06:09:32,113][root][INFO] - Epoch: 335 | Loss: 0.0004 | Val - MRR: 0.4731, MR: 4462.81, H@1: 0.437, H@3: 0.488, H@10: 0.539 | 
[2026-03-15 06:10:36,810][root][INFO] - Epoch: 336 | Loss: 0.0004 | Val - MRR: 0.4711, MR: 4415.06, H@1: 0.434, H@3: 0.488, H@10: 0.538 | 
[2026-03-15 06:11:42,145][root][INFO] - Epoch: 337 | Loss: 0.0004 | Val - MRR: 0.4691, MR: 4388.07, H@1: 0.434, H@3: 0.486, H@10: 0.532 | 
[2026-03-15 06:12:47,542][root][INFO] - Epoch: 338 | Loss: 0.0004 | Val - MRR: 0.4719, MR: 4360.07, H@1: 0.436, H@3: 0.486, H@10: 0.541 | 
[2026-03-15 06:13:52,092][root][INFO] - Epoch: 339 | Loss: 0.0004 | Val - MRR: 0.4720, MR: 4454.62, H@1: 0.435, H@3: 0.489, H@10: 0.541 | 
[2026-03-15 06:14:56,535][root][INFO] - Epoch: 340 | Loss: 0.0004 | Val - MRR: 0.4701, MR: 4436.84, H@1: 0.433, H@3: 0.488, H@10: 0.539 | 
[2026-03-15 06:16:08,816][root][INFO] - Epoch: 341 | Loss: 0.0004 | Val - MRR: 0.4737, MR: 4455.78, H@1: 0.438, H@3: 0.489, H@10: 0.542 | Test - MRR: 0.4732 | *
[2026-03-15 06:17:16,005][root][INFO] - Epoch: 342 | Loss: 0.0004 | Val - MRR: 0.4721, MR: 4379.23, H@1: 0.436, H@3: 0.489, H@10: 0.538 | 
[2026-03-15 06:18:20,698][root][INFO] - Epoch: 343 | Loss: 0.0004 | Val - MRR: 0.4726, MR: 4478.25, H@1: 0.436, H@3: 0.489, H@10: 0.539 | 
[2026-03-15 06:19:29,121][root][INFO] - Epoch: 344 | Loss: 0.0004 | Val - MRR: 0.4733, MR: 4461.08, H@1: 0.437, H@3: 0.491, H@10: 0.538 | 
[2026-03-15 06:20:36,195][root][INFO] - Epoch: 345 | Loss: 0.0004 | Val - MRR: 0.4712, MR: 4374.55, H@1: 0.434, H@3: 0.489, H@10: 0.537 | 
[2026-03-15 06:21:40,661][root][INFO] - Epoch: 346 | Loss: 0.0004 | Val - MRR: 0.4704, MR: 4357.81, H@1: 0.434, H@3: 0.486, H@10: 0.538 | 
[2026-03-15 06:22:45,562][root][INFO] - Epoch: 347 | Loss: 0.0004 | Val - MRR: 0.4695, MR: 4530.49, H@1: 0.434, H@3: 0.485, H@10: 0.536 | 
[2026-03-15 06:23:50,468][root][INFO] - Epoch: 348 | Loss: 0.0004 | Val - MRR: 0.4709, MR: 4453.42, H@1: 0.435, H@3: 0.487, H@10: 0.537 | 
[2026-03-15 06:24:55,093][root][INFO] - Epoch: 349 | Loss: 0.0004 | Val - MRR: 0.4721, MR: 4315.17, H@1: 0.434, H@3: 0.490, H@10: 0.542 | 
[2026-03-15 06:26:00,497][root][INFO] - Epoch: 350 | Loss: 0.0004 | Val - MRR: 0.4722, MR: 4457.12, H@1: 0.436, H@3: 0.488, H@10: 0.540 | 
[2026-03-15 06:27:05,984][root][INFO] - Epoch: 351 | Loss: 0.0004 | Val - MRR: 0.4705, MR: 4554.40, H@1: 0.435, H@3: 0.486, H@10: 0.536 | 
[2026-03-15 06:28:10,844][root][INFO] - Epoch: 352 | Loss: 0.0004 | Val - MRR: 0.4711, MR: 4434.90, H@1: 0.436, H@3: 0.486, H@10: 0.535 | 
[2026-03-15 06:29:16,241][root][INFO] - Epoch: 353 | Loss: 0.0004 | Val - MRR: 0.4720, MR: 4372.52, H@1: 0.435, H@3: 0.488, H@10: 0.539 | 
[2026-03-15 06:30:22,765][root][INFO] - Epoch: 354 | Loss: 0.0004 | Val - MRR: 0.4717, MR: 4405.04, H@1: 0.435, H@3: 0.486, H@10: 0.540 | 
[2026-03-15 06:31:35,919][root][INFO] - Epoch: 355 | Loss: 0.0004 | Val - MRR: 0.4739, MR: 4421.51, H@1: 0.439, H@3: 0.487, H@10: 0.539 | Test - MRR: 0.4732 | *
[2026-03-15 06:32:41,317][root][INFO] - Epoch: 356 | Loss: 0.0004 | Val - MRR: 0.4723, MR: 4443.79, H@1: 0.437, H@3: 0.485, H@10: 0.537 | 
[2026-03-15 06:33:52,893][root][INFO] - Epoch: 357 | Loss: 0.0004 | Val - MRR: 0.4745, MR: 4404.56, H@1: 0.439, H@3: 0.490, H@10: 0.541 | Test - MRR: 0.4729 | *
[2026-03-15 06:34:57,727][root][INFO] - Epoch: 358 | Loss: 0.0004 | Val - MRR: 0.4714, MR: 4463.31, H@1: 0.435, H@3: 0.487, H@10: 0.540 | 
[2026-03-15 06:36:03,541][root][INFO] - Epoch: 359 | Loss: 0.0004 | Val - MRR: 0.4724, MR: 4193.94, H@1: 0.436, H@3: 0.488, H@10: 0.537 | 
[2026-03-15 06:37:08,566][root][INFO] - Epoch: 360 | Loss: 0.0004 | Val - MRR: 0.4732, MR: 4433.35, H@1: 0.438, H@3: 0.488, H@10: 0.538 | 
[2026-03-15 06:38:16,862][root][INFO] - Epoch: 361 | Loss: 0.0004 | Val - MRR: 0.4729, MR: 4454.06, H@1: 0.438, H@3: 0.487, H@10: 0.540 | 
[2026-03-15 06:39:22,890][root][INFO] - Epoch: 362 | Loss: 0.0004 | Val - MRR: 0.4721, MR: 4464.05, H@1: 0.437, H@3: 0.487, H@10: 0.539 | 
[2026-03-15 06:40:28,453][root][INFO] - Epoch: 363 | Loss: 0.0004 | Val - MRR: 0.4711, MR: 4503.25, H@1: 0.434, H@3: 0.486, H@10: 0.540 | 
[2026-03-15 06:41:33,844][root][INFO] - Epoch: 364 | Loss: 0.0004 | Val - MRR: 0.4719, MR: 4358.41, H@1: 0.434, H@3: 0.488, H@10: 0.540 | 
[2026-03-15 06:42:38,978][root][INFO] - Epoch: 365 | Loss: 0.0004 | Val - MRR: 0.4714, MR: 4437.39, H@1: 0.435, H@3: 0.486, H@10: 0.539 | 
[2026-03-15 06:43:45,340][root][INFO] - Epoch: 366 | Loss: 0.0004 | Val - MRR: 0.4724, MR: 4454.12, H@1: 0.437, H@3: 0.487, H@10: 0.539 | 
[2026-03-15 06:44:52,746][root][INFO] - Epoch: 367 | Loss: 0.0004 | Val - MRR: 0.4729, MR: 4426.45, H@1: 0.436, H@3: 0.489, H@10: 0.541 | 
[2026-03-15 06:45:58,946][root][INFO] - Epoch: 368 | Loss: 0.0004 | Val - MRR: 0.4722, MR: 4431.15, H@1: 0.435, H@3: 0.487, H@10: 0.540 | 
[2026-03-15 06:47:03,616][root][INFO] - Epoch: 369 | Loss: 0.0004 | Val - MRR: 0.4725, MR: 4403.94, H@1: 0.437, H@3: 0.486, H@10: 0.541 | 
[2026-03-15 06:48:11,799][root][INFO] - Epoch: 370 | Loss: 0.0004 | Val - MRR: 0.4730, MR: 4434.79, H@1: 0.436, H@3: 0.490, H@10: 0.542 | 
[2026-03-15 06:49:16,908][root][INFO] - Epoch: 371 | Loss: 0.0004 | Val - MRR: 0.4705, MR: 4587.99, H@1: 0.434, H@3: 0.487, H@10: 0.539 | 
[2026-03-15 06:50:22,115][root][INFO] - Epoch: 372 | Loss: 0.0004 | Val - MRR: 0.4702, MR: 4418.98, H@1: 0.433, H@3: 0.486, H@10: 0.538 | 
[2026-03-15 06:51:27,389][root][INFO] - Epoch: 373 | Loss: 0.0004 | Val - MRR: 0.4714, MR: 4425.74, H@1: 0.436, H@3: 0.487, H@10: 0.538 | 
[2026-03-15 06:52:32,379][root][INFO] - Epoch: 374 | Loss: 0.0004 | Val - MRR: 0.4739, MR: 4495.92, H@1: 0.440, H@3: 0.488, H@10: 0.539 | 
[2026-03-15 06:53:37,889][root][INFO] - Epoch: 375 | Loss: 0.0004 | Val - MRR: 0.4724, MR: 4469.16, H@1: 0.436, H@3: 0.487, H@10: 0.541 | 
[2026-03-15 06:54:42,411][root][INFO] - Epoch: 376 | Loss: 0.0004 | Val - MRR: 0.4727, MR: 4488.26, H@1: 0.437, H@3: 0.486, H@10: 0.538 | 
[2026-03-15 06:55:47,862][root][INFO] - Epoch: 377 | Loss: 0.0004 | Val - MRR: 0.4734, MR: 4469.83, H@1: 0.437, H@3: 0.489, H@10: 0.538 | 
[2026-03-15 06:56:52,720][root][INFO] - Epoch: 378 | Loss: 0.0004 | Val - MRR: 0.4724, MR: 4519.85, H@1: 0.435, H@3: 0.489, H@10: 0.541 | 
[2026-03-15 06:57:56,773][root][INFO] - Epoch: 379 | Loss: 0.0004 | Val - MRR: 0.4744, MR: 4528.85, H@1: 0.438, H@3: 0.489, H@10: 0.543 | 
[2026-03-15 06:59:01,591][root][INFO] - Epoch: 380 | Loss: 0.0004 | Val - MRR: 0.4722, MR: 4569.95, H@1: 0.437, H@3: 0.488, H@10: 0.536 | 
[2026-03-15 07:00:06,994][root][INFO] - Epoch: 381 | Loss: 0.0004 | Val - MRR: 0.4683, MR: 4359.06, H@1: 0.430, H@3: 0.485, H@10: 0.539 | 
[2026-03-15 07:01:14,917][root][INFO] - Epoch: 382 | Loss: 0.0004 | Val - MRR: 0.4718, MR: 4458.15, H@1: 0.434, H@3: 0.489, H@10: 0.541 | 
[2026-03-15 07:02:28,108][root][INFO] - Epoch: 383 | Loss: 0.0004 | Val - MRR: 0.4746, MR: 4440.39, H@1: 0.439, H@3: 0.489, H@10: 0.540 | Test - MRR: 0.4748 | *
[2026-03-15 07:03:32,709][root][INFO] - Epoch: 384 | Loss: 0.0004 | Val - MRR: 0.4734, MR: 4456.87, H@1: 0.437, H@3: 0.489, H@10: 0.541 | 
[2026-03-15 07:04:37,971][root][INFO] - Epoch: 385 | Loss: 0.0004 | Val - MRR: 0.4732, MR: 4464.01, H@1: 0.437, H@3: 0.489, H@10: 0.540 | 
[2026-03-15 07:05:50,832][root][INFO] - Epoch: 386 | Loss: 0.0004 | Val - MRR: 0.4729, MR: 4510.77, H@1: 0.437, H@3: 0.488, H@10: 0.540 | 
[2026-03-15 07:07:00,124][root][INFO] - Epoch: 387 | Loss: 0.0004 | Val - MRR: 0.4736, MR: 4464.57, H@1: 0.437, H@3: 0.489, H@10: 0.542 | 
[2026-03-15 07:08:07,585][root][INFO] - Epoch: 388 | Loss: 0.0004 | Val - MRR: 0.4727, MR: 4446.17, H@1: 0.437, H@3: 0.488, H@10: 0.540 | 
[2026-03-15 07:09:13,368][root][INFO] - Epoch: 389 | Loss: 0.0004 | Val - MRR: 0.4724, MR: 4570.44, H@1: 0.436, H@3: 0.486, H@10: 0.541 | 
[2026-03-15 07:10:18,609][root][INFO] - Epoch: 390 | Loss: 0.0004 | Val - MRR: 0.4717, MR: 4385.70, H@1: 0.435, H@3: 0.488, H@10: 0.539 | 
[2026-03-15 07:11:23,807][root][INFO] - Epoch: 391 | Loss: 0.0004 | Val - MRR: 0.4723, MR: 4604.26, H@1: 0.435, H@3: 0.490, H@10: 0.538 | 
[2026-03-15 07:12:33,821][root][INFO] - Epoch: 392 | Loss: 0.0004 | Val - MRR: 0.4688, MR: 4449.04, H@1: 0.433, H@3: 0.484, H@10: 0.535 | 
[2026-03-15 07:13:46,381][root][INFO] - Epoch: 393 | Loss: 0.0004 | Val - MRR: 0.4762, MR: 4452.68, H@1: 0.441, H@3: 0.491, H@10: 0.541 | Test - MRR: 0.4751 | *
[2026-03-15 07:14:51,636][root][INFO] - Epoch: 394 | Loss: 0.0004 | Val - MRR: 0.4738, MR: 4526.10, H@1: 0.438, H@3: 0.490, H@10: 0.540 | 
[2026-03-15 07:15:56,475][root][INFO] - Epoch: 395 | Loss: 0.0004 | Val - MRR: 0.4729, MR: 4572.56, H@1: 0.436, H@3: 0.488, H@10: 0.542 | 
[2026-03-15 07:17:00,702][root][INFO] - Epoch: 396 | Loss: 0.0004 | Val - MRR: 0.4737, MR: 4516.20, H@1: 0.439, H@3: 0.488, H@10: 0.539 | 
[2026-03-15 07:18:05,831][root][INFO] - Epoch: 397 | Loss: 0.0004 | Val - MRR: 0.4741, MR: 4478.92, H@1: 0.438, H@3: 0.489, H@10: 0.541 | 
[2026-03-15 07:19:11,262][root][INFO] - Epoch: 398 | Loss: 0.0004 | Val - MRR: 0.4740, MR: 4506.39, H@1: 0.438, H@3: 0.488, H@10: 0.541 | 
[2026-03-15 07:20:16,528][root][INFO] - Epoch: 399 | Loss: 0.0004 | Val - MRR: 0.4752, MR: 4429.07, H@1: 0.439, H@3: 0.491, H@10: 0.541 | 
[2026-03-15 07:21:21,709][root][INFO] - Epoch: 400 | Loss: 0.0004 | Val - MRR: 0.4739, MR: 4560.59, H@1: 0.438, H@3: 0.491, H@10: 0.540 | 
[2026-03-15 07:22:26,877][root][INFO] - Epoch: 401 | Loss: 0.0004 | Val - MRR: 0.4746, MR: 4503.12, H@1: 0.439, H@3: 0.489, H@10: 0.542 | 
[2026-03-15 07:23:32,847][root][INFO] - Epoch: 402 | Loss: 0.0004 | Val - MRR: 0.4748, MR: 4485.70, H@1: 0.439, H@3: 0.490, H@10: 0.541 | 
[2026-03-15 07:24:39,399][root][INFO] - Epoch: 403 | Loss: 0.0004 | Val - MRR: 0.4724, MR: 4539.27, H@1: 0.436, H@3: 0.489, H@10: 0.540 | 
[2026-03-15 07:25:44,915][root][INFO] - Epoch: 404 | Loss: 0.0004 | Val - MRR: 0.4743, MR: 4483.75, H@1: 0.437, H@3: 0.490, H@10: 0.542 | 
[2026-03-15 07:26:49,429][root][INFO] - Epoch: 405 | Loss: 0.0004 | Val - MRR: 0.4731, MR: 4588.57, H@1: 0.435, H@3: 0.492, H@10: 0.543 | 
[2026-03-15 07:27:54,085][root][INFO] - Epoch: 406 | Loss: 0.0004 | Val - MRR: 0.4753, MR: 4603.28, H@1: 0.439, H@3: 0.493, H@10: 0.543 | 
[2026-03-15 07:28:59,380][root][INFO] - Epoch: 407 | Loss: 0.0004 | Val - MRR: 0.4752, MR: 4565.07, H@1: 0.439, H@3: 0.493, H@10: 0.542 | 
[2026-03-15 07:30:04,631][root][INFO] - Epoch: 408 | Loss: 0.0004 | Val - MRR: 0.4755, MR: 4499.34, H@1: 0.440, H@3: 0.492, H@10: 0.541 | 
[2026-03-15 07:31:09,487][root][INFO] - Epoch: 409 | Loss: 0.0004 | Val - MRR: 0.4761, MR: 4496.35, H@1: 0.440, H@3: 0.495, H@10: 0.541 | 
[2026-03-15 07:32:15,909][root][INFO] - Epoch: 410 | Loss: 0.0004 | Val - MRR: 0.4742, MR: 4589.38, H@1: 0.438, H@3: 0.491, H@10: 0.543 | 
[2026-03-15 07:33:20,757][root][INFO] - Epoch: 411 | Loss: 0.0004 | Val - MRR: 0.4742, MR: 4572.90, H@1: 0.438, H@3: 0.489, H@10: 0.543 | 
[2026-03-15 07:34:26,011][root][INFO] - Epoch: 412 | Loss: 0.0004 | Val - MRR: 0.4754, MR: 4593.30, H@1: 0.440, H@3: 0.491, H@10: 0.542 | 
[2026-03-15 07:35:31,117][root][INFO] - Epoch: 413 | Loss: 0.0004 | Val - MRR: 0.4752, MR: 4557.75, H@1: 0.440, H@3: 0.490, H@10: 0.543 | 
[2026-03-15 07:36:37,311][root][INFO] - Epoch: 414 | Loss: 0.0004 | Val - MRR: 0.4721, MR: 4555.71, H@1: 0.434, H@3: 0.488, H@10: 0.542 | 
[2026-03-15 07:37:42,406][root][INFO] - Epoch: 415 | Loss: 0.0004 | Val - MRR: 0.4740, MR: 4461.16, H@1: 0.438, H@3: 0.490, H@10: 0.542 | 
[2026-03-15 07:38:47,387][root][INFO] - Epoch: 416 | Loss: 0.0004 | Val - MRR: 0.4742, MR: 4530.50, H@1: 0.438, H@3: 0.491, H@10: 0.541 | 
[2026-03-15 07:39:52,680][root][INFO] - Epoch: 417 | Loss: 0.0004 | Val - MRR: 0.4731, MR: 4519.30, H@1: 0.436, H@3: 0.490, H@10: 0.542 | 
[2026-03-15 07:40:58,409][root][INFO] - Epoch: 418 | Loss: 0.0004 | Val - MRR: 0.4743, MR: 4465.46, H@1: 0.438, H@3: 0.491, H@10: 0.544 | 
[2026-03-15 07:42:02,951][root][INFO] - Epoch: 419 | Loss: 0.0004 | Val - MRR: 0.4729, MR: 4601.67, H@1: 0.438, H@3: 0.487, H@10: 0.539 | 
[2026-03-15 07:43:09,755][root][INFO] - Epoch: 420 | Loss: 0.0004 | Val - MRR: 0.4737, MR: 4609.66, H@1: 0.438, H@3: 0.489, H@10: 0.541 | 
[2026-03-15 07:44:13,768][root][INFO] - Epoch: 421 | Loss: 0.0004 | Val - MRR: 0.4743, MR: 4615.47, H@1: 0.436, H@3: 0.492, H@10: 0.544 | 
[2026-03-15 07:45:29,766][root][INFO] - Epoch: 422 | Loss: 0.0004 | Val - MRR: 0.4764, MR: 4634.17, H@1: 0.440, H@3: 0.493, H@10: 0.544 | Test - MRR: 0.4746 | *
[2026-03-15 07:46:36,588][root][INFO] - Epoch: 423 | Loss: 0.0004 | Val - MRR: 0.4742, MR: 4556.26, H@1: 0.437, H@3: 0.491, H@10: 0.544 | 
[2026-03-15 07:47:42,927][root][INFO] - Epoch: 424 | Loss: 0.0004 | Val - MRR: 0.4754, MR: 4572.97, H@1: 0.440, H@3: 0.493, H@10: 0.542 | 
[2026-03-15 07:48:48,016][root][INFO] - Epoch: 425 | Loss: 0.0004 | Val - MRR: 0.4754, MR: 4480.57, H@1: 0.439, H@3: 0.492, H@10: 0.542 | 
[2026-03-15 07:50:00,412][root][INFO] - Epoch: 426 | Loss: 0.0004 | Val - MRR: 0.4766, MR: 4569.47, H@1: 0.441, H@3: 0.493, H@10: 0.544 | Test - MRR: 0.4764 | *
[2026-03-15 07:51:05,237][root][INFO] - Epoch: 427 | Loss: 0.0004 | Val - MRR: 0.4754, MR: 4556.29, H@1: 0.440, H@3: 0.492, H@10: 0.543 | 
[2026-03-15 07:52:09,903][root][INFO] - Epoch: 428 | Loss: 0.0004 | Val - MRR: 0.4764, MR: 4555.66, H@1: 0.441, H@3: 0.493, H@10: 0.543 | 
[2026-03-15 07:53:14,731][root][INFO] - Epoch: 429 | Loss: 0.0004 | Val - MRR: 0.4755, MR: 4603.16, H@1: 0.440, H@3: 0.493, H@10: 0.544 | 
[2026-03-15 07:54:19,615][root][INFO] - Epoch: 430 | Loss: 0.0004 | Val - MRR: 0.4748, MR: 4647.64, H@1: 0.438, H@3: 0.492, H@10: 0.544 | 
[2026-03-15 07:55:24,834][root][INFO] - Epoch: 431 | Loss: 0.0004 | Val - MRR: 0.4747, MR: 4619.44, H@1: 0.438, H@3: 0.492, H@10: 0.543 | 
[2026-03-15 07:56:36,236][root][INFO] - Epoch: 432 | Loss: 0.0004 | Val - MRR: 0.4777, MR: 4576.30, H@1: 0.442, H@3: 0.494, H@10: 0.543 | Test - MRR: 0.4759 | *
[2026-03-15 07:57:41,458][root][INFO] - Epoch: 433 | Loss: 0.0004 | Val - MRR: 0.4743, MR: 4652.04, H@1: 0.438, H@3: 0.490, H@10: 0.544 | 
[2026-03-15 07:58:46,020][root][INFO] - Epoch: 434 | Loss: 0.0004 | Val - MRR: 0.4751, MR: 4365.48, H@1: 0.439, H@3: 0.490, H@10: 0.543 | 
[2026-03-15 07:59:49,997][root][INFO] - Epoch: 435 | Loss: 0.0004 | Val - MRR: 0.4749, MR: 4591.55, H@1: 0.439, H@3: 0.490, H@10: 0.543 | 
[2026-03-15 08:00:54,812][root][INFO] - Epoch: 436 | Loss: 0.0004 | Val - MRR: 0.4769, MR: 4549.32, H@1: 0.440, H@3: 0.494, H@10: 0.547 | 
[2026-03-15 08:01:59,095][root][INFO] - Epoch: 437 | Loss: 0.0004 | Val - MRR: 0.4767, MR: 4588.32, H@1: 0.441, H@3: 0.493, H@10: 0.545 | 
[2026-03-15 08:03:04,688][root][INFO] - Epoch: 438 | Loss: 0.0004 | Val - MRR: 0.4767, MR: 4569.36, H@1: 0.440, H@3: 0.492, H@10: 0.545 | 
[2026-03-15 08:04:09,616][root][INFO] - Epoch: 439 | Loss: 0.0004 | Val - MRR: 0.4759, MR: 4610.68, H@1: 0.439, H@3: 0.492, H@10: 0.543 | 
[2026-03-15 08:05:15,046][root][INFO] - Epoch: 440 | Loss: 0.0004 | Val - MRR: 0.4768, MR: 4570.07, H@1: 0.440, H@3: 0.492, H@10: 0.545 | 
[2026-03-15 08:06:22,062][root][INFO] - Epoch: 441 | Loss: 0.0004 | Val - MRR: 0.4771, MR: 4578.44, H@1: 0.441, H@3: 0.494, H@10: 0.544 | 
[2026-03-15 08:07:26,978][root][INFO] - Epoch: 442 | Loss: 0.0004 | Val - MRR: 0.4748, MR: 4547.35, H@1: 0.437, H@3: 0.494, H@10: 0.545 | 
[2026-03-15 08:08:32,157][root][INFO] - Epoch: 443 | Loss: 0.0004 | Val - MRR: 0.4745, MR: 4565.01, H@1: 0.438, H@3: 0.491, H@10: 0.543 | 
[2026-03-15 08:09:37,386][root][INFO] - Epoch: 444 | Loss: 0.0004 | Val - MRR: 0.4744, MR: 4567.36, H@1: 0.437, H@3: 0.491, H@10: 0.545 | 
[2026-03-15 08:10:42,431][root][INFO] - Epoch: 445 | Loss: 0.0004 | Val - MRR: 0.4749, MR: 4541.50, H@1: 0.438, H@3: 0.492, H@10: 0.545 | 
[2026-03-15 08:11:52,060][root][INFO] - Epoch: 446 | Loss: 0.0004 | Val - MRR: 0.4758, MR: 4575.10, H@1: 0.439, H@3: 0.492, H@10: 0.545 | 
[2026-03-15 08:12:57,071][root][INFO] - Epoch: 447 | Loss: 0.0004 | Val - MRR: 0.4744, MR: 4544.98, H@1: 0.437, H@3: 0.493, H@10: 0.542 | 
[2026-03-15 08:14:08,105][root][INFO] - Epoch: 448 | Loss: 0.0004 | Val - MRR: 0.4755, MR: 4623.02, H@1: 0.439, H@3: 0.494, H@10: 0.542 | 
[2026-03-15 08:15:12,499][root][INFO] - Epoch: 449 | Loss: 0.0004 | Val - MRR: 0.4747, MR: 4600.48, H@1: 0.437, H@3: 0.494, H@10: 0.544 | 
[2026-03-15 08:16:23,748][root][INFO] - Epoch: 450 | Loss: 0.0004 | Val - MRR: 0.4754, MR: 4596.67, H@1: 0.440, H@3: 0.492, H@10: 0.543 | 
[2026-03-15 08:17:35,084][root][INFO] - Epoch: 451 | Loss: 0.0004 | Val - MRR: 0.4759, MR: 4611.91, H@1: 0.439, H@3: 0.492, H@10: 0.544 | 
[2026-03-15 08:18:40,204][root][INFO] - Epoch: 452 | Loss: 0.0004 | Val - MRR: 0.4744, MR: 4633.09, H@1: 0.439, H@3: 0.491, H@10: 0.540 | 
[2026-03-15 08:19:44,961][root][INFO] - Epoch: 453 | Loss: 0.0004 | Val - MRR: 0.4749, MR: 4566.17, H@1: 0.439, H@3: 0.491, H@10: 0.542 | 
[2026-03-15 08:20:49,468][root][INFO] - Epoch: 454 | Loss: 0.0004 | Val - MRR: 0.4757, MR: 4568.03, H@1: 0.439, H@3: 0.494, H@10: 0.543 | 
[2026-03-15 08:21:57,570][root][INFO] - Epoch: 455 | Loss: 0.0004 | Val - MRR: 0.4762, MR: 4578.95, H@1: 0.440, H@3: 0.493, H@10: 0.543 | 
[2026-03-15 08:23:03,528][root][INFO] - Epoch: 456 | Loss: 0.0004 | Val - MRR: 0.4745, MR: 4615.68, H@1: 0.439, H@3: 0.489, H@10: 0.541 | 
[2026-03-15 08:24:13,093][root][INFO] - Epoch: 457 | Loss: 0.0004 | Val - MRR: 0.4773, MR: 4603.38, H@1: 0.442, H@3: 0.492, H@10: 0.546 | 
[2026-03-15 08:25:21,498][root][INFO] - Epoch: 458 | Loss: 0.0004 | Val - MRR: 0.4762, MR: 4622.90, H@1: 0.441, H@3: 0.492, H@10: 0.544 | 
[2026-03-15 08:26:26,327][root][INFO] - Epoch: 459 | Loss: 0.0004 | Val - MRR: 0.4768, MR: 4577.54, H@1: 0.440, H@3: 0.493, H@10: 0.543 | 
[2026-03-15 08:27:31,013][root][INFO] - Epoch: 460 | Loss: 0.0004 | Val - MRR: 0.4759, MR: 4601.42, H@1: 0.440, H@3: 0.492, H@10: 0.545 | 
[2026-03-15 08:28:35,125][root][INFO] - Epoch: 461 | Loss: 0.0004 | Val - MRR: 0.4757, MR: 4576.37, H@1: 0.440, H@3: 0.491, H@10: 0.545 | 
[2026-03-15 08:29:39,617][root][INFO] - Epoch: 462 | Loss: 0.0004 | Val - MRR: 0.4754, MR: 4564.81, H@1: 0.439, H@3: 0.492, H@10: 0.543 | 
[2026-03-15 08:30:45,461][root][INFO] - Epoch: 463 | Loss: 0.0004 | Val - MRR: 0.4770, MR: 4617.25, H@1: 0.441, H@3: 0.492, H@10: 0.545 | 
[2026-03-15 08:31:50,969][root][INFO] - Epoch: 464 | Loss: 0.0004 | Val - MRR: 0.4768, MR: 4524.68, H@1: 0.441, H@3: 0.492, H@10: 0.546 | 
[2026-03-15 08:32:55,423][root][INFO] - Epoch: 465 | Loss: 0.0004 | Val - MRR: 0.4766, MR: 4444.07, H@1: 0.440, H@3: 0.492, H@10: 0.547 | 
[2026-03-15 08:34:00,872][root][INFO] - Epoch: 466 | Loss: 0.0004 | Val - MRR: 0.4769, MR: 4561.98, H@1: 0.441, H@3: 0.492, H@10: 0.545 | 
[2026-03-15 08:35:05,911][root][INFO] - Epoch: 467 | Loss: 0.0004 | Val - MRR: 0.4747, MR: 4636.08, H@1: 0.437, H@3: 0.493, H@10: 0.544 | 
[2026-03-15 08:36:10,628][root][INFO] - Epoch: 468 | Loss: 0.0004 | Val - MRR: 0.4751, MR: 4690.04, H@1: 0.437, H@3: 0.493, H@10: 0.544 | 
[2026-03-15 08:37:15,404][root][INFO] - Epoch: 469 | Loss: 0.0004 | Val - MRR: 0.4754, MR: 4564.33, H@1: 0.439, H@3: 0.492, H@10: 0.546 | 
[2026-03-15 08:38:24,717][root][INFO] - Epoch: 470 | Loss: 0.0004 | Val - MRR: 0.4746, MR: 4614.11, H@1: 0.437, H@3: 0.491, H@10: 0.544 | 
[2026-03-15 08:39:31,015][root][INFO] - Epoch: 471 | Loss: 0.0004 | Val - MRR: 0.4743, MR: 4639.87, H@1: 0.436, H@3: 0.492, H@10: 0.545 | 
[2026-03-15 08:40:35,048][root][INFO] - Epoch: 472 | Loss: 0.0004 | Val - MRR: 0.4742, MR: 4561.82, H@1: 0.437, H@3: 0.492, H@10: 0.544 | 
[2026-03-15 08:41:40,199][root][INFO] - Epoch: 473 | Loss: 0.0004 | Val - MRR: 0.4740, MR: 4538.69, H@1: 0.436, H@3: 0.490, H@10: 0.543 | 
[2026-03-15 08:42:45,333][root][INFO] - Epoch: 474 | Loss: 0.0004 | Val - MRR: 0.4753, MR: 4624.90, H@1: 0.438, H@3: 0.492, H@10: 0.543 | 
[2026-03-15 08:43:50,933][root][INFO] - Epoch: 475 | Loss: 0.0004 | Val - MRR: 0.4751, MR: 4649.24, H@1: 0.439, H@3: 0.491, H@10: 0.541 | 
[2026-03-15 08:44:56,679][root][INFO] - Epoch: 476 | Loss: 0.0004 | Val - MRR: 0.4769, MR: 4599.35, H@1: 0.441, H@3: 0.493, H@10: 0.543 | 
[2026-03-15 08:46:02,812][root][INFO] - Epoch: 477 | Loss: 0.0004 | Val - MRR: 0.4758, MR: 4531.49, H@1: 0.439, H@3: 0.493, H@10: 0.544 | 
[2026-03-15 08:47:07,468][root][INFO] - Epoch: 478 | Loss: 0.0004 | Val - MRR: 0.4760, MR: 4572.21, H@1: 0.439, H@3: 0.492, H@10: 0.546 | 
[2026-03-15 08:47:07,469][root][INFO] - Long time no improvenment, stop training...
[2026-03-15 08:47:07,469][root][INFO] - Training end...
[2026-03-15 08:47:07,469][root][INFO] - Train metrics ...
[2026-03-15 08:47:54,902][root][INFO] - Train (head) - MRR: 0.9851, MR:    1.46, H@1: 0.979, H@3: 0.990, H@10: 0.996
[2026-03-15 08:47:54,903][root][INFO] - Train (tail) - MRR: 0.9770, MR:   11.81, H@1: 0.970, H@3: 0.982, H@10: 0.989
[2026-03-15 08:47:54,903][root][INFO] - Train (avg) - MRR: 0.9810, MR:    6.63, H@1: 0.974, H@3: 0.986, H@10: 0.992

[2026-03-15 08:47:54,903][root][INFO] - Valid metrics ...
[2026-03-15 08:48:02,483][root][INFO] - Valid (head) - MRR: 0.4484, MR: 4452.28, H@1: 0.414, H@3: 0.463, H@10: 0.512
[2026-03-15 08:48:02,484][root][INFO] - Valid (tail) - MRR: 0.5037, MR: 4692.14, H@1: 0.464, H@3: 0.521, H@10: 0.581
[2026-03-15 08:48:02,484][root][INFO] - Valid (avg) - MRR: 0.4760, MR: 4572.21, H@1: 0.439, H@3: 0.492, H@10: 0.546

[2026-03-15 08:48:02,484][root][INFO] - Test metrics...
[2026-03-15 08:48:09,811][root][INFO] - Test (head) - MRR: 0.4457, MR: 4452.33, H@1: 0.410, H@3: 0.461, H@10: 0.510
[2026-03-15 08:48:09,811][root][INFO] - Test (tail) - MRR: 0.5084, MR: 4913.09, H@1: 0.470, H@3: 0.528, H@10: 0.583
[2026-03-15 08:48:09,811][root][INFO] - Test (avg) - MRR: 0.4770, MR: 4682.71, H@1: 0.440, H@3: 0.495, H@10: 0.546

[2026-03-15 08:48:09,811][root][INFO] - Model save path: /home/wangwei/DSGNet-main/DSGNet/data/output/WN18RR/2026-03-14/23-52-34
