[2026-01-13 01:31:35,317][root][INFO] - 
------Config------
 {'dataset': 'FB15k_237', 'epoch': 600, 'batch_size': 1024, 'learning_rate': 0.00035, 'h_dim': 480, 'pred_rel_w': False, 'label_smooth': 0.1, 'n_heads': 8, 'topk': 15, 'rm_rate': 0.5, 'ent_drop': 0.3, 'rel_drop': 0.1, 'comp_op': 'mul', 'bn': False, 'k_h': 16, 'k_w': 30, 'conv_drop': 0.3, 'ent_drop_pred': 0.3, 'fc_drop': 0.5, 'ker_sz': 8, 'out_channel': 200, 'device': 0, 'max_no_improve': 45, 'cpu_worker_num': 10, 'warmup_epoch': 5, 'max_n': 5}
[2026-01-13 01:31:35,318][root][INFO] - Code dir path: /home/wangwei/DSGNet-main/DSGNet/code_new
[2026-01-13 01:31:35,318][root][INFO] - Config dir path: /home/wangwei/DSGNet-main/DSGNet/config
[2026-01-13 01:31:35,318][root][INFO] - Model save path: /home/wangwei/DSGNet-main/DSGNet/data/output/FB15k_237/2026-01-13/01-31-35
[2026-01-13 01:31:39,214][root][INFO] - kg # node: 14541
[2026-01-13 01:31:39,214][root][INFO] - kg # edge: 544230
[2026-01-13 01:31:39,214][root][INFO] - kg # zero deg node: 36
[2026-01-13 01:31:39,214][root][INFO] - ---Load Train Data---
[2026-01-13 01:31:41,585][root][INFO] - -----Model Parameter Configuration-----
[2026-01-13 01:31:41,586][root][INFO] - Parameter ent_emb: torch.Size([14541, 480]), require_grad = True
[2026-01-13 01:31:41,586][root][INFO] - Parameter kg_n_layer_gate: torch.Size([5]), require_grad = True
[2026-01-13 01:31:41,586][root][INFO] - Parameter pred_rel_emb: torch.Size([474, 480]), require_grad = True
[2026-01-13 01:31:41,586][root][INFO] - Parameter rel_embs.0: torch.Size([474, 480]), require_grad = True
[2026-01-13 01:31:41,586][root][INFO] - Parameter rel_embs.1: torch.Size([474, 480]), require_grad = True
[2026-01-13 01:31:41,586][root][INFO] - Parameter rel_embs.2: torch.Size([474, 480]), require_grad = True
[2026-01-13 01:31:41,586][root][INFO] - Parameter rel_embs.3: torch.Size([474, 480]), require_grad = True
[2026-01-13 01:31:41,586][root][INFO] - Parameter rel_embs.4: torch.Size([474, 480]), require_grad = True
[2026-01-13 01:31:41,586][root][INFO] - Parameter predictor.bn0.weight: torch.Size([1]), require_grad = True
[2026-01-13 01:31:41,586][root][INFO] - Parameter predictor.bn0.bias: torch.Size([1]), require_grad = True
[2026-01-13 01:31:41,586][root][INFO] - Parameter predictor.bn1.weight: torch.Size([200]), require_grad = True
[2026-01-13 01:31:41,586][root][INFO] - Parameter predictor.bn1.bias: torch.Size([200]), require_grad = True
[2026-01-13 01:31:41,586][root][INFO] - Parameter predictor.bn2.weight: torch.Size([480]), require_grad = True
[2026-01-13 01:31:41,586][root][INFO] - Parameter predictor.bn2.bias: torch.Size([480]), require_grad = True
[2026-01-13 01:31:41,586][root][INFO] - Parameter predictor.conv.weight: torch.Size([200, 1, 8, 8]), require_grad = True
[2026-01-13 01:31:41,586][root][INFO] - Parameter predictor.fc.weight: torch.Size([480, 115000]), require_grad = True
[2026-01-13 01:31:41,586][root][INFO] - Parameter L.weight: torch.Size([480, 480]), require_grad = True
[2026-01-13 01:31:41,587][root][INFO] - Parameter L.bias: torch.Size([480]), require_grad = True
[2026-01-13 01:31:41,587][root][INFO] - Parameter S.weight: torch.Size([480, 480]), require_grad = True
[2026-01-13 01:31:41,587][root][INFO] - Parameter S.bias: torch.Size([480]), require_grad = True
[2026-01-13 01:31:41,587][root][INFO] - Parameter comp_layers.0.W.0: torch.Size([480, 60]), require_grad = True
[2026-01-13 01:31:41,587][root][INFO] - Parameter comp_layers.0.W_r.0: torch.Size([480, 60]), require_grad = True
[2026-01-13 01:31:41,587][root][INFO] - Parameter comp_layers.0.a.0: torch.Size([180, 1]), require_grad = True
[2026-01-13 01:31:41,587][root][INFO] - Parameter comp_layers.1.W.0: torch.Size([480, 60]), require_grad = True
[2026-01-13 01:31:41,587][root][INFO] - Parameter comp_layers.1.W_r.0: torch.Size([480, 60]), require_grad = True
[2026-01-13 01:31:41,587][root][INFO] - Parameter comp_layers.1.a.0: torch.Size([180, 1]), require_grad = True
[2026-01-13 01:31:41,587][root][INFO] - Parameter comp_layers.2.W.0: torch.Size([480, 60]), require_grad = True
[2026-01-13 01:31:41,587][root][INFO] - Parameter comp_layers.2.W_r.0: torch.Size([480, 60]), require_grad = True
[2026-01-13 01:31:41,587][root][INFO] - Parameter comp_layers.2.a.0: torch.Size([180, 1]), require_grad = True
[2026-01-13 01:31:41,587][root][INFO] - Parameter comp_layers.3.W.0: torch.Size([480, 60]), require_grad = True
[2026-01-13 01:31:41,587][root][INFO] - Parameter comp_layers.3.W_r.0: torch.Size([480, 60]), require_grad = True
[2026-01-13 01:31:41,587][root][INFO] - Parameter comp_layers.3.a.0: torch.Size([180, 1]), require_grad = True
[2026-01-13 01:31:41,587][root][INFO] - Parameter comp_layers.4.W.0: torch.Size([480, 60]), require_grad = True
[2026-01-13 01:31:41,587][root][INFO] - Parameter comp_layers.4.W_r.0: torch.Size([480, 60]), require_grad = True
[2026-01-13 01:31:41,587][root][INFO] - Parameter comp_layers.4.a.0: torch.Size([180, 1]), require_grad = True
[2026-01-13 01:31:42,473][root][INFO] - Training... total epoch: 600, step: 88200
[2026-01-13 01:34:59,532][root][INFO] - Epoch:   0 | Loss: 0.5571 | Val - MRR: 0.0204, MR: 6275.20, H@1: 0.010, H@3: 0.019, H@10: 0.042 | Test - MRR: 0.0196 | *
[2026-01-13 01:38:25,700][root][INFO] - Epoch:   1 | Loss: 0.0620 | Val - MRR: 0.0112, MR: 5990.31, H@1: 0.010, H@3: 0.010, H@10: 0.010 | 
[2026-01-13 01:42:12,069][root][INFO] - Epoch:   2 | Loss: 0.0131 | Val - MRR: 0.0297, MR: 3887.85, H@1: 0.023, H@3: 0.029, H@10: 0.038 | Test - MRR: 0.0299 | *
[2026-01-13 01:45:58,792][root][INFO] - Epoch:   3 | Loss: 0.0127 | Val - MRR: 0.0394, MR: 3004.32, H@1: 0.033, H@3: 0.037, H@10: 0.048 | Test - MRR: 0.0390 | *
[2026-01-13 01:49:40,366][root][INFO] - Epoch:   4 | Loss: 0.0125 | Val - MRR: 0.0750, MR: 2008.49, H@1: 0.050, H@3: 0.079, H@10: 0.115 | Test - MRR: 0.0733 | *
[2026-01-13 01:53:28,350][root][INFO] - Epoch:   5 | Loss: 0.0124 | Val - MRR: 0.1103, MR: 1349.35, H@1: 0.079, H@3: 0.112, H@10: 0.167 | Test - MRR: 0.1076 | *
[2026-01-13 01:57:10,699][root][INFO] - Epoch:   6 | Loss: 0.0123 | Val - MRR: 0.1397, MR:  970.84, H@1: 0.099, H@3: 0.145, H@10: 0.217 | Test - MRR: 0.1376 | *
[2026-01-13 02:00:55,542][root][INFO] - Epoch:   7 | Loss: 0.0122 | Val - MRR: 0.1509, MR:  868.14, H@1: 0.109, H@3: 0.159, H@10: 0.227 | Test - MRR: 0.1481 | *
[2026-01-13 02:04:43,994][root][INFO] - Epoch:   8 | Loss: 0.0121 | Val - MRR: 0.1718, MR:  761.96, H@1: 0.125, H@3: 0.183, H@10: 0.258 | Test - MRR: 0.1704 | *
[2026-01-13 02:08:25,452][root][INFO] - Epoch:   9 | Loss: 0.0121 | Val - MRR: 0.1771, MR:  736.42, H@1: 0.129, H@3: 0.189, H@10: 0.270 | Test - MRR: 0.1753 | *
[2026-01-13 02:12:11,866][root][INFO] - Epoch:  10 | Loss: 0.0121 | Val - MRR: 0.1934, MR:  645.96, H@1: 0.142, H@3: 0.205, H@10: 0.292 | Test - MRR: 0.1916 | *
[2026-01-13 02:15:55,597][root][INFO] - Epoch:  11 | Loss: 0.0120 | Val - MRR: 0.2013, MR:  590.80, H@1: 0.147, H@3: 0.215, H@10: 0.306 | Test - MRR: 0.1999 | *
[2026-01-13 02:19:42,201][root][INFO] - Epoch:  12 | Loss: 0.0120 | Val - MRR: 0.2069, MR:  557.61, H@1: 0.152, H@3: 0.221, H@10: 0.313 | Test - MRR: 0.2049 | *
[2026-01-13 02:23:29,518][root][INFO] - Epoch:  13 | Loss: 0.0120 | Val - MRR: 0.2094, MR:  537.56, H@1: 0.152, H@3: 0.225, H@10: 0.319 | Test - MRR: 0.2080 | *
[2026-01-13 02:27:14,539][root][INFO] - Epoch:  14 | Loss: 0.0119 | Val - MRR: 0.2126, MR:  524.76, H@1: 0.155, H@3: 0.228, H@10: 0.323 | Test - MRR: 0.2110 | *
[2026-01-13 02:30:57,288][root][INFO] - Epoch:  15 | Loss: 0.0119 | Val - MRR: 0.2163, MR:  504.23, H@1: 0.157, H@3: 0.235, H@10: 0.328 | Test - MRR: 0.2146 | *
[2026-01-13 02:34:38,350][root][INFO] - Epoch:  16 | Loss: 0.0119 | Val - MRR: 0.2211, MR:  477.14, H@1: 0.161, H@3: 0.240, H@10: 0.335 | Test - MRR: 0.2198 | *
[2026-01-13 02:38:20,226][root][INFO] - Epoch:  17 | Loss: 0.0119 | Val - MRR: 0.2231, MR:  462.63, H@1: 0.162, H@3: 0.240, H@10: 0.340 | Test - MRR: 0.2217 | *
[2026-01-13 02:42:00,820][root][INFO] - Epoch:  18 | Loss: 0.0119 | Val - MRR: 0.2250, MR:  449.67, H@1: 0.164, H@3: 0.242, H@10: 0.343 | Test - MRR: 0.2235 | *
[2026-01-13 02:45:37,561][root][INFO] - Epoch:  19 | Loss: 0.0119 | Val - MRR: 0.2279, MR:  432.74, H@1: 0.166, H@3: 0.246, H@10: 0.347 | Test - MRR: 0.2263 | *
[2026-01-13 02:49:14,859][root][INFO] - Epoch:  20 | Loss: 0.0118 | Val - MRR: 0.2304, MR:  426.66, H@1: 0.168, H@3: 0.249, H@10: 0.352 | Test - MRR: 0.2287 | *
[2026-01-13 02:52:52,357][root][INFO] - Epoch:  21 | Loss: 0.0118 | Val - MRR: 0.2320, MR:  411.83, H@1: 0.168, H@3: 0.252, H@10: 0.354 | Test - MRR: 0.2311 | *
[2026-01-13 02:56:27,507][root][INFO] - Epoch:  22 | Loss: 0.0118 | Val - MRR: 0.2349, MR:  405.85, H@1: 0.171, H@3: 0.255, H@10: 0.357 | Test - MRR: 0.2338 | *
[2026-01-13 03:00:00,973][root][INFO] - Epoch:  23 | Loss: 0.0118 | Val - MRR: 0.2376, MR:  395.43, H@1: 0.173, H@3: 0.258, H@10: 0.360 | Test - MRR: 0.2363 | *
[2026-01-13 03:03:33,737][root][INFO] - Epoch:  24 | Loss: 0.0118 | Val - MRR: 0.2387, MR:  391.72, H@1: 0.174, H@3: 0.259, H@10: 0.362 | Test - MRR: 0.2379 | *
[2026-01-13 03:07:05,459][root][INFO] - Epoch:  25 | Loss: 0.0118 | Val - MRR: 0.2401, MR:  388.35, H@1: 0.176, H@3: 0.260, H@10: 0.365 | Test - MRR: 0.2395 | *
[2026-01-13 03:10:37,490][root][INFO] - Epoch:  26 | Loss: 0.0118 | Val - MRR: 0.2421, MR:  382.69, H@1: 0.176, H@3: 0.263, H@10: 0.369 | Test - MRR: 0.2411 | *
[2026-01-13 03:14:07,798][root][INFO] - Epoch:  27 | Loss: 0.0118 | Val - MRR: 0.2431, MR:  370.78, H@1: 0.178, H@3: 0.264, H@10: 0.369 | Test - MRR: 0.2421 | *
[2026-01-13 03:17:39,110][root][INFO] - Epoch:  28 | Loss: 0.0118 | Val - MRR: 0.2445, MR:  365.60, H@1: 0.178, H@3: 0.265, H@10: 0.372 | Test - MRR: 0.2438 | *
[2026-01-13 03:21:07,799][root][INFO] - Epoch:  29 | Loss: 0.0117 | Val - MRR: 0.2463, MR:  359.86, H@1: 0.179, H@3: 0.268, H@10: 0.376 | Test - MRR: 0.2456 | *
[2026-01-13 03:24:33,256][root][INFO] - Epoch:  30 | Loss: 0.0117 | Val - MRR: 0.2480, MR:  352.58, H@1: 0.181, H@3: 0.270, H@10: 0.376 | Test - MRR: 0.2465 | *
[2026-01-13 03:27:58,936][root][INFO] - Epoch:  31 | Loss: 0.0117 | Val - MRR: 0.2492, MR:  345.03, H@1: 0.183, H@3: 0.270, H@10: 0.378 | Test - MRR: 0.2479 | *
[2026-01-13 03:31:22,967][root][INFO] - Epoch:  32 | Loss: 0.0117 | Val - MRR: 0.2503, MR:  340.06, H@1: 0.183, H@3: 0.272, H@10: 0.380 | Test - MRR: 0.2489 | *
[2026-01-13 03:34:48,874][root][INFO] - Epoch:  33 | Loss: 0.0117 | Val - MRR: 0.2519, MR:  334.30, H@1: 0.185, H@3: 0.274, H@10: 0.382 | Test - MRR: 0.2507 | *
[2026-01-13 03:38:14,054][root][INFO] - Epoch:  34 | Loss: 0.0117 | Val - MRR: 0.2531, MR:  329.80, H@1: 0.185, H@3: 0.276, H@10: 0.385 | Test - MRR: 0.2517 | *
[2026-01-13 03:41:35,951][root][INFO] - Epoch:  35 | Loss: 0.0117 | Val - MRR: 0.2549, MR:  322.32, H@1: 0.186, H@3: 0.276, H@10: 0.386 | Test - MRR: 0.2544 | *
[2026-01-13 03:44:41,937][root][INFO] - Epoch:  36 | Loss: 0.0117 | Val - MRR: 0.2549, MR:  319.01, H@1: 0.186, H@3: 0.278, H@10: 0.387 | 
[2026-01-13 03:48:04,790][root][INFO] - Epoch:  37 | Loss: 0.0117 | Val - MRR: 0.2579, MR:  313.33, H@1: 0.189, H@3: 0.279, H@10: 0.391 | Test - MRR: 0.2568 | *
[2026-01-13 03:51:26,505][root][INFO] - Epoch:  38 | Loss: 0.0117 | Val - MRR: 0.2592, MR:  308.88, H@1: 0.190, H@3: 0.280, H@10: 0.394 | Test - MRR: 0.2574 | *
[2026-01-13 03:54:45,515][root][INFO] - Epoch:  39 | Loss: 0.0116 | Val - MRR: 0.2610, MR:  300.94, H@1: 0.192, H@3: 0.282, H@10: 0.396 | Test - MRR: 0.2585 | *
[2026-01-13 03:58:05,217][root][INFO] - Epoch:  40 | Loss: 0.0116 | Val - MRR: 0.2631, MR:  296.20, H@1: 0.193, H@3: 0.285, H@10: 0.396 | Test - MRR: 0.2612 | *
[2026-01-13 04:01:25,469][root][INFO] - Epoch:  41 | Loss: 0.0116 | Val - MRR: 0.2651, MR:  291.55, H@1: 0.194, H@3: 0.288, H@10: 0.402 | Test - MRR: 0.2633 | *
[2026-01-13 04:04:46,712][root][INFO] - Epoch:  42 | Loss: 0.0116 | Val - MRR: 0.2665, MR:  288.03, H@1: 0.196, H@3: 0.289, H@10: 0.405 | Test - MRR: 0.2637 | *
[2026-01-13 04:08:08,551][root][INFO] - Epoch:  43 | Loss: 0.0116 | Val - MRR: 0.2685, MR:  283.70, H@1: 0.198, H@3: 0.292, H@10: 0.406 | Test - MRR: 0.2661 | *
[2026-01-13 04:11:28,699][root][INFO] - Epoch:  44 | Loss: 0.0116 | Val - MRR: 0.2706, MR:  279.60, H@1: 0.199, H@3: 0.294, H@10: 0.409 | Test - MRR: 0.2675 | *
[2026-01-13 04:14:48,430][root][INFO] - Epoch:  45 | Loss: 0.0116 | Val - MRR: 0.2725, MR:  268.58, H@1: 0.201, H@3: 0.295, H@10: 0.411 | Test - MRR: 0.2704 | *
[2026-01-13 04:18:09,387][root][INFO] - Epoch:  46 | Loss: 0.0115 | Val - MRR: 0.2747, MR:  262.89, H@1: 0.203, H@3: 0.298, H@10: 0.415 | Test - MRR: 0.2722 | *
[2026-01-13 04:21:26,875][root][INFO] - Epoch:  47 | Loss: 0.0115 | Val - MRR: 0.2761, MR:  267.71, H@1: 0.204, H@3: 0.299, H@10: 0.416 | Test - MRR: 0.2728 | *
[2026-01-13 04:24:43,828][root][INFO] - Epoch:  48 | Loss: 0.0115 | Val - MRR: 0.2778, MR:  258.02, H@1: 0.206, H@3: 0.300, H@10: 0.420 | Test - MRR: 0.2748 | *
[2026-01-13 04:27:58,718][root][INFO] - Epoch:  49 | Loss: 0.0114 | Val - MRR: 0.2788, MR:  253.86, H@1: 0.204, H@3: 0.304, H@10: 0.424 | Test - MRR: 0.2772 | *
[2026-01-13 04:31:13,107][root][INFO] - Epoch:  50 | Loss: 0.0114 | Val - MRR: 0.2809, MR:  248.96, H@1: 0.208, H@3: 0.304, H@10: 0.422 | Test - MRR: 0.2775 | *
[2026-01-13 04:34:27,218][root][INFO] - Epoch:  51 | Loss: 0.0114 | Val - MRR: 0.2831, MR:  246.17, H@1: 0.209, H@3: 0.306, H@10: 0.426 | Test - MRR: 0.2790 | *
[2026-01-13 04:37:41,244][root][INFO] - Epoch:  52 | Loss: 0.0113 | Val - MRR: 0.2866, MR:  239.23, H@1: 0.212, H@3: 0.310, H@10: 0.432 | Test - MRR: 0.2827 | *
[2026-01-13 04:40:51,263][root][INFO] - Epoch:  53 | Loss: 0.0112 | Val - MRR: 0.2871, MR:  238.11, H@1: 0.213, H@3: 0.311, H@10: 0.433 | Test - MRR: 0.2839 | *
[2026-01-13 04:44:04,045][root][INFO] - Epoch:  54 | Loss: 0.0112 | Val - MRR: 0.2881, MR:  232.20, H@1: 0.212, H@3: 0.312, H@10: 0.437 | Test - MRR: 0.2855 | *
[2026-01-13 04:47:13,914][root][INFO] - Epoch:  55 | Loss: 0.0111 | Val - MRR: 0.2896, MR:  225.23, H@1: 0.213, H@3: 0.314, H@10: 0.437 | Test - MRR: 0.2878 | *
[2026-01-13 04:50:23,697][root][INFO] - Epoch:  56 | Loss: 0.0110 | Val - MRR: 0.2931, MR:  223.24, H@1: 0.217, H@3: 0.318, H@10: 0.441 | Test - MRR: 0.2904 | *
[2026-01-13 04:53:34,103][root][INFO] - Epoch:  57 | Loss: 0.0110 | Val - MRR: 0.2939, MR:  218.63, H@1: 0.218, H@3: 0.318, H@10: 0.442 | Test - MRR: 0.2912 | *
[2026-01-13 04:56:44,776][root][INFO] - Epoch:  58 | Loss: 0.0109 | Val - MRR: 0.2963, MR:  218.71, H@1: 0.219, H@3: 0.323, H@10: 0.447 | Test - MRR: 0.2940 | *
[2026-01-13 04:59:55,764][root][INFO] - Epoch:  59 | Loss: 0.0109 | Val - MRR: 0.2982, MR:  215.99, H@1: 0.221, H@3: 0.324, H@10: 0.449 | Test - MRR: 0.2957 | *
[2026-01-13 05:03:06,779][root][INFO] - Epoch:  60 | Loss: 0.0108 | Val - MRR: 0.3001, MR:  212.82, H@1: 0.224, H@3: 0.323, H@10: 0.452 | Test - MRR: 0.2972 | *
[2026-01-13 05:06:15,858][root][INFO] - Epoch:  61 | Loss: 0.0108 | Val - MRR: 0.3015, MR:  209.70, H@1: 0.224, H@3: 0.326, H@10: 0.454 | Test - MRR: 0.2988 | *
[2026-01-13 05:09:24,584][root][INFO] - Epoch:  62 | Loss: 0.0107 | Val - MRR: 0.3029, MR:  206.64, H@1: 0.225, H@3: 0.328, H@10: 0.456 | Test - MRR: 0.2996 | *
[2026-01-13 05:12:34,049][root][INFO] - Epoch:  63 | Loss: 0.0106 | Val - MRR: 0.3043, MR:  203.61, H@1: 0.226, H@3: 0.331, H@10: 0.458 | Test - MRR: 0.3021 | *
[2026-01-13 05:15:42,986][root][INFO] - Epoch:  64 | Loss: 0.0106 | Val - MRR: 0.3059, MR:  198.29, H@1: 0.226, H@3: 0.332, H@10: 0.463 | Test - MRR: 0.3027 | *
[2026-01-13 05:18:51,991][root][INFO] - Epoch:  65 | Loss: 0.0105 | Val - MRR: 0.3087, MR:  197.12, H@1: 0.229, H@3: 0.335, H@10: 0.466 | Test - MRR: 0.3062 | *
[2026-01-13 05:21:59,216][root][INFO] - Epoch:  66 | Loss: 0.0105 | Val - MRR: 0.3101, MR:  197.09, H@1: 0.231, H@3: 0.337, H@10: 0.466 | Test - MRR: 0.3072 | *
[2026-01-13 05:25:05,873][root][INFO] - Epoch:  67 | Loss: 0.0104 | Val - MRR: 0.3126, MR:  192.62, H@1: 0.233, H@3: 0.339, H@10: 0.471 | Test - MRR: 0.3098 | *
[2026-01-13 05:27:55,341][root][INFO] - Epoch:  68 | Loss: 0.0103 | Val - MRR: 0.3122, MR:  193.57, H@1: 0.231, H@3: 0.339, H@10: 0.473 | 
[2026-01-13 05:31:00,041][root][INFO] - Epoch:  69 | Loss: 0.0103 | Val - MRR: 0.3166, MR:  192.62, H@1: 0.235, H@3: 0.345, H@10: 0.477 | Test - MRR: 0.3127 | *
[2026-01-13 05:34:05,265][root][INFO] - Epoch:  70 | Loss: 0.0102 | Val - MRR: 0.3173, MR:  190.63, H@1: 0.235, H@3: 0.345, H@10: 0.479 | Test - MRR: 0.3133 | *
[2026-01-13 05:37:09,409][root][INFO] - Epoch:  71 | Loss: 0.0101 | Val - MRR: 0.3185, MR:  190.81, H@1: 0.237, H@3: 0.346, H@10: 0.481 | Test - MRR: 0.3148 | *
[2026-01-13 05:40:12,443][root][INFO] - Epoch:  72 | Loss: 0.0101 | Val - MRR: 0.3206, MR:  187.41, H@1: 0.239, H@3: 0.348, H@10: 0.483 | Test - MRR: 0.3163 | *
[2026-01-13 05:43:17,157][root][INFO] - Epoch:  73 | Loss: 0.0100 | Val - MRR: 0.3217, MR:  183.89, H@1: 0.239, H@3: 0.349, H@10: 0.486 | Test - MRR: 0.3185 | *
[2026-01-13 05:46:19,246][root][INFO] - Epoch:  74 | Loss: 0.0100 | Val - MRR: 0.3242, MR:  180.88, H@1: 0.241, H@3: 0.352, H@10: 0.490 | Test - MRR: 0.3195 | *
[2026-01-13 05:49:23,298][root][INFO] - Epoch:  75 | Loss: 0.0099 | Val - MRR: 0.3245, MR:  182.35, H@1: 0.241, H@3: 0.353, H@10: 0.493 | Test - MRR: 0.3213 | *
[2026-01-13 05:52:26,909][root][INFO] - Epoch:  76 | Loss: 0.0099 | Val - MRR: 0.3276, MR:  186.06, H@1: 0.245, H@3: 0.355, H@10: 0.496 | Test - MRR: 0.3230 | *
[2026-01-13 05:55:28,766][root][INFO] - Epoch:  77 | Loss: 0.0099 | Val - MRR: 0.3282, MR:  182.26, H@1: 0.245, H@3: 0.357, H@10: 0.496 | Test - MRR: 0.3241 | *
[2026-01-13 05:58:32,785][root][INFO] - Epoch:  78 | Loss: 0.0098 | Val - MRR: 0.3283, MR:  182.48, H@1: 0.245, H@3: 0.357, H@10: 0.496 | Test - MRR: 0.3249 | *
[2026-01-13 06:01:36,400][root][INFO] - Epoch:  79 | Loss: 0.0097 | Val - MRR: 0.3302, MR:  183.95, H@1: 0.246, H@3: 0.360, H@10: 0.497 | Test - MRR: 0.3259 | *
[2026-01-13 06:04:39,877][root][INFO] - Epoch:  80 | Loss: 0.0097 | Val - MRR: 0.3309, MR:  180.52, H@1: 0.245, H@3: 0.362, H@10: 0.500 | Test - MRR: 0.3270 | *
[2026-01-13 06:07:26,116][root][INFO] - Epoch:  81 | Loss: 0.0096 | Val - MRR: 0.3308, MR:  178.14, H@1: 0.245, H@3: 0.361, H@10: 0.503 | 
[2026-01-13 06:10:29,727][root][INFO] - Epoch:  82 | Loss: 0.0096 | Val - MRR: 0.3323, MR:  178.61, H@1: 0.248, H@3: 0.361, H@10: 0.502 | Test - MRR: 0.3281 | *
[2026-01-13 06:13:33,511][root][INFO] - Epoch:  83 | Loss: 0.0095 | Val - MRR: 0.3348, MR:  178.76, H@1: 0.249, H@3: 0.365, H@10: 0.506 | Test - MRR: 0.3299 | *
[2026-01-13 06:16:36,431][root][INFO] - Epoch:  84 | Loss: 0.0094 | Val - MRR: 0.3359, MR:  176.65, H@1: 0.250, H@3: 0.367, H@10: 0.509 | Test - MRR: 0.3313 | *
[2026-01-13 06:19:23,620][root][INFO] - Epoch:  85 | Loss: 0.0094 | Val - MRR: 0.3359, MR:  177.51, H@1: 0.250, H@3: 0.367, H@10: 0.508 | 
[2026-01-13 06:22:26,534][root][INFO] - Epoch:  86 | Loss: 0.0093 | Val - MRR: 0.3374, MR:  179.19, H@1: 0.251, H@3: 0.369, H@10: 0.511 | Test - MRR: 0.3333 | *
[2026-01-13 06:25:13,951][root][INFO] - Epoch:  87 | Loss: 0.0092 | Val - MRR: 0.3374, MR:  178.65, H@1: 0.251, H@3: 0.367, H@10: 0.511 | 
[2026-01-13 06:28:16,437][root][INFO] - Epoch:  88 | Loss: 0.0092 | Val - MRR: 0.3375, MR:  181.15, H@1: 0.250, H@3: 0.368, H@10: 0.511 | Test - MRR: 0.3333 | *
[2026-01-13 06:31:19,641][root][INFO] - Epoch:  89 | Loss: 0.0091 | Val - MRR: 0.3378, MR:  181.91, H@1: 0.251, H@3: 0.369, H@10: 0.514 | Test - MRR: 0.3345 | *
[2026-01-13 06:34:22,308][root][INFO] - Epoch:  90 | Loss: 0.0090 | Val - MRR: 0.3395, MR:  182.40, H@1: 0.252, H@3: 0.371, H@10: 0.517 | Test - MRR: 0.3351 | *
[2026-01-13 06:37:07,710][root][INFO] - Epoch:  91 | Loss: 0.0090 | Val - MRR: 0.3394, MR:  181.04, H@1: 0.252, H@3: 0.371, H@10: 0.515 | 
[2026-01-13 06:40:09,369][root][INFO] - Epoch:  92 | Loss: 0.0088 | Val - MRR: 0.3402, MR:  182.78, H@1: 0.252, H@3: 0.372, H@10: 0.518 | Test - MRR: 0.3354 | *
[2026-01-13 06:43:11,944][root][INFO] - Epoch:  93 | Loss: 0.0088 | Val - MRR: 0.3413, MR:  186.30, H@1: 0.254, H@3: 0.373, H@10: 0.516 | Test - MRR: 0.3347 | *
[2026-01-13 06:45:56,328][root][INFO] - Epoch:  94 | Loss: 0.0087 | Val - MRR: 0.3410, MR:  184.30, H@1: 0.253, H@3: 0.373, H@10: 0.519 | 
[2026-01-13 06:49:00,048][root][INFO] - Epoch:  95 | Loss: 0.0087 | Val - MRR: 0.3422, MR:  184.85, H@1: 0.255, H@3: 0.373, H@10: 0.520 | Test - MRR: 0.3366 | *
[2026-01-13 06:52:03,011][root][INFO] - Epoch:  96 | Loss: 0.0086 | Val - MRR: 0.3432, MR:  184.92, H@1: 0.255, H@3: 0.376, H@10: 0.522 | Test - MRR: 0.3376 | *
[2026-01-13 06:54:49,733][root][INFO] - Epoch:  97 | Loss: 0.0085 | Val - MRR: 0.3429, MR:  186.97, H@1: 0.254, H@3: 0.375, H@10: 0.524 | 
[2026-01-13 06:57:51,099][root][INFO] - Epoch:  98 | Loss: 0.0084 | Val - MRR: 0.3448, MR:  186.60, H@1: 0.256, H@3: 0.378, H@10: 0.524 | Test - MRR: 0.3391 | *
[2026-01-13 07:00:36,373][root][INFO] - Epoch:  99 | Loss: 0.0084 | Val - MRR: 0.3444, MR:  186.82, H@1: 0.255, H@3: 0.377, H@10: 0.525 | 
[2026-01-13 07:03:21,383][root][INFO] - Epoch: 100 | Loss: 0.0083 | Val - MRR: 0.3432, MR:  191.21, H@1: 0.254, H@3: 0.375, H@10: 0.525 | 
[2026-01-13 07:06:23,811][root][INFO] - Epoch: 101 | Loss: 0.0082 | Val - MRR: 0.3461, MR:  190.30, H@1: 0.258, H@3: 0.378, H@10: 0.526 | Test - MRR: 0.3393 | *
[2026-01-13 07:09:09,032][root][INFO] - Epoch: 102 | Loss: 0.0081 | Val - MRR: 0.3439, MR:  193.67, H@1: 0.254, H@3: 0.377, H@10: 0.527 | 
[2026-01-13 07:11:55,430][root][INFO] - Epoch: 103 | Loss: 0.0081 | Val - MRR: 0.3443, MR:  192.13, H@1: 0.255, H@3: 0.376, H@10: 0.526 | 
[2026-01-13 07:14:40,728][root][INFO] - Epoch: 104 | Loss: 0.0079 | Val - MRR: 0.3439, MR:  192.96, H@1: 0.254, H@3: 0.377, H@10: 0.527 | 
[2026-01-13 07:17:25,315][root][INFO] - Epoch: 105 | Loss: 0.0078 | Val - MRR: 0.3457, MR:  195.33, H@1: 0.256, H@3: 0.378, H@10: 0.529 | 
[2026-01-13 07:20:10,084][root][INFO] - Epoch: 106 | Loss: 0.0078 | Val - MRR: 0.3447, MR:  203.44, H@1: 0.255, H@3: 0.376, H@10: 0.527 | 
[2026-01-13 07:22:56,411][root][INFO] - Epoch: 107 | Loss: 0.0076 | Val - MRR: 0.3457, MR:  205.81, H@1: 0.256, H@3: 0.379, H@10: 0.528 | 
[2026-01-13 07:25:40,486][root][INFO] - Epoch: 108 | Loss: 0.0076 | Val - MRR: 0.3452, MR:  201.51, H@1: 0.255, H@3: 0.378, H@10: 0.527 | 
[2026-01-13 07:28:26,087][root][INFO] - Epoch: 109 | Loss: 0.0075 | Val - MRR: 0.3454, MR:  198.93, H@1: 0.256, H@3: 0.378, H@10: 0.527 | 
[2026-01-13 07:31:10,942][root][INFO] - Epoch: 110 | Loss: 0.0074 | Val - MRR: 0.3456, MR:  202.37, H@1: 0.256, H@3: 0.379, H@10: 0.529 | 
[2026-01-13 07:33:54,648][root][INFO] - Epoch: 111 | Loss: 0.0073 | Val - MRR: 0.3453, MR:  203.89, H@1: 0.256, H@3: 0.377, H@10: 0.528 | 
[2026-01-13 07:36:39,322][root][INFO] - Epoch: 112 | Loss: 0.0073 | Val - MRR: 0.3453, MR:  203.78, H@1: 0.256, H@3: 0.378, H@10: 0.528 | 
[2026-01-13 07:39:22,885][root][INFO] - Epoch: 113 | Loss: 0.0072 | Val - MRR: 0.3443, MR:  208.33, H@1: 0.254, H@3: 0.378, H@10: 0.529 | 
[2026-01-13 07:42:09,114][root][INFO] - Epoch: 114 | Loss: 0.0070 | Val - MRR: 0.3446, MR:  209.05, H@1: 0.255, H@3: 0.377, H@10: 0.527 | 
[2026-01-13 07:44:51,975][root][INFO] - Epoch: 115 | Loss: 0.0069 | Val - MRR: 0.3444, MR:  207.03, H@1: 0.255, H@3: 0.376, H@10: 0.527 | 
[2026-01-13 07:47:36,264][root][INFO] - Epoch: 116 | Loss: 0.0069 | Val - MRR: 0.3441, MR:  212.29, H@1: 0.254, H@3: 0.377, H@10: 0.527 | 
[2026-01-13 07:50:20,338][root][INFO] - Epoch: 117 | Loss: 0.0068 | Val - MRR: 0.3447, MR:  212.95, H@1: 0.254, H@3: 0.378, H@10: 0.528 | 
[2026-01-13 07:53:03,671][root][INFO] - Epoch: 118 | Loss: 0.0067 | Val - MRR: 0.3443, MR:  210.07, H@1: 0.254, H@3: 0.376, H@10: 0.528 | 
[2026-01-13 07:55:47,490][root][INFO] - Epoch: 119 | Loss: 0.0066 | Val - MRR: 0.3434, MR:  219.28, H@1: 0.253, H@3: 0.376, H@10: 0.526 | 
[2026-01-13 07:58:32,405][root][INFO] - Epoch: 120 | Loss: 0.0065 | Val - MRR: 0.3433, MR:  215.67, H@1: 0.253, H@3: 0.377, H@10: 0.528 | 
[2026-01-13 08:01:19,265][root][INFO] - Epoch: 121 | Loss: 0.0064 | Val - MRR: 0.3435, MR:  219.28, H@1: 0.253, H@3: 0.377, H@10: 0.527 | 
[2026-01-13 08:04:04,800][root][INFO] - Epoch: 122 | Loss: 0.0063 | Val - MRR: 0.3416, MR:  221.07, H@1: 0.252, H@3: 0.374, H@10: 0.525 | 
[2026-01-13 08:06:49,295][root][INFO] - Epoch: 123 | Loss: 0.0062 | Val - MRR: 0.3428, MR:  222.46, H@1: 0.252, H@3: 0.376, H@10: 0.527 | 
[2026-01-13 08:09:33,203][root][INFO] - Epoch: 124 | Loss: 0.0062 | Val - MRR: 0.3445, MR:  220.15, H@1: 0.254, H@3: 0.379, H@10: 0.526 | 
[2026-01-13 08:12:18,047][root][INFO] - Epoch: 125 | Loss: 0.0061 | Val - MRR: 0.3432, MR:  227.27, H@1: 0.253, H@3: 0.375, H@10: 0.526 | 
[2026-01-13 08:15:02,701][root][INFO] - Epoch: 126 | Loss: 0.0060 | Val - MRR: 0.3423, MR:  226.75, H@1: 0.253, H@3: 0.373, H@10: 0.524 | 
[2026-01-13 08:17:46,026][root][INFO] - Epoch: 127 | Loss: 0.0060 | Val - MRR: 0.3433, MR:  231.29, H@1: 0.253, H@3: 0.376, H@10: 0.526 | 
[2026-01-13 08:20:33,142][root][INFO] - Epoch: 128 | Loss: 0.0059 | Val - MRR: 0.3414, MR:  232.00, H@1: 0.251, H@3: 0.375, H@10: 0.526 | 
[2026-01-13 08:23:18,509][root][INFO] - Epoch: 129 | Loss: 0.0058 | Val - MRR: 0.3428, MR:  224.83, H@1: 0.253, H@3: 0.375, H@10: 0.526 | 
[2026-01-13 08:26:04,194][root][INFO] - Epoch: 130 | Loss: 0.0057 | Val - MRR: 0.3420, MR:  233.86, H@1: 0.252, H@3: 0.374, H@10: 0.525 | 
[2026-01-13 08:28:47,899][root][INFO] - Epoch: 131 | Loss: 0.0056 | Val - MRR: 0.3419, MR:  236.40, H@1: 0.251, H@3: 0.374, H@10: 0.525 | 
[2026-01-13 08:31:33,867][root][INFO] - Epoch: 132 | Loss: 0.0055 | Val - MRR: 0.3420, MR:  236.13, H@1: 0.251, H@3: 0.375, H@10: 0.527 | 
[2026-01-13 08:34:18,276][root][INFO] - Epoch: 133 | Loss: 0.0055 | Val - MRR: 0.3431, MR:  236.56, H@1: 0.252, H@3: 0.375, H@10: 0.528 | 
[2026-01-13 08:37:01,320][root][INFO] - Epoch: 134 | Loss: 0.0054 | Val - MRR: 0.3422, MR:  240.81, H@1: 0.251, H@3: 0.375, H@10: 0.525 | 
[2026-01-13 08:39:46,237][root][INFO] - Epoch: 135 | Loss: 0.0053 | Val - MRR: 0.3421, MR:  241.91, H@1: 0.252, H@3: 0.374, H@10: 0.528 | 
[2026-01-13 08:42:31,456][root][INFO] - Epoch: 136 | Loss: 0.0052 | Val - MRR: 0.3422, MR:  242.14, H@1: 0.252, H@3: 0.374, H@10: 0.526 | 
