[2026-04-15 20:16:59,482][root][INFO] - 
------Config------
 {'dataset': 'FB15k_237', 'epoch': 600, 'batch_size': 1024, 'learning_rate': 0.000175, 'h_dim': 480, 'pred_rel_w': False, 'label_smooth': 0.1, 'n_heads': 8, 'topk': 15, 'kg_layer': 2, 'rm_rate': 0.5, 'ent_drop': 0.3, 'rel_drop': 0.2, 'comp_op': 'mul', 'bn': False, 'k_h': 16, 'k_w': 30, 'conv_drop': 0.3, 'ent_drop_pred': 0.3, 'fc_drop': 0.5, 'ker_sz': 8, 'out_channel': 200, 'device': 1, 'max_no_improve': 35, 'cpu_worker_num': 10, 'warmup_epoch': 5}
[2026-04-15 20:16:59,483][root][INFO] - Code dir path: /home/wangwei/DSGNet-main/DSGNet/code_new
[2026-04-15 20:16:59,483][root][INFO] - Config dir path: /home/wangwei/DSGNet-main/DSGNet/config
[2026-04-15 20:16:59,483][root][INFO] - Model save path: /home/wangwei/DSGNet-main/DSGNet/data/output/FB15k_237/2026-04-15/20-16-59
[2026-04-15 20:17:03,459][root][INFO] - kg # node: 14541
[2026-04-15 20:17:03,459][root][INFO] - kg # edge: 544230
[2026-04-15 20:17:03,459][root][INFO] - kg # zero deg node: 36
[2026-04-15 20:17:03,459][root][INFO] - ---Load Train Data---
[2026-04-15 20:17:05,912][root][INFO] - -----Model Parameter Configuration-----
[2026-04-15 20:17:05,912][root][INFO] - Parameter ent_emb: torch.Size([14541, 480]), require_grad = True
[2026-04-15 20:17:05,913][root][INFO] - Parameter pred_rel_emb: torch.Size([474, 480]), require_grad = True
[2026-04-15 20:17:05,913][root][INFO] - Parameter W_fuse: torch.Size([480, 480]), require_grad = True
[2026-04-15 20:17:05,913][root][INFO] - Parameter a_fuse: torch.Size([960, 1]), require_grad = True
[2026-04-15 20:17:05,913][root][INFO] - Parameter rel_embs.0: torch.Size([474, 480]), require_grad = True
[2026-04-15 20:17:05,913][root][INFO] - Parameter rel_embs.1: torch.Size([474, 480]), require_grad = True
[2026-04-15 20:17:05,913][root][INFO] - Parameter predictor.bn0.weight: torch.Size([1]), require_grad = True
[2026-04-15 20:17:05,913][root][INFO] - Parameter predictor.bn0.bias: torch.Size([1]), require_grad = True
[2026-04-15 20:17:05,913][root][INFO] - Parameter predictor.bn1.weight: torch.Size([200]), require_grad = True
[2026-04-15 20:17:05,913][root][INFO] - Parameter predictor.bn1.bias: torch.Size([200]), require_grad = True
[2026-04-15 20:17:05,913][root][INFO] - Parameter predictor.bn2.weight: torch.Size([480]), require_grad = True
[2026-04-15 20:17:05,913][root][INFO] - Parameter predictor.bn2.bias: torch.Size([480]), require_grad = True
[2026-04-15 20:17:05,913][root][INFO] - Parameter predictor.conv.weight: torch.Size([200, 1, 8, 8]), require_grad = True
[2026-04-15 20:17:05,913][root][INFO] - Parameter predictor.fc.weight: torch.Size([480, 115000]), require_grad = True
[2026-04-15 20:17:05,913][root][INFO] - Parameter L.weight: torch.Size([480, 480]), require_grad = True
[2026-04-15 20:17:05,913][root][INFO] - Parameter L.bias: torch.Size([480]), require_grad = True
[2026-04-15 20:17:05,913][root][INFO] - Parameter S.weight: torch.Size([480, 480]), require_grad = True
[2026-04-15 20:17:05,913][root][INFO] - Parameter S.bias: torch.Size([480]), require_grad = True
[2026-04-15 20:17:05,913][root][INFO] - Parameter comp_layers.0.neigh_w: torch.Size([480, 480]), require_grad = True
[2026-04-15 20:17:05,913][root][INFO] - Parameter comp_layers.0.W.0: torch.Size([480, 60]), require_grad = True
[2026-04-15 20:17:05,913][root][INFO] - Parameter comp_layers.0.W.1: torch.Size([480, 60]), require_grad = True
[2026-04-15 20:17:05,913][root][INFO] - Parameter comp_layers.0.W.2: torch.Size([480, 60]), require_grad = True
[2026-04-15 20:17:05,913][root][INFO] - Parameter comp_layers.0.W.3: torch.Size([480, 60]), require_grad = True
[2026-04-15 20:17:05,914][root][INFO] - Parameter comp_layers.0.W.4: torch.Size([480, 60]), require_grad = True
[2026-04-15 20:17:05,914][root][INFO] - Parameter comp_layers.0.W.5: torch.Size([480, 60]), require_grad = True
[2026-04-15 20:17:05,914][root][INFO] - Parameter comp_layers.0.W.6: torch.Size([480, 60]), require_grad = True
[2026-04-15 20:17:05,914][root][INFO] - Parameter comp_layers.0.W.7: torch.Size([480, 60]), require_grad = True
[2026-04-15 20:17:05,914][root][INFO] - Parameter comp_layers.0.W_r.0: torch.Size([480, 60]), require_grad = True
[2026-04-15 20:17:05,914][root][INFO] - Parameter comp_layers.0.W_r.1: torch.Size([480, 60]), require_grad = True
[2026-04-15 20:17:05,914][root][INFO] - Parameter comp_layers.0.W_r.2: torch.Size([480, 60]), require_grad = True
[2026-04-15 20:17:05,914][root][INFO] - Parameter comp_layers.0.W_r.3: torch.Size([480, 60]), require_grad = True
[2026-04-15 20:17:05,914][root][INFO] - Parameter comp_layers.0.W_r.4: torch.Size([480, 60]), require_grad = True
[2026-04-15 20:17:05,914][root][INFO] - Parameter comp_layers.0.W_r.5: torch.Size([480, 60]), require_grad = True
[2026-04-15 20:17:05,914][root][INFO] - Parameter comp_layers.0.W_r.6: torch.Size([480, 60]), require_grad = True
[2026-04-15 20:17:05,914][root][INFO] - Parameter comp_layers.0.W_r.7: torch.Size([480, 60]), require_grad = True
[2026-04-15 20:17:05,914][root][INFO] - Parameter comp_layers.0.a.0: torch.Size([180, 1]), require_grad = True
[2026-04-15 20:17:05,914][root][INFO] - Parameter comp_layers.0.a.1: torch.Size([180, 1]), require_grad = True
[2026-04-15 20:17:05,914][root][INFO] - Parameter comp_layers.0.a.2: torch.Size([180, 1]), require_grad = True
[2026-04-15 20:17:05,914][root][INFO] - Parameter comp_layers.0.a.3: torch.Size([180, 1]), require_grad = True
[2026-04-15 20:17:05,914][root][INFO] - Parameter comp_layers.0.a.4: torch.Size([180, 1]), require_grad = True
[2026-04-15 20:17:05,914][root][INFO] - Parameter comp_layers.0.a.5: torch.Size([180, 1]), require_grad = True
[2026-04-15 20:17:05,914][root][INFO] - Parameter comp_layers.0.a.6: torch.Size([180, 1]), require_grad = True
[2026-04-15 20:17:05,914][root][INFO] - Parameter comp_layers.0.a.7: torch.Size([180, 1]), require_grad = True
[2026-04-15 20:17:05,914][root][INFO] - Parameter comp_layers.1.neigh_w: torch.Size([480, 480]), require_grad = True
[2026-04-15 20:17:05,914][root][INFO] - Parameter comp_layers.1.W.0: torch.Size([480, 60]), require_grad = True
[2026-04-15 20:17:05,914][root][INFO] - Parameter comp_layers.1.W.1: torch.Size([480, 60]), require_grad = True
[2026-04-15 20:17:05,914][root][INFO] - Parameter comp_layers.1.W.2: torch.Size([480, 60]), require_grad = True
[2026-04-15 20:17:05,914][root][INFO] - Parameter comp_layers.1.W.3: torch.Size([480, 60]), require_grad = True
[2026-04-15 20:17:05,915][root][INFO] - Parameter comp_layers.1.W.4: torch.Size([480, 60]), require_grad = True
[2026-04-15 20:17:05,915][root][INFO] - Parameter comp_layers.1.W.5: torch.Size([480, 60]), require_grad = True
[2026-04-15 20:17:05,915][root][INFO] - Parameter comp_layers.1.W.6: torch.Size([480, 60]), require_grad = True
[2026-04-15 20:17:05,915][root][INFO] - Parameter comp_layers.1.W.7: torch.Size([480, 60]), require_grad = True
[2026-04-15 20:17:05,915][root][INFO] - Parameter comp_layers.1.W_r.0: torch.Size([480, 60]), require_grad = True
[2026-04-15 20:17:05,915][root][INFO] - Parameter comp_layers.1.W_r.1: torch.Size([480, 60]), require_grad = True
[2026-04-15 20:17:05,915][root][INFO] - Parameter comp_layers.1.W_r.2: torch.Size([480, 60]), require_grad = True
[2026-04-15 20:17:05,915][root][INFO] - Parameter comp_layers.1.W_r.3: torch.Size([480, 60]), require_grad = True
[2026-04-15 20:17:05,915][root][INFO] - Parameter comp_layers.1.W_r.4: torch.Size([480, 60]), require_grad = True
[2026-04-15 20:17:05,915][root][INFO] - Parameter comp_layers.1.W_r.5: torch.Size([480, 60]), require_grad = True
[2026-04-15 20:17:05,915][root][INFO] - Parameter comp_layers.1.W_r.6: torch.Size([480, 60]), require_grad = True
[2026-04-15 20:17:05,915][root][INFO] - Parameter comp_layers.1.W_r.7: torch.Size([480, 60]), require_grad = True
[2026-04-15 20:17:05,915][root][INFO] - Parameter comp_layers.1.a.0: torch.Size([180, 1]), require_grad = True
[2026-04-15 20:17:05,915][root][INFO] - Parameter comp_layers.1.a.1: torch.Size([180, 1]), require_grad = True
[2026-04-15 20:17:05,915][root][INFO] - Parameter comp_layers.1.a.2: torch.Size([180, 1]), require_grad = True
[2026-04-15 20:17:05,915][root][INFO] - Parameter comp_layers.1.a.3: torch.Size([180, 1]), require_grad = True
[2026-04-15 20:17:05,915][root][INFO] - Parameter comp_layers.1.a.4: torch.Size([180, 1]), require_grad = True
[2026-04-15 20:17:05,915][root][INFO] - Parameter comp_layers.1.a.5: torch.Size([180, 1]), require_grad = True
[2026-04-15 20:17:05,915][root][INFO] - Parameter comp_layers.1.a.6: torch.Size([180, 1]), require_grad = True
[2026-04-15 20:17:05,915][root][INFO] - Parameter comp_layers.1.a.7: torch.Size([180, 1]), require_grad = True
[2026-04-15 20:17:06,809][root][INFO] - Training... total epoch: 600, step: 88200
[2026-04-15 20:19:42,415][root][INFO] - Epoch:   0 | Loss: 0.6035 | Val - MRR: 0.0053, MR: 6124.38, H@1: 0.000, H@3: 0.003, H@10: 0.016 | Test - MRR: 0.0012 | *
[2026-04-15 20:22:08,889][root][INFO] - Epoch:   1 | Loss: 0.0418 | Val - MRR: 0.0015, MR: 6376.65, H@1: 0.000, H@3: 0.000, H@10: 0.000 | 
[2026-04-15 20:24:44,604][root][INFO] - Epoch:   2 | Loss: 0.0039 | Val - MRR: 0.0123, MR: 5300.77, H@1: 0.010, H@3: 0.010, H@10: 0.010 | Test - MRR: 0.0004 | *
[2026-04-15 20:27:19,527][root][INFO] - Epoch:   3 | Loss: 0.0033 | Val - MRR: 0.0309, MR: 4230.05, H@1: 0.026, H@3: 0.027, H@10: 0.030 | Test - MRR: 0.0003 | *
[2026-04-15 20:29:53,894][root][INFO] - Epoch:   4 | Loss: 0.0032 | Val - MRR: 0.0632, MR: 3352.86, H@1: 0.051, H@3: 0.066, H@10: 0.075 | Test - MRR: 0.0003 | *
[2026-04-15 20:32:27,816][root][INFO] - Epoch:   5 | Loss: 0.0030 | Val - MRR: 0.0905, MR: 2619.33, H@1: 0.072, H@3: 0.095, H@10: 0.116 | Test - MRR: 0.0003 | *
[2026-04-15 20:35:01,054][root][INFO] - Epoch:   6 | Loss: 0.0030 | Val - MRR: 0.1070, MR: 2270.64, H@1: 0.085, H@3: 0.112, H@10: 0.139 | Test - MRR: 0.0003 | *
[2026-04-15 20:37:34,941][root][INFO] - Epoch:   7 | Loss: 0.0028 | Val - MRR: 0.1215, MR: 1910.08, H@1: 0.093, H@3: 0.126, H@10: 0.170 | Test - MRR: 0.0004 | *
[2026-04-15 20:40:09,087][root][INFO] - Epoch:   8 | Loss: 0.0028 | Val - MRR: 0.1382, MR: 1652.86, H@1: 0.105, H@3: 0.143, H@10: 0.202 | Test - MRR: 0.0004 | *
[2026-04-15 20:42:41,668][root][INFO] - Epoch:   9 | Loss: 0.0028 | Val - MRR: 0.1512, MR: 1469.61, H@1: 0.113, H@3: 0.162, H@10: 0.221 | Test - MRR: 0.0005 | *
[2026-04-15 20:45:14,632][root][INFO] - Epoch:  10 | Loss: 0.0027 | Val - MRR: 0.1644, MR: 1310.33, H@1: 0.123, H@3: 0.176, H@10: 0.240 | Test - MRR: 0.0006 | *
[2026-04-15 20:47:49,811][root][INFO] - Epoch:  11 | Loss: 0.0026 | Val - MRR: 0.1740, MR: 1135.42, H@1: 0.129, H@3: 0.189, H@10: 0.257 | Test - MRR: 0.0013 | *
[2026-04-15 20:50:24,638][root][INFO] - Epoch:  12 | Loss: 0.0026 | Val - MRR: 0.1781, MR: 1056.22, H@1: 0.131, H@3: 0.191, H@10: 0.268 | Test - MRR: 0.0020 | *
[2026-04-15 20:52:58,765][root][INFO] - Epoch:  13 | Loss: 0.0026 | Val - MRR: 0.1846, MR:  947.06, H@1: 0.136, H@3: 0.199, H@10: 0.278 | Test - MRR: 0.0022 | *
[2026-04-15 20:55:33,211][root][INFO] - Epoch:  14 | Loss: 0.0025 | Val - MRR: 0.1869, MR:  897.87, H@1: 0.137, H@3: 0.201, H@10: 0.283 | Test - MRR: 0.0023 | *
[2026-04-15 20:58:06,103][root][INFO] - Epoch:  15 | Loss: 0.0025 | Val - MRR: 0.1914, MR:  829.17, H@1: 0.141, H@3: 0.204, H@10: 0.289 | Test - MRR: 0.0024 | *
[2026-04-15 21:00:41,019][root][INFO] - Epoch:  16 | Loss: 0.0024 | Val - MRR: 0.1953, MR:  779.74, H@1: 0.143, H@3: 0.210, H@10: 0.297 | Test - MRR: 0.0026 | *
[2026-04-15 21:03:15,124][root][INFO] - Epoch:  17 | Loss: 0.0024 | Val - MRR: 0.1997, MR:  734.55, H@1: 0.146, H@3: 0.214, H@10: 0.303 | Test - MRR: 0.0027 | *
[2026-04-15 21:05:49,811][root][INFO] - Epoch:  18 | Loss: 0.0024 | Val - MRR: 0.2014, MR:  693.34, H@1: 0.147, H@3: 0.217, H@10: 0.309 | Test - MRR: 0.0030 | *
[2026-04-15 21:08:24,564][root][INFO] - Epoch:  19 | Loss: 0.0024 | Val - MRR: 0.2045, MR:  658.02, H@1: 0.149, H@3: 0.219, H@10: 0.313 | Test - MRR: 0.0048 | *
[2026-04-15 21:10:59,118][root][INFO] - Epoch:  20 | Loss: 0.0023 | Val - MRR: 0.2061, MR:  651.12, H@1: 0.151, H@3: 0.222, H@10: 0.312 | Test - MRR: 0.0050 | *
[2026-04-15 21:13:34,355][root][INFO] - Epoch:  21 | Loss: 0.0023 | Val - MRR: 0.2090, MR:  611.58, H@1: 0.153, H@3: 0.224, H@10: 0.319 | Test - MRR: 0.0055 | *
[2026-04-15 21:16:09,316][root][INFO] - Epoch:  22 | Loss: 0.0023 | Val - MRR: 0.2099, MR:  590.13, H@1: 0.153, H@3: 0.225, H@10: 0.320 | Test - MRR: 0.0059 | *
[2026-04-15 21:18:44,687][root][INFO] - Epoch:  23 | Loss: 0.0023 | Val - MRR: 0.2119, MR:  581.74, H@1: 0.155, H@3: 0.227, H@10: 0.322 | Test - MRR: 0.0065 | *
[2026-04-15 21:21:18,079][root][INFO] - Epoch:  24 | Loss: 0.0023 | Val - MRR: 0.2146, MR:  553.07, H@1: 0.157, H@3: 0.230, H@10: 0.327 | Test - MRR: 0.0045 | *
[2026-04-15 21:23:53,709][root][INFO] - Epoch:  25 | Loss: 0.0023 | Val - MRR: 0.2141, MR:  530.47, H@1: 0.155, H@3: 0.230, H@10: 0.330 | Test - MRR: 0.0071 | *
[2026-04-15 21:26:25,621][root][INFO] - Epoch:  26 | Loss: 0.0023 | Val - MRR: 0.2173, MR:  513.66, H@1: 0.159, H@3: 0.233, H@10: 0.331 | Test - MRR: 0.0077 | *
[2026-04-15 21:28:59,857][root][INFO] - Epoch:  27 | Loss: 0.0022 | Val - MRR: 0.2182, MR:  496.65, H@1: 0.159, H@3: 0.234, H@10: 0.335 | Test - MRR: 0.0082 | *
[2026-04-15 21:31:33,795][root][INFO] - Epoch:  28 | Loss: 0.0022 | Val - MRR: 0.2187, MR:  497.11, H@1: 0.159, H@3: 0.235, H@10: 0.334 | Test - MRR: 0.0087 | *
[2026-04-15 21:34:07,477][root][INFO] - Epoch:  29 | Loss: 0.0022 | Val - MRR: 0.2209, MR:  495.01, H@1: 0.160, H@3: 0.239, H@10: 0.337 | Test - MRR: 0.0087 | *
[2026-04-15 21:36:41,684][root][INFO] - Epoch:  30 | Loss: 0.0022 | Val - MRR: 0.2226, MR:  488.34, H@1: 0.162, H@3: 0.240, H@10: 0.340 | Test - MRR: 0.0091 | *
[2026-04-15 21:39:15,957][root][INFO] - Epoch:  31 | Loss: 0.0022 | Val - MRR: 0.2231, MR:  477.45, H@1: 0.162, H@3: 0.242, H@10: 0.342 | Test - MRR: 0.0094 | *
[2026-04-15 21:41:50,169][root][INFO] - Epoch:  32 | Loss: 0.0021 | Val - MRR: 0.2242, MR:  468.53, H@1: 0.163, H@3: 0.242, H@10: 0.343 | Test - MRR: 0.0097 | *
[2026-04-15 21:44:23,815][root][INFO] - Epoch:  33 | Loss: 0.0021 | Val - MRR: 0.2246, MR:  457.13, H@1: 0.163, H@3: 0.242, H@10: 0.344 | Test - MRR: 0.0100 | *
[2026-04-15 21:46:57,545][root][INFO] - Epoch:  34 | Loss: 0.0022 | Val - MRR: 0.2271, MR:  449.63, H@1: 0.165, H@3: 0.246, H@10: 0.348 | Test - MRR: 0.0101 | *
[2026-04-15 21:49:33,358][root][INFO] - Epoch:  35 | Loss: 0.0021 | Val - MRR: 0.2279, MR:  441.41, H@1: 0.165, H@3: 0.246, H@10: 0.349 | Test - MRR: 0.0102 | *
[2026-04-15 21:52:06,833][root][INFO] - Epoch:  36 | Loss: 0.0021 | Val - MRR: 0.2291, MR:  437.21, H@1: 0.166, H@3: 0.248, H@10: 0.351 | Test - MRR: 0.0107 | *
[2026-04-15 21:54:39,221][root][INFO] - Epoch:  37 | Loss: 0.0021 | Val - MRR: 0.2298, MR:  424.21, H@1: 0.166, H@3: 0.249, H@10: 0.353 | Test - MRR: 0.0105 | *
[2026-04-15 21:57:10,473][root][INFO] - Epoch:  38 | Loss: 0.0021 | Val - MRR: 0.2312, MR:  420.31, H@1: 0.168, H@3: 0.250, H@10: 0.353 | Test - MRR: 0.0105 | *
[2026-04-15 21:59:44,031][root][INFO] - Epoch:  39 | Loss: 0.0021 | Val - MRR: 0.2331, MR:  414.42, H@1: 0.169, H@3: 0.252, H@10: 0.358 | Test - MRR: 0.0107 | *
[2026-04-15 22:02:17,251][root][INFO] - Epoch:  40 | Loss: 0.0021 | Val - MRR: 0.2340, MR:  400.51, H@1: 0.168, H@3: 0.255, H@10: 0.359 | Test - MRR: 0.0112 | *
[2026-04-15 22:04:49,305][root][INFO] - Epoch:  41 | Loss: 0.0021 | Val - MRR: 0.2356, MR:  390.17, H@1: 0.170, H@3: 0.256, H@10: 0.360 | Test - MRR: 0.0110 | *
[2026-04-15 22:07:21,724][root][INFO] - Epoch:  42 | Loss: 0.0020 | Val - MRR: 0.2385, MR:  385.64, H@1: 0.172, H@3: 0.260, H@10: 0.364 | Test - MRR: 0.0110 | *
[2026-04-15 22:09:55,103][root][INFO] - Epoch:  43 | Loss: 0.0020 | Val - MRR: 0.2394, MR:  382.10, H@1: 0.173, H@3: 0.261, H@10: 0.367 | Test - MRR: 0.0114 | *
[2026-04-15 22:12:28,041][root][INFO] - Epoch:  44 | Loss: 0.0020 | Val - MRR: 0.2409, MR:  373.99, H@1: 0.174, H@3: 0.264, H@10: 0.370 | Test - MRR: 0.0118 | *
[2026-04-15 22:15:01,300][root][INFO] - Epoch:  45 | Loss: 0.0020 | Val - MRR: 0.2425, MR:  370.97, H@1: 0.175, H@3: 0.263, H@10: 0.373 | Test - MRR: 0.0125 | *
[2026-04-15 22:17:35,233][root][INFO] - Epoch:  46 | Loss: 0.0020 | Val - MRR: 0.2442, MR:  366.93, H@1: 0.177, H@3: 0.265, H@10: 0.372 | Test - MRR: 0.0128 | *
[2026-04-15 22:20:07,706][root][INFO] - Epoch:  47 | Loss: 0.0020 | Val - MRR: 0.2464, MR:  357.62, H@1: 0.179, H@3: 0.267, H@10: 0.377 | Test - MRR: 0.0111 | *
[2026-04-15 22:22:41,092][root][INFO] - Epoch:  48 | Loss: 0.0019 | Val - MRR: 0.2482, MR:  350.74, H@1: 0.180, H@3: 0.271, H@10: 0.379 | Test - MRR: 0.0137 | *
[2026-04-15 22:25:12,706][root][INFO] - Epoch:  49 | Loss: 0.0020 | Val - MRR: 0.2487, MR:  345.37, H@1: 0.180, H@3: 0.270, H@10: 0.381 | Test - MRR: 0.0151 | *
[2026-04-15 22:27:46,393][root][INFO] - Epoch:  50 | Loss: 0.0020 | Val - MRR: 0.2507, MR:  337.52, H@1: 0.182, H@3: 0.271, H@10: 0.384 | Test - MRR: 0.0161 | *
[2026-04-15 22:30:19,188][root][INFO] - Epoch:  51 | Loss: 0.0019 | Val - MRR: 0.2529, MR:  332.82, H@1: 0.184, H@3: 0.274, H@10: 0.386 | Test - MRR: 0.0149 | *
[2026-04-15 22:32:52,248][root][INFO] - Epoch:  52 | Loss: 0.0019 | Val - MRR: 0.2538, MR:  330.81, H@1: 0.184, H@3: 0.278, H@10: 0.388 | Test - MRR: 0.0166 | *
[2026-04-15 22:35:25,370][root][INFO] - Epoch:  53 | Loss: 0.0019 | Val - MRR: 0.2553, MR:  328.21, H@1: 0.186, H@3: 0.278, H@10: 0.388 | Test - MRR: 0.0162 | *
[2026-04-15 22:37:55,809][root][INFO] - Epoch:  54 | Loss: 0.0019 | Val - MRR: 0.2570, MR:  320.94, H@1: 0.187, H@3: 0.280, H@10: 0.390 | Test - MRR: 0.0155 | *
[2026-04-15 22:40:25,977][root][INFO] - Epoch:  55 | Loss: 0.0019 | Val - MRR: 0.2582, MR:  316.72, H@1: 0.188, H@3: 0.281, H@10: 0.393 | Test - MRR: 0.0157 | *
[2026-04-15 22:42:56,632][root][INFO] - Epoch:  56 | Loss: 0.0019 | Val - MRR: 0.2589, MR:  320.86, H@1: 0.188, H@3: 0.283, H@10: 0.395 | Test - MRR: 0.0158 | *
[2026-04-15 22:45:30,052][root][INFO] - Epoch:  57 | Loss: 0.0019 | Val - MRR: 0.2615, MR:  313.49, H@1: 0.191, H@3: 0.285, H@10: 0.397 | Test - MRR: 0.0179 | *
[2026-04-15 22:48:02,420][root][INFO] - Epoch:  58 | Loss: 0.0019 | Val - MRR: 0.2627, MR:  311.88, H@1: 0.192, H@3: 0.285, H@10: 0.399 | Test - MRR: 0.0210 | *
[2026-04-15 22:50:33,715][root][INFO] - Epoch:  59 | Loss: 0.0019 | Val - MRR: 0.2639, MR:  300.83, H@1: 0.193, H@3: 0.287, H@10: 0.402 | Test - MRR: 0.0192 | *
[2026-04-15 22:53:04,293][root][INFO] - Epoch:  60 | Loss: 0.0018 | Val - MRR: 0.2659, MR:  295.88, H@1: 0.194, H@3: 0.290, H@10: 0.404 | Test - MRR: 0.0200 | *
[2026-04-15 22:55:33,586][root][INFO] - Epoch:  61 | Loss: 0.0018 | Val - MRR: 0.2675, MR:  288.86, H@1: 0.195, H@3: 0.291, H@10: 0.406 | Test - MRR: 0.0243 | *
[2026-04-15 22:57:55,426][root][INFO] - Epoch:  62 | Loss: 0.0019 | Val - MRR: 0.2674, MR:  288.21, H@1: 0.195, H@3: 0.292, H@10: 0.407 | 
[2026-04-15 23:00:27,006][root][INFO] - Epoch:  63 | Loss: 0.0019 | Val - MRR: 0.2693, MR:  284.09, H@1: 0.197, H@3: 0.293, H@10: 0.409 | Test - MRR: 0.0219 | *
[2026-04-15 23:03:00,281][root][INFO] - Epoch:  64 | Loss: 0.0018 | Val - MRR: 0.2713, MR:  283.49, H@1: 0.199, H@3: 0.294, H@10: 0.412 | Test - MRR: 0.0251 | *
[2026-04-15 23:05:28,959][root][INFO] - Epoch:  65 | Loss: 0.0018 | Val - MRR: 0.2724, MR:  278.37, H@1: 0.199, H@3: 0.296, H@10: 0.415 | Test - MRR: 0.0228 | *
[2026-04-15 23:08:00,636][root][INFO] - Epoch:  66 | Loss: 0.0018 | Val - MRR: 0.2738, MR:  273.33, H@1: 0.200, H@3: 0.297, H@10: 0.416 | Test - MRR: 0.0252 | *
[2026-04-15 23:10:30,558][root][INFO] - Epoch:  67 | Loss: 0.0018 | Val - MRR: 0.2742, MR:  270.19, H@1: 0.200, H@3: 0.298, H@10: 0.417 | Test - MRR: 0.0257 | *
[2026-04-15 23:12:59,720][root][INFO] - Epoch:  68 | Loss: 0.0018 | Val - MRR: 0.2772, MR:  265.24, H@1: 0.203, H@3: 0.301, H@10: 0.421 | Test - MRR: 0.0236 | *
[2026-04-15 23:15:31,920][root][INFO] - Epoch:  69 | Loss: 0.0018 | Val - MRR: 0.2778, MR:  261.14, H@1: 0.203, H@3: 0.302, H@10: 0.422 | Test - MRR: 0.0254 | *
[2026-04-15 23:18:02,539][root][INFO] - Epoch:  70 | Loss: 0.0018 | Val - MRR: 0.2812, MR:  256.92, H@1: 0.207, H@3: 0.304, H@10: 0.425 | Test - MRR: 0.0275 | *
[2026-04-15 23:20:30,864][root][INFO] - Epoch:  71 | Loss: 0.0018 | Val - MRR: 0.2808, MR:  252.81, H@1: 0.206, H@3: 0.306, H@10: 0.427 | Test - MRR: 0.0289 | *
[2026-04-15 23:22:59,842][root][INFO] - Epoch:  72 | Loss: 0.0018 | Val - MRR: 0.2829, MR:  249.64, H@1: 0.207, H@3: 0.308, H@10: 0.430 | Test - MRR: 0.0309 | *
[2026-04-15 23:25:29,069][root][INFO] - Epoch:  73 | Loss: 0.0018 | Val - MRR: 0.2839, MR:  246.78, H@1: 0.209, H@3: 0.308, H@10: 0.431 | Test - MRR: 0.0305 | *
[2026-04-15 23:27:58,676][root][INFO] - Epoch:  74 | Loss: 0.0018 | Val - MRR: 0.2863, MR:  243.72, H@1: 0.211, H@3: 0.311, H@10: 0.434 | Test - MRR: 0.0312 | *
[2026-04-15 23:30:27,663][root][INFO] - Epoch:  75 | Loss: 0.0017 | Val - MRR: 0.2858, MR:  243.23, H@1: 0.211, H@3: 0.311, H@10: 0.433 | Test - MRR: 0.0346 | *
[2026-04-15 23:32:57,506][root][INFO] - Epoch:  76 | Loss: 0.0017 | Val - MRR: 0.2883, MR:  241.65, H@1: 0.213, H@3: 0.314, H@10: 0.437 | Test - MRR: 0.0368 | *
[2026-04-15 23:35:25,905][root][INFO] - Epoch:  77 | Loss: 0.0017 | Val - MRR: 0.2888, MR:  238.32, H@1: 0.212, H@3: 0.313, H@10: 0.437 | Test - MRR: 0.0376 | *
[2026-04-15 23:37:53,192][root][INFO] - Epoch:  78 | Loss: 0.0018 | Val - MRR: 0.2903, MR:  250.31, H@1: 0.214, H@3: 0.315, H@10: 0.440 | Test - MRR: 0.0393 | *
[2026-04-15 23:40:22,485][root][INFO] - Epoch:  79 | Loss: 0.0017 | Val - MRR: 0.2918, MR:  238.62, H@1: 0.215, H@3: 0.316, H@10: 0.441 | Test - MRR: 0.0419 | *
[2026-04-15 23:42:51,435][root][INFO] - Epoch:  80 | Loss: 0.0018 | Val - MRR: 0.2937, MR:  230.54, H@1: 0.217, H@3: 0.319, H@10: 0.444 | Test - MRR: 0.0461 | *
[2026-04-15 23:45:12,325][root][INFO] - Epoch:  81 | Loss: 0.0017 | Val - MRR: 0.2930, MR:  228.99, H@1: 0.215, H@3: 0.318, H@10: 0.445 | 
[2026-04-15 23:47:39,867][root][INFO] - Epoch:  82 | Loss: 0.0017 | Val - MRR: 0.2947, MR:  230.96, H@1: 0.217, H@3: 0.319, H@10: 0.447 | Test - MRR: 0.0421 | *
[2026-04-15 23:50:07,368][root][INFO] - Epoch:  83 | Loss: 0.0017 | Val - MRR: 0.2946, MR:  225.52, H@1: 0.216, H@3: 0.320, H@10: 0.447 | Test - MRR: 0.0521 | *
[2026-04-15 23:52:33,993][root][INFO] - Epoch:  84 | Loss: 0.0017 | Val - MRR: 0.2959, MR:  221.79, H@1: 0.217, H@3: 0.322, H@10: 0.450 | Test - MRR: 0.0454 | *
[2026-04-15 23:55:00,744][root][INFO] - Epoch:  85 | Loss: 0.0017 | Val - MRR: 0.2986, MR:  218.34, H@1: 0.221, H@3: 0.322, H@10: 0.452 | Test - MRR: 0.0508 | *
[2026-04-15 23:57:26,296][root][INFO] - Epoch:  86 | Loss: 0.0017 | Val - MRR: 0.2999, MR:  216.23, H@1: 0.222, H@3: 0.325, H@10: 0.453 | Test - MRR: 0.0502 | *
[2026-04-15 23:59:54,026][root][INFO] - Epoch:  87 | Loss: 0.0017 | Val - MRR: 0.2998, MR:  213.97, H@1: 0.221, H@3: 0.325, H@10: 0.456 | Test - MRR: 0.0603 | *
[2026-04-16 00:02:38,095][root][INFO] - Epoch:  88 | Loss: 0.0017 | Val - MRR: 0.3015, MR:  213.73, H@1: 0.222, H@3: 0.327, H@10: 0.457 | Test - MRR: 0.0593 | *
[2026-04-16 00:05:38,552][root][INFO] - Epoch:  89 | Loss: 0.0017 | Val - MRR: 0.3032, MR:  212.29, H@1: 0.224, H@3: 0.328, H@10: 0.459 | Test - MRR: 0.0631 | *
[2026-04-16 00:08:39,011][root][INFO] - Epoch:  90 | Loss: 0.0017 | Val - MRR: 0.3043, MR:  213.23, H@1: 0.225, H@3: 0.330, H@10: 0.461 | Test - MRR: 0.0612 | *
[2026-04-16 00:11:39,865][root][INFO] - Epoch:  91 | Loss: 0.0017 | Val - MRR: 0.3051, MR:  209.14, H@1: 0.225, H@3: 0.332, H@10: 0.462 | Test - MRR: 0.0681 | *
[2026-04-16 00:14:40,269][root][INFO] - Epoch:  92 | Loss: 0.0017 | Val - MRR: 0.3042, MR:  209.78, H@1: 0.224, H@3: 0.331, H@10: 0.462 | Test - MRR: 0.0762 | *
[2026-04-16 00:17:39,593][root][INFO] - Epoch:  93 | Loss: 0.0017 | Val - MRR: 0.3059, MR:  204.70, H@1: 0.225, H@3: 0.333, H@10: 0.464 | Test - MRR: 0.0720 | *
[2026-04-16 00:20:38,819][root][INFO] - Epoch:  94 | Loss: 0.0017 | Val - MRR: 0.3085, MR:  203.69, H@1: 0.229, H@3: 0.335, H@10: 0.466 | Test - MRR: 0.0750 | *
[2026-04-16 00:23:29,873][root][INFO] - Epoch:  95 | Loss: 0.0017 | Val - MRR: 0.3077, MR:  203.13, H@1: 0.227, H@3: 0.334, H@10: 0.467 | 
[2026-04-16 00:26:28,041][root][INFO] - Epoch:  96 | Loss: 0.0017 | Val - MRR: 0.3089, MR:  201.46, H@1: 0.229, H@3: 0.334, H@10: 0.467 | Test - MRR: 0.0796 | *
[2026-04-16 00:29:29,027][root][INFO] - Epoch:  97 | Loss: 0.0017 | Val - MRR: 0.3107, MR:  197.62, H@1: 0.230, H@3: 0.337, H@10: 0.470 | Test - MRR: 0.0892 | *
[2026-04-16 00:32:28,027][root][INFO] - Epoch:  98 | Loss: 0.0017 | Val - MRR: 0.3104, MR:  196.50, H@1: 0.229, H@3: 0.337, H@10: 0.472 | Test - MRR: 0.0925 | *
[2026-04-16 00:35:25,615][root][INFO] - Epoch:  99 | Loss: 0.0017 | Val - MRR: 0.3118, MR:  197.34, H@1: 0.230, H@3: 0.339, H@10: 0.472 | Test - MRR: 0.0917 | *
[2026-04-16 00:38:15,610][root][INFO] - Epoch: 100 | Loss: 0.0016 | Val - MRR: 0.3115, MR:  195.91, H@1: 0.230, H@3: 0.339, H@10: 0.472 | 
[2026-04-16 00:41:16,253][root][INFO] - Epoch: 101 | Loss: 0.0017 | Val - MRR: 0.3123, MR:  193.79, H@1: 0.231, H@3: 0.340, H@10: 0.475 | Test - MRR: 0.0915 | *
[2026-04-16 00:44:14,261][root][INFO] - Epoch: 102 | Loss: 0.0016 | Val - MRR: 0.3139, MR:  193.66, H@1: 0.232, H@3: 0.341, H@10: 0.476 | Test - MRR: 0.1045 | *
[2026-04-16 00:47:11,367][root][INFO] - Epoch: 103 | Loss: 0.0016 | Val - MRR: 0.3148, MR:  192.75, H@1: 0.233, H@3: 0.341, H@10: 0.478 | Test - MRR: 0.0957 | *
[2026-04-16 00:50:10,477][root][INFO] - Epoch: 104 | Loss: 0.0016 | Val - MRR: 0.3141, MR:  192.56, H@1: 0.232, H@3: 0.340, H@10: 0.477 | Test - MRR: 0.1073 | *
[2026-04-16 00:53:08,174][root][INFO] - Epoch: 105 | Loss: 0.0016 | Val - MRR: 0.3156, MR:  192.75, H@1: 0.233, H@3: 0.343, H@10: 0.479 | Test - MRR: 0.1157 | *
[2026-04-16 00:56:04,714][root][INFO] - Epoch: 106 | Loss: 0.0017 | Val - MRR: 0.3178, MR:  194.70, H@1: 0.236, H@3: 0.344, H@10: 0.481 | Test - MRR: 0.1121 | *
[2026-04-16 00:59:03,942][root][INFO] - Epoch: 107 | Loss: 0.0016 | Val - MRR: 0.3183, MR:  189.54, H@1: 0.236, H@3: 0.346, H@10: 0.482 | Test - MRR: 0.1187 | *
[2026-04-16 01:02:02,306][root][INFO] - Epoch: 108 | Loss: 0.0016 | Val - MRR: 0.3186, MR:  190.29, H@1: 0.236, H@3: 0.346, H@10: 0.482 | Test - MRR: 0.1183 | *
[2026-04-16 01:04:37,431][root][INFO] - Epoch: 109 | Loss: 0.0016 | Val - MRR: 0.3178, MR:  189.90, H@1: 0.235, H@3: 0.345, H@10: 0.484 | Test - MRR: 0.1257 | *
[2026-04-16 01:07:01,045][root][INFO] - Epoch: 110 | Loss: 0.0016 | Val - MRR: 0.3200, MR:  187.51, H@1: 0.237, H@3: 0.348, H@10: 0.484 | Test - MRR: 0.1311 | *
[2026-04-16 01:09:25,911][root][INFO] - Epoch: 111 | Loss: 0.0016 | Val - MRR: 0.3205, MR:  186.37, H@1: 0.237, H@3: 0.348, H@10: 0.486 | Test - MRR: 0.1396 | *
[2026-04-16 01:11:48,944][root][INFO] - Epoch: 112 | Loss: 0.0016 | Val - MRR: 0.3205, MR:  187.85, H@1: 0.237, H@3: 0.348, H@10: 0.486 | Test - MRR: 0.1370 | *
[2026-04-16 01:14:13,151][root][INFO] - Epoch: 113 | Loss: 0.0016 | Val - MRR: 0.3204, MR:  187.53, H@1: 0.237, H@3: 0.346, H@10: 0.487 | Test - MRR: 0.1397 | *
[2026-04-16 01:16:37,984][root][INFO] - Epoch: 114 | Loss: 0.0016 | Val - MRR: 0.3224, MR:  186.76, H@1: 0.239, H@3: 0.349, H@10: 0.489 | Test - MRR: 0.1585 | *
[2026-04-16 01:19:01,299][root][INFO] - Epoch: 115 | Loss: 0.0016 | Val - MRR: 0.3224, MR:  187.28, H@1: 0.238, H@3: 0.351, H@10: 0.490 | Test - MRR: 0.1428 | *
[2026-04-16 01:21:23,528][root][INFO] - Epoch: 116 | Loss: 0.0016 | Val - MRR: 0.3235, MR:  184.33, H@1: 0.239, H@3: 0.353, H@10: 0.490 | Test - MRR: 0.1624 | *
[2026-04-16 01:23:46,990][root][INFO] - Epoch: 117 | Loss: 0.0016 | Val - MRR: 0.3249, MR:  185.52, H@1: 0.241, H@3: 0.353, H@10: 0.492 | Test - MRR: 0.1574 | *
[2026-04-16 01:26:11,765][root][INFO] - Epoch: 118 | Loss: 0.0016 | Val - MRR: 0.3257, MR:  184.56, H@1: 0.242, H@3: 0.354, H@10: 0.493 | Test - MRR: 0.1661 | *
[2026-04-16 01:28:37,272][root][INFO] - Epoch: 119 | Loss: 0.0016 | Val - MRR: 0.3259, MR:  183.06, H@1: 0.241, H@3: 0.356, H@10: 0.494 | Test - MRR: 0.1679 | *
[2026-04-16 01:31:00,989][root][INFO] - Epoch: 120 | Loss: 0.0016 | Val - MRR: 0.3272, MR:  181.83, H@1: 0.243, H@3: 0.356, H@10: 0.494 | Test - MRR: 0.1665 | *
[2026-04-16 01:33:25,042][root][INFO] - Epoch: 121 | Loss: 0.0016 | Val - MRR: 0.3288, MR:  178.98, H@1: 0.245, H@3: 0.357, H@10: 0.495 | Test - MRR: 0.1802 | *
[2026-04-16 01:35:41,424][root][INFO] - Epoch: 122 | Loss: 0.0016 | Val - MRR: 0.3285, MR:  178.51, H@1: 0.244, H@3: 0.358, H@10: 0.498 | 
[2026-04-16 01:38:04,631][root][INFO] - Epoch: 123 | Loss: 0.0016 | Val - MRR: 0.3288, MR:  177.83, H@1: 0.244, H@3: 0.358, H@10: 0.499 | Test - MRR: 0.1700 | *
[2026-04-16 01:40:20,415][root][INFO] - Epoch: 124 | Loss: 0.0016 | Val - MRR: 0.3288, MR:  178.58, H@1: 0.244, H@3: 0.359, H@10: 0.497 | 
[2026-04-16 01:42:45,791][root][INFO] - Epoch: 125 | Loss: 0.0016 | Val - MRR: 0.3298, MR:  177.62, H@1: 0.246, H@3: 0.359, H@10: 0.499 | Test - MRR: 0.1921 | *
[2026-04-16 01:45:09,717][root][INFO] - Epoch: 126 | Loss: 0.0016 | Val - MRR: 0.3307, MR:  176.44, H@1: 0.246, H@3: 0.359, H@10: 0.500 | Test - MRR: 0.1983 | *
[2026-04-16 01:47:25,430][root][INFO] - Epoch: 127 | Loss: 0.0016 | Val - MRR: 0.3304, MR:  176.96, H@1: 0.246, H@3: 0.360, H@10: 0.498 | 
[2026-04-16 01:49:49,804][root][INFO] - Epoch: 128 | Loss: 0.0016 | Val - MRR: 0.3311, MR:  180.29, H@1: 0.246, H@3: 0.361, H@10: 0.501 | Test - MRR: 0.1963 | *
[2026-04-16 01:52:05,636][root][INFO] - Epoch: 129 | Loss: 0.0016 | Val - MRR: 0.3304, MR:  177.03, H@1: 0.245, H@3: 0.360, H@10: 0.502 | 
[2026-04-16 01:54:30,034][root][INFO] - Epoch: 130 | Loss: 0.0016 | Val - MRR: 0.3311, MR:  177.47, H@1: 0.246, H@3: 0.360, H@10: 0.501 | Test - MRR: 0.1974 | *
[2026-04-16 01:56:55,916][root][INFO] - Epoch: 131 | Loss: 0.0016 | Val - MRR: 0.3312, MR:  173.97, H@1: 0.246, H@3: 0.359, H@10: 0.502 | Test - MRR: 0.1995 | *
[2026-04-16 01:59:22,446][root][INFO] - Epoch: 132 | Loss: 0.0016 | Val - MRR: 0.3330, MR:  173.26, H@1: 0.247, H@3: 0.362, H@10: 0.505 | Test - MRR: 0.2390 | *
[2026-04-16 02:01:45,916][root][INFO] - Epoch: 133 | Loss: 0.0016 | Val - MRR: 0.3347, MR:  173.53, H@1: 0.249, H@3: 0.364, H@10: 0.506 | Test - MRR: 0.2289 | *
[2026-04-16 02:04:02,860][root][INFO] - Epoch: 134 | Loss: 0.0015 | Val - MRR: 0.3329, MR:  172.03, H@1: 0.247, H@3: 0.362, H@10: 0.504 | 
[2026-04-16 02:06:18,747][root][INFO] - Epoch: 135 | Loss: 0.0016 | Val - MRR: 0.3335, MR:  170.26, H@1: 0.247, H@3: 0.363, H@10: 0.507 | 
[2026-04-16 02:08:44,026][root][INFO] - Epoch: 136 | Loss: 0.0016 | Val - MRR: 0.3342, MR:  170.74, H@1: 0.249, H@3: 0.363, H@10: 0.507 | Test - MRR: 0.2420 | *
[2026-04-16 02:11:10,765][root][INFO] - Epoch: 137 | Loss: 0.0015 | Val - MRR: 0.3356, MR:  171.06, H@1: 0.250, H@3: 0.365, H@10: 0.506 | Test - MRR: 0.2456 | *
[2026-04-16 02:13:36,145][root][INFO] - Epoch: 138 | Loss: 0.0015 | Val - MRR: 0.3353, MR:  171.83, H@1: 0.249, H@3: 0.365, H@10: 0.507 | Test - MRR: 0.2487 | *
[2026-04-16 02:16:00,969][root][INFO] - Epoch: 139 | Loss: 0.0016 | Val - MRR: 0.3360, MR:  173.42, H@1: 0.250, H@3: 0.366, H@10: 0.508 | Test - MRR: 0.2532 | *
[2026-04-16 02:18:24,831][root][INFO] - Epoch: 140 | Loss: 0.0015 | Val - MRR: 0.3374, MR:  172.66, H@1: 0.252, H@3: 0.366, H@10: 0.511 | Test - MRR: 0.2491 | *
[2026-04-16 02:20:40,806][root][INFO] - Epoch: 141 | Loss: 0.0015 | Val - MRR: 0.3371, MR:  170.75, H@1: 0.251, H@3: 0.366, H@10: 0.509 | 
[2026-04-16 02:23:11,607][root][INFO] - Epoch: 142 | Loss: 0.0015 | Val - MRR: 0.3375, MR:  171.47, H@1: 0.251, H@3: 0.367, H@10: 0.511 | Test - MRR: 0.2595 | *
[2026-04-16 02:25:28,665][root][INFO] - Epoch: 143 | Loss: 0.0016 | Val - MRR: 0.3366, MR:  170.41, H@1: 0.250, H@3: 0.366, H@10: 0.510 | 
[2026-04-16 02:27:45,255][root][INFO] - Epoch: 144 | Loss: 0.0015 | Val - MRR: 0.3368, MR:  170.36, H@1: 0.251, H@3: 0.365, H@10: 0.511 | 
[2026-04-16 02:30:11,405][root][INFO] - Epoch: 145 | Loss: 0.0015 | Val - MRR: 0.3384, MR:  172.01, H@1: 0.253, H@3: 0.367, H@10: 0.513 | Test - MRR: 0.2688 | *
[2026-04-16 02:32:36,061][root][INFO] - Epoch: 146 | Loss: 0.0015 | Val - MRR: 0.3391, MR:  173.76, H@1: 0.253, H@3: 0.368, H@10: 0.513 | Test - MRR: 0.2579 | *
[2026-04-16 02:35:00,930][root][INFO] - Epoch: 147 | Loss: 0.0015 | Val - MRR: 0.3396, MR:  170.24, H@1: 0.253, H@3: 0.369, H@10: 0.514 | Test - MRR: 0.2814 | *
[2026-04-16 02:37:18,669][root][INFO] - Epoch: 148 | Loss: 0.0015 | Val - MRR: 0.3389, MR:  168.08, H@1: 0.252, H@3: 0.368, H@10: 0.514 | 
[2026-04-16 02:39:43,207][root][INFO] - Epoch: 149 | Loss: 0.0015 | Val - MRR: 0.3405, MR:  168.20, H@1: 0.254, H@3: 0.371, H@10: 0.514 | Test - MRR: 0.2707 | *
[2026-04-16 02:42:00,250][root][INFO] - Epoch: 150 | Loss: 0.0015 | Val - MRR: 0.3403, MR:  168.24, H@1: 0.253, H@3: 0.371, H@10: 0.514 | 
[2026-04-16 02:44:25,363][root][INFO] - Epoch: 151 | Loss: 0.0015 | Val - MRR: 0.3420, MR:  171.54, H@1: 0.255, H@3: 0.374, H@10: 0.518 | Test - MRR: 0.2826 | *
[2026-04-16 02:46:42,437][root][INFO] - Epoch: 152 | Loss: 0.0015 | Val - MRR: 0.3414, MR:  168.94, H@1: 0.255, H@3: 0.372, H@10: 0.517 | 
[2026-04-16 02:49:05,051][root][INFO] - Epoch: 153 | Loss: 0.0015 | Val - MRR: 0.3421, MR:  171.06, H@1: 0.254, H@3: 0.373, H@10: 0.518 | Test - MRR: 0.2800 | *
[2026-04-16 02:51:29,611][root][INFO] - Epoch: 154 | Loss: 0.0015 | Val - MRR: 0.3432, MR:  170.49, H@1: 0.256, H@3: 0.374, H@10: 0.518 | Test - MRR: 0.2807 | *
[2026-04-16 02:53:57,272][root][INFO] - Epoch: 155 | Loss: 0.0015 | Val - MRR: 0.3432, MR:  168.65, H@1: 0.256, H@3: 0.374, H@10: 0.518 | Test - MRR: 0.2968 | *
[2026-04-16 02:56:13,895][root][INFO] - Epoch: 156 | Loss: 0.0015 | Val - MRR: 0.3427, MR:  168.19, H@1: 0.256, H@3: 0.373, H@10: 0.515 | 
[2026-04-16 02:58:28,731][root][INFO] - Epoch: 157 | Loss: 0.0015 | Val - MRR: 0.3419, MR:  167.51, H@1: 0.255, H@3: 0.372, H@10: 0.517 | 
[2026-04-16 03:00:46,114][root][INFO] - Epoch: 158 | Loss: 0.0015 | Val - MRR: 0.3430, MR:  166.73, H@1: 0.256, H@3: 0.373, H@10: 0.519 | 
[2026-04-16 03:03:10,321][root][INFO] - Epoch: 159 | Loss: 0.0015 | Val - MRR: 0.3441, MR:  166.15, H@1: 0.257, H@3: 0.375, H@10: 0.519 | Test - MRR: 0.2944 | *
[2026-04-16 03:05:36,284][root][INFO] - Epoch: 160 | Loss: 0.0015 | Val - MRR: 0.3442, MR:  167.46, H@1: 0.257, H@3: 0.375, H@10: 0.519 | Test - MRR: 0.3002 | *
[2026-04-16 03:08:00,840][root][INFO] - Epoch: 161 | Loss: 0.0015 | Val - MRR: 0.3438, MR:  165.16, H@1: 0.256, H@3: 0.375, H@10: 0.521 | Test - MRR: 0.3041 | *
[2026-04-16 03:10:25,234][root][INFO] - Epoch: 162 | Loss: 0.0015 | Val - MRR: 0.3446, MR:  165.67, H@1: 0.257, H@3: 0.374, H@10: 0.521 | Test - MRR: 0.2981 | *
[2026-04-16 03:12:41,585][root][INFO] - Epoch: 163 | Loss: 0.0015 | Val - MRR: 0.3445, MR:  164.72, H@1: 0.258, H@3: 0.374, H@10: 0.520 | 
[2026-04-16 03:15:07,373][root][INFO] - Epoch: 164 | Loss: 0.0015 | Val - MRR: 0.3449, MR:  166.26, H@1: 0.257, H@3: 0.375, H@10: 0.520 | Test - MRR: 0.3058 | *
[2026-04-16 03:17:24,816][root][INFO] - Epoch: 165 | Loss: 0.0015 | Val - MRR: 0.3445, MR:  164.58, H@1: 0.257, H@3: 0.375, H@10: 0.522 | 
[2026-04-16 03:19:39,861][root][INFO] - Epoch: 166 | Loss: 0.0015 | Val - MRR: 0.3439, MR:  163.72, H@1: 0.256, H@3: 0.374, H@10: 0.521 | 
[2026-04-16 03:22:03,477][root][INFO] - Epoch: 167 | Loss: 0.0015 | Val - MRR: 0.3476, MR:  163.76, H@1: 0.261, H@3: 0.379, H@10: 0.523 | Test - MRR: 0.3046 | *
[2026-04-16 03:24:29,310][root][INFO] - Epoch: 168 | Loss: 0.0015 | Val - MRR: 0.3459, MR:  164.06, H@1: 0.258, H@3: 0.377, H@10: 0.522 | Test - MRR: 0.3086 | *
[2026-04-16 03:26:53,762][root][INFO] - Epoch: 169 | Loss: 0.0015 | Val - MRR: 0.3460, MR:  161.86, H@1: 0.257, H@3: 0.378, H@10: 0.524 | Test - MRR: 0.3104 | *
[2026-04-16 03:29:18,732][root][INFO] - Epoch: 170 | Loss: 0.0015 | Val - MRR: 0.3461, MR:  165.92, H@1: 0.258, H@3: 0.378, H@10: 0.523 | Test - MRR: 0.3129 | *
[2026-04-16 03:31:43,196][root][INFO] - Epoch: 171 | Loss: 0.0015 | Val - MRR: 0.3474, MR:  163.98, H@1: 0.259, H@3: 0.380, H@10: 0.524 | Test - MRR: 0.3226 | *
[2026-04-16 03:33:58,596][root][INFO] - Epoch: 172 | Loss: 0.0015 | Val - MRR: 0.3468, MR:  162.41, H@1: 0.259, H@3: 0.377, H@10: 0.525 | 
[2026-04-16 03:36:15,333][root][INFO] - Epoch: 173 | Loss: 0.0015 | Val - MRR: 0.3470, MR:  163.64, H@1: 0.259, H@3: 0.379, H@10: 0.523 | 
[2026-04-16 03:38:38,922][root][INFO] - Epoch: 174 | Loss: 0.0015 | Val - MRR: 0.3480, MR:  163.23, H@1: 0.260, H@3: 0.379, H@10: 0.527 | Test - MRR: 0.3198 | *
[2026-04-16 03:40:53,722][root][INFO] - Epoch: 175 | Loss: 0.0015 | Val - MRR: 0.3477, MR:  164.62, H@1: 0.260, H@3: 0.381, H@10: 0.526 | 
[2026-04-16 03:43:18,787][root][INFO] - Epoch: 176 | Loss: 0.0015 | Val - MRR: 0.3475, MR:  162.33, H@1: 0.260, H@3: 0.380, H@10: 0.525 | Test - MRR: 0.3296 | *
[2026-04-16 03:45:43,981][root][INFO] - Epoch: 177 | Loss: 0.0015 | Val - MRR: 0.3480, MR:  162.29, H@1: 0.260, H@3: 0.380, H@10: 0.526 | Test - MRR: 0.3205 | *
[2026-04-16 03:48:07,718][root][INFO] - Epoch: 178 | Loss: 0.0015 | Val - MRR: 0.3494, MR:  162.94, H@1: 0.261, H@3: 0.380, H@10: 0.527 | Test - MRR: 0.3245 | *
[2026-04-16 03:50:31,329][root][INFO] - Epoch: 179 | Loss: 0.0015 | Val - MRR: 0.3492, MR:  162.00, H@1: 0.261, H@3: 0.380, H@10: 0.528 | Test - MRR: 0.3302 | *
[2026-04-16 03:52:55,628][root][INFO] - Epoch: 180 | Loss: 0.0015 | Val - MRR: 0.3496, MR:  163.49, H@1: 0.261, H@3: 0.382, H@10: 0.528 | Test - MRR: 0.3334 | *
[2026-04-16 03:55:11,013][root][INFO] - Epoch: 181 | Loss: 0.0015 | Val - MRR: 0.3493, MR:  161.92, H@1: 0.261, H@3: 0.382, H@10: 0.526 | 
[2026-04-16 03:57:34,951][root][INFO] - Epoch: 182 | Loss: 0.0015 | Val - MRR: 0.3498, MR:  161.82, H@1: 0.262, H@3: 0.380, H@10: 0.528 | Test - MRR: 0.3306 | *
[2026-04-16 03:59:57,770][root][INFO] - Epoch: 183 | Loss: 0.0015 | Val - MRR: 0.3503, MR:  163.24, H@1: 0.262, H@3: 0.382, H@10: 0.528 | Test - MRR: 0.3286 | *
[2026-04-16 04:02:12,921][root][INFO] - Epoch: 184 | Loss: 0.0015 | Val - MRR: 0.3493, MR:  163.36, H@1: 0.260, H@3: 0.383, H@10: 0.527 | 
[2026-04-16 04:04:28,207][root][INFO] - Epoch: 185 | Loss: 0.0015 | Val - MRR: 0.3502, MR:  162.49, H@1: 0.261, H@3: 0.382, H@10: 0.529 | 
[2026-04-16 04:06:52,427][root][INFO] - Epoch: 186 | Loss: 0.0015 | Val - MRR: 0.3513, MR:  163.20, H@1: 0.263, H@3: 0.384, H@10: 0.528 | Test - MRR: 0.3263 | *
[2026-04-16 04:09:07,525][root][INFO] - Epoch: 187 | Loss: 0.0015 | Val - MRR: 0.3513, MR:  161.92, H@1: 0.263, H@3: 0.383, H@10: 0.529 | 
[2026-04-16 04:11:24,317][root][INFO] - Epoch: 188 | Loss: 0.0015 | Val - MRR: 0.3511, MR:  160.09, H@1: 0.262, H@3: 0.384, H@10: 0.530 | 
[2026-04-16 04:13:55,905][root][INFO] - Epoch: 189 | Loss: 0.0015 | Val - MRR: 0.3516, MR:  159.30, H@1: 0.263, H@3: 0.383, H@10: 0.530 | Test - MRR: 0.3262 | *
[2026-04-16 04:16:22,499][root][INFO] - Epoch: 190 | Loss: 0.0015 | Val - MRR: 0.3522, MR:  157.66, H@1: 0.263, H@3: 0.385, H@10: 0.532 | Test - MRR: 0.3377 | *
[2026-04-16 04:18:39,478][root][INFO] - Epoch: 191 | Loss: 0.0015 | Val - MRR: 0.3514, MR:  159.79, H@1: 0.263, H@3: 0.384, H@10: 0.531 | 
[2026-04-16 04:21:03,489][root][INFO] - Epoch: 192 | Loss: 0.0015 | Val - MRR: 0.3518, MR:  159.33, H@1: 0.263, H@3: 0.384, H@10: 0.531 | Test - MRR: 0.3382 | *
[2026-04-16 04:23:27,813][root][INFO] - Epoch: 193 | Loss: 0.0015 | Val - MRR: 0.3517, MR:  160.40, H@1: 0.263, H@3: 0.385, H@10: 0.532 | Test - MRR: 0.3391 | *
[2026-04-16 04:25:51,586][root][INFO] - Epoch: 194 | Loss: 0.0015 | Val - MRR: 0.3518, MR:  163.44, H@1: 0.263, H@3: 0.384, H@10: 0.532 | Test - MRR: 0.3350 | *
[2026-04-16 04:28:08,538][root][INFO] - Epoch: 195 | Loss: 0.0015 | Val - MRR: 0.3517, MR:  164.66, H@1: 0.263, H@3: 0.383, H@10: 0.532 | 
[2026-04-16 04:30:34,342][root][INFO] - Epoch: 196 | Loss: 0.0015 | Val - MRR: 0.3524, MR:  163.70, H@1: 0.263, H@3: 0.386, H@10: 0.532 | Test - MRR: 0.3455 | *
[2026-04-16 04:32:57,667][root][INFO] - Epoch: 197 | Loss: 0.0015 | Val - MRR: 0.3534, MR:  160.42, H@1: 0.265, H@3: 0.386, H@10: 0.532 | Test - MRR: 0.3325 | *
[2026-04-16 04:35:23,151][root][INFO] - Epoch: 198 | Loss: 0.0015 | Val - MRR: 0.3535, MR:  159.97, H@1: 0.265, H@3: 0.386, H@10: 0.533 | Test - MRR: 0.3362 | *
[2026-04-16 04:37:49,553][root][INFO] - Epoch: 199 | Loss: 0.0014 | Val - MRR: 0.3533, MR:  161.49, H@1: 0.265, H@3: 0.384, H@10: 0.532 | Test - MRR: 0.3479 | *
[2026-04-16 04:40:08,805][root][INFO] - Epoch: 200 | Loss: 0.0015 | Val - MRR: 0.3526, MR:  160.20, H@1: 0.264, H@3: 0.385, H@10: 0.531 | 
[2026-04-16 04:42:26,621][root][INFO] - Epoch: 201 | Loss: 0.0015 | Val - MRR: 0.3533, MR:  161.89, H@1: 0.263, H@3: 0.386, H@10: 0.532 | 
[2026-04-16 04:44:51,166][root][INFO] - Epoch: 202 | Loss: 0.0015 | Val - MRR: 0.3549, MR:  162.42, H@1: 0.266, H@3: 0.387, H@10: 0.535 | Test - MRR: 0.3399 | *
[2026-04-16 04:47:08,924][root][INFO] - Epoch: 203 | Loss: 0.0015 | Val - MRR: 0.3529, MR:  159.64, H@1: 0.264, H@3: 0.385, H@10: 0.534 | 
[2026-04-16 04:49:27,744][root][INFO] - Epoch: 204 | Loss: 0.0015 | Val - MRR: 0.3542, MR:  161.17, H@1: 0.265, H@3: 0.386, H@10: 0.535 | 
[2026-04-16 04:51:45,802][root][INFO] - Epoch: 205 | Loss: 0.0015 | Val - MRR: 0.3546, MR:  160.34, H@1: 0.265, H@3: 0.388, H@10: 0.534 | 
[2026-04-16 04:54:03,346][root][INFO] - Epoch: 206 | Loss: 0.0015 | Val - MRR: 0.3548, MR:  159.46, H@1: 0.266, H@3: 0.388, H@10: 0.535 | 
[2026-04-16 04:56:29,750][root][INFO] - Epoch: 207 | Loss: 0.0015 | Val - MRR: 0.3538, MR:  159.59, H@1: 0.264, H@3: 0.387, H@10: 0.534 | Test - MRR: 0.3512 | *
[2026-04-16 04:58:55,328][root][INFO] - Epoch: 208 | Loss: 0.0015 | Val - MRR: 0.3547, MR:  161.45, H@1: 0.265, H@3: 0.387, H@10: 0.536 | Test - MRR: 0.3537 | *
[2026-04-16 05:01:12,379][root][INFO] - Epoch: 209 | Loss: 0.0014 | Val - MRR: 0.3545, MR:  159.63, H@1: 0.265, H@3: 0.388, H@10: 0.535 | 
[2026-04-16 05:03:38,884][root][INFO] - Epoch: 210 | Loss: 0.0014 | Val - MRR: 0.3547, MR:  159.75, H@1: 0.265, H@3: 0.387, H@10: 0.536 | Test - MRR: 0.3404 | *
[2026-04-16 05:06:05,336][root][INFO] - Epoch: 211 | Loss: 0.0014 | Val - MRR: 0.3556, MR:  160.28, H@1: 0.266, H@3: 0.388, H@10: 0.537 | Test - MRR: 0.3449 | *
[2026-04-16 05:08:23,647][root][INFO] - Epoch: 212 | Loss: 0.0014 | Val - MRR: 0.3550, MR:  159.44, H@1: 0.265, H@3: 0.388, H@10: 0.537 | 
[2026-04-16 05:10:42,735][root][INFO] - Epoch: 213 | Loss: 0.0014 | Val - MRR: 0.3555, MR:  161.03, H@1: 0.266, H@3: 0.388, H@10: 0.537 | 
[2026-04-16 05:13:02,189][root][INFO] - Epoch: 214 | Loss: 0.0014 | Val - MRR: 0.3553, MR:  158.64, H@1: 0.266, H@3: 0.387, H@10: 0.537 | 
[2026-04-16 05:15:20,275][root][INFO] - Epoch: 215 | Loss: 0.0014 | Val - MRR: 0.3554, MR:  158.86, H@1: 0.266, H@3: 0.388, H@10: 0.534 | 
[2026-04-16 05:17:48,906][root][INFO] - Epoch: 216 | Loss: 0.0014 | Val - MRR: 0.3569, MR:  158.70, H@1: 0.268, H@3: 0.388, H@10: 0.536 | Test - MRR: 0.3520 | *
[2026-04-16 05:20:15,030][root][INFO] - Epoch: 217 | Loss: 0.0015 | Val - MRR: 0.3578, MR:  159.36, H@1: 0.268, H@3: 0.390, H@10: 0.537 | Test - MRR: 0.3526 | *
[2026-04-16 05:22:42,906][root][INFO] - Epoch: 218 | Loss: 0.0015 | Val - MRR: 0.3578, MR:  158.54, H@1: 0.268, H@3: 0.390, H@10: 0.538 | Test - MRR: 0.3598 | *
[2026-04-16 05:25:02,747][root][INFO] - Epoch: 219 | Loss: 0.0014 | Val - MRR: 0.3562, MR:  159.83, H@1: 0.267, H@3: 0.388, H@10: 0.537 | 
[2026-04-16 05:27:21,019][root][INFO] - Epoch: 220 | Loss: 0.0014 | Val - MRR: 0.3547, MR:  160.98, H@1: 0.265, H@3: 0.388, H@10: 0.536 | 
[2026-04-16 05:29:41,059][root][INFO] - Epoch: 221 | Loss: 0.0014 | Val - MRR: 0.3562, MR:  158.82, H@1: 0.266, H@3: 0.389, H@10: 0.537 | 
[2026-04-16 05:32:08,466][root][INFO] - Epoch: 222 | Loss: 0.0014 | Val - MRR: 0.3566, MR:  158.46, H@1: 0.267, H@3: 0.390, H@10: 0.537 | Test - MRR: 0.3609 | *
[2026-04-16 05:34:35,714][root][INFO] - Epoch: 223 | Loss: 0.0014 | Val - MRR: 0.3568, MR:  158.60, H@1: 0.267, H@3: 0.388, H@10: 0.536 | Test - MRR: 0.3500 | *
[2026-04-16 05:37:02,127][root][INFO] - Epoch: 224 | Loss: 0.0014 | Val - MRR: 0.3569, MR:  158.63, H@1: 0.268, H@3: 0.388, H@10: 0.540 | Test - MRR: 0.3607 | *
[2026-04-16 05:39:27,925][root][INFO] - Epoch: 225 | Loss: 0.0014 | Val - MRR: 0.3570, MR:  160.37, H@1: 0.268, H@3: 0.387, H@10: 0.538 | Test - MRR: 0.3503 | *
[2026-04-16 05:41:55,682][root][INFO] - Epoch: 226 | Loss: 0.0014 | Val - MRR: 0.3572, MR:  157.78, H@1: 0.268, H@3: 0.389, H@10: 0.538 | Test - MRR: 0.3602 | *
[2026-04-16 05:44:21,669][root][INFO] - Epoch: 227 | Loss: 0.0014 | Val - MRR: 0.3574, MR:  159.68, H@1: 0.269, H@3: 0.388, H@10: 0.539 | Test - MRR: 0.3576 | *
[2026-04-16 05:46:40,475][root][INFO] - Epoch: 228 | Loss: 0.0014 | Val - MRR: 0.3573, MR:  160.05, H@1: 0.267, H@3: 0.390, H@10: 0.540 | 
[2026-04-16 05:49:11,683][root][INFO] - Epoch: 229 | Loss: 0.0014 | Val - MRR: 0.3576, MR:  158.79, H@1: 0.267, H@3: 0.391, H@10: 0.540 | Test - MRR: 0.3656 | *
[2026-04-16 05:51:38,902][root][INFO] - Epoch: 230 | Loss: 0.0014 | Val - MRR: 0.3587, MR:  160.33, H@1: 0.269, H@3: 0.391, H@10: 0.542 | Test - MRR: 0.3648 | *
[2026-04-16 05:53:58,173][root][INFO] - Epoch: 231 | Loss: 0.0014 | Val - MRR: 0.3583, MR:  159.20, H@1: 0.269, H@3: 0.390, H@10: 0.540 | 
[2026-04-16 05:56:18,727][root][INFO] - Epoch: 232 | Loss: 0.0014 | Val - MRR: 0.3583, MR:  157.35, H@1: 0.268, H@3: 0.390, H@10: 0.542 | 
[2026-04-16 05:58:38,403][root][INFO] - Epoch: 233 | Loss: 0.0014 | Val - MRR: 0.3577, MR:  159.83, H@1: 0.268, H@3: 0.390, H@10: 0.540 | 
[2026-04-16 06:01:06,623][root][INFO] - Epoch: 234 | Loss: 0.0014 | Val - MRR: 0.3579, MR:  158.61, H@1: 0.268, H@3: 0.391, H@10: 0.539 | Test - MRR: 0.3657 | *
[2026-04-16 06:03:33,068][root][INFO] - Epoch: 235 | Loss: 0.0014 | Val - MRR: 0.3580, MR:  158.44, H@1: 0.268, H@3: 0.392, H@10: 0.540 | Test - MRR: 0.3561 | *
[2026-04-16 06:06:00,112][root][INFO] - Epoch: 236 | Loss: 0.0014 | Val - MRR: 0.3588, MR:  157.28, H@1: 0.268, H@3: 0.393, H@10: 0.541 | Test - MRR: 0.3547 | *
[2026-04-16 06:08:26,133][root][INFO] - Epoch: 237 | Loss: 0.0014 | Val - MRR: 0.3595, MR:  157.52, H@1: 0.270, H@3: 0.393, H@10: 0.542 | Test - MRR: 0.3602 | *
[2026-04-16 06:10:54,145][root][INFO] - Epoch: 238 | Loss: 0.0014 | Val - MRR: 0.3596, MR:  158.88, H@1: 0.270, H@3: 0.391, H@10: 0.542 | Test - MRR: 0.3665 | *
[2026-04-16 06:13:25,526][root][INFO] - Epoch: 239 | Loss: 0.0014 | Val - MRR: 0.3599, MR:  157.62, H@1: 0.270, H@3: 0.393, H@10: 0.541 | Test - MRR: 0.3685 | *
[2026-04-16 06:15:57,001][root][INFO] - Epoch: 240 | Loss: 0.0014 | Val - MRR: 0.3589, MR:  157.18, H@1: 0.269, H@3: 0.393, H@10: 0.542 | Test - MRR: 0.3752 | *
[2026-04-16 06:18:23,428][root][INFO] - Epoch: 241 | Loss: 0.0014 | Val - MRR: 0.3593, MR:  158.08, H@1: 0.269, H@3: 0.392, H@10: 0.542 | Test - MRR: 0.3696 | *
[2026-04-16 06:20:53,610][root][INFO] - Epoch: 242 | Loss: 0.0014 | Val - MRR: 0.3597, MR:  159.49, H@1: 0.269, H@3: 0.394, H@10: 0.542 | Test - MRR: 0.3792 | *
[2026-04-16 06:23:13,275][root][INFO] - Epoch: 243 | Loss: 0.0014 | Val - MRR: 0.3597, MR:  158.95, H@1: 0.269, H@3: 0.393, H@10: 0.542 | 
[2026-04-16 06:25:32,387][root][INFO] - Epoch: 244 | Loss: 0.0014 | Val - MRR: 0.3595, MR:  158.18, H@1: 0.269, H@3: 0.393, H@10: 0.542 | 
[2026-04-16 06:27:58,992][root][INFO] - Epoch: 245 | Loss: 0.0014 | Val - MRR: 0.3600, MR:  158.99, H@1: 0.271, H@3: 0.392, H@10: 0.541 | Test - MRR: 0.3732 | *
[2026-04-16 06:30:26,643][root][INFO] - Epoch: 246 | Loss: 0.0014 | Val - MRR: 0.3594, MR:  161.85, H@1: 0.269, H@3: 0.391, H@10: 0.542 | Test - MRR: 0.3795 | *
[2026-04-16 06:32:53,126][root][INFO] - Epoch: 247 | Loss: 0.0014 | Val - MRR: 0.3604, MR:  158.39, H@1: 0.270, H@3: 0.395, H@10: 0.541 | Test - MRR: 0.3713 | *
[2026-04-16 06:35:20,126][root][INFO] - Epoch: 248 | Loss: 0.0014 | Val - MRR: 0.3604, MR:  158.08, H@1: 0.270, H@3: 0.394, H@10: 0.543 | Test - MRR: 0.3706 | *
[2026-04-16 06:37:48,677][root][INFO] - Epoch: 249 | Loss: 0.0014 | Val - MRR: 0.3602, MR:  158.63, H@1: 0.270, H@3: 0.394, H@10: 0.542 | Test - MRR: 0.3812 | *
[2026-04-16 06:40:15,416][root][INFO] - Epoch: 250 | Loss: 0.0014 | Val - MRR: 0.3603, MR:  159.18, H@1: 0.269, H@3: 0.394, H@10: 0.543 | Test - MRR: 0.3768 | *
[2026-04-16 06:42:42,290][root][INFO] - Epoch: 251 | Loss: 0.0014 | Val - MRR: 0.3604, MR:  159.38, H@1: 0.270, H@3: 0.394, H@10: 0.543 | Test - MRR: 0.3810 | *
[2026-04-16 06:45:06,518][root][INFO] - Epoch: 252 | Loss: 0.0014 | Val - MRR: 0.3599, MR:  162.11, H@1: 0.269, H@3: 0.394, H@10: 0.543 | 
[2026-04-16 06:47:27,856][root][INFO] - Epoch: 253 | Loss: 0.0014 | Val - MRR: 0.3599, MR:  158.90, H@1: 0.270, H@3: 0.393, H@10: 0.543 | 
[2026-04-16 06:49:47,243][root][INFO] - Epoch: 254 | Loss: 0.0014 | Val - MRR: 0.3603, MR:  159.37, H@1: 0.270, H@3: 0.395, H@10: 0.543 | 
[2026-04-16 06:52:15,165][root][INFO] - Epoch: 255 | Loss: 0.0014 | Val - MRR: 0.3604, MR:  157.86, H@1: 0.269, H@3: 0.395, H@10: 0.545 | Test - MRR: 0.3806 | *
[2026-04-16 06:54:34,277][root][INFO] - Epoch: 256 | Loss: 0.0014 | Val - MRR: 0.3600, MR:  158.38, H@1: 0.269, H@3: 0.394, H@10: 0.544 | 
[2026-04-16 06:57:00,710][root][INFO] - Epoch: 257 | Loss: 0.0014 | Val - MRR: 0.3611, MR:  157.81, H@1: 0.271, H@3: 0.394, H@10: 0.545 | Test - MRR: 0.3789 | *
[2026-04-16 06:59:20,907][root][INFO] - Epoch: 258 | Loss: 0.0014 | Val - MRR: 0.3605, MR:  157.37, H@1: 0.271, H@3: 0.392, H@10: 0.543 | 
[2026-04-16 07:01:47,513][root][INFO] - Epoch: 259 | Loss: 0.0014 | Val - MRR: 0.3612, MR:  157.73, H@1: 0.270, H@3: 0.395, H@10: 0.544 | Test - MRR: 0.3815 | *
[2026-04-16 07:04:15,899][root][INFO] - Epoch: 260 | Loss: 0.0014 | Val - MRR: 0.3621, MR:  157.51, H@1: 0.273, H@3: 0.394, H@10: 0.544 | Test - MRR: 0.3817 | *
[2026-04-16 07:06:43,381][root][INFO] - Epoch: 261 | Loss: 0.0014 | Val - MRR: 0.3626, MR:  158.45, H@1: 0.273, H@3: 0.396, H@10: 0.546 | Test - MRR: 0.3766 | *
[2026-04-16 07:09:12,430][root][INFO] - Epoch: 262 | Loss: 0.0014 | Val - MRR: 0.3625, MR:  157.99, H@1: 0.272, H@3: 0.396, H@10: 0.546 | Test - MRR: 0.3848 | *
[2026-04-16 07:11:40,756][root][INFO] - Epoch: 263 | Loss: 0.0014 | Val - MRR: 0.3615, MR:  157.70, H@1: 0.271, H@3: 0.395, H@10: 0.544 | Test - MRR: 0.3914 | *
[2026-04-16 07:14:09,012][root][INFO] - Epoch: 264 | Loss: 0.0014 | Val - MRR: 0.3623, MR:  158.06, H@1: 0.272, H@3: 0.395, H@10: 0.545 | Test - MRR: 0.3834 | *
[2026-04-16 07:16:28,442][root][INFO] - Epoch: 265 | Loss: 0.0014 | Val - MRR: 0.3618, MR:  157.74, H@1: 0.271, H@3: 0.395, H@10: 0.545 | 
[2026-04-16 07:18:48,404][root][INFO] - Epoch: 266 | Loss: 0.0014 | Val - MRR: 0.3617, MR:  155.90, H@1: 0.271, H@3: 0.395, H@10: 0.545 | 
[2026-04-16 07:21:15,712][root][INFO] - Epoch: 267 | Loss: 0.0014 | Val - MRR: 0.3623, MR:  156.07, H@1: 0.271, H@3: 0.397, H@10: 0.546 | Test - MRR: 0.3829 | *
[2026-04-16 07:23:35,512][root][INFO] - Epoch: 268 | Loss: 0.0014 | Val - MRR: 0.3614, MR:  157.04, H@1: 0.270, H@3: 0.395, H@10: 0.546 | 
[2026-04-16 07:25:56,982][root][INFO] - Epoch: 269 | Loss: 0.0014 | Val - MRR: 0.3616, MR:  155.95, H@1: 0.271, H@3: 0.396, H@10: 0.544 | 
[2026-04-16 07:28:26,590][root][INFO] - Epoch: 270 | Loss: 0.0014 | Val - MRR: 0.3626, MR:  158.40, H@1: 0.273, H@3: 0.396, H@10: 0.545 | Test - MRR: 0.3947 | *
[2026-04-16 07:30:46,621][root][INFO] - Epoch: 271 | Loss: 0.0014 | Val - MRR: 0.3616, MR:  158.90, H@1: 0.271, H@3: 0.396, H@10: 0.545 | 
[2026-04-16 07:33:13,602][root][INFO] - Epoch: 272 | Loss: 0.0014 | Val - MRR: 0.3626, MR:  160.02, H@1: 0.271, H@3: 0.397, H@10: 0.546 | Test - MRR: 0.3873 | *
[2026-04-16 07:35:42,833][root][INFO] - Epoch: 273 | Loss: 0.0014 | Val - MRR: 0.3632, MR:  156.92, H@1: 0.272, H@3: 0.397, H@10: 0.547 | Test - MRR: 0.3924 | *
[2026-04-16 07:38:02,572][root][INFO] - Epoch: 274 | Loss: 0.0014 | Val - MRR: 0.3626, MR:  158.92, H@1: 0.272, H@3: 0.395, H@10: 0.545 | 
[2026-04-16 07:40:22,797][root][INFO] - Epoch: 275 | Loss: 0.0014 | Val - MRR: 0.3630, MR:  155.87, H@1: 0.272, H@3: 0.397, H@10: 0.546 | 
[2026-04-16 07:42:41,841][root][INFO] - Epoch: 276 | Loss: 0.0014 | Val - MRR: 0.3627, MR:  157.73, H@1: 0.272, H@3: 0.396, H@10: 0.545 | 
[2026-04-16 07:45:02,106][root][INFO] - Epoch: 277 | Loss: 0.0014 | Val - MRR: 0.3618, MR:  157.99, H@1: 0.270, H@3: 0.396, H@10: 0.546 | 
[2026-04-16 07:47:21,912][root][INFO] - Epoch: 278 | Loss: 0.0014 | Val - MRR: 0.3608, MR:  157.54, H@1: 0.269, H@3: 0.395, H@10: 0.545 | 
[2026-04-16 07:49:43,775][root][INFO] - Epoch: 279 | Loss: 0.0014 | Val - MRR: 0.3624, MR:  158.98, H@1: 0.272, H@3: 0.396, H@10: 0.546 | 
[2026-04-16 07:52:04,936][root][INFO] - Epoch: 280 | Loss: 0.0014 | Val - MRR: 0.3619, MR:  157.89, H@1: 0.271, H@3: 0.395, H@10: 0.545 | 
[2026-04-16 07:54:26,850][root][INFO] - Epoch: 281 | Loss: 0.0014 | Val - MRR: 0.3620, MR:  159.14, H@1: 0.271, H@3: 0.396, H@10: 0.546 | 
[2026-04-16 07:56:47,165][root][INFO] - Epoch: 282 | Loss: 0.0014 | Val - MRR: 0.3616, MR:  158.45, H@1: 0.271, H@3: 0.394, H@10: 0.545 | 
[2026-04-16 07:59:09,012][root][INFO] - Epoch: 283 | Loss: 0.0014 | Val - MRR: 0.3619, MR:  158.51, H@1: 0.271, H@3: 0.396, H@10: 0.545 | 
[2026-04-16 08:01:28,957][root][INFO] - Epoch: 284 | Loss: 0.0014 | Val - MRR: 0.3612, MR:  159.53, H@1: 0.271, H@3: 0.394, H@10: 0.545 | 
[2026-04-16 08:03:49,635][root][INFO] - Epoch: 285 | Loss: 0.0014 | Val - MRR: 0.3627, MR:  158.40, H@1: 0.272, H@3: 0.397, H@10: 0.546 | 
[2026-04-16 08:06:09,762][root][INFO] - Epoch: 286 | Loss: 0.0014 | Val - MRR: 0.3626, MR:  159.38, H@1: 0.271, H@3: 0.397, H@10: 0.546 | 
[2026-04-16 08:08:29,904][root][INFO] - Epoch: 287 | Loss: 0.0014 | Val - MRR: 0.3626, MR:  158.59, H@1: 0.272, H@3: 0.395, H@10: 0.547 | 
[2026-04-16 08:10:58,150][root][INFO] - Epoch: 288 | Loss: 0.0014 | Val - MRR: 0.3633, MR:  159.95, H@1: 0.272, H@3: 0.397, H@10: 0.546 | Test - MRR: 0.3887 | *
[2026-04-16 08:13:19,699][root][INFO] - Epoch: 289 | Loss: 0.0014 | Val - MRR: 0.3632, MR:  158.15, H@1: 0.273, H@3: 0.396, H@10: 0.547 | 
[2026-04-16 08:15:46,474][root][INFO] - Epoch: 290 | Loss: 0.0014 | Val - MRR: 0.3627, MR:  161.00, H@1: 0.273, H@3: 0.395, H@10: 0.546 | 
[2026-04-16 08:18:21,706][root][INFO] - Epoch: 291 | Loss: 0.0014 | Val - MRR: 0.3633, MR:  159.19, H@1: 0.273, H@3: 0.396, H@10: 0.546 | Test - MRR: 0.3906 | *
[2026-04-16 08:20:59,163][root][INFO] - Epoch: 292 | Loss: 0.0014 | Val - MRR: 0.3631, MR:  161.38, H@1: 0.273, H@3: 0.395, H@10: 0.546 | Test - MRR: 0.3964 | *
[2026-04-16 08:23:22,114][root][INFO] - Epoch: 293 | Loss: 0.0014 | Val - MRR: 0.3630, MR:  159.21, H@1: 0.273, H@3: 0.396, H@10: 0.547 | 
[2026-04-16 08:25:55,605][root][INFO] - Epoch: 294 | Loss: 0.0014 | Val - MRR: 0.3633, MR:  157.23, H@1: 0.272, H@3: 0.397, H@10: 0.548 | Test - MRR: 0.3786 | *
[2026-04-16 08:28:18,676][root][INFO] - Epoch: 295 | Loss: 0.0014 | Val - MRR: 0.3626, MR:  159.29, H@1: 0.272, H@3: 0.396, H@10: 0.548 | 
[2026-04-16 08:30:43,055][root][INFO] - Epoch: 296 | Loss: 0.0014 | Val - MRR: 0.3628, MR:  158.32, H@1: 0.272, H@3: 0.397, H@10: 0.545 | 
[2026-04-16 08:33:05,796][root][INFO] - Epoch: 297 | Loss: 0.0014 | Val - MRR: 0.3627, MR:  160.15, H@1: 0.271, H@3: 0.397, H@10: 0.548 | 
[2026-04-16 08:35:29,511][root][INFO] - Epoch: 298 | Loss: 0.0014 | Val - MRR: 0.3633, MR:  158.05, H@1: 0.272, H@3: 0.398, H@10: 0.549 | 
[2026-04-16 08:37:53,928][root][INFO] - Epoch: 299 | Loss: 0.0014 | Val - MRR: 0.3622, MR:  157.04, H@1: 0.271, H@3: 0.396, H@10: 0.547 | 
[2026-04-16 08:40:17,971][root][INFO] - Epoch: 300 | Loss: 0.0014 | Val - MRR: 0.3627, MR:  158.39, H@1: 0.271, H@3: 0.397, H@10: 0.547 | 
[2026-04-16 08:42:41,490][root][INFO] - Epoch: 301 | Loss: 0.0014 | Val - MRR: 0.3626, MR:  158.90, H@1: 0.271, H@3: 0.397, H@10: 0.548 | 
[2026-04-16 08:45:13,590][root][INFO] - Epoch: 302 | Loss: 0.0014 | Val - MRR: 0.3633, MR:  158.46, H@1: 0.272, H@3: 0.397, H@10: 0.547 | Test - MRR: 0.3951 | *
[2026-04-16 08:47:46,530][root][INFO] - Epoch: 303 | Loss: 0.0014 | Val - MRR: 0.3636, MR:  157.40, H@1: 0.273, H@3: 0.397, H@10: 0.548 | Test - MRR: 0.3934 | *
[2026-04-16 08:50:19,013][root][INFO] - Epoch: 304 | Loss: 0.0014 | Val - MRR: 0.3636, MR:  161.58, H@1: 0.273, H@3: 0.397, H@10: 0.547 | Test - MRR: 0.3888 | *
[2026-04-16 08:52:50,966][root][INFO] - Epoch: 305 | Loss: 0.0014 | Val - MRR: 0.3639, MR:  159.13, H@1: 0.273, H@3: 0.399, H@10: 0.548 | Test - MRR: 0.3944 | *
[2026-04-16 08:55:14,610][root][INFO] - Epoch: 306 | Loss: 0.0014 | Val - MRR: 0.3637, MR:  159.51, H@1: 0.272, H@3: 0.399, H@10: 0.549 | 
[2026-04-16 08:57:37,937][root][INFO] - Epoch: 307 | Loss: 0.0014 | Val - MRR: 0.3637, MR:  156.99, H@1: 0.272, H@3: 0.397, H@10: 0.548 | 
[2026-04-16 09:00:04,096][root][INFO] - Epoch: 308 | Loss: 0.0014 | Val - MRR: 0.3633, MR:  159.09, H@1: 0.271, H@3: 0.398, H@10: 0.548 | 
[2026-04-16 09:02:27,717][root][INFO] - Epoch: 309 | Loss: 0.0014 | Val - MRR: 0.3630, MR:  158.31, H@1: 0.271, H@3: 0.399, H@10: 0.547 | 
[2026-04-16 09:04:59,772][root][INFO] - Epoch: 310 | Loss: 0.0014 | Val - MRR: 0.3641, MR:  158.35, H@1: 0.272, H@3: 0.399, H@10: 0.549 | Test - MRR: 0.3967 | *
[2026-04-16 09:07:33,983][root][INFO] - Epoch: 311 | Loss: 0.0014 | Val - MRR: 0.3631, MR:  158.18, H@1: 0.271, H@3: 0.398, H@10: 0.548 | Test - MRR: 0.3994 | *
[2026-04-16 09:09:56,633][root][INFO] - Epoch: 312 | Loss: 0.0014 | Val - MRR: 0.3630, MR:  159.60, H@1: 0.272, H@3: 0.398, H@10: 0.548 | 
[2026-04-16 09:12:30,390][root][INFO] - Epoch: 313 | Loss: 0.0014 | Val - MRR: 0.3637, MR:  156.94, H@1: 0.272, H@3: 0.399, H@10: 0.549 | Test - MRR: 0.3979 | *
[2026-04-16 09:15:02,459][root][INFO] - Epoch: 314 | Loss: 0.0014 | Val - MRR: 0.3641, MR:  156.33, H@1: 0.273, H@3: 0.399, H@10: 0.549 | Test - MRR: 0.3942 | *
[2026-04-16 09:17:33,541][root][INFO] - Epoch: 315 | Loss: 0.0014 | Val - MRR: 0.3646, MR:  157.35, H@1: 0.273, H@3: 0.399, H@10: 0.549 | Test - MRR: 0.3963 | *
[2026-04-16 09:19:58,871][root][INFO] - Epoch: 316 | Loss: 0.0014 | Val - MRR: 0.3640, MR:  156.95, H@1: 0.273, H@3: 0.399, H@10: 0.548 | 
[2026-04-16 09:22:22,789][root][INFO] - Epoch: 317 | Loss: 0.0014 | Val - MRR: 0.3646, MR:  159.30, H@1: 0.273, H@3: 0.399, H@10: 0.549 | 
[2026-04-16 09:24:46,597][root][INFO] - Epoch: 318 | Loss: 0.0014 | Val - MRR: 0.3643, MR:  157.90, H@1: 0.273, H@3: 0.400, H@10: 0.549 | 
[2026-04-16 09:27:09,479][root][INFO] - Epoch: 319 | Loss: 0.0014 | Val - MRR: 0.3643, MR:  158.77, H@1: 0.272, H@3: 0.399, H@10: 0.549 | 
[2026-04-16 09:29:40,483][root][INFO] - Epoch: 320 | Loss: 0.0014 | Val - MRR: 0.3652, MR:  156.74, H@1: 0.274, H@3: 0.400, H@10: 0.551 | Test - MRR: 0.3973 | *
[2026-04-16 09:32:03,530][root][INFO] - Epoch: 321 | Loss: 0.0014 | Val - MRR: 0.3651, MR:  159.02, H@1: 0.274, H@3: 0.400, H@10: 0.549 | 
[2026-04-16 09:34:24,867][root][INFO] - Epoch: 322 | Loss: 0.0014 | Val - MRR: 0.3645, MR:  159.19, H@1: 0.272, H@3: 0.401, H@10: 0.548 | 
[2026-04-16 09:36:48,223][root][INFO] - Epoch: 323 | Loss: 0.0014 | Val - MRR: 0.3645, MR:  159.63, H@1: 0.273, H@3: 0.400, H@10: 0.548 | 
[2026-04-16 09:39:22,451][root][INFO] - Epoch: 324 | Loss: 0.0014 | Val - MRR: 0.3647, MR:  158.91, H@1: 0.273, H@3: 0.400, H@10: 0.549 | Test - MRR: 0.4043 | *
[2026-04-16 09:41:45,361][root][INFO] - Epoch: 325 | Loss: 0.0014 | Val - MRR: 0.3644, MR:  158.86, H@1: 0.273, H@3: 0.399, H@10: 0.550 | 
[2026-04-16 09:44:08,814][root][INFO] - Epoch: 326 | Loss: 0.0014 | Val - MRR: 0.3640, MR:  159.11, H@1: 0.272, H@3: 0.400, H@10: 0.548 | 
[2026-04-16 09:46:31,426][root][INFO] - Epoch: 327 | Loss: 0.0014 | Val - MRR: 0.3641, MR:  158.74, H@1: 0.273, H@3: 0.397, H@10: 0.549 | 
[2026-04-16 09:48:54,783][root][INFO] - Epoch: 328 | Loss: 0.0014 | Val - MRR: 0.3643, MR:  157.19, H@1: 0.272, H@3: 0.398, H@10: 0.550 | 
[2026-04-16 09:51:17,825][root][INFO] - Epoch: 329 | Loss: 0.0014 | Val - MRR: 0.3639, MR:  159.59, H@1: 0.273, H@3: 0.398, H@10: 0.547 | 
[2026-04-16 09:53:49,286][root][INFO] - Epoch: 330 | Loss: 0.0014 | Val - MRR: 0.3648, MR:  157.83, H@1: 0.274, H@3: 0.398, H@10: 0.547 | Test - MRR: 0.4016 | *
[2026-04-16 09:56:11,285][root][INFO] - Epoch: 331 | Loss: 0.0014 | Val - MRR: 0.3644, MR:  157.37, H@1: 0.273, H@3: 0.399, H@10: 0.548 | 
[2026-04-16 09:58:35,627][root][INFO] - Epoch: 332 | Loss: 0.0014 | Val - MRR: 0.3643, MR:  159.28, H@1: 0.274, H@3: 0.397, H@10: 0.548 | 
[2026-04-16 10:01:07,364][root][INFO] - Epoch: 333 | Loss: 0.0014 | Val - MRR: 0.3646, MR:  160.58, H@1: 0.273, H@3: 0.398, H@10: 0.548 | Test - MRR: 0.4061 | *
[2026-04-16 10:03:39,250][root][INFO] - Epoch: 334 | Loss: 0.0014 | Val - MRR: 0.3655, MR:  158.18, H@1: 0.274, H@3: 0.400, H@10: 0.549 | Test - MRR: 0.3948 | *
[2026-04-16 10:06:11,339][root][INFO] - Epoch: 335 | Loss: 0.0014 | Val - MRR: 0.3655, MR:  159.89, H@1: 0.275, H@3: 0.400, H@10: 0.549 | Test - MRR: 0.3970 | *
[2026-04-16 10:08:33,982][root][INFO] - Epoch: 336 | Loss: 0.0014 | Val - MRR: 0.3652, MR:  159.70, H@1: 0.274, H@3: 0.399, H@10: 0.550 | 
[2026-04-16 10:11:05,765][root][INFO] - Epoch: 337 | Loss: 0.0014 | Val - MRR: 0.3658, MR:  158.27, H@1: 0.275, H@3: 0.399, H@10: 0.550 | Test - MRR: 0.4031 | *
[2026-04-16 10:13:28,593][root][INFO] - Epoch: 338 | Loss: 0.0014 | Val - MRR: 0.3649, MR:  159.72, H@1: 0.274, H@3: 0.398, H@10: 0.550 | 
[2026-04-16 10:15:51,865][root][INFO] - Epoch: 339 | Loss: 0.0014 | Val - MRR: 0.3652, MR:  161.05, H@1: 0.274, H@3: 0.400, H@10: 0.550 | 
[2026-04-16 10:18:14,855][root][INFO] - Epoch: 340 | Loss: 0.0014 | Val - MRR: 0.3651, MR:  158.52, H@1: 0.274, H@3: 0.400, H@10: 0.549 | 
[2026-04-16 10:20:38,462][root][INFO] - Epoch: 341 | Loss: 0.0014 | Val - MRR: 0.3650, MR:  159.27, H@1: 0.274, H@3: 0.399, H@10: 0.549 | 
[2026-04-16 10:23:02,720][root][INFO] - Epoch: 342 | Loss: 0.0014 | Val - MRR: 0.3657, MR:  158.83, H@1: 0.275, H@3: 0.400, H@10: 0.549 | 
[2026-04-16 10:25:26,206][root][INFO] - Epoch: 343 | Loss: 0.0014 | Val - MRR: 0.3651, MR:  159.76, H@1: 0.274, H@3: 0.400, H@10: 0.549 | 
[2026-04-16 10:27:48,449][root][INFO] - Epoch: 344 | Loss: 0.0014 | Val - MRR: 0.3648, MR:  160.52, H@1: 0.274, H@3: 0.398, H@10: 0.548 | 
[2026-04-16 10:30:11,691][root][INFO] - Epoch: 345 | Loss: 0.0014 | Val - MRR: 0.3646, MR:  160.80, H@1: 0.273, H@3: 0.399, H@10: 0.549 | 
[2026-04-16 10:32:35,186][root][INFO] - Epoch: 346 | Loss: 0.0014 | Val - MRR: 0.3645, MR:  161.51, H@1: 0.273, H@3: 0.399, H@10: 0.547 | 
[2026-04-16 10:35:09,125][root][INFO] - Epoch: 347 | Loss: 0.0014 | Val - MRR: 0.3641, MR:  160.30, H@1: 0.272, H@3: 0.397, H@10: 0.548 | Test - MRR: 0.4097 | *
[2026-04-16 10:37:40,800][root][INFO] - Epoch: 348 | Loss: 0.0014 | Val - MRR: 0.3652, MR:  160.03, H@1: 0.274, H@3: 0.400, H@10: 0.549 | Test - MRR: 0.4094 | *
[2026-04-16 10:40:04,228][root][INFO] - Epoch: 349 | Loss: 0.0014 | Val - MRR: 0.3650, MR:  160.67, H@1: 0.274, H@3: 0.398, H@10: 0.550 | 
[2026-04-16 10:42:26,957][root][INFO] - Epoch: 350 | Loss: 0.0014 | Val - MRR: 0.3649, MR:  162.80, H@1: 0.273, H@3: 0.400, H@10: 0.550 | 
[2026-04-16 10:45:00,307][root][INFO] - Epoch: 351 | Loss: 0.0013 | Val - MRR: 0.3653, MR:  160.80, H@1: 0.274, H@3: 0.400, H@10: 0.549 | Test - MRR: 0.4120 | *
[2026-04-16 10:47:31,598][root][INFO] - Epoch: 352 | Loss: 0.0014 | Val - MRR: 0.3650, MR:  159.83, H@1: 0.273, H@3: 0.399, H@10: 0.551 | Test - MRR: 0.4125 | *
[2026-04-16 10:50:01,674][root][INFO] - Epoch: 353 | Loss: 0.0014 | Val - MRR: 0.3655, MR:  159.66, H@1: 0.274, H@3: 0.400, H@10: 0.551 | Test - MRR: 0.4086 | *
[2026-04-16 10:52:24,618][root][INFO] - Epoch: 354 | Loss: 0.0014 | Val - MRR: 0.3651, MR:  158.73, H@1: 0.274, H@3: 0.400, H@10: 0.551 | 
[2026-04-16 10:54:57,834][root][INFO] - Epoch: 355 | Loss: 0.0013 | Val - MRR: 0.3659, MR:  160.16, H@1: 0.274, H@3: 0.401, H@10: 0.550 | Test - MRR: 0.4076 | *
[2026-04-16 10:57:31,395][root][INFO] - Epoch: 356 | Loss: 0.0013 | Val - MRR: 0.3659, MR:  159.70, H@1: 0.275, H@3: 0.401, H@10: 0.550 | Test - MRR: 0.4157 | *
[2026-04-16 10:59:54,341][root][INFO] - Epoch: 357 | Loss: 0.0014 | Val - MRR: 0.3650, MR:  159.16, H@1: 0.273, H@3: 0.400, H@10: 0.549 | 
[2026-04-16 11:02:17,999][root][INFO] - Epoch: 358 | Loss: 0.0014 | Val - MRR: 0.3656, MR:  160.25, H@1: 0.274, H@3: 0.400, H@10: 0.549 | 
[2026-04-16 11:04:42,218][root][INFO] - Epoch: 359 | Loss: 0.0013 | Val - MRR: 0.3659, MR:  160.13, H@1: 0.275, H@3: 0.400, H@10: 0.551 | 
[2026-04-16 11:07:05,793][root][INFO] - Epoch: 360 | Loss: 0.0014 | Val - MRR: 0.3659, MR:  160.21, H@1: 0.274, H@3: 0.401, H@10: 0.549 | 
[2026-04-16 11:09:35,935][root][INFO] - Epoch: 361 | Loss: 0.0013 | Val - MRR: 0.3661, MR:  159.57, H@1: 0.274, H@3: 0.400, H@10: 0.550 | Test - MRR: 0.4021 | *
[2026-04-16 11:12:01,543][root][INFO] - Epoch: 362 | Loss: 0.0013 | Val - MRR: 0.3660, MR:  160.00, H@1: 0.274, H@3: 0.401, H@10: 0.550 | 
[2026-04-16 11:14:25,378][root][INFO] - Epoch: 363 | Loss: 0.0014 | Val - MRR: 0.3661, MR:  159.78, H@1: 0.275, H@3: 0.401, H@10: 0.550 | 
[2026-04-16 11:16:48,980][root][INFO] - Epoch: 364 | Loss: 0.0013 | Val - MRR: 0.3650, MR:  157.69, H@1: 0.274, H@3: 0.399, H@10: 0.550 | 
[2026-04-16 11:19:20,516][root][INFO] - Epoch: 365 | Loss: 0.0013 | Val - MRR: 0.3663, MR:  159.89, H@1: 0.275, H@3: 0.400, H@10: 0.551 | Test - MRR: 0.4133 | *
[2026-04-16 11:21:52,196][root][INFO] - Epoch: 366 | Loss: 0.0014 | Val - MRR: 0.3666, MR:  163.09, H@1: 0.275, H@3: 0.401, H@10: 0.552 | Test - MRR: 0.4143 | *
[2026-04-16 11:24:25,710][root][INFO] - Epoch: 367 | Loss: 0.0013 | Val - MRR: 0.3662, MR:  158.44, H@1: 0.275, H@3: 0.401, H@10: 0.551 | Test - MRR: 0.4206 | *
[2026-04-16 11:26:49,092][root][INFO] - Epoch: 368 | Loss: 0.0014 | Val - MRR: 0.3661, MR:  160.63, H@1: 0.274, H@3: 0.400, H@10: 0.551 | 
[2026-04-16 11:29:14,359][root][INFO] - Epoch: 369 | Loss: 0.0014 | Val - MRR: 0.3656, MR:  161.18, H@1: 0.274, H@3: 0.400, H@10: 0.551 | 
[2026-04-16 11:31:36,973][root][INFO] - Epoch: 370 | Loss: 0.0013 | Val - MRR: 0.3654, MR:  159.66, H@1: 0.274, H@3: 0.400, H@10: 0.550 | 
[2026-04-16 11:33:59,438][root][INFO] - Epoch: 371 | Loss: 0.0013 | Val - MRR: 0.3656, MR:  159.66, H@1: 0.274, H@3: 0.400, H@10: 0.550 | 
[2026-04-16 11:36:23,717][root][INFO] - Epoch: 372 | Loss: 0.0013 | Val - MRR: 0.3653, MR:  159.73, H@1: 0.273, H@3: 0.400, H@10: 0.551 | 
[2026-04-16 11:38:47,124][root][INFO] - Epoch: 373 | Loss: 0.0013 | Val - MRR: 0.3659, MR:  160.78, H@1: 0.274, H@3: 0.400, H@10: 0.550 | 
[2026-04-16 11:41:12,383][root][INFO] - Epoch: 374 | Loss: 0.0013 | Val - MRR: 0.3656, MR:  160.71, H@1: 0.274, H@3: 0.400, H@10: 0.550 | 
[2026-04-16 11:43:43,708][root][INFO] - Epoch: 375 | Loss: 0.0013 | Val - MRR: 0.3664, MR:  159.93, H@1: 0.275, H@3: 0.401, H@10: 0.550 | Test - MRR: 0.4112 | *
[2026-04-16 11:46:15,978][root][INFO] - Epoch: 376 | Loss: 0.0013 | Val - MRR: 0.3670, MR:  160.81, H@1: 0.276, H@3: 0.401, H@10: 0.551 | Test - MRR: 0.4167 | *
[2026-04-16 11:48:39,529][root][INFO] - Epoch: 377 | Loss: 0.0013 | Val - MRR: 0.3664, MR:  160.64, H@1: 0.275, H@3: 0.401, H@10: 0.551 | 
[2026-04-16 11:51:03,408][root][INFO] - Epoch: 378 | Loss: 0.0013 | Val - MRR: 0.3655, MR:  161.75, H@1: 0.274, H@3: 0.400, H@10: 0.552 | 
[2026-04-16 11:53:27,450][root][INFO] - Epoch: 379 | Loss: 0.0013 | Val - MRR: 0.3652, MR:  160.69, H@1: 0.273, H@3: 0.400, H@10: 0.551 | 
[2026-04-16 11:55:52,167][root][INFO] - Epoch: 380 | Loss: 0.0013 | Val - MRR: 0.3655, MR:  160.44, H@1: 0.273, H@3: 0.400, H@10: 0.550 | 
[2026-04-16 11:58:16,468][root][INFO] - Epoch: 381 | Loss: 0.0013 | Val - MRR: 0.3657, MR:  161.05, H@1: 0.274, H@3: 0.399, H@10: 0.550 | 
[2026-04-16 12:00:39,291][root][INFO] - Epoch: 382 | Loss: 0.0013 | Val - MRR: 0.3659, MR:  161.50, H@1: 0.274, H@3: 0.401, H@10: 0.552 | 
[2026-04-16 12:03:02,656][root][INFO] - Epoch: 383 | Loss: 0.0013 | Val - MRR: 0.3655, MR:  162.55, H@1: 0.273, H@3: 0.400, H@10: 0.552 | 
[2026-04-16 12:05:26,706][root][INFO] - Epoch: 384 | Loss: 0.0013 | Val - MRR: 0.3661, MR:  160.52, H@1: 0.274, H@3: 0.401, H@10: 0.552 | 
[2026-04-16 12:07:51,642][root][INFO] - Epoch: 385 | Loss: 0.0013 | Val - MRR: 0.3667, MR:  158.60, H@1: 0.275, H@3: 0.401, H@10: 0.552 | 
[2026-04-16 12:10:15,312][root][INFO] - Epoch: 386 | Loss: 0.0013 | Val - MRR: 0.3663, MR:  161.17, H@1: 0.275, H@3: 0.401, H@10: 0.551 | 
[2026-04-16 12:12:37,287][root][INFO] - Epoch: 387 | Loss: 0.0013 | Val - MRR: 0.3661, MR:  159.97, H@1: 0.274, H@3: 0.401, H@10: 0.551 | 
[2026-04-16 12:15:01,846][root][INFO] - Epoch: 388 | Loss: 0.0013 | Val - MRR: 0.3656, MR:  161.95, H@1: 0.274, H@3: 0.400, H@10: 0.550 | 
[2026-04-16 12:17:25,310][root][INFO] - Epoch: 389 | Loss: 0.0013 | Val - MRR: 0.3658, MR:  161.92, H@1: 0.274, H@3: 0.399, H@10: 0.551 | 
[2026-04-16 12:19:49,659][root][INFO] - Epoch: 390 | Loss: 0.0013 | Val - MRR: 0.3661, MR:  159.82, H@1: 0.275, H@3: 0.400, H@10: 0.551 | 
[2026-04-16 12:22:13,567][root][INFO] - Epoch: 391 | Loss: 0.0013 | Val - MRR: 0.3661, MR:  163.61, H@1: 0.275, H@3: 0.400, H@10: 0.552 | 
[2026-04-16 12:24:36,497][root][INFO] - Epoch: 392 | Loss: 0.0013 | Val - MRR: 0.3664, MR:  164.23, H@1: 0.275, H@3: 0.400, H@10: 0.550 | 
[2026-04-16 12:27:01,325][root][INFO] - Epoch: 393 | Loss: 0.0013 | Val - MRR: 0.3665, MR:  161.07, H@1: 0.275, H@3: 0.400, H@10: 0.550 | 
[2026-04-16 12:29:24,334][root][INFO] - Epoch: 394 | Loss: 0.0013 | Val - MRR: 0.3663, MR:  161.18, H@1: 0.275, H@3: 0.401, H@10: 0.551 | 
[2026-04-16 12:31:47,603][root][INFO] - Epoch: 395 | Loss: 0.0013 | Val - MRR: 0.3654, MR:  161.83, H@1: 0.273, H@3: 0.400, H@10: 0.550 | 
[2026-04-16 12:34:11,871][root][INFO] - Epoch: 396 | Loss: 0.0013 | Val - MRR: 0.3657, MR:  161.03, H@1: 0.274, H@3: 0.401, H@10: 0.551 | 
[2026-04-16 12:36:34,522][root][INFO] - Epoch: 397 | Loss: 0.0013 | Val - MRR: 0.3660, MR:  160.61, H@1: 0.274, H@3: 0.400, H@10: 0.551 | 
[2026-04-16 12:38:59,789][root][INFO] - Epoch: 398 | Loss: 0.0013 | Val - MRR: 0.3655, MR:  160.23, H@1: 0.273, H@3: 0.400, H@10: 0.552 | 
[2026-04-16 12:41:22,676][root][INFO] - Epoch: 399 | Loss: 0.0013 | Val - MRR: 0.3659, MR:  160.74, H@1: 0.274, H@3: 0.399, H@10: 0.553 | 
[2026-04-16 12:43:45,913][root][INFO] - Epoch: 400 | Loss: 0.0013 | Val - MRR: 0.3657, MR:  162.02, H@1: 0.274, H@3: 0.399, H@10: 0.552 | 
[2026-04-16 12:46:09,404][root][INFO] - Epoch: 401 | Loss: 0.0013 | Val - MRR: 0.3653, MR:  161.68, H@1: 0.273, H@3: 0.400, H@10: 0.551 | 
[2026-04-16 12:48:32,992][root][INFO] - Epoch: 402 | Loss: 0.0013 | Val - MRR: 0.3669, MR:  160.81, H@1: 0.275, H@3: 0.401, H@10: 0.553 | 
[2026-04-16 12:50:56,454][root][INFO] - Epoch: 403 | Loss: 0.0013 | Val - MRR: 0.3668, MR:  159.88, H@1: 0.275, H@3: 0.401, H@10: 0.553 | 
[2026-04-16 12:53:21,570][root][INFO] - Epoch: 404 | Loss: 0.0013 | Val - MRR: 0.3664, MR:  159.80, H@1: 0.275, H@3: 0.400, H@10: 0.551 | 
[2026-04-16 12:55:46,360][root][INFO] - Epoch: 405 | Loss: 0.0013 | Val - MRR: 0.3658, MR:  162.66, H@1: 0.274, H@3: 0.401, H@10: 0.551 | 
[2026-04-16 12:58:19,779][root][INFO] - Epoch: 406 | Loss: 0.0013 | Val - MRR: 0.3662, MR:  162.15, H@1: 0.275, H@3: 0.401, H@10: 0.553 | Test - MRR: 0.4216 | *
[2026-04-16 13:00:43,231][root][INFO] - Epoch: 407 | Loss: 0.0013 | Val - MRR: 0.3660, MR:  161.43, H@1: 0.274, H@3: 0.400, H@10: 0.551 | 
[2026-04-16 13:03:09,112][root][INFO] - Epoch: 408 | Loss: 0.0013 | Val - MRR: 0.3660, MR:  162.66, H@1: 0.274, H@3: 0.400, H@10: 0.551 | 
[2026-04-16 13:05:41,504][root][INFO] - Epoch: 409 | Loss: 0.0013 | Val - MRR: 0.3667, MR:  161.21, H@1: 0.275, H@3: 0.401, H@10: 0.552 | Test - MRR: 0.4174 | *
[2026-04-16 13:08:07,010][root][INFO] - Epoch: 410 | Loss: 0.0013 | Val - MRR: 0.3665, MR:  161.83, H@1: 0.275, H@3: 0.401, H@10: 0.553 | 
[2026-04-16 13:10:30,064][root][INFO] - Epoch: 411 | Loss: 0.0013 | Val - MRR: 0.3667, MR:  162.83, H@1: 0.275, H@3: 0.400, H@10: 0.551 | 
[2026-04-16 13:13:01,342][root][INFO] - Epoch: 412 | Loss: 0.0013 | Val - MRR: 0.3668, MR:  163.12, H@1: 0.275, H@3: 0.401, H@10: 0.550 | Test - MRR: 0.4195 | *
[2026-04-16 13:15:23,517][root][INFO] - Epoch: 413 | Loss: 0.0013 | Val - MRR: 0.3666, MR:  161.70, H@1: 0.275, H@3: 0.401, H@10: 0.551 | 
[2026-04-16 13:17:48,010][root][INFO] - Epoch: 414 | Loss: 0.0013 | Val - MRR: 0.3658, MR:  161.93, H@1: 0.274, H@3: 0.400, H@10: 0.551 | 
[2026-04-16 13:20:11,076][root][INFO] - Epoch: 415 | Loss: 0.0013 | Val - MRR: 0.3659, MR:  162.65, H@1: 0.274, H@3: 0.400, H@10: 0.552 | 
[2026-04-16 13:22:34,644][root][INFO] - Epoch: 416 | Loss: 0.0013 | Val - MRR: 0.3651, MR:  161.93, H@1: 0.273, H@3: 0.399, H@10: 0.549 | 
[2026-04-16 13:25:07,834][root][INFO] - Epoch: 417 | Loss: 0.0013 | Val - MRR: 0.3666, MR:  161.51, H@1: 0.275, H@3: 0.401, H@10: 0.552 | Test - MRR: 0.4219 | *
[2026-04-16 13:27:39,546][root][INFO] - Epoch: 418 | Loss: 0.0013 | Val - MRR: 0.3669, MR:  162.45, H@1: 0.275, H@3: 0.401, H@10: 0.551 | Test - MRR: 0.4159 | *
[2026-04-16 13:30:01,897][root][INFO] - Epoch: 419 | Loss: 0.0013 | Val - MRR: 0.3664, MR:  161.00, H@1: 0.274, H@3: 0.400, H@10: 0.552 | 
[2026-04-16 13:32:28,316][root][INFO] - Epoch: 420 | Loss: 0.0013 | Val - MRR: 0.3665, MR:  162.18, H@1: 0.275, H@3: 0.401, H@10: 0.551 | 
[2026-04-16 13:35:01,678][root][INFO] - Epoch: 421 | Loss: 0.0013 | Val - MRR: 0.3669, MR:  162.08, H@1: 0.275, H@3: 0.400, H@10: 0.550 | Test - MRR: 0.4146 | *
[2026-04-16 13:37:35,312][root][INFO] - Epoch: 422 | Loss: 0.0013 | Val - MRR: 0.3663, MR:  163.26, H@1: 0.275, H@3: 0.400, H@10: 0.552 | Test - MRR: 0.4224 | *
[2026-04-16 13:39:58,144][root][INFO] - Epoch: 423 | Loss: 0.0013 | Val - MRR: 0.3660, MR:  163.26, H@1: 0.274, H@3: 0.399, H@10: 0.552 | 
[2026-04-16 13:42:22,170][root][INFO] - Epoch: 424 | Loss: 0.0013 | Val - MRR: 0.3657, MR:  162.94, H@1: 0.274, H@3: 0.400, H@10: 0.550 | 
[2026-04-16 13:44:46,131][root][INFO] - Epoch: 425 | Loss: 0.0013 | Val - MRR: 0.3660, MR:  161.25, H@1: 0.274, H@3: 0.399, H@10: 0.552 | 
[2026-04-16 13:47:10,574][root][INFO] - Epoch: 426 | Loss: 0.0013 | Val - MRR: 0.3661, MR:  162.08, H@1: 0.274, H@3: 0.400, H@10: 0.552 | 
[2026-04-16 13:49:34,256][root][INFO] - Epoch: 427 | Loss: 0.0013 | Val - MRR: 0.3657, MR:  162.82, H@1: 0.274, H@3: 0.400, H@10: 0.551 | 
[2026-04-16 13:51:58,239][root][INFO] - Epoch: 428 | Loss: 0.0013 | Val - MRR: 0.3660, MR:  162.08, H@1: 0.274, H@3: 0.400, H@10: 0.550 | 
[2026-04-16 13:54:22,766][root][INFO] - Epoch: 429 | Loss: 0.0013 | Val - MRR: 0.3659, MR:  163.45, H@1: 0.274, H@3: 0.400, H@10: 0.551 | 
[2026-04-16 13:56:46,412][root][INFO] - Epoch: 430 | Loss: 0.0013 | Val - MRR: 0.3663, MR:  163.23, H@1: 0.275, H@3: 0.400, H@10: 0.551 | 
[2026-04-16 13:59:09,413][root][INFO] - Epoch: 431 | Loss: 0.0013 | Val - MRR: 0.3659, MR:  163.21, H@1: 0.274, H@3: 0.400, H@10: 0.552 | 
[2026-04-16 14:01:34,645][root][INFO] - Epoch: 432 | Loss: 0.0013 | Val - MRR: 0.3661, MR:  163.19, H@1: 0.274, H@3: 0.400, H@10: 0.553 | 
[2026-04-16 14:03:58,198][root][INFO] - Epoch: 433 | Loss: 0.0013 | Val - MRR: 0.3662, MR:  162.09, H@1: 0.274, H@3: 0.400, H@10: 0.552 | 
[2026-04-16 14:06:21,153][root][INFO] - Epoch: 434 | Loss: 0.0013 | Val - MRR: 0.3662, MR:  161.96, H@1: 0.274, H@3: 0.400, H@10: 0.553 | 
[2026-04-16 14:08:45,414][root][INFO] - Epoch: 435 | Loss: 0.0013 | Val - MRR: 0.3663, MR:  162.16, H@1: 0.274, H@3: 0.400, H@10: 0.552 | 
[2026-04-16 14:11:09,387][root][INFO] - Epoch: 436 | Loss: 0.0013 | Val - MRR: 0.3660, MR:  160.75, H@1: 0.274, H@3: 0.400, H@10: 0.552 | 
[2026-04-16 14:13:33,308][root][INFO] - Epoch: 437 | Loss: 0.0013 | Val - MRR: 0.3662, MR:  161.94, H@1: 0.274, H@3: 0.400, H@10: 0.552 | 
[2026-04-16 14:16:05,495][root][INFO] - Epoch: 438 | Loss: 0.0013 | Val - MRR: 0.3666, MR:  163.62, H@1: 0.275, H@3: 0.400, H@10: 0.552 | Test - MRR: 0.4186 | *
[2026-04-16 14:18:28,897][root][INFO] - Epoch: 439 | Loss: 0.0013 | Val - MRR: 0.3661, MR:  163.04, H@1: 0.274, H@3: 0.400, H@10: 0.552 | 
[2026-04-16 14:21:01,243][root][INFO] - Epoch: 440 | Loss: 0.0013 | Val - MRR: 0.3666, MR:  163.27, H@1: 0.275, H@3: 0.401, H@10: 0.552 | Test - MRR: 0.4147 | *
[2026-04-16 14:23:33,629][root][INFO] - Epoch: 441 | Loss: 0.0013 | Val - MRR: 0.3670, MR:  163.37, H@1: 0.275, H@3: 0.402, H@10: 0.554 | Test - MRR: 0.4154 | *
[2026-04-16 14:25:56,660][root][INFO] - Epoch: 442 | Loss: 0.0013 | Val - MRR: 0.3666, MR:  162.49, H@1: 0.275, H@3: 0.401, H@10: 0.553 | 
[2026-04-16 14:28:21,547][root][INFO] - Epoch: 443 | Loss: 0.0013 | Val - MRR: 0.3667, MR:  164.50, H@1: 0.275, H@3: 0.401, H@10: 0.553 | 
[2026-04-16 14:30:45,500][root][INFO] - Epoch: 444 | Loss: 0.0013 | Val - MRR: 0.3668, MR:  164.49, H@1: 0.275, H@3: 0.400, H@10: 0.553 | 
[2026-04-16 14:33:08,686][root][INFO] - Epoch: 445 | Loss: 0.0013 | Val - MRR: 0.3665, MR:  163.32, H@1: 0.275, H@3: 0.401, H@10: 0.553 | 
[2026-04-16 14:35:32,606][root][INFO] - Epoch: 446 | Loss: 0.0013 | Val - MRR: 0.3663, MR:  162.27, H@1: 0.274, H@3: 0.400, H@10: 0.553 | 
[2026-04-16 14:37:55,771][root][INFO] - Epoch: 447 | Loss: 0.0013 | Val - MRR: 0.3664, MR:  162.89, H@1: 0.274, H@3: 0.401, H@10: 0.553 | 
[2026-04-16 14:40:20,561][root][INFO] - Epoch: 448 | Loss: 0.0013 | Val - MRR: 0.3667, MR:  163.70, H@1: 0.275, H@3: 0.400, H@10: 0.553 | 
[2026-04-16 14:42:53,433][root][INFO] - Epoch: 449 | Loss: 0.0013 | Val - MRR: 0.3666, MR:  163.60, H@1: 0.275, H@3: 0.401, H@10: 0.553 | Test - MRR: 0.4234 | *
[2026-04-16 14:45:25,620][root][INFO] - Epoch: 450 | Loss: 0.0013 | Val - MRR: 0.3673, MR:  163.26, H@1: 0.276, H@3: 0.401, H@10: 0.554 | Test - MRR: 0.4175 | *
[2026-04-16 14:48:00,404][root][INFO] - Epoch: 451 | Loss: 0.0013 | Val - MRR: 0.3668, MR:  163.58, H@1: 0.275, H@3: 0.400, H@10: 0.552 | Test - MRR: 0.4236 | *
[2026-04-16 14:50:32,349][root][INFO] - Epoch: 452 | Loss: 0.0013 | Val - MRR: 0.3671, MR:  164.42, H@1: 0.275, H@3: 0.401, H@10: 0.553 | Test - MRR: 0.4171 | *
[2026-04-16 14:52:56,842][root][INFO] - Epoch: 453 | Loss: 0.0013 | Val - MRR: 0.3668, MR:  163.74, H@1: 0.275, H@3: 0.401, H@10: 0.552 | 
[2026-04-16 14:55:20,040][root][INFO] - Epoch: 454 | Loss: 0.0013 | Val - MRR: 0.3661, MR:  163.79, H@1: 0.274, H@3: 0.400, H@10: 0.552 | 
[2026-04-16 14:57:44,805][root][INFO] - Epoch: 455 | Loss: 0.0013 | Val - MRR: 0.3670, MR:  163.18, H@1: 0.275, H@3: 0.401, H@10: 0.552 | 
[2026-04-16 15:00:10,415][root][INFO] - Epoch: 456 | Loss: 0.0013 | Val - MRR: 0.3667, MR:  163.68, H@1: 0.274, H@3: 0.401, H@10: 0.552 | 
[2026-04-16 15:02:35,242][root][INFO] - Epoch: 457 | Loss: 0.0013 | Val - MRR: 0.3667, MR:  163.64, H@1: 0.275, H@3: 0.400, H@10: 0.552 | 
[2026-04-16 15:05:01,230][root][INFO] - Epoch: 458 | Loss: 0.0013 | Val - MRR: 0.3663, MR:  162.37, H@1: 0.274, H@3: 0.400, H@10: 0.552 | 
[2026-04-16 15:07:25,958][root][INFO] - Epoch: 459 | Loss: 0.0013 | Val - MRR: 0.3660, MR:  164.67, H@1: 0.274, H@3: 0.400, H@10: 0.553 | 
[2026-04-16 15:10:00,222][root][INFO] - Epoch: 460 | Loss: 0.0013 | Val - MRR: 0.3661, MR:  165.31, H@1: 0.274, H@3: 0.401, H@10: 0.551 | Test - MRR: 0.4262 | *
[2026-04-16 15:12:33,043][root][INFO] - Epoch: 461 | Loss: 0.0013 | Val - MRR: 0.3670, MR:  163.75, H@1: 0.275, H@3: 0.401, H@10: 0.552 | Test - MRR: 0.4225 | *
[2026-04-16 15:15:08,039][root][INFO] - Epoch: 462 | Loss: 0.0013 | Val - MRR: 0.3666, MR:  164.32, H@1: 0.275, H@3: 0.401, H@10: 0.553 | Test - MRR: 0.4280 | *
[2026-04-16 15:17:41,126][root][INFO] - Epoch: 463 | Loss: 0.0013 | Val - MRR: 0.3667, MR:  164.66, H@1: 0.275, H@3: 0.402, H@10: 0.553 | Test - MRR: 0.4268 | *
[2026-04-16 15:20:16,025][root][INFO] - Epoch: 464 | Loss: 0.0013 | Val - MRR: 0.3673, MR:  164.32, H@1: 0.275, H@3: 0.401, H@10: 0.553 | Test - MRR: 0.4250 | *
[2026-04-16 15:22:40,081][root][INFO] - Epoch: 465 | Loss: 0.0013 | Val - MRR: 0.3672, MR:  163.70, H@1: 0.276, H@3: 0.400, H@10: 0.552 | 
[2026-04-16 15:25:04,480][root][INFO] - Epoch: 466 | Loss: 0.0013 | Val - MRR: 0.3672, MR:  163.52, H@1: 0.275, H@3: 0.401, H@10: 0.552 | 
[2026-04-16 15:27:37,321][root][INFO] - Epoch: 467 | Loss: 0.0013 | Val - MRR: 0.3676, MR:  162.99, H@1: 0.276, H@3: 0.402, H@10: 0.553 | Test - MRR: 0.4208 | *
[2026-04-16 15:30:11,078][root][INFO] - Epoch: 468 | Loss: 0.0013 | Val - MRR: 0.3676, MR:  163.52, H@1: 0.276, H@3: 0.402, H@10: 0.552 | Test - MRR: 0.4198 | *
[2026-04-16 15:32:35,017][root][INFO] - Epoch: 469 | Loss: 0.0013 | Val - MRR: 0.3675, MR:  163.67, H@1: 0.276, H@3: 0.401, H@10: 0.553 | 
[2026-04-16 15:34:59,128][root][INFO] - Epoch: 470 | Loss: 0.0013 | Val - MRR: 0.3675, MR:  163.98, H@1: 0.276, H@3: 0.400, H@10: 0.554 | 
[2026-04-16 15:37:23,842][root][INFO] - Epoch: 471 | Loss: 0.0013 | Val - MRR: 0.3671, MR:  164.45, H@1: 0.275, H@3: 0.401, H@10: 0.553 | 
[2026-04-16 15:39:48,393][root][INFO] - Epoch: 472 | Loss: 0.0013 | Val - MRR: 0.3664, MR:  164.38, H@1: 0.275, H@3: 0.400, H@10: 0.551 | 
[2026-04-16 15:42:11,418][root][INFO] - Epoch: 473 | Loss: 0.0013 | Val - MRR: 0.3667, MR:  164.50, H@1: 0.275, H@3: 0.400, H@10: 0.552 | 
[2026-04-16 15:44:37,325][root][INFO] - Epoch: 474 | Loss: 0.0013 | Val - MRR: 0.3668, MR:  163.96, H@1: 0.275, H@3: 0.400, H@10: 0.553 | 
[2026-04-16 15:47:01,780][root][INFO] - Epoch: 475 | Loss: 0.0013 | Val - MRR: 0.3669, MR:  164.38, H@1: 0.276, H@3: 0.400, H@10: 0.552 | 
[2026-04-16 15:49:26,392][root][INFO] - Epoch: 476 | Loss: 0.0013 | Val - MRR: 0.3668, MR:  163.15, H@1: 0.275, H@3: 0.401, H@10: 0.552 | 
[2026-04-16 15:51:51,622][root][INFO] - Epoch: 477 | Loss: 0.0013 | Val - MRR: 0.3664, MR:  166.00, H@1: 0.275, H@3: 0.400, H@10: 0.551 | 
[2026-04-16 15:54:15,548][root][INFO] - Epoch: 478 | Loss: 0.0013 | Val - MRR: 0.3666, MR:  164.45, H@1: 0.275, H@3: 0.400, H@10: 0.551 | 
[2026-04-16 15:56:39,240][root][INFO] - Epoch: 479 | Loss: 0.0013 | Val - MRR: 0.3669, MR:  163.33, H@1: 0.275, H@3: 0.401, H@10: 0.551 | 
[2026-04-16 15:59:04,976][root][INFO] - Epoch: 480 | Loss: 0.0013 | Val - MRR: 0.3668, MR:  163.68, H@1: 0.275, H@3: 0.400, H@10: 0.552 | 
[2026-04-16 16:01:29,726][root][INFO] - Epoch: 481 | Loss: 0.0013 | Val - MRR: 0.3666, MR:  164.73, H@1: 0.275, H@3: 0.400, H@10: 0.551 | 
[2026-04-16 16:03:54,867][root][INFO] - Epoch: 482 | Loss: 0.0013 | Val - MRR: 0.3672, MR:  164.92, H@1: 0.275, H@3: 0.401, H@10: 0.553 | 
[2026-04-16 16:06:20,164][root][INFO] - Epoch: 483 | Loss: 0.0013 | Val - MRR: 0.3673, MR:  165.41, H@1: 0.275, H@3: 0.401, H@10: 0.553 | 
[2026-04-16 16:08:52,763][root][INFO] - Epoch: 484 | Loss: 0.0013 | Val - MRR: 0.3683, MR:  164.77, H@1: 0.276, H@3: 0.403, H@10: 0.553 | Test - MRR: 0.4281 | *
[2026-04-16 16:11:18,090][root][INFO] - Epoch: 485 | Loss: 0.0013 | Val - MRR: 0.3675, MR:  166.48, H@1: 0.275, H@3: 0.402, H@10: 0.553 | 
[2026-04-16 16:13:43,942][root][INFO] - Epoch: 486 | Loss: 0.0013 | Val - MRR: 0.3672, MR:  165.19, H@1: 0.275, H@3: 0.402, H@10: 0.553 | 
[2026-04-16 16:16:09,057][root][INFO] - Epoch: 487 | Loss: 0.0013 | Val - MRR: 0.3663, MR:  165.91, H@1: 0.274, H@3: 0.401, H@10: 0.553 | 
[2026-04-16 16:18:34,186][root][INFO] - Epoch: 488 | Loss: 0.0013 | Val - MRR: 0.3669, MR:  164.91, H@1: 0.275, H@3: 0.401, H@10: 0.553 | 
[2026-04-16 16:20:57,217][root][INFO] - Epoch: 489 | Loss: 0.0013 | Val - MRR: 0.3668, MR:  164.56, H@1: 0.274, H@3: 0.401, H@10: 0.552 | 
[2026-04-16 16:23:21,977][root][INFO] - Epoch: 490 | Loss: 0.0013 | Val - MRR: 0.3671, MR:  165.08, H@1: 0.275, H@3: 0.401, H@10: 0.553 | 
[2026-04-16 16:25:47,638][root][INFO] - Epoch: 491 | Loss: 0.0013 | Val - MRR: 0.3671, MR:  164.78, H@1: 0.275, H@3: 0.401, H@10: 0.553 | 
[2026-04-16 16:28:12,283][root][INFO] - Epoch: 492 | Loss: 0.0013 | Val - MRR: 0.3666, MR:  165.10, H@1: 0.274, H@3: 0.402, H@10: 0.553 | 
[2026-04-16 16:30:36,291][root][INFO] - Epoch: 493 | Loss: 0.0013 | Val - MRR: 0.3666, MR:  163.23, H@1: 0.274, H@3: 0.402, H@10: 0.552 | 
[2026-04-16 16:33:01,398][root][INFO] - Epoch: 494 | Loss: 0.0013 | Val - MRR: 0.3669, MR:  165.14, H@1: 0.274, H@3: 0.402, H@10: 0.553 | 
[2026-04-16 16:35:35,337][root][INFO] - Epoch: 495 | Loss: 0.0013 | Val - MRR: 0.3672, MR:  164.30, H@1: 0.274, H@3: 0.404, H@10: 0.554 | Test - MRR: 0.4281 | *
[2026-04-16 16:38:08,009][root][INFO] - Epoch: 496 | Loss: 0.0013 | Val - MRR: 0.3675, MR:  165.01, H@1: 0.275, H@3: 0.402, H@10: 0.554 | Test - MRR: 0.4235 | *
[2026-04-16 16:40:31,278][root][INFO] - Epoch: 497 | Loss: 0.0013 | Val - MRR: 0.3669, MR:  165.57, H@1: 0.274, H@3: 0.402, H@10: 0.553 | 
[2026-04-16 16:42:55,571][root][INFO] - Epoch: 498 | Loss: 0.0013 | Val - MRR: 0.3670, MR:  165.49, H@1: 0.275, H@3: 0.402, H@10: 0.553 | 
[2026-04-16 16:45:20,234][root][INFO] - Epoch: 499 | Loss: 0.0013 | Val - MRR: 0.3666, MR:  164.96, H@1: 0.274, H@3: 0.401, H@10: 0.553 | 
[2026-04-16 16:47:44,487][root][INFO] - Epoch: 500 | Loss: 0.0013 | Val - MRR: 0.3672, MR:  166.17, H@1: 0.275, H@3: 0.401, H@10: 0.553 | 
[2026-04-16 16:50:10,241][root][INFO] - Epoch: 501 | Loss: 0.0013 | Val - MRR: 0.3669, MR:  166.30, H@1: 0.275, H@3: 0.401, H@10: 0.554 | 
[2026-04-16 16:52:36,171][root][INFO] - Epoch: 502 | Loss: 0.0013 | Val - MRR: 0.3665, MR:  164.51, H@1: 0.274, H@3: 0.401, H@10: 0.553 | 
[2026-04-16 16:55:01,076][root][INFO] - Epoch: 503 | Loss: 0.0013 | Val - MRR: 0.3662, MR:  165.53, H@1: 0.273, H@3: 0.402, H@10: 0.554 | 
[2026-04-16 16:57:24,821][root][INFO] - Epoch: 504 | Loss: 0.0013 | Val - MRR: 0.3661, MR:  166.13, H@1: 0.273, H@3: 0.401, H@10: 0.553 | 
[2026-04-16 16:59:48,414][root][INFO] - Epoch: 505 | Loss: 0.0013 | Val - MRR: 0.3666, MR:  164.79, H@1: 0.274, H@3: 0.401, H@10: 0.553 | 
[2026-04-16 17:02:13,211][root][INFO] - Epoch: 506 | Loss: 0.0013 | Val - MRR: 0.3668, MR:  165.03, H@1: 0.274, H@3: 0.402, H@10: 0.552 | 
[2026-04-16 17:04:38,514][root][INFO] - Epoch: 507 | Loss: 0.0013 | Val - MRR: 0.3665, MR:  165.82, H@1: 0.274, H@3: 0.401, H@10: 0.553 | 
[2026-04-16 17:07:03,053][root][INFO] - Epoch: 508 | Loss: 0.0013 | Val - MRR: 0.3669, MR:  165.38, H@1: 0.274, H@3: 0.401, H@10: 0.554 | 
[2026-04-16 17:09:28,091][root][INFO] - Epoch: 509 | Loss: 0.0013 | Val - MRR: 0.3664, MR:  164.68, H@1: 0.274, H@3: 0.401, H@10: 0.552 | 
[2026-04-16 17:11:52,459][root][INFO] - Epoch: 510 | Loss: 0.0013 | Val - MRR: 0.3664, MR:  164.68, H@1: 0.274, H@3: 0.401, H@10: 0.553 | 
[2026-04-16 17:14:17,942][root][INFO] - Epoch: 511 | Loss: 0.0013 | Val - MRR: 0.3670, MR:  165.96, H@1: 0.274, H@3: 0.402, H@10: 0.553 | 
[2026-04-16 17:16:42,379][root][INFO] - Epoch: 512 | Loss: 0.0013 | Val - MRR: 0.3666, MR:  164.31, H@1: 0.274, H@3: 0.401, H@10: 0.553 | 
[2026-04-16 17:19:16,979][root][INFO] - Epoch: 513 | Loss: 0.0013 | Val - MRR: 0.3666, MR:  165.61, H@1: 0.274, H@3: 0.402, H@10: 0.553 | Test - MRR: 0.4283 | *
[2026-04-16 17:21:49,729][root][INFO] - Epoch: 514 | Loss: 0.0013 | Val - MRR: 0.3667, MR:  165.38, H@1: 0.274, H@3: 0.401, H@10: 0.554 | Test - MRR: 0.4242 | *
[2026-04-16 17:24:24,624][root][INFO] - Epoch: 515 | Loss: 0.0013 | Val - MRR: 0.3664, MR:  166.49, H@1: 0.274, H@3: 0.402, H@10: 0.553 | Test - MRR: 0.4285 | *
[2026-04-16 17:26:57,549][root][INFO] - Epoch: 516 | Loss: 0.0013 | Val - MRR: 0.3665, MR:  164.85, H@1: 0.274, H@3: 0.402, H@10: 0.553 | Test - MRR: 0.4271 | *
[2026-04-16 17:29:23,026][root][INFO] - Epoch: 517 | Loss: 0.0013 | Val - MRR: 0.3662, MR:  164.88, H@1: 0.273, H@3: 0.402, H@10: 0.553 | 
[2026-04-16 17:31:57,408][root][INFO] - Epoch: 518 | Loss: 0.0013 | Val - MRR: 0.3666, MR:  166.03, H@1: 0.274, H@3: 0.401, H@10: 0.554 | Test - MRR: 0.4308 | *
[2026-04-16 17:34:22,434][root][INFO] - Epoch: 519 | Loss: 0.0013 | Val - MRR: 0.3666, MR:  166.47, H@1: 0.274, H@3: 0.401, H@10: 0.554 | 
[2026-04-16 17:36:47,757][root][INFO] - Epoch: 520 | Loss: 0.0013 | Val - MRR: 0.3665, MR:  165.68, H@1: 0.274, H@3: 0.401, H@10: 0.554 | 
[2026-04-16 17:39:12,310][root][INFO] - Epoch: 521 | Loss: 0.0013 | Val - MRR: 0.3663, MR:  166.76, H@1: 0.274, H@3: 0.401, H@10: 0.553 | 
[2026-04-16 17:41:45,650][root][INFO] - Epoch: 522 | Loss: 0.0013 | Val - MRR: 0.3666, MR:  165.50, H@1: 0.274, H@3: 0.401, H@10: 0.553 | Test - MRR: 0.4275 | *
[2026-04-16 17:44:19,729][root][INFO] - Epoch: 523 | Loss: 0.0013 | Val - MRR: 0.3663, MR:  166.54, H@1: 0.273, H@3: 0.401, H@10: 0.554 | Test - MRR: 0.4316 | *
[2026-04-16 17:46:52,572][root][INFO] - Epoch: 524 | Loss: 0.0013 | Val - MRR: 0.3670, MR:  164.85, H@1: 0.274, H@3: 0.402, H@10: 0.554 | Test - MRR: 0.4283 | *
[2026-04-16 17:49:16,906][root][INFO] - Epoch: 525 | Loss: 0.0013 | Val - MRR: 0.3667, MR:  165.32, H@1: 0.274, H@3: 0.402, H@10: 0.553 | 
[2026-04-16 17:51:49,304][root][INFO] - Epoch: 526 | Loss: 0.0013 | Val - MRR: 0.3671, MR:  165.66, H@1: 0.275, H@3: 0.402, H@10: 0.553 | Test - MRR: 0.4285 | *
[2026-04-16 17:54:13,502][root][INFO] - Epoch: 527 | Loss: 0.0013 | Val - MRR: 0.3667, MR:  163.97, H@1: 0.274, H@3: 0.401, H@10: 0.553 | 
[2026-04-16 17:56:38,828][root][INFO] - Epoch: 528 | Loss: 0.0013 | Val - MRR: 0.3669, MR:  164.70, H@1: 0.274, H@3: 0.402, H@10: 0.554 | 
[2026-04-16 17:59:03,259][root][INFO] - Epoch: 529 | Loss: 0.0013 | Val - MRR: 0.3667, MR:  165.80, H@1: 0.274, H@3: 0.401, H@10: 0.553 | 
[2026-04-16 18:01:26,541][root][INFO] - Epoch: 530 | Loss: 0.0013 | Val - MRR: 0.3667, MR:  165.98, H@1: 0.274, H@3: 0.401, H@10: 0.553 | 
[2026-04-16 18:03:51,067][root][INFO] - Epoch: 531 | Loss: 0.0013 | Val - MRR: 0.3666, MR:  165.31, H@1: 0.274, H@3: 0.401, H@10: 0.553 | 
[2026-04-16 18:06:15,833][root][INFO] - Epoch: 532 | Loss: 0.0013 | Val - MRR: 0.3666, MR:  165.59, H@1: 0.274, H@3: 0.401, H@10: 0.554 | 
[2026-04-16 18:08:41,091][root][INFO] - Epoch: 533 | Loss: 0.0013 | Val - MRR: 0.3667, MR:  166.31, H@1: 0.274, H@3: 0.402, H@10: 0.553 | 
[2026-04-16 18:11:05,058][root][INFO] - Epoch: 534 | Loss: 0.0013 | Val - MRR: 0.3666, MR:  166.30, H@1: 0.274, H@3: 0.402, H@10: 0.553 | 
[2026-04-16 18:13:30,099][root][INFO] - Epoch: 535 | Loss: 0.0013 | Val - MRR: 0.3666, MR:  165.92, H@1: 0.274, H@3: 0.401, H@10: 0.553 | 
[2026-04-16 18:15:54,082][root][INFO] - Epoch: 536 | Loss: 0.0013 | Val - MRR: 0.3668, MR:  166.61, H@1: 0.274, H@3: 0.402, H@10: 0.552 | 
[2026-04-16 18:18:18,754][root][INFO] - Epoch: 537 | Loss: 0.0013 | Val - MRR: 0.3670, MR:  166.28, H@1: 0.275, H@3: 0.402, H@10: 0.553 | 
[2026-04-16 18:20:43,782][root][INFO] - Epoch: 538 | Loss: 0.0013 | Val - MRR: 0.3668, MR:  166.24, H@1: 0.274, H@3: 0.401, H@10: 0.553 | 
[2026-04-16 18:23:08,966][root][INFO] - Epoch: 539 | Loss: 0.0013 | Val - MRR: 0.3661, MR:  166.12, H@1: 0.273, H@3: 0.402, H@10: 0.552 | 
[2026-04-16 18:25:31,767][root][INFO] - Epoch: 540 | Loss: 0.0013 | Val - MRR: 0.3665, MR:  166.05, H@1: 0.274, H@3: 0.401, H@10: 0.552 | 
[2026-04-16 18:27:55,477][root][INFO] - Epoch: 541 | Loss: 0.0013 | Val - MRR: 0.3665, MR:  166.07, H@1: 0.274, H@3: 0.402, H@10: 0.554 | 
[2026-04-16 18:30:20,806][root][INFO] - Epoch: 542 | Loss: 0.0013 | Val - MRR: 0.3664, MR:  166.15, H@1: 0.274, H@3: 0.401, H@10: 0.553 | 
[2026-04-16 18:32:46,658][root][INFO] - Epoch: 543 | Loss: 0.0013 | Val - MRR: 0.3662, MR:  166.58, H@1: 0.274, H@3: 0.401, H@10: 0.553 | 
[2026-04-16 18:35:11,761][root][INFO] - Epoch: 544 | Loss: 0.0013 | Val - MRR: 0.3665, MR:  166.34, H@1: 0.274, H@3: 0.401, H@10: 0.552 | 
[2026-04-16 18:37:36,943][root][INFO] - Epoch: 545 | Loss: 0.0013 | Val - MRR: 0.3662, MR:  166.17, H@1: 0.274, H@3: 0.401, H@10: 0.552 | 
[2026-04-16 18:40:01,923][root][INFO] - Epoch: 546 | Loss: 0.0013 | Val - MRR: 0.3664, MR:  166.08, H@1: 0.274, H@3: 0.400, H@10: 0.552 | 
[2026-04-16 18:42:27,243][root][INFO] - Epoch: 547 | Loss: 0.0013 | Val - MRR: 0.3663, MR:  166.29, H@1: 0.274, H@3: 0.400, H@10: 0.552 | 
[2026-04-16 18:44:50,962][root][INFO] - Epoch: 548 | Loss: 0.0013 | Val - MRR: 0.3669, MR:  165.81, H@1: 0.275, H@3: 0.401, H@10: 0.552 | 
[2026-04-16 18:47:14,544][root][INFO] - Epoch: 549 | Loss: 0.0013 | Val - MRR: 0.3669, MR:  165.83, H@1: 0.275, H@3: 0.401, H@10: 0.552 | 
[2026-04-16 18:49:38,871][root][INFO] - Epoch: 550 | Loss: 0.0013 | Val - MRR: 0.3670, MR:  166.02, H@1: 0.275, H@3: 0.401, H@10: 0.552 | 
[2026-04-16 18:52:04,787][root][INFO] - Epoch: 551 | Loss: 0.0013 | Val - MRR: 0.3666, MR:  166.07, H@1: 0.274, H@3: 0.401, H@10: 0.553 | 
[2026-04-16 18:54:31,452][root][INFO] - Epoch: 552 | Loss: 0.0013 | Val - MRR: 0.3662, MR:  166.96, H@1: 0.273, H@3: 0.401, H@10: 0.552 | 
[2026-04-16 18:56:56,443][root][INFO] - Epoch: 553 | Loss: 0.0013 | Val - MRR: 0.3668, MR:  166.49, H@1: 0.275, H@3: 0.401, H@10: 0.552 | 
[2026-04-16 18:59:21,321][root][INFO] - Epoch: 554 | Loss: 0.0013 | Val - MRR: 0.3664, MR:  166.67, H@1: 0.274, H@3: 0.401, H@10: 0.552 | 
[2026-04-16 19:01:45,715][root][INFO] - Epoch: 555 | Loss: 0.0013 | Val - MRR: 0.3666, MR:  166.89, H@1: 0.274, H@3: 0.401, H@10: 0.552 | 
[2026-04-16 19:04:11,160][root][INFO] - Epoch: 556 | Loss: 0.0013 | Val - MRR: 0.3666, MR:  166.49, H@1: 0.275, H@3: 0.401, H@10: 0.552 | 
[2026-04-16 19:06:37,627][root][INFO] - Epoch: 557 | Loss: 0.0013 | Val - MRR: 0.3663, MR:  166.70, H@1: 0.274, H@3: 0.401, H@10: 0.552 | 
[2026-04-16 19:09:04,388][root][INFO] - Epoch: 558 | Loss: 0.0013 | Val - MRR: 0.3663, MR:  168.19, H@1: 0.274, H@3: 0.401, H@10: 0.553 | 
[2026-04-16 19:11:30,998][root][INFO] - Epoch: 559 | Loss: 0.0013 | Val - MRR: 0.3664, MR:  167.38, H@1: 0.274, H@3: 0.401, H@10: 0.552 | 
[2026-04-16 19:13:58,629][root][INFO] - Epoch: 560 | Loss: 0.0013 | Val - MRR: 0.3663, MR:  167.19, H@1: 0.274, H@3: 0.400, H@10: 0.553 | 
[2026-04-16 19:16:25,172][root][INFO] - Epoch: 561 | Loss: 0.0013 | Val - MRR: 0.3667, MR:  166.80, H@1: 0.274, H@3: 0.401, H@10: 0.553 | 
[2026-04-16 19:18:52,140][root][INFO] - Epoch: 562 | Loss: 0.0013 | Val - MRR: 0.3664, MR:  166.86, H@1: 0.274, H@3: 0.401, H@10: 0.553 | 
[2026-04-16 19:18:52,140][root][INFO] - Long time no improvenment, stop training...
[2026-04-16 19:18:52,140][root][INFO] - Training end...
[2026-04-16 19:18:52,473][root][INFO] - ✅ 成功加载最优模型：/home/wangwei/DSGNet-main/DSGNet/model_checkpoints/best_model_FB15k_237_20260416_174409.torch
[2026-04-16 19:18:52,474][root][INFO] - 📌 最优模型来自Epoch：523，最优MRR：0.4316
[2026-04-16 19:18:52,474][root][INFO] - Train metrics ...
[2026-04-16 19:20:07,731][root][INFO] - Train (head) - MRR: 0.6980, MR:    6.91, H@1: 0.588, H@3: 0.775, H@10: 0.894
[2026-04-16 19:20:07,732][root][INFO] - Train (tail) - MRR: 0.7771, MR:    4.16, H@1: 0.683, H@3: 0.847, H@10: 0.938
[2026-04-16 19:20:07,732][root][INFO] - Train (avg) - MRR: 0.7375, MR:    5.53, H@1: 0.636, H@3: 0.811, H@10: 0.916

[2026-04-16 19:20:07,732][root][INFO] - Valid metrics ...
[2026-04-16 19:20:23,704][root][INFO] - Valid (head) - MRR: 0.2675, MR:  220.08, H@1: 0.177, H@3: 0.295, H@10: 0.451
[2026-04-16 19:20:23,705][root][INFO] - Valid (tail) - MRR: 0.4651, MR:  113.00, H@1: 0.370, H@3: 0.507, H@10: 0.657
[2026-04-16 19:20:23,705][root][INFO] - Valid (avg) - MRR: 0.3663, MR:  166.54, H@1: 0.273, H@3: 0.401, H@10: 0.554

[2026-04-16 19:20:23,705][root][INFO] - Test metrics...
[2026-04-16 19:20:31,642][root][INFO] - Test (head) - MRR: 0.4425, MR:  215.61, H@1: 0.359, H@3: 0.474, H@10: 0.604
[2026-04-16 19:20:31,643][root][INFO] - Test (tail) - MRR: 0.4207, MR:  233.90, H@1: 0.333, H@3: 0.469, H@10: 0.583
[2026-04-16 19:20:31,643][root][INFO] - Test (avg) - MRR: 0.4316, MR:  224.75, H@1: 0.346, H@3: 0.471, H@10: 0.594

[2026-04-16 19:20:31,643][root][INFO] - Model save path: /home/wangwei/DSGNet-main/DSGNet/data/output/FB15k_237/2026-04-15/20-16-59
