[2026-03-06 21:26:35,961][root][INFO] - 
------Config------
 {'dataset': 'FB15k_237', 'epoch': 600, 'batch_size': 1024, 'learning_rate': 0.00035, 'h_dim': 480, 'pred_rel_w': False, 'label_smooth': 0.1, 'n_heads': 8, 'topk': 15, 'kg_layer': 2, 'rm_rate': 0.5, 'ent_drop': 0.3, 'rel_drop': 0.1, 'comp_op': 'mul', 'bn': False, 'k_h': 16, 'k_w': 30, 'conv_drop': 0.3, 'ent_drop_pred': 0.3, 'fc_drop': 0.5, 'ker_sz': 8, 'out_channel': 200, 'device': 0, 'max_no_improve': 45, 'cpu_worker_num': 10, 'warmup_epoch': 5}
[2026-03-06 21:26:35,961][root][INFO] - Code dir path: /home/wangwei/DSGNet-main/DSGNet/code_new
[2026-03-06 21:26:35,961][root][INFO] - Config dir path: /home/wangwei/DSGNet-main/DSGNet/config
[2026-03-06 21:26:35,961][root][INFO] - Model save path: /home/wangwei/DSGNet-main/DSGNet/data/output/FB15k_237/2026-03-06/21-26-35
[2026-03-06 21:26:39,761][root][INFO] - kg # node: 14541
[2026-03-06 21:26:39,762][root][INFO] - kg # edge: 544230
[2026-03-06 21:26:39,762][root][INFO] - kg # zero deg node: 36
[2026-03-06 21:26:39,762][root][INFO] - ---Load Train Data---
[2026-03-06 21:26:42,188][root][INFO] - -----Model Parameter Configuration-----
[2026-03-06 21:26:42,189][root][INFO] - Parameter ent_emb: torch.Size([14541, 480]), require_grad = True
[2026-03-06 21:26:42,189][root][INFO] - Parameter pred_rel_emb: torch.Size([474, 480]), require_grad = True
[2026-03-06 21:26:42,189][root][INFO] - Parameter W_fuse: torch.Size([480, 480]), require_grad = True
[2026-03-06 21:26:42,189][root][INFO] - Parameter a_fuse: torch.Size([960, 1]), require_grad = True
[2026-03-06 21:26:42,189][root][INFO] - Parameter rel_embs.0: torch.Size([474, 480]), require_grad = True
[2026-03-06 21:26:42,189][root][INFO] - Parameter rel_embs.1: torch.Size([474, 480]), require_grad = True
[2026-03-06 21:26:42,189][root][INFO] - Parameter predictor.bn0.weight: torch.Size([1]), require_grad = True
[2026-03-06 21:26:42,189][root][INFO] - Parameter predictor.bn0.bias: torch.Size([1]), require_grad = True
[2026-03-06 21:26:42,189][root][INFO] - Parameter predictor.bn1.weight: torch.Size([200]), require_grad = True
[2026-03-06 21:26:42,189][root][INFO] - Parameter predictor.bn1.bias: torch.Size([200]), require_grad = True
[2026-03-06 21:26:42,189][root][INFO] - Parameter predictor.bn2.weight: torch.Size([480]), require_grad = True
[2026-03-06 21:26:42,189][root][INFO] - Parameter predictor.bn2.bias: torch.Size([480]), require_grad = True
[2026-03-06 21:26:42,189][root][INFO] - Parameter predictor.conv.weight: torch.Size([200, 1, 8, 8]), require_grad = True
[2026-03-06 21:26:42,189][root][INFO] - Parameter predictor.fc.weight: torch.Size([480, 115000]), require_grad = True
[2026-03-06 21:26:42,189][root][INFO] - Parameter L.weight: torch.Size([480, 480]), require_grad = True
[2026-03-06 21:26:42,189][root][INFO] - Parameter L.bias: torch.Size([480]), require_grad = True
[2026-03-06 21:26:42,189][root][INFO] - Parameter S.weight: torch.Size([480, 480]), require_grad = True
[2026-03-06 21:26:42,190][root][INFO] - Parameter S.bias: torch.Size([480]), require_grad = True
[2026-03-06 21:26:42,190][root][INFO] - Parameter comp_layers.0.neigh_w: torch.Size([480, 480]), require_grad = True
[2026-03-06 21:26:42,190][root][INFO] - Parameter comp_layers.0.W.0: torch.Size([480, 60]), require_grad = True
[2026-03-06 21:26:42,190][root][INFO] - Parameter comp_layers.0.W.1: torch.Size([480, 60]), require_grad = True
[2026-03-06 21:26:42,190][root][INFO] - Parameter comp_layers.0.W.2: torch.Size([480, 60]), require_grad = True
[2026-03-06 21:26:42,190][root][INFO] - Parameter comp_layers.0.W.3: torch.Size([480, 60]), require_grad = True
[2026-03-06 21:26:42,190][root][INFO] - Parameter comp_layers.0.W.4: torch.Size([480, 60]), require_grad = True
[2026-03-06 21:26:42,190][root][INFO] - Parameter comp_layers.0.W.5: torch.Size([480, 60]), require_grad = True
[2026-03-06 21:26:42,190][root][INFO] - Parameter comp_layers.0.W.6: torch.Size([480, 60]), require_grad = True
[2026-03-06 21:26:42,190][root][INFO] - Parameter comp_layers.0.W.7: torch.Size([480, 60]), require_grad = True
[2026-03-06 21:26:42,190][root][INFO] - Parameter comp_layers.0.W_r.0: torch.Size([480, 60]), require_grad = True
[2026-03-06 21:26:42,190][root][INFO] - Parameter comp_layers.0.W_r.1: torch.Size([480, 60]), require_grad = True
[2026-03-06 21:26:42,190][root][INFO] - Parameter comp_layers.0.W_r.2: torch.Size([480, 60]), require_grad = True
[2026-03-06 21:26:42,190][root][INFO] - Parameter comp_layers.0.W_r.3: torch.Size([480, 60]), require_grad = True
[2026-03-06 21:26:42,190][root][INFO] - Parameter comp_layers.0.W_r.4: torch.Size([480, 60]), require_grad = True
[2026-03-06 21:26:42,190][root][INFO] - Parameter comp_layers.0.W_r.5: torch.Size([480, 60]), require_grad = True
[2026-03-06 21:26:42,190][root][INFO] - Parameter comp_layers.0.W_r.6: torch.Size([480, 60]), require_grad = True
[2026-03-06 21:26:42,190][root][INFO] - Parameter comp_layers.0.W_r.7: torch.Size([480, 60]), require_grad = True
[2026-03-06 21:26:42,190][root][INFO] - Parameter comp_layers.0.a.0: torch.Size([180, 1]), require_grad = True
[2026-03-06 21:26:42,190][root][INFO] - Parameter comp_layers.0.a.1: torch.Size([180, 1]), require_grad = True
[2026-03-06 21:26:42,190][root][INFO] - Parameter comp_layers.0.a.2: torch.Size([180, 1]), require_grad = True
[2026-03-06 21:26:42,190][root][INFO] - Parameter comp_layers.0.a.3: torch.Size([180, 1]), require_grad = True
[2026-03-06 21:26:42,190][root][INFO] - Parameter comp_layers.0.a.4: torch.Size([180, 1]), require_grad = True
[2026-03-06 21:26:42,190][root][INFO] - Parameter comp_layers.0.a.5: torch.Size([180, 1]), require_grad = True
[2026-03-06 21:26:42,191][root][INFO] - Parameter comp_layers.0.a.6: torch.Size([180, 1]), require_grad = True
[2026-03-06 21:26:42,191][root][INFO] - Parameter comp_layers.0.a.7: torch.Size([180, 1]), require_grad = True
[2026-03-06 21:26:42,191][root][INFO] - Parameter comp_layers.1.neigh_w: torch.Size([480, 480]), require_grad = True
[2026-03-06 21:26:42,191][root][INFO] - Parameter comp_layers.1.W.0: torch.Size([480, 60]), require_grad = True
[2026-03-06 21:26:42,191][root][INFO] - Parameter comp_layers.1.W.1: torch.Size([480, 60]), require_grad = True
[2026-03-06 21:26:42,191][root][INFO] - Parameter comp_layers.1.W.2: torch.Size([480, 60]), require_grad = True
[2026-03-06 21:26:42,191][root][INFO] - Parameter comp_layers.1.W.3: torch.Size([480, 60]), require_grad = True
[2026-03-06 21:26:42,191][root][INFO] - Parameter comp_layers.1.W.4: torch.Size([480, 60]), require_grad = True
[2026-03-06 21:26:42,191][root][INFO] - Parameter comp_layers.1.W.5: torch.Size([480, 60]), require_grad = True
[2026-03-06 21:26:42,191][root][INFO] - Parameter comp_layers.1.W.6: torch.Size([480, 60]), require_grad = True
[2026-03-06 21:26:42,191][root][INFO] - Parameter comp_layers.1.W.7: torch.Size([480, 60]), require_grad = True
[2026-03-06 21:26:42,191][root][INFO] - Parameter comp_layers.1.W_r.0: torch.Size([480, 60]), require_grad = True
[2026-03-06 21:26:42,191][root][INFO] - Parameter comp_layers.1.W_r.1: torch.Size([480, 60]), require_grad = True
[2026-03-06 21:26:42,191][root][INFO] - Parameter comp_layers.1.W_r.2: torch.Size([480, 60]), require_grad = True
[2026-03-06 21:26:42,191][root][INFO] - Parameter comp_layers.1.W_r.3: torch.Size([480, 60]), require_grad = True
[2026-03-06 21:26:42,191][root][INFO] - Parameter comp_layers.1.W_r.4: torch.Size([480, 60]), require_grad = True
[2026-03-06 21:26:42,191][root][INFO] - Parameter comp_layers.1.W_r.5: torch.Size([480, 60]), require_grad = True
[2026-03-06 21:26:42,191][root][INFO] - Parameter comp_layers.1.W_r.6: torch.Size([480, 60]), require_grad = True
[2026-03-06 21:26:42,191][root][INFO] - Parameter comp_layers.1.W_r.7: torch.Size([480, 60]), require_grad = True
[2026-03-06 21:26:42,191][root][INFO] - Parameter comp_layers.1.a.0: torch.Size([180, 1]), require_grad = True
[2026-03-06 21:26:42,191][root][INFO] - Parameter comp_layers.1.a.1: torch.Size([180, 1]), require_grad = True
[2026-03-06 21:26:42,191][root][INFO] - Parameter comp_layers.1.a.2: torch.Size([180, 1]), require_grad = True
[2026-03-06 21:26:42,191][root][INFO] - Parameter comp_layers.1.a.3: torch.Size([180, 1]), require_grad = True
[2026-03-06 21:26:42,191][root][INFO] - Parameter comp_layers.1.a.4: torch.Size([180, 1]), require_grad = True
[2026-03-06 21:26:42,191][root][INFO] - Parameter comp_layers.1.a.5: torch.Size([180, 1]), require_grad = True
[2026-03-06 21:26:42,192][root][INFO] - Parameter comp_layers.1.a.6: torch.Size([180, 1]), require_grad = True
[2026-03-06 21:26:42,192][root][INFO] - Parameter comp_layers.1.a.7: torch.Size([180, 1]), require_grad = True
[2026-03-06 21:26:43,085][root][INFO] - Training... total epoch: 600, step: 88200
[2026-03-06 21:29:18,224][root][INFO] - Epoch:   0 | Loss: 0.6231 | Val - MRR: 0.0200, MR: 6276.34, H@1: 0.010, H@3: 0.024, H@10: 0.038 | Test - MRR: 0.0196 | *
[2026-03-06 21:31:52,072][root][INFO] - Epoch:   1 | Loss: 0.2589 | Val - MRR: 0.0266, MR: 5998.17, H@1: 0.010, H@3: 0.030, H@10: 0.058 | Test - MRR: 0.0259 | *
[2026-03-06 21:34:25,776][root][INFO] - Epoch:   2 | Loss: 0.0791 | Val - MRR: 0.0274, MR: 5783.61, H@1: 0.010, H@3: 0.032, H@10: 0.060 | Test - MRR: 0.0267 | *
[2026-03-06 21:37:01,387][root][INFO] - Epoch:   3 | Loss: 0.0315 | Val - MRR: 0.0298, MR: 5518.31, H@1: 0.010, H@3: 0.033, H@10: 0.061 | Test - MRR: 0.0293 | *
[2026-03-06 21:39:19,121][root][INFO] - Epoch:   4 | Loss: 0.0162 | Val - MRR: 0.0294, MR: 5254.83, H@1: 0.010, H@3: 0.032, H@10: 0.064 | 
[2026-03-06 21:41:53,991][root][INFO] - Epoch:   5 | Loss: 0.0100 | Val - MRR: 0.0304, MR: 4975.51, H@1: 0.010, H@3: 0.033, H@10: 0.064 | Test - MRR: 0.0301 | *
[2026-03-06 21:44:30,177][root][INFO] - Epoch:   6 | Loss: 0.0073 | Val - MRR: 0.0327, MR: 4726.56, H@1: 0.010, H@3: 0.044, H@10: 0.065 | Test - MRR: 0.0325 | *
[2026-03-06 21:47:09,407][root][INFO] - Epoch:   7 | Loss: 0.0059 | Val - MRR: 0.0395, MR: 4509.39, H@1: 0.019, H@3: 0.057, H@10: 0.066 | Test - MRR: 0.0396 | *
[2026-03-06 21:49:49,081][root][INFO] - Epoch:   8 | Loss: 0.0050 | Val - MRR: 0.0425, MR: 4315.65, H@1: 0.023, H@3: 0.056, H@10: 0.074 | Test - MRR: 0.0427 | *
[2026-03-06 21:52:27,036][root][INFO] - Epoch:   9 | Loss: 0.0045 | Val - MRR: 0.0448, MR: 4136.10, H@1: 0.025, H@3: 0.058, H@10: 0.075 | Test - MRR: 0.0449 | *
[2026-03-06 21:55:05,496][root][INFO] - Epoch:  10 | Loss: 0.0040 | Val - MRR: 0.0473, MR: 3990.61, H@1: 0.028, H@3: 0.058, H@10: 0.078 | Test - MRR: 0.0479 | *
[2026-03-06 21:57:43,621][root][INFO] - Epoch:  11 | Loss: 0.0038 | Val - MRR: 0.0510, MR: 3836.84, H@1: 0.029, H@3: 0.060, H@10: 0.085 | Test - MRR: 0.0515 | *
[2026-03-06 22:00:21,244][root][INFO] - Epoch:  12 | Loss: 0.0035 | Val - MRR: 0.0550, MR: 3711.75, H@1: 0.029, H@3: 0.065, H@10: 0.092 | Test - MRR: 0.0553 | *
[2026-03-06 22:02:57,352][root][INFO] - Epoch:  13 | Loss: 0.0034 | Val - MRR: 0.0711, MR: 3601.30, H@1: 0.056, H@3: 0.068, H@10: 0.099 | Test - MRR: 0.0708 | *
[2026-03-06 22:05:32,951][root][INFO] - Epoch:  14 | Loss: 0.0032 | Val - MRR: 0.0752, MR: 3500.72, H@1: 0.057, H@3: 0.075, H@10: 0.105 | Test - MRR: 0.0746 | *
[2026-03-06 22:08:08,511][root][INFO] - Epoch:  15 | Loss: 0.0031 | Val - MRR: 0.0797, MR: 3408.24, H@1: 0.062, H@3: 0.079, H@10: 0.114 | Test - MRR: 0.0789 | *
[2026-03-06 22:10:43,831][root][INFO] - Epoch:  16 | Loss: 0.0031 | Val - MRR: 0.0874, MR: 3326.41, H@1: 0.068, H@3: 0.089, H@10: 0.126 | Test - MRR: 0.0859 | *
[2026-03-06 22:13:18,844][root][INFO] - Epoch:  17 | Loss: 0.0029 | Val - MRR: 0.0938, MR: 3241.74, H@1: 0.072, H@3: 0.094, H@10: 0.135 | Test - MRR: 0.0923 | *
[2026-03-06 22:15:53,424][root][INFO] - Epoch:  18 | Loss: 0.0028 | Val - MRR: 0.1089, MR: 3172.93, H@1: 0.088, H@3: 0.110, H@10: 0.147 | Test - MRR: 0.1074 | *
[2026-03-06 22:18:27,741][root][INFO] - Epoch:  19 | Loss: 0.0028 | Val - MRR: 0.1191, MR: 3101.43, H@1: 0.097, H@3: 0.123, H@10: 0.161 | Test - MRR: 0.1177 | *
[2026-03-06 22:21:01,210][root][INFO] - Epoch:  20 | Loss: 0.0028 | Val - MRR: 0.1288, MR: 3034.90, H@1: 0.105, H@3: 0.134, H@10: 0.170 | Test - MRR: 0.1270 | *
[2026-03-06 22:23:34,541][root][INFO] - Epoch:  21 | Loss: 0.0027 | Val - MRR: 0.1375, MR: 2969.23, H@1: 0.113, H@3: 0.143, H@10: 0.183 | Test - MRR: 0.1366 | *
[2026-03-06 22:26:10,069][root][INFO] - Epoch:  22 | Loss: 0.0027 | Val - MRR: 0.1438, MR: 2921.21, H@1: 0.117, H@3: 0.151, H@10: 0.196 | Test - MRR: 0.1431 | *
[2026-03-06 22:28:44,477][root][INFO] - Epoch:  23 | Loss: 0.0026 | Val - MRR: 0.1491, MR: 2849.43, H@1: 0.119, H@3: 0.157, H@10: 0.207 | Test - MRR: 0.1487 | *
[2026-03-06 22:31:18,944][root][INFO] - Epoch:  24 | Loss: 0.0025 | Val - MRR: 0.1539, MR: 2790.14, H@1: 0.122, H@3: 0.163, H@10: 0.215 | Test - MRR: 0.1531 | *
[2026-03-06 22:33:53,221][root][INFO] - Epoch:  25 | Loss: 0.0026 | Val - MRR: 0.1582, MR: 2732.12, H@1: 0.124, H@3: 0.171, H@10: 0.227 | Test - MRR: 0.1582 | *
[2026-03-06 22:36:26,645][root][INFO] - Epoch:  26 | Loss: 0.0025 | Val - MRR: 0.1653, MR: 2665.79, H@1: 0.129, H@3: 0.178, H@10: 0.236 | Test - MRR: 0.1646 | *
[2026-03-06 22:39:00,957][root][INFO] - Epoch:  27 | Loss: 0.0025 | Val - MRR: 0.1696, MR: 2598.56, H@1: 0.131, H@3: 0.184, H@10: 0.243 | Test - MRR: 0.1688 | *
[2026-03-06 22:41:33,974][root][INFO] - Epoch:  28 | Loss: 0.0025 | Val - MRR: 0.1752, MR: 2546.96, H@1: 0.135, H@3: 0.191, H@10: 0.253 | Test - MRR: 0.1747 | *
[2026-03-06 22:44:07,480][root][INFO] - Epoch:  29 | Loss: 0.0024 | Val - MRR: 0.1792, MR: 2486.23, H@1: 0.137, H@3: 0.197, H@10: 0.260 | Test - MRR: 0.1792 | *
[2026-03-06 22:46:39,677][root][INFO] - Epoch:  30 | Loss: 0.0024 | Val - MRR: 0.1870, MR: 2412.21, H@1: 0.145, H@3: 0.202, H@10: 0.271 | Test - MRR: 0.1862 | *
[2026-03-06 22:49:10,754][root][INFO] - Epoch:  31 | Loss: 0.0024 | Val - MRR: 0.1912, MR: 2335.54, H@1: 0.147, H@3: 0.206, H@10: 0.279 | Test - MRR: 0.1903 | *
[2026-03-06 22:51:39,191][root][INFO] - Epoch:  32 | Loss: 0.0024 | Val - MRR: 0.1966, MR: 2263.47, H@1: 0.151, H@3: 0.212, H@10: 0.286 | Test - MRR: 0.1955 | *
[2026-03-06 22:54:07,245][root][INFO] - Epoch:  33 | Loss: 0.0023 | Val - MRR: 0.1999, MR: 2184.60, H@1: 0.153, H@3: 0.217, H@10: 0.294 | Test - MRR: 0.1983 | *
[2026-03-06 22:56:35,099][root][INFO] - Epoch:  34 | Loss: 0.0023 | Val - MRR: 0.2037, MR: 2098.67, H@1: 0.155, H@3: 0.222, H@10: 0.301 | Test - MRR: 0.2024 | *
[2026-03-06 22:59:02,291][root][INFO] - Epoch:  35 | Loss: 0.0023 | Val - MRR: 0.2066, MR: 2013.05, H@1: 0.156, H@3: 0.225, H@10: 0.306 | Test - MRR: 0.2052 | *
[2026-03-06 23:01:28,999][root][INFO] - Epoch:  36 | Loss: 0.0023 | Val - MRR: 0.2089, MR: 1922.33, H@1: 0.157, H@3: 0.228, H@10: 0.311 | Test - MRR: 0.2073 | *
[2026-03-06 23:03:54,640][root][INFO] - Epoch:  37 | Loss: 0.0022 | Val - MRR: 0.2116, MR: 1823.07, H@1: 0.159, H@3: 0.230, H@10: 0.315 | Test - MRR: 0.2095 | *
[2026-03-06 23:06:20,436][root][INFO] - Epoch:  38 | Loss: 0.0022 | Val - MRR: 0.2117, MR: 1739.34, H@1: 0.157, H@3: 0.231, H@10: 0.319 | Test - MRR: 0.2106 | *
[2026-03-06 23:08:46,451][root][INFO] - Epoch:  39 | Loss: 0.0022 | Val - MRR: 0.2162, MR: 1637.30, H@1: 0.162, H@3: 0.235, H@10: 0.322 | Test - MRR: 0.2137 | *
[2026-03-06 23:11:12,260][root][INFO] - Epoch:  40 | Loss: 0.0022 | Val - MRR: 0.2176, MR: 1537.27, H@1: 0.162, H@3: 0.236, H@10: 0.326 | Test - MRR: 0.2156 | *
[2026-03-06 23:13:38,268][root][INFO] - Epoch:  41 | Loss: 0.0022 | Val - MRR: 0.2185, MR: 1449.79, H@1: 0.162, H@3: 0.238, H@10: 0.329 | Test - MRR: 0.2171 | *
[2026-03-06 23:16:03,149][root][INFO] - Epoch:  42 | Loss: 0.0022 | Val - MRR: 0.2216, MR: 1375.90, H@1: 0.165, H@3: 0.239, H@10: 0.332 | Test - MRR: 0.2190 | *
[2026-03-06 23:18:28,892][root][INFO] - Epoch:  43 | Loss: 0.0021 | Val - MRR: 0.2229, MR: 1291.75, H@1: 0.166, H@3: 0.242, H@10: 0.336 | Test - MRR: 0.2205 | *
[2026-03-06 23:20:55,674][root][INFO] - Epoch:  44 | Loss: 0.0021 | Val - MRR: 0.2238, MR: 1209.96, H@1: 0.166, H@3: 0.242, H@10: 0.338 | Test - MRR: 0.2214 | *
[2026-03-06 23:23:20,090][root][INFO] - Epoch:  45 | Loss: 0.0021 | Val - MRR: 0.2252, MR: 1136.91, H@1: 0.167, H@3: 0.243, H@10: 0.341 | Test - MRR: 0.2228 | *
[2026-03-06 23:25:44,959][root][INFO] - Epoch:  46 | Loss: 0.0021 | Val - MRR: 0.2269, MR: 1079.39, H@1: 0.168, H@3: 0.247, H@10: 0.343 | Test - MRR: 0.2250 | *
[2026-03-06 23:28:10,416][root][INFO] - Epoch:  47 | Loss: 0.0020 | Val - MRR: 0.2281, MR: 1007.29, H@1: 0.168, H@3: 0.248, H@10: 0.345 | Test - MRR: 0.2260 | *
[2026-03-06 23:30:34,515][root][INFO] - Epoch:  48 | Loss: 0.0020 | Val - MRR: 0.2293, MR:  943.93, H@1: 0.169, H@3: 0.248, H@10: 0.347 | Test - MRR: 0.2273 | *
[2026-03-06 23:32:58,624][root][INFO] - Epoch:  49 | Loss: 0.0020 | Val - MRR: 0.2297, MR:  878.13, H@1: 0.168, H@3: 0.250, H@10: 0.350 | Test - MRR: 0.2282 | *
[2026-03-06 23:35:22,967][root][INFO] - Epoch:  50 | Loss: 0.0020 | Val - MRR: 0.2305, MR:  828.61, H@1: 0.169, H@3: 0.250, H@10: 0.350 | Test - MRR: 0.2298 | *
[2026-03-06 23:37:45,971][root][INFO] - Epoch:  51 | Loss: 0.0020 | Val - MRR: 0.2328, MR:  773.80, H@1: 0.172, H@3: 0.252, H@10: 0.353 | Test - MRR: 0.2312 | *
[2026-03-06 23:40:09,743][root][INFO] - Epoch:  52 | Loss: 0.0020 | Val - MRR: 0.2331, MR:  725.51, H@1: 0.171, H@3: 0.253, H@10: 0.354 | Test - MRR: 0.2322 | *
[2026-03-06 23:42:33,923][root][INFO] - Epoch:  53 | Loss: 0.0020 | Val - MRR: 0.2340, MR:  680.72, H@1: 0.171, H@3: 0.253, H@10: 0.357 | Test - MRR: 0.2329 | *
[2026-03-06 23:44:59,003][root][INFO] - Epoch:  54 | Loss: 0.0020 | Val - MRR: 0.2366, MR:  642.86, H@1: 0.174, H@3: 0.255, H@10: 0.359 | Test - MRR: 0.2351 | *
[2026-03-06 23:47:21,335][root][INFO] - Epoch:  55 | Loss: 0.0020 | Val - MRR: 0.2369, MR:  606.18, H@1: 0.174, H@3: 0.256, H@10: 0.359 | Test - MRR: 0.2352 | *
[2026-03-06 23:49:45,733][root][INFO] - Epoch:  56 | Loss: 0.0019 | Val - MRR: 0.2372, MR:  568.46, H@1: 0.173, H@3: 0.258, H@10: 0.361 | Test - MRR: 0.2364 | *
[2026-03-06 23:52:08,818][root][INFO] - Epoch:  57 | Loss: 0.0019 | Val - MRR: 0.2388, MR:  539.63, H@1: 0.175, H@3: 0.258, H@10: 0.364 | Test - MRR: 0.2374 | *
[2026-03-06 23:54:33,040][root][INFO] - Epoch:  58 | Loss: 0.0019 | Val - MRR: 0.2406, MR:  507.98, H@1: 0.177, H@3: 0.259, H@10: 0.366 | Test - MRR: 0.2390 | *
[2026-03-06 23:56:57,737][root][INFO] - Epoch:  59 | Loss: 0.0019 | Val - MRR: 0.2412, MR:  488.86, H@1: 0.177, H@3: 0.260, H@10: 0.366 | Test - MRR: 0.2391 | *
[2026-03-06 23:59:21,087][root][INFO] - Epoch:  60 | Loss: 0.0019 | Val - MRR: 0.2415, MR:  471.94, H@1: 0.177, H@3: 0.261, H@10: 0.367 | Test - MRR: 0.2404 | *
[2026-03-07 00:01:44,222][root][INFO] - Epoch:  61 | Loss: 0.0019 | Val - MRR: 0.2428, MR:  450.50, H@1: 0.177, H@3: 0.263, H@10: 0.369 | Test - MRR: 0.2414 | *
[2026-03-07 00:04:08,125][root][INFO] - Epoch:  62 | Loss: 0.0019 | Val - MRR: 0.2439, MR:  436.99, H@1: 0.178, H@3: 0.264, H@10: 0.372 | Test - MRR: 0.2425 | *
[2026-03-07 00:06:31,119][root][INFO] - Epoch:  63 | Loss: 0.0019 | Val - MRR: 0.2451, MR:  423.80, H@1: 0.179, H@3: 0.265, H@10: 0.374 | Test - MRR: 0.2435 | *
[2026-03-07 00:08:56,619][root][INFO] - Epoch:  64 | Loss: 0.0019 | Val - MRR: 0.2466, MR:  414.63, H@1: 0.179, H@3: 0.268, H@10: 0.378 | Test - MRR: 0.2453 | *
[2026-03-07 00:11:19,886][root][INFO] - Epoch:  65 | Loss: 0.0019 | Val - MRR: 0.2478, MR:  402.61, H@1: 0.180, H@3: 0.270, H@10: 0.378 | Test - MRR: 0.2464 | *
[2026-03-07 00:13:43,608][root][INFO] - Epoch:  66 | Loss: 0.0019 | Val - MRR: 0.2480, MR:  388.56, H@1: 0.180, H@3: 0.270, H@10: 0.381 | Test - MRR: 0.2467 | *
[2026-03-07 00:16:09,104][root][INFO] - Epoch:  67 | Loss: 0.0018 | Val - MRR: 0.2482, MR:  377.13, H@1: 0.180, H@3: 0.269, H@10: 0.382 | Test - MRR: 0.2480 | *
[2026-03-07 00:18:33,998][root][INFO] - Epoch:  68 | Loss: 0.0018 | Val - MRR: 0.2500, MR:  376.37, H@1: 0.181, H@3: 0.272, H@10: 0.385 | Test - MRR: 0.2485 | *
[2026-03-07 00:20:57,031][root][INFO] - Epoch:  69 | Loss: 0.0018 | Val - MRR: 0.2502, MR:  369.83, H@1: 0.181, H@3: 0.273, H@10: 0.385 | Test - MRR: 0.2498 | *
[2026-03-07 00:23:20,963][root][INFO] - Epoch:  70 | Loss: 0.0018 | Val - MRR: 0.2517, MR:  361.91, H@1: 0.183, H@3: 0.274, H@10: 0.387 | Test - MRR: 0.2504 | *
[2026-03-07 00:25:43,469][root][INFO] - Epoch:  71 | Loss: 0.0018 | Val - MRR: 0.2537, MR:  355.59, H@1: 0.184, H@3: 0.276, H@10: 0.389 | Test - MRR: 0.2513 | *
[2026-03-07 00:28:06,832][root][INFO] - Epoch:  72 | Loss: 0.0018 | Val - MRR: 0.2554, MR:  356.87, H@1: 0.187, H@3: 0.276, H@10: 0.390 | Test - MRR: 0.2535 | *
[2026-03-07 00:30:12,915][root][INFO] - Epoch:  73 | Loss: 0.0018 | Val - MRR: 0.2546, MR:  349.94, H@1: 0.184, H@3: 0.278, H@10: 0.392 | 
[2026-03-07 00:32:35,350][root][INFO] - Epoch:  74 | Loss: 0.0018 | Val - MRR: 0.2560, MR:  344.86, H@1: 0.185, H@3: 0.279, H@10: 0.393 | Test - MRR: 0.2555 | *
[2026-03-07 00:34:57,199][root][INFO] - Epoch:  75 | Loss: 0.0018 | Val - MRR: 0.2572, MR:  330.11, H@1: 0.187, H@3: 0.279, H@10: 0.394 | Test - MRR: 0.2562 | *
[2026-03-07 00:37:19,555][root][INFO] - Epoch:  76 | Loss: 0.0018 | Val - MRR: 0.2579, MR:  328.08, H@1: 0.187, H@3: 0.280, H@10: 0.396 | Test - MRR: 0.2572 | *
[2026-03-07 00:39:41,801][root][INFO] - Epoch:  77 | Loss: 0.0018 | Val - MRR: 0.2592, MR:  322.57, H@1: 0.188, H@3: 0.282, H@10: 0.400 | Test - MRR: 0.2578 | *
[2026-03-07 00:42:04,539][root][INFO] - Epoch:  78 | Loss: 0.0018 | Val - MRR: 0.2597, MR:  319.38, H@1: 0.188, H@3: 0.283, H@10: 0.400 | Test - MRR: 0.2575 | *
[2026-03-07 00:44:28,339][root][INFO] - Epoch:  79 | Loss: 0.0018 | Val - MRR: 0.2611, MR:  319.77, H@1: 0.189, H@3: 0.284, H@10: 0.400 | Test - MRR: 0.2595 | *
[2026-03-07 00:46:33,086][root][INFO] - Epoch:  80 | Loss: 0.0018 | Val - MRR: 0.2611, MR:  320.95, H@1: 0.188, H@3: 0.285, H@10: 0.403 | 
[2026-03-07 00:48:54,510][root][INFO] - Epoch:  81 | Loss: 0.0018 | Val - MRR: 0.2632, MR:  312.39, H@1: 0.190, H@3: 0.286, H@10: 0.406 | Test - MRR: 0.2613 | *
[2026-03-07 00:51:14,722][root][INFO] - Epoch:  82 | Loss: 0.0018 | Val - MRR: 0.2648, MR:  306.28, H@1: 0.192, H@3: 0.288, H@10: 0.407 | Test - MRR: 0.2628 | *
[2026-03-07 00:53:37,699][root][INFO] - Epoch:  83 | Loss: 0.0018 | Val - MRR: 0.2663, MR:  298.90, H@1: 0.193, H@3: 0.290, H@10: 0.409 | Test - MRR: 0.2636 | *
[2026-03-07 00:55:58,726][root][INFO] - Epoch:  84 | Loss: 0.0018 | Val - MRR: 0.2672, MR:  304.23, H@1: 0.194, H@3: 0.291, H@10: 0.411 | Test - MRR: 0.2644 | *
[2026-03-07 00:58:19,714][root][INFO] - Epoch:  85 | Loss: 0.0018 | Val - MRR: 0.2674, MR:  304.40, H@1: 0.193, H@3: 0.292, H@10: 0.412 | Test - MRR: 0.2641 | *
[2026-03-07 01:00:41,952][root][INFO] - Epoch:  86 | Loss: 0.0018 | Val - MRR: 0.2685, MR:  298.19, H@1: 0.194, H@3: 0.293, H@10: 0.414 | Test - MRR: 0.2659 | *
[2026-03-07 01:03:02,767][root][INFO] - Epoch:  87 | Loss: 0.0017 | Val - MRR: 0.2695, MR:  296.00, H@1: 0.195, H@3: 0.293, H@10: 0.415 | Test - MRR: 0.2668 | *
[2026-03-07 01:05:23,994][root][INFO] - Epoch:  88 | Loss: 0.0017 | Val - MRR: 0.2719, MR:  294.61, H@1: 0.198, H@3: 0.295, H@10: 0.417 | Test - MRR: 0.2691 | *
[2026-03-07 01:07:46,982][root][INFO] - Epoch:  89 | Loss: 0.0017 | Val - MRR: 0.2735, MR:  287.77, H@1: 0.199, H@3: 0.298, H@10: 0.418 | Test - MRR: 0.2704 | *
[2026-03-07 01:10:09,905][root][INFO] - Epoch:  90 | Loss: 0.0017 | Val - MRR: 0.2749, MR:  281.85, H@1: 0.201, H@3: 0.298, H@10: 0.420 | Test - MRR: 0.2719 | *
[2026-03-07 01:12:28,685][root][INFO] - Epoch:  91 | Loss: 0.0017 | Val - MRR: 0.2753, MR:  279.84, H@1: 0.201, H@3: 0.299, H@10: 0.422 | Test - MRR: 0.2722 | *
[2026-03-07 01:14:49,878][root][INFO] - Epoch:  92 | Loss: 0.0017 | Val - MRR: 0.2770, MR:  273.44, H@1: 0.202, H@3: 0.300, H@10: 0.423 | Test - MRR: 0.2745 | *
[2026-03-07 01:16:54,355][root][INFO] - Epoch:  93 | Loss: 0.0017 | Val - MRR: 0.2760, MR:  276.27, H@1: 0.200, H@3: 0.300, H@10: 0.425 | 
[2026-03-07 01:19:14,023][root][INFO] - Epoch:  94 | Loss: 0.0017 | Val - MRR: 0.2796, MR:  277.11, H@1: 0.205, H@3: 0.302, H@10: 0.427 | Test - MRR: 0.2758 | *
[2026-03-07 01:21:33,735][root][INFO] - Epoch:  95 | Loss: 0.0017 | Val - MRR: 0.2802, MR:  276.54, H@1: 0.206, H@3: 0.303, H@10: 0.428 | Test - MRR: 0.2771 | *
[2026-03-07 01:23:53,718][root][INFO] - Epoch:  96 | Loss: 0.0017 | Val - MRR: 0.2814, MR:  272.29, H@1: 0.207, H@3: 0.305, H@10: 0.430 | Test - MRR: 0.2782 | *
[2026-03-07 01:26:13,868][root][INFO] - Epoch:  97 | Loss: 0.0017 | Val - MRR: 0.2826, MR:  271.37, H@1: 0.208, H@3: 0.306, H@10: 0.431 | Test - MRR: 0.2793 | *
[2026-03-07 01:28:34,170][root][INFO] - Epoch:  98 | Loss: 0.0017 | Val - MRR: 0.2829, MR:  267.82, H@1: 0.208, H@3: 0.305, H@10: 0.432 | Test - MRR: 0.2795 | *
[2026-03-07 01:30:54,136][root][INFO] - Epoch:  99 | Loss: 0.0017 | Val - MRR: 0.2842, MR:  263.23, H@1: 0.209, H@3: 0.307, H@10: 0.434 | Test - MRR: 0.2814 | *
[2026-03-07 01:33:14,716][root][INFO] - Epoch: 100 | Loss: 0.0017 | Val - MRR: 0.2847, MR:  265.17, H@1: 0.209, H@3: 0.309, H@10: 0.434 | Test - MRR: 0.2813 | *
[2026-03-07 01:35:34,196][root][INFO] - Epoch: 101 | Loss: 0.0017 | Val - MRR: 0.2857, MR:  266.14, H@1: 0.210, H@3: 0.309, H@10: 0.437 | Test - MRR: 0.2836 | *
[2026-03-07 01:37:54,168][root][INFO] - Epoch: 102 | Loss: 0.0017 | Val - MRR: 0.2863, MR:  261.12, H@1: 0.210, H@3: 0.310, H@10: 0.438 | Test - MRR: 0.2834 | *
[2026-03-07 01:40:13,920][root][INFO] - Epoch: 103 | Loss: 0.0017 | Val - MRR: 0.2878, MR:  259.94, H@1: 0.212, H@3: 0.312, H@10: 0.439 | Test - MRR: 0.2852 | *
[2026-03-07 01:42:33,230][root][INFO] - Epoch: 104 | Loss: 0.0017 | Val - MRR: 0.2890, MR:  256.32, H@1: 0.213, H@3: 0.314, H@10: 0.440 | Test - MRR: 0.2864 | *
[2026-03-07 01:44:53,690][root][INFO] - Epoch: 105 | Loss: 0.0017 | Val - MRR: 0.2890, MR:  257.29, H@1: 0.213, H@3: 0.314, H@10: 0.442 | Test - MRR: 0.2860 | *
[2026-03-07 01:47:11,544][root][INFO] - Epoch: 106 | Loss: 0.0017 | Val - MRR: 0.2900, MR:  256.11, H@1: 0.214, H@3: 0.313, H@10: 0.442 | Test - MRR: 0.2871 | *
[2026-03-07 01:49:13,991][root][INFO] - Epoch: 107 | Loss: 0.0017 | Val - MRR: 0.2898, MR:  254.91, H@1: 0.212, H@3: 0.313, H@10: 0.443 | 
[2026-03-07 01:51:15,784][root][INFO] - Epoch: 108 | Loss: 0.0017 | Val - MRR: 0.2890, MR:  253.62, H@1: 0.211, H@3: 0.314, H@10: 0.445 | 
[2026-03-07 01:53:34,632][root][INFO] - Epoch: 109 | Loss: 0.0017 | Val - MRR: 0.2917, MR:  253.46, H@1: 0.215, H@3: 0.316, H@10: 0.445 | Test - MRR: 0.2891 | *
[2026-03-07 01:55:52,646][root][INFO] - Epoch: 110 | Loss: 0.0017 | Val - MRR: 0.2933, MR:  252.44, H@1: 0.216, H@3: 0.318, H@10: 0.446 | Test - MRR: 0.2903 | *
[2026-03-07 01:57:56,499][root][INFO] - Epoch: 111 | Loss: 0.0017 | Val - MRR: 0.2926, MR:  250.74, H@1: 0.215, H@3: 0.317, H@10: 0.448 | 
[2026-03-07 02:00:14,788][root][INFO] - Epoch: 112 | Loss: 0.0017 | Val - MRR: 0.2938, MR:  246.37, H@1: 0.216, H@3: 0.319, H@10: 0.450 | Test - MRR: 0.2909 | *
[2026-03-07 02:02:16,380][root][INFO] - Epoch: 113 | Loss: 0.0017 | Val - MRR: 0.2933, MR:  245.73, H@1: 0.215, H@3: 0.318, H@10: 0.451 | 
[2026-03-07 02:04:34,941][root][INFO] - Epoch: 114 | Loss: 0.0017 | Val - MRR: 0.2961, MR:  244.40, H@1: 0.218, H@3: 0.321, H@10: 0.450 | Test - MRR: 0.2928 | *
[2026-03-07 02:06:37,710][root][INFO] - Epoch: 115 | Loss: 0.0017 | Val - MRR: 0.2956, MR:  246.58, H@1: 0.217, H@3: 0.322, H@10: 0.449 | 
[2026-03-07 02:08:56,280][root][INFO] - Epoch: 116 | Loss: 0.0017 | Val - MRR: 0.2963, MR:  241.05, H@1: 0.218, H@3: 0.322, H@10: 0.452 | Test - MRR: 0.2930 | *
[2026-03-07 02:11:14,896][root][INFO] - Epoch: 117 | Loss: 0.0017 | Val - MRR: 0.2973, MR:  239.90, H@1: 0.219, H@3: 0.323, H@10: 0.454 | Test - MRR: 0.2946 | *
[2026-03-07 02:13:34,311][root][INFO] - Epoch: 118 | Loss: 0.0017 | Val - MRR: 0.2980, MR:  243.07, H@1: 0.219, H@3: 0.324, H@10: 0.452 | Test - MRR: 0.2952 | *
[2026-03-07 02:15:37,852][root][INFO] - Epoch: 119 | Loss: 0.0016 | Val - MRR: 0.2977, MR:  244.00, H@1: 0.219, H@3: 0.322, H@10: 0.455 | 
[2026-03-07 02:17:56,160][root][INFO] - Epoch: 120 | Loss: 0.0017 | Val - MRR: 0.2999, MR:  240.62, H@1: 0.221, H@3: 0.324, H@10: 0.456 | Test - MRR: 0.2967 | *
[2026-03-07 02:19:59,561][root][INFO] - Epoch: 121 | Loss: 0.0016 | Val - MRR: 0.2987, MR:  239.85, H@1: 0.219, H@3: 0.325, H@10: 0.457 | 
[2026-03-07 02:22:19,342][root][INFO] - Epoch: 122 | Loss: 0.0016 | Val - MRR: 0.3008, MR:  236.45, H@1: 0.222, H@3: 0.327, H@10: 0.456 | Test - MRR: 0.2970 | *
[2026-03-07 02:24:19,854][root][INFO] - Epoch: 123 | Loss: 0.0016 | Val - MRR: 0.3005, MR:  237.99, H@1: 0.222, H@3: 0.326, H@10: 0.457 | 
[2026-03-07 02:26:23,654][root][INFO] - Epoch: 124 | Loss: 0.0016 | Val - MRR: 0.3006, MR:  237.21, H@1: 0.222, H@3: 0.325, H@10: 0.460 | 
[2026-03-07 02:28:26,808][root][INFO] - Epoch: 125 | Loss: 0.0016 | Val - MRR: 0.2999, MR:  239.21, H@1: 0.220, H@3: 0.326, H@10: 0.458 | 
[2026-03-07 02:30:48,283][root][INFO] - Epoch: 126 | Loss: 0.0016 | Val - MRR: 0.3015, MR:  234.10, H@1: 0.222, H@3: 0.328, H@10: 0.459 | Test - MRR: 0.2999 | *
[2026-03-07 02:33:07,946][root][INFO] - Epoch: 127 | Loss: 0.0016 | Val - MRR: 0.3020, MR:  234.98, H@1: 0.221, H@3: 0.330, H@10: 0.462 | Test - MRR: 0.2995 | *
[2026-03-07 02:35:26,893][root][INFO] - Epoch: 128 | Loss: 0.0016 | Val - MRR: 0.3032, MR:  232.24, H@1: 0.223, H@3: 0.330, H@10: 0.463 | Test - MRR: 0.3006 | *
[2026-03-07 02:37:28,372][root][INFO] - Epoch: 129 | Loss: 0.0016 | Val - MRR: 0.3030, MR:  232.70, H@1: 0.222, H@3: 0.330, H@10: 0.464 | 
[2026-03-07 02:39:47,896][root][INFO] - Epoch: 130 | Loss: 0.0016 | Val - MRR: 0.3042, MR:  230.76, H@1: 0.224, H@3: 0.331, H@10: 0.464 | Test - MRR: 0.3018 | *
[2026-03-07 02:42:08,519][root][INFO] - Epoch: 131 | Loss: 0.0016 | Val - MRR: 0.3062, MR:  227.55, H@1: 0.226, H@3: 0.332, H@10: 0.466 | Test - MRR: 0.3022 | *
[2026-03-07 02:44:09,932][root][INFO] - Epoch: 132 | Loss: 0.0016 | Val - MRR: 0.3060, MR:  230.17, H@1: 0.226, H@3: 0.330, H@10: 0.465 | 
[2026-03-07 02:46:14,193][root][INFO] - Epoch: 133 | Loss: 0.0016 | Val - MRR: 0.3046, MR:  225.83, H@1: 0.223, H@3: 0.332, H@10: 0.468 | 
[2026-03-07 02:48:33,035][root][INFO] - Epoch: 134 | Loss: 0.0016 | Val - MRR: 0.3063, MR:  225.11, H@1: 0.225, H@3: 0.332, H@10: 0.467 | Test - MRR: 0.3041 | *
[2026-03-07 02:50:52,724][root][INFO] - Epoch: 135 | Loss: 0.0016 | Val - MRR: 0.3070, MR:  227.45, H@1: 0.227, H@3: 0.332, H@10: 0.468 | Test - MRR: 0.3039 | *
[2026-03-07 02:52:54,047][root][INFO] - Epoch: 136 | Loss: 0.0016 | Val - MRR: 0.3066, MR:  228.73, H@1: 0.226, H@3: 0.333, H@10: 0.468 | 
[2026-03-07 02:55:13,848][root][INFO] - Epoch: 137 | Loss: 0.0016 | Val - MRR: 0.3073, MR:  223.95, H@1: 0.226, H@3: 0.333, H@10: 0.468 | Test - MRR: 0.3044 | *
[2026-03-07 02:57:33,776][root][INFO] - Epoch: 138 | Loss: 0.0016 | Val - MRR: 0.3077, MR:  221.86, H@1: 0.226, H@3: 0.334, H@10: 0.470 | Test - MRR: 0.3045 | *
[2026-03-07 02:59:52,145][root][INFO] - Epoch: 139 | Loss: 0.0016 | Val - MRR: 0.3093, MR:  222.39, H@1: 0.228, H@3: 0.336, H@10: 0.472 | Test - MRR: 0.3064 | *
[2026-03-07 03:01:54,537][root][INFO] - Epoch: 140 | Loss: 0.0016 | Val - MRR: 0.3092, MR:  220.65, H@1: 0.228, H@3: 0.336, H@10: 0.474 | 
[2026-03-07 03:04:13,991][root][INFO] - Epoch: 141 | Loss: 0.0016 | Val - MRR: 0.3104, MR:  218.57, H@1: 0.229, H@3: 0.337, H@10: 0.474 | Test - MRR: 0.3078 | *
[2026-03-07 03:06:34,976][root][INFO] - Epoch: 142 | Loss: 0.0016 | Val - MRR: 0.3105, MR:  218.15, H@1: 0.229, H@3: 0.337, H@10: 0.475 | Test - MRR: 0.3070 | *
[2026-03-07 03:08:53,625][root][INFO] - Epoch: 143 | Loss: 0.0016 | Val - MRR: 0.3116, MR:  215.56, H@1: 0.229, H@3: 0.339, H@10: 0.474 | Test - MRR: 0.3082 | *
[2026-03-07 03:10:57,427][root][INFO] - Epoch: 144 | Loss: 0.0016 | Val - MRR: 0.3109, MR:  218.46, H@1: 0.228, H@3: 0.339, H@10: 0.475 | 
[2026-03-07 03:13:18,814][root][INFO] - Epoch: 145 | Loss: 0.0016 | Val - MRR: 0.3125, MR:  214.62, H@1: 0.230, H@3: 0.339, H@10: 0.477 | Test - MRR: 0.3102 | *
[2026-03-07 03:15:22,785][root][INFO] - Epoch: 146 | Loss: 0.0016 | Val - MRR: 0.3120, MR:  213.75, H@1: 0.230, H@3: 0.339, H@10: 0.477 | 
[2026-03-07 03:17:44,405][root][INFO] - Epoch: 147 | Loss: 0.0016 | Val - MRR: 0.3128, MR:  211.68, H@1: 0.231, H@3: 0.339, H@10: 0.477 | Test - MRR: 0.3103 | *
[2026-03-07 03:20:04,967][root][INFO] - Epoch: 148 | Loss: 0.0016 | Val - MRR: 0.3129, MR:  213.57, H@1: 0.230, H@3: 0.341, H@10: 0.477 | Test - MRR: 0.3108 | *
[2026-03-07 03:22:07,361][root][INFO] - Epoch: 149 | Loss: 0.0016 | Val - MRR: 0.3128, MR:  211.50, H@1: 0.230, H@3: 0.341, H@10: 0.478 | 
[2026-03-07 03:24:27,727][root][INFO] - Epoch: 150 | Loss: 0.0016 | Val - MRR: 0.3139, MR:  210.88, H@1: 0.231, H@3: 0.341, H@10: 0.478 | Test - MRR: 0.3116 | *
[2026-03-07 03:26:46,952][root][INFO] - Epoch: 151 | Loss: 0.0016 | Val - MRR: 0.3142, MR:  209.86, H@1: 0.231, H@3: 0.342, H@10: 0.480 | Test - MRR: 0.3117 | *
[2026-03-07 03:29:07,323][root][INFO] - Epoch: 152 | Loss: 0.0016 | Val - MRR: 0.3157, MR:  208.72, H@1: 0.233, H@3: 0.342, H@10: 0.480 | Test - MRR: 0.3120 | *
[2026-03-07 03:31:08,383][root][INFO] - Epoch: 153 | Loss: 0.0016 | Val - MRR: 0.3146, MR:  207.53, H@1: 0.231, H@3: 0.342, H@10: 0.481 | 
[2026-03-07 03:33:10,846][root][INFO] - Epoch: 154 | Loss: 0.0016 | Val - MRR: 0.3156, MR:  205.49, H@1: 0.232, H@3: 0.344, H@10: 0.482 | 
[2026-03-07 03:35:12,370][root][INFO] - Epoch: 155 | Loss: 0.0016 | Val - MRR: 0.3157, MR:  207.14, H@1: 0.233, H@3: 0.343, H@10: 0.481 | 
[2026-03-07 03:37:30,615][root][INFO] - Epoch: 156 | Loss: 0.0016 | Val - MRR: 0.3161, MR:  206.38, H@1: 0.233, H@3: 0.344, H@10: 0.482 | Test - MRR: 0.3130 | *
[2026-03-07 03:39:50,088][root][INFO] - Epoch: 157 | Loss: 0.0016 | Val - MRR: 0.3170, MR:  205.48, H@1: 0.234, H@3: 0.344, H@10: 0.482 | Test - MRR: 0.3138 | *
[2026-03-07 03:41:52,027][root][INFO] - Epoch: 158 | Loss: 0.0016 | Val - MRR: 0.3166, MR:  203.87, H@1: 0.233, H@3: 0.344, H@10: 0.483 | 
[2026-03-07 03:44:10,366][root][INFO] - Epoch: 159 | Loss: 0.0016 | Val - MRR: 0.3181, MR:  204.86, H@1: 0.235, H@3: 0.344, H@10: 0.485 | Test - MRR: 0.3141 | *
[2026-03-07 03:46:29,398][root][INFO] - Epoch: 160 | Loss: 0.0016 | Val - MRR: 0.3182, MR:  205.44, H@1: 0.235, H@3: 0.347, H@10: 0.484 | Test - MRR: 0.3144 | *
[2026-03-07 03:48:47,837][root][INFO] - Epoch: 161 | Loss: 0.0016 | Val - MRR: 0.3197, MR:  205.11, H@1: 0.237, H@3: 0.347, H@10: 0.485 | Test - MRR: 0.3162 | *
[2026-03-07 03:50:49,370][root][INFO] - Epoch: 162 | Loss: 0.0016 | Val - MRR: 0.3185, MR:  205.26, H@1: 0.235, H@3: 0.346, H@10: 0.486 | 
[2026-03-07 03:52:52,375][root][INFO] - Epoch: 163 | Loss: 0.0016 | Val - MRR: 0.3186, MR:  204.97, H@1: 0.235, H@3: 0.347, H@10: 0.486 | 
[2026-03-07 03:54:54,802][root][INFO] - Epoch: 164 | Loss: 0.0016 | Val - MRR: 0.3194, MR:  202.13, H@1: 0.236, H@3: 0.348, H@10: 0.487 | 
[2026-03-07 03:57:14,256][root][INFO] - Epoch: 165 | Loss: 0.0016 | Val - MRR: 0.3206, MR:  204.56, H@1: 0.237, H@3: 0.349, H@10: 0.490 | Test - MRR: 0.3169 | *
[2026-03-07 03:59:16,301][root][INFO] - Epoch: 166 | Loss: 0.0016 | Val - MRR: 0.3200, MR:  202.09, H@1: 0.236, H@3: 0.348, H@10: 0.488 | 
[2026-03-07 04:01:36,803][root][INFO] - Epoch: 167 | Loss: 0.0016 | Val - MRR: 0.3212, MR:  202.19, H@1: 0.237, H@3: 0.351, H@10: 0.488 | Test - MRR: 0.3175 | *
[2026-03-07 04:03:39,172][root][INFO] - Epoch: 168 | Loss: 0.0016 | Val - MRR: 0.3211, MR:  201.27, H@1: 0.237, H@3: 0.349, H@10: 0.489 | 
[2026-03-07 04:05:58,376][root][INFO] - Epoch: 169 | Loss: 0.0016 | Val - MRR: 0.3214, MR:  199.95, H@1: 0.238, H@3: 0.349, H@10: 0.489 | Test - MRR: 0.3183 | *
[2026-03-07 04:08:16,829][root][INFO] - Epoch: 170 | Loss: 0.0016 | Val - MRR: 0.3224, MR:  199.31, H@1: 0.239, H@3: 0.349, H@10: 0.491 | Test - MRR: 0.3190 | *
[2026-03-07 04:10:35,747][root][INFO] - Epoch: 171 | Loss: 0.0016 | Val - MRR: 0.3225, MR:  198.15, H@1: 0.238, H@3: 0.351, H@10: 0.491 | Test - MRR: 0.3191 | *
[2026-03-07 04:12:54,978][root][INFO] - Epoch: 172 | Loss: 0.0016 | Val - MRR: 0.3227, MR:  196.57, H@1: 0.239, H@3: 0.352, H@10: 0.492 | Test - MRR: 0.3178 | *
[2026-03-07 04:14:55,754][root][INFO] - Epoch: 173 | Loss: 0.0016 | Val - MRR: 0.3227, MR:  196.63, H@1: 0.239, H@3: 0.351, H@10: 0.492 | 
[2026-03-07 04:17:13,487][root][INFO] - Epoch: 174 | Loss: 0.0016 | Val - MRR: 0.3242, MR:  195.22, H@1: 0.240, H@3: 0.354, H@10: 0.493 | Test - MRR: 0.3207 | *
[2026-03-07 04:19:16,037][root][INFO] - Epoch: 175 | Loss: 0.0016 | Val - MRR: 0.3233, MR:  196.78, H@1: 0.238, H@3: 0.352, H@10: 0.493 | 
[2026-03-07 04:21:18,101][root][INFO] - Epoch: 176 | Loss: 0.0016 | Val - MRR: 0.3231, MR:  197.09, H@1: 0.238, H@3: 0.353, H@10: 0.492 | 
[2026-03-07 04:23:20,250][root][INFO] - Epoch: 177 | Loss: 0.0016 | Val - MRR: 0.3240, MR:  195.50, H@1: 0.239, H@3: 0.353, H@10: 0.495 | 
[2026-03-07 04:25:22,494][root][INFO] - Epoch: 178 | Loss: 0.0016 | Val - MRR: 0.3236, MR:  193.22, H@1: 0.239, H@3: 0.352, H@10: 0.493 | 
[2026-03-07 04:27:41,670][root][INFO] - Epoch: 179 | Loss: 0.0016 | Val - MRR: 0.3250, MR:  194.18, H@1: 0.240, H@3: 0.354, H@10: 0.494 | Test - MRR: 0.3215 | *
[2026-03-07 04:29:42,808][root][INFO] - Epoch: 180 | Loss: 0.0016 | Val - MRR: 0.3239, MR:  193.94, H@1: 0.239, H@3: 0.354, H@10: 0.494 | 
[2026-03-07 04:31:45,041][root][INFO] - Epoch: 181 | Loss: 0.0016 | Val - MRR: 0.3246, MR:  192.99, H@1: 0.240, H@3: 0.354, H@10: 0.494 | 
[2026-03-07 04:33:45,767][root][INFO] - Epoch: 182 | Loss: 0.0016 | Val - MRR: 0.3245, MR:  191.89, H@1: 0.240, H@3: 0.352, H@10: 0.495 | 
[2026-03-07 04:35:47,470][root][INFO] - Epoch: 183 | Loss: 0.0016 | Val - MRR: 0.3249, MR:  194.25, H@1: 0.240, H@3: 0.354, H@10: 0.494 | 
[2026-03-07 04:38:05,105][root][INFO] - Epoch: 184 | Loss: 0.0016 | Val - MRR: 0.3256, MR:  192.35, H@1: 0.241, H@3: 0.352, H@10: 0.496 | Test - MRR: 0.3221 | *
[2026-03-07 04:40:21,984][root][INFO] - Epoch: 185 | Loss: 0.0016 | Val - MRR: 0.3258, MR:  190.99, H@1: 0.242, H@3: 0.353, H@10: 0.496 | Test - MRR: 0.3221 | *
[2026-03-07 04:42:40,167][root][INFO] - Epoch: 186 | Loss: 0.0016 | Val - MRR: 0.3261, MR:  190.32, H@1: 0.241, H@3: 0.354, H@10: 0.497 | Test - MRR: 0.3230 | *
[2026-03-07 04:44:56,289][root][INFO] - Epoch: 187 | Loss: 0.0016 | Val - MRR: 0.3264, MR:  191.28, H@1: 0.242, H@3: 0.355, H@10: 0.498 | Test - MRR: 0.3234 | *
[2026-03-07 04:47:14,254][root][INFO] - Epoch: 188 | Loss: 0.0016 | Val - MRR: 0.3265, MR:  190.89, H@1: 0.242, H@3: 0.355, H@10: 0.499 | Test - MRR: 0.3231 | *
[2026-03-07 04:49:31,525][root][INFO] - Epoch: 189 | Loss: 0.0016 | Val - MRR: 0.3267, MR:  190.10, H@1: 0.241, H@3: 0.355, H@10: 0.497 | Test - MRR: 0.3230 | *
[2026-03-07 04:51:48,220][root][INFO] - Epoch: 190 | Loss: 0.0016 | Val - MRR: 0.3278, MR:  190.88, H@1: 0.243, H@3: 0.356, H@10: 0.498 | Test - MRR: 0.3232 | *
[2026-03-07 04:53:48,082][root][INFO] - Epoch: 191 | Loss: 0.0016 | Val - MRR: 0.3270, MR:  189.95, H@1: 0.242, H@3: 0.356, H@10: 0.497 | 
[2026-03-07 04:56:04,198][root][INFO] - Epoch: 192 | Loss: 0.0016 | Val - MRR: 0.3281, MR:  190.37, H@1: 0.243, H@3: 0.357, H@10: 0.500 | Test - MRR: 0.3250 | *
[2026-03-07 04:58:20,929][root][INFO] - Epoch: 193 | Loss: 0.0016 | Val - MRR: 0.3284, MR:  189.56, H@1: 0.243, H@3: 0.357, H@10: 0.499 | Test - MRR: 0.3251 | *
[2026-03-07 05:00:21,553][root][INFO] - Epoch: 194 | Loss: 0.0016 | Val - MRR: 0.3282, MR:  189.30, H@1: 0.243, H@3: 0.358, H@10: 0.500 | 
[2026-03-07 05:02:40,716][root][INFO] - Epoch: 195 | Loss: 0.0016 | Val - MRR: 0.3299, MR:  189.31, H@1: 0.245, H@3: 0.358, H@10: 0.500 | Test - MRR: 0.3262 | *
[2026-03-07 05:04:40,683][root][INFO] - Epoch: 196 | Loss: 0.0016 | Val - MRR: 0.3295, MR:  188.35, H@1: 0.243, H@3: 0.359, H@10: 0.501 | 
[2026-03-07 05:06:40,483][root][INFO] - Epoch: 197 | Loss: 0.0016 | Val - MRR: 0.3292, MR:  187.59, H@1: 0.242, H@3: 0.360, H@10: 0.503 | 
[2026-03-07 05:08:41,655][root][INFO] - Epoch: 198 | Loss: 0.0016 | Val - MRR: 0.3290, MR:  188.16, H@1: 0.243, H@3: 0.359, H@10: 0.502 | 
[2026-03-07 05:10:42,847][root][INFO] - Epoch: 199 | Loss: 0.0016 | Val - MRR: 0.3299, MR:  187.54, H@1: 0.245, H@3: 0.359, H@10: 0.501 | 
[2026-03-07 05:12:43,418][root][INFO] - Epoch: 200 | Loss: 0.0016 | Val - MRR: 0.3297, MR:  188.43, H@1: 0.244, H@3: 0.359, H@10: 0.502 | 
[2026-03-07 05:15:00,381][root][INFO] - Epoch: 201 | Loss: 0.0016 | Val - MRR: 0.3304, MR:  187.98, H@1: 0.245, H@3: 0.359, H@10: 0.503 | Test - MRR: 0.3275 | *
[2026-03-07 05:17:01,939][root][INFO] - Epoch: 202 | Loss: 0.0016 | Val - MRR: 0.3299, MR:  188.37, H@1: 0.244, H@3: 0.358, H@10: 0.503 | 
[2026-03-07 05:19:18,868][root][INFO] - Epoch: 203 | Loss: 0.0016 | Val - MRR: 0.3306, MR:  187.40, H@1: 0.245, H@3: 0.359, H@10: 0.502 | Test - MRR: 0.3274 | *
[2026-03-07 05:21:36,254][root][INFO] - Epoch: 204 | Loss: 0.0016 | Val - MRR: 0.3314, MR:  187.21, H@1: 0.246, H@3: 0.360, H@10: 0.503 | Test - MRR: 0.3283 | *
[2026-03-07 05:23:53,659][root][INFO] - Epoch: 205 | Loss: 0.0015 | Val - MRR: 0.3316, MR:  186.80, H@1: 0.246, H@3: 0.361, H@10: 0.503 | Test - MRR: 0.3277 | *
[2026-03-07 05:25:55,490][root][INFO] - Epoch: 206 | Loss: 0.0015 | Val - MRR: 0.3315, MR:  187.29, H@1: 0.245, H@3: 0.361, H@10: 0.503 | 
[2026-03-07 05:28:12,649][root][INFO] - Epoch: 207 | Loss: 0.0015 | Val - MRR: 0.3317, MR:  185.76, H@1: 0.246, H@3: 0.361, H@10: 0.503 | Test - MRR: 0.3275 | *
[2026-03-07 05:30:31,235][root][INFO] - Epoch: 208 | Loss: 0.0015 | Val - MRR: 0.3318, MR:  186.77, H@1: 0.247, H@3: 0.362, H@10: 0.504 | Test - MRR: 0.3287 | *
[2026-03-07 05:32:48,542][root][INFO] - Epoch: 209 | Loss: 0.0015 | Val - MRR: 0.3321, MR:  184.67, H@1: 0.246, H@3: 0.362, H@10: 0.504 | Test - MRR: 0.3290 | *
[2026-03-07 05:35:06,501][root][INFO] - Epoch: 210 | Loss: 0.0015 | Val - MRR: 0.3321, MR:  185.14, H@1: 0.246, H@3: 0.361, H@10: 0.505 | Test - MRR: 0.3288 | *
[2026-03-07 05:37:26,008][root][INFO] - Epoch: 211 | Loss: 0.0015 | Val - MRR: 0.3323, MR:  185.38, H@1: 0.246, H@3: 0.362, H@10: 0.505 | Test - MRR: 0.3286 | *
[2026-03-07 05:39:43,576][root][INFO] - Epoch: 212 | Loss: 0.0015 | Val - MRR: 0.3325, MR:  184.32, H@1: 0.247, H@3: 0.362, H@10: 0.504 | Test - MRR: 0.3290 | *
[2026-03-07 05:42:00,992][root][INFO] - Epoch: 213 | Loss: 0.0015 | Val - MRR: 0.3326, MR:  185.49, H@1: 0.247, H@3: 0.362, H@10: 0.506 | Test - MRR: 0.3288 | *
[2026-03-07 05:44:18,478][root][INFO] - Epoch: 214 | Loss: 0.0015 | Val - MRR: 0.3333, MR:  184.86, H@1: 0.247, H@3: 0.364, H@10: 0.506 | Test - MRR: 0.3292 | *
[2026-03-07 05:46:18,044][root][INFO] - Epoch: 215 | Loss: 0.0015 | Val - MRR: 0.3327, MR:  182.77, H@1: 0.246, H@3: 0.363, H@10: 0.507 | 
[2026-03-07 05:48:35,550][root][INFO] - Epoch: 216 | Loss: 0.0015 | Val - MRR: 0.3341, MR:  183.15, H@1: 0.248, H@3: 0.363, H@10: 0.507 | Test - MRR: 0.3304 | *
[2026-03-07 05:50:35,461][root][INFO] - Epoch: 217 | Loss: 0.0015 | Val - MRR: 0.3336, MR:  182.35, H@1: 0.247, H@3: 0.363, H@10: 0.506 | 
[2026-03-07 05:52:35,397][root][INFO] - Epoch: 218 | Loss: 0.0015 | Val - MRR: 0.3334, MR:  182.73, H@1: 0.247, H@3: 0.363, H@10: 0.506 | 
[2026-03-07 05:54:36,288][root][INFO] - Epoch: 219 | Loss: 0.0015 | Val - MRR: 0.3339, MR:  182.08, H@1: 0.247, H@3: 0.364, H@10: 0.505 | 
[2026-03-07 05:56:52,693][root][INFO] - Epoch: 220 | Loss: 0.0015 | Val - MRR: 0.3346, MR:  183.15, H@1: 0.249, H@3: 0.366, H@10: 0.506 | Test - MRR: 0.3313 | *
[2026-03-07 05:59:11,979][root][INFO] - Epoch: 221 | Loss: 0.0015 | Val - MRR: 0.3349, MR:  181.14, H@1: 0.249, H@3: 0.366, H@10: 0.507 | Test - MRR: 0.3318 | *
[2026-03-07 06:01:28,289][root][INFO] - Epoch: 222 | Loss: 0.0015 | Val - MRR: 0.3351, MR:  180.91, H@1: 0.249, H@3: 0.366, H@10: 0.506 | Test - MRR: 0.3316 | *
[2026-03-07 06:03:30,203][root][INFO] - Epoch: 223 | Loss: 0.0015 | Val - MRR: 0.3351, MR:  180.40, H@1: 0.249, H@3: 0.366, H@10: 0.507 | 
[2026-03-07 06:05:30,255][root][INFO] - Epoch: 224 | Loss: 0.0015 | Val - MRR: 0.3350, MR:  180.36, H@1: 0.248, H@3: 0.365, H@10: 0.508 | 
[2026-03-07 06:07:47,120][root][INFO] - Epoch: 225 | Loss: 0.0015 | Val - MRR: 0.3353, MR:  180.17, H@1: 0.249, H@3: 0.365, H@10: 0.509 | Test - MRR: 0.3323 | *
[2026-03-07 06:09:48,163][root][INFO] - Epoch: 226 | Loss: 0.0015 | Val - MRR: 0.3348, MR:  181.29, H@1: 0.248, H@3: 0.366, H@10: 0.509 | 
[2026-03-07 06:12:06,190][root][INFO] - Epoch: 227 | Loss: 0.0015 | Val - MRR: 0.3353, MR:  180.18, H@1: 0.249, H@3: 0.365, H@10: 0.509 | Test - MRR: 0.3322 | *
[2026-03-07 06:14:07,266][root][INFO] - Epoch: 228 | Loss: 0.0015 | Val - MRR: 0.3350, MR:  180.19, H@1: 0.248, H@3: 0.365, H@10: 0.510 | 
[2026-03-07 06:16:07,659][root][INFO] - Epoch: 229 | Loss: 0.0015 | Val - MRR: 0.3353, MR:  180.22, H@1: 0.248, H@3: 0.365, H@10: 0.509 | 
[2026-03-07 06:18:25,862][root][INFO] - Epoch: 230 | Loss: 0.0015 | Val - MRR: 0.3360, MR:  179.35, H@1: 0.250, H@3: 0.365, H@10: 0.509 | Test - MRR: 0.3329 | *
[2026-03-07 06:20:26,457][root][INFO] - Epoch: 231 | Loss: 0.0015 | Val - MRR: 0.3359, MR:  179.56, H@1: 0.250, H@3: 0.366, H@10: 0.509 | 
[2026-03-07 06:22:27,856][root][INFO] - Epoch: 232 | Loss: 0.0015 | Val - MRR: 0.3358, MR:  180.34, H@1: 0.249, H@3: 0.366, H@10: 0.509 | 
[2026-03-07 06:24:45,347][root][INFO] - Epoch: 233 | Loss: 0.0015 | Val - MRR: 0.3373, MR:  179.80, H@1: 0.251, H@3: 0.367, H@10: 0.510 | Test - MRR: 0.3339 | *
[2026-03-07 06:26:45,939][root][INFO] - Epoch: 234 | Loss: 0.0015 | Val - MRR: 0.3368, MR:  178.72, H@1: 0.251, H@3: 0.366, H@10: 0.511 | 
[2026-03-07 06:28:47,933][root][INFO] - Epoch: 235 | Loss: 0.0015 | Val - MRR: 0.3368, MR:  179.20, H@1: 0.251, H@3: 0.366, H@10: 0.510 | 
[2026-03-07 06:31:05,392][root][INFO] - Epoch: 236 | Loss: 0.0015 | Val - MRR: 0.3374, MR:  178.24, H@1: 0.251, H@3: 0.367, H@10: 0.511 | Test - MRR: 0.3335 | *
[2026-03-07 06:33:05,910][root][INFO] - Epoch: 237 | Loss: 0.0015 | Val - MRR: 0.3371, MR:  178.34, H@1: 0.250, H@3: 0.367, H@10: 0.510 | 
[2026-03-07 06:35:07,763][root][INFO] - Epoch: 238 | Loss: 0.0015 | Val - MRR: 0.3372, MR:  178.83, H@1: 0.251, H@3: 0.366, H@10: 0.510 | 
[2026-03-07 06:37:09,180][root][INFO] - Epoch: 239 | Loss: 0.0015 | Val - MRR: 0.3372, MR:  178.94, H@1: 0.251, H@3: 0.366, H@10: 0.510 | 
[2026-03-07 06:39:25,595][root][INFO] - Epoch: 240 | Loss: 0.0015 | Val - MRR: 0.3379, MR:  178.06, H@1: 0.252, H@3: 0.368, H@10: 0.511 | Test - MRR: 0.3346 | *
[2026-03-07 06:41:42,052][root][INFO] - Epoch: 241 | Loss: 0.0015 | Val - MRR: 0.3384, MR:  177.54, H@1: 0.252, H@3: 0.369, H@10: 0.512 | Test - MRR: 0.3345 | *
[2026-03-07 06:43:59,815][root][INFO] - Epoch: 242 | Loss: 0.0015 | Val - MRR: 0.3397, MR:  177.20, H@1: 0.254, H@3: 0.369, H@10: 0.512 | Test - MRR: 0.3353 | *
[2026-03-07 06:46:00,749][root][INFO] - Epoch: 243 | Loss: 0.0015 | Val - MRR: 0.3387, MR:  177.25, H@1: 0.252, H@3: 0.368, H@10: 0.512 | 
[2026-03-07 06:48:00,771][root][INFO] - Epoch: 244 | Loss: 0.0015 | Val - MRR: 0.3386, MR:  175.83, H@1: 0.252, H@3: 0.369, H@10: 0.512 | 
[2026-03-07 06:50:01,105][root][INFO] - Epoch: 245 | Loss: 0.0015 | Val - MRR: 0.3390, MR:  175.04, H@1: 0.253, H@3: 0.368, H@10: 0.512 | 
[2026-03-07 06:52:01,409][root][INFO] - Epoch: 246 | Loss: 0.0015 | Val - MRR: 0.3395, MR:  174.09, H@1: 0.253, H@3: 0.369, H@10: 0.513 | 
[2026-03-07 06:54:01,377][root][INFO] - Epoch: 247 | Loss: 0.0015 | Val - MRR: 0.3392, MR:  173.21, H@1: 0.252, H@3: 0.370, H@10: 0.513 | 
[2026-03-07 06:56:19,479][root][INFO] - Epoch: 248 | Loss: 0.0015 | Val - MRR: 0.3401, MR:  175.09, H@1: 0.254, H@3: 0.370, H@10: 0.515 | Test - MRR: 0.3360 | *
[2026-03-07 06:58:19,766][root][INFO] - Epoch: 249 | Loss: 0.0015 | Val - MRR: 0.3395, MR:  175.10, H@1: 0.252, H@3: 0.370, H@10: 0.515 | 
[2026-03-07 07:00:36,375][root][INFO] - Epoch: 250 | Loss: 0.0015 | Val - MRR: 0.3403, MR:  175.07, H@1: 0.254, H@3: 0.369, H@10: 0.515 | Test - MRR: 0.3360 | *
[2026-03-07 07:02:52,417][root][INFO] - Epoch: 251 | Loss: 0.0015 | Val - MRR: 0.3405, MR:  174.39, H@1: 0.254, H@3: 0.371, H@10: 0.515 | Test - MRR: 0.3364 | *
[2026-03-07 07:05:10,441][root][INFO] - Epoch: 252 | Loss: 0.0015 | Val - MRR: 0.3409, MR:  174.09, H@1: 0.254, H@3: 0.372, H@10: 0.516 | Test - MRR: 0.3366 | *
[2026-03-07 07:07:09,557][root][INFO] - Epoch: 253 | Loss: 0.0015 | Val - MRR: 0.3406, MR:  172.62, H@1: 0.254, H@3: 0.371, H@10: 0.515 | 
[2026-03-07 07:09:10,730][root][INFO] - Epoch: 254 | Loss: 0.0015 | Val - MRR: 0.3399, MR:  173.40, H@1: 0.253, H@3: 0.370, H@10: 0.515 | 
[2026-03-07 07:11:09,427][root][INFO] - Epoch: 255 | Loss: 0.0015 | Val - MRR: 0.3405, MR:  174.04, H@1: 0.253, H@3: 0.371, H@10: 0.516 | 
[2026-03-07 07:13:10,018][root][INFO] - Epoch: 256 | Loss: 0.0015 | Val - MRR: 0.3395, MR:  174.13, H@1: 0.252, H@3: 0.370, H@10: 0.516 | 
[2026-03-07 07:15:09,613][root][INFO] - Epoch: 257 | Loss: 0.0015 | Val - MRR: 0.3400, MR:  173.11, H@1: 0.253, H@3: 0.370, H@10: 0.518 | 
[2026-03-07 07:17:27,136][root][INFO] - Epoch: 258 | Loss: 0.0015 | Val - MRR: 0.3412, MR:  172.60, H@1: 0.254, H@3: 0.373, H@10: 0.517 | Test - MRR: 0.3368 | *
[2026-03-07 07:19:26,042][root][INFO] - Epoch: 259 | Loss: 0.0015 | Val - MRR: 0.3398, MR:  172.99, H@1: 0.253, H@3: 0.371, H@10: 0.516 | 
[2026-03-07 07:21:26,991][root][INFO] - Epoch: 260 | Loss: 0.0015 | Val - MRR: 0.3405, MR:  173.07, H@1: 0.253, H@3: 0.372, H@10: 0.515 | 
[2026-03-07 07:23:27,446][root][INFO] - Epoch: 261 | Loss: 0.0015 | Val - MRR: 0.3405, MR:  173.87, H@1: 0.253, H@3: 0.372, H@10: 0.516 | 
[2026-03-07 07:25:45,669][root][INFO] - Epoch: 262 | Loss: 0.0015 | Val - MRR: 0.3413, MR:  174.18, H@1: 0.254, H@3: 0.372, H@10: 0.517 | Test - MRR: 0.3367 | *
[2026-03-07 07:28:05,990][root][INFO] - Epoch: 263 | Loss: 0.0015 | Val - MRR: 0.3417, MR:  173.98, H@1: 0.254, H@3: 0.373, H@10: 0.516 | Test - MRR: 0.3373 | *
[2026-03-07 07:30:22,372][root][INFO] - Epoch: 264 | Loss: 0.0015 | Val - MRR: 0.3419, MR:  173.16, H@1: 0.254, H@3: 0.374, H@10: 0.518 | Test - MRR: 0.3379 | *
[2026-03-07 07:32:22,269][root][INFO] - Epoch: 265 | Loss: 0.0015 | Val - MRR: 0.3414, MR:  174.01, H@1: 0.254, H@3: 0.372, H@10: 0.517 | 
[2026-03-07 07:34:21,602][root][INFO] - Epoch: 266 | Loss: 0.0015 | Val - MRR: 0.3413, MR:  173.40, H@1: 0.255, H@3: 0.371, H@10: 0.515 | 
[2026-03-07 07:36:39,066][root][INFO] - Epoch: 267 | Loss: 0.0015 | Val - MRR: 0.3421, MR:  173.55, H@1: 0.255, H@3: 0.373, H@10: 0.518 | Test - MRR: 0.3382 | *
[2026-03-07 07:38:38,251][root][INFO] - Epoch: 268 | Loss: 0.0015 | Val - MRR: 0.3420, MR:  174.01, H@1: 0.255, H@3: 0.372, H@10: 0.518 | 
[2026-03-07 07:40:36,896][root][INFO] - Epoch: 269 | Loss: 0.0015 | Val - MRR: 0.3419, MR:  172.76, H@1: 0.255, H@3: 0.373, H@10: 0.518 | 
[2026-03-07 07:42:54,825][root][INFO] - Epoch: 270 | Loss: 0.0015 | Val - MRR: 0.3432, MR:  172.63, H@1: 0.256, H@3: 0.375, H@10: 0.518 | Test - MRR: 0.3395 | *
[2026-03-07 07:44:55,473][root][INFO] - Epoch: 271 | Loss: 0.0015 | Val - MRR: 0.3420, MR:  171.70, H@1: 0.255, H@3: 0.372, H@10: 0.517 | 
[2026-03-07 07:47:11,724][root][INFO] - Epoch: 272 | Loss: 0.0015 | Val - MRR: 0.3437, MR:  171.78, H@1: 0.257, H@3: 0.374, H@10: 0.518 | Test - MRR: 0.3389 | *
[2026-03-07 07:49:12,958][root][INFO] - Epoch: 273 | Loss: 0.0015 | Val - MRR: 0.3427, MR:  172.91, H@1: 0.257, H@3: 0.372, H@10: 0.516 | 
[2026-03-07 07:51:11,746][root][INFO] - Epoch: 274 | Loss: 0.0015 | Val - MRR: 0.3425, MR:  172.38, H@1: 0.256, H@3: 0.372, H@10: 0.518 | 
[2026-03-07 07:53:12,205][root][INFO] - Epoch: 275 | Loss: 0.0015 | Val - MRR: 0.3437, MR:  171.43, H@1: 0.257, H@3: 0.373, H@10: 0.519 | 
[2026-03-07 07:55:11,899][root][INFO] - Epoch: 276 | Loss: 0.0015 | Val - MRR: 0.3437, MR:  170.46, H@1: 0.258, H@3: 0.374, H@10: 0.517 | 
[2026-03-07 07:57:08,859][root][INFO] - Epoch: 277 | Loss: 0.0015 | Val - MRR: 0.3431, MR:  172.03, H@1: 0.257, H@3: 0.373, H@10: 0.517 | 
[2026-03-07 07:59:09,994][root][INFO] - Epoch: 278 | Loss: 0.0015 | Val - MRR: 0.3435, MR:  172.36, H@1: 0.257, H@3: 0.374, H@10: 0.518 | 
[2026-03-07 08:01:09,152][root][INFO] - Epoch: 279 | Loss: 0.0015 | Val - MRR: 0.3437, MR:  171.61, H@1: 0.257, H@3: 0.374, H@10: 0.519 | 
[2026-03-07 08:03:08,833][root][INFO] - Epoch: 280 | Loss: 0.0015 | Val - MRR: 0.3431, MR:  171.76, H@1: 0.256, H@3: 0.374, H@10: 0.519 | 
[2026-03-07 08:05:25,362][root][INFO] - Epoch: 281 | Loss: 0.0015 | Val - MRR: 0.3439, MR:  172.54, H@1: 0.257, H@3: 0.375, H@10: 0.519 | Test - MRR: 0.3396 | *
[2026-03-07 08:07:25,591][root][INFO] - Epoch: 282 | Loss: 0.0015 | Val - MRR: 0.3436, MR:  171.39, H@1: 0.256, H@3: 0.375, H@10: 0.519 | 
[2026-03-07 08:09:25,018][root][INFO] - Epoch: 283 | Loss: 0.0015 | Val - MRR: 0.3437, MR:  170.47, H@1: 0.257, H@3: 0.375, H@10: 0.519 | 
[2026-03-07 08:11:41,354][root][INFO] - Epoch: 284 | Loss: 0.0015 | Val - MRR: 0.3440, MR:  171.61, H@1: 0.257, H@3: 0.374, H@10: 0.520 | Test - MRR: 0.3399 | *
[2026-03-07 08:13:59,645][root][INFO] - Epoch: 285 | Loss: 0.0015 | Val - MRR: 0.3445, MR:  171.26, H@1: 0.257, H@3: 0.375, H@10: 0.519 | Test - MRR: 0.3401 | *
[2026-03-07 08:15:59,752][root][INFO] - Epoch: 286 | Loss: 0.0015 | Val - MRR: 0.3438, MR:  170.15, H@1: 0.256, H@3: 0.374, H@10: 0.519 | 
[2026-03-07 08:17:59,912][root][INFO] - Epoch: 287 | Loss: 0.0015 | Val - MRR: 0.3433, MR:  170.82, H@1: 0.255, H@3: 0.375, H@10: 0.519 | 
[2026-03-07 08:19:58,303][root][INFO] - Epoch: 288 | Loss: 0.0015 | Val - MRR: 0.3432, MR:  170.92, H@1: 0.256, H@3: 0.373, H@10: 0.519 | 
[2026-03-07 08:21:58,364][root][INFO] - Epoch: 289 | Loss: 0.0015 | Val - MRR: 0.3429, MR:  171.12, H@1: 0.255, H@3: 0.373, H@10: 0.519 | 
[2026-03-07 08:23:58,336][root][INFO] - Epoch: 290 | Loss: 0.0015 | Val - MRR: 0.3430, MR:  171.21, H@1: 0.255, H@3: 0.374, H@10: 0.520 | 
[2026-03-07 08:25:56,066][root][INFO] - Epoch: 291 | Loss: 0.0015 | Val - MRR: 0.3441, MR:  170.24, H@1: 0.257, H@3: 0.375, H@10: 0.521 | 
[2026-03-07 08:27:54,924][root][INFO] - Epoch: 292 | Loss: 0.0015 | Val - MRR: 0.3444, MR:  169.53, H@1: 0.257, H@3: 0.375, H@10: 0.521 | 
[2026-03-07 08:30:09,765][root][INFO] - Epoch: 293 | Loss: 0.0015 | Val - MRR: 0.3446, MR:  167.78, H@1: 0.257, H@3: 0.374, H@10: 0.521 | Test - MRR: 0.3406 | *
[2026-03-07 08:32:08,362][root][INFO] - Epoch: 294 | Loss: 0.0015 | Val - MRR: 0.3440, MR:  169.22, H@1: 0.256, H@3: 0.375, H@10: 0.521 | 
[2026-03-07 08:34:07,622][root][INFO] - Epoch: 295 | Loss: 0.0015 | Val - MRR: 0.3439, MR:  168.35, H@1: 0.256, H@3: 0.375, H@10: 0.521 | 
[2026-03-07 08:36:24,447][root][INFO] - Epoch: 296 | Loss: 0.0015 | Val - MRR: 0.3448, MR:  169.54, H@1: 0.258, H@3: 0.375, H@10: 0.521 | Test - MRR: 0.3400 | *
[2026-03-07 08:38:24,288][root][INFO] - Epoch: 297 | Loss: 0.0015 | Val - MRR: 0.3439, MR:  169.58, H@1: 0.256, H@3: 0.374, H@10: 0.521 | 
[2026-03-07 08:40:24,016][root][INFO] - Epoch: 298 | Loss: 0.0015 | Val - MRR: 0.3442, MR:  168.80, H@1: 0.256, H@3: 0.376, H@10: 0.522 | 
[2026-03-07 08:42:23,098][root][INFO] - Epoch: 299 | Loss: 0.0015 | Val - MRR: 0.3437, MR:  169.22, H@1: 0.255, H@3: 0.375, H@10: 0.521 | 
[2026-03-07 08:44:22,657][root][INFO] - Epoch: 300 | Loss: 0.0015 | Val - MRR: 0.3448, MR:  169.02, H@1: 0.257, H@3: 0.376, H@10: 0.521 | 
[2026-03-07 08:46:21,763][root][INFO] - Epoch: 301 | Loss: 0.0015 | Val - MRR: 0.3446, MR:  168.34, H@1: 0.256, H@3: 0.376, H@10: 0.521 | 
[2026-03-07 08:48:38,534][root][INFO] - Epoch: 302 | Loss: 0.0015 | Val - MRR: 0.3455, MR:  166.17, H@1: 0.258, H@3: 0.376, H@10: 0.522 | Test - MRR: 0.3410 | *
[2026-03-07 08:50:38,395][root][INFO] - Epoch: 303 | Loss: 0.0015 | Val - MRR: 0.3447, MR:  168.37, H@1: 0.256, H@3: 0.377, H@10: 0.521 | 
[2026-03-07 08:52:56,214][root][INFO] - Epoch: 304 | Loss: 0.0015 | Val - MRR: 0.3458, MR:  167.83, H@1: 0.258, H@3: 0.377, H@10: 0.522 | Test - MRR: 0.3415 | *
[2026-03-07 08:54:55,100][root][INFO] - Epoch: 305 | Loss: 0.0015 | Val - MRR: 0.3455, MR:  167.96, H@1: 0.258, H@3: 0.377, H@10: 0.521 | 
[2026-03-07 08:56:55,012][root][INFO] - Epoch: 306 | Loss: 0.0015 | Val - MRR: 0.3454, MR:  167.17, H@1: 0.258, H@3: 0.377, H@10: 0.521 | 
[2026-03-07 08:58:54,462][root][INFO] - Epoch: 307 | Loss: 0.0015 | Val - MRR: 0.3453, MR:  168.19, H@1: 0.257, H@3: 0.376, H@10: 0.522 | 
[2026-03-07 09:00:51,042][root][INFO] - Epoch: 308 | Loss: 0.0015 | Val - MRR: 0.3456, MR:  166.95, H@1: 0.258, H@3: 0.377, H@10: 0.522 | 
[2026-03-07 09:02:51,209][root][INFO] - Epoch: 309 | Loss: 0.0015 | Val - MRR: 0.3452, MR:  167.97, H@1: 0.258, H@3: 0.376, H@10: 0.522 | 
[2026-03-07 09:04:50,275][root][INFO] - Epoch: 310 | Loss: 0.0015 | Val - MRR: 0.3451, MR:  168.74, H@1: 0.257, H@3: 0.376, H@10: 0.523 | 
[2026-03-07 09:06:48,676][root][INFO] - Epoch: 311 | Loss: 0.0015 | Val - MRR: 0.3450, MR:  169.82, H@1: 0.257, H@3: 0.375, H@10: 0.523 | 
[2026-03-07 09:09:05,487][root][INFO] - Epoch: 312 | Loss: 0.0015 | Val - MRR: 0.3460, MR:  168.63, H@1: 0.259, H@3: 0.376, H@10: 0.522 | Test - MRR: 0.3417 | *
[2026-03-07 09:11:03,849][root][INFO] - Epoch: 313 | Loss: 0.0015 | Val - MRR: 0.3456, MR:  168.02, H@1: 0.257, H@3: 0.376, H@10: 0.523 | 
[2026-03-07 09:13:01,390][root][INFO] - Epoch: 314 | Loss: 0.0015 | Val - MRR: 0.3457, MR:  167.18, H@1: 0.257, H@3: 0.377, H@10: 0.523 | 
[2026-03-07 09:14:59,155][root][INFO] - Epoch: 315 | Loss: 0.0015 | Val - MRR: 0.3457, MR:  165.65, H@1: 0.257, H@3: 0.376, H@10: 0.524 | 
[2026-03-07 09:17:15,698][root][INFO] - Epoch: 316 | Loss: 0.0015 | Val - MRR: 0.3468, MR:  166.25, H@1: 0.259, H@3: 0.378, H@10: 0.525 | Test - MRR: 0.3424 | *
[2026-03-07 09:19:31,334][root][INFO] - Epoch: 317 | Loss: 0.0015 | Val - MRR: 0.3468, MR:  167.40, H@1: 0.260, H@3: 0.377, H@10: 0.523 | Test - MRR: 0.3425 | *
[2026-03-07 09:21:30,588][root][INFO] - Epoch: 318 | Loss: 0.0015 | Val - MRR: 0.3466, MR:  165.84, H@1: 0.259, H@3: 0.378, H@10: 0.523 | 
[2026-03-07 09:23:30,945][root][INFO] - Epoch: 319 | Loss: 0.0015 | Val - MRR: 0.3467, MR:  166.85, H@1: 0.259, H@3: 0.377, H@10: 0.525 | 
[2026-03-07 09:25:30,732][root][INFO] - Epoch: 320 | Loss: 0.0015 | Val - MRR: 0.3467, MR:  166.55, H@1: 0.259, H@3: 0.378, H@10: 0.525 | 
[2026-03-07 09:27:29,276][root][INFO] - Epoch: 321 | Loss: 0.0015 | Val - MRR: 0.3466, MR:  166.04, H@1: 0.259, H@3: 0.377, H@10: 0.524 | 
[2026-03-07 09:29:26,871][root][INFO] - Epoch: 322 | Loss: 0.0015 | Val - MRR: 0.3466, MR:  166.70, H@1: 0.259, H@3: 0.376, H@10: 0.524 | 
[2026-03-07 09:31:43,504][root][INFO] - Epoch: 323 | Loss: 0.0015 | Val - MRR: 0.3469, MR:  166.75, H@1: 0.259, H@3: 0.377, H@10: 0.524 | Test - MRR: 0.3426 | *
[2026-03-07 09:33:41,060][root][INFO] - Epoch: 324 | Loss: 0.0015 | Val - MRR: 0.3460, MR:  166.28, H@1: 0.258, H@3: 0.377, H@10: 0.523 | 
[2026-03-07 09:35:39,719][root][INFO] - Epoch: 325 | Loss: 0.0015 | Val - MRR: 0.3469, MR:  166.31, H@1: 0.259, H@3: 0.378, H@10: 0.524 | 
[2026-03-07 09:37:56,234][root][INFO] - Epoch: 326 | Loss: 0.0015 | Val - MRR: 0.3474, MR:  166.63, H@1: 0.259, H@3: 0.377, H@10: 0.525 | Test - MRR: 0.3437 | *
[2026-03-07 09:40:14,183][root][INFO] - Epoch: 327 | Loss: 0.0015 | Val - MRR: 0.3477, MR:  165.22, H@1: 0.260, H@3: 0.377, H@10: 0.526 | Test - MRR: 0.3436 | *
[2026-03-07 09:42:12,388][root][INFO] - Epoch: 328 | Loss: 0.0015 | Val - MRR: 0.3469, MR:  165.61, H@1: 0.259, H@3: 0.378, H@10: 0.527 | 
[2026-03-07 09:44:28,504][root][INFO] - Epoch: 329 | Loss: 0.0015 | Val - MRR: 0.3478, MR:  165.81, H@1: 0.260, H@3: 0.378, H@10: 0.526 | Test - MRR: 0.3435 | *
[2026-03-07 09:46:28,183][root][INFO] - Epoch: 330 | Loss: 0.0015 | Val - MRR: 0.3470, MR:  165.97, H@1: 0.259, H@3: 0.377, H@10: 0.525 | 
[2026-03-07 09:48:26,322][root][INFO] - Epoch: 331 | Loss: 0.0015 | Val - MRR: 0.3470, MR:  166.62, H@1: 0.259, H@3: 0.377, H@10: 0.525 | 
[2026-03-07 09:50:24,734][root][INFO] - Epoch: 332 | Loss: 0.0015 | Val - MRR: 0.3468, MR:  166.14, H@1: 0.258, H@3: 0.377, H@10: 0.525 | 
[2026-03-07 09:52:22,217][root][INFO] - Epoch: 333 | Loss: 0.0015 | Val - MRR: 0.3475, MR:  165.63, H@1: 0.259, H@3: 0.378, H@10: 0.525 | 
[2026-03-07 09:54:22,240][root][INFO] - Epoch: 334 | Loss: 0.0015 | Val - MRR: 0.3471, MR:  165.82, H@1: 0.258, H@3: 0.378, H@10: 0.526 | 
[2026-03-07 09:56:20,838][root][INFO] - Epoch: 335 | Loss: 0.0015 | Val - MRR: 0.3471, MR:  165.12, H@1: 0.259, H@3: 0.378, H@10: 0.526 | 
[2026-03-07 09:58:18,883][root][INFO] - Epoch: 336 | Loss: 0.0015 | Val - MRR: 0.3475, MR:  164.53, H@1: 0.259, H@3: 0.379, H@10: 0.526 | 
[2026-03-07 10:00:17,342][root][INFO] - Epoch: 337 | Loss: 0.0015 | Val - MRR: 0.3472, MR:  165.59, H@1: 0.259, H@3: 0.378, H@10: 0.525 | 
[2026-03-07 10:02:15,760][root][INFO] - Epoch: 338 | Loss: 0.0015 | Val - MRR: 0.3467, MR:  165.76, H@1: 0.258, H@3: 0.377, H@10: 0.524 | 
[2026-03-07 10:04:16,053][root][INFO] - Epoch: 339 | Loss: 0.0015 | Val - MRR: 0.3471, MR:  166.16, H@1: 0.259, H@3: 0.378, H@10: 0.525 | 
[2026-03-07 10:06:15,615][root][INFO] - Epoch: 340 | Loss: 0.0015 | Val - MRR: 0.3473, MR:  165.78, H@1: 0.260, H@3: 0.378, H@10: 0.526 | 
[2026-03-07 10:08:14,808][root][INFO] - Epoch: 341 | Loss: 0.0015 | Val - MRR: 0.3472, MR:  165.00, H@1: 0.260, H@3: 0.377, H@10: 0.526 | 
[2026-03-07 10:10:13,843][root][INFO] - Epoch: 342 | Loss: 0.0015 | Val - MRR: 0.3475, MR:  165.87, H@1: 0.260, H@3: 0.377, H@10: 0.526 | 
[2026-03-07 10:12:28,833][root][INFO] - Epoch: 343 | Loss: 0.0015 | Val - MRR: 0.3479, MR:  165.61, H@1: 0.260, H@3: 0.378, H@10: 0.527 | Test - MRR: 0.3442 | *
[2026-03-07 10:14:44,118][root][INFO] - Epoch: 344 | Loss: 0.0015 | Val - MRR: 0.3485, MR:  165.46, H@1: 0.261, H@3: 0.378, H@10: 0.526 | Test - MRR: 0.3441 | *
[2026-03-07 10:17:01,092][root][INFO] - Epoch: 345 | Loss: 0.0015 | Val - MRR: 0.3487, MR:  164.07, H@1: 0.261, H@3: 0.379, H@10: 0.526 | Test - MRR: 0.3445 | *
[2026-03-07 10:18:58,184][root][INFO] - Epoch: 346 | Loss: 0.0015 | Val - MRR: 0.3485, MR:  164.35, H@1: 0.261, H@3: 0.379, H@10: 0.527 | 
[2026-03-07 10:20:56,776][root][INFO] - Epoch: 347 | Loss: 0.0015 | Val - MRR: 0.3485, MR:  165.03, H@1: 0.261, H@3: 0.379, H@10: 0.526 | 
[2026-03-07 10:22:54,760][root][INFO] - Epoch: 348 | Loss: 0.0015 | Val - MRR: 0.3475, MR:  165.77, H@1: 0.259, H@3: 0.378, H@10: 0.526 | 
[2026-03-07 10:24:53,021][root][INFO] - Epoch: 349 | Loss: 0.0015 | Val - MRR: 0.3483, MR:  165.93, H@1: 0.260, H@3: 0.380, H@10: 0.527 | 
[2026-03-07 10:26:51,462][root][INFO] - Epoch: 350 | Loss: 0.0015 | Val - MRR: 0.3485, MR:  165.16, H@1: 0.260, H@3: 0.379, H@10: 0.527 | 
[2026-03-07 10:29:07,191][root][INFO] - Epoch: 351 | Loss: 0.0015 | Val - MRR: 0.3489, MR:  165.26, H@1: 0.261, H@3: 0.381, H@10: 0.527 | Test - MRR: 0.3445 | *
[2026-03-07 10:31:05,092][root][INFO] - Epoch: 352 | Loss: 0.0015 | Val - MRR: 0.3484, MR:  165.63, H@1: 0.260, H@3: 0.379, H@10: 0.527 | 
[2026-03-07 10:33:03,317][root][INFO] - Epoch: 353 | Loss: 0.0015 | Val - MRR: 0.3486, MR:  165.10, H@1: 0.260, H@3: 0.379, H@10: 0.527 | 
[2026-03-07 10:35:16,640][root][INFO] - Epoch: 354 | Loss: 0.0015 | Val - MRR: 0.3494, MR:  164.98, H@1: 0.262, H@3: 0.380, H@10: 0.526 | Test - MRR: 0.3450 | *
[2026-03-07 10:37:32,280][root][INFO] - Epoch: 355 | Loss: 0.0015 | Val - MRR: 0.3500, MR:  163.95, H@1: 0.262, H@3: 0.381, H@10: 0.527 | Test - MRR: 0.3458 | *
[2026-03-07 10:39:48,205][root][INFO] - Epoch: 356 | Loss: 0.0015 | Val - MRR: 0.3504, MR:  164.13, H@1: 0.262, H@3: 0.381, H@10: 0.527 | Test - MRR: 0.3458 | *
[2026-03-07 10:41:47,084][root][INFO] - Epoch: 357 | Loss: 0.0015 | Val - MRR: 0.3497, MR:  165.07, H@1: 0.262, H@3: 0.381, H@10: 0.528 | 
[2026-03-07 10:43:46,312][root][INFO] - Epoch: 358 | Loss: 0.0015 | Val - MRR: 0.3495, MR:  164.48, H@1: 0.261, H@3: 0.381, H@10: 0.527 | 
[2026-03-07 10:45:44,850][root][INFO] - Epoch: 359 | Loss: 0.0015 | Val - MRR: 0.3502, MR:  163.75, H@1: 0.262, H@3: 0.382, H@10: 0.529 | 
[2026-03-07 10:47:43,400][root][INFO] - Epoch: 360 | Loss: 0.0015 | Val - MRR: 0.3499, MR:  164.17, H@1: 0.262, H@3: 0.380, H@10: 0.528 | 
[2026-03-07 10:49:41,317][root][INFO] - Epoch: 361 | Loss: 0.0015 | Val - MRR: 0.3497, MR:  164.88, H@1: 0.262, H@3: 0.381, H@10: 0.527 | 
[2026-03-07 10:51:40,419][root][INFO] - Epoch: 362 | Loss: 0.0015 | Val - MRR: 0.3495, MR:  165.10, H@1: 0.261, H@3: 0.382, H@10: 0.527 | 
[2026-03-07 10:53:37,895][root][INFO] - Epoch: 363 | Loss: 0.0015 | Val - MRR: 0.3500, MR:  164.62, H@1: 0.262, H@3: 0.381, H@10: 0.527 | 
[2026-03-07 10:55:36,840][root][INFO] - Epoch: 364 | Loss: 0.0015 | Val - MRR: 0.3498, MR:  163.36, H@1: 0.262, H@3: 0.380, H@10: 0.527 | 
[2026-03-07 10:57:35,203][root][INFO] - Epoch: 365 | Loss: 0.0015 | Val - MRR: 0.3495, MR:  164.76, H@1: 0.261, H@3: 0.381, H@10: 0.527 | 
[2026-03-07 10:59:50,938][root][INFO] - Epoch: 366 | Loss: 0.0015 | Val - MRR: 0.3505, MR:  164.42, H@1: 0.263, H@3: 0.380, H@10: 0.528 | Test - MRR: 0.3458 | *
[2026-03-07 11:01:48,711][root][INFO] - Epoch: 367 | Loss: 0.0015 | Val - MRR: 0.3503, MR:  164.18, H@1: 0.262, H@3: 0.381, H@10: 0.529 | 
[2026-03-07 11:03:47,782][root][INFO] - Epoch: 368 | Loss: 0.0015 | Val - MRR: 0.3500, MR:  164.09, H@1: 0.262, H@3: 0.380, H@10: 0.528 | 
[2026-03-07 11:05:44,751][root][INFO] - Epoch: 369 | Loss: 0.0015 | Val - MRR: 0.3504, MR:  164.76, H@1: 0.263, H@3: 0.380, H@10: 0.528 | 
[2026-03-07 11:07:44,708][root][INFO] - Epoch: 370 | Loss: 0.0015 | Val - MRR: 0.3504, MR:  164.99, H@1: 0.263, H@3: 0.381, H@10: 0.528 | 
[2026-03-07 11:09:42,383][root][INFO] - Epoch: 371 | Loss: 0.0015 | Val - MRR: 0.3499, MR:  164.71, H@1: 0.262, H@3: 0.382, H@10: 0.528 | 
[2026-03-07 11:11:41,622][root][INFO] - Epoch: 372 | Loss: 0.0015 | Val - MRR: 0.3504, MR:  164.21, H@1: 0.262, H@3: 0.381, H@10: 0.528 | 
[2026-03-07 11:13:56,610][root][INFO] - Epoch: 373 | Loss: 0.0015 | Val - MRR: 0.3508, MR:  163.66, H@1: 0.262, H@3: 0.382, H@10: 0.528 | Test - MRR: 0.3462 | *
[2026-03-07 11:15:53,129][root][INFO] - Epoch: 374 | Loss: 0.0015 | Val - MRR: 0.3505, MR:  164.72, H@1: 0.262, H@3: 0.382, H@10: 0.528 | 
[2026-03-07 11:17:51,395][root][INFO] - Epoch: 375 | Loss: 0.0015 | Val - MRR: 0.3501, MR:  163.59, H@1: 0.261, H@3: 0.382, H@10: 0.528 | 
[2026-03-07 11:19:49,726][root][INFO] - Epoch: 376 | Loss: 0.0015 | Val - MRR: 0.3505, MR:  163.91, H@1: 0.262, H@3: 0.382, H@10: 0.529 | 
[2026-03-07 11:22:05,567][root][INFO] - Epoch: 377 | Loss: 0.0015 | Val - MRR: 0.3508, MR:  163.68, H@1: 0.262, H@3: 0.383, H@10: 0.529 | Test - MRR: 0.3465 | *
[2026-03-07 11:24:21,871][root][INFO] - Epoch: 378 | Loss: 0.0015 | Val - MRR: 0.3513, MR:  163.60, H@1: 0.263, H@3: 0.382, H@10: 0.530 | Test - MRR: 0.3466 | *
[2026-03-07 11:26:19,435][root][INFO] - Epoch: 379 | Loss: 0.0015 | Val - MRR: 0.3511, MR:  163.51, H@1: 0.263, H@3: 0.381, H@10: 0.529 | 
[2026-03-07 11:28:19,197][root][INFO] - Epoch: 380 | Loss: 0.0015 | Val - MRR: 0.3513, MR:  162.98, H@1: 0.263, H@3: 0.382, H@10: 0.528 | 
[2026-03-07 11:30:17,048][root][INFO] - Epoch: 381 | Loss: 0.0015 | Val - MRR: 0.3506, MR:  163.49, H@1: 0.262, H@3: 0.382, H@10: 0.528 | 
[2026-03-07 11:32:15,465][root][INFO] - Epoch: 382 | Loss: 0.0015 | Val - MRR: 0.3507, MR:  163.76, H@1: 0.262, H@3: 0.382, H@10: 0.528 | 
[2026-03-07 11:34:29,236][root][INFO] - Epoch: 383 | Loss: 0.0015 | Val - MRR: 0.3513, MR:  163.73, H@1: 0.263, H@3: 0.381, H@10: 0.530 | Test - MRR: 0.3466 | *
[2026-03-07 11:36:27,700][root][INFO] - Epoch: 384 | Loss: 0.0015 | Val - MRR: 0.3508, MR:  165.19, H@1: 0.263, H@3: 0.381, H@10: 0.530 | 
[2026-03-07 11:38:25,493][root][INFO] - Epoch: 385 | Loss: 0.0015 | Val - MRR: 0.3508, MR:  163.56, H@1: 0.263, H@3: 0.381, H@10: 0.530 | 
[2026-03-07 11:40:22,478][root][INFO] - Epoch: 386 | Loss: 0.0015 | Val - MRR: 0.3502, MR:  165.01, H@1: 0.261, H@3: 0.382, H@10: 0.530 | 
[2026-03-07 11:42:21,223][root][INFO] - Epoch: 387 | Loss: 0.0015 | Val - MRR: 0.3511, MR:  162.96, H@1: 0.262, H@3: 0.382, H@10: 0.530 | 
[2026-03-07 11:44:19,120][root][INFO] - Epoch: 388 | Loss: 0.0015 | Val - MRR: 0.3503, MR:  163.11, H@1: 0.262, H@3: 0.381, H@10: 0.530 | 
[2026-03-07 11:46:17,082][root][INFO] - Epoch: 389 | Loss: 0.0015 | Val - MRR: 0.3503, MR:  162.32, H@1: 0.262, H@3: 0.381, H@10: 0.530 | 
[2026-03-07 11:48:15,348][root][INFO] - Epoch: 390 | Loss: 0.0015 | Val - MRR: 0.3509, MR:  163.14, H@1: 0.262, H@3: 0.382, H@10: 0.531 | 
[2026-03-07 11:50:14,771][root][INFO] - Epoch: 391 | Loss: 0.0015 | Val - MRR: 0.3504, MR:  163.19, H@1: 0.262, H@3: 0.381, H@10: 0.530 | 
[2026-03-07 11:52:11,280][root][INFO] - Epoch: 392 | Loss: 0.0015 | Val - MRR: 0.3503, MR:  161.90, H@1: 0.261, H@3: 0.382, H@10: 0.530 | 
[2026-03-07 11:54:09,247][root][INFO] - Epoch: 393 | Loss: 0.0015 | Val - MRR: 0.3505, MR:  161.79, H@1: 0.262, H@3: 0.381, H@10: 0.530 | 
[2026-03-07 11:56:07,528][root][INFO] - Epoch: 394 | Loss: 0.0015 | Val - MRR: 0.3506, MR:  161.93, H@1: 0.262, H@3: 0.382, H@10: 0.529 | 
[2026-03-07 11:58:05,988][root][INFO] - Epoch: 395 | Loss: 0.0015 | Val - MRR: 0.3505, MR:  162.26, H@1: 0.262, H@3: 0.381, H@10: 0.530 | 
[2026-03-07 12:00:03,387][root][INFO] - Epoch: 396 | Loss: 0.0015 | Val - MRR: 0.3506, MR:  163.21, H@1: 0.262, H@3: 0.382, H@10: 0.529 | 
[2026-03-07 12:01:59,784][root][INFO] - Epoch: 397 | Loss: 0.0015 | Val - MRR: 0.3507, MR:  162.36, H@1: 0.262, H@3: 0.381, H@10: 0.530 | 
[2026-03-07 12:03:58,592][root][INFO] - Epoch: 398 | Loss: 0.0015 | Val - MRR: 0.3513, MR:  161.32, H@1: 0.262, H@3: 0.383, H@10: 0.530 | 
[2026-03-07 12:05:57,234][root][INFO] - Epoch: 399 | Loss: 0.0015 | Val - MRR: 0.3505, MR:  162.43, H@1: 0.261, H@3: 0.383, H@10: 0.528 | 
[2026-03-07 12:07:54,362][root][INFO] - Epoch: 400 | Loss: 0.0015 | Val - MRR: 0.3507, MR:  162.69, H@1: 0.262, H@3: 0.382, H@10: 0.529 | 
[2026-03-07 12:10:11,027][root][INFO] - Epoch: 401 | Loss: 0.0015 | Val - MRR: 0.3514, MR:  162.55, H@1: 0.263, H@3: 0.381, H@10: 0.530 | Test - MRR: 0.3476 | *
[2026-03-07 12:12:26,477][root][INFO] - Epoch: 402 | Loss: 0.0015 | Val - MRR: 0.3514, MR:  161.68, H@1: 0.263, H@3: 0.383, H@10: 0.530 | Test - MRR: 0.3477 | *
[2026-03-07 12:14:23,284][root][INFO] - Epoch: 403 | Loss: 0.0015 | Val - MRR: 0.3507, MR:  162.41, H@1: 0.262, H@3: 0.382, H@10: 0.531 | 
[2026-03-07 12:16:39,382][root][INFO] - Epoch: 404 | Loss: 0.0015 | Val - MRR: 0.3517, MR:  162.54, H@1: 0.263, H@3: 0.383, H@10: 0.531 | Test - MRR: 0.3475 | *
[2026-03-07 12:18:53,225][root][INFO] - Epoch: 405 | Loss: 0.0015 | Val - MRR: 0.3517, MR:  162.28, H@1: 0.263, H@3: 0.382, H@10: 0.531 | Test - MRR: 0.3472 | *
[2026-03-07 12:20:50,733][root][INFO] - Epoch: 406 | Loss: 0.0015 | Val - MRR: 0.3508, MR:  161.06, H@1: 0.262, H@3: 0.383, H@10: 0.530 | 
[2026-03-07 12:23:07,097][root][INFO] - Epoch: 407 | Loss: 0.0015 | Val - MRR: 0.3522, MR:  161.83, H@1: 0.264, H@3: 0.383, H@10: 0.531 | Test - MRR: 0.3468 | *
[2026-03-07 12:25:06,202][root][INFO] - Epoch: 408 | Loss: 0.0015 | Val - MRR: 0.3512, MR:  161.66, H@1: 0.262, H@3: 0.383, H@10: 0.531 | 
[2026-03-07 12:27:05,066][root][INFO] - Epoch: 409 | Loss: 0.0015 | Val - MRR: 0.3512, MR:  161.77, H@1: 0.262, H@3: 0.383, H@10: 0.530 | 
[2026-03-07 12:29:04,699][root][INFO] - Epoch: 410 | Loss: 0.0015 | Val - MRR: 0.3517, MR:  160.86, H@1: 0.262, H@3: 0.383, H@10: 0.532 | 
[2026-03-07 12:31:01,814][root][INFO] - Epoch: 411 | Loss: 0.0015 | Val - MRR: 0.3522, MR:  161.60, H@1: 0.264, H@3: 0.384, H@10: 0.531 | 
[2026-03-07 12:33:00,340][root][INFO] - Epoch: 412 | Loss: 0.0015 | Val - MRR: 0.3515, MR:  162.57, H@1: 0.263, H@3: 0.383, H@10: 0.532 | 
[2026-03-07 12:34:58,620][root][INFO] - Epoch: 413 | Loss: 0.0015 | Val - MRR: 0.3512, MR:  162.67, H@1: 0.262, H@3: 0.382, H@10: 0.532 | 
[2026-03-07 12:36:57,009][root][INFO] - Epoch: 414 | Loss: 0.0015 | Val - MRR: 0.3509, MR:  162.37, H@1: 0.262, H@3: 0.382, H@10: 0.532 | 
[2026-03-07 12:38:55,589][root][INFO] - Epoch: 415 | Loss: 0.0015 | Val - MRR: 0.3512, MR:  161.98, H@1: 0.263, H@3: 0.381, H@10: 0.531 | 
[2026-03-07 12:40:53,165][root][INFO] - Epoch: 416 | Loss: 0.0015 | Val - MRR: 0.3518, MR:  161.21, H@1: 0.263, H@3: 0.383, H@10: 0.531 | 
[2026-03-07 12:42:51,582][root][INFO] - Epoch: 417 | Loss: 0.0015 | Val - MRR: 0.3513, MR:  161.47, H@1: 0.262, H@3: 0.383, H@10: 0.532 | 
[2026-03-07 12:44:49,116][root][INFO] - Epoch: 418 | Loss: 0.0015 | Val - MRR: 0.3513, MR:  161.28, H@1: 0.262, H@3: 0.382, H@10: 0.532 | 
[2026-03-07 12:46:46,646][root][INFO] - Epoch: 419 | Loss: 0.0015 | Val - MRR: 0.3510, MR:  161.02, H@1: 0.262, H@3: 0.382, H@10: 0.532 | 
[2026-03-07 12:48:44,211][root][INFO] - Epoch: 420 | Loss: 0.0015 | Val - MRR: 0.3512, MR:  161.35, H@1: 0.262, H@3: 0.383, H@10: 0.531 | 
[2026-03-07 12:50:43,115][root][INFO] - Epoch: 421 | Loss: 0.0015 | Val - MRR: 0.3512, MR:  161.38, H@1: 0.262, H@3: 0.382, H@10: 0.532 | 
[2026-03-07 12:52:41,746][root][INFO] - Epoch: 422 | Loss: 0.0015 | Val - MRR: 0.3516, MR:  161.23, H@1: 0.263, H@3: 0.382, H@10: 0.532 | 
[2026-03-07 12:54:38,564][root][INFO] - Epoch: 423 | Loss: 0.0015 | Val - MRR: 0.3515, MR:  161.30, H@1: 0.263, H@3: 0.383, H@10: 0.532 | 
[2026-03-07 12:56:35,844][root][INFO] - Epoch: 424 | Loss: 0.0015 | Val - MRR: 0.3520, MR:  161.35, H@1: 0.263, H@3: 0.383, H@10: 0.531 | 
[2026-03-07 12:58:34,508][root][INFO] - Epoch: 425 | Loss: 0.0015 | Val - MRR: 0.3518, MR:  161.38, H@1: 0.263, H@3: 0.382, H@10: 0.531 | 
[2026-03-07 13:00:32,419][root][INFO] - Epoch: 426 | Loss: 0.0015 | Val - MRR: 0.3520, MR:  160.93, H@1: 0.263, H@3: 0.383, H@10: 0.533 | 
[2026-03-07 13:02:31,830][root][INFO] - Epoch: 427 | Loss: 0.0015 | Val - MRR: 0.3519, MR:  161.45, H@1: 0.264, H@3: 0.382, H@10: 0.532 | 
[2026-03-07 13:04:29,153][root][INFO] - Epoch: 428 | Loss: 0.0015 | Val - MRR: 0.3517, MR:  161.16, H@1: 0.263, H@3: 0.382, H@10: 0.532 | 
[2026-03-07 13:06:28,473][root][INFO] - Epoch: 429 | Loss: 0.0015 | Val - MRR: 0.3518, MR:  160.97, H@1: 0.263, H@3: 0.382, H@10: 0.532 | 
[2026-03-07 13:08:42,923][root][INFO] - Epoch: 430 | Loss: 0.0015 | Val - MRR: 0.3523, MR:  161.02, H@1: 0.264, H@3: 0.382, H@10: 0.532 | Test - MRR: 0.3477 | *
[2026-03-07 13:10:58,232][root][INFO] - Epoch: 431 | Loss: 0.0015 | Val - MRR: 0.3524, MR:  160.43, H@1: 0.264, H@3: 0.383, H@10: 0.532 | Test - MRR: 0.3475 | *
[2026-03-07 13:13:12,150][root][INFO] - Epoch: 432 | Loss: 0.0015 | Val - MRR: 0.3526, MR:  161.28, H@1: 0.264, H@3: 0.384, H@10: 0.531 | Test - MRR: 0.3477 | *
[2026-03-07 13:15:09,748][root][INFO] - Epoch: 433 | Loss: 0.0015 | Val - MRR: 0.3525, MR:  161.87, H@1: 0.264, H@3: 0.384, H@10: 0.532 | 
[2026-03-07 13:17:08,212][root][INFO] - Epoch: 434 | Loss: 0.0015 | Val - MRR: 0.3523, MR:  161.97, H@1: 0.263, H@3: 0.383, H@10: 0.531 | 
[2026-03-07 13:19:23,251][root][INFO] - Epoch: 435 | Loss: 0.0015 | Val - MRR: 0.3527, MR:  160.40, H@1: 0.264, H@3: 0.383, H@10: 0.531 | Test - MRR: 0.3476 | *
[2026-03-07 13:21:37,340][root][INFO] - Epoch: 436 | Loss: 0.0015 | Val - MRR: 0.3531, MR:  160.54, H@1: 0.265, H@3: 0.384, H@10: 0.532 | Test - MRR: 0.3480 | *
[2026-03-07 13:23:35,362][root][INFO] - Epoch: 437 | Loss: 0.0015 | Val - MRR: 0.3526, MR:  160.96, H@1: 0.263, H@3: 0.383, H@10: 0.532 | 
[2026-03-07 13:25:33,215][root][INFO] - Epoch: 438 | Loss: 0.0015 | Val - MRR: 0.3524, MR:  161.38, H@1: 0.263, H@3: 0.383, H@10: 0.531 | 
[2026-03-07 13:27:32,399][root][INFO] - Epoch: 439 | Loss: 0.0015 | Val - MRR: 0.3526, MR:  161.10, H@1: 0.264, H@3: 0.383, H@10: 0.533 | 
[2026-03-07 13:29:30,844][root][INFO] - Epoch: 440 | Loss: 0.0015 | Val - MRR: 0.3530, MR:  161.40, H@1: 0.264, H@3: 0.383, H@10: 0.533 | 
[2026-03-07 13:31:28,971][root][INFO] - Epoch: 441 | Loss: 0.0015 | Val - MRR: 0.3525, MR:  161.24, H@1: 0.263, H@3: 0.385, H@10: 0.532 | 
[2026-03-07 13:33:25,823][root][INFO] - Epoch: 442 | Loss: 0.0015 | Val - MRR: 0.3527, MR:  161.29, H@1: 0.263, H@3: 0.384, H@10: 0.532 | 
[2026-03-07 13:35:24,298][root][INFO] - Epoch: 443 | Loss: 0.0015 | Val - MRR: 0.3526, MR:  160.72, H@1: 0.263, H@3: 0.384, H@10: 0.531 | 
[2026-03-07 13:37:22,204][root][INFO] - Epoch: 444 | Loss: 0.0015 | Val - MRR: 0.3522, MR:  160.52, H@1: 0.263, H@3: 0.383, H@10: 0.531 | 
[2026-03-07 13:39:19,806][root][INFO] - Epoch: 445 | Loss: 0.0015 | Val - MRR: 0.3525, MR:  160.76, H@1: 0.263, H@3: 0.385, H@10: 0.532 | 
[2026-03-07 13:41:18,766][root][INFO] - Epoch: 446 | Loss: 0.0015 | Val - MRR: 0.3530, MR:  160.64, H@1: 0.264, H@3: 0.385, H@10: 0.532 | 
[2026-03-07 13:43:14,516][root][INFO] - Epoch: 447 | Loss: 0.0015 | Val - MRR: 0.3528, MR:  161.31, H@1: 0.264, H@3: 0.384, H@10: 0.532 | 
[2026-03-07 13:45:12,423][root][INFO] - Epoch: 448 | Loss: 0.0015 | Val - MRR: 0.3528, MR:  161.17, H@1: 0.264, H@3: 0.385, H@10: 0.533 | 
[2026-03-07 13:47:10,178][root][INFO] - Epoch: 449 | Loss: 0.0015 | Val - MRR: 0.3526, MR:  161.14, H@1: 0.264, H@3: 0.383, H@10: 0.533 | 
[2026-03-07 13:49:08,953][root][INFO] - Epoch: 450 | Loss: 0.0015 | Val - MRR: 0.3530, MR:  162.08, H@1: 0.264, H@3: 0.385, H@10: 0.533 | 
[2026-03-07 13:51:06,003][root][INFO] - Epoch: 451 | Loss: 0.0015 | Val - MRR: 0.3527, MR:  161.97, H@1: 0.263, H@3: 0.385, H@10: 0.533 | 
[2026-03-07 13:53:20,554][root][INFO] - Epoch: 452 | Loss: 0.0015 | Val - MRR: 0.3533, MR:  162.30, H@1: 0.264, H@3: 0.385, H@10: 0.534 | Test - MRR: 0.3479 | *
[2026-03-07 13:55:36,283][root][INFO] - Epoch: 453 | Loss: 0.0015 | Val - MRR: 0.3533, MR:  162.18, H@1: 0.264, H@3: 0.385, H@10: 0.533 | Test - MRR: 0.3481 | *
[2026-03-07 13:57:50,540][root][INFO] - Epoch: 454 | Loss: 0.0015 | Val - MRR: 0.3535, MR:  160.40, H@1: 0.264, H@3: 0.385, H@10: 0.534 | Test - MRR: 0.3483 | *
[2026-03-07 13:59:48,241][root][INFO] - Epoch: 455 | Loss: 0.0015 | Val - MRR: 0.3533, MR:  160.94, H@1: 0.264, H@3: 0.385, H@10: 0.533 | 
[2026-03-07 14:02:02,319][root][INFO] - Epoch: 456 | Loss: 0.0015 | Val - MRR: 0.3537, MR:  161.54, H@1: 0.264, H@3: 0.386, H@10: 0.533 | Test - MRR: 0.3486 | *
[2026-03-07 14:04:02,291][root][INFO] - Epoch: 457 | Loss: 0.0015 | Val - MRR: 0.3530, MR:  161.21, H@1: 0.264, H@3: 0.385, H@10: 0.533 | 
[2026-03-07 14:05:59,689][root][INFO] - Epoch: 458 | Loss: 0.0015 | Val - MRR: 0.3531, MR:  160.51, H@1: 0.264, H@3: 0.386, H@10: 0.533 | 
[2026-03-07 14:07:57,086][root][INFO] - Epoch: 459 | Loss: 0.0015 | Val - MRR: 0.3534, MR:  161.08, H@1: 0.264, H@3: 0.385, H@10: 0.533 | 
[2026-03-07 14:09:55,472][root][INFO] - Epoch: 460 | Loss: 0.0015 | Val - MRR: 0.3530, MR:  161.48, H@1: 0.264, H@3: 0.384, H@10: 0.532 | 
[2026-03-07 14:12:10,471][root][INFO] - Epoch: 461 | Loss: 0.0015 | Val - MRR: 0.3539, MR:  160.55, H@1: 0.265, H@3: 0.385, H@10: 0.533 | Test - MRR: 0.3488 | *
[2026-03-07 14:14:08,432][root][INFO] - Epoch: 462 | Loss: 0.0015 | Val - MRR: 0.3539, MR:  161.33, H@1: 0.265, H@3: 0.385, H@10: 0.534 | 
[2026-03-07 14:16:05,689][root][INFO] - Epoch: 463 | Loss: 0.0015 | Val - MRR: 0.3534, MR:  160.75, H@1: 0.264, H@3: 0.384, H@10: 0.533 | 
[2026-03-07 14:18:03,934][root][INFO] - Epoch: 464 | Loss: 0.0015 | Val - MRR: 0.3535, MR:  160.18, H@1: 0.264, H@3: 0.385, H@10: 0.533 | 
[2026-03-07 14:20:00,019][root][INFO] - Epoch: 465 | Loss: 0.0015 | Val - MRR: 0.3533, MR:  160.97, H@1: 0.264, H@3: 0.385, H@10: 0.533 | 
[2026-03-07 14:21:57,076][root][INFO] - Epoch: 466 | Loss: 0.0015 | Val - MRR: 0.3529, MR:  160.24, H@1: 0.263, H@3: 0.386, H@10: 0.533 | 
[2026-03-07 14:23:53,525][root][INFO] - Epoch: 467 | Loss: 0.0015 | Val - MRR: 0.3530, MR:  160.51, H@1: 0.263, H@3: 0.385, H@10: 0.532 | 
[2026-03-07 14:25:49,075][root][INFO] - Epoch: 468 | Loss: 0.0015 | Val - MRR: 0.3534, MR:  160.52, H@1: 0.264, H@3: 0.385, H@10: 0.532 | 
[2026-03-07 14:27:46,931][root][INFO] - Epoch: 469 | Loss: 0.0015 | Val - MRR: 0.3532, MR:  160.25, H@1: 0.264, H@3: 0.385, H@10: 0.533 | 
[2026-03-07 14:29:44,342][root][INFO] - Epoch: 470 | Loss: 0.0015 | Val - MRR: 0.3534, MR:  160.96, H@1: 0.264, H@3: 0.385, H@10: 0.533 | 
[2026-03-07 14:31:43,632][root][INFO] - Epoch: 471 | Loss: 0.0015 | Val - MRR: 0.3533, MR:  161.14, H@1: 0.264, H@3: 0.384, H@10: 0.533 | 
[2026-03-07 14:33:42,077][root][INFO] - Epoch: 472 | Loss: 0.0015 | Val - MRR: 0.3535, MR:  160.94, H@1: 0.264, H@3: 0.384, H@10: 0.534 | 
[2026-03-07 14:35:41,447][root][INFO] - Epoch: 473 | Loss: 0.0015 | Val - MRR: 0.3539, MR:  159.68, H@1: 0.265, H@3: 0.385, H@10: 0.534 | 
[2026-03-07 14:37:39,845][root][INFO] - Epoch: 474 | Loss: 0.0015 | Val - MRR: 0.3533, MR:  160.60, H@1: 0.264, H@3: 0.384, H@10: 0.533 | 
[2026-03-07 14:39:37,613][root][INFO] - Epoch: 475 | Loss: 0.0015 | Val - MRR: 0.3536, MR:  159.78, H@1: 0.264, H@3: 0.384, H@10: 0.534 | 
[2026-03-07 14:41:36,863][root][INFO] - Epoch: 476 | Loss: 0.0015 | Val - MRR: 0.3538, MR:  160.34, H@1: 0.265, H@3: 0.385, H@10: 0.533 | 
[2026-03-07 14:43:35,458][root][INFO] - Epoch: 477 | Loss: 0.0015 | Val - MRR: 0.3535, MR:  160.52, H@1: 0.264, H@3: 0.385, H@10: 0.533 | 
[2026-03-07 14:45:32,779][root][INFO] - Epoch: 478 | Loss: 0.0015 | Val - MRR: 0.3531, MR:  161.95, H@1: 0.264, H@3: 0.384, H@10: 0.533 | 
[2026-03-07 14:47:32,004][root][INFO] - Epoch: 479 | Loss: 0.0015 | Val - MRR: 0.3536, MR:  160.45, H@1: 0.265, H@3: 0.384, H@10: 0.533 | 
[2026-03-07 14:49:29,710][root][INFO] - Epoch: 480 | Loss: 0.0015 | Val - MRR: 0.3533, MR:  160.42, H@1: 0.264, H@3: 0.384, H@10: 0.534 | 
[2026-03-07 14:51:29,660][root][INFO] - Epoch: 481 | Loss: 0.0015 | Val - MRR: 0.3533, MR:  160.14, H@1: 0.264, H@3: 0.384, H@10: 0.534 | 
[2026-03-07 14:53:26,576][root][INFO] - Epoch: 482 | Loss: 0.0015 | Val - MRR: 0.3538, MR:  159.63, H@1: 0.264, H@3: 0.385, H@10: 0.534 | 
[2026-03-07 14:55:25,716][root][INFO] - Epoch: 483 | Loss: 0.0015 | Val - MRR: 0.3536, MR:  160.51, H@1: 0.264, H@3: 0.384, H@10: 0.534 | 
[2026-03-07 14:57:23,872][root][INFO] - Epoch: 484 | Loss: 0.0015 | Val - MRR: 0.3536, MR:  160.17, H@1: 0.264, H@3: 0.384, H@10: 0.534 | 
[2026-03-07 14:59:21,491][root][INFO] - Epoch: 485 | Loss: 0.0015 | Val - MRR: 0.3533, MR:  160.65, H@1: 0.264, H@3: 0.385, H@10: 0.533 | 
[2026-03-07 15:01:19,347][root][INFO] - Epoch: 486 | Loss: 0.0015 | Val - MRR: 0.3534, MR:  160.35, H@1: 0.264, H@3: 0.384, H@10: 0.534 | 
[2026-03-07 15:03:34,686][root][INFO] - Epoch: 487 | Loss: 0.0015 | Val - MRR: 0.3543, MR:  159.98, H@1: 0.265, H@3: 0.385, H@10: 0.534 | Test - MRR: 0.3494 | *
[2026-03-07 15:05:32,912][root][INFO] - Epoch: 488 | Loss: 0.0015 | Val - MRR: 0.3538, MR:  160.30, H@1: 0.265, H@3: 0.385, H@10: 0.534 | 
[2026-03-07 15:07:31,162][root][INFO] - Epoch: 489 | Loss: 0.0015 | Val - MRR: 0.3539, MR:  160.57, H@1: 0.265, H@3: 0.385, H@10: 0.534 | 
[2026-03-07 15:09:29,689][root][INFO] - Epoch: 490 | Loss: 0.0015 | Val - MRR: 0.3541, MR:  160.29, H@1: 0.265, H@3: 0.385, H@10: 0.534 | 
[2026-03-07 15:11:27,777][root][INFO] - Epoch: 491 | Loss: 0.0015 | Val - MRR: 0.3542, MR:  160.69, H@1: 0.265, H@3: 0.385, H@10: 0.533 | 
[2026-03-07 15:13:25,383][root][INFO] - Epoch: 492 | Loss: 0.0015 | Val - MRR: 0.3540, MR:  159.98, H@1: 0.265, H@3: 0.384, H@10: 0.534 | 
[2026-03-07 15:15:22,863][root][INFO] - Epoch: 493 | Loss: 0.0015 | Val - MRR: 0.3537, MR:  160.79, H@1: 0.265, H@3: 0.384, H@10: 0.534 | 
[2026-03-07 15:17:20,682][root][INFO] - Epoch: 494 | Loss: 0.0015 | Val - MRR: 0.3542, MR:  160.14, H@1: 0.266, H@3: 0.385, H@10: 0.534 | 
[2026-03-07 15:19:17,557][root][INFO] - Epoch: 495 | Loss: 0.0015 | Val - MRR: 0.3537, MR:  159.80, H@1: 0.265, H@3: 0.385, H@10: 0.534 | 
[2026-03-07 15:21:15,821][root][INFO] - Epoch: 496 | Loss: 0.0015 | Val - MRR: 0.3541, MR:  160.30, H@1: 0.265, H@3: 0.386, H@10: 0.534 | 
[2026-03-07 15:23:12,579][root][INFO] - Epoch: 497 | Loss: 0.0015 | Val - MRR: 0.3538, MR:  159.97, H@1: 0.265, H@3: 0.385, H@10: 0.534 | 
[2026-03-07 15:25:10,865][root][INFO] - Epoch: 498 | Loss: 0.0015 | Val - MRR: 0.3540, MR:  159.87, H@1: 0.265, H@3: 0.385, H@10: 0.534 | 
[2026-03-07 15:27:07,770][root][INFO] - Epoch: 499 | Loss: 0.0015 | Val - MRR: 0.3540, MR:  160.14, H@1: 0.265, H@3: 0.384, H@10: 0.533 | 
[2026-03-07 15:29:23,010][root][INFO] - Epoch: 500 | Loss: 0.0015 | Val - MRR: 0.3543, MR:  159.70, H@1: 0.266, H@3: 0.384, H@10: 0.534 | Test - MRR: 0.3496 | *
[2026-03-07 15:31:21,084][root][INFO] - Epoch: 501 | Loss: 0.0015 | Val - MRR: 0.3541, MR:  159.57, H@1: 0.265, H@3: 0.384, H@10: 0.534 | 
[2026-03-07 15:33:35,718][root][INFO] - Epoch: 502 | Loss: 0.0015 | Val - MRR: 0.3545, MR:  159.71, H@1: 0.266, H@3: 0.385, H@10: 0.535 | Test - MRR: 0.3494 | *
[2026-03-07 15:35:51,121][root][INFO] - Epoch: 503 | Loss: 0.0015 | Val - MRR: 0.3547, MR:  159.71, H@1: 0.266, H@3: 0.385, H@10: 0.534 | Test - MRR: 0.3497 | *
[2026-03-07 15:37:48,671][root][INFO] - Epoch: 504 | Loss: 0.0015 | Val - MRR: 0.3542, MR:  158.61, H@1: 0.265, H@3: 0.386, H@10: 0.534 | 
[2026-03-07 15:39:47,568][root][INFO] - Epoch: 505 | Loss: 0.0015 | Val - MRR: 0.3543, MR:  159.25, H@1: 0.265, H@3: 0.385, H@10: 0.534 | 
[2026-03-07 15:42:02,918][root][INFO] - Epoch: 506 | Loss: 0.0015 | Val - MRR: 0.3553, MR:  158.90, H@1: 0.267, H@3: 0.386, H@10: 0.534 | Test - MRR: 0.3501 | *
[2026-03-07 15:43:58,876][root][INFO] - Epoch: 507 | Loss: 0.0015 | Val - MRR: 0.3546, MR:  160.18, H@1: 0.266, H@3: 0.385, H@10: 0.534 | 
[2026-03-07 15:45:56,419][root][INFO] - Epoch: 508 | Loss: 0.0015 | Val - MRR: 0.3548, MR:  159.39, H@1: 0.266, H@3: 0.387, H@10: 0.535 | 
[2026-03-07 15:47:54,545][root][INFO] - Epoch: 509 | Loss: 0.0015 | Val - MRR: 0.3551, MR:  160.82, H@1: 0.266, H@3: 0.387, H@10: 0.535 | 
[2026-03-07 15:49:52,927][root][INFO] - Epoch: 510 | Loss: 0.0015 | Val - MRR: 0.3546, MR:  160.95, H@1: 0.265, H@3: 0.386, H@10: 0.535 | 
[2026-03-07 15:51:50,488][root][INFO] - Epoch: 511 | Loss: 0.0015 | Val - MRR: 0.3547, MR:  160.28, H@1: 0.266, H@3: 0.385, H@10: 0.534 | 
[2026-03-07 15:53:48,590][root][INFO] - Epoch: 512 | Loss: 0.0015 | Val - MRR: 0.3546, MR:  160.00, H@1: 0.265, H@3: 0.385, H@10: 0.535 | 
[2026-03-07 15:55:46,642][root][INFO] - Epoch: 513 | Loss: 0.0015 | Val - MRR: 0.3545, MR:  160.05, H@1: 0.265, H@3: 0.385, H@10: 0.536 | 
[2026-03-07 15:57:44,923][root][INFO] - Epoch: 514 | Loss: 0.0015 | Val - MRR: 0.3550, MR:  159.93, H@1: 0.266, H@3: 0.386, H@10: 0.535 | 
[2026-03-07 15:59:42,781][root][INFO] - Epoch: 515 | Loss: 0.0015 | Val - MRR: 0.3547, MR:  160.48, H@1: 0.265, H@3: 0.386, H@10: 0.535 | 
[2026-03-07 16:01:39,364][root][INFO] - Epoch: 516 | Loss: 0.0015 | Val - MRR: 0.3549, MR:  159.64, H@1: 0.266, H@3: 0.387, H@10: 0.536 | 
[2026-03-07 16:03:35,734][root][INFO] - Epoch: 517 | Loss: 0.0015 | Val - MRR: 0.3549, MR:  159.58, H@1: 0.265, H@3: 0.386, H@10: 0.534 | 
[2026-03-07 16:05:33,862][root][INFO] - Epoch: 518 | Loss: 0.0015 | Val - MRR: 0.3547, MR:  159.69, H@1: 0.265, H@3: 0.386, H@10: 0.535 | 
[2026-03-07 16:07:31,185][root][INFO] - Epoch: 519 | Loss: 0.0015 | Val - MRR: 0.3545, MR:  159.80, H@1: 0.265, H@3: 0.386, H@10: 0.535 | 
[2026-03-07 16:09:29,435][root][INFO] - Epoch: 520 | Loss: 0.0015 | Val - MRR: 0.3548, MR:  159.47, H@1: 0.266, H@3: 0.386, H@10: 0.535 | 
[2026-03-07 16:11:27,396][root][INFO] - Epoch: 521 | Loss: 0.0015 | Val - MRR: 0.3552, MR:  160.42, H@1: 0.266, H@3: 0.386, H@10: 0.534 | 
[2026-03-07 16:13:24,855][root][INFO] - Epoch: 522 | Loss: 0.0015 | Val - MRR: 0.3550, MR:  160.05, H@1: 0.266, H@3: 0.386, H@10: 0.535 | 
[2026-03-07 16:15:23,583][root][INFO] - Epoch: 523 | Loss: 0.0015 | Val - MRR: 0.3549, MR:  159.64, H@1: 0.266, H@3: 0.387, H@10: 0.535 | 
[2026-03-07 16:17:21,742][root][INFO] - Epoch: 524 | Loss: 0.0015 | Val - MRR: 0.3552, MR:  159.56, H@1: 0.266, H@3: 0.386, H@10: 0.535 | 
[2026-03-07 16:19:17,349][root][INFO] - Epoch: 525 | Loss: 0.0015 | Val - MRR: 0.3551, MR:  159.33, H@1: 0.266, H@3: 0.387, H@10: 0.535 | 
[2026-03-07 16:21:15,072][root][INFO] - Epoch: 526 | Loss: 0.0015 | Val - MRR: 0.3550, MR:  159.14, H@1: 0.266, H@3: 0.386, H@10: 0.536 | 
[2026-03-07 16:23:14,068][root][INFO] - Epoch: 527 | Loss: 0.0015 | Val - MRR: 0.3547, MR:  160.46, H@1: 0.265, H@3: 0.386, H@10: 0.536 | 
[2026-03-07 16:25:28,435][root][INFO] - Epoch: 528 | Loss: 0.0015 | Val - MRR: 0.3553, MR:  159.72, H@1: 0.266, H@3: 0.386, H@10: 0.536 | Test - MRR: 0.3503 | *
[2026-03-07 16:27:26,628][root][INFO] - Epoch: 529 | Loss: 0.0015 | Val - MRR: 0.3550, MR:  160.16, H@1: 0.266, H@3: 0.387, H@10: 0.536 | 
[2026-03-07 16:29:23,545][root][INFO] - Epoch: 530 | Loss: 0.0015 | Val - MRR: 0.3553, MR:  160.27, H@1: 0.266, H@3: 0.387, H@10: 0.535 | 
[2026-03-07 16:31:21,658][root][INFO] - Epoch: 531 | Loss: 0.0015 | Val - MRR: 0.3552, MR:  159.67, H@1: 0.266, H@3: 0.386, H@10: 0.535 | 
[2026-03-07 16:33:36,100][root][INFO] - Epoch: 532 | Loss: 0.0015 | Val - MRR: 0.3554, MR:  159.84, H@1: 0.266, H@3: 0.387, H@10: 0.536 | Test - MRR: 0.3506 | *
[2026-03-07 16:35:51,108][root][INFO] - Epoch: 533 | Loss: 0.0015 | Val - MRR: 0.3557, MR:  159.46, H@1: 0.266, H@3: 0.386, H@10: 0.536 | Test - MRR: 0.3507 | *
[2026-03-07 16:37:49,044][root][INFO] - Epoch: 534 | Loss: 0.0015 | Val - MRR: 0.3552, MR:  159.90, H@1: 0.266, H@3: 0.386, H@10: 0.535 | 
[2026-03-07 16:40:02,131][root][INFO] - Epoch: 535 | Loss: 0.0015 | Val - MRR: 0.3559, MR:  159.57, H@1: 0.267, H@3: 0.386, H@10: 0.536 | Test - MRR: 0.3506 | *
[2026-03-07 16:42:00,193][root][INFO] - Epoch: 536 | Loss: 0.0015 | Val - MRR: 0.3556, MR:  159.58, H@1: 0.266, H@3: 0.387, H@10: 0.535 | 
[2026-03-07 16:44:14,510][root][INFO] - Epoch: 537 | Loss: 0.0015 | Val - MRR: 0.3559, MR:  159.14, H@1: 0.267, H@3: 0.387, H@10: 0.535 | Test - MRR: 0.3505 | *
[2026-03-07 16:46:12,221][root][INFO] - Epoch: 538 | Loss: 0.0015 | Val - MRR: 0.3555, MR:  159.00, H@1: 0.266, H@3: 0.386, H@10: 0.535 | 
[2026-03-07 16:48:10,199][root][INFO] - Epoch: 539 | Loss: 0.0015 | Val - MRR: 0.3553, MR:  159.26, H@1: 0.266, H@3: 0.387, H@10: 0.535 | 
[2026-03-07 16:50:07,162][root][INFO] - Epoch: 540 | Loss: 0.0015 | Val - MRR: 0.3556, MR:  158.80, H@1: 0.267, H@3: 0.387, H@10: 0.535 | 
[2026-03-07 16:52:03,784][root][INFO] - Epoch: 541 | Loss: 0.0015 | Val - MRR: 0.3552, MR:  159.07, H@1: 0.266, H@3: 0.387, H@10: 0.535 | 
[2026-03-07 16:54:02,415][root][INFO] - Epoch: 542 | Loss: 0.0015 | Val - MRR: 0.3550, MR:  159.04, H@1: 0.265, H@3: 0.386, H@10: 0.535 | 
[2026-03-07 16:56:00,516][root][INFO] - Epoch: 543 | Loss: 0.0015 | Val - MRR: 0.3551, MR:  159.68, H@1: 0.266, H@3: 0.386, H@10: 0.535 | 
[2026-03-07 16:57:58,886][root][INFO] - Epoch: 544 | Loss: 0.0015 | Val - MRR: 0.3553, MR:  159.07, H@1: 0.266, H@3: 0.387, H@10: 0.536 | 
[2026-03-07 16:59:56,733][root][INFO] - Epoch: 545 | Loss: 0.0015 | Val - MRR: 0.3548, MR:  158.87, H@1: 0.265, H@3: 0.387, H@10: 0.535 | 
[2026-03-07 17:01:53,420][root][INFO] - Epoch: 546 | Loss: 0.0015 | Val - MRR: 0.3552, MR:  158.62, H@1: 0.266, H@3: 0.387, H@10: 0.536 | 
[2026-03-07 17:03:51,183][root][INFO] - Epoch: 547 | Loss: 0.0015 | Val - MRR: 0.3549, MR:  159.51, H@1: 0.265, H@3: 0.387, H@10: 0.536 | 
[2026-03-07 17:05:48,202][root][INFO] - Epoch: 548 | Loss: 0.0015 | Val - MRR: 0.3552, MR:  158.97, H@1: 0.266, H@3: 0.387, H@10: 0.536 | 
[2026-03-07 17:07:45,734][root][INFO] - Epoch: 549 | Loss: 0.0015 | Val - MRR: 0.3551, MR:  161.38, H@1: 0.266, H@3: 0.387, H@10: 0.535 | 
[2026-03-07 17:09:44,239][root][INFO] - Epoch: 550 | Loss: 0.0015 | Val - MRR: 0.3556, MR:  159.63, H@1: 0.266, H@3: 0.387, H@10: 0.536 | 
[2026-03-07 17:11:42,172][root][INFO] - Epoch: 551 | Loss: 0.0015 | Val - MRR: 0.3554, MR:  159.80, H@1: 0.266, H@3: 0.387, H@10: 0.535 | 
[2026-03-07 17:13:39,579][root][INFO] - Epoch: 552 | Loss: 0.0015 | Val - MRR: 0.3553, MR:  160.22, H@1: 0.266, H@3: 0.387, H@10: 0.536 | 
[2026-03-07 17:15:37,321][root][INFO] - Epoch: 553 | Loss: 0.0015 | Val - MRR: 0.3555, MR:  159.91, H@1: 0.266, H@3: 0.387, H@10: 0.535 | 
[2026-03-07 17:17:36,164][root][INFO] - Epoch: 554 | Loss: 0.0015 | Val - MRR: 0.3558, MR:  158.65, H@1: 0.266, H@3: 0.387, H@10: 0.536 | 
[2026-03-07 17:19:49,287][root][INFO] - Epoch: 555 | Loss: 0.0015 | Val - MRR: 0.3561, MR:  158.67, H@1: 0.267, H@3: 0.388, H@10: 0.536 | Test - MRR: 0.3504 | *
[2026-03-07 17:21:45,370][root][INFO] - Epoch: 556 | Loss: 0.0015 | Val - MRR: 0.3554, MR:  159.26, H@1: 0.266, H@3: 0.387, H@10: 0.536 | 
[2026-03-07 17:23:43,925][root][INFO] - Epoch: 557 | Loss: 0.0015 | Val - MRR: 0.3555, MR:  159.16, H@1: 0.266, H@3: 0.387, H@10: 0.536 | 
[2026-03-07 17:25:41,803][root][INFO] - Epoch: 558 | Loss: 0.0015 | Val - MRR: 0.3555, MR:  158.87, H@1: 0.266, H@3: 0.387, H@10: 0.535 | 
[2026-03-07 17:27:38,194][root][INFO] - Epoch: 559 | Loss: 0.0015 | Val - MRR: 0.3558, MR:  160.90, H@1: 0.267, H@3: 0.386, H@10: 0.536 | 
[2026-03-07 17:29:34,996][root][INFO] - Epoch: 560 | Loss: 0.0015 | Val - MRR: 0.3556, MR:  158.85, H@1: 0.267, H@3: 0.387, H@10: 0.536 | 
[2026-03-07 17:31:32,202][root][INFO] - Epoch: 561 | Loss: 0.0015 | Val - MRR: 0.3556, MR:  158.75, H@1: 0.267, H@3: 0.386, H@10: 0.535 | 
[2026-03-07 17:33:29,171][root][INFO] - Epoch: 562 | Loss: 0.0015 | Val - MRR: 0.3552, MR:  160.10, H@1: 0.266, H@3: 0.386, H@10: 0.536 | 
[2026-03-07 17:35:27,321][root][INFO] - Epoch: 563 | Loss: 0.0015 | Val - MRR: 0.3554, MR:  159.73, H@1: 0.266, H@3: 0.386, H@10: 0.535 | 
[2026-03-07 17:37:24,888][root][INFO] - Epoch: 564 | Loss: 0.0015 | Val - MRR: 0.3556, MR:  160.09, H@1: 0.267, H@3: 0.386, H@10: 0.536 | 
[2026-03-07 17:39:23,618][root][INFO] - Epoch: 565 | Loss: 0.0015 | Val - MRR: 0.3559, MR:  158.95, H@1: 0.267, H@3: 0.386, H@10: 0.536 | 
[2026-03-07 17:41:21,576][root][INFO] - Epoch: 566 | Loss: 0.0015 | Val - MRR: 0.3559, MR:  160.33, H@1: 0.267, H@3: 0.386, H@10: 0.536 | 
[2026-03-07 17:43:19,836][root][INFO] - Epoch: 567 | Loss: 0.0015 | Val - MRR: 0.3558, MR:  159.62, H@1: 0.267, H@3: 0.386, H@10: 0.536 | 
[2026-03-07 17:45:16,158][root][INFO] - Epoch: 568 | Loss: 0.0015 | Val - MRR: 0.3556, MR:  160.44, H@1: 0.266, H@3: 0.386, H@10: 0.536 | 
[2026-03-07 17:47:14,425][root][INFO] - Epoch: 569 | Loss: 0.0015 | Val - MRR: 0.3558, MR:  159.33, H@1: 0.267, H@3: 0.386, H@10: 0.536 | 
[2026-03-07 17:49:12,961][root][INFO] - Epoch: 570 | Loss: 0.0015 | Val - MRR: 0.3555, MR:  160.01, H@1: 0.266, H@3: 0.386, H@10: 0.536 | 
[2026-03-07 17:51:08,984][root][INFO] - Epoch: 571 | Loss: 0.0015 | Val - MRR: 0.3554, MR:  160.05, H@1: 0.266, H@3: 0.386, H@10: 0.536 | 
[2026-03-07 17:53:06,494][root][INFO] - Epoch: 572 | Loss: 0.0015 | Val - MRR: 0.3555, MR:  159.99, H@1: 0.266, H@3: 0.386, H@10: 0.536 | 
[2026-03-07 17:55:04,152][root][INFO] - Epoch: 573 | Loss: 0.0015 | Val - MRR: 0.3558, MR:  159.45, H@1: 0.267, H@3: 0.386, H@10: 0.536 | 
[2026-03-07 17:56:59,127][root][INFO] - Epoch: 574 | Loss: 0.0015 | Val - MRR: 0.3558, MR:  159.69, H@1: 0.267, H@3: 0.386, H@10: 0.536 | 
[2026-03-07 17:58:56,917][root][INFO] - Epoch: 575 | Loss: 0.0015 | Val - MRR: 0.3557, MR:  158.99, H@1: 0.266, H@3: 0.387, H@10: 0.535 | 
[2026-03-07 18:00:54,204][root][INFO] - Epoch: 576 | Loss: 0.0015 | Val - MRR: 0.3557, MR:  159.36, H@1: 0.266, H@3: 0.386, H@10: 0.536 | 
[2026-03-07 18:02:51,925][root][INFO] - Epoch: 577 | Loss: 0.0015 | Val - MRR: 0.3557, MR:  159.13, H@1: 0.266, H@3: 0.387, H@10: 0.536 | 
[2026-03-07 18:04:50,141][root][INFO] - Epoch: 578 | Loss: 0.0015 | Val - MRR: 0.3555, MR:  160.11, H@1: 0.266, H@3: 0.387, H@10: 0.535 | 
[2026-03-07 18:06:48,613][root][INFO] - Epoch: 579 | Loss: 0.0015 | Val - MRR: 0.3560, MR:  159.16, H@1: 0.267, H@3: 0.387, H@10: 0.536 | 
[2026-03-07 18:08:46,929][root][INFO] - Epoch: 580 | Loss: 0.0015 | Val - MRR: 0.3557, MR:  159.66, H@1: 0.266, H@3: 0.387, H@10: 0.536 | 
[2026-03-07 18:10:44,141][root][INFO] - Epoch: 581 | Loss: 0.0015 | Val - MRR: 0.3558, MR:  159.35, H@1: 0.266, H@3: 0.387, H@10: 0.536 | 
[2026-03-07 18:12:40,380][root][INFO] - Epoch: 582 | Loss: 0.0015 | Val - MRR: 0.3557, MR:  159.04, H@1: 0.266, H@3: 0.387, H@10: 0.535 | 
[2026-03-07 18:14:37,329][root][INFO] - Epoch: 583 | Loss: 0.0015 | Val - MRR: 0.3556, MR:  159.38, H@1: 0.266, H@3: 0.387, H@10: 0.535 | 
[2026-03-07 18:16:35,671][root][INFO] - Epoch: 584 | Loss: 0.0015 | Val - MRR: 0.3556, MR:  159.75, H@1: 0.266, H@3: 0.386, H@10: 0.536 | 
[2026-03-07 18:18:33,366][root][INFO] - Epoch: 585 | Loss: 0.0015 | Val - MRR: 0.3553, MR:  160.25, H@1: 0.266, H@3: 0.386, H@10: 0.535 | 
[2026-03-07 18:20:31,795][root][INFO] - Epoch: 586 | Loss: 0.0015 | Val - MRR: 0.3556, MR:  159.63, H@1: 0.266, H@3: 0.386, H@10: 0.536 | 
[2026-03-07 18:22:28,715][root][INFO] - Epoch: 587 | Loss: 0.0015 | Val - MRR: 0.3557, MR:  159.22, H@1: 0.266, H@3: 0.387, H@10: 0.536 | 
[2026-03-07 18:24:27,736][root][INFO] - Epoch: 588 | Loss: 0.0015 | Val - MRR: 0.3554, MR:  160.02, H@1: 0.266, H@3: 0.386, H@10: 0.535 | 
[2026-03-07 18:26:24,589][root][INFO] - Epoch: 589 | Loss: 0.0015 | Val - MRR: 0.3557, MR:  159.04, H@1: 0.266, H@3: 0.387, H@10: 0.535 | 
[2026-03-07 18:28:22,592][root][INFO] - Epoch: 590 | Loss: 0.0015 | Val - MRR: 0.3558, MR:  158.62, H@1: 0.266, H@3: 0.387, H@10: 0.535 | 
[2026-03-07 18:30:19,304][root][INFO] - Epoch: 591 | Loss: 0.0015 | Val - MRR: 0.3555, MR:  159.59, H@1: 0.266, H@3: 0.387, H@10: 0.535 | 
[2026-03-07 18:32:16,812][root][INFO] - Epoch: 592 | Loss: 0.0015 | Val - MRR: 0.3555, MR:  158.99, H@1: 0.266, H@3: 0.386, H@10: 0.535 | 
[2026-03-07 18:34:14,032][root][INFO] - Epoch: 593 | Loss: 0.0015 | Val - MRR: 0.3558, MR:  158.63, H@1: 0.266, H@3: 0.386, H@10: 0.535 | 
[2026-03-07 18:36:10,579][root][INFO] - Epoch: 594 | Loss: 0.0015 | Val - MRR: 0.3557, MR:  158.36, H@1: 0.266, H@3: 0.386, H@10: 0.535 | 
[2026-03-07 18:38:06,727][root][INFO] - Epoch: 595 | Loss: 0.0015 | Val - MRR: 0.3556, MR:  159.26, H@1: 0.266, H@3: 0.386, H@10: 0.535 | 
[2026-03-07 18:40:02,647][root][INFO] - Epoch: 596 | Loss: 0.0015 | Val - MRR: 0.3555, MR:  159.89, H@1: 0.266, H@3: 0.386, H@10: 0.535 | 
[2026-03-07 18:41:59,052][root][INFO] - Epoch: 597 | Loss: 0.0015 | Val - MRR: 0.3558, MR:  159.69, H@1: 0.267, H@3: 0.386, H@10: 0.536 | 
[2026-03-07 18:43:56,454][root][INFO] - Epoch: 598 | Loss: 0.0015 | Val - MRR: 0.3557, MR:  159.31, H@1: 0.267, H@3: 0.386, H@10: 0.535 | 
[2026-03-07 18:45:53,261][root][INFO] - Epoch: 599 | Loss: 0.0015 | Val - MRR: 0.3556, MR:  160.01, H@1: 0.266, H@3: 0.386, H@10: 0.535 | 
[2026-03-07 18:45:53,261][root][INFO] - Training end...
[2026-03-07 18:45:53,261][root][INFO] - Train metrics ...
[2026-03-07 18:47:01,134][root][INFO] - Train (head) - MRR: 0.4718, MR:   27.59, H@1: 0.344, H@3: 0.540, H@10: 0.720
[2026-03-07 18:47:01,135][root][INFO] - Train (tail) - MRR: 0.5771, MR:   17.93, H@1: 0.455, H@3: 0.651, H@10: 0.808
[2026-03-07 18:47:01,135][root][INFO] - Train (avg) - MRR: 0.5244, MR:   22.76, H@1: 0.399, H@3: 0.595, H@10: 0.764

[2026-03-07 18:47:01,135][root][INFO] - Valid metrics ...
[2026-03-07 18:47:16,454][root][INFO] - Valid (head) - MRR: 0.2541, MR:  214.49, H@1: 0.169, H@3: 0.274, H@10: 0.430
[2026-03-07 18:47:16,455][root][INFO] - Valid (tail) - MRR: 0.4570, MR:  105.54, H@1: 0.364, H@3: 0.498, H@10: 0.641
[2026-03-07 18:47:16,455][root][INFO] - Valid (avg) - MRR: 0.3556, MR:  160.01, H@1: 0.266, H@3: 0.386, H@10: 0.535

[2026-03-07 18:47:16,455][root][INFO] - Test metrics...
[2026-03-07 18:47:33,949][root][INFO] - Test (head) - MRR: 0.2527, MR:  225.31, H@1: 0.167, H@3: 0.275, H@10: 0.427
[2026-03-07 18:47:33,950][root][INFO] - Test (tail) - MRR: 0.4485, MR:  120.66, H@1: 0.354, H@3: 0.490, H@10: 0.635
[2026-03-07 18:47:33,950][root][INFO] - Test (avg) - MRR: 0.3506, MR:  172.99, H@1: 0.261, H@3: 0.382, H@10: 0.531

[2026-03-07 18:47:33,950][root][INFO] - Model save path: /home/wangwei/DSGNet-main/DSGNet/data/output/FB15k_237/2026-03-06/21-26-35
