[2026-01-14 03:58:32,081][root][INFO] - 
------Config------
 {'dataset': 'FB15k_237', 'epoch': 600, 'batch_size': 1024, 'learning_rate': 0.00035, 'h_dim': 480, 'pred_rel_w': False, 'label_smooth': 0.1, 'topk': 15, 'rm_rate': 0.5, 'ent_drop': 0.3, 'rel_drop': 0.1, 'comp_op': 'mul', 'bn': False, 'k_h': 16, 'k_w': 30, 'conv_drop': 0.3, 'ent_drop_pred': 0.3, 'fc_drop': 0.5, 'ker_sz': 8, 'out_channel': 200, 'device': 0, 'max_no_improve': 45, 'cpu_worker_num': 10, 'warmup_epoch': 5, 'max_n': 5}
[2026-01-14 03:58:32,081][root][INFO] - Code dir path: /home/wangwei/DSGNet-main/DSGNet/code_new
[2026-01-14 03:58:32,081][root][INFO] - Config dir path: /home/wangwei/DSGNet-main/DSGNet/config
[2026-01-14 03:58:32,081][root][INFO] - Model save path: /home/wangwei/DSGNet-main/DSGNet/data/output/FB15k_237/2026-01-14/03-58-32
[2026-01-14 03:58:35,844][root][INFO] - kg # node: 14541
[2026-01-14 03:58:35,844][root][INFO] - kg # edge: 544230
[2026-01-14 03:58:35,844][root][INFO] - kg # zero deg node: 36
[2026-01-14 03:58:35,844][root][INFO] - ---Load Train Data---
[2026-01-14 03:58:38,202][root][INFO] - -----Model Parameter Configuration-----
[2026-01-14 03:58:38,202][root][INFO] - Parameter ent_emb: torch.Size([14541, 480]), require_grad = True
[2026-01-14 03:58:38,202][root][INFO] - Parameter kg_n_layer_gate: torch.Size([5]), require_grad = True
[2026-01-14 03:58:38,202][root][INFO] - Parameter pred_rel_emb: torch.Size([474, 480]), require_grad = True
[2026-01-14 03:58:38,203][root][INFO] - Parameter rel_embs.0: torch.Size([474, 480]), require_grad = True
[2026-01-14 03:58:38,203][root][INFO] - Parameter rel_embs.1: torch.Size([474, 480]), require_grad = True
[2026-01-14 03:58:38,203][root][INFO] - Parameter rel_embs.2: torch.Size([474, 480]), require_grad = True
[2026-01-14 03:58:38,203][root][INFO] - Parameter rel_embs.3: torch.Size([474, 480]), require_grad = True
[2026-01-14 03:58:38,203][root][INFO] - Parameter rel_embs.4: torch.Size([474, 480]), require_grad = True
[2026-01-14 03:58:38,203][root][INFO] - Parameter predictor.bn0.weight: torch.Size([1]), require_grad = True
[2026-01-14 03:58:38,203][root][INFO] - Parameter predictor.bn0.bias: torch.Size([1]), require_grad = True
[2026-01-14 03:58:38,203][root][INFO] - Parameter predictor.bn1.weight: torch.Size([200]), require_grad = True
[2026-01-14 03:58:38,203][root][INFO] - Parameter predictor.bn1.bias: torch.Size([200]), require_grad = True
[2026-01-14 03:58:38,203][root][INFO] - Parameter predictor.bn2.weight: torch.Size([480]), require_grad = True
[2026-01-14 03:58:38,203][root][INFO] - Parameter predictor.bn2.bias: torch.Size([480]), require_grad = True
[2026-01-14 03:58:38,203][root][INFO] - Parameter predictor.conv.weight: torch.Size([200, 1, 8, 8]), require_grad = True
[2026-01-14 03:58:38,203][root][INFO] - Parameter predictor.fc.weight: torch.Size([480, 115000]), require_grad = True
[2026-01-14 03:58:38,203][root][INFO] - Parameter L.weight: torch.Size([480, 480]), require_grad = True
[2026-01-14 03:58:38,203][root][INFO] - Parameter L.bias: torch.Size([480]), require_grad = True
[2026-01-14 03:58:38,203][root][INFO] - Parameter S.weight: torch.Size([480, 480]), require_grad = True
[2026-01-14 03:58:38,203][root][INFO] - Parameter S.bias: torch.Size([480]), require_grad = True
[2026-01-14 03:58:38,203][root][INFO] - Parameter comp_layers.0.W: torch.Size([480, 480]), require_grad = True
[2026-01-14 03:58:38,203][root][INFO] - Parameter comp_layers.0.W_r: torch.Size([480, 480]), require_grad = True
[2026-01-14 03:58:38,203][root][INFO] - Parameter comp_layers.0.a: torch.Size([1440, 1]), require_grad = True
[2026-01-14 03:58:38,203][root][INFO] - Parameter comp_layers.1.W: torch.Size([480, 480]), require_grad = True
[2026-01-14 03:58:38,203][root][INFO] - Parameter comp_layers.1.W_r: torch.Size([480, 480]), require_grad = True
[2026-01-14 03:58:38,203][root][INFO] - Parameter comp_layers.1.a: torch.Size([1440, 1]), require_grad = True
[2026-01-14 03:58:38,203][root][INFO] - Parameter comp_layers.2.W: torch.Size([480, 480]), require_grad = True
[2026-01-14 03:58:38,203][root][INFO] - Parameter comp_layers.2.W_r: torch.Size([480, 480]), require_grad = True
[2026-01-14 03:58:38,204][root][INFO] - Parameter comp_layers.2.a: torch.Size([1440, 1]), require_grad = True
[2026-01-14 03:58:38,204][root][INFO] - Parameter comp_layers.3.W: torch.Size([480, 480]), require_grad = True
[2026-01-14 03:58:38,204][root][INFO] - Parameter comp_layers.3.W_r: torch.Size([480, 480]), require_grad = True
[2026-01-14 03:58:38,204][root][INFO] - Parameter comp_layers.3.a: torch.Size([1440, 1]), require_grad = True
[2026-01-14 03:58:38,204][root][INFO] - Parameter comp_layers.4.W: torch.Size([480, 480]), require_grad = True
[2026-01-14 03:58:38,204][root][INFO] - Parameter comp_layers.4.W_r: torch.Size([480, 480]), require_grad = True
[2026-01-14 03:58:38,204][root][INFO] - Parameter comp_layers.4.a: torch.Size([1440, 1]), require_grad = True
[2026-01-14 03:58:39,087][root][INFO] - Training... total epoch: 600, step: 88200
[2026-01-14 04:00:41,765][root][INFO] - Epoch:   0 | Loss: 0.5746 | Val - MRR: 0.0018, MR: 6544.62, H@1: 0.000, H@3: 0.000, H@10: 0.002 | Test - MRR: 0.0019 | *
[2026-01-14 04:02:29,065][root][INFO] - Epoch:   1 | Loss: 0.0322 | Val - MRR: 0.0008, MR: 5548.13, H@1: 0.000, H@3: 0.000, H@10: 0.000 | 
[2026-01-14 04:04:31,805][root][INFO] - Epoch:   2 | Loss: 0.0124 | Val - MRR: 0.0090, MR: 4507.25, H@1: 0.005, H@3: 0.009, H@10: 0.012 | Test - MRR: 0.0092 | *
[2026-01-14 04:06:35,136][root][INFO] - Epoch:   3 | Loss: 0.0118 | Val - MRR: 0.0195, MR: 3727.57, H@1: 0.016, H@3: 0.017, H@10: 0.021 | Test - MRR: 0.0206 | *
[2026-01-14 04:08:37,451][root][INFO] - Epoch:   4 | Loss: 0.0116 | Val - MRR: 0.0444, MR: 2600.55, H@1: 0.033, H@3: 0.042, H@10: 0.058 | Test - MRR: 0.0445 | *
[2026-01-14 04:10:40,946][root][INFO] - Epoch:   5 | Loss: 0.0116 | Val - MRR: 0.0781, MR: 1988.37, H@1: 0.052, H@3: 0.081, H@10: 0.120 | Test - MRR: 0.0765 | *
[2026-01-14 04:12:44,102][root][INFO] - Epoch:   6 | Loss: 0.0116 | Val - MRR: 0.1157, MR: 1562.19, H@1: 0.086, H@3: 0.122, H@10: 0.163 | Test - MRR: 0.1149 | *
[2026-01-14 04:14:46,271][root][INFO] - Epoch:   7 | Loss: 0.0116 | Val - MRR: 0.1279, MR: 1309.06, H@1: 0.094, H@3: 0.136, H@10: 0.187 | Test - MRR: 0.1266 | *
[2026-01-14 04:16:48,019][root][INFO] - Epoch:   8 | Loss: 0.0116 | Val - MRR: 0.1456, MR: 1075.90, H@1: 0.107, H@3: 0.155, H@10: 0.215 | Test - MRR: 0.1445 | *
[2026-01-14 04:18:50,963][root][INFO] - Epoch:   9 | Loss: 0.0116 | Val - MRR: 0.1571, MR:  919.78, H@1: 0.115, H@3: 0.167, H@10: 0.235 | Test - MRR: 0.1560 | *
[2026-01-14 04:20:53,385][root][INFO] - Epoch:  10 | Loss: 0.0116 | Val - MRR: 0.1690, MR:  810.32, H@1: 0.124, H@3: 0.181, H@10: 0.253 | Test - MRR: 0.1667 | *
[2026-01-14 04:22:57,036][root][INFO] - Epoch:  11 | Loss: 0.0115 | Val - MRR: 0.1765, MR:  714.98, H@1: 0.130, H@3: 0.188, H@10: 0.267 | Test - MRR: 0.1747 | *
[2026-01-14 04:24:58,983][root][INFO] - Epoch:  12 | Loss: 0.0115 | Val - MRR: 0.1833, MR:  684.44, H@1: 0.133, H@3: 0.197, H@10: 0.280 | Test - MRR: 0.1817 | *
[2026-01-14 04:27:01,038][root][INFO] - Epoch:  13 | Loss: 0.0114 | Val - MRR: 0.1898, MR:  625.70, H@1: 0.136, H@3: 0.205, H@10: 0.292 | Test - MRR: 0.1872 | *
[2026-01-14 04:29:03,336][root][INFO] - Epoch:  14 | Loss: 0.0113 | Val - MRR: 0.1946, MR:  584.18, H@1: 0.139, H@3: 0.209, H@10: 0.303 | Test - MRR: 0.1923 | *
[2026-01-14 04:31:05,676][root][INFO] - Epoch:  15 | Loss: 0.0113 | Val - MRR: 0.1989, MR:  566.61, H@1: 0.141, H@3: 0.216, H@10: 0.308 | Test - MRR: 0.1980 | *
[2026-01-14 04:32:52,688][root][INFO] - Epoch:  16 | Loss: 0.0113 | Val - MRR: 0.1986, MR:  536.79, H@1: 0.140, H@3: 0.217, H@10: 0.312 | 
[2026-01-14 04:34:53,869][root][INFO] - Epoch:  17 | Loss: 0.0112 | Val - MRR: 0.2058, MR:  521.20, H@1: 0.148, H@3: 0.221, H@10: 0.318 | Test - MRR: 0.2051 | *
[2026-01-14 04:36:55,651][root][INFO] - Epoch:  18 | Loss: 0.0112 | Val - MRR: 0.2110, MR:  492.76, H@1: 0.152, H@3: 0.226, H@10: 0.324 | Test - MRR: 0.2108 | *
[2026-01-14 04:38:57,632][root][INFO] - Epoch:  19 | Loss: 0.0111 | Val - MRR: 0.2125, MR:  472.80, H@1: 0.152, H@3: 0.230, H@10: 0.329 | Test - MRR: 0.2131 | *
[2026-01-14 04:40:59,041][root][INFO] - Epoch:  20 | Loss: 0.0111 | Val - MRR: 0.2151, MR:  471.17, H@1: 0.155, H@3: 0.232, H@10: 0.331 | Test - MRR: 0.2151 | *
[2026-01-14 04:43:02,032][root][INFO] - Epoch:  21 | Loss: 0.0111 | Val - MRR: 0.2182, MR:  456.01, H@1: 0.158, H@3: 0.235, H@10: 0.333 | Test - MRR: 0.2178 | *
[2026-01-14 04:45:04,408][root][INFO] - Epoch:  22 | Loss: 0.0110 | Val - MRR: 0.2183, MR:  445.37, H@1: 0.157, H@3: 0.236, H@10: 0.336 | Test - MRR: 0.2175 | *
[2026-01-14 04:47:07,548][root][INFO] - Epoch:  23 | Loss: 0.0110 | Val - MRR: 0.2197, MR:  441.19, H@1: 0.159, H@3: 0.237, H@10: 0.338 | Test - MRR: 0.2192 | *
[2026-01-14 04:49:10,759][root][INFO] - Epoch:  24 | Loss: 0.0110 | Val - MRR: 0.2218, MR:  428.90, H@1: 0.160, H@3: 0.239, H@10: 0.341 | Test - MRR: 0.2213 | *
[2026-01-14 04:51:13,267][root][INFO] - Epoch:  25 | Loss: 0.0110 | Val - MRR: 0.2246, MR:  418.53, H@1: 0.163, H@3: 0.241, H@10: 0.345 | Test - MRR: 0.2235 | *
[2026-01-14 04:53:15,550][root][INFO] - Epoch:  26 | Loss: 0.0109 | Val - MRR: 0.2259, MR:  406.60, H@1: 0.163, H@3: 0.242, H@10: 0.349 | Test - MRR: 0.2256 | *
[2026-01-14 04:55:17,473][root][INFO] - Epoch:  27 | Loss: 0.0109 | Val - MRR: 0.2270, MR:  410.26, H@1: 0.164, H@3: 0.244, H@10: 0.350 | Test - MRR: 0.2261 | *
[2026-01-14 04:57:19,782][root][INFO] - Epoch:  28 | Loss: 0.0109 | Val - MRR: 0.2295, MR:  404.15, H@1: 0.166, H@3: 0.248, H@10: 0.353 | Test - MRR: 0.2286 | *
[2026-01-14 04:59:22,063][root][INFO] - Epoch:  29 | Loss: 0.0109 | Val - MRR: 0.2302, MR:  403.41, H@1: 0.167, H@3: 0.247, H@10: 0.354 | Test - MRR: 0.2290 | *
[2026-01-14 05:01:23,289][root][INFO] - Epoch:  30 | Loss: 0.0108 | Val - MRR: 0.2326, MR:  396.42, H@1: 0.169, H@3: 0.250, H@10: 0.357 | Test - MRR: 0.2308 | *
[2026-01-14 05:03:26,072][root][INFO] - Epoch:  31 | Loss: 0.0108 | Val - MRR: 0.2329, MR:  394.06, H@1: 0.168, H@3: 0.251, H@10: 0.359 | Test - MRR: 0.2322 | *
[2026-01-14 05:05:27,939][root][INFO] - Epoch:  32 | Loss: 0.0108 | Val - MRR: 0.2338, MR:  389.67, H@1: 0.169, H@3: 0.253, H@10: 0.360 | Test - MRR: 0.2334 | *
[2026-01-14 05:07:28,490][root][INFO] - Epoch:  33 | Loss: 0.0108 | Val - MRR: 0.2367, MR:  372.44, H@1: 0.171, H@3: 0.257, H@10: 0.365 | Test - MRR: 0.2358 | *
[2026-01-14 05:09:29,882][root][INFO] - Epoch:  34 | Loss: 0.0108 | Val - MRR: 0.2383, MR:  372.74, H@1: 0.174, H@3: 0.256, H@10: 0.365 | Test - MRR: 0.2366 | *
[2026-01-14 05:11:31,066][root][INFO] - Epoch:  35 | Loss: 0.0108 | Val - MRR: 0.2391, MR:  365.37, H@1: 0.173, H@3: 0.258, H@10: 0.368 | Test - MRR: 0.2375 | *
[2026-01-14 05:13:32,964][root][INFO] - Epoch:  36 | Loss: 0.0108 | Val - MRR: 0.2391, MR:  361.78, H@1: 0.172, H@3: 0.259, H@10: 0.369 | Test - MRR: 0.2384 | *
[2026-01-14 05:15:44,917][root][INFO] - Epoch:  37 | Loss: 0.0107 | Val - MRR: 0.2410, MR:  352.64, H@1: 0.174, H@3: 0.263, H@10: 0.371 | Test - MRR: 0.2405 | *
[2026-01-14 05:17:58,615][root][INFO] - Epoch:  38 | Loss: 0.0107 | Val - MRR: 0.2425, MR:  349.07, H@1: 0.175, H@3: 0.264, H@10: 0.372 | Test - MRR: 0.2416 | *
[2026-01-14 05:20:13,105][root][INFO] - Epoch:  39 | Loss: 0.0107 | Val - MRR: 0.2437, MR:  356.01, H@1: 0.176, H@3: 0.265, H@10: 0.374 | Test - MRR: 0.2428 | *
[2026-01-14 05:22:07,145][root][INFO] - Epoch:  40 | Loss: 0.0107 | Val - MRR: 0.2435, MR:  347.32, H@1: 0.176, H@3: 0.265, H@10: 0.376 | 
[2026-01-14 05:24:06,942][root][INFO] - Epoch:  41 | Loss: 0.0107 | Val - MRR: 0.2459, MR:  340.61, H@1: 0.179, H@3: 0.266, H@10: 0.378 | Test - MRR: 0.2447 | *
[2026-01-14 05:26:10,873][root][INFO] - Epoch:  42 | Loss: 0.0106 | Val - MRR: 0.2471, MR:  362.37, H@1: 0.179, H@3: 0.269, H@10: 0.381 | Test - MRR: 0.2462 | *
[2026-01-14 05:27:57,099][root][INFO] - Epoch:  43 | Loss: 0.0106 | Val - MRR: 0.2465, MR:  357.10, H@1: 0.178, H@3: 0.269, H@10: 0.380 | 
[2026-01-14 05:29:57,628][root][INFO] - Epoch:  44 | Loss: 0.0106 | Val - MRR: 0.2505, MR:  350.69, H@1: 0.181, H@3: 0.273, H@10: 0.384 | Test - MRR: 0.2490 | *
[2026-01-14 05:31:43,530][root][INFO] - Epoch:  45 | Loss: 0.0106 | Val - MRR: 0.2495, MR:  336.61, H@1: 0.180, H@3: 0.273, H@10: 0.386 | 
[2026-01-14 05:33:30,003][root][INFO] - Epoch:  46 | Loss: 0.0106 | Val - MRR: 0.2501, MR:  342.96, H@1: 0.181, H@3: 0.273, H@10: 0.385 | 
[2026-01-14 05:35:31,441][root][INFO] - Epoch:  47 | Loss: 0.0105 | Val - MRR: 0.2521, MR:  326.22, H@1: 0.182, H@3: 0.275, H@10: 0.387 | Test - MRR: 0.2512 | *
[2026-01-14 05:37:34,701][root][INFO] - Epoch:  48 | Loss: 0.0105 | Val - MRR: 0.2548, MR:  327.27, H@1: 0.185, H@3: 0.278, H@10: 0.389 | Test - MRR: 0.2535 | *
[2026-01-14 05:39:37,410][root][INFO] - Epoch:  49 | Loss: 0.0105 | Val - MRR: 0.2559, MR:  310.65, H@1: 0.185, H@3: 0.279, H@10: 0.393 | Test - MRR: 0.2537 | *
[2026-01-14 05:41:38,740][root][INFO] - Epoch:  50 | Loss: 0.0105 | Val - MRR: 0.2568, MR:  310.84, H@1: 0.185, H@3: 0.282, H@10: 0.395 | Test - MRR: 0.2554 | *
[2026-01-14 05:43:38,969][root][INFO] - Epoch:  51 | Loss: 0.0105 | Val - MRR: 0.2591, MR:  316.79, H@1: 0.188, H@3: 0.282, H@10: 0.397 | Test - MRR: 0.2567 | *
[2026-01-14 05:45:41,799][root][INFO] - Epoch:  52 | Loss: 0.0105 | Val - MRR: 0.2610, MR:  299.90, H@1: 0.189, H@3: 0.286, H@10: 0.399 | Test - MRR: 0.2585 | *
[2026-01-14 05:47:45,369][root][INFO] - Epoch:  53 | Loss: 0.0104 | Val - MRR: 0.2634, MR:  293.68, H@1: 0.192, H@3: 0.286, H@10: 0.402 | Test - MRR: 0.2608 | *
[2026-01-14 05:49:47,364][root][INFO] - Epoch:  54 | Loss: 0.0104 | Val - MRR: 0.2644, MR:  285.18, H@1: 0.193, H@3: 0.288, H@10: 0.404 | Test - MRR: 0.2624 | *
[2026-01-14 05:51:47,037][root][INFO] - Epoch:  55 | Loss: 0.0104 | Val - MRR: 0.2654, MR:  280.97, H@1: 0.193, H@3: 0.288, H@10: 0.406 | Test - MRR: 0.2632 | *
[2026-01-14 05:53:48,392][root][INFO] - Epoch:  56 | Loss: 0.0104 | Val - MRR: 0.2668, MR:  278.17, H@1: 0.193, H@3: 0.290, H@10: 0.409 | Test - MRR: 0.2645 | *
[2026-01-14 05:55:49,108][root][INFO] - Epoch:  57 | Loss: 0.0104 | Val - MRR: 0.2694, MR:  274.58, H@1: 0.197, H@3: 0.293, H@10: 0.413 | Test - MRR: 0.2676 | *
[2026-01-14 05:57:51,024][root][INFO] - Epoch:  58 | Loss: 0.0104 | Val - MRR: 0.2716, MR:  280.35, H@1: 0.198, H@3: 0.295, H@10: 0.415 | Test - MRR: 0.2706 | *
[2026-01-14 05:59:36,908][root][INFO] - Epoch:  59 | Loss: 0.0104 | Val - MRR: 0.2702, MR:  265.62, H@1: 0.195, H@3: 0.295, H@10: 0.415 | 
[2026-01-14 06:01:37,727][root][INFO] - Epoch:  60 | Loss: 0.0103 | Val - MRR: 0.2738, MR:  264.28, H@1: 0.199, H@3: 0.297, H@10: 0.423 | Test - MRR: 0.2719 | *
[2026-01-14 06:03:38,126][root][INFO] - Epoch:  61 | Loss: 0.0103 | Val - MRR: 0.2759, MR:  258.84, H@1: 0.202, H@3: 0.299, H@10: 0.422 | Test - MRR: 0.2734 | *
[2026-01-14 06:05:40,140][root][INFO] - Epoch:  62 | Loss: 0.0103 | Val - MRR: 0.2774, MR:  261.29, H@1: 0.203, H@3: 0.300, H@10: 0.426 | Test - MRR: 0.2744 | *
[2026-01-14 06:07:41,408][root][INFO] - Epoch:  63 | Loss: 0.0103 | Val - MRR: 0.2782, MR:  255.02, H@1: 0.204, H@3: 0.302, H@10: 0.425 | Test - MRR: 0.2752 | *
[2026-01-14 06:09:42,532][root][INFO] - Epoch:  64 | Loss: 0.0103 | Val - MRR: 0.2809, MR:  251.34, H@1: 0.205, H@3: 0.306, H@10: 0.429 | Test - MRR: 0.2771 | *
[2026-01-14 06:11:44,989][root][INFO] - Epoch:  65 | Loss: 0.0103 | Val - MRR: 0.2816, MR:  247.25, H@1: 0.205, H@3: 0.306, H@10: 0.431 | Test - MRR: 0.2785 | *
[2026-01-14 06:13:46,207][root][INFO] - Epoch:  66 | Loss: 0.0103 | Val - MRR: 0.2818, MR:  248.98, H@1: 0.205, H@3: 0.308, H@10: 0.431 | Test - MRR: 0.2792 | *
[2026-01-14 06:15:46,889][root][INFO] - Epoch:  67 | Loss: 0.0103 | Val - MRR: 0.2843, MR:  243.41, H@1: 0.207, H@3: 0.310, H@10: 0.434 | Test - MRR: 0.2815 | *
[2026-01-14 06:17:49,056][root][INFO] - Epoch:  68 | Loss: 0.0103 | Val - MRR: 0.2852, MR:  245.52, H@1: 0.209, H@3: 0.310, H@10: 0.435 | Test - MRR: 0.2828 | *
[2026-01-14 06:19:49,061][root][INFO] - Epoch:  69 | Loss: 0.0102 | Val - MRR: 0.2879, MR:  239.37, H@1: 0.212, H@3: 0.312, H@10: 0.438 | Test - MRR: 0.2853 | *
[2026-01-14 06:21:50,350][root][INFO] - Epoch:  70 | Loss: 0.0102 | Val - MRR: 0.2885, MR:  242.41, H@1: 0.212, H@3: 0.313, H@10: 0.439 | Test - MRR: 0.2851 | *
[2026-01-14 06:23:51,401][root][INFO] - Epoch:  71 | Loss: 0.0102 | Val - MRR: 0.2908, MR:  240.19, H@1: 0.214, H@3: 0.314, H@10: 0.444 | Test - MRR: 0.2883 | *
[2026-01-14 06:25:52,103][root][INFO] - Epoch:  72 | Loss: 0.0102 | Val - MRR: 0.2920, MR:  235.23, H@1: 0.216, H@3: 0.317, H@10: 0.441 | Test - MRR: 0.2882 | *
[2026-01-14 06:27:53,146][root][INFO] - Epoch:  73 | Loss: 0.0102 | Val - MRR: 0.2933, MR:  231.16, H@1: 0.216, H@3: 0.317, H@10: 0.446 | Test - MRR: 0.2899 | *
[2026-01-14 06:29:54,931][root][INFO] - Epoch:  74 | Loss: 0.0102 | Val - MRR: 0.2953, MR:  232.79, H@1: 0.219, H@3: 0.318, H@10: 0.447 | Test - MRR: 0.2915 | *
[2026-01-14 06:31:39,422][root][INFO] - Epoch:  75 | Loss: 0.0102 | Val - MRR: 0.2950, MR:  228.36, H@1: 0.218, H@3: 0.320, H@10: 0.446 | 
[2026-01-14 06:33:41,803][root][INFO] - Epoch:  76 | Loss: 0.0102 | Val - MRR: 0.2978, MR:  226.56, H@1: 0.221, H@3: 0.322, H@10: 0.451 | Test - MRR: 0.2947 | *
[2026-01-14 06:35:43,255][root][INFO] - Epoch:  77 | Loss: 0.0102 | Val - MRR: 0.2986, MR:  224.21, H@1: 0.221, H@3: 0.323, H@10: 0.453 | Test - MRR: 0.2946 | *
[2026-01-14 06:37:28,464][root][INFO] - Epoch:  78 | Loss: 0.0101 | Val - MRR: 0.2985, MR:  222.55, H@1: 0.220, H@3: 0.325, H@10: 0.454 | 
[2026-01-14 06:39:30,611][root][INFO] - Epoch:  79 | Loss: 0.0101 | Val - MRR: 0.2998, MR:  221.58, H@1: 0.221, H@3: 0.327, H@10: 0.455 | Test - MRR: 0.2965 | *
[2026-01-14 06:41:32,975][root][INFO] - Epoch:  80 | Loss: 0.0101 | Val - MRR: 0.3024, MR:  216.67, H@1: 0.224, H@3: 0.328, H@10: 0.457 | Test - MRR: 0.2986 | *
[2026-01-14 06:43:35,979][root][INFO] - Epoch:  81 | Loss: 0.0101 | Val - MRR: 0.3030, MR:  216.26, H@1: 0.224, H@3: 0.328, H@10: 0.459 | Test - MRR: 0.2995 | *
[2026-01-14 06:45:38,794][root][INFO] - Epoch:  82 | Loss: 0.0101 | Val - MRR: 0.3036, MR:  218.47, H@1: 0.225, H@3: 0.329, H@10: 0.461 | Test - MRR: 0.2998 | *
[2026-01-14 06:47:40,678][root][INFO] - Epoch:  83 | Loss: 0.0101 | Val - MRR: 0.3060, MR:  211.71, H@1: 0.227, H@3: 0.330, H@10: 0.463 | Test - MRR: 0.3036 | *
[2026-01-14 06:49:41,991][root][INFO] - Epoch:  84 | Loss: 0.0101 | Val - MRR: 0.3069, MR:  209.01, H@1: 0.228, H@3: 0.331, H@10: 0.464 | Test - MRR: 0.3038 | *
[2026-01-14 06:51:27,285][root][INFO] - Epoch:  85 | Loss: 0.0101 | Val - MRR: 0.3066, MR:  211.82, H@1: 0.227, H@3: 0.332, H@10: 0.465 | 
[2026-01-14 06:53:29,277][root][INFO] - Epoch:  86 | Loss: 0.0101 | Val - MRR: 0.3074, MR:  211.01, H@1: 0.228, H@3: 0.332, H@10: 0.466 | Test - MRR: 0.3039 | *
[2026-01-14 06:55:31,166][root][INFO] - Epoch:  87 | Loss: 0.0100 | Val - MRR: 0.3095, MR:  205.30, H@1: 0.229, H@3: 0.336, H@10: 0.468 | Test - MRR: 0.3063 | *
[2026-01-14 06:57:15,924][root][INFO] - Epoch:  88 | Loss: 0.0100 | Val - MRR: 0.3092, MR:  204.87, H@1: 0.229, H@3: 0.336, H@10: 0.469 | 
[2026-01-14 06:59:16,290][root][INFO] - Epoch:  89 | Loss: 0.0100 | Val - MRR: 0.3097, MR:  203.12, H@1: 0.228, H@3: 0.337, H@10: 0.469 | Test - MRR: 0.3073 | *
[2026-01-14 07:01:17,327][root][INFO] - Epoch:  90 | Loss: 0.0100 | Val - MRR: 0.3112, MR:  205.63, H@1: 0.231, H@3: 0.337, H@10: 0.471 | Test - MRR: 0.3082 | *
[2026-01-14 07:03:21,102][root][INFO] - Epoch:  91 | Loss: 0.0100 | Val - MRR: 0.3131, MR:  202.27, H@1: 0.232, H@3: 0.339, H@10: 0.474 | Test - MRR: 0.3087 | *
[2026-01-14 07:05:06,809][root][INFO] - Epoch:  92 | Loss: 0.0100 | Val - MRR: 0.3129, MR:  201.83, H@1: 0.231, H@3: 0.339, H@10: 0.474 | 
[2026-01-14 07:07:08,894][root][INFO] - Epoch:  93 | Loss: 0.0100 | Val - MRR: 0.3142, MR:  200.37, H@1: 0.233, H@3: 0.340, H@10: 0.477 | Test - MRR: 0.3116 | *
[2026-01-14 07:09:09,859][root][INFO] - Epoch:  94 | Loss: 0.0100 | Val - MRR: 0.3165, MR:  191.60, H@1: 0.235, H@3: 0.343, H@10: 0.480 | Test - MRR: 0.3143 | *
[2026-01-14 07:10:55,939][root][INFO] - Epoch:  95 | Loss: 0.0100 | Val - MRR: 0.3159, MR:  197.60, H@1: 0.233, H@3: 0.343, H@10: 0.481 | 
[2026-01-14 07:12:40,961][root][INFO] - Epoch:  96 | Loss: 0.0099 | Val - MRR: 0.3164, MR:  196.32, H@1: 0.233, H@3: 0.344, H@10: 0.483 | 
[2026-01-14 07:14:41,947][root][INFO] - Epoch:  97 | Loss: 0.0099 | Val - MRR: 0.3184, MR:  195.09, H@1: 0.236, H@3: 0.345, H@10: 0.485 | Test - MRR: 0.3157 | *
[2026-01-14 07:16:26,815][root][INFO] - Epoch:  98 | Loss: 0.0099 | Val - MRR: 0.3183, MR:  193.62, H@1: 0.236, H@3: 0.344, H@10: 0.486 | 
[2026-01-14 07:18:12,595][root][INFO] - Epoch:  99 | Loss: 0.0099 | Val - MRR: 0.3183, MR:  197.62, H@1: 0.235, H@3: 0.345, H@10: 0.484 | 
[2026-01-14 07:20:14,631][root][INFO] - Epoch: 100 | Loss: 0.0099 | Val - MRR: 0.3201, MR:  193.33, H@1: 0.237, H@3: 0.347, H@10: 0.487 | Test - MRR: 0.3170 | *
[2026-01-14 07:22:15,849][root][INFO] - Epoch: 101 | Loss: 0.0099 | Val - MRR: 0.3210, MR:  192.96, H@1: 0.238, H@3: 0.347, H@10: 0.488 | Test - MRR: 0.3185 | *
[2026-01-14 07:24:18,348][root][INFO] - Epoch: 102 | Loss: 0.0099 | Val - MRR: 0.3221, MR:  192.71, H@1: 0.238, H@3: 0.349, H@10: 0.491 | Test - MRR: 0.3181 | *
[2026-01-14 07:26:03,926][root][INFO] - Epoch: 103 | Loss: 0.0099 | Val - MRR: 0.3212, MR:  192.59, H@1: 0.237, H@3: 0.349, H@10: 0.491 | 
[2026-01-14 07:27:48,125][root][INFO] - Epoch: 104 | Loss: 0.0099 | Val - MRR: 0.3219, MR:  191.81, H@1: 0.238, H@3: 0.349, H@10: 0.494 | 
[2026-01-14 07:29:33,248][root][INFO] - Epoch: 105 | Loss: 0.0099 | Val - MRR: 0.3221, MR:  189.95, H@1: 0.238, H@3: 0.350, H@10: 0.493 | 
[2026-01-14 07:31:33,849][root][INFO] - Epoch: 106 | Loss: 0.0098 | Val - MRR: 0.3228, MR:  188.27, H@1: 0.238, H@3: 0.351, H@10: 0.493 | Test - MRR: 0.3211 | *
[2026-01-14 07:33:36,759][root][INFO] - Epoch: 107 | Loss: 0.0098 | Val - MRR: 0.3242, MR:  190.05, H@1: 0.239, H@3: 0.353, H@10: 0.496 | Test - MRR: 0.3225 | *
[2026-01-14 07:35:21,844][root][INFO] - Epoch: 108 | Loss: 0.0098 | Val - MRR: 0.3239, MR:  187.28, H@1: 0.239, H@3: 0.352, H@10: 0.495 | 
[2026-01-14 07:37:22,432][root][INFO] - Epoch: 109 | Loss: 0.0098 | Val - MRR: 0.3255, MR:  189.28, H@1: 0.241, H@3: 0.354, H@10: 0.497 | Test - MRR: 0.3224 | *
[2026-01-14 07:39:07,880][root][INFO] - Epoch: 110 | Loss: 0.0098 | Val - MRR: 0.3252, MR:  191.59, H@1: 0.240, H@3: 0.354, H@10: 0.499 | 
[2026-01-14 07:41:09,861][root][INFO] - Epoch: 111 | Loss: 0.0098 | Val - MRR: 0.3262, MR:  190.98, H@1: 0.241, H@3: 0.354, H@10: 0.498 | Test - MRR: 0.3239 | *
[2026-01-14 07:43:09,875][root][INFO] - Epoch: 112 | Loss: 0.0098 | Val - MRR: 0.3269, MR:  188.15, H@1: 0.241, H@3: 0.356, H@10: 0.501 | Test - MRR: 0.3247 | *
[2026-01-14 07:45:11,338][root][INFO] - Epoch: 113 | Loss: 0.0098 | Val - MRR: 0.3278, MR:  185.35, H@1: 0.242, H@3: 0.357, H@10: 0.502 | Test - MRR: 0.3254 | *
[2026-01-14 07:46:56,411][root][INFO] - Epoch: 114 | Loss: 0.0098 | Val - MRR: 0.3278, MR:  185.30, H@1: 0.241, H@3: 0.358, H@10: 0.502 | 
[2026-01-14 07:48:56,410][root][INFO] - Epoch: 115 | Loss: 0.0098 | Val - MRR: 0.3292, MR:  185.44, H@1: 0.242, H@3: 0.360, H@10: 0.504 | Test - MRR: 0.3268 | *
[2026-01-14 07:50:57,805][root][INFO] - Epoch: 116 | Loss: 0.0098 | Val - MRR: 0.3304, MR:  183.26, H@1: 0.244, H@3: 0.360, H@10: 0.505 | Test - MRR: 0.3270 | *
[2026-01-14 07:52:43,307][root][INFO] - Epoch: 117 | Loss: 0.0098 | Val - MRR: 0.3297, MR:  183.75, H@1: 0.244, H@3: 0.358, H@10: 0.506 | 
[2026-01-14 07:54:30,160][root][INFO] - Epoch: 118 | Loss: 0.0097 | Val - MRR: 0.3302, MR:  184.39, H@1: 0.243, H@3: 0.361, H@10: 0.505 | 
[2026-01-14 07:56:30,679][root][INFO] - Epoch: 119 | Loss: 0.0097 | Val - MRR: 0.3307, MR:  182.93, H@1: 0.244, H@3: 0.361, H@10: 0.506 | Test - MRR: 0.3287 | *
[2026-01-14 07:58:31,973][root][INFO] - Epoch: 120 | Loss: 0.0097 | Val - MRR: 0.3325, MR:  182.08, H@1: 0.246, H@3: 0.363, H@10: 0.506 | Test - MRR: 0.3295 | *
[2026-01-14 08:00:34,041][root][INFO] - Epoch: 121 | Loss: 0.0098 | Val - MRR: 0.3325, MR:  184.53, H@1: 0.246, H@3: 0.362, H@10: 0.507 | Test - MRR: 0.3299 | *
[2026-01-14 08:02:34,980][root][INFO] - Epoch: 122 | Loss: 0.0097 | Val - MRR: 0.3334, MR:  181.38, H@1: 0.247, H@3: 0.364, H@10: 0.509 | Test - MRR: 0.3309 | *
[2026-01-14 08:04:35,338][root][INFO] - Epoch: 123 | Loss: 0.0097 | Val - MRR: 0.3341, MR:  183.01, H@1: 0.247, H@3: 0.363, H@10: 0.510 | Test - MRR: 0.3305 | *
[2026-01-14 08:06:20,569][root][INFO] - Epoch: 124 | Loss: 0.0097 | Val - MRR: 0.3339, MR:  177.75, H@1: 0.246, H@3: 0.364, H@10: 0.510 | 
[2026-01-14 08:08:06,318][root][INFO] - Epoch: 125 | Loss: 0.0097 | Val - MRR: 0.3341, MR:  183.92, H@1: 0.246, H@3: 0.364, H@10: 0.511 | 
[2026-01-14 08:10:07,725][root][INFO] - Epoch: 126 | Loss: 0.0097 | Val - MRR: 0.3351, MR:  179.10, H@1: 0.248, H@3: 0.366, H@10: 0.511 | Test - MRR: 0.3323 | *
[2026-01-14 08:12:14,002][root][INFO] - Epoch: 127 | Loss: 0.0097 | Val - MRR: 0.3362, MR:  176.48, H@1: 0.249, H@3: 0.366, H@10: 0.510 | Test - MRR: 0.3323 | *
[2026-01-14 08:13:58,659][root][INFO] - Epoch: 128 | Loss: 0.0097 | Val - MRR: 0.3351, MR:  181.37, H@1: 0.247, H@3: 0.365, H@10: 0.513 | 
[2026-01-14 08:15:59,662][root][INFO] - Epoch: 129 | Loss: 0.0097 | Val - MRR: 0.3363, MR:  182.42, H@1: 0.249, H@3: 0.366, H@10: 0.515 | Test - MRR: 0.3343 | *
[2026-01-14 08:18:03,043][root][INFO] - Epoch: 130 | Loss: 0.0097 | Val - MRR: 0.3366, MR:  179.74, H@1: 0.249, H@3: 0.367, H@10: 0.514 | Test - MRR: 0.3333 | *
[2026-01-14 08:20:04,326][root][INFO] - Epoch: 131 | Loss: 0.0097 | Val - MRR: 0.3369, MR:  180.49, H@1: 0.249, H@3: 0.368, H@10: 0.514 | Test - MRR: 0.3344 | *
[2026-01-14 08:22:04,529][root][INFO] - Epoch: 132 | Loss: 0.0097 | Val - MRR: 0.3378, MR:  180.21, H@1: 0.250, H@3: 0.369, H@10: 0.516 | Test - MRR: 0.3352 | *
[2026-01-14 08:23:49,957][root][INFO] - Epoch: 133 | Loss: 0.0097 | Val - MRR: 0.3374, MR:  184.04, H@1: 0.249, H@3: 0.368, H@10: 0.516 | 
[2026-01-14 08:25:51,295][root][INFO] - Epoch: 134 | Loss: 0.0097 | Val - MRR: 0.3393, MR:  179.73, H@1: 0.251, H@3: 0.370, H@10: 0.519 | Test - MRR: 0.3362 | *
[2026-01-14 08:27:36,465][root][INFO] - Epoch: 135 | Loss: 0.0097 | Val - MRR: 0.3381, MR:  181.30, H@1: 0.249, H@3: 0.370, H@10: 0.519 | 
[2026-01-14 08:29:38,517][root][INFO] - Epoch: 136 | Loss: 0.0097 | Val - MRR: 0.3405, MR:  177.09, H@1: 0.252, H@3: 0.372, H@10: 0.520 | Test - MRR: 0.3364 | *
[2026-01-14 08:31:22,804][root][INFO] - Epoch: 137 | Loss: 0.0097 | Val - MRR: 0.3397, MR:  171.34, H@1: 0.250, H@3: 0.372, H@10: 0.519 | 
[2026-01-14 08:33:08,639][root][INFO] - Epoch: 138 | Loss: 0.0097 | Val - MRR: 0.3390, MR:  177.10, H@1: 0.250, H@3: 0.370, H@10: 0.520 | 
[2026-01-14 08:34:54,640][root][INFO] - Epoch: 139 | Loss: 0.0097 | Val - MRR: 0.3396, MR:  180.36, H@1: 0.251, H@3: 0.370, H@10: 0.521 | 
[2026-01-14 08:36:54,514][root][INFO] - Epoch: 140 | Loss: 0.0097 | Val - MRR: 0.3409, MR:  177.25, H@1: 0.251, H@3: 0.373, H@10: 0.522 | Test - MRR: 0.3385 | *
[2026-01-14 08:38:40,846][root][INFO] - Epoch: 141 | Loss: 0.0097 | Val - MRR: 0.3407, MR:  178.50, H@1: 0.252, H@3: 0.371, H@10: 0.521 | 
[2026-01-14 08:40:40,954][root][INFO] - Epoch: 142 | Loss: 0.0097 | Val - MRR: 0.3419, MR:  176.72, H@1: 0.252, H@3: 0.373, H@10: 0.523 | Test - MRR: 0.3393 | *
[2026-01-14 08:42:47,543][root][INFO] - Epoch: 143 | Loss: 0.0097 | Val - MRR: 0.3426, MR:  176.87, H@1: 0.254, H@3: 0.373, H@10: 0.523 | Test - MRR: 0.3390 | *
[2026-01-14 08:44:33,550][root][INFO] - Epoch: 144 | Loss: 0.0097 | Val - MRR: 0.3425, MR:  178.12, H@1: 0.253, H@3: 0.374, H@10: 0.521 | 
[2026-01-14 08:46:34,923][root][INFO] - Epoch: 145 | Loss: 0.0097 | Val - MRR: 0.3436, MR:  176.01, H@1: 0.255, H@3: 0.374, H@10: 0.524 | Test - MRR: 0.3395 | *
[2026-01-14 08:48:20,940][root][INFO] - Epoch: 146 | Loss: 0.0097 | Val - MRR: 0.3424, MR:  176.09, H@1: 0.253, H@3: 0.373, H@10: 0.523 | 
[2026-01-14 08:50:05,762][root][INFO] - Epoch: 147 | Loss: 0.0097 | Val - MRR: 0.3431, MR:  179.98, H@1: 0.252, H@3: 0.377, H@10: 0.524 | 
[2026-01-14 08:52:06,610][root][INFO] - Epoch: 148 | Loss: 0.0097 | Val - MRR: 0.3437, MR:  180.35, H@1: 0.254, H@3: 0.376, H@10: 0.524 | Test - MRR: 0.3397 | *
[2026-01-14 08:53:51,749][root][INFO] - Epoch: 149 | Loss: 0.0097 | Val - MRR: 0.3436, MR:  177.96, H@1: 0.254, H@3: 0.376, H@10: 0.525 | 
[2026-01-14 08:55:37,337][root][INFO] - Epoch: 150 | Loss: 0.0097 | Val - MRR: 0.3434, MR:  176.60, H@1: 0.254, H@3: 0.375, H@10: 0.524 | 
[2026-01-14 08:57:39,648][root][INFO] - Epoch: 151 | Loss: 0.0097 | Val - MRR: 0.3442, MR:  177.18, H@1: 0.254, H@3: 0.377, H@10: 0.526 | Test - MRR: 0.3398 | *
[2026-01-14 08:59:25,086][root][INFO] - Epoch: 152 | Loss: 0.0097 | Val - MRR: 0.3437, MR:  178.81, H@1: 0.253, H@3: 0.378, H@10: 0.526 | 
[2026-01-14 09:01:27,902][root][INFO] - Epoch: 153 | Loss: 0.0097 | Val - MRR: 0.3447, MR:  176.48, H@1: 0.254, H@3: 0.378, H@10: 0.527 | Test - MRR: 0.3412 | *
[2026-01-14 09:03:30,261][root][INFO] - Epoch: 154 | Loss: 0.0097 | Val - MRR: 0.3452, MR:  177.66, H@1: 0.255, H@3: 0.378, H@10: 0.527 | Test - MRR: 0.3415 | *
[2026-01-14 09:05:36,374][root][INFO] - Epoch: 155 | Loss: 0.0097 | Val - MRR: 0.3457, MR:  176.05, H@1: 0.255, H@3: 0.379, H@10: 0.529 | Test - MRR: 0.3413 | *
[2026-01-14 09:08:21,617][root][INFO] - Epoch: 156 | Loss: 0.0097 | Val - MRR: 0.3445, MR:  175.70, H@1: 0.254, H@3: 0.378, H@10: 0.526 | 
[2026-01-14 09:12:16,846][root][INFO] - Epoch: 157 | Loss: 0.0097 | Val - MRR: 0.3458, MR:  179.01, H@1: 0.255, H@3: 0.379, H@10: 0.526 | Test - MRR: 0.3420 | *
[2026-01-14 09:16:13,162][root][INFO] - Epoch: 158 | Loss: 0.0097 | Val - MRR: 0.3472, MR:  174.13, H@1: 0.256, H@3: 0.382, H@10: 0.530 | Test - MRR: 0.3431 | *
[2026-01-14 09:19:50,766][root][INFO] - Epoch: 159 | Loss: 0.0097 | Val - MRR: 0.3468, MR:  175.99, H@1: 0.256, H@3: 0.380, H@10: 0.529 | 
[2026-01-14 09:23:27,255][root][INFO] - Epoch: 160 | Loss: 0.0097 | Val - MRR: 0.3465, MR:  177.09, H@1: 0.256, H@3: 0.379, H@10: 0.529 | 
[2026-01-14 09:25:14,751][root][INFO] - Epoch: 161 | Loss: 0.0097 | Val - MRR: 0.3470, MR:  175.28, H@1: 0.257, H@3: 0.380, H@10: 0.529 | 
[2026-01-14 09:27:00,215][root][INFO] - Epoch: 162 | Loss: 0.0097 | Val - MRR: 0.3462, MR:  177.88, H@1: 0.257, H@3: 0.377, H@10: 0.528 | 
[2026-01-14 09:29:02,170][root][INFO] - Epoch: 163 | Loss: 0.0097 | Val - MRR: 0.3491, MR:  174.16, H@1: 0.259, H@3: 0.382, H@10: 0.531 | Test - MRR: 0.3443 | *
[2026-01-14 09:30:47,371][root][INFO] - Epoch: 164 | Loss: 0.0097 | Val - MRR: 0.3476, MR:  174.52, H@1: 0.257, H@3: 0.381, H@10: 0.530 | 
[2026-01-14 09:32:33,397][root][INFO] - Epoch: 165 | Loss: 0.0097 | Val - MRR: 0.3486, MR:  176.49, H@1: 0.258, H@3: 0.382, H@10: 0.531 | 
[2026-01-14 09:34:17,835][root][INFO] - Epoch: 166 | Loss: 0.0097 | Val - MRR: 0.3484, MR:  177.42, H@1: 0.258, H@3: 0.381, H@10: 0.530 | 
[2026-01-14 09:36:03,634][root][INFO] - Epoch: 167 | Loss: 0.0097 | Val - MRR: 0.3479, MR:  175.10, H@1: 0.257, H@3: 0.381, H@10: 0.531 | 
[2026-01-14 09:37:48,234][root][INFO] - Epoch: 168 | Loss: 0.0097 | Val - MRR: 0.3487, MR:  175.52, H@1: 0.259, H@3: 0.382, H@10: 0.531 | 
[2026-01-14 09:39:51,430][root][INFO] - Epoch: 169 | Loss: 0.0097 | Val - MRR: 0.3500, MR:  173.82, H@1: 0.260, H@3: 0.382, H@10: 0.532 | Test - MRR: 0.3451 | *
[2026-01-14 09:43:10,183][root][INFO] - Epoch: 170 | Loss: 0.0097 | Val - MRR: 0.3493, MR:  172.44, H@1: 0.259, H@3: 0.383, H@10: 0.533 | 
[2026-01-14 09:46:48,358][root][INFO] - Epoch: 171 | Loss: 0.0097 | Val - MRR: 0.3501, MR:  172.23, H@1: 0.260, H@3: 0.383, H@10: 0.532 | Test - MRR: 0.3456 | *
[2026-01-14 09:50:06,903][root][INFO] - Epoch: 172 | Loss: 0.0097 | Val - MRR: 0.3499, MR:  178.07, H@1: 0.259, H@3: 0.383, H@10: 0.532 | 
[2026-01-14 09:53:44,667][root][INFO] - Epoch: 173 | Loss: 0.0097 | Val - MRR: 0.3502, MR:  177.51, H@1: 0.259, H@3: 0.385, H@10: 0.534 | Test - MRR: 0.3451 | *
[2026-01-14 09:56:27,671][root][INFO] - Epoch: 174 | Loss: 0.0098 | Val - MRR: 0.3510, MR:  172.59, H@1: 0.259, H@3: 0.386, H@10: 0.535 | Test - MRR: 0.3466 | *
[2026-01-14 09:58:29,342][root][INFO] - Epoch: 175 | Loss: 0.0098 | Val - MRR: 0.3521, MR:  173.15, H@1: 0.261, H@3: 0.386, H@10: 0.535 | Test - MRR: 0.3462 | *
[2026-01-14 10:00:14,948][root][INFO] - Epoch: 176 | Loss: 0.0098 | Val - MRR: 0.3505, MR:  179.15, H@1: 0.259, H@3: 0.385, H@10: 0.533 | 
[2026-01-14 10:03:08,275][root][INFO] - Epoch: 177 | Loss: 0.0098 | Val - MRR: 0.3506, MR:  175.94, H@1: 0.259, H@3: 0.385, H@10: 0.534 | 
[2026-01-14 10:06:52,421][root][INFO] - Epoch: 178 | Loss: 0.0098 | Val - MRR: 0.3529, MR:  173.16, H@1: 0.262, H@3: 0.387, H@10: 0.535 | Test - MRR: 0.3478 | *
[2026-01-14 10:10:16,527][root][INFO] - Epoch: 179 | Loss: 0.0098 | Val - MRR: 0.3528, MR:  173.13, H@1: 0.262, H@3: 0.387, H@10: 0.535 | 
[2026-01-14 10:13:38,297][root][INFO] - Epoch: 180 | Loss: 0.0098 | Val - MRR: 0.3515, MR:  175.26, H@1: 0.261, H@3: 0.385, H@10: 0.535 | 
[2026-01-14 10:17:01,855][root][INFO] - Epoch: 181 | Loss: 0.0098 | Val - MRR: 0.3524, MR:  174.01, H@1: 0.261, H@3: 0.386, H@10: 0.536 | 
[2026-01-14 10:20:24,654][root][INFO] - Epoch: 182 | Loss: 0.0098 | Val - MRR: 0.3522, MR:  174.96, H@1: 0.261, H@3: 0.386, H@10: 0.536 | 
[2026-01-14 10:23:46,789][root][INFO] - Epoch: 183 | Loss: 0.0098 | Val - MRR: 0.3513, MR:  175.70, H@1: 0.260, H@3: 0.385, H@10: 0.534 | 
[2026-01-14 10:27:11,240][root][INFO] - Epoch: 184 | Loss: 0.0098 | Val - MRR: 0.3522, MR:  173.87, H@1: 0.261, H@3: 0.386, H@10: 0.536 | 
[2026-01-14 10:30:33,940][root][INFO] - Epoch: 185 | Loss: 0.0098 | Val - MRR: 0.3526, MR:  175.43, H@1: 0.262, H@3: 0.387, H@10: 0.536 | 
[2026-01-14 10:33:55,992][root][INFO] - Epoch: 186 | Loss: 0.0098 | Val - MRR: 0.3523, MR:  174.47, H@1: 0.262, H@3: 0.387, H@10: 0.534 | 
[2026-01-14 10:37:18,319][root][INFO] - Epoch: 187 | Loss: 0.0098 | Val - MRR: 0.3524, MR:  175.07, H@1: 0.261, H@3: 0.387, H@10: 0.536 | 
[2026-01-14 10:40:58,924][root][INFO] - Epoch: 188 | Loss: 0.0098 | Val - MRR: 0.3531, MR:  173.23, H@1: 0.262, H@3: 0.387, H@10: 0.536 | Test - MRR: 0.3482 | *
[2026-01-14 10:44:23,424][root][INFO] - Epoch: 189 | Loss: 0.0098 | Val - MRR: 0.3529, MR:  174.44, H@1: 0.262, H@3: 0.388, H@10: 0.536 | 
[2026-01-14 10:48:10,127][root][INFO] - Epoch: 190 | Loss: 0.0098 | Val - MRR: 0.3543, MR:  174.86, H@1: 0.264, H@3: 0.389, H@10: 0.537 | Test - MRR: 0.3489 | *
[2026-01-14 10:51:35,020][root][INFO] - Epoch: 191 | Loss: 0.0098 | Val - MRR: 0.3524, MR:  175.50, H@1: 0.261, H@3: 0.387, H@10: 0.537 | 
[2026-01-14 10:54:57,585][root][INFO] - Epoch: 192 | Loss: 0.0098 | Val - MRR: 0.3532, MR:  171.69, H@1: 0.262, H@3: 0.387, H@10: 0.536 | 
[2026-01-14 10:58:19,891][root][INFO] - Epoch: 193 | Loss: 0.0098 | Val - MRR: 0.3537, MR:  173.49, H@1: 0.263, H@3: 0.387, H@10: 0.538 | 
[2026-01-14 11:01:45,194][root][INFO] - Epoch: 194 | Loss: 0.0098 | Val - MRR: 0.3532, MR:  174.76, H@1: 0.262, H@3: 0.387, H@10: 0.537 | 
[2026-01-14 11:05:06,473][root][INFO] - Epoch: 195 | Loss: 0.0098 | Val - MRR: 0.3543, MR:  172.16, H@1: 0.263, H@3: 0.389, H@10: 0.539 | 
[2026-01-14 11:07:56,093][root][INFO] - Epoch: 196 | Loss: 0.0098 | Val - MRR: 0.3535, MR:  177.76, H@1: 0.263, H@3: 0.388, H@10: 0.535 | 
[2026-01-14 11:09:54,677][root][INFO] - Epoch: 197 | Loss: 0.0099 | Val - MRR: 0.3544, MR:  172.25, H@1: 0.263, H@3: 0.389, H@10: 0.538 | Test - MRR: 0.3485 | *
[2026-01-14 11:11:55,844][root][INFO] - Epoch: 198 | Loss: 0.0099 | Val - MRR: 0.3545, MR:  176.16, H@1: 0.263, H@3: 0.389, H@10: 0.539 | Test - MRR: 0.3481 | *
[2026-01-14 11:13:41,466][root][INFO] - Epoch: 199 | Loss: 0.0099 | Val - MRR: 0.3538, MR:  177.67, H@1: 0.262, H@3: 0.389, H@10: 0.540 | 
[2026-01-14 11:15:43,481][root][INFO] - Epoch: 200 | Loss: 0.0099 | Val - MRR: 0.3547, MR:  174.59, H@1: 0.263, H@3: 0.388, H@10: 0.539 | Test - MRR: 0.3482 | *
[2026-01-14 11:17:28,033][root][INFO] - Epoch: 201 | Loss: 0.0098 | Val - MRR: 0.3545, MR:  178.79, H@1: 0.263, H@3: 0.390, H@10: 0.540 | 
[2026-01-14 11:19:31,049][root][INFO] - Epoch: 202 | Loss: 0.0099 | Val - MRR: 0.3550, MR:  171.70, H@1: 0.263, H@3: 0.390, H@10: 0.539 | Test - MRR: 0.3492 | *
[2026-01-14 11:21:30,923][root][INFO] - Epoch: 203 | Loss: 0.0099 | Val - MRR: 0.3551, MR:  176.35, H@1: 0.263, H@3: 0.390, H@10: 0.539 | Test - MRR: 0.3498 | *
[2026-01-14 11:23:16,279][root][INFO] - Epoch: 204 | Loss: 0.0099 | Val - MRR: 0.3550, MR:  175.96, H@1: 0.263, H@3: 0.388, H@10: 0.540 | 
[2026-01-14 11:25:19,140][root][INFO] - Epoch: 205 | Loss: 0.0099 | Val - MRR: 0.3555, MR:  175.42, H@1: 0.265, H@3: 0.389, H@10: 0.541 | Test - MRR: 0.3496 | *
[2026-01-14 11:27:17,960][root][INFO] - Epoch: 206 | Loss: 0.0099 | Val - MRR: 0.3560, MR:  174.70, H@1: 0.265, H@3: 0.390, H@10: 0.540 | Test - MRR: 0.3506 | *
[2026-01-14 11:29:06,274][root][INFO] - Epoch: 207 | Loss: 0.0099 | Val - MRR: 0.3554, MR:  176.05, H@1: 0.264, H@3: 0.389, H@10: 0.540 | 
[2026-01-14 11:30:52,526][root][INFO] - Epoch: 208 | Loss: 0.0099 | Val - MRR: 0.3553, MR:  175.59, H@1: 0.264, H@3: 0.389, H@10: 0.539 | 
[2026-01-14 11:32:38,211][root][INFO] - Epoch: 209 | Loss: 0.0099 | Val - MRR: 0.3556, MR:  177.32, H@1: 0.264, H@3: 0.389, H@10: 0.540 | 
[2026-01-14 11:34:22,739][root][INFO] - Epoch: 210 | Loss: 0.0099 | Val - MRR: 0.3558, MR:  175.82, H@1: 0.264, H@3: 0.389, H@10: 0.543 | 
[2026-01-14 11:36:08,217][root][INFO] - Epoch: 211 | Loss: 0.0099 | Val - MRR: 0.3560, MR:  175.38, H@1: 0.265, H@3: 0.390, H@10: 0.541 | 
[2026-01-14 11:38:09,786][root][INFO] - Epoch: 212 | Loss: 0.0099 | Val - MRR: 0.3573, MR:  174.04, H@1: 0.266, H@3: 0.392, H@10: 0.542 | Test - MRR: 0.3513 | *
[2026-01-14 11:39:55,383][root][INFO] - Epoch: 213 | Loss: 0.0099 | Val - MRR: 0.3565, MR:  175.66, H@1: 0.265, H@3: 0.391, H@10: 0.541 | 
[2026-01-14 11:41:39,902][root][INFO] - Epoch: 214 | Loss: 0.0099 | Val - MRR: 0.3568, MR:  176.88, H@1: 0.266, H@3: 0.391, H@10: 0.540 | 
[2026-01-14 11:43:25,759][root][INFO] - Epoch: 215 | Loss: 0.0099 | Val - MRR: 0.3560, MR:  173.68, H@1: 0.265, H@3: 0.390, H@10: 0.540 | 
[2026-01-14 11:45:11,299][root][INFO] - Epoch: 216 | Loss: 0.0099 | Val - MRR: 0.3570, MR:  175.44, H@1: 0.266, H@3: 0.390, H@10: 0.542 | 
[2026-01-14 11:47:12,650][root][INFO] - Epoch: 217 | Loss: 0.0099 | Val - MRR: 0.3580, MR:  171.00, H@1: 0.267, H@3: 0.391, H@10: 0.542 | Test - MRR: 0.3529 | *
[2026-01-14 11:48:56,128][root][INFO] - Epoch: 218 | Loss: 0.0099 | Val - MRR: 0.3570, MR:  174.37, H@1: 0.265, H@3: 0.391, H@10: 0.542 | 
[2026-01-14 11:50:42,375][root][INFO] - Epoch: 219 | Loss: 0.0099 | Val - MRR: 0.3572, MR:  173.89, H@1: 0.265, H@3: 0.392, H@10: 0.541 | 
[2026-01-14 11:52:27,342][root][INFO] - Epoch: 220 | Loss: 0.0099 | Val - MRR: 0.3564, MR:  176.70, H@1: 0.265, H@3: 0.390, H@10: 0.540 | 
[2026-01-14 11:54:29,206][root][INFO] - Epoch: 221 | Loss: 0.0099 | Val - MRR: 0.3580, MR:  171.09, H@1: 0.267, H@3: 0.392, H@10: 0.543 | Test - MRR: 0.3526 | *
[2026-01-14 11:56:13,448][root][INFO] - Epoch: 222 | Loss: 0.0099 | Val - MRR: 0.3580, MR:  172.58, H@1: 0.266, H@3: 0.392, H@10: 0.541 | 
[2026-01-14 11:57:58,691][root][INFO] - Epoch: 223 | Loss: 0.0099 | Val - MRR: 0.3557, MR:  174.41, H@1: 0.264, H@3: 0.390, H@10: 0.540 | 
[2026-01-14 11:59:43,769][root][INFO] - Epoch: 224 | Loss: 0.0099 | Val - MRR: 0.3570, MR:  174.28, H@1: 0.265, H@3: 0.393, H@10: 0.543 | 
[2026-01-14 12:01:44,770][root][INFO] - Epoch: 225 | Loss: 0.0099 | Val - MRR: 0.3588, MR:  172.10, H@1: 0.267, H@3: 0.394, H@10: 0.542 | Test - MRR: 0.3531 | *
[2026-01-14 12:03:30,635][root][INFO] - Epoch: 226 | Loss: 0.0099 | Val - MRR: 0.3577, MR:  173.63, H@1: 0.266, H@3: 0.392, H@10: 0.542 | 
[2026-01-14 12:05:15,950][root][INFO] - Epoch: 227 | Loss: 0.0099 | Val - MRR: 0.3565, MR:  177.45, H@1: 0.264, H@3: 0.392, H@10: 0.541 | 
[2026-01-14 12:07:00,898][root][INFO] - Epoch: 228 | Loss: 0.0099 | Val - MRR: 0.3572, MR:  173.61, H@1: 0.265, H@3: 0.391, H@10: 0.543 | 
[2026-01-14 12:08:50,720][root][INFO] - Epoch: 229 | Loss: 0.0099 | Val - MRR: 0.3568, MR:  177.24, H@1: 0.265, H@3: 0.391, H@10: 0.543 | 
[2026-01-14 12:10:34,744][root][INFO] - Epoch: 230 | Loss: 0.0099 | Val - MRR: 0.3574, MR:  173.30, H@1: 0.266, H@3: 0.391, H@10: 0.543 | 
[2026-01-14 12:12:18,162][root][INFO] - Epoch: 231 | Loss: 0.0099 | Val - MRR: 0.3586, MR:  171.44, H@1: 0.267, H@3: 0.393, H@10: 0.543 | 
[2026-01-14 12:14:03,914][root][INFO] - Epoch: 232 | Loss: 0.0099 | Val - MRR: 0.3568, MR:  173.85, H@1: 0.265, H@3: 0.391, H@10: 0.540 | 
[2026-01-14 12:15:48,880][root][INFO] - Epoch: 233 | Loss: 0.0099 | Val - MRR: 0.3578, MR:  172.66, H@1: 0.266, H@3: 0.392, H@10: 0.544 | 
[2026-01-14 12:17:32,444][root][INFO] - Epoch: 234 | Loss: 0.0099 | Val - MRR: 0.3582, MR:  173.73, H@1: 0.266, H@3: 0.392, H@10: 0.544 | 
[2026-01-14 12:19:34,368][root][INFO] - Epoch: 235 | Loss: 0.0099 | Val - MRR: 0.3588, MR:  171.62, H@1: 0.267, H@3: 0.393, H@10: 0.543 | Test - MRR: 0.3527 | *
[2026-01-14 12:21:19,194][root][INFO] - Epoch: 236 | Loss: 0.0099 | Val - MRR: 0.3581, MR:  173.13, H@1: 0.267, H@3: 0.392, H@10: 0.542 | 
[2026-01-14 12:23:19,355][root][INFO] - Epoch: 237 | Loss: 0.0099 | Val - MRR: 0.3597, MR:  171.08, H@1: 0.269, H@3: 0.393, H@10: 0.545 | Test - MRR: 0.3542 | *
[2026-01-14 12:25:03,525][root][INFO] - Epoch: 238 | Loss: 0.0099 | Val - MRR: 0.3585, MR:  175.02, H@1: 0.267, H@3: 0.392, H@10: 0.543 | 
[2026-01-14 12:26:49,132][root][INFO] - Epoch: 239 | Loss: 0.0099 | Val - MRR: 0.3596, MR:  173.31, H@1: 0.268, H@3: 0.393, H@10: 0.544 | 
[2026-01-14 12:28:32,598][root][INFO] - Epoch: 240 | Loss: 0.0099 | Val - MRR: 0.3586, MR:  175.92, H@1: 0.267, H@3: 0.392, H@10: 0.542 | 
[2026-01-14 12:30:17,473][root][INFO] - Epoch: 241 | Loss: 0.0099 | Val - MRR: 0.3592, MR:  175.96, H@1: 0.268, H@3: 0.393, H@10: 0.542 | 
[2026-01-14 12:32:01,884][root][INFO] - Epoch: 242 | Loss: 0.0099 | Val - MRR: 0.3590, MR:  177.80, H@1: 0.268, H@3: 0.394, H@10: 0.542 | 
[2026-01-14 12:34:01,867][root][INFO] - Epoch: 243 | Loss: 0.0099 | Val - MRR: 0.3601, MR:  173.43, H@1: 0.268, H@3: 0.395, H@10: 0.545 | Test - MRR: 0.3542 | *
[2026-01-14 12:36:03,816][root][INFO] - Epoch: 244 | Loss: 0.0099 | Val - MRR: 0.3611, MR:  172.03, H@1: 0.269, H@3: 0.395, H@10: 0.545 | Test - MRR: 0.3548 | *
[2026-01-14 12:37:48,245][root][INFO] - Epoch: 245 | Loss: 0.0099 | Val - MRR: 0.3591, MR:  175.90, H@1: 0.266, H@3: 0.393, H@10: 0.545 | 
[2026-01-14 12:39:33,788][root][INFO] - Epoch: 246 | Loss: 0.0099 | Val - MRR: 0.3604, MR:  171.65, H@1: 0.268, H@3: 0.395, H@10: 0.546 | 
[2026-01-14 12:41:17,817][root][INFO] - Epoch: 247 | Loss: 0.0099 | Val - MRR: 0.3608, MR:  172.91, H@1: 0.269, H@3: 0.395, H@10: 0.545 | 
[2026-01-14 12:43:03,906][root][INFO] - Epoch: 248 | Loss: 0.0099 | Val - MRR: 0.3599, MR:  174.79, H@1: 0.268, H@3: 0.393, H@10: 0.544 | 
[2026-01-14 12:44:47,931][root][INFO] - Epoch: 249 | Loss: 0.0099 | Val - MRR: 0.3592, MR:  174.43, H@1: 0.268, H@3: 0.392, H@10: 0.544 | 
[2026-01-14 12:46:32,573][root][INFO] - Epoch: 250 | Loss: 0.0099 | Val - MRR: 0.3596, MR:  176.67, H@1: 0.268, H@3: 0.393, H@10: 0.543 | 
[2026-01-14 12:48:18,874][root][INFO] - Epoch: 251 | Loss: 0.0099 | Val - MRR: 0.3606, MR:  175.48, H@1: 0.269, H@3: 0.395, H@10: 0.546 | 
[2026-01-14 12:50:03,278][root][INFO] - Epoch: 252 | Loss: 0.0099 | Val - MRR: 0.3608, MR:  171.86, H@1: 0.270, H@3: 0.394, H@10: 0.546 | 
[2026-01-14 12:52:04,788][root][INFO] - Epoch: 253 | Loss: 0.0099 | Val - MRR: 0.3611, MR:  173.88, H@1: 0.270, H@3: 0.394, H@10: 0.546 | Test - MRR: 0.3545 | *
[2026-01-14 12:53:50,219][root][INFO] - Epoch: 254 | Loss: 0.0099 | Val - MRR: 0.3603, MR:  172.97, H@1: 0.269, H@3: 0.394, H@10: 0.544 | 
[2026-01-14 12:55:35,649][root][INFO] - Epoch: 255 | Loss: 0.0099 | Val - MRR: 0.3609, MR:  175.35, H@1: 0.270, H@3: 0.394, H@10: 0.546 | 
[2026-01-14 12:57:20,827][root][INFO] - Epoch: 256 | Loss: 0.0099 | Val - MRR: 0.3605, MR:  175.82, H@1: 0.269, H@3: 0.395, H@10: 0.545 | 
[2026-01-14 12:59:06,961][root][INFO] - Epoch: 257 | Loss: 0.0099 | Val - MRR: 0.3601, MR:  176.99, H@1: 0.268, H@3: 0.394, H@10: 0.546 | 
[2026-01-14 13:00:52,201][root][INFO] - Epoch: 258 | Loss: 0.0099 | Val - MRR: 0.3607, MR:  175.55, H@1: 0.269, H@3: 0.394, H@10: 0.545 | 
[2026-01-14 13:02:39,816][root][INFO] - Epoch: 259 | Loss: 0.0099 | Val - MRR: 0.3608, MR:  175.42, H@1: 0.270, H@3: 0.393, H@10: 0.546 | 
[2026-01-14 13:04:25,474][root][INFO] - Epoch: 260 | Loss: 0.0099 | Val - MRR: 0.3600, MR:  177.10, H@1: 0.268, H@3: 0.395, H@10: 0.546 | 
[2026-01-14 13:06:09,562][root][INFO] - Epoch: 261 | Loss: 0.0099 | Val - MRR: 0.3594, MR:  176.67, H@1: 0.268, H@3: 0.394, H@10: 0.545 | 
[2026-01-14 13:07:54,980][root][INFO] - Epoch: 262 | Loss: 0.0099 | Val - MRR: 0.3610, MR:  175.75, H@1: 0.269, H@3: 0.395, H@10: 0.547 | 
[2026-01-14 13:09:55,139][root][INFO] - Epoch: 263 | Loss: 0.0099 | Val - MRR: 0.3613, MR:  176.95, H@1: 0.270, H@3: 0.396, H@10: 0.545 | Test - MRR: 0.3558 | *
[2026-01-14 13:11:57,337][root][INFO] - Epoch: 264 | Loss: 0.0099 | Val - MRR: 0.3615, MR:  176.02, H@1: 0.269, H@3: 0.396, H@10: 0.547 | Test - MRR: 0.3565 | *
[2026-01-14 13:13:41,298][root][INFO] - Epoch: 265 | Loss: 0.0099 | Val - MRR: 0.3609, MR:  176.95, H@1: 0.269, H@3: 0.396, H@10: 0.546 | 
[2026-01-14 13:15:43,305][root][INFO] - Epoch: 266 | Loss: 0.0099 | Val - MRR: 0.3621, MR:  175.88, H@1: 0.270, H@3: 0.396, H@10: 0.547 | Test - MRR: 0.3557 | *
[2026-01-14 13:17:29,375][root][INFO] - Epoch: 267 | Loss: 0.0099 | Val - MRR: 0.3614, MR:  174.03, H@1: 0.269, H@3: 0.396, H@10: 0.548 | 
[2026-01-14 13:19:31,098][root][INFO] - Epoch: 268 | Loss: 0.0099 | Val - MRR: 0.3627, MR:  173.63, H@1: 0.271, H@3: 0.395, H@10: 0.547 | Test - MRR: 0.3560 | *
[2026-01-14 13:21:15,712][root][INFO] - Epoch: 269 | Loss: 0.0099 | Val - MRR: 0.3621, MR:  174.94, H@1: 0.270, H@3: 0.396, H@10: 0.547 | 
[2026-01-14 13:23:01,800][root][INFO] - Epoch: 270 | Loss: 0.0099 | Val - MRR: 0.3604, MR:  174.48, H@1: 0.268, H@3: 0.397, H@10: 0.545 | 
[2026-01-14 13:24:46,350][root][INFO] - Epoch: 271 | Loss: 0.0099 | Val - MRR: 0.3606, MR:  176.19, H@1: 0.268, H@3: 0.395, H@10: 0.546 | 
[2026-01-14 13:26:30,959][root][INFO] - Epoch: 272 | Loss: 0.0099 | Val - MRR: 0.3614, MR:  176.26, H@1: 0.269, H@3: 0.396, H@10: 0.547 | 
[2026-01-14 13:28:16,466][root][INFO] - Epoch: 273 | Loss: 0.0099 | Val - MRR: 0.3607, MR:  176.89, H@1: 0.268, H@3: 0.395, H@10: 0.547 | 
[2026-01-14 13:30:00,480][root][INFO] - Epoch: 274 | Loss: 0.0099 | Val - MRR: 0.3619, MR:  174.97, H@1: 0.269, H@3: 0.396, H@10: 0.547 | 
[2026-01-14 13:31:45,424][root][INFO] - Epoch: 275 | Loss: 0.0099 | Val - MRR: 0.3621, MR:  175.89, H@1: 0.270, H@3: 0.397, H@10: 0.548 | 
[2026-01-14 13:33:28,663][root][INFO] - Epoch: 276 | Loss: 0.0099 | Val - MRR: 0.3616, MR:  178.89, H@1: 0.269, H@3: 0.396, H@10: 0.548 | 
[2026-01-14 13:35:13,030][root][INFO] - Epoch: 277 | Loss: 0.0099 | Val - MRR: 0.3614, MR:  177.51, H@1: 0.269, H@3: 0.396, H@10: 0.547 | 
[2026-01-14 13:36:57,539][root][INFO] - Epoch: 278 | Loss: 0.0099 | Val - MRR: 0.3609, MR:  176.97, H@1: 0.268, H@3: 0.396, H@10: 0.548 | 
[2026-01-14 13:38:59,103][root][INFO] - Epoch: 279 | Loss: 0.0099 | Val - MRR: 0.3630, MR:  174.88, H@1: 0.271, H@3: 0.396, H@10: 0.548 | Test - MRR: 0.3564 | *
[2026-01-14 13:40:43,406][root][INFO] - Epoch: 280 | Loss: 0.0099 | Val - MRR: 0.3625, MR:  175.43, H@1: 0.271, H@3: 0.395, H@10: 0.548 | 
[2026-01-14 13:42:30,157][root][INFO] - Epoch: 281 | Loss: 0.0099 | Val - MRR: 0.3613, MR:  178.42, H@1: 0.269, H@3: 0.396, H@10: 0.547 | 
[2026-01-14 13:44:14,976][root][INFO] - Epoch: 282 | Loss: 0.0099 | Val - MRR: 0.3618, MR:  174.44, H@1: 0.269, H@3: 0.397, H@10: 0.547 | 
[2026-01-14 13:45:58,740][root][INFO] - Epoch: 283 | Loss: 0.0099 | Val - MRR: 0.3620, MR:  177.31, H@1: 0.270, H@3: 0.396, H@10: 0.547 | 
[2026-01-14 13:47:43,427][root][INFO] - Epoch: 284 | Loss: 0.0099 | Val - MRR: 0.3622, MR:  176.51, H@1: 0.269, H@3: 0.396, H@10: 0.549 | 
[2026-01-14 13:49:44,472][root][INFO] - Epoch: 285 | Loss: 0.0099 | Val - MRR: 0.3635, MR:  176.03, H@1: 0.271, H@3: 0.398, H@10: 0.547 | Test - MRR: 0.3572 | *
[2026-01-14 13:51:45,857][root][INFO] - Epoch: 286 | Loss: 0.0099 | Val - MRR: 0.3636, MR:  174.29, H@1: 0.271, H@3: 0.398, H@10: 0.548 | Test - MRR: 0.3575 | *
[2026-01-14 13:53:31,215][root][INFO] - Epoch: 287 | Loss: 0.0099 | Val - MRR: 0.3627, MR:  178.59, H@1: 0.270, H@3: 0.397, H@10: 0.549 | 
[2026-01-14 13:55:16,379][root][INFO] - Epoch: 288 | Loss: 0.0099 | Val - MRR: 0.3627, MR:  176.00, H@1: 0.270, H@3: 0.398, H@10: 0.549 | 
[2026-01-14 13:57:00,268][root][INFO] - Epoch: 289 | Loss: 0.0099 | Val - MRR: 0.3617, MR:  176.25, H@1: 0.270, H@3: 0.395, H@10: 0.547 | 
[2026-01-14 13:58:45,909][root][INFO] - Epoch: 290 | Loss: 0.0099 | Val - MRR: 0.3625, MR:  176.15, H@1: 0.270, H@3: 0.397, H@10: 0.548 | 
[2026-01-14 14:00:30,411][root][INFO] - Epoch: 291 | Loss: 0.0099 | Val - MRR: 0.3627, MR:  177.96, H@1: 0.271, H@3: 0.397, H@10: 0.548 | 
[2026-01-14 14:02:16,419][root][INFO] - Epoch: 292 | Loss: 0.0099 | Val - MRR: 0.3622, MR:  178.39, H@1: 0.270, H@3: 0.397, H@10: 0.546 | 
[2026-01-14 14:04:00,054][root][INFO] - Epoch: 293 | Loss: 0.0099 | Val - MRR: 0.3611, MR:  178.99, H@1: 0.269, H@3: 0.395, H@10: 0.548 | 
[2026-01-14 14:05:46,160][root][INFO] - Epoch: 294 | Loss: 0.0098 | Val - MRR: 0.3619, MR:  177.01, H@1: 0.270, H@3: 0.395, H@10: 0.548 | 
[2026-01-14 14:07:33,774][root][INFO] - Epoch: 295 | Loss: 0.0099 | Val - MRR: 0.3628, MR:  178.16, H@1: 0.271, H@3: 0.396, H@10: 0.549 | 
[2026-01-14 14:09:18,507][root][INFO] - Epoch: 296 | Loss: 0.0098 | Val - MRR: 0.3625, MR:  175.85, H@1: 0.270, H@3: 0.397, H@10: 0.549 | 
[2026-01-14 14:11:04,209][root][INFO] - Epoch: 297 | Loss: 0.0098 | Val - MRR: 0.3622, MR:  177.95, H@1: 0.269, H@3: 0.396, H@10: 0.549 | 
[2026-01-14 14:13:06,082][root][INFO] - Epoch: 298 | Loss: 0.0098 | Val - MRR: 0.3640, MR:  176.86, H@1: 0.272, H@3: 0.399, H@10: 0.550 | Test - MRR: 0.3585 | *
[2026-01-14 14:14:50,947][root][INFO] - Epoch: 299 | Loss: 0.0098 | Val - MRR: 0.3629, MR:  178.59, H@1: 0.270, H@3: 0.397, H@10: 0.549 | 
[2026-01-14 14:16:35,149][root][INFO] - Epoch: 300 | Loss: 0.0098 | Val - MRR: 0.3631, MR:  177.99, H@1: 0.270, H@3: 0.397, H@10: 0.549 | 
[2026-01-14 14:18:20,926][root][INFO] - Epoch: 301 | Loss: 0.0098 | Val - MRR: 0.3632, MR:  175.98, H@1: 0.270, H@3: 0.397, H@10: 0.551 | 
[2026-01-14 14:20:06,100][root][INFO] - Epoch: 302 | Loss: 0.0098 | Val - MRR: 0.3625, MR:  178.57, H@1: 0.270, H@3: 0.397, H@10: 0.549 | 
[2026-01-14 14:21:51,522][root][INFO] - Epoch: 303 | Loss: 0.0098 | Val - MRR: 0.3627, MR:  177.95, H@1: 0.270, H@3: 0.398, H@10: 0.550 | 
[2026-01-14 14:23:36,608][root][INFO] - Epoch: 304 | Loss: 0.0098 | Val - MRR: 0.3634, MR:  179.21, H@1: 0.271, H@3: 0.397, H@10: 0.547 | 
[2026-01-14 14:25:21,031][root][INFO] - Epoch: 305 | Loss: 0.0098 | Val - MRR: 0.3628, MR:  178.17, H@1: 0.270, H@3: 0.398, H@10: 0.549 | 
[2026-01-14 14:27:06,380][root][INFO] - Epoch: 306 | Loss: 0.0098 | Val - MRR: 0.3628, MR:  178.31, H@1: 0.271, H@3: 0.397, H@10: 0.549 | 
[2026-01-14 14:28:51,320][root][INFO] - Epoch: 307 | Loss: 0.0098 | Val - MRR: 0.3631, MR:  177.86, H@1: 0.270, H@3: 0.398, H@10: 0.549 | 
[2026-01-14 14:30:36,135][root][INFO] - Epoch: 308 | Loss: 0.0098 | Val - MRR: 0.3627, MR:  177.77, H@1: 0.270, H@3: 0.397, H@10: 0.549 | 
[2026-01-14 14:32:20,610][root][INFO] - Epoch: 309 | Loss: 0.0098 | Val - MRR: 0.3626, MR:  180.24, H@1: 0.269, H@3: 0.399, H@10: 0.549 | 
[2026-01-14 14:34:05,920][root][INFO] - Epoch: 310 | Loss: 0.0098 | Val - MRR: 0.3638, MR:  177.68, H@1: 0.271, H@3: 0.398, H@10: 0.550 | 
[2026-01-14 14:35:49,882][root][INFO] - Epoch: 311 | Loss: 0.0098 | Val - MRR: 0.3628, MR:  177.51, H@1: 0.270, H@3: 0.397, H@10: 0.550 | 
[2026-01-14 14:37:35,404][root][INFO] - Epoch: 312 | Loss: 0.0098 | Val - MRR: 0.3626, MR:  178.15, H@1: 0.270, H@3: 0.398, H@10: 0.550 | 
[2026-01-14 14:39:20,719][root][INFO] - Epoch: 313 | Loss: 0.0098 | Val - MRR: 0.3621, MR:  179.75, H@1: 0.269, H@3: 0.397, H@10: 0.549 | 
[2026-01-14 14:41:04,606][root][INFO] - Epoch: 314 | Loss: 0.0098 | Val - MRR: 0.3635, MR:  176.53, H@1: 0.271, H@3: 0.399, H@10: 0.550 | 
[2026-01-14 14:42:49,250][root][INFO] - Epoch: 315 | Loss: 0.0098 | Val - MRR: 0.3631, MR:  177.94, H@1: 0.271, H@3: 0.397, H@10: 0.549 | 
[2026-01-14 14:44:35,232][root][INFO] - Epoch: 316 | Loss: 0.0098 | Val - MRR: 0.3629, MR:  174.98, H@1: 0.270, H@3: 0.397, H@10: 0.550 | 
[2026-01-14 14:46:20,247][root][INFO] - Epoch: 317 | Loss: 0.0098 | Val - MRR: 0.3624, MR:  180.07, H@1: 0.270, H@3: 0.398, H@10: 0.548 | 
[2026-01-14 14:48:04,204][root][INFO] - Epoch: 318 | Loss: 0.0098 | Val - MRR: 0.3625, MR:  179.77, H@1: 0.270, H@3: 0.396, H@10: 0.549 | 
[2026-01-14 14:50:06,697][root][INFO] - Epoch: 319 | Loss: 0.0098 | Val - MRR: 0.3644, MR:  175.73, H@1: 0.271, H@3: 0.401, H@10: 0.550 | Test - MRR: 0.3583 | *
[2026-01-14 14:51:52,030][root][INFO] - Epoch: 320 | Loss: 0.0098 | Val - MRR: 0.3640, MR:  179.05, H@1: 0.272, H@3: 0.398, H@10: 0.549 | 
[2026-01-14 14:53:36,462][root][INFO] - Epoch: 321 | Loss: 0.0098 | Val - MRR: 0.3640, MR:  178.79, H@1: 0.272, H@3: 0.399, H@10: 0.549 | 
[2026-01-14 14:55:21,731][root][INFO] - Epoch: 322 | Loss: 0.0098 | Val - MRR: 0.3637, MR:  177.06, H@1: 0.272, H@3: 0.398, H@10: 0.549 | 
[2026-01-14 14:57:05,375][root][INFO] - Epoch: 323 | Loss: 0.0098 | Val - MRR: 0.3638, MR:  180.43, H@1: 0.271, H@3: 0.397, H@10: 0.549 | 
[2026-01-14 14:58:50,074][root][INFO] - Epoch: 324 | Loss: 0.0098 | Val - MRR: 0.3637, MR:  178.20, H@1: 0.271, H@3: 0.399, H@10: 0.550 | 
[2026-01-14 15:00:34,199][root][INFO] - Epoch: 325 | Loss: 0.0098 | Val - MRR: 0.3628, MR:  180.06, H@1: 0.270, H@3: 0.397, H@10: 0.550 | 
[2026-01-14 15:02:18,359][root][INFO] - Epoch: 326 | Loss: 0.0098 | Val - MRR: 0.3624, MR:  178.97, H@1: 0.270, H@3: 0.396, H@10: 0.548 | 
[2026-01-14 15:04:04,004][root][INFO] - Epoch: 327 | Loss: 0.0097 | Val - MRR: 0.3625, MR:  180.90, H@1: 0.270, H@3: 0.397, H@10: 0.548 | 
[2026-01-14 15:05:49,620][root][INFO] - Epoch: 328 | Loss: 0.0097 | Val - MRR: 0.3630, MR:  178.36, H@1: 0.271, H@3: 0.397, H@10: 0.550 | 
[2026-01-14 15:07:34,366][root][INFO] - Epoch: 329 | Loss: 0.0097 | Val - MRR: 0.3623, MR:  180.20, H@1: 0.270, H@3: 0.397, H@10: 0.549 | 
[2026-01-14 15:09:19,155][root][INFO] - Epoch: 330 | Loss: 0.0097 | Val - MRR: 0.3630, MR:  180.79, H@1: 0.270, H@3: 0.398, H@10: 0.550 | 
[2026-01-14 15:11:04,085][root][INFO] - Epoch: 331 | Loss: 0.0097 | Val - MRR: 0.3615, MR:  182.88, H@1: 0.269, H@3: 0.395, H@10: 0.549 | 
[2026-01-14 15:12:49,232][root][INFO] - Epoch: 332 | Loss: 0.0097 | Val - MRR: 0.3627, MR:  180.38, H@1: 0.270, H@3: 0.397, H@10: 0.551 | 
[2026-01-14 15:14:33,100][root][INFO] - Epoch: 333 | Loss: 0.0097 | Val - MRR: 0.3632, MR:  181.43, H@1: 0.271, H@3: 0.398, H@10: 0.550 | 
[2026-01-14 15:16:17,929][root][INFO] - Epoch: 334 | Loss: 0.0097 | Val - MRR: 0.3640, MR:  178.47, H@1: 0.272, H@3: 0.398, H@10: 0.549 | 
[2026-01-14 15:18:03,380][root][INFO] - Epoch: 335 | Loss: 0.0097 | Val - MRR: 0.3639, MR:  179.36, H@1: 0.272, H@3: 0.398, H@10: 0.549 | 
[2026-01-14 15:19:48,603][root][INFO] - Epoch: 336 | Loss: 0.0097 | Val - MRR: 0.3631, MR:  182.22, H@1: 0.271, H@3: 0.398, H@10: 0.550 | 
[2026-01-14 15:21:33,511][root][INFO] - Epoch: 337 | Loss: 0.0097 | Val - MRR: 0.3640, MR:  179.06, H@1: 0.271, H@3: 0.399, H@10: 0.550 | 
[2026-01-14 15:23:18,334][root][INFO] - Epoch: 338 | Loss: 0.0097 | Val - MRR: 0.3638, MR:  181.71, H@1: 0.272, H@3: 0.398, H@10: 0.549 | 
[2026-01-14 15:25:04,155][root][INFO] - Epoch: 339 | Loss: 0.0097 | Val - MRR: 0.3628, MR:  180.42, H@1: 0.271, H@3: 0.396, H@10: 0.550 | 
[2026-01-14 15:27:04,369][root][INFO] - Epoch: 340 | Loss: 0.0097 | Val - MRR: 0.3644, MR:  180.73, H@1: 0.272, H@3: 0.399, H@10: 0.550 | Test - MRR: 0.3584 | *
[2026-01-14 15:28:47,296][root][INFO] - Epoch: 341 | Loss: 0.0097 | Val - MRR: 0.3640, MR:  179.46, H@1: 0.271, H@3: 0.401, H@10: 0.549 | 
[2026-01-14 15:30:32,750][root][INFO] - Epoch: 342 | Loss: 0.0097 | Val - MRR: 0.3627, MR:  182.64, H@1: 0.269, H@3: 0.399, H@10: 0.548 | 
[2026-01-14 15:32:17,482][root][INFO] - Epoch: 343 | Loss: 0.0097 | Val - MRR: 0.3626, MR:  180.64, H@1: 0.269, H@3: 0.399, H@10: 0.550 | 
[2026-01-14 15:34:02,716][root][INFO] - Epoch: 344 | Loss: 0.0097 | Val - MRR: 0.3627, MR:  182.76, H@1: 0.269, H@3: 0.399, H@10: 0.549 | 
[2026-01-14 15:35:48,432][root][INFO] - Epoch: 345 | Loss: 0.0097 | Val - MRR: 0.3642, MR:  179.95, H@1: 0.271, H@3: 0.401, H@10: 0.550 | 
[2026-01-14 15:37:32,812][root][INFO] - Epoch: 346 | Loss: 0.0097 | Val - MRR: 0.3639, MR:  178.76, H@1: 0.271, H@3: 0.400, H@10: 0.549 | 
[2026-01-14 15:39:40,810][root][INFO] - Epoch: 347 | Loss: 0.0097 | Val - MRR: 0.3647, MR:  180.06, H@1: 0.272, H@3: 0.399, H@10: 0.549 | Test - MRR: 0.3575 | *
[2026-01-14 15:41:28,059][root][INFO] - Epoch: 348 | Loss: 0.0097 | Val - MRR: 0.3643, MR:  179.06, H@1: 0.272, H@3: 0.400, H@10: 0.551 | 
[2026-01-14 15:43:12,723][root][INFO] - Epoch: 349 | Loss: 0.0097 | Val - MRR: 0.3633, MR:  181.20, H@1: 0.271, H@3: 0.399, H@10: 0.549 | 
[2026-01-14 15:44:56,297][root][INFO] - Epoch: 350 | Loss: 0.0097 | Val - MRR: 0.3629, MR:  181.60, H@1: 0.269, H@3: 0.399, H@10: 0.550 | 
[2026-01-14 15:46:42,234][root][INFO] - Epoch: 351 | Loss: 0.0097 | Val - MRR: 0.3642, MR:  182.12, H@1: 0.271, H@3: 0.399, H@10: 0.550 | 
[2026-01-14 15:48:27,222][root][INFO] - Epoch: 352 | Loss: 0.0096 | Val - MRR: 0.3634, MR:  183.34, H@1: 0.271, H@3: 0.397, H@10: 0.549 | 
[2026-01-14 15:50:12,906][root][INFO] - Epoch: 353 | Loss: 0.0096 | Val - MRR: 0.3630, MR:  183.36, H@1: 0.270, H@3: 0.398, H@10: 0.549 | 
[2026-01-14 15:51:56,978][root][INFO] - Epoch: 354 | Loss: 0.0096 | Val - MRR: 0.3630, MR:  182.66, H@1: 0.270, H@3: 0.398, H@10: 0.548 | 
[2026-01-14 15:53:42,550][root][INFO] - Epoch: 355 | Loss: 0.0096 | Val - MRR: 0.3628, MR:  182.90, H@1: 0.270, H@3: 0.398, H@10: 0.549 | 
[2026-01-14 15:55:26,386][root][INFO] - Epoch: 356 | Loss: 0.0097 | Val - MRR: 0.3644, MR:  180.66, H@1: 0.272, H@3: 0.400, H@10: 0.551 | 
[2026-01-14 15:57:13,485][root][INFO] - Epoch: 357 | Loss: 0.0096 | Val - MRR: 0.3641, MR:  181.73, H@1: 0.271, H@3: 0.398, H@10: 0.551 | 
[2026-01-14 15:59:14,163][root][INFO] - Epoch: 358 | Loss: 0.0096 | Val - MRR: 0.3652, MR:  180.53, H@1: 0.273, H@3: 0.399, H@10: 0.550 | Test - MRR: 0.3575 | *
[2026-01-14 16:00:58,636][root][INFO] - Epoch: 359 | Loss: 0.0096 | Val - MRR: 0.3636, MR:  184.38, H@1: 0.271, H@3: 0.399, H@10: 0.550 | 
[2026-01-14 16:02:44,587][root][INFO] - Epoch: 360 | Loss: 0.0096 | Val - MRR: 0.3645, MR:  182.64, H@1: 0.272, H@3: 0.399, H@10: 0.551 | 
[2026-01-14 16:04:30,021][root][INFO] - Epoch: 361 | Loss: 0.0096 | Val - MRR: 0.3647, MR:  181.30, H@1: 0.272, H@3: 0.398, H@10: 0.551 | 
[2026-01-14 16:06:13,659][root][INFO] - Epoch: 362 | Loss: 0.0096 | Val - MRR: 0.3633, MR:  182.56, H@1: 0.271, H@3: 0.397, H@10: 0.550 | 
[2026-01-14 16:07:58,936][root][INFO] - Epoch: 363 | Loss: 0.0096 | Val - MRR: 0.3641, MR:  181.51, H@1: 0.271, H@3: 0.398, H@10: 0.552 | 
[2026-01-14 16:09:44,877][root][INFO] - Epoch: 364 | Loss: 0.0096 | Val - MRR: 0.3640, MR:  181.75, H@1: 0.271, H@3: 0.400, H@10: 0.551 | 
[2026-01-14 16:11:29,944][root][INFO] - Epoch: 365 | Loss: 0.0096 | Val - MRR: 0.3637, MR:  183.43, H@1: 0.271, H@3: 0.399, H@10: 0.552 | 
[2026-01-14 16:13:14,159][root][INFO] - Epoch: 366 | Loss: 0.0096 | Val - MRR: 0.3642, MR:  185.29, H@1: 0.272, H@3: 0.399, H@10: 0.551 | 
[2026-01-14 16:15:00,239][root][INFO] - Epoch: 367 | Loss: 0.0096 | Val - MRR: 0.3636, MR:  183.31, H@1: 0.271, H@3: 0.399, H@10: 0.550 | 
[2026-01-14 16:16:44,979][root][INFO] - Epoch: 368 | Loss: 0.0096 | Val - MRR: 0.3630, MR:  182.51, H@1: 0.270, H@3: 0.398, H@10: 0.550 | 
[2026-01-14 16:18:30,776][root][INFO] - Epoch: 369 | Loss: 0.0096 | Val - MRR: 0.3632, MR:  184.01, H@1: 0.270, H@3: 0.398, H@10: 0.551 | 
[2026-01-14 16:20:14,824][root][INFO] - Epoch: 370 | Loss: 0.0096 | Val - MRR: 0.3643, MR:  185.04, H@1: 0.271, H@3: 0.400, H@10: 0.551 | 
[2026-01-14 16:22:01,231][root][INFO] - Epoch: 371 | Loss: 0.0096 | Val - MRR: 0.3648, MR:  182.73, H@1: 0.272, H@3: 0.402, H@10: 0.551 | 
[2026-01-14 16:23:45,893][root][INFO] - Epoch: 372 | Loss: 0.0096 | Val - MRR: 0.3645, MR:  185.22, H@1: 0.272, H@3: 0.399, H@10: 0.550 | 
[2026-01-14 16:25:47,811][root][INFO] - Epoch: 373 | Loss: 0.0096 | Val - MRR: 0.3652, MR:  181.70, H@1: 0.273, H@3: 0.399, H@10: 0.551 | Test - MRR: 0.3585 | *
[2026-01-14 16:27:30,632][root][INFO] - Epoch: 374 | Loss: 0.0096 | Val - MRR: 0.3651, MR:  183.34, H@1: 0.273, H@3: 0.399, H@10: 0.550 | 
[2026-01-14 16:29:16,509][root][INFO] - Epoch: 375 | Loss: 0.0096 | Val - MRR: 0.3642, MR:  183.28, H@1: 0.271, H@3: 0.399, H@10: 0.552 | 
[2026-01-14 16:31:02,739][root][INFO] - Epoch: 376 | Loss: 0.0096 | Val - MRR: 0.3636, MR:  182.64, H@1: 0.270, H@3: 0.399, H@10: 0.550 | 
[2026-01-14 16:32:47,551][root][INFO] - Epoch: 377 | Loss: 0.0096 | Val - MRR: 0.3649, MR:  181.30, H@1: 0.272, H@3: 0.400, H@10: 0.551 | 
[2026-01-14 16:34:32,487][root][INFO] - Epoch: 378 | Loss: 0.0096 | Val - MRR: 0.3639, MR:  184.01, H@1: 0.271, H@3: 0.398, H@10: 0.551 | 
[2026-01-14 16:36:17,691][root][INFO] - Epoch: 379 | Loss: 0.0096 | Val - MRR: 0.3643, MR:  182.95, H@1: 0.271, H@3: 0.401, H@10: 0.551 | 
[2026-01-14 16:38:17,801][root][INFO] - Epoch: 380 | Loss: 0.0095 | Val - MRR: 0.3654, MR:  182.90, H@1: 0.272, H@3: 0.400, H@10: 0.551 | Test - MRR: 0.3583 | *
[2026-01-14 16:40:02,388][root][INFO] - Epoch: 381 | Loss: 0.0096 | Val - MRR: 0.3649, MR:  180.96, H@1: 0.272, H@3: 0.400, H@10: 0.551 | 
[2026-01-14 16:41:48,124][root][INFO] - Epoch: 382 | Loss: 0.0095 | Val - MRR: 0.3646, MR:  183.28, H@1: 0.272, H@3: 0.398, H@10: 0.552 | 
[2026-01-14 16:43:32,122][root][INFO] - Epoch: 383 | Loss: 0.0095 | Val - MRR: 0.3647, MR:  181.42, H@1: 0.272, H@3: 0.400, H@10: 0.552 | 
[2026-01-14 16:45:16,590][root][INFO] - Epoch: 384 | Loss: 0.0095 | Val - MRR: 0.3639, MR:  184.39, H@1: 0.271, H@3: 0.399, H@10: 0.551 | 
[2026-01-14 16:47:00,628][root][INFO] - Epoch: 385 | Loss: 0.0095 | Val - MRR: 0.3637, MR:  184.31, H@1: 0.270, H@3: 0.399, H@10: 0.552 | 
[2026-01-14 16:48:45,709][root][INFO] - Epoch: 386 | Loss: 0.0095 | Val - MRR: 0.3644, MR:  184.94, H@1: 0.272, H@3: 0.399, H@10: 0.552 | 
[2026-01-14 16:50:29,676][root][INFO] - Epoch: 387 | Loss: 0.0095 | Val - MRR: 0.3645, MR:  183.12, H@1: 0.272, H@3: 0.400, H@10: 0.550 | 
[2026-01-14 16:52:14,685][root][INFO] - Epoch: 388 | Loss: 0.0095 | Val - MRR: 0.3641, MR:  183.72, H@1: 0.271, H@3: 0.401, H@10: 0.551 | 
[2026-01-14 16:54:00,083][root][INFO] - Epoch: 389 | Loss: 0.0095 | Val - MRR: 0.3651, MR:  182.70, H@1: 0.272, H@3: 0.401, H@10: 0.551 | 
[2026-01-14 16:55:44,707][root][INFO] - Epoch: 390 | Loss: 0.0095 | Val - MRR: 0.3653, MR:  183.27, H@1: 0.272, H@3: 0.400, H@10: 0.552 | 
[2026-01-14 16:57:29,969][root][INFO] - Epoch: 391 | Loss: 0.0095 | Val - MRR: 0.3648, MR:  183.02, H@1: 0.272, H@3: 0.401, H@10: 0.552 | 
[2026-01-14 16:59:15,186][root][INFO] - Epoch: 392 | Loss: 0.0095 | Val - MRR: 0.3637, MR:  183.54, H@1: 0.271, H@3: 0.401, H@10: 0.551 | 
[2026-01-14 17:00:59,858][root][INFO] - Epoch: 393 | Loss: 0.0095 | Val - MRR: 0.3646, MR:  183.10, H@1: 0.272, H@3: 0.399, H@10: 0.550 | 
[2026-01-14 17:02:45,453][root][INFO] - Epoch: 394 | Loss: 0.0095 | Val - MRR: 0.3649, MR:  183.48, H@1: 0.272, H@3: 0.401, H@10: 0.551 | 
[2026-01-14 17:04:31,066][root][INFO] - Epoch: 395 | Loss: 0.0095 | Val - MRR: 0.3653, MR:  183.62, H@1: 0.272, H@3: 0.400, H@10: 0.552 | 
[2026-01-14 17:06:13,966][root][INFO] - Epoch: 396 | Loss: 0.0095 | Val - MRR: 0.3644, MR:  184.86, H@1: 0.270, H@3: 0.401, H@10: 0.551 | 
[2026-01-14 17:07:59,371][root][INFO] - Epoch: 397 | Loss: 0.0095 | Val - MRR: 0.3652, MR:  185.94, H@1: 0.272, H@3: 0.401, H@10: 0.551 | 
[2026-01-14 17:09:45,429][root][INFO] - Epoch: 398 | Loss: 0.0095 | Val - MRR: 0.3635, MR:  184.86, H@1: 0.270, H@3: 0.401, H@10: 0.550 | 
[2026-01-14 17:11:31,416][root][INFO] - Epoch: 399 | Loss: 0.0095 | Val - MRR: 0.3643, MR:  183.61, H@1: 0.271, H@3: 0.402, H@10: 0.552 | 
[2026-01-14 17:13:15,509][root][INFO] - Epoch: 400 | Loss: 0.0095 | Val - MRR: 0.3647, MR:  183.96, H@1: 0.271, H@3: 0.400, H@10: 0.550 | 
[2026-01-14 17:15:00,614][root][INFO] - Epoch: 401 | Loss: 0.0095 | Val - MRR: 0.3652, MR:  182.64, H@1: 0.272, H@3: 0.400, H@10: 0.552 | 
[2026-01-14 17:16:45,484][root][INFO] - Epoch: 402 | Loss: 0.0095 | Val - MRR: 0.3646, MR:  183.42, H@1: 0.272, H@3: 0.400, H@10: 0.552 | 
[2026-01-14 17:18:33,609][root][INFO] - Epoch: 403 | Loss: 0.0095 | Val - MRR: 0.3640, MR:  185.24, H@1: 0.272, H@3: 0.399, H@10: 0.551 | 
[2026-01-14 17:20:22,973][root][INFO] - Epoch: 404 | Loss: 0.0095 | Val - MRR: 0.3647, MR:  184.91, H@1: 0.272, H@3: 0.400, H@10: 0.551 | 
[2026-01-14 17:22:08,577][root][INFO] - Epoch: 405 | Loss: 0.0094 | Val - MRR: 0.3645, MR:  183.60, H@1: 0.272, H@3: 0.399, H@10: 0.551 | 
[2026-01-14 17:23:54,150][root][INFO] - Epoch: 406 | Loss: 0.0094 | Val - MRR: 0.3641, MR:  184.31, H@1: 0.271, H@3: 0.399, H@10: 0.550 | 
[2026-01-14 17:25:39,029][root][INFO] - Epoch: 407 | Loss: 0.0094 | Val - MRR: 0.3653, MR:  184.70, H@1: 0.273, H@3: 0.400, H@10: 0.552 | 
[2026-01-14 17:27:25,477][root][INFO] - Epoch: 408 | Loss: 0.0094 | Val - MRR: 0.3649, MR:  183.67, H@1: 0.272, H@3: 0.400, H@10: 0.551 | 
[2026-01-14 17:29:10,164][root][INFO] - Epoch: 409 | Loss: 0.0094 | Val - MRR: 0.3650, MR:  185.09, H@1: 0.272, H@3: 0.400, H@10: 0.551 | 
[2026-01-14 17:30:57,576][root][INFO] - Epoch: 410 | Loss: 0.0094 | Val - MRR: 0.3652, MR:  183.40, H@1: 0.272, H@3: 0.400, H@10: 0.552 | 
[2026-01-14 17:32:42,169][root][INFO] - Epoch: 411 | Loss: 0.0094 | Val - MRR: 0.3647, MR:  183.01, H@1: 0.271, H@3: 0.401, H@10: 0.552 | 
[2026-01-14 17:34:28,246][root][INFO] - Epoch: 412 | Loss: 0.0094 | Val - MRR: 0.3650, MR:  183.93, H@1: 0.273, H@3: 0.399, H@10: 0.551 | 
[2026-01-14 17:36:14,494][root][INFO] - Epoch: 413 | Loss: 0.0094 | Val - MRR: 0.3639, MR:  185.75, H@1: 0.271, H@3: 0.398, H@10: 0.550 | 
[2026-01-14 17:37:59,625][root][INFO] - Epoch: 414 | Loss: 0.0094 | Val - MRR: 0.3637, MR:  184.68, H@1: 0.271, H@3: 0.398, H@10: 0.551 | 
[2026-01-14 17:39:44,570][root][INFO] - Epoch: 415 | Loss: 0.0094 | Val - MRR: 0.3646, MR:  184.79, H@1: 0.272, H@3: 0.399, H@10: 0.551 | 
[2026-01-14 17:41:29,571][root][INFO] - Epoch: 416 | Loss: 0.0094 | Val - MRR: 0.3640, MR:  184.72, H@1: 0.271, H@3: 0.400, H@10: 0.550 | 
[2026-01-14 17:43:14,465][root][INFO] - Epoch: 417 | Loss: 0.0094 | Val - MRR: 0.3640, MR:  183.18, H@1: 0.271, H@3: 0.399, H@10: 0.551 | 
[2026-01-14 17:44:59,839][root][INFO] - Epoch: 418 | Loss: 0.0094 | Val - MRR: 0.3645, MR:  184.85, H@1: 0.272, H@3: 0.399, H@10: 0.552 | 
[2026-01-14 17:46:45,180][root][INFO] - Epoch: 419 | Loss: 0.0094 | Val - MRR: 0.3630, MR:  185.58, H@1: 0.271, H@3: 0.398, H@10: 0.550 | 
[2026-01-14 17:48:29,949][root][INFO] - Epoch: 420 | Loss: 0.0094 | Val - MRR: 0.3639, MR:  184.48, H@1: 0.272, H@3: 0.398, H@10: 0.551 | 
[2026-01-14 17:50:14,899][root][INFO] - Epoch: 421 | Loss: 0.0094 | Val - MRR: 0.3634, MR:  186.47, H@1: 0.271, H@3: 0.398, H@10: 0.550 | 
[2026-01-14 17:51:59,078][root][INFO] - Epoch: 422 | Loss: 0.0094 | Val - MRR: 0.3634, MR:  185.13, H@1: 0.270, H@3: 0.399, H@10: 0.550 | 
[2026-01-14 17:53:44,884][root][INFO] - Epoch: 423 | Loss: 0.0094 | Val - MRR: 0.3643, MR:  185.74, H@1: 0.272, H@3: 0.400, H@10: 0.551 | 
[2026-01-14 17:55:29,978][root][INFO] - Epoch: 424 | Loss: 0.0094 | Val - MRR: 0.3645, MR:  184.71, H@1: 0.272, H@3: 0.400, H@10: 0.552 | 
[2026-01-14 17:57:14,481][root][INFO] - Epoch: 425 | Loss: 0.0094 | Val - MRR: 0.3650, MR:  185.20, H@1: 0.273, H@3: 0.400, H@10: 0.551 | 
[2026-01-14 17:58:59,863][root][INFO] - Epoch: 426 | Loss: 0.0094 | Val - MRR: 0.3646, MR:  184.51, H@1: 0.273, H@3: 0.400, H@10: 0.549 | 
[2026-01-14 17:58:59,864][root][INFO] - Long time no improvenment, stop training...
[2026-01-14 17:58:59,864][root][INFO] - Training end...
