[2026-03-14 23:21:25,239][root][INFO] - 
------Config------
 {'dataset': 'WN18RR', 'epoch': 800, 'batch_size': 256, 'learning_rate': 0.0015, 'h_dim': 200, 'pred_rel_w': True, 'label_smooth': 0.1, 'n_heads': 4, 'topk': 5, 'kg_layer': 1, 'rm_rate': 0.4, 'ent_drop': 0.2, 'rel_drop': 0, 'comp_op': 'mul', 'bn': True, 'k_h': 10, 'k_w': 20, 'ent_drop_pred': 0.3, 'conv_drop': 0.1, 'fc_drop': 0.4, 'ker_sz': 7, 'out_channel': 250, 'device': 0, 'max_no_improve': 45, 'cpu_worker_num': 10, 'warmup_epoch': 5}
[2026-03-14 23:21:25,239][root][INFO] - Code dir path: /home/wangwei/DSGNet-main/DSGNet/code_new
[2026-03-14 23:21:25,239][root][INFO] - Config dir path: /home/wangwei/DSGNet-main/DSGNet/config
[2026-03-14 23:21:25,240][root][INFO] - Model save path: /home/wangwei/DSGNet-main/DSGNet/data/output/WN18RR/2026-03-14/23-21-25
[2026-03-14 23:21:27,744][root][INFO] - kg # node: 40943
[2026-03-14 23:21:27,745][root][INFO] - kg # edge: 173670
[2026-03-14 23:21:27,745][root][INFO] - kg # zero deg node: 384
[2026-03-14 23:21:27,745][root][INFO] - ---Load Train Data---
[2026-03-14 23:21:28,736][root][INFO] - -----Model Parameter Configuration-----
[2026-03-14 23:21:28,736][root][INFO] - Parameter ent_emb: torch.Size([40943, 200]), require_grad = True
[2026-03-14 23:21:28,736][root][INFO] - Parameter rel_w: torch.Size([200, 200]), require_grad = True
[2026-03-14 23:21:28,736][root][INFO] - Parameter W_fuse: torch.Size([200, 200]), require_grad = True
[2026-03-14 23:21:28,736][root][INFO] - Parameter a_fuse: torch.Size([400, 1]), require_grad = True
[2026-03-14 23:21:28,736][root][INFO] - Parameter rel_embs.0: torch.Size([22, 200]), require_grad = True
[2026-03-14 23:21:28,736][root][INFO] - Parameter predictor.bn0.weight: torch.Size([1]), require_grad = True
[2026-03-14 23:21:28,736][root][INFO] - Parameter predictor.bn0.bias: torch.Size([1]), require_grad = True
[2026-03-14 23:21:28,736][root][INFO] - Parameter predictor.bn1.weight: torch.Size([250]), require_grad = True
[2026-03-14 23:21:28,736][root][INFO] - Parameter predictor.bn1.bias: torch.Size([250]), require_grad = True
[2026-03-14 23:21:28,736][root][INFO] - Parameter predictor.bn2.weight: torch.Size([200]), require_grad = True
[2026-03-14 23:21:28,736][root][INFO] - Parameter predictor.bn2.bias: torch.Size([200]), require_grad = True
[2026-03-14 23:21:28,736][root][INFO] - Parameter predictor.conv.weight: torch.Size([250, 1, 7, 7]), require_grad = True
[2026-03-14 23:21:28,736][root][INFO] - Parameter predictor.fc.weight: torch.Size([200, 49000]), require_grad = True
[2026-03-14 23:21:28,737][root][INFO] - Parameter L.weight: torch.Size([200, 200]), require_grad = True
[2026-03-14 23:21:28,737][root][INFO] - Parameter L.bias: torch.Size([200]), require_grad = True
[2026-03-14 23:21:28,737][root][INFO] - Parameter S.weight: torch.Size([200, 200]), require_grad = True
[2026-03-14 23:21:28,737][root][INFO] - Parameter S.bias: torch.Size([200]), require_grad = True
[2026-03-14 23:21:28,737][root][INFO] - Parameter comp_layers.0.W: torch.Size([200, 200]), require_grad = True
[2026-03-14 23:21:28,737][root][INFO] - Parameter comp_layers.0.W_r: torch.Size([200, 200]), require_grad = True
[2026-03-14 23:21:28,737][root][INFO] - Parameter comp_layers.0.a: torch.Size([1, 4, 150]), require_grad = True
[2026-03-14 23:21:28,737][root][INFO] - Parameter comp_layers.0.W_samp: torch.Size([200, 50]), require_grad = True
[2026-03-14 23:21:28,737][root][INFO] - Parameter comp_layers.0.W_r_samp: torch.Size([200, 50]), require_grad = True
[2026-03-14 23:21:28,737][root][INFO] - Parameter comp_layers.0.a_samp: torch.Size([150, 1]), require_grad = True
[2026-03-14 23:21:28,737][root][INFO] - Parameter comp_layers.0.neigh_w: torch.Size([200, 200]), require_grad = True
[2026-03-14 23:21:28,737][root][INFO] - Parameter comp_layers.0.res_weight: torch.Size([1]), require_grad = True
[2026-03-14 23:21:28,737][root][INFO] - Parameter comp_layers.0.bn.weight: torch.Size([200]), require_grad = True
[2026-03-14 23:21:28,737][root][INFO] - Parameter comp_layers.0.bn.bias: torch.Size([200]), require_grad = True
[2026-03-14 23:21:29,653][root][INFO] - Training... total epoch: 800, step: 324000
[2026-03-14 23:22:42,719][root][INFO] - Epoch:   0 | Loss: 0.3564 | Val - MRR: 0.0002, MR: 20536.27, H@1: 0.000, H@3: 0.000, H@10: 0.000 | Test - MRR: 0.0003 | *
[2026-03-14 23:23:56,607][root][INFO] - Epoch:   1 | Loss: 0.0260 | Val - MRR: 0.0120, MR: 19239.60, H@1: 0.008, H@3: 0.014, H@10: 0.021 | Test - MRR: 0.0152 | *
[2026-03-14 23:25:10,656][root][INFO] - Epoch:   2 | Loss: 0.0049 | Val - MRR: 0.0175, MR: 17977.93, H@1: 0.011, H@3: 0.017, H@10: 0.032 | Test - MRR: 0.0193 | *
[2026-03-14 23:26:23,670][root][INFO] - Epoch:   3 | Loss: 0.0020 | Val - MRR: 0.0183, MR: 16718.73, H@1: 0.011, H@3: 0.017, H@10: 0.032 | Test - MRR: 0.0201 | *
[2026-03-14 23:27:37,219][root][INFO] - Epoch:   4 | Loss: 0.0012 | Val - MRR: 0.0204, MR: 15693.61, H@1: 0.013, H@3: 0.020, H@10: 0.034 | Test - MRR: 0.0224 | *
[2026-03-14 23:28:44,573][root][INFO] - Epoch:   5 | Loss: 0.0009 | Val - MRR: 0.0199, MR: 14986.42, H@1: 0.011, H@3: 0.020, H@10: 0.037 | 
[2026-03-14 23:29:51,407][root][INFO] - Epoch:   6 | Loss: 0.0008 | Val - MRR: 0.0203, MR: 14791.77, H@1: 0.011, H@3: 0.020, H@10: 0.040 | 
[2026-03-14 23:31:05,855][root][INFO] - Epoch:   7 | Loss: 0.0007 | Val - MRR: 0.0208, MR: 14782.25, H@1: 0.011, H@3: 0.021, H@10: 0.041 | Test - MRR: 0.0239 | *
[2026-03-14 23:32:19,174][root][INFO] - Epoch:   8 | Loss: 0.0007 | Val - MRR: 0.0218, MR: 14760.58, H@1: 0.012, H@3: 0.022, H@10: 0.041 | Test - MRR: 0.0248 | *
[2026-03-14 23:33:26,124][root][INFO] - Epoch:   9 | Loss: 0.0007 | Val - MRR: 0.0204, MR: 14734.46, H@1: 0.011, H@3: 0.019, H@10: 0.039 | 
[2026-03-14 23:34:39,786][root][INFO] - Epoch:  10 | Loss: 0.0007 | Val - MRR: 0.0218, MR: 14798.58, H@1: 0.012, H@3: 0.022, H@10: 0.040 | Test - MRR: 0.0240 | *
[2026-03-14 23:35:52,962][root][INFO] - Epoch:  11 | Loss: 0.0007 | Val - MRR: 0.0228, MR: 14768.06, H@1: 0.013, H@3: 0.022, H@10: 0.043 | Test - MRR: 0.0243 | *
[2026-03-14 23:36:59,486][root][INFO] - Epoch:  12 | Loss: 0.0007 | Val - MRR: 0.0201, MR: 14732.82, H@1: 0.009, H@3: 0.021, H@10: 0.039 | 
[2026-03-14 23:38:06,464][root][INFO] - Epoch:  13 | Loss: 0.0007 | Val - MRR: 0.0221, MR: 14680.61, H@1: 0.013, H@3: 0.020, H@10: 0.041 | 
[2026-03-14 23:39:12,864][root][INFO] - Epoch:  14 | Loss: 0.0007 | Val - MRR: 0.0206, MR: 14619.78, H@1: 0.010, H@3: 0.020, H@10: 0.041 | 
[2026-03-14 23:40:19,399][root][INFO] - Epoch:  15 | Loss: 0.0007 | Val - MRR: 0.0212, MR: 14604.85, H@1: 0.011, H@3: 0.020, H@10: 0.040 | 
[2026-03-14 23:41:25,438][root][INFO] - Epoch:  16 | Loss: 0.0007 | Val - MRR: 0.0217, MR: 14576.43, H@1: 0.012, H@3: 0.022, H@10: 0.040 | 
[2026-03-14 23:42:40,142][root][INFO] - Epoch:  17 | Loss: 0.0007 | Val - MRR: 0.0228, MR: 14529.32, H@1: 0.014, H@3: 0.020, H@10: 0.041 | Test - MRR: 0.0237 | *
[2026-03-14 23:43:47,112][root][INFO] - Epoch:  18 | Loss: 0.0007 | Val - MRR: 0.0221, MR: 14301.92, H@1: 0.013, H@3: 0.021, H@10: 0.039 | 
[2026-03-14 23:44:54,716][root][INFO] - Epoch:  19 | Loss: 0.0007 | Val - MRR: 0.0214, MR: 14020.39, H@1: 0.011, H@3: 0.021, H@10: 0.040 | 
[2026-03-14 23:46:00,985][root][INFO] - Epoch:  20 | Loss: 0.0007 | Val - MRR: 0.0225, MR: 13710.34, H@1: 0.013, H@3: 0.020, H@10: 0.041 | 
[2026-03-14 23:47:08,199][root][INFO] - Epoch:  21 | Loss: 0.0007 | Val - MRR: 0.0214, MR: 13190.44, H@1: 0.010, H@3: 0.022, H@10: 0.042 | 
[2026-03-14 23:48:14,725][root][INFO] - Epoch:  22 | Loss: 0.0007 | Val - MRR: 0.0224, MR: 12595.78, H@1: 0.011, H@3: 0.022, H@10: 0.043 | 
[2026-03-14 23:49:28,488][root][INFO] - Epoch:  23 | Loss: 0.0007 | Val - MRR: 0.0236, MR: 12232.42, H@1: 0.013, H@3: 0.023, H@10: 0.044 | Test - MRR: 0.0253 | *
[2026-03-14 23:50:42,225][root][INFO] - Epoch:  24 | Loss: 0.0007 | Val - MRR: 0.0238, MR: 11567.15, H@1: 0.013, H@3: 0.024, H@10: 0.044 | Test - MRR: 0.0253 | *
[2026-03-14 23:51:49,764][root][INFO] - Epoch:  25 | Loss: 0.0007 | Val - MRR: 0.0236, MR: 11150.09, H@1: 0.012, H@3: 0.023, H@10: 0.047 | 
[2026-03-14 23:53:03,635][root][INFO] - Epoch:  26 | Loss: 0.0007 | Val - MRR: 0.0271, MR: 10536.85, H@1: 0.016, H@3: 0.028, H@10: 0.048 | Test - MRR: 0.0276 | *
[2026-03-14 23:54:11,590][root][INFO] - Epoch:  27 | Loss: 0.0007 | Val - MRR: 0.0268, MR: 10313.36, H@1: 0.015, H@3: 0.029, H@10: 0.048 | 
[2026-03-14 23:55:19,704][root][INFO] - Epoch:  28 | Loss: 0.0007 | Val - MRR: 0.0261, MR: 9909.76, H@1: 0.014, H@3: 0.026, H@10: 0.047 | 
[2026-03-14 23:56:27,915][root][INFO] - Epoch:  29 | Loss: 0.0007 | Val - MRR: 0.0266, MR: 9538.92, H@1: 0.014, H@3: 0.026, H@10: 0.051 | 
[2026-03-14 23:57:41,116][root][INFO] - Epoch:  30 | Loss: 0.0007 | Val - MRR: 0.0283, MR: 9244.08, H@1: 0.015, H@3: 0.029, H@10: 0.051 | Test - MRR: 0.0293 | *
[2026-03-14 23:58:55,535][root][INFO] - Epoch:  31 | Loss: 0.0007 | Val - MRR: 0.0297, MR: 8657.94, H@1: 0.016, H@3: 0.030, H@10: 0.053 | Test - MRR: 0.0311 | *
[2026-03-15 00:00:09,807][root][INFO] - Epoch:  32 | Loss: 0.0006 | Val - MRR: 0.0307, MR: 8196.71, H@1: 0.016, H@3: 0.033, H@10: 0.055 | Test - MRR: 0.0318 | *
[2026-03-15 00:01:23,753][root][INFO] - Epoch:  33 | Loss: 0.0006 | Val - MRR: 0.0328, MR: 7761.09, H@1: 0.018, H@3: 0.033, H@10: 0.061 | Test - MRR: 0.0331 | *
[2026-03-15 00:02:37,483][root][INFO] - Epoch:  34 | Loss: 0.0006 | Val - MRR: 0.0351, MR: 7288.42, H@1: 0.019, H@3: 0.036, H@10: 0.063 | Test - MRR: 0.0354 | *
[2026-03-15 00:03:50,519][root][INFO] - Epoch:  35 | Loss: 0.0006 | Val - MRR: 0.0370, MR: 6856.75, H@1: 0.020, H@3: 0.038, H@10: 0.068 | Test - MRR: 0.0392 | *
[2026-03-15 00:05:04,262][root][INFO] - Epoch:  36 | Loss: 0.0006 | Val - MRR: 0.0398, MR: 6494.57, H@1: 0.023, H@3: 0.039, H@10: 0.073 | Test - MRR: 0.0418 | *
[2026-03-15 00:06:17,686][root][INFO] - Epoch:  37 | Loss: 0.0006 | Val - MRR: 0.0429, MR: 6195.24, H@1: 0.025, H@3: 0.044, H@10: 0.077 | Test - MRR: 0.0444 | *
[2026-03-15 00:07:30,998][root][INFO] - Epoch:  38 | Loss: 0.0006 | Val - MRR: 0.0475, MR: 5668.75, H@1: 0.025, H@3: 0.050, H@10: 0.088 | Test - MRR: 0.0492 | *
[2026-03-15 00:08:43,899][root][INFO] - Epoch:  39 | Loss: 0.0006 | Val - MRR: 0.0493, MR: 5485.98, H@1: 0.027, H@3: 0.050, H@10: 0.092 | Test - MRR: 0.0505 | *
[2026-03-15 00:09:57,649][root][INFO] - Epoch:  40 | Loss: 0.0006 | Val - MRR: 0.0575, MR: 5207.08, H@1: 0.034, H@3: 0.058, H@10: 0.104 | Test - MRR: 0.0563 | *
[2026-03-15 00:11:10,802][root][INFO] - Epoch:  41 | Loss: 0.0006 | Val - MRR: 0.0651, MR: 5014.77, H@1: 0.036, H@3: 0.070, H@10: 0.120 | Test - MRR: 0.0621 | *
[2026-03-15 00:12:23,920][root][INFO] - Epoch:  42 | Loss: 0.0006 | Val - MRR: 0.0723, MR: 4826.70, H@1: 0.043, H@3: 0.077, H@10: 0.129 | Test - MRR: 0.0720 | *
[2026-03-15 00:13:37,335][root][INFO] - Epoch:  43 | Loss: 0.0006 | Val - MRR: 0.0806, MR: 4707.20, H@1: 0.050, H@3: 0.085, H@10: 0.142 | Test - MRR: 0.0771 | *
[2026-03-15 00:14:49,189][root][INFO] - Epoch:  44 | Loss: 0.0006 | Val - MRR: 0.0869, MR: 4579.25, H@1: 0.051, H@3: 0.095, H@10: 0.155 | Test - MRR: 0.0835 | *
[2026-03-15 00:16:02,684][root][INFO] - Epoch:  45 | Loss: 0.0006 | Val - MRR: 0.1016, MR: 4441.43, H@1: 0.063, H@3: 0.111, H@10: 0.172 | Test - MRR: 0.0946 | *
[2026-03-15 00:17:15,948][root][INFO] - Epoch:  46 | Loss: 0.0006 | Val - MRR: 0.1076, MR: 4316.39, H@1: 0.068, H@3: 0.115, H@10: 0.185 | Test - MRR: 0.1063 | *
[2026-03-15 00:18:30,583][root][INFO] - Epoch:  47 | Loss: 0.0006 | Val - MRR: 0.1198, MR: 4189.69, H@1: 0.080, H@3: 0.126, H@10: 0.197 | Test - MRR: 0.1135 | *
[2026-03-15 00:19:44,676][root][INFO] - Epoch:  48 | Loss: 0.0006 | Val - MRR: 0.1298, MR: 4135.56, H@1: 0.086, H@3: 0.143, H@10: 0.216 | Test - MRR: 0.1250 | *
[2026-03-15 00:20:57,512][root][INFO] - Epoch:  49 | Loss: 0.0006 | Val - MRR: 0.1375, MR: 4027.41, H@1: 0.093, H@3: 0.150, H@10: 0.221 | Test - MRR: 0.1322 | *
[2026-03-15 00:22:10,162][root][INFO] - Epoch:  50 | Loss: 0.0006 | Val - MRR: 0.1480, MR: 3992.04, H@1: 0.100, H@3: 0.165, H@10: 0.238 | Test - MRR: 0.1450 | *
[2026-03-15 00:23:23,614][root][INFO] - Epoch:  51 | Loss: 0.0006 | Val - MRR: 0.1589, MR: 3911.91, H@1: 0.113, H@3: 0.171, H@10: 0.250 | Test - MRR: 0.1537 | *
[2026-03-15 00:24:36,807][root][INFO] - Epoch:  52 | Loss: 0.0006 | Val - MRR: 0.1689, MR: 3828.22, H@1: 0.119, H@3: 0.186, H@10: 0.263 | Test - MRR: 0.1630 | *
[2026-03-15 00:25:51,286][root][INFO] - Epoch:  53 | Loss: 0.0006 | Val - MRR: 0.1822, MR: 3791.96, H@1: 0.132, H@3: 0.198, H@10: 0.278 | Test - MRR: 0.1769 | *
[2026-03-15 00:27:04,796][root][INFO] - Epoch:  54 | Loss: 0.0006 | Val - MRR: 0.1913, MR: 3736.88, H@1: 0.139, H@3: 0.212, H@10: 0.290 | Test - MRR: 0.1842 | *
[2026-03-15 00:28:16,669][root][INFO] - Epoch:  55 | Loss: 0.0006 | Val - MRR: 0.2017, MR: 3681.44, H@1: 0.150, H@3: 0.223, H@10: 0.298 | Test - MRR: 0.1959 | *
[2026-03-15 00:29:29,303][root][INFO] - Epoch:  56 | Loss: 0.0006 | Val - MRR: 0.2114, MR: 3676.96, H@1: 0.160, H@3: 0.231, H@10: 0.311 | Test - MRR: 0.2061 | *
[2026-03-15 00:30:41,820][root][INFO] - Epoch:  57 | Loss: 0.0006 | Val - MRR: 0.2225, MR: 3629.98, H@1: 0.167, H@3: 0.247, H@10: 0.324 | Test - MRR: 0.2160 | *
[2026-03-15 00:31:55,089][root][INFO] - Epoch:  58 | Loss: 0.0006 | Val - MRR: 0.2269, MR: 3598.62, H@1: 0.170, H@3: 0.252, H@10: 0.332 | Test - MRR: 0.2241 | *
[2026-03-15 00:33:07,042][root][INFO] - Epoch:  59 | Loss: 0.0006 | Val - MRR: 0.2445, MR: 3593.39, H@1: 0.189, H@3: 0.268, H@10: 0.347 | Test - MRR: 0.2417 | *
[2026-03-15 00:34:20,279][root][INFO] - Epoch:  60 | Loss: 0.0006 | Val - MRR: 0.2499, MR: 3598.02, H@1: 0.192, H@3: 0.274, H@10: 0.357 | Test - MRR: 0.2492 | *
[2026-03-15 00:35:32,872][root][INFO] - Epoch:  61 | Loss: 0.0006 | Val - MRR: 0.2599, MR: 3582.34, H@1: 0.202, H@3: 0.286, H@10: 0.368 | Test - MRR: 0.2571 | *
[2026-03-15 00:36:45,614][root][INFO] - Epoch:  62 | Loss: 0.0005 | Val - MRR: 0.2672, MR: 3624.07, H@1: 0.209, H@3: 0.293, H@10: 0.374 | Test - MRR: 0.2634 | *
[2026-03-15 00:37:58,684][root][INFO] - Epoch:  63 | Loss: 0.0005 | Val - MRR: 0.2763, MR: 3605.96, H@1: 0.217, H@3: 0.303, H@10: 0.389 | Test - MRR: 0.2738 | *
[2026-03-15 00:39:11,301][root][INFO] - Epoch:  64 | Loss: 0.0005 | Val - MRR: 0.2819, MR: 3633.38, H@1: 0.222, H@3: 0.311, H@10: 0.393 | Test - MRR: 0.2800 | *
[2026-03-15 00:40:24,970][root][INFO] - Epoch:  65 | Loss: 0.0005 | Val - MRR: 0.2870, MR: 3666.62, H@1: 0.225, H@3: 0.317, H@10: 0.399 | Test - MRR: 0.2875 | *
[2026-03-15 00:41:37,608][root][INFO] - Epoch:  66 | Loss: 0.0005 | Val - MRR: 0.2988, MR: 3589.87, H@1: 0.238, H@3: 0.328, H@10: 0.411 | Test - MRR: 0.2939 | *
[2026-03-15 00:42:50,946][root][INFO] - Epoch:  67 | Loss: 0.0005 | Val - MRR: 0.3056, MR: 3613.31, H@1: 0.246, H@3: 0.334, H@10: 0.417 | Test - MRR: 0.3008 | *
[2026-03-15 00:44:05,244][root][INFO] - Epoch:  68 | Loss: 0.0005 | Val - MRR: 0.3112, MR: 3628.97, H@1: 0.250, H@3: 0.340, H@10: 0.425 | Test - MRR: 0.3067 | *
[2026-03-15 00:45:18,103][root][INFO] - Epoch:  69 | Loss: 0.0005 | Val - MRR: 0.3185, MR: 3592.85, H@1: 0.257, H@3: 0.349, H@10: 0.434 | Test - MRR: 0.3142 | *
[2026-03-15 00:46:32,089][root][INFO] - Epoch:  70 | Loss: 0.0005 | Val - MRR: 0.3235, MR: 3626.88, H@1: 0.262, H@3: 0.355, H@10: 0.437 | Test - MRR: 0.3213 | *
[2026-03-15 00:47:45,580][root][INFO] - Epoch:  71 | Loss: 0.0005 | Val - MRR: 0.3287, MR: 3662.44, H@1: 0.267, H@3: 0.360, H@10: 0.442 | Test - MRR: 0.3269 | *
[2026-03-15 00:48:58,130][root][INFO] - Epoch:  72 | Loss: 0.0005 | Val - MRR: 0.3319, MR: 3629.93, H@1: 0.269, H@3: 0.364, H@10: 0.450 | Test - MRR: 0.3316 | *
[2026-03-15 00:50:11,187][root][INFO] - Epoch:  73 | Loss: 0.0005 | Val - MRR: 0.3380, MR: 3566.60, H@1: 0.276, H@3: 0.370, H@10: 0.453 | Test - MRR: 0.3374 | *
[2026-03-15 00:51:23,746][root][INFO] - Epoch:  74 | Loss: 0.0005 | Val - MRR: 0.3450, MR: 3586.12, H@1: 0.284, H@3: 0.374, H@10: 0.460 | Test - MRR: 0.3452 | *
[2026-03-15 00:52:37,036][root][INFO] - Epoch:  75 | Loss: 0.0005 | Val - MRR: 0.3506, MR: 3658.02, H@1: 0.290, H@3: 0.384, H@10: 0.463 | Test - MRR: 0.3493 | *
[2026-03-15 00:53:50,067][root][INFO] - Epoch:  76 | Loss: 0.0005 | Val - MRR: 0.3537, MR: 3610.93, H@1: 0.292, H@3: 0.387, H@10: 0.468 | Test - MRR: 0.3551 | *
[2026-03-15 00:55:02,978][root][INFO] - Epoch:  77 | Loss: 0.0005 | Val - MRR: 0.3555, MR: 3601.45, H@1: 0.294, H@3: 0.391, H@10: 0.468 | Test - MRR: 0.3563 | *
[2026-03-15 00:56:16,355][root][INFO] - Epoch:  78 | Loss: 0.0005 | Val - MRR: 0.3601, MR: 3557.33, H@1: 0.298, H@3: 0.395, H@10: 0.473 | Test - MRR: 0.3619 | *
[2026-03-15 00:57:29,392][root][INFO] - Epoch:  79 | Loss: 0.0005 | Val - MRR: 0.3640, MR: 3665.29, H@1: 0.304, H@3: 0.397, H@10: 0.473 | Test - MRR: 0.3657 | *
[2026-03-15 00:58:43,008][root][INFO] - Epoch:  80 | Loss: 0.0005 | Val - MRR: 0.3689, MR: 3612.64, H@1: 0.310, H@3: 0.402, H@10: 0.476 | Test - MRR: 0.3665 | *
[2026-03-15 00:59:57,277][root][INFO] - Epoch:  81 | Loss: 0.0005 | Val - MRR: 0.3720, MR: 3609.76, H@1: 0.313, H@3: 0.405, H@10: 0.477 | Test - MRR: 0.3742 | *
[2026-03-15 01:01:09,577][root][INFO] - Epoch:  82 | Loss: 0.0005 | Val - MRR: 0.3750, MR: 3613.89, H@1: 0.315, H@3: 0.412, H@10: 0.480 | Test - MRR: 0.3769 | *
[2026-03-15 01:02:23,082][root][INFO] - Epoch:  83 | Loss: 0.0005 | Val - MRR: 0.3787, MR: 3657.50, H@1: 0.322, H@3: 0.414, H@10: 0.481 | Test - MRR: 0.3816 | *
[2026-03-15 01:03:35,216][root][INFO] - Epoch:  84 | Loss: 0.0005 | Val - MRR: 0.3801, MR: 3631.60, H@1: 0.321, H@3: 0.417, H@10: 0.484 | Test - MRR: 0.3824 | *
[2026-03-15 01:04:48,232][root][INFO] - Epoch:  85 | Loss: 0.0005 | Val - MRR: 0.3832, MR: 3641.79, H@1: 0.325, H@3: 0.417, H@10: 0.485 | Test - MRR: 0.3845 | *
[2026-03-15 01:06:00,373][root][INFO] - Epoch:  86 | Loss: 0.0005 | Val - MRR: 0.3874, MR: 3669.76, H@1: 0.330, H@3: 0.421, H@10: 0.489 | Test - MRR: 0.3886 | *
[2026-03-15 01:07:13,381][root][INFO] - Epoch:  87 | Loss: 0.0005 | Val - MRR: 0.3899, MR: 3639.04, H@1: 0.333, H@3: 0.427, H@10: 0.488 | Test - MRR: 0.3916 | *
[2026-03-15 01:08:25,383][root][INFO] - Epoch:  88 | Loss: 0.0005 | Val - MRR: 0.3916, MR: 3631.18, H@1: 0.334, H@3: 0.428, H@10: 0.490 | Test - MRR: 0.3924 | *
[2026-03-15 01:09:38,635][root][INFO] - Epoch:  89 | Loss: 0.0005 | Val - MRR: 0.3946, MR: 3628.84, H@1: 0.341, H@3: 0.427, H@10: 0.490 | Test - MRR: 0.3976 | *
[2026-03-15 01:10:51,054][root][INFO] - Epoch:  90 | Loss: 0.0005 | Val - MRR: 0.3972, MR: 3682.57, H@1: 0.343, H@3: 0.429, H@10: 0.491 | Test - MRR: 0.3965 | *
[2026-03-15 01:12:04,016][root][INFO] - Epoch:  91 | Loss: 0.0005 | Val - MRR: 0.3979, MR: 3688.62, H@1: 0.343, H@3: 0.431, H@10: 0.492 | Test - MRR: 0.3986 | *
[2026-03-15 01:13:16,534][root][INFO] - Epoch:  92 | Loss: 0.0005 | Val - MRR: 0.3995, MR: 3665.37, H@1: 0.343, H@3: 0.433, H@10: 0.494 | Test - MRR: 0.4008 | *
[2026-03-15 01:14:30,140][root][INFO] - Epoch:  93 | Loss: 0.0005 | Val - MRR: 0.4017, MR: 3678.34, H@1: 0.346, H@3: 0.435, H@10: 0.494 | Test - MRR: 0.4043 | *
[2026-03-15 01:15:42,843][root][INFO] - Epoch:  94 | Loss: 0.0005 | Val - MRR: 0.4044, MR: 3697.32, H@1: 0.350, H@3: 0.439, H@10: 0.495 | Test - MRR: 0.4066 | *
[2026-03-15 01:16:55,698][root][INFO] - Epoch:  95 | Loss: 0.0005 | Val - MRR: 0.4057, MR: 3677.66, H@1: 0.352, H@3: 0.437, H@10: 0.496 | Test - MRR: 0.4056 | *
[2026-03-15 01:18:07,675][root][INFO] - Epoch:  96 | Loss: 0.0005 | Val - MRR: 0.4082, MR: 3647.89, H@1: 0.354, H@3: 0.441, H@10: 0.497 | Test - MRR: 0.4077 | *
[2026-03-15 01:19:13,173][root][INFO] - Epoch:  97 | Loss: 0.0005 | Val - MRR: 0.4081, MR: 3692.16, H@1: 0.355, H@3: 0.441, H@10: 0.496 | 
[2026-03-15 01:20:25,224][root][INFO] - Epoch:  98 | Loss: 0.0005 | Val - MRR: 0.4101, MR: 3693.28, H@1: 0.358, H@3: 0.441, H@10: 0.496 | Test - MRR: 0.4133 | *
[2026-03-15 01:21:37,864][root][INFO] - Epoch:  99 | Loss: 0.0005 | Val - MRR: 0.4120, MR: 3616.45, H@1: 0.358, H@3: 0.448, H@10: 0.501 | Test - MRR: 0.4152 | *
[2026-03-15 01:22:50,426][root][INFO] - Epoch: 100 | Loss: 0.0005 | Val - MRR: 0.4147, MR: 3665.70, H@1: 0.362, H@3: 0.448, H@10: 0.501 | Test - MRR: 0.4157 | *
[2026-03-15 01:23:56,026][root][INFO] - Epoch: 101 | Loss: 0.0005 | Val - MRR: 0.4130, MR: 3645.41, H@1: 0.361, H@3: 0.445, H@10: 0.501 | 
[2026-03-15 01:25:01,211][root][INFO] - Epoch: 102 | Loss: 0.0005 | Val - MRR: 0.4123, MR: 3599.33, H@1: 0.359, H@3: 0.447, H@10: 0.500 | 
[2026-03-15 01:26:12,883][root][INFO] - Epoch: 103 | Loss: 0.0005 | Val - MRR: 0.4167, MR: 3667.54, H@1: 0.364, H@3: 0.450, H@10: 0.501 | Test - MRR: 0.4156 | *
[2026-03-15 01:27:18,131][root][INFO] - Epoch: 104 | Loss: 0.0005 | Val - MRR: 0.4160, MR: 3659.34, H@1: 0.364, H@3: 0.446, H@10: 0.501 | 
[2026-03-15 01:28:31,159][root][INFO] - Epoch: 105 | Loss: 0.0005 | Val - MRR: 0.4177, MR: 3646.56, H@1: 0.365, H@3: 0.448, H@10: 0.502 | Test - MRR: 0.4196 | *
[2026-03-15 01:29:43,513][root][INFO] - Epoch: 106 | Loss: 0.0005 | Val - MRR: 0.4193, MR: 3681.38, H@1: 0.367, H@3: 0.453, H@10: 0.503 | Test - MRR: 0.4207 | *
[2026-03-15 01:30:48,287][root][INFO] - Epoch: 107 | Loss: 0.0005 | Val - MRR: 0.4189, MR: 3695.87, H@1: 0.367, H@3: 0.453, H@10: 0.502 | 
[2026-03-15 01:32:01,182][root][INFO] - Epoch: 108 | Loss: 0.0005 | Val - MRR: 0.4216, MR: 3657.28, H@1: 0.371, H@3: 0.454, H@10: 0.504 | Test - MRR: 0.4209 | *
[2026-03-15 01:33:06,175][root][INFO] - Epoch: 109 | Loss: 0.0005 | Val - MRR: 0.4216, MR: 3671.46, H@1: 0.370, H@3: 0.454, H@10: 0.504 | 
[2026-03-15 01:34:19,193][root][INFO] - Epoch: 110 | Loss: 0.0005 | Val - MRR: 0.4236, MR: 3663.70, H@1: 0.373, H@3: 0.456, H@10: 0.504 | Test - MRR: 0.4229 | *
[2026-03-15 01:35:31,880][root][INFO] - Epoch: 111 | Loss: 0.0005 | Val - MRR: 0.4238, MR: 3687.85, H@1: 0.374, H@3: 0.454, H@10: 0.505 | Test - MRR: 0.4228 | *
[2026-03-15 01:36:44,509][root][INFO] - Epoch: 112 | Loss: 0.0005 | Val - MRR: 0.4238, MR: 3703.49, H@1: 0.373, H@3: 0.455, H@10: 0.506 | Test - MRR: 0.4245 | *
[2026-03-15 01:37:56,600][root][INFO] - Epoch: 113 | Loss: 0.0005 | Val - MRR: 0.4275, MR: 3712.84, H@1: 0.380, H@3: 0.456, H@10: 0.504 | Test - MRR: 0.4264 | *
[2026-03-15 01:39:02,524][root][INFO] - Epoch: 114 | Loss: 0.0005 | Val - MRR: 0.4267, MR: 3669.05, H@1: 0.378, H@3: 0.456, H@10: 0.507 | 
[2026-03-15 01:40:14,343][root][INFO] - Epoch: 115 | Loss: 0.0005 | Val - MRR: 0.4293, MR: 3678.89, H@1: 0.382, H@3: 0.458, H@10: 0.505 | Test - MRR: 0.4284 | *
[2026-03-15 01:41:19,660][root][INFO] - Epoch: 116 | Loss: 0.0005 | Val - MRR: 0.4292, MR: 3678.78, H@1: 0.382, H@3: 0.457, H@10: 0.505 | 
[2026-03-15 01:42:32,576][root][INFO] - Epoch: 117 | Loss: 0.0005 | Val - MRR: 0.4295, MR: 3661.91, H@1: 0.381, H@3: 0.460, H@10: 0.507 | Test - MRR: 0.4306 | *
[2026-03-15 01:43:38,754][root][INFO] - Epoch: 118 | Loss: 0.0005 | Val - MRR: 0.4293, MR: 3670.27, H@1: 0.381, H@3: 0.458, H@10: 0.509 | 
[2026-03-15 01:44:51,962][root][INFO] - Epoch: 119 | Loss: 0.0005 | Val - MRR: 0.4319, MR: 3682.11, H@1: 0.385, H@3: 0.462, H@10: 0.508 | Test - MRR: 0.4303 | *
[2026-03-15 01:46:03,971][root][INFO] - Epoch: 120 | Loss: 0.0005 | Val - MRR: 0.4333, MR: 3669.88, H@1: 0.385, H@3: 0.463, H@10: 0.511 | Test - MRR: 0.4321 | *
[2026-03-15 01:47:16,284][root][INFO] - Epoch: 121 | Loss: 0.0005 | Val - MRR: 0.4335, MR: 3704.80, H@1: 0.386, H@3: 0.463, H@10: 0.509 | Test - MRR: 0.4317 | *
[2026-03-15 01:48:28,803][root][INFO] - Epoch: 122 | Loss: 0.0005 | Val - MRR: 0.4337, MR: 3684.45, H@1: 0.387, H@3: 0.461, H@10: 0.510 | Test - MRR: 0.4358 | *
[2026-03-15 01:49:34,373][root][INFO] - Epoch: 123 | Loss: 0.0005 | Val - MRR: 0.4329, MR: 3707.91, H@1: 0.386, H@3: 0.461, H@10: 0.510 | 
[2026-03-15 01:50:46,298][root][INFO] - Epoch: 124 | Loss: 0.0005 | Val - MRR: 0.4339, MR: 3714.57, H@1: 0.388, H@3: 0.460, H@10: 0.510 | Test - MRR: 0.4353 | *
[2026-03-15 01:51:58,284][root][INFO] - Epoch: 125 | Loss: 0.0005 | Val - MRR: 0.4366, MR: 3692.75, H@1: 0.390, H@3: 0.463, H@10: 0.512 | Test - MRR: 0.4373 | *
[2026-03-15 01:53:11,431][root][INFO] - Epoch: 126 | Loss: 0.0005 | Val - MRR: 0.4372, MR: 3677.99, H@1: 0.392, H@3: 0.464, H@10: 0.509 | Test - MRR: 0.4361 | *
[2026-03-15 01:54:16,284][root][INFO] - Epoch: 127 | Loss: 0.0005 | Val - MRR: 0.4360, MR: 3685.52, H@1: 0.389, H@3: 0.464, H@10: 0.510 | 
[2026-03-15 01:55:22,591][root][INFO] - Epoch: 128 | Loss: 0.0005 | Val - MRR: 0.4371, MR: 3661.87, H@1: 0.391, H@3: 0.464, H@10: 0.513 | 
[2026-03-15 01:56:28,879][root][INFO] - Epoch: 129 | Loss: 0.0005 | Val - MRR: 0.4366, MR: 3655.61, H@1: 0.390, H@3: 0.465, H@10: 0.512 | 
[2026-03-15 01:57:34,571][root][INFO] - Epoch: 130 | Loss: 0.0005 | Val - MRR: 0.4362, MR: 3676.07, H@1: 0.389, H@3: 0.466, H@10: 0.511 | 
[2026-03-15 01:58:46,973][root][INFO] - Epoch: 131 | Loss: 0.0005 | Val - MRR: 0.4378, MR: 3658.87, H@1: 0.392, H@3: 0.465, H@10: 0.513 | Test - MRR: 0.4368 | *
[2026-03-15 01:59:58,492][root][INFO] - Epoch: 132 | Loss: 0.0005 | Val - MRR: 0.4379, MR: 3667.71, H@1: 0.392, H@3: 0.464, H@10: 0.513 | Test - MRR: 0.4376 | *
[2026-03-15 02:01:09,716][root][INFO] - Epoch: 133 | Loss: 0.0005 | Val - MRR: 0.4396, MR: 3651.49, H@1: 0.395, H@3: 0.464, H@10: 0.514 | Test - MRR: 0.4378 | *
[2026-03-15 02:02:15,702][root][INFO] - Epoch: 134 | Loss: 0.0005 | Val - MRR: 0.4393, MR: 3632.85, H@1: 0.394, H@3: 0.465, H@10: 0.515 | 
[2026-03-15 02:03:27,534][root][INFO] - Epoch: 135 | Loss: 0.0005 | Val - MRR: 0.4410, MR: 3671.41, H@1: 0.395, H@3: 0.469, H@10: 0.517 | Test - MRR: 0.4397 | *
[2026-03-15 02:04:33,233][root][INFO] - Epoch: 136 | Loss: 0.0005 | Val - MRR: 0.4399, MR: 3693.44, H@1: 0.394, H@3: 0.465, H@10: 0.514 | 
[2026-03-15 02:05:38,561][root][INFO] - Epoch: 137 | Loss: 0.0005 | Val - MRR: 0.4402, MR: 3684.12, H@1: 0.394, H@3: 0.469, H@10: 0.514 | 
[2026-03-15 02:06:50,924][root][INFO] - Epoch: 138 | Loss: 0.0005 | Val - MRR: 0.4427, MR: 3707.33, H@1: 0.398, H@3: 0.468, H@10: 0.515 | Test - MRR: 0.4424 | *
[2026-03-15 02:07:55,367][root][INFO] - Epoch: 139 | Loss: 0.0005 | Val - MRR: 0.4414, MR: 3705.15, H@1: 0.397, H@3: 0.467, H@10: 0.514 | 
[2026-03-15 02:09:01,290][root][INFO] - Epoch: 140 | Loss: 0.0005 | Val - MRR: 0.4411, MR: 3715.53, H@1: 0.395, H@3: 0.469, H@10: 0.517 | 
[2026-03-15 02:10:12,948][root][INFO] - Epoch: 141 | Loss: 0.0005 | Val - MRR: 0.4434, MR: 3697.24, H@1: 0.398, H@3: 0.471, H@10: 0.517 | Test - MRR: 0.4414 | *
[2026-03-15 02:11:18,870][root][INFO] - Epoch: 142 | Loss: 0.0005 | Val - MRR: 0.4431, MR: 3677.08, H@1: 0.399, H@3: 0.466, H@10: 0.517 | 
[2026-03-15 02:12:23,715][root][INFO] - Epoch: 143 | Loss: 0.0005 | Val - MRR: 0.4427, MR: 3664.47, H@1: 0.398, H@3: 0.466, H@10: 0.515 | 
[2026-03-15 02:13:36,544][root][INFO] - Epoch: 144 | Loss: 0.0005 | Val - MRR: 0.4452, MR: 3662.92, H@1: 0.402, H@3: 0.468, H@10: 0.515 | Test - MRR: 0.4435 | *
[2026-03-15 02:14:48,148][root][INFO] - Epoch: 145 | Loss: 0.0005 | Val - MRR: 0.4467, MR: 3690.70, H@1: 0.403, H@3: 0.471, H@10: 0.519 | Test - MRR: 0.4431 | *
[2026-03-15 02:15:53,912][root][INFO] - Epoch: 146 | Loss: 0.0005 | Val - MRR: 0.4453, MR: 3692.62, H@1: 0.401, H@3: 0.470, H@10: 0.516 | 
[2026-03-15 02:16:58,859][root][INFO] - Epoch: 147 | Loss: 0.0005 | Val - MRR: 0.4459, MR: 3655.92, H@1: 0.402, H@3: 0.470, H@10: 0.517 | 
[2026-03-15 02:18:03,875][root][INFO] - Epoch: 148 | Loss: 0.0005 | Val - MRR: 0.4458, MR: 3657.49, H@1: 0.402, H@3: 0.470, H@10: 0.517 | 
[2026-03-15 02:19:09,013][root][INFO] - Epoch: 149 | Loss: 0.0005 | Val - MRR: 0.4466, MR: 3644.64, H@1: 0.402, H@3: 0.472, H@10: 0.518 | 
[2026-03-15 02:20:14,225][root][INFO] - Epoch: 150 | Loss: 0.0005 | Val - MRR: 0.4448, MR: 3705.29, H@1: 0.400, H@3: 0.471, H@10: 0.516 | 
[2026-03-15 02:21:20,089][root][INFO] - Epoch: 151 | Loss: 0.0005 | Val - MRR: 0.4464, MR: 3712.99, H@1: 0.401, H@3: 0.473, H@10: 0.517 | 
[2026-03-15 02:22:24,749][root][INFO] - Epoch: 152 | Loss: 0.0005 | Val - MRR: 0.4457, MR: 3667.61, H@1: 0.400, H@3: 0.472, H@10: 0.516 | 
[2026-03-15 02:23:37,482][root][INFO] - Epoch: 153 | Loss: 0.0005 | Val - MRR: 0.4469, MR: 3664.14, H@1: 0.401, H@3: 0.475, H@10: 0.520 | Test - MRR: 0.4470 | *
[2026-03-15 02:24:48,871][root][INFO] - Epoch: 154 | Loss: 0.0005 | Val - MRR: 0.4471, MR: 3662.61, H@1: 0.402, H@3: 0.472, H@10: 0.519 | Test - MRR: 0.4474 | *
[2026-03-15 02:26:00,902][root][INFO] - Epoch: 155 | Loss: 0.0005 | Val - MRR: 0.4488, MR: 3643.80, H@1: 0.406, H@3: 0.472, H@10: 0.518 | Test - MRR: 0.4476 | *
[2026-03-15 02:27:07,144][root][INFO] - Epoch: 156 | Loss: 0.0005 | Val - MRR: 0.4475, MR: 3682.76, H@1: 0.403, H@3: 0.473, H@10: 0.520 | 
[2026-03-15 02:28:18,772][root][INFO] - Epoch: 157 | Loss: 0.0005 | Val - MRR: 0.4490, MR: 3703.33, H@1: 0.405, H@3: 0.473, H@10: 0.520 | Test - MRR: 0.4490 | *
[2026-03-15 02:29:22,929][root][INFO] - Epoch: 158 | Loss: 0.0005 | Val - MRR: 0.4489, MR: 3709.58, H@1: 0.405, H@3: 0.473, H@10: 0.520 | 
[2026-03-15 02:30:28,546][root][INFO] - Epoch: 159 | Loss: 0.0005 | Val - MRR: 0.4481, MR: 3676.89, H@1: 0.403, H@3: 0.473, H@10: 0.520 | 
[2026-03-15 02:31:40,511][root][INFO] - Epoch: 160 | Loss: 0.0005 | Val - MRR: 0.4494, MR: 3677.63, H@1: 0.405, H@3: 0.476, H@10: 0.520 | Test - MRR: 0.4509 | *
[2026-03-15 02:32:53,093][root][INFO] - Epoch: 161 | Loss: 0.0005 | Val - MRR: 0.4497, MR: 3646.10, H@1: 0.405, H@3: 0.475, H@10: 0.521 | Test - MRR: 0.4485 | *
[2026-03-15 02:33:59,698][root][INFO] - Epoch: 162 | Loss: 0.0005 | Val - MRR: 0.4491, MR: 3685.31, H@1: 0.404, H@3: 0.475, H@10: 0.522 | 
[2026-03-15 02:35:10,548][root][INFO] - Epoch: 163 | Loss: 0.0005 | Val - MRR: 0.4500, MR: 3661.59, H@1: 0.404, H@3: 0.477, H@10: 0.523 | Test - MRR: 0.4495 | *
[2026-03-15 02:36:22,180][root][INFO] - Epoch: 164 | Loss: 0.0005 | Val - MRR: 0.4509, MR: 3692.16, H@1: 0.407, H@3: 0.476, H@10: 0.523 | Test - MRR: 0.4495 | *
[2026-03-15 02:37:27,685][root][INFO] - Epoch: 165 | Loss: 0.0005 | Val - MRR: 0.4502, MR: 3720.85, H@1: 0.406, H@3: 0.476, H@10: 0.522 | 
[2026-03-15 02:38:38,358][root][INFO] - Epoch: 166 | Loss: 0.0005 | Val - MRR: 0.4522, MR: 3688.42, H@1: 0.409, H@3: 0.477, H@10: 0.522 | Test - MRR: 0.4508 | *
[2026-03-15 02:39:43,287][root][INFO] - Epoch: 167 | Loss: 0.0005 | Val - MRR: 0.4517, MR: 3690.68, H@1: 0.409, H@3: 0.474, H@10: 0.522 | 
[2026-03-15 02:40:48,019][root][INFO] - Epoch: 168 | Loss: 0.0005 | Val - MRR: 0.4509, MR: 3661.22, H@1: 0.405, H@3: 0.476, H@10: 0.524 | 
[2026-03-15 02:41:53,057][root][INFO] - Epoch: 169 | Loss: 0.0005 | Val - MRR: 0.4520, MR: 3644.80, H@1: 0.408, H@3: 0.477, H@10: 0.524 | 
[2026-03-15 02:43:04,772][root][INFO] - Epoch: 170 | Loss: 0.0005 | Val - MRR: 0.4540, MR: 3666.48, H@1: 0.412, H@3: 0.476, H@10: 0.524 | Test - MRR: 0.4543 | *
[2026-03-15 02:44:15,513][root][INFO] - Epoch: 171 | Loss: 0.0005 | Val - MRR: 0.4547, MR: 3670.26, H@1: 0.413, H@3: 0.476, H@10: 0.522 | Test - MRR: 0.4535 | *
[2026-03-15 02:45:20,173][root][INFO] - Epoch: 172 | Loss: 0.0005 | Val - MRR: 0.4539, MR: 3657.11, H@1: 0.411, H@3: 0.475, H@10: 0.523 | 
[2026-03-15 02:46:25,525][root][INFO] - Epoch: 173 | Loss: 0.0005 | Val - MRR: 0.4546, MR: 3681.23, H@1: 0.413, H@3: 0.477, H@10: 0.522 | 
[2026-03-15 02:47:37,614][root][INFO] - Epoch: 174 | Loss: 0.0005 | Val - MRR: 0.4563, MR: 3691.82, H@1: 0.415, H@3: 0.479, H@10: 0.523 | Test - MRR: 0.4537 | *
[2026-03-15 02:48:42,163][root][INFO] - Epoch: 175 | Loss: 0.0005 | Val - MRR: 0.4540, MR: 3676.18, H@1: 0.411, H@3: 0.479, H@10: 0.523 | 
[2026-03-15 02:49:48,011][root][INFO] - Epoch: 176 | Loss: 0.0005 | Val - MRR: 0.4556, MR: 3719.57, H@1: 0.414, H@3: 0.478, H@10: 0.524 | 
[2026-03-15 02:50:52,743][root][INFO] - Epoch: 177 | Loss: 0.0005 | Val - MRR: 0.4548, MR: 3675.01, H@1: 0.412, H@3: 0.478, H@10: 0.527 | 
[2026-03-15 02:52:04,772][root][INFO] - Epoch: 178 | Loss: 0.0005 | Val - MRR: 0.4567, MR: 3688.90, H@1: 0.415, H@3: 0.478, H@10: 0.527 | Test - MRR: 0.4534 | *
[2026-03-15 02:53:11,068][root][INFO] - Epoch: 179 | Loss: 0.0005 | Val - MRR: 0.4565, MR: 3688.19, H@1: 0.415, H@3: 0.477, H@10: 0.524 | 
[2026-03-15 02:54:17,324][root][INFO] - Epoch: 180 | Loss: 0.0005 | Val - MRR: 0.4554, MR: 3662.48, H@1: 0.413, H@3: 0.478, H@10: 0.526 | 
[2026-03-15 02:55:21,933][root][INFO] - Epoch: 181 | Loss: 0.0005 | Val - MRR: 0.4563, MR: 3674.19, H@1: 0.414, H@3: 0.479, H@10: 0.525 | 
[2026-03-15 02:56:26,336][root][INFO] - Epoch: 182 | Loss: 0.0005 | Val - MRR: 0.4552, MR: 3695.89, H@1: 0.413, H@3: 0.476, H@10: 0.524 | 
[2026-03-15 02:57:31,515][root][INFO] - Epoch: 183 | Loss: 0.0005 | Val - MRR: 0.4553, MR: 3682.17, H@1: 0.412, H@3: 0.478, H@10: 0.527 | 
[2026-03-15 02:58:43,369][root][INFO] - Epoch: 184 | Loss: 0.0005 | Val - MRR: 0.4576, MR: 3685.58, H@1: 0.417, H@3: 0.478, H@10: 0.526 | Test - MRR: 0.4558 | *
[2026-03-15 02:59:49,196][root][INFO] - Epoch: 185 | Loss: 0.0005 | Val - MRR: 0.4561, MR: 3690.36, H@1: 0.414, H@3: 0.478, H@10: 0.526 | 
[2026-03-15 03:00:53,972][root][INFO] - Epoch: 186 | Loss: 0.0005 | Val - MRR: 0.4562, MR: 3676.97, H@1: 0.414, H@3: 0.479, H@10: 0.528 | 
[2026-03-15 03:02:05,556][root][INFO] - Epoch: 187 | Loss: 0.0005 | Val - MRR: 0.4582, MR: 3684.54, H@1: 0.417, H@3: 0.479, H@10: 0.530 | Test - MRR: 0.4574 | *
[2026-03-15 03:03:09,934][root][INFO] - Epoch: 188 | Loss: 0.0005 | Val - MRR: 0.4566, MR: 3674.22, H@1: 0.414, H@3: 0.479, H@10: 0.529 | 
[2026-03-15 03:04:20,490][root][INFO] - Epoch: 189 | Loss: 0.0005 | Val - MRR: 0.4590, MR: 3658.42, H@1: 0.418, H@3: 0.478, H@10: 0.528 | Test - MRR: 0.4568 | *
[2026-03-15 03:05:25,601][root][INFO] - Epoch: 190 | Loss: 0.0005 | Val - MRR: 0.4582, MR: 3653.58, H@1: 0.417, H@3: 0.479, H@10: 0.527 | 
[2026-03-15 03:06:31,977][root][INFO] - Epoch: 191 | Loss: 0.0005 | Val - MRR: 0.4586, MR: 3650.25, H@1: 0.418, H@3: 0.481, H@10: 0.528 | 
[2026-03-15 03:07:36,954][root][INFO] - Epoch: 192 | Loss: 0.0005 | Val - MRR: 0.4570, MR: 3669.22, H@1: 0.415, H@3: 0.480, H@10: 0.526 | 
[2026-03-15 03:08:41,162][root][INFO] - Epoch: 193 | Loss: 0.0005 | Val - MRR: 0.4582, MR: 3697.96, H@1: 0.416, H@3: 0.482, H@10: 0.526 | 
[2026-03-15 03:09:46,439][root][INFO] - Epoch: 194 | Loss: 0.0005 | Val - MRR: 0.4584, MR: 3659.60, H@1: 0.417, H@3: 0.483, H@10: 0.527 | 
[2026-03-15 03:10:57,072][root][INFO] - Epoch: 195 | Loss: 0.0005 | Val - MRR: 0.4596, MR: 3660.43, H@1: 0.418, H@3: 0.481, H@10: 0.528 | Test - MRR: 0.4588 | *
[2026-03-15 03:12:03,119][root][INFO] - Epoch: 196 | Loss: 0.0005 | Val - MRR: 0.4590, MR: 3642.20, H@1: 0.418, H@3: 0.481, H@10: 0.526 | 
[2026-03-15 03:13:07,922][root][INFO] - Epoch: 197 | Loss: 0.0005 | Val - MRR: 0.4592, MR: 3681.42, H@1: 0.418, H@3: 0.480, H@10: 0.529 | 
[2026-03-15 03:14:17,905][root][INFO] - Epoch: 198 | Loss: 0.0005 | Val - MRR: 0.4608, MR: 3687.32, H@1: 0.420, H@3: 0.481, H@10: 0.529 | Test - MRR: 0.4575 | *
[2026-03-15 03:15:29,170][root][INFO] - Epoch: 199 | Loss: 0.0005 | Val - MRR: 0.4609, MR: 3668.72, H@1: 0.421, H@3: 0.481, H@10: 0.527 | Test - MRR: 0.4571 | *
[2026-03-15 03:16:34,501][root][INFO] - Epoch: 200 | Loss: 0.0005 | Val - MRR: 0.4603, MR: 3702.06, H@1: 0.419, H@3: 0.482, H@10: 0.528 | 
[2026-03-15 03:17:39,296][root][INFO] - Epoch: 201 | Loss: 0.0005 | Val - MRR: 0.4599, MR: 3647.26, H@1: 0.418, H@3: 0.481, H@10: 0.529 | 
[2026-03-15 03:18:43,641][root][INFO] - Epoch: 202 | Loss: 0.0005 | Val - MRR: 0.4591, MR: 3658.39, H@1: 0.416, H@3: 0.481, H@10: 0.530 | 
[2026-03-15 03:19:48,929][root][INFO] - Epoch: 203 | Loss: 0.0005 | Val - MRR: 0.4608, MR: 3647.53, H@1: 0.419, H@3: 0.482, H@10: 0.530 | 
[2026-03-15 03:20:53,150][root][INFO] - Epoch: 204 | Loss: 0.0005 | Val - MRR: 0.4604, MR: 3659.14, H@1: 0.418, H@3: 0.483, H@10: 0.531 | 
[2026-03-15 03:22:05,052][root][INFO] - Epoch: 205 | Loss: 0.0005 | Val - MRR: 0.4620, MR: 3641.02, H@1: 0.421, H@3: 0.483, H@10: 0.532 | Test - MRR: 0.4590 | *
[2026-03-15 03:23:09,667][root][INFO] - Epoch: 206 | Loss: 0.0005 | Val - MRR: 0.4612, MR: 3642.41, H@1: 0.418, H@3: 0.485, H@10: 0.531 | 
[2026-03-15 03:24:15,068][root][INFO] - Epoch: 207 | Loss: 0.0005 | Val - MRR: 0.4605, MR: 3652.32, H@1: 0.418, H@3: 0.484, H@10: 0.529 | 
[2026-03-15 03:25:18,875][root][INFO] - Epoch: 208 | Loss: 0.0005 | Val - MRR: 0.4609, MR: 3675.54, H@1: 0.419, H@3: 0.483, H@10: 0.528 | 
[2026-03-15 03:26:23,432][root][INFO] - Epoch: 209 | Loss: 0.0005 | Val - MRR: 0.4600, MR: 3630.16, H@1: 0.418, H@3: 0.483, H@10: 0.529 | 
[2026-03-15 03:27:29,184][root][INFO] - Epoch: 210 | Loss: 0.0005 | Val - MRR: 0.4607, MR: 3662.36, H@1: 0.419, H@3: 0.484, H@10: 0.529 | 
[2026-03-15 03:28:34,611][root][INFO] - Epoch: 211 | Loss: 0.0005 | Val - MRR: 0.4604, MR: 3638.00, H@1: 0.418, H@3: 0.483, H@10: 0.529 | 
[2026-03-15 03:29:39,125][root][INFO] - Epoch: 212 | Loss: 0.0005 | Val - MRR: 0.4609, MR: 3645.56, H@1: 0.419, H@3: 0.484, H@10: 0.529 | 
[2026-03-15 03:30:44,687][root][INFO] - Epoch: 213 | Loss: 0.0005 | Val - MRR: 0.4597, MR: 3624.76, H@1: 0.418, H@3: 0.483, H@10: 0.530 | 
[2026-03-15 03:31:49,446][root][INFO] - Epoch: 214 | Loss: 0.0005 | Val - MRR: 0.4596, MR: 3625.25, H@1: 0.417, H@3: 0.485, H@10: 0.529 | 
[2026-03-15 03:32:55,480][root][INFO] - Epoch: 215 | Loss: 0.0005 | Val - MRR: 0.4602, MR: 3653.95, H@1: 0.419, H@3: 0.481, H@10: 0.528 | 
[2026-03-15 03:34:01,426][root][INFO] - Epoch: 216 | Loss: 0.0005 | Val - MRR: 0.4610, MR: 3653.51, H@1: 0.420, H@3: 0.482, H@10: 0.529 | 
[2026-03-15 03:35:05,991][root][INFO] - Epoch: 217 | Loss: 0.0005 | Val - MRR: 0.4602, MR: 3628.63, H@1: 0.419, H@3: 0.481, H@10: 0.529 | 
[2026-03-15 03:36:18,676][root][INFO] - Epoch: 218 | Loss: 0.0005 | Val - MRR: 0.4626, MR: 3636.50, H@1: 0.422, H@3: 0.485, H@10: 0.531 | Test - MRR: 0.4610 | *
[2026-03-15 03:37:23,710][root][INFO] - Epoch: 219 | Loss: 0.0005 | Val - MRR: 0.4623, MR: 3619.24, H@1: 0.421, H@3: 0.483, H@10: 0.530 | 
[2026-03-15 03:38:34,805][root][INFO] - Epoch: 220 | Loss: 0.0005 | Val - MRR: 0.4635, MR: 3611.70, H@1: 0.424, H@3: 0.483, H@10: 0.531 | Test - MRR: 0.4606 | *
[2026-03-15 03:39:39,207][root][INFO] - Epoch: 221 | Loss: 0.0005 | Val - MRR: 0.4623, MR: 3637.06, H@1: 0.420, H@3: 0.485, H@10: 0.531 | 
[2026-03-15 03:40:43,798][root][INFO] - Epoch: 222 | Loss: 0.0005 | Val - MRR: 0.4608, MR: 3649.99, H@1: 0.419, H@3: 0.482, H@10: 0.530 | 
[2026-03-15 03:41:49,061][root][INFO] - Epoch: 223 | Loss: 0.0005 | Val - MRR: 0.4622, MR: 3654.01, H@1: 0.421, H@3: 0.482, H@10: 0.532 | 
[2026-03-15 03:42:54,626][root][INFO] - Epoch: 224 | Loss: 0.0005 | Val - MRR: 0.4620, MR: 3648.91, H@1: 0.421, H@3: 0.483, H@10: 0.531 | 
[2026-03-15 03:43:59,625][root][INFO] - Epoch: 225 | Loss: 0.0005 | Val - MRR: 0.4634, MR: 3601.71, H@1: 0.423, H@3: 0.485, H@10: 0.532 | 
[2026-03-15 03:45:04,072][root][INFO] - Epoch: 226 | Loss: 0.0005 | Val - MRR: 0.4614, MR: 3639.94, H@1: 0.420, H@3: 0.483, H@10: 0.531 | 
[2026-03-15 03:46:08,914][root][INFO] - Epoch: 227 | Loss: 0.0005 | Val - MRR: 0.4624, MR: 3638.62, H@1: 0.422, H@3: 0.482, H@10: 0.532 | 
[2026-03-15 03:47:12,571][root][INFO] - Epoch: 228 | Loss: 0.0005 | Val - MRR: 0.4625, MR: 3655.82, H@1: 0.422, H@3: 0.482, H@10: 0.532 | 
[2026-03-15 03:48:17,096][root][INFO] - Epoch: 229 | Loss: 0.0005 | Val - MRR: 0.4625, MR: 3686.69, H@1: 0.422, H@3: 0.483, H@10: 0.533 | 
[2026-03-15 03:49:30,259][root][INFO] - Epoch: 230 | Loss: 0.0005 | Val - MRR: 0.4636, MR: 3671.15, H@1: 0.423, H@3: 0.483, H@10: 0.533 | Test - MRR: 0.4630 | *
[2026-03-15 03:50:41,246][root][INFO] - Epoch: 231 | Loss: 0.0005 | Val - MRR: 0.4639, MR: 3658.19, H@1: 0.423, H@3: 0.485, H@10: 0.530 | Test - MRR: 0.4626 | *
[2026-03-15 03:51:46,415][root][INFO] - Epoch: 232 | Loss: 0.0005 | Val - MRR: 0.4632, MR: 3671.40, H@1: 0.422, H@3: 0.485, H@10: 0.532 | 
[2026-03-15 03:52:50,994][root][INFO] - Epoch: 233 | Loss: 0.0005 | Val - MRR: 0.4637, MR: 3660.03, H@1: 0.423, H@3: 0.485, H@10: 0.531 | 
[2026-03-15 03:54:03,268][root][INFO] - Epoch: 234 | Loss: 0.0005 | Val - MRR: 0.4651, MR: 3643.91, H@1: 0.426, H@3: 0.483, H@10: 0.533 | Test - MRR: 0.4640 | *
[2026-03-15 03:55:09,088][root][INFO] - Epoch: 235 | Loss: 0.0005 | Val - MRR: 0.4645, MR: 3636.65, H@1: 0.424, H@3: 0.486, H@10: 0.530 | 
[2026-03-15 03:56:14,568][root][INFO] - Epoch: 236 | Loss: 0.0005 | Val - MRR: 0.4635, MR: 3667.00, H@1: 0.423, H@3: 0.485, H@10: 0.533 | 
[2026-03-15 03:57:19,297][root][INFO] - Epoch: 237 | Loss: 0.0005 | Val - MRR: 0.4634, MR: 3661.85, H@1: 0.424, H@3: 0.484, H@10: 0.530 | 
[2026-03-15 03:58:23,855][root][INFO] - Epoch: 238 | Loss: 0.0005 | Val - MRR: 0.4630, MR: 3672.45, H@1: 0.422, H@3: 0.484, H@10: 0.531 | 
[2026-03-15 03:59:27,985][root][INFO] - Epoch: 239 | Loss: 0.0005 | Val - MRR: 0.4639, MR: 3677.33, H@1: 0.424, H@3: 0.485, H@10: 0.532 | 
[2026-03-15 04:00:32,196][root][INFO] - Epoch: 240 | Loss: 0.0005 | Val - MRR: 0.4636, MR: 3654.43, H@1: 0.423, H@3: 0.483, H@10: 0.531 | 
[2026-03-15 04:01:38,437][root][INFO] - Epoch: 241 | Loss: 0.0005 | Val - MRR: 0.4647, MR: 3641.97, H@1: 0.425, H@3: 0.483, H@10: 0.533 | 
[2026-03-15 04:02:43,253][root][INFO] - Epoch: 242 | Loss: 0.0005 | Val - MRR: 0.4648, MR: 3658.75, H@1: 0.424, H@3: 0.486, H@10: 0.532 | 
[2026-03-15 04:03:48,176][root][INFO] - Epoch: 243 | Loss: 0.0005 | Val - MRR: 0.4644, MR: 3650.93, H@1: 0.425, H@3: 0.485, H@10: 0.532 | 
[2026-03-15 04:04:52,389][root][INFO] - Epoch: 244 | Loss: 0.0005 | Val - MRR: 0.4637, MR: 3692.62, H@1: 0.423, H@3: 0.485, H@10: 0.532 | 
[2026-03-15 04:05:57,967][root][INFO] - Epoch: 245 | Loss: 0.0005 | Val - MRR: 0.4646, MR: 3691.27, H@1: 0.425, H@3: 0.483, H@10: 0.534 | 
[2026-03-15 04:07:03,369][root][INFO] - Epoch: 246 | Loss: 0.0005 | Val - MRR: 0.4641, MR: 3660.17, H@1: 0.424, H@3: 0.484, H@10: 0.534 | 
[2026-03-15 04:08:07,440][root][INFO] - Epoch: 247 | Loss: 0.0005 | Val - MRR: 0.4646, MR: 3686.63, H@1: 0.424, H@3: 0.483, H@10: 0.534 | 
[2026-03-15 04:09:12,394][root][INFO] - Epoch: 248 | Loss: 0.0005 | Val - MRR: 0.4649, MR: 3677.46, H@1: 0.424, H@3: 0.486, H@10: 0.536 | 
[2026-03-15 04:10:17,165][root][INFO] - Epoch: 249 | Loss: 0.0005 | Val - MRR: 0.4650, MR: 3669.43, H@1: 0.425, H@3: 0.485, H@10: 0.537 | 
[2026-03-15 04:11:21,320][root][INFO] - Epoch: 250 | Loss: 0.0005 | Val - MRR: 0.4650, MR: 3679.31, H@1: 0.424, H@3: 0.484, H@10: 0.534 | 
[2026-03-15 04:12:26,656][root][INFO] - Epoch: 251 | Loss: 0.0005 | Val - MRR: 0.4650, MR: 3653.43, H@1: 0.425, H@3: 0.485, H@10: 0.536 | 
[2026-03-15 04:13:31,315][root][INFO] - Epoch: 252 | Loss: 0.0005 | Val - MRR: 0.4644, MR: 3660.18, H@1: 0.424, H@3: 0.484, H@10: 0.536 | 
[2026-03-15 04:14:36,624][root][INFO] - Epoch: 253 | Loss: 0.0005 | Val - MRR: 0.4640, MR: 3659.59, H@1: 0.424, H@3: 0.483, H@10: 0.534 | 
[2026-03-15 04:15:41,288][root][INFO] - Epoch: 254 | Loss: 0.0005 | Val - MRR: 0.4651, MR: 3661.28, H@1: 0.426, H@3: 0.484, H@10: 0.533 | 
[2026-03-15 04:16:46,695][root][INFO] - Epoch: 255 | Loss: 0.0005 | Val - MRR: 0.4647, MR: 3673.80, H@1: 0.424, H@3: 0.486, H@10: 0.532 | 
[2026-03-15 04:17:50,626][root][INFO] - Epoch: 256 | Loss: 0.0005 | Val - MRR: 0.4644, MR: 3683.13, H@1: 0.424, H@3: 0.483, H@10: 0.531 | 
[2026-03-15 04:18:56,007][root][INFO] - Epoch: 257 | Loss: 0.0005 | Val - MRR: 0.4641, MR: 3696.83, H@1: 0.424, H@3: 0.483, H@10: 0.535 | 
[2026-03-15 04:20:07,645][root][INFO] - Epoch: 258 | Loss: 0.0005 | Val - MRR: 0.4662, MR: 3674.70, H@1: 0.426, H@3: 0.485, H@10: 0.536 | Test - MRR: 0.4654 | *
[2026-03-15 04:21:20,858][root][INFO] - Epoch: 259 | Loss: 0.0005 | Val - MRR: 0.4666, MR: 3657.91, H@1: 0.426, H@3: 0.487, H@10: 0.536 | Test - MRR: 0.4654 | *
[2026-03-15 04:22:25,258][root][INFO] - Epoch: 260 | Loss: 0.0005 | Val - MRR: 0.4655, MR: 3675.61, H@1: 0.425, H@3: 0.486, H@10: 0.536 | 
[2026-03-15 04:23:30,112][root][INFO] - Epoch: 261 | Loss: 0.0005 | Val - MRR: 0.4665, MR: 3669.42, H@1: 0.426, H@3: 0.484, H@10: 0.536 | 
[2026-03-15 04:24:35,006][root][INFO] - Epoch: 262 | Loss: 0.0005 | Val - MRR: 0.4649, MR: 3683.84, H@1: 0.424, H@3: 0.483, H@10: 0.534 | 
[2026-03-15 04:25:40,315][root][INFO] - Epoch: 263 | Loss: 0.0005 | Val - MRR: 0.4637, MR: 3691.08, H@1: 0.423, H@3: 0.484, H@10: 0.535 | 
[2026-03-15 04:26:44,375][root][INFO] - Epoch: 264 | Loss: 0.0005 | Val - MRR: 0.4648, MR: 3645.34, H@1: 0.424, H@3: 0.484, H@10: 0.538 | 
[2026-03-15 04:27:49,112][root][INFO] - Epoch: 265 | Loss: 0.0005 | Val - MRR: 0.4649, MR: 3655.58, H@1: 0.423, H@3: 0.485, H@10: 0.537 | 
[2026-03-15 04:29:01,009][root][INFO] - Epoch: 266 | Loss: 0.0005 | Val - MRR: 0.4670, MR: 3706.38, H@1: 0.426, H@3: 0.487, H@10: 0.536 | Test - MRR: 0.4656 | *
[2026-03-15 04:30:07,133][root][INFO] - Epoch: 267 | Loss: 0.0005 | Val - MRR: 0.4662, MR: 3668.02, H@1: 0.426, H@3: 0.486, H@10: 0.535 | 
[2026-03-15 04:31:10,992][root][INFO] - Epoch: 268 | Loss: 0.0005 | Val - MRR: 0.4661, MR: 3731.17, H@1: 0.426, H@3: 0.484, H@10: 0.535 | 
[2026-03-15 04:32:15,951][root][INFO] - Epoch: 269 | Loss: 0.0005 | Val - MRR: 0.4667, MR: 3690.25, H@1: 0.426, H@3: 0.485, H@10: 0.537 | 
[2026-03-15 04:33:20,352][root][INFO] - Epoch: 270 | Loss: 0.0005 | Val - MRR: 0.4668, MR: 3695.07, H@1: 0.427, H@3: 0.487, H@10: 0.537 | 
[2026-03-15 04:34:24,689][root][INFO] - Epoch: 271 | Loss: 0.0005 | Val - MRR: 0.4666, MR: 3683.38, H@1: 0.427, H@3: 0.483, H@10: 0.535 | 
[2026-03-15 04:35:29,852][root][INFO] - Epoch: 272 | Loss: 0.0005 | Val - MRR: 0.4667, MR: 3694.85, H@1: 0.427, H@3: 0.485, H@10: 0.534 | 
[2026-03-15 04:36:35,000][root][INFO] - Epoch: 273 | Loss: 0.0005 | Val - MRR: 0.4664, MR: 3664.80, H@1: 0.427, H@3: 0.485, H@10: 0.535 | 
[2026-03-15 04:37:40,123][root][INFO] - Epoch: 274 | Loss: 0.0005 | Val - MRR: 0.4663, MR: 3707.91, H@1: 0.427, H@3: 0.485, H@10: 0.535 | 
[2026-03-15 04:38:52,058][root][INFO] - Epoch: 275 | Loss: 0.0005 | Val - MRR: 0.4671, MR: 3674.08, H@1: 0.427, H@3: 0.487, H@10: 0.538 | Test - MRR: 0.4671 | *
[2026-03-15 04:40:02,702][root][INFO] - Epoch: 276 | Loss: 0.0005 | Val - MRR: 0.4678, MR: 3677.10, H@1: 0.429, H@3: 0.485, H@10: 0.537 | Test - MRR: 0.4676 | *
[2026-03-15 04:41:06,800][root][INFO] - Epoch: 277 | Loss: 0.0005 | Val - MRR: 0.4659, MR: 3688.93, H@1: 0.426, H@3: 0.486, H@10: 0.538 | 
[2026-03-15 04:42:11,712][root][INFO] - Epoch: 278 | Loss: 0.0005 | Val - MRR: 0.4672, MR: 3712.32, H@1: 0.428, H@3: 0.485, H@10: 0.537 | 
[2026-03-15 04:43:16,823][root][INFO] - Epoch: 279 | Loss: 0.0005 | Val - MRR: 0.4672, MR: 3694.64, H@1: 0.428, H@3: 0.486, H@10: 0.534 | 
[2026-03-15 04:44:21,039][root][INFO] - Epoch: 280 | Loss: 0.0005 | Val - MRR: 0.4664, MR: 3701.20, H@1: 0.428, H@3: 0.484, H@10: 0.536 | 
[2026-03-15 04:45:26,341][root][INFO] - Epoch: 281 | Loss: 0.0005 | Val - MRR: 0.4678, MR: 3704.16, H@1: 0.429, H@3: 0.487, H@10: 0.537 | 
[2026-03-15 04:46:30,554][root][INFO] - Epoch: 282 | Loss: 0.0005 | Val - MRR: 0.4669, MR: 3692.36, H@1: 0.427, H@3: 0.487, H@10: 0.536 | 
[2026-03-15 04:47:35,418][root][INFO] - Epoch: 283 | Loss: 0.0005 | Val - MRR: 0.4677, MR: 3693.14, H@1: 0.428, H@3: 0.486, H@10: 0.536 | 
[2026-03-15 04:48:45,784][root][INFO] - Epoch: 284 | Loss: 0.0005 | Val - MRR: 0.4678, MR: 3716.13, H@1: 0.429, H@3: 0.486, H@10: 0.538 | Test - MRR: 0.4670 | *
[2026-03-15 04:49:50,319][root][INFO] - Epoch: 285 | Loss: 0.0005 | Val - MRR: 0.4668, MR: 3712.65, H@1: 0.426, H@3: 0.488, H@10: 0.536 | 
[2026-03-15 04:50:54,443][root][INFO] - Epoch: 286 | Loss: 0.0005 | Val - MRR: 0.4668, MR: 3702.27, H@1: 0.427, H@3: 0.487, H@10: 0.537 | 
[2026-03-15 04:51:59,687][root][INFO] - Epoch: 287 | Loss: 0.0005 | Val - MRR: 0.4667, MR: 3715.35, H@1: 0.427, H@3: 0.487, H@10: 0.537 | 
[2026-03-15 04:53:10,605][root][INFO] - Epoch: 288 | Loss: 0.0005 | Val - MRR: 0.4693, MR: 3697.23, H@1: 0.430, H@3: 0.487, H@10: 0.538 | Test - MRR: 0.4685 | *
[2026-03-15 04:54:15,317][root][INFO] - Epoch: 289 | Loss: 0.0005 | Val - MRR: 0.4691, MR: 3683.68, H@1: 0.431, H@3: 0.487, H@10: 0.539 | 
[2026-03-15 04:55:27,543][root][INFO] - Epoch: 290 | Loss: 0.0005 | Val - MRR: 0.4698, MR: 3707.36, H@1: 0.431, H@3: 0.489, H@10: 0.538 | Test - MRR: 0.4683 | *
[2026-03-15 04:56:32,406][root][INFO] - Epoch: 291 | Loss: 0.0005 | Val - MRR: 0.4694, MR: 3707.56, H@1: 0.430, H@3: 0.489, H@10: 0.537 | 
[2026-03-15 04:57:44,706][root][INFO] - Epoch: 292 | Loss: 0.0005 | Val - MRR: 0.4699, MR: 3673.63, H@1: 0.431, H@3: 0.490, H@10: 0.539 | Test - MRR: 0.4681 | *
[2026-03-15 04:58:49,316][root][INFO] - Epoch: 293 | Loss: 0.0005 | Val - MRR: 0.4690, MR: 3666.71, H@1: 0.430, H@3: 0.488, H@10: 0.537 | 
[2026-03-15 04:59:54,644][root][INFO] - Epoch: 294 | Loss: 0.0005 | Val - MRR: 0.4685, MR: 3715.78, H@1: 0.430, H@3: 0.488, H@10: 0.538 | 
[2026-03-15 05:01:06,310][root][INFO] - Epoch: 295 | Loss: 0.0005 | Val - MRR: 0.4705, MR: 3662.44, H@1: 0.432, H@3: 0.490, H@10: 0.539 | Test - MRR: 0.4682 | *
[2026-03-15 05:02:17,942][root][INFO] - Epoch: 296 | Loss: 0.0005 | Val - MRR: 0.4706, MR: 3690.05, H@1: 0.432, H@3: 0.491, H@10: 0.538 | Test - MRR: 0.4691 | *
[2026-03-15 05:03:29,994][root][INFO] - Epoch: 297 | Loss: 0.0005 | Val - MRR: 0.4710, MR: 3672.69, H@1: 0.432, H@3: 0.490, H@10: 0.538 | Test - MRR: 0.4687 | *
[2026-03-15 05:04:41,618][root][INFO] - Epoch: 298 | Loss: 0.0005 | Val - MRR: 0.4714, MR: 3662.35, H@1: 0.432, H@3: 0.491, H@10: 0.540 | Test - MRR: 0.4691 | *
[2026-03-15 05:05:45,756][root][INFO] - Epoch: 299 | Loss: 0.0005 | Val - MRR: 0.4704, MR: 3705.86, H@1: 0.431, H@3: 0.489, H@10: 0.540 | 
[2026-03-15 05:06:50,523][root][INFO] - Epoch: 300 | Loss: 0.0005 | Val - MRR: 0.4701, MR: 3672.91, H@1: 0.431, H@3: 0.490, H@10: 0.539 | 
[2026-03-15 05:07:54,950][root][INFO] - Epoch: 301 | Loss: 0.0005 | Val - MRR: 0.4697, MR: 3699.07, H@1: 0.429, H@3: 0.490, H@10: 0.539 | 
[2026-03-15 05:08:59,948][root][INFO] - Epoch: 302 | Loss: 0.0005 | Val - MRR: 0.4710, MR: 3699.61, H@1: 0.432, H@3: 0.490, H@10: 0.539 | 
[2026-03-15 05:10:04,496][root][INFO] - Epoch: 303 | Loss: 0.0005 | Val - MRR: 0.4703, MR: 3674.26, H@1: 0.431, H@3: 0.488, H@10: 0.540 | 
[2026-03-15 05:11:09,469][root][INFO] - Epoch: 304 | Loss: 0.0005 | Val - MRR: 0.4707, MR: 3694.52, H@1: 0.432, H@3: 0.490, H@10: 0.539 | 
[2026-03-15 05:12:13,418][root][INFO] - Epoch: 305 | Loss: 0.0005 | Val - MRR: 0.4708, MR: 3688.41, H@1: 0.432, H@3: 0.490, H@10: 0.538 | 
[2026-03-15 05:13:18,030][root][INFO] - Epoch: 306 | Loss: 0.0005 | Val - MRR: 0.4698, MR: 3694.66, H@1: 0.430, H@3: 0.489, H@10: 0.540 | 
[2026-03-15 05:14:22,530][root][INFO] - Epoch: 307 | Loss: 0.0005 | Val - MRR: 0.4704, MR: 3691.35, H@1: 0.432, H@3: 0.489, H@10: 0.540 | 
[2026-03-15 05:15:27,561][root][INFO] - Epoch: 308 | Loss: 0.0005 | Val - MRR: 0.4701, MR: 3718.45, H@1: 0.432, H@3: 0.489, H@10: 0.540 | 
[2026-03-15 05:16:31,466][root][INFO] - Epoch: 309 | Loss: 0.0005 | Val - MRR: 0.4698, MR: 3736.88, H@1: 0.430, H@3: 0.490, H@10: 0.539 | 
[2026-03-15 05:17:36,423][root][INFO] - Epoch: 310 | Loss: 0.0005 | Val - MRR: 0.4709, MR: 3708.95, H@1: 0.432, H@3: 0.491, H@10: 0.539 | 
[2026-03-15 05:18:41,358][root][INFO] - Epoch: 311 | Loss: 0.0005 | Val - MRR: 0.4699, MR: 3708.94, H@1: 0.431, H@3: 0.489, H@10: 0.541 | 
[2026-03-15 05:19:46,017][root][INFO] - Epoch: 312 | Loss: 0.0005 | Val - MRR: 0.4700, MR: 3735.73, H@1: 0.432, H@3: 0.489, H@10: 0.539 | 
[2026-03-15 05:20:50,989][root][INFO] - Epoch: 313 | Loss: 0.0005 | Val - MRR: 0.4707, MR: 3711.08, H@1: 0.431, H@3: 0.490, H@10: 0.540 | 
[2026-03-15 05:21:55,928][root][INFO] - Epoch: 314 | Loss: 0.0005 | Val - MRR: 0.4699, MR: 3703.95, H@1: 0.430, H@3: 0.490, H@10: 0.541 | 
[2026-03-15 05:23:01,254][root][INFO] - Epoch: 315 | Loss: 0.0005 | Val - MRR: 0.4711, MR: 3724.67, H@1: 0.433, H@3: 0.488, H@10: 0.541 | 
[2026-03-15 05:24:05,192][root][INFO] - Epoch: 316 | Loss: 0.0005 | Val - MRR: 0.4697, MR: 3749.72, H@1: 0.431, H@3: 0.487, H@10: 0.540 | 
[2026-03-15 05:25:09,510][root][INFO] - Epoch: 317 | Loss: 0.0005 | Val - MRR: 0.4698, MR: 3751.50, H@1: 0.431, H@3: 0.486, H@10: 0.537 | 
[2026-03-15 05:26:14,722][root][INFO] - Epoch: 318 | Loss: 0.0005 | Val - MRR: 0.4709, MR: 3739.53, H@1: 0.433, H@3: 0.486, H@10: 0.539 | 
[2026-03-15 05:27:19,515][root][INFO] - Epoch: 319 | Loss: 0.0005 | Val - MRR: 0.4712, MR: 3759.50, H@1: 0.433, H@3: 0.489, H@10: 0.539 | 
[2026-03-15 05:28:24,505][root][INFO] - Epoch: 320 | Loss: 0.0005 | Val - MRR: 0.4708, MR: 3737.66, H@1: 0.432, H@3: 0.490, H@10: 0.541 | 
[2026-03-15 05:29:35,991][root][INFO] - Epoch: 321 | Loss: 0.0005 | Val - MRR: 0.4718, MR: 3717.48, H@1: 0.434, H@3: 0.489, H@10: 0.537 | Test - MRR: 0.4714 | *
[2026-03-15 05:30:40,824][root][INFO] - Epoch: 322 | Loss: 0.0005 | Val - MRR: 0.4710, MR: 3738.74, H@1: 0.432, H@3: 0.490, H@10: 0.538 | 
[2026-03-15 05:31:45,295][root][INFO] - Epoch: 323 | Loss: 0.0005 | Val - MRR: 0.4714, MR: 3728.70, H@1: 0.433, H@3: 0.489, H@10: 0.539 | 
[2026-03-15 05:32:56,337][root][INFO] - Epoch: 324 | Loss: 0.0005 | Val - MRR: 0.4724, MR: 3729.52, H@1: 0.435, H@3: 0.490, H@10: 0.541 | Test - MRR: 0.4711 | *
[2026-03-15 05:34:01,137][root][INFO] - Epoch: 325 | Loss: 0.0005 | Val - MRR: 0.4717, MR: 3691.82, H@1: 0.433, H@3: 0.489, H@10: 0.539 | 
[2026-03-15 05:35:06,021][root][INFO] - Epoch: 326 | Loss: 0.0005 | Val - MRR: 0.4715, MR: 3722.26, H@1: 0.434, H@3: 0.489, H@10: 0.538 | 
[2026-03-15 05:36:10,127][root][INFO] - Epoch: 327 | Loss: 0.0005 | Val - MRR: 0.4706, MR: 3708.22, H@1: 0.432, H@3: 0.489, H@10: 0.539 | 
[2026-03-15 05:37:14,826][root][INFO] - Epoch: 328 | Loss: 0.0005 | Val - MRR: 0.4707, MR: 3713.39, H@1: 0.431, H@3: 0.488, H@10: 0.540 | 
[2026-03-15 05:38:19,420][root][INFO] - Epoch: 329 | Loss: 0.0005 | Val - MRR: 0.4703, MR: 3712.57, H@1: 0.431, H@3: 0.490, H@10: 0.538 | 
[2026-03-15 05:39:23,764][root][INFO] - Epoch: 330 | Loss: 0.0005 | Val - MRR: 0.4698, MR: 3742.77, H@1: 0.431, H@3: 0.488, H@10: 0.541 | 
[2026-03-15 05:40:28,379][root][INFO] - Epoch: 331 | Loss: 0.0005 | Val - MRR: 0.4702, MR: 3714.96, H@1: 0.431, H@3: 0.488, H@10: 0.538 | 
[2026-03-15 05:41:33,511][root][INFO] - Epoch: 332 | Loss: 0.0005 | Val - MRR: 0.4702, MR: 3728.45, H@1: 0.431, H@3: 0.488, H@10: 0.540 | 
[2026-03-15 05:42:37,839][root][INFO] - Epoch: 333 | Loss: 0.0005 | Val - MRR: 0.4705, MR: 3726.71, H@1: 0.432, H@3: 0.489, H@10: 0.541 | 
[2026-03-15 05:43:43,498][root][INFO] - Epoch: 334 | Loss: 0.0005 | Val - MRR: 0.4702, MR: 3754.21, H@1: 0.430, H@3: 0.490, H@10: 0.539 | 
[2026-03-15 05:44:48,318][root][INFO] - Epoch: 335 | Loss: 0.0005 | Val - MRR: 0.4712, MR: 3716.46, H@1: 0.431, H@3: 0.490, H@10: 0.541 | 
[2026-03-15 05:45:52,886][root][INFO] - Epoch: 336 | Loss: 0.0005 | Val - MRR: 0.4709, MR: 3720.22, H@1: 0.431, H@3: 0.490, H@10: 0.541 | 
[2026-03-15 05:46:57,461][root][INFO] - Epoch: 337 | Loss: 0.0005 | Val - MRR: 0.4712, MR: 3741.53, H@1: 0.433, H@3: 0.488, H@10: 0.541 | 
[2026-03-15 05:48:01,971][root][INFO] - Epoch: 338 | Loss: 0.0005 | Val - MRR: 0.4715, MR: 3710.36, H@1: 0.433, H@3: 0.489, H@10: 0.540 | 
[2026-03-15 05:49:06,168][root][INFO] - Epoch: 339 | Loss: 0.0005 | Val - MRR: 0.4716, MR: 3722.87, H@1: 0.433, H@3: 0.489, H@10: 0.538 | 
[2026-03-15 05:50:10,611][root][INFO] - Epoch: 340 | Loss: 0.0005 | Val - MRR: 0.4710, MR: 3725.95, H@1: 0.431, H@3: 0.489, H@10: 0.538 | 
[2026-03-15 05:51:14,709][root][INFO] - Epoch: 341 | Loss: 0.0005 | Val - MRR: 0.4706, MR: 3699.79, H@1: 0.431, H@3: 0.490, H@10: 0.539 | 
[2026-03-15 05:52:19,531][root][INFO] - Epoch: 342 | Loss: 0.0005 | Val - MRR: 0.4714, MR: 3690.57, H@1: 0.432, H@3: 0.489, H@10: 0.539 | 
[2026-03-15 05:53:24,657][root][INFO] - Epoch: 343 | Loss: 0.0005 | Val - MRR: 0.4722, MR: 3736.25, H@1: 0.434, H@3: 0.489, H@10: 0.541 | 
[2026-03-15 05:54:28,238][root][INFO] - Epoch: 344 | Loss: 0.0005 | Val - MRR: 0.4717, MR: 3710.27, H@1: 0.433, H@3: 0.489, H@10: 0.540 | 
[2026-03-15 05:55:33,568][root][INFO] - Epoch: 345 | Loss: 0.0005 | Val - MRR: 0.4722, MR: 3744.71, H@1: 0.434, H@3: 0.490, H@10: 0.537 | 
[2026-03-15 05:56:37,677][root][INFO] - Epoch: 346 | Loss: 0.0005 | Val - MRR: 0.4718, MR: 3744.42, H@1: 0.433, H@3: 0.490, H@10: 0.540 | 
[2026-03-15 05:57:42,302][root][INFO] - Epoch: 347 | Loss: 0.0005 | Val - MRR: 0.4713, MR: 3749.89, H@1: 0.432, H@3: 0.488, H@10: 0.541 | 
[2026-03-15 05:58:47,673][root][INFO] - Epoch: 348 | Loss: 0.0005 | Val - MRR: 0.4723, MR: 3701.16, H@1: 0.434, H@3: 0.490, H@10: 0.539 | 
[2026-03-15 05:59:58,780][root][INFO] - Epoch: 349 | Loss: 0.0005 | Val - MRR: 0.4729, MR: 3707.12, H@1: 0.435, H@3: 0.490, H@10: 0.540 | Test - MRR: 0.4724 | *
[2026-03-15 06:01:03,780][root][INFO] - Epoch: 350 | Loss: 0.0005 | Val - MRR: 0.4724, MR: 3723.28, H@1: 0.434, H@3: 0.489, H@10: 0.540 | 
[2026-03-15 06:02:09,128][root][INFO] - Epoch: 351 | Loss: 0.0005 | Val - MRR: 0.4717, MR: 3720.94, H@1: 0.433, H@3: 0.489, H@10: 0.539 | 
[2026-03-15 06:03:14,298][root][INFO] - Epoch: 352 | Loss: 0.0005 | Val - MRR: 0.4722, MR: 3721.17, H@1: 0.433, H@3: 0.491, H@10: 0.541 | 
[2026-03-15 06:04:27,339][root][INFO] - Epoch: 353 | Loss: 0.0005 | Val - MRR: 0.4731, MR: 3728.48, H@1: 0.435, H@3: 0.491, H@10: 0.540 | Test - MRR: 0.4719 | *
[2026-03-15 06:05:32,152][root][INFO] - Epoch: 354 | Loss: 0.0005 | Val - MRR: 0.4721, MR: 3713.29, H@1: 0.434, H@3: 0.489, H@10: 0.539 | 
[2026-03-15 06:06:35,757][root][INFO] - Epoch: 355 | Loss: 0.0005 | Val - MRR: 0.4724, MR: 3719.85, H@1: 0.434, H@3: 0.491, H@10: 0.541 | 
[2026-03-15 06:07:40,904][root][INFO] - Epoch: 356 | Loss: 0.0005 | Val - MRR: 0.4719, MR: 3723.88, H@1: 0.434, H@3: 0.488, H@10: 0.541 | 
[2026-03-15 06:08:45,372][root][INFO] - Epoch: 357 | Loss: 0.0005 | Val - MRR: 0.4725, MR: 3750.40, H@1: 0.434, H@3: 0.489, H@10: 0.542 | 
[2026-03-15 06:09:50,327][root][INFO] - Epoch: 358 | Loss: 0.0005 | Val - MRR: 0.4720, MR: 3765.58, H@1: 0.434, H@3: 0.488, H@10: 0.541 | 
[2026-03-15 06:10:56,360][root][INFO] - Epoch: 359 | Loss: 0.0004 | Val - MRR: 0.4729, MR: 3730.52, H@1: 0.435, H@3: 0.489, H@10: 0.542 | 
[2026-03-15 06:12:00,513][root][INFO] - Epoch: 360 | Loss: 0.0005 | Val - MRR: 0.4730, MR: 3741.66, H@1: 0.435, H@3: 0.490, H@10: 0.542 | 
[2026-03-15 06:13:05,905][root][INFO] - Epoch: 361 | Loss: 0.0005 | Val - MRR: 0.4717, MR: 3779.94, H@1: 0.433, H@3: 0.490, H@10: 0.542 | 
[2026-03-15 06:14:10,049][root][INFO] - Epoch: 362 | Loss: 0.0004 | Val - MRR: 0.4720, MR: 3762.07, H@1: 0.434, H@3: 0.489, H@10: 0.542 | 
[2026-03-15 06:15:22,488][root][INFO] - Epoch: 363 | Loss: 0.0005 | Val - MRR: 0.4733, MR: 3746.75, H@1: 0.435, H@3: 0.490, H@10: 0.543 | Test - MRR: 0.4728 | *
[2026-03-15 06:16:42,463][root][INFO] - Epoch: 364 | Loss: 0.0005 | Val - MRR: 0.4730, MR: 3713.15, H@1: 0.435, H@3: 0.490, H@10: 0.543 | 
[2026-03-15 06:17:56,832][root][INFO] - Epoch: 365 | Loss: 0.0005 | Val - MRR: 0.4732, MR: 3772.14, H@1: 0.436, H@3: 0.490, H@10: 0.541 | 
[2026-03-15 06:19:23,906][root][INFO] - Epoch: 366 | Loss: 0.0005 | Val - MRR: 0.4737, MR: 3749.55, H@1: 0.437, H@3: 0.490, H@10: 0.542 | Test - MRR: 0.4721 | *
[2026-03-15 06:20:42,919][root][INFO] - Epoch: 367 | Loss: 0.0004 | Val - MRR: 0.4722, MR: 3764.89, H@1: 0.434, H@3: 0.489, H@10: 0.541 | 
[2026-03-15 06:21:48,169][root][INFO] - Epoch: 368 | Loss: 0.0004 | Val - MRR: 0.4726, MR: 3759.99, H@1: 0.434, H@3: 0.490, H@10: 0.541 | 
[2026-03-15 06:22:53,616][root][INFO] - Epoch: 369 | Loss: 0.0004 | Val - MRR: 0.4726, MR: 3754.42, H@1: 0.434, H@3: 0.491, H@10: 0.543 | 
[2026-03-15 06:23:58,790][root][INFO] - Epoch: 370 | Loss: 0.0004 | Val - MRR: 0.4731, MR: 3766.58, H@1: 0.435, H@3: 0.490, H@10: 0.541 | 
[2026-03-15 06:25:03,394][root][INFO] - Epoch: 371 | Loss: 0.0004 | Val - MRR: 0.4734, MR: 3768.42, H@1: 0.435, H@3: 0.491, H@10: 0.541 | 
[2026-03-15 06:26:08,577][root][INFO] - Epoch: 372 | Loss: 0.0004 | Val - MRR: 0.4730, MR: 3755.13, H@1: 0.435, H@3: 0.491, H@10: 0.539 | 
[2026-03-15 06:27:21,094][root][INFO] - Epoch: 373 | Loss: 0.0004 | Val - MRR: 0.4746, MR: 3784.96, H@1: 0.438, H@3: 0.492, H@10: 0.540 | Test - MRR: 0.4734 | *
[2026-03-15 06:28:26,216][root][INFO] - Epoch: 374 | Loss: 0.0004 | Val - MRR: 0.4734, MR: 3771.10, H@1: 0.435, H@3: 0.492, H@10: 0.539 | 
[2026-03-15 06:29:44,032][root][INFO] - Epoch: 375 | Loss: 0.0004 | Val - MRR: 0.4746, MR: 3752.94, H@1: 0.437, H@3: 0.491, H@10: 0.542 | 
[2026-03-15 06:30:58,111][root][INFO] - Epoch: 376 | Loss: 0.0004 | Val - MRR: 0.4748, MR: 3753.58, H@1: 0.438, H@3: 0.491, H@10: 0.542 | Test - MRR: 0.4735 | *
[2026-03-15 06:32:04,639][root][INFO] - Epoch: 377 | Loss: 0.0004 | Val - MRR: 0.4736, MR: 3765.31, H@1: 0.435, H@3: 0.491, H@10: 0.540 | 
[2026-03-15 06:33:09,720][root][INFO] - Epoch: 378 | Loss: 0.0004 | Val - MRR: 0.4746, MR: 3725.22, H@1: 0.437, H@3: 0.492, H@10: 0.542 | 
[2026-03-15 06:34:14,136][root][INFO] - Epoch: 379 | Loss: 0.0004 | Val - MRR: 0.4732, MR: 3769.27, H@1: 0.434, H@3: 0.491, H@10: 0.544 | 
[2026-03-15 06:35:18,827][root][INFO] - Epoch: 380 | Loss: 0.0004 | Val - MRR: 0.4736, MR: 3770.39, H@1: 0.435, H@3: 0.492, H@10: 0.544 | 
[2026-03-15 06:36:24,528][root][INFO] - Epoch: 381 | Loss: 0.0004 | Val - MRR: 0.4715, MR: 3778.53, H@1: 0.432, H@3: 0.489, H@10: 0.542 | 
[2026-03-15 06:37:44,731][root][INFO] - Epoch: 382 | Loss: 0.0004 | Val - MRR: 0.4738, MR: 3777.33, H@1: 0.436, H@3: 0.490, H@10: 0.541 | 
[2026-03-15 06:38:51,367][root][INFO] - Epoch: 383 | Loss: 0.0004 | Val - MRR: 0.4722, MR: 3758.94, H@1: 0.433, H@3: 0.490, H@10: 0.543 | 
[2026-03-15 06:39:57,789][root][INFO] - Epoch: 384 | Loss: 0.0004 | Val - MRR: 0.4733, MR: 3740.93, H@1: 0.435, H@3: 0.490, H@10: 0.544 | 
[2026-03-15 06:41:02,770][root][INFO] - Epoch: 385 | Loss: 0.0004 | Val - MRR: 0.4733, MR: 3762.37, H@1: 0.435, H@3: 0.490, H@10: 0.544 | 
[2026-03-15 06:42:07,554][root][INFO] - Epoch: 386 | Loss: 0.0004 | Val - MRR: 0.4725, MR: 3762.80, H@1: 0.433, H@3: 0.490, H@10: 0.544 | 
[2026-03-15 06:43:24,289][root][INFO] - Epoch: 387 | Loss: 0.0004 | Val - MRR: 0.4723, MR: 3751.85, H@1: 0.432, H@3: 0.490, H@10: 0.543 | 
[2026-03-15 06:44:31,654][root][INFO] - Epoch: 388 | Loss: 0.0004 | Val - MRR: 0.4725, MR: 3760.47, H@1: 0.433, H@3: 0.491, H@10: 0.543 | 
[2026-03-15 06:45:38,059][root][INFO] - Epoch: 389 | Loss: 0.0004 | Val - MRR: 0.4722, MR: 3729.04, H@1: 0.433, H@3: 0.490, H@10: 0.543 | 
[2026-03-15 06:46:55,183][root][INFO] - Epoch: 390 | Loss: 0.0004 | Val - MRR: 0.4734, MR: 3714.95, H@1: 0.435, H@3: 0.491, H@10: 0.542 | 
[2026-03-15 06:48:11,026][root][INFO] - Epoch: 391 | Loss: 0.0004 | Val - MRR: 0.4724, MR: 3761.56, H@1: 0.434, H@3: 0.488, H@10: 0.544 | 
[2026-03-15 06:49:15,692][root][INFO] - Epoch: 392 | Loss: 0.0004 | Val - MRR: 0.4724, MR: 3744.78, H@1: 0.434, H@3: 0.489, H@10: 0.542 | 
[2026-03-15 06:50:21,400][root][INFO] - Epoch: 393 | Loss: 0.0004 | Val - MRR: 0.4743, MR: 3734.04, H@1: 0.436, H@3: 0.491, H@10: 0.543 | 
[2026-03-15 06:51:26,614][root][INFO] - Epoch: 394 | Loss: 0.0004 | Val - MRR: 0.4742, MR: 3741.23, H@1: 0.436, H@3: 0.491, H@10: 0.544 | 
[2026-03-15 06:52:31,832][root][INFO] - Epoch: 395 | Loss: 0.0004 | Val - MRR: 0.4735, MR: 3758.61, H@1: 0.435, H@3: 0.490, H@10: 0.542 | 
[2026-03-15 06:53:37,252][root][INFO] - Epoch: 396 | Loss: 0.0004 | Val - MRR: 0.4731, MR: 3766.43, H@1: 0.434, H@3: 0.491, H@10: 0.541 | 
[2026-03-15 06:54:41,804][root][INFO] - Epoch: 397 | Loss: 0.0004 | Val - MRR: 0.4737, MR: 3735.44, H@1: 0.435, H@3: 0.491, H@10: 0.544 | 
[2026-03-15 06:55:45,834][root][INFO] - Epoch: 398 | Loss: 0.0004 | Val - MRR: 0.4732, MR: 3740.03, H@1: 0.434, H@3: 0.492, H@10: 0.541 | 
[2026-03-15 06:56:50,974][root][INFO] - Epoch: 399 | Loss: 0.0004 | Val - MRR: 0.4737, MR: 3721.73, H@1: 0.435, H@3: 0.492, H@10: 0.543 | 
[2026-03-15 06:57:54,836][root][INFO] - Epoch: 400 | Loss: 0.0004 | Val - MRR: 0.4736, MR: 3739.63, H@1: 0.435, H@3: 0.492, H@10: 0.545 | 
[2026-03-15 06:58:59,246][root][INFO] - Epoch: 401 | Loss: 0.0004 | Val - MRR: 0.4731, MR: 3726.48, H@1: 0.434, H@3: 0.492, H@10: 0.543 | 
[2026-03-15 07:00:17,639][root][INFO] - Epoch: 402 | Loss: 0.0004 | Val - MRR: 0.4742, MR: 3707.77, H@1: 0.436, H@3: 0.492, H@10: 0.543 | 
[2026-03-15 07:01:24,724][root][INFO] - Epoch: 403 | Loss: 0.0004 | Val - MRR: 0.4734, MR: 3720.99, H@1: 0.435, H@3: 0.492, H@10: 0.542 | 
[2026-03-15 07:02:31,677][root][INFO] - Epoch: 404 | Loss: 0.0004 | Val - MRR: 0.4745, MR: 3698.80, H@1: 0.437, H@3: 0.491, H@10: 0.543 | 
[2026-03-15 07:03:35,612][root][INFO] - Epoch: 405 | Loss: 0.0004 | Val - MRR: 0.4742, MR: 3697.96, H@1: 0.437, H@3: 0.489, H@10: 0.542 | 
[2026-03-15 07:04:48,404][root][INFO] - Epoch: 406 | Loss: 0.0004 | Val - MRR: 0.4726, MR: 3718.72, H@1: 0.434, H@3: 0.490, H@10: 0.543 | 
[2026-03-15 07:06:30,332][root][INFO] - Epoch: 407 | Loss: 0.0004 | Val - MRR: 0.4745, MR: 3724.35, H@1: 0.437, H@3: 0.491, H@10: 0.543 | 
[2026-03-15 07:07:36,224][root][INFO] - Epoch: 408 | Loss: 0.0004 | Val - MRR: 0.4742, MR: 3729.56, H@1: 0.436, H@3: 0.491, H@10: 0.541 | 
[2026-03-15 07:08:43,007][root][INFO] - Epoch: 409 | Loss: 0.0004 | Val - MRR: 0.4736, MR: 3706.21, H@1: 0.435, H@3: 0.490, H@10: 0.545 | 
[2026-03-15 07:09:48,866][root][INFO] - Epoch: 410 | Loss: 0.0004 | Val - MRR: 0.4734, MR: 3715.60, H@1: 0.435, H@3: 0.490, H@10: 0.543 | 
[2026-03-15 07:10:53,750][root][INFO] - Epoch: 411 | Loss: 0.0004 | Val - MRR: 0.4736, MR: 3691.35, H@1: 0.435, H@3: 0.491, H@10: 0.544 | 
[2026-03-15 07:12:29,156][root][INFO] - Epoch: 412 | Loss: 0.0004 | Val - MRR: 0.4729, MR: 3710.38, H@1: 0.434, H@3: 0.491, H@10: 0.544 | 
[2026-03-15 07:13:34,114][root][INFO] - Epoch: 413 | Loss: 0.0004 | Val - MRR: 0.4739, MR: 3699.67, H@1: 0.436, H@3: 0.490, H@10: 0.543 | 
[2026-03-15 07:14:38,917][root][INFO] - Epoch: 414 | Loss: 0.0004 | Val - MRR: 0.4729, MR: 3726.30, H@1: 0.434, H@3: 0.490, H@10: 0.543 | 
[2026-03-15 07:15:51,104][root][INFO] - Epoch: 415 | Loss: 0.0004 | Val - MRR: 0.4748, MR: 3718.98, H@1: 0.438, H@3: 0.490, H@10: 0.542 | Test - MRR: 0.4738 | *
[2026-03-15 07:16:55,570][root][INFO] - Epoch: 416 | Loss: 0.0004 | Val - MRR: 0.4734, MR: 3690.08, H@1: 0.435, H@3: 0.491, H@10: 0.543 | 
[2026-03-15 07:18:10,610][root][INFO] - Epoch: 417 | Loss: 0.0004 | Val - MRR: 0.4755, MR: 3696.80, H@1: 0.438, H@3: 0.491, H@10: 0.544 | Test - MRR: 0.4744 | *
[2026-03-15 07:19:16,321][root][INFO] - Epoch: 418 | Loss: 0.0004 | Val - MRR: 0.4742, MR: 3709.99, H@1: 0.436, H@3: 0.492, H@10: 0.544 | 
[2026-03-15 07:20:21,777][root][INFO] - Epoch: 419 | Loss: 0.0004 | Val - MRR: 0.4732, MR: 3723.71, H@1: 0.434, H@3: 0.492, H@10: 0.543 | 
[2026-03-15 07:21:26,747][root][INFO] - Epoch: 420 | Loss: 0.0004 | Val - MRR: 0.4745, MR: 3709.91, H@1: 0.436, H@3: 0.491, H@10: 0.543 | 
[2026-03-15 07:22:32,436][root][INFO] - Epoch: 421 | Loss: 0.0004 | Val - MRR: 0.4749, MR: 3704.86, H@1: 0.437, H@3: 0.490, H@10: 0.545 | 
[2026-03-15 07:23:38,736][root][INFO] - Epoch: 422 | Loss: 0.0004 | Val - MRR: 0.4746, MR: 3713.18, H@1: 0.436, H@3: 0.491, H@10: 0.544 | 
[2026-03-15 07:24:46,334][root][INFO] - Epoch: 423 | Loss: 0.0004 | Val - MRR: 0.4738, MR: 3731.09, H@1: 0.435, H@3: 0.489, H@10: 0.543 | 
[2026-03-15 07:25:51,974][root][INFO] - Epoch: 424 | Loss: 0.0004 | Val - MRR: 0.4744, MR: 3705.84, H@1: 0.436, H@3: 0.491, H@10: 0.544 | 
[2026-03-15 07:26:56,907][root][INFO] - Epoch: 425 | Loss: 0.0004 | Val - MRR: 0.4739, MR: 3726.21, H@1: 0.435, H@3: 0.491, H@10: 0.545 | 
[2026-03-15 07:28:01,221][root][INFO] - Epoch: 426 | Loss: 0.0004 | Val - MRR: 0.4745, MR: 3722.33, H@1: 0.436, H@3: 0.491, H@10: 0.544 | 
[2026-03-15 07:29:06,718][root][INFO] - Epoch: 427 | Loss: 0.0004 | Val - MRR: 0.4747, MR: 3726.49, H@1: 0.437, H@3: 0.491, H@10: 0.542 | 
[2026-03-15 07:30:11,976][root][INFO] - Epoch: 428 | Loss: 0.0004 | Val - MRR: 0.4745, MR: 3724.71, H@1: 0.436, H@3: 0.492, H@10: 0.545 | 
[2026-03-15 07:31:15,842][root][INFO] - Epoch: 429 | Loss: 0.0004 | Val - MRR: 0.4745, MR: 3730.83, H@1: 0.436, H@3: 0.491, H@10: 0.544 | 
[2026-03-15 07:32:28,034][root][INFO] - Epoch: 430 | Loss: 0.0004 | Val - MRR: 0.4760, MR: 3737.98, H@1: 0.438, H@3: 0.494, H@10: 0.545 | Test - MRR: 0.4753 | *
[2026-03-15 07:33:33,056][root][INFO] - Epoch: 431 | Loss: 0.0004 | Val - MRR: 0.4744, MR: 3717.53, H@1: 0.436, H@3: 0.491, H@10: 0.543 | 
[2026-03-15 07:34:38,769][root][INFO] - Epoch: 432 | Loss: 0.0004 | Val - MRR: 0.4748, MR: 3736.77, H@1: 0.437, H@3: 0.493, H@10: 0.544 | 
[2026-03-15 07:35:43,833][root][INFO] - Epoch: 433 | Loss: 0.0004 | Val - MRR: 0.4741, MR: 3737.90, H@1: 0.436, H@3: 0.491, H@10: 0.543 | 
[2026-03-15 07:36:49,244][root][INFO] - Epoch: 434 | Loss: 0.0004 | Val - MRR: 0.4746, MR: 3742.36, H@1: 0.436, H@3: 0.492, H@10: 0.545 | 
[2026-03-15 07:37:54,317][root][INFO] - Epoch: 435 | Loss: 0.0004 | Val - MRR: 0.4743, MR: 3722.36, H@1: 0.436, H@3: 0.490, H@10: 0.544 | 
[2026-03-15 07:39:00,043][root][INFO] - Epoch: 436 | Loss: 0.0004 | Val - MRR: 0.4749, MR: 3697.22, H@1: 0.436, H@3: 0.493, H@10: 0.543 | 
[2026-03-15 07:40:06,442][root][INFO] - Epoch: 437 | Loss: 0.0004 | Val - MRR: 0.4741, MR: 3738.03, H@1: 0.436, H@3: 0.491, H@10: 0.545 | 
[2026-03-15 07:41:12,073][root][INFO] - Epoch: 438 | Loss: 0.0004 | Val - MRR: 0.4742, MR: 3714.53, H@1: 0.435, H@3: 0.493, H@10: 0.546 | 
[2026-03-15 07:42:16,837][root][INFO] - Epoch: 439 | Loss: 0.0004 | Val - MRR: 0.4745, MR: 3730.74, H@1: 0.436, H@3: 0.492, H@10: 0.544 | 
[2026-03-15 07:43:23,653][root][INFO] - Epoch: 440 | Loss: 0.0004 | Val - MRR: 0.4738, MR: 3724.79, H@1: 0.435, H@3: 0.492, H@10: 0.544 | 
[2026-03-15 07:44:40,323][root][INFO] - Epoch: 441 | Loss: 0.0004 | Val - MRR: 0.4754, MR: 3717.00, H@1: 0.438, H@3: 0.492, H@10: 0.545 | 
[2026-03-15 07:45:48,886][root][INFO] - Epoch: 442 | Loss: 0.0004 | Val - MRR: 0.4754, MR: 3703.14, H@1: 0.437, H@3: 0.493, H@10: 0.545 | 
[2026-03-15 07:46:55,407][root][INFO] - Epoch: 443 | Loss: 0.0004 | Val - MRR: 0.4756, MR: 3720.10, H@1: 0.438, H@3: 0.493, H@10: 0.546 | 
[2026-03-15 07:48:02,305][root][INFO] - Epoch: 444 | Loss: 0.0004 | Val - MRR: 0.4751, MR: 3738.13, H@1: 0.436, H@3: 0.493, H@10: 0.546 | 
[2026-03-15 07:49:06,529][root][INFO] - Epoch: 445 | Loss: 0.0004 | Val - MRR: 0.4751, MR: 3729.76, H@1: 0.437, H@3: 0.494, H@10: 0.544 | 
[2026-03-15 07:50:11,375][root][INFO] - Epoch: 446 | Loss: 0.0004 | Val - MRR: 0.4758, MR: 3711.03, H@1: 0.438, H@3: 0.492, H@10: 0.546 | 
[2026-03-15 07:51:15,486][root][INFO] - Epoch: 447 | Loss: 0.0004 | Val - MRR: 0.4747, MR: 3701.73, H@1: 0.436, H@3: 0.492, H@10: 0.545 | 
[2026-03-15 07:52:19,863][root][INFO] - Epoch: 448 | Loss: 0.0004 | Val - MRR: 0.4751, MR: 3717.87, H@1: 0.437, H@3: 0.492, H@10: 0.546 | 
[2026-03-15 07:53:24,356][root][INFO] - Epoch: 449 | Loss: 0.0004 | Val - MRR: 0.4748, MR: 3728.45, H@1: 0.436, H@3: 0.492, H@10: 0.545 | 
[2026-03-15 07:54:29,300][root][INFO] - Epoch: 450 | Loss: 0.0004 | Val - MRR: 0.4754, MR: 3733.68, H@1: 0.437, H@3: 0.492, H@10: 0.544 | 
[2026-03-15 07:55:34,664][root][INFO] - Epoch: 451 | Loss: 0.0004 | Val - MRR: 0.4747, MR: 3734.51, H@1: 0.436, H@3: 0.491, H@10: 0.544 | 
[2026-03-15 07:56:38,287][root][INFO] - Epoch: 452 | Loss: 0.0004 | Val - MRR: 0.4746, MR: 3763.50, H@1: 0.436, H@3: 0.492, H@10: 0.545 | 
[2026-03-15 07:57:43,505][root][INFO] - Epoch: 453 | Loss: 0.0004 | Val - MRR: 0.4742, MR: 3733.86, H@1: 0.435, H@3: 0.491, H@10: 0.544 | 
[2026-03-15 07:58:47,075][root][INFO] - Epoch: 454 | Loss: 0.0004 | Val - MRR: 0.4756, MR: 3713.81, H@1: 0.438, H@3: 0.493, H@10: 0.544 | 
[2026-03-15 07:59:50,784][root][INFO] - Epoch: 455 | Loss: 0.0004 | Val - MRR: 0.4746, MR: 3727.23, H@1: 0.436, H@3: 0.493, H@10: 0.544 | 
[2026-03-15 08:00:54,665][root][INFO] - Epoch: 456 | Loss: 0.0004 | Val - MRR: 0.4756, MR: 3728.69, H@1: 0.438, H@3: 0.492, H@10: 0.542 | 
[2026-03-15 08:01:58,489][root][INFO] - Epoch: 457 | Loss: 0.0004 | Val - MRR: 0.4751, MR: 3722.23, H@1: 0.437, H@3: 0.491, H@10: 0.543 | 
[2026-03-15 08:03:03,203][root][INFO] - Epoch: 458 | Loss: 0.0004 | Val - MRR: 0.4748, MR: 3731.89, H@1: 0.436, H@3: 0.493, H@10: 0.544 | 
[2026-03-15 08:04:08,380][root][INFO] - Epoch: 459 | Loss: 0.0004 | Val - MRR: 0.4750, MR: 3722.14, H@1: 0.437, H@3: 0.492, H@10: 0.544 | 
[2026-03-15 08:05:13,295][root][INFO] - Epoch: 460 | Loss: 0.0004 | Val - MRR: 0.4738, MR: 3742.80, H@1: 0.435, H@3: 0.490, H@10: 0.543 | 
[2026-03-15 08:06:26,388][root][INFO] - Epoch: 461 | Loss: 0.0004 | Val - MRR: 0.4743, MR: 3757.60, H@1: 0.436, H@3: 0.490, H@10: 0.543 | 
[2026-03-15 08:07:31,731][root][INFO] - Epoch: 462 | Loss: 0.0004 | Val - MRR: 0.4745, MR: 3744.04, H@1: 0.436, H@3: 0.491, H@10: 0.544 | 
[2026-03-15 08:08:36,080][root][INFO] - Epoch: 463 | Loss: 0.0004 | Val - MRR: 0.4753, MR: 3755.43, H@1: 0.437, H@3: 0.494, H@10: 0.545 | 
[2026-03-15 08:09:41,214][root][INFO] - Epoch: 464 | Loss: 0.0004 | Val - MRR: 0.4757, MR: 3741.62, H@1: 0.437, H@3: 0.494, H@10: 0.547 | 
[2026-03-15 08:10:45,864][root][INFO] - Epoch: 465 | Loss: 0.0004 | Val - MRR: 0.4758, MR: 3763.53, H@1: 0.437, H@3: 0.493, H@10: 0.544 | 
[2026-03-15 08:12:09,667][root][INFO] - Epoch: 466 | Loss: 0.0004 | Val - MRR: 0.4761, MR: 3735.60, H@1: 0.438, H@3: 0.493, H@10: 0.546 | Test - MRR: 0.4749 | *
[2026-03-15 08:13:16,996][root][INFO] - Epoch: 467 | Loss: 0.0004 | Val - MRR: 0.4753, MR: 3739.00, H@1: 0.436, H@3: 0.493, H@10: 0.547 | 
[2026-03-15 08:14:27,137][root][INFO] - Epoch: 468 | Loss: 0.0004 | Val - MRR: 0.4760, MR: 3743.03, H@1: 0.438, H@3: 0.493, H@10: 0.546 | 
[2026-03-15 08:15:32,354][root][INFO] - Epoch: 469 | Loss: 0.0004 | Val - MRR: 0.4742, MR: 3748.40, H@1: 0.435, H@3: 0.491, H@10: 0.545 | 
[2026-03-15 08:16:45,397][root][INFO] - Epoch: 470 | Loss: 0.0004 | Val - MRR: 0.4745, MR: 3736.82, H@1: 0.435, H@3: 0.492, H@10: 0.546 | 
[2026-03-15 08:18:00,850][root][INFO] - Epoch: 471 | Loss: 0.0004 | Val - MRR: 0.4753, MR: 3740.40, H@1: 0.436, H@3: 0.492, H@10: 0.547 | 
[2026-03-15 08:19:05,833][root][INFO] - Epoch: 472 | Loss: 0.0004 | Val - MRR: 0.4750, MR: 3744.18, H@1: 0.435, H@3: 0.493, H@10: 0.548 | 
[2026-03-15 08:20:11,766][root][INFO] - Epoch: 473 | Loss: 0.0004 | Val - MRR: 0.4752, MR: 3718.51, H@1: 0.436, H@3: 0.492, H@10: 0.546 | 
[2026-03-15 08:21:31,571][root][INFO] - Epoch: 474 | Loss: 0.0004 | Val - MRR: 0.4762, MR: 3741.00, H@1: 0.438, H@3: 0.493, H@10: 0.547 | Test - MRR: 0.4750 | *
[2026-03-15 08:22:43,067][root][INFO] - Epoch: 475 | Loss: 0.0004 | Val - MRR: 0.4767, MR: 3735.03, H@1: 0.439, H@3: 0.492, H@10: 0.547 | Test - MRR: 0.4757 | *
[2026-03-15 08:23:59,697][root][INFO] - Epoch: 476 | Loss: 0.0004 | Val - MRR: 0.4752, MR: 3742.63, H@1: 0.437, H@3: 0.492, H@10: 0.546 | 
[2026-03-15 08:25:13,171][root][INFO] - Epoch: 477 | Loss: 0.0004 | Val - MRR: 0.4755, MR: 3754.49, H@1: 0.438, H@3: 0.490, H@10: 0.545 | 
[2026-03-15 08:26:18,174][root][INFO] - Epoch: 478 | Loss: 0.0004 | Val - MRR: 0.4753, MR: 3783.53, H@1: 0.437, H@3: 0.493, H@10: 0.546 | 
[2026-03-15 08:27:23,293][root][INFO] - Epoch: 479 | Loss: 0.0004 | Val - MRR: 0.4748, MR: 3742.42, H@1: 0.436, H@3: 0.492, H@10: 0.545 | 
[2026-03-15 08:28:28,038][root][INFO] - Epoch: 480 | Loss: 0.0004 | Val - MRR: 0.4746, MR: 3747.75, H@1: 0.435, H@3: 0.493, H@10: 0.546 | 
[2026-03-15 08:29:32,931][root][INFO] - Epoch: 481 | Loss: 0.0004 | Val - MRR: 0.4746, MR: 3758.09, H@1: 0.436, H@3: 0.492, H@10: 0.547 | 
[2026-03-15 08:30:42,642][root][INFO] - Epoch: 482 | Loss: 0.0004 | Val - MRR: 0.4746, MR: 3754.39, H@1: 0.435, H@3: 0.491, H@10: 0.547 | 
[2026-03-15 08:31:48,433][root][INFO] - Epoch: 483 | Loss: 0.0004 | Val - MRR: 0.4759, MR: 3752.19, H@1: 0.437, H@3: 0.493, H@10: 0.547 | 
[2026-03-15 08:32:52,564][root][INFO] - Epoch: 484 | Loss: 0.0004 | Val - MRR: 0.4755, MR: 3736.40, H@1: 0.436, H@3: 0.493, H@10: 0.547 | 
[2026-03-15 08:33:57,899][root][INFO] - Epoch: 485 | Loss: 0.0004 | Val - MRR: 0.4765, MR: 3710.20, H@1: 0.438, H@3: 0.492, H@10: 0.547 | 
[2026-03-15 08:35:04,066][root][INFO] - Epoch: 486 | Loss: 0.0004 | Val - MRR: 0.4754, MR: 3738.29, H@1: 0.436, H@3: 0.493, H@10: 0.547 | 
[2026-03-15 08:36:08,268][root][INFO] - Epoch: 487 | Loss: 0.0004 | Val - MRR: 0.4761, MR: 3762.16, H@1: 0.438, H@3: 0.493, H@10: 0.546 | 
[2026-03-15 08:37:12,668][root][INFO] - Epoch: 488 | Loss: 0.0004 | Val - MRR: 0.4764, MR: 3757.06, H@1: 0.438, H@3: 0.494, H@10: 0.545 | 
[2026-03-15 08:38:24,075][root][INFO] - Epoch: 489 | Loss: 0.0004 | Val - MRR: 0.4758, MR: 3768.94, H@1: 0.438, H@3: 0.493, H@10: 0.545 | 
[2026-03-15 08:39:28,318][root][INFO] - Epoch: 490 | Loss: 0.0004 | Val - MRR: 0.4762, MR: 3748.04, H@1: 0.439, H@3: 0.493, H@10: 0.547 | 
[2026-03-15 08:40:32,824][root][INFO] - Epoch: 491 | Loss: 0.0004 | Val - MRR: 0.4765, MR: 3732.60, H@1: 0.439, H@3: 0.493, H@10: 0.546 | 
[2026-03-15 08:41:37,183][root][INFO] - Epoch: 492 | Loss: 0.0004 | Val - MRR: 0.4763, MR: 3787.54, H@1: 0.439, H@3: 0.492, H@10: 0.546 | 
[2026-03-15 08:42:49,332][root][INFO] - Epoch: 493 | Loss: 0.0004 | Val - MRR: 0.4770, MR: 3776.50, H@1: 0.440, H@3: 0.493, H@10: 0.546 | Test - MRR: 0.4750 | *
[2026-03-15 08:44:01,843][root][INFO] - Epoch: 494 | Loss: 0.0004 | Val - MRR: 0.4775, MR: 3765.56, H@1: 0.440, H@3: 0.493, H@10: 0.547 | Test - MRR: 0.4753 | *
[2026-03-15 08:45:08,224][root][INFO] - Epoch: 495 | Loss: 0.0004 | Val - MRR: 0.4775, MR: 3749.05, H@1: 0.440, H@3: 0.494, H@10: 0.546 | 
[2026-03-15 08:46:12,814][root][INFO] - Epoch: 496 | Loss: 0.0004 | Val - MRR: 0.4772, MR: 3731.49, H@1: 0.440, H@3: 0.493, H@10: 0.547 | 
[2026-03-15 08:47:24,366][root][INFO] - Epoch: 497 | Loss: 0.0004 | Val - MRR: 0.4776, MR: 3761.14, H@1: 0.441, H@3: 0.493, H@10: 0.548 | Test - MRR: 0.4766 | *
[2026-03-15 08:48:38,044][root][INFO] - Epoch: 498 | Loss: 0.0004 | Val - MRR: 0.4778, MR: 3754.49, H@1: 0.441, H@3: 0.492, H@10: 0.548 | Test - MRR: 0.4758 | *
[2026-03-15 08:49:41,875][root][INFO] - Epoch: 499 | Loss: 0.0004 | Val - MRR: 0.4778, MR: 3733.32, H@1: 0.440, H@3: 0.494, H@10: 0.548 | 
[2026-03-15 08:50:44,757][root][INFO] - Epoch: 500 | Loss: 0.0004 | Val - MRR: 0.4775, MR: 3760.94, H@1: 0.440, H@3: 0.493, H@10: 0.547 | 
[2026-03-15 08:51:49,435][root][INFO] - Epoch: 501 | Loss: 0.0004 | Val - MRR: 0.4776, MR: 3736.86, H@1: 0.440, H@3: 0.494, H@10: 0.548 | 
[2026-03-15 08:52:54,314][root][INFO] - Epoch: 502 | Loss: 0.0004 | Val - MRR: 0.4778, MR: 3737.88, H@1: 0.441, H@3: 0.493, H@10: 0.547 | 
[2026-03-15 08:53:58,613][root][INFO] - Epoch: 503 | Loss: 0.0004 | Val - MRR: 0.4771, MR: 3752.50, H@1: 0.439, H@3: 0.494, H@10: 0.548 | 
[2026-03-15 08:55:03,828][root][INFO] - Epoch: 504 | Loss: 0.0004 | Val - MRR: 0.4769, MR: 3736.22, H@1: 0.439, H@3: 0.493, H@10: 0.546 | 
[2026-03-15 08:56:09,046][root][INFO] - Epoch: 505 | Loss: 0.0004 | Val - MRR: 0.4766, MR: 3754.03, H@1: 0.439, H@3: 0.493, H@10: 0.547 | 
[2026-03-15 08:57:13,442][root][INFO] - Epoch: 506 | Loss: 0.0004 | Val - MRR: 0.4771, MR: 3745.26, H@1: 0.439, H@3: 0.493, H@10: 0.547 | 
[2026-03-15 08:58:18,045][root][INFO] - Epoch: 507 | Loss: 0.0004 | Val - MRR: 0.4772, MR: 3735.93, H@1: 0.440, H@3: 0.493, H@10: 0.545 | 
[2026-03-15 08:59:22,073][root][INFO] - Epoch: 508 | Loss: 0.0004 | Val - MRR: 0.4775, MR: 3746.16, H@1: 0.440, H@3: 0.494, H@10: 0.547 | 
[2026-03-15 09:00:33,487][root][INFO] - Epoch: 509 | Loss: 0.0004 | Val - MRR: 0.4781, MR: 3752.22, H@1: 0.441, H@3: 0.494, H@10: 0.547 | Test - MRR: 0.4767 | *
[2026-03-15 09:01:37,677][root][INFO] - Epoch: 510 | Loss: 0.0004 | Val - MRR: 0.4775, MR: 3758.53, H@1: 0.441, H@3: 0.492, H@10: 0.547 | 
[2026-03-15 09:02:42,428][root][INFO] - Epoch: 511 | Loss: 0.0004 | Val - MRR: 0.4771, MR: 3757.63, H@1: 0.439, H@3: 0.492, H@10: 0.547 | 
[2026-03-15 09:03:46,825][root][INFO] - Epoch: 512 | Loss: 0.0004 | Val - MRR: 0.4765, MR: 3774.94, H@1: 0.438, H@3: 0.492, H@10: 0.548 | 
[2026-03-15 09:04:50,989][root][INFO] - Epoch: 513 | Loss: 0.0004 | Val - MRR: 0.4767, MR: 3762.50, H@1: 0.439, H@3: 0.492, H@10: 0.547 | 
[2026-03-15 09:05:54,533][root][INFO] - Epoch: 514 | Loss: 0.0004 | Val - MRR: 0.4771, MR: 3767.16, H@1: 0.439, H@3: 0.493, H@10: 0.547 | 
[2026-03-15 09:06:58,262][root][INFO] - Epoch: 515 | Loss: 0.0004 | Val - MRR: 0.4775, MR: 3783.86, H@1: 0.440, H@3: 0.492, H@10: 0.548 | 
[2026-03-15 09:08:02,521][root][INFO] - Epoch: 516 | Loss: 0.0004 | Val - MRR: 0.4770, MR: 3784.71, H@1: 0.440, H@3: 0.493, H@10: 0.546 | 
[2026-03-15 09:09:05,897][root][INFO] - Epoch: 517 | Loss: 0.0004 | Val - MRR: 0.4769, MR: 3786.42, H@1: 0.439, H@3: 0.493, H@10: 0.548 | 
[2026-03-15 09:10:10,427][root][INFO] - Epoch: 518 | Loss: 0.0004 | Val - MRR: 0.4775, MR: 3761.68, H@1: 0.440, H@3: 0.492, H@10: 0.548 | 
[2026-03-15 09:11:20,815][root][INFO] - Epoch: 519 | Loss: 0.0004 | Val - MRR: 0.4783, MR: 3777.57, H@1: 0.441, H@3: 0.494, H@10: 0.548 | Test - MRR: 0.4776 | *
[2026-03-15 09:12:30,828][root][INFO] - Epoch: 520 | Loss: 0.0004 | Val - MRR: 0.4783, MR: 3783.81, H@1: 0.441, H@3: 0.493, H@10: 0.547 | Test - MRR: 0.4763 | *
[2026-03-15 09:13:35,772][root][INFO] - Epoch: 521 | Loss: 0.0004 | Val - MRR: 0.4771, MR: 3773.87, H@1: 0.439, H@3: 0.492, H@10: 0.546 | 
[2026-03-15 09:14:40,164][root][INFO] - Epoch: 522 | Loss: 0.0004 | Val - MRR: 0.4773, MR: 3771.52, H@1: 0.440, H@3: 0.493, H@10: 0.548 | 
[2026-03-15 09:15:44,797][root][INFO] - Epoch: 523 | Loss: 0.0004 | Val - MRR: 0.4772, MR: 3778.01, H@1: 0.439, H@3: 0.493, H@10: 0.548 | 
[2026-03-15 09:16:49,377][root][INFO] - Epoch: 524 | Loss: 0.0004 | Val - MRR: 0.4763, MR: 3769.30, H@1: 0.438, H@3: 0.493, H@10: 0.549 | 
[2026-03-15 09:17:53,461][root][INFO] - Epoch: 525 | Loss: 0.0004 | Val - MRR: 0.4767, MR: 3762.24, H@1: 0.438, H@3: 0.492, H@10: 0.548 | 
[2026-03-15 09:18:56,701][root][INFO] - Epoch: 526 | Loss: 0.0004 | Val - MRR: 0.4765, MR: 3794.78, H@1: 0.438, H@3: 0.493, H@10: 0.549 | 
[2026-03-15 09:19:59,953][root][INFO] - Epoch: 527 | Loss: 0.0004 | Val - MRR: 0.4771, MR: 3755.65, H@1: 0.439, H@3: 0.494, H@10: 0.546 | 
[2026-03-15 09:21:02,846][root][INFO] - Epoch: 528 | Loss: 0.0004 | Val - MRR: 0.4766, MR: 3787.83, H@1: 0.438, H@3: 0.493, H@10: 0.548 | 
[2026-03-15 09:22:06,441][root][INFO] - Epoch: 529 | Loss: 0.0004 | Val - MRR: 0.4763, MR: 3792.96, H@1: 0.438, H@3: 0.492, H@10: 0.549 | 
[2026-03-15 09:23:09,891][root][INFO] - Epoch: 530 | Loss: 0.0004 | Val - MRR: 0.4758, MR: 3789.06, H@1: 0.437, H@3: 0.492, H@10: 0.548 | 
[2026-03-15 09:24:13,639][root][INFO] - Epoch: 531 | Loss: 0.0004 | Val - MRR: 0.4761, MR: 3786.99, H@1: 0.437, H@3: 0.493, H@10: 0.548 | 
[2026-03-15 09:25:17,584][root][INFO] - Epoch: 532 | Loss: 0.0004 | Val - MRR: 0.4770, MR: 3802.78, H@1: 0.440, H@3: 0.492, H@10: 0.547 | 
[2026-03-15 09:26:22,058][root][INFO] - Epoch: 533 | Loss: 0.0004 | Val - MRR: 0.4763, MR: 3759.68, H@1: 0.438, H@3: 0.493, H@10: 0.547 | 
[2026-03-15 09:27:26,214][root][INFO] - Epoch: 534 | Loss: 0.0004 | Val - MRR: 0.4763, MR: 3775.22, H@1: 0.438, H@3: 0.494, H@10: 0.546 | 
[2026-03-15 09:28:30,010][root][INFO] - Epoch: 535 | Loss: 0.0004 | Val - MRR: 0.4767, MR: 3793.14, H@1: 0.438, H@3: 0.493, H@10: 0.547 | 
[2026-03-15 09:29:34,575][root][INFO] - Epoch: 536 | Loss: 0.0004 | Val - MRR: 0.4773, MR: 3781.79, H@1: 0.439, H@3: 0.493, H@10: 0.548 | 
[2026-03-15 09:30:38,340][root][INFO] - Epoch: 537 | Loss: 0.0004 | Val - MRR: 0.4773, MR: 3780.75, H@1: 0.440, H@3: 0.493, H@10: 0.546 | 
[2026-03-15 09:31:42,299][root][INFO] - Epoch: 538 | Loss: 0.0004 | Val - MRR: 0.4764, MR: 3759.59, H@1: 0.439, H@3: 0.492, H@10: 0.545 | 
[2026-03-15 09:32:47,561][root][INFO] - Epoch: 539 | Loss: 0.0004 | Val - MRR: 0.4763, MR: 3754.77, H@1: 0.439, H@3: 0.492, H@10: 0.547 | 
[2026-03-15 09:33:51,595][root][INFO] - Epoch: 540 | Loss: 0.0004 | Val - MRR: 0.4766, MR: 3765.90, H@1: 0.439, H@3: 0.492, H@10: 0.545 | 
[2026-03-15 09:34:55,041][root][INFO] - Epoch: 541 | Loss: 0.0004 | Val - MRR: 0.4770, MR: 3779.23, H@1: 0.439, H@3: 0.494, H@10: 0.548 | 
[2026-03-15 09:35:59,240][root][INFO] - Epoch: 542 | Loss: 0.0004 | Val - MRR: 0.4768, MR: 3771.61, H@1: 0.439, H@3: 0.493, H@10: 0.545 | 
[2026-03-15 09:37:02,324][root][INFO] - Epoch: 543 | Loss: 0.0004 | Val - MRR: 0.4760, MR: 3783.72, H@1: 0.437, H@3: 0.494, H@10: 0.546 | 
[2026-03-15 09:38:06,368][root][INFO] - Epoch: 544 | Loss: 0.0004 | Val - MRR: 0.4766, MR: 3777.94, H@1: 0.438, H@3: 0.495, H@10: 0.547 | 
[2026-03-15 09:39:10,701][root][INFO] - Epoch: 545 | Loss: 0.0004 | Val - MRR: 0.4756, MR: 3762.64, H@1: 0.436, H@3: 0.494, H@10: 0.547 | 
[2026-03-15 09:40:14,673][root][INFO] - Epoch: 546 | Loss: 0.0004 | Val - MRR: 0.4759, MR: 3761.92, H@1: 0.437, H@3: 0.495, H@10: 0.546 | 
[2026-03-15 09:41:18,637][root][INFO] - Epoch: 547 | Loss: 0.0004 | Val - MRR: 0.4771, MR: 3779.68, H@1: 0.439, H@3: 0.494, H@10: 0.547 | 
[2026-03-15 09:42:22,670][root][INFO] - Epoch: 548 | Loss: 0.0004 | Val - MRR: 0.4771, MR: 3786.63, H@1: 0.438, H@3: 0.494, H@10: 0.547 | 
[2026-03-15 09:43:27,235][root][INFO] - Epoch: 549 | Loss: 0.0004 | Val - MRR: 0.4771, MR: 3749.10, H@1: 0.439, H@3: 0.494, H@10: 0.548 | 
[2026-03-15 09:44:34,042][root][INFO] - Epoch: 550 | Loss: 0.0004 | Val - MRR: 0.4770, MR: 3781.80, H@1: 0.438, H@3: 0.494, H@10: 0.547 | 
[2026-03-15 09:45:39,926][root][INFO] - Epoch: 551 | Loss: 0.0004 | Val - MRR: 0.4772, MR: 3788.81, H@1: 0.439, H@3: 0.494, H@10: 0.549 | 
[2026-03-15 09:46:44,207][root][INFO] - Epoch: 552 | Loss: 0.0004 | Val - MRR: 0.4778, MR: 3776.15, H@1: 0.440, H@3: 0.494, H@10: 0.547 | 
[2026-03-15 09:47:48,185][root][INFO] - Epoch: 553 | Loss: 0.0004 | Val - MRR: 0.4779, MR: 3787.19, H@1: 0.440, H@3: 0.495, H@10: 0.547 | 
[2026-03-15 09:48:51,631][root][INFO] - Epoch: 554 | Loss: 0.0004 | Val - MRR: 0.4778, MR: 3781.86, H@1: 0.439, H@3: 0.494, H@10: 0.548 | 
[2026-03-15 09:49:55,097][root][INFO] - Epoch: 555 | Loss: 0.0004 | Val - MRR: 0.4777, MR: 3779.90, H@1: 0.439, H@3: 0.494, H@10: 0.547 | 
[2026-03-15 09:50:58,620][root][INFO] - Epoch: 556 | Loss: 0.0004 | Val - MRR: 0.4777, MR: 3778.96, H@1: 0.440, H@3: 0.494, H@10: 0.547 | 
[2026-03-15 09:52:02,356][root][INFO] - Epoch: 557 | Loss: 0.0004 | Val - MRR: 0.4773, MR: 3776.79, H@1: 0.439, H@3: 0.495, H@10: 0.546 | 
[2026-03-15 09:53:05,388][root][INFO] - Epoch: 558 | Loss: 0.0004 | Val - MRR: 0.4774, MR: 3799.92, H@1: 0.440, H@3: 0.495, H@10: 0.546 | 
[2026-03-15 09:54:09,853][root][INFO] - Epoch: 559 | Loss: 0.0004 | Val - MRR: 0.4776, MR: 3808.59, H@1: 0.440, H@3: 0.493, H@10: 0.547 | 
[2026-03-15 09:55:13,896][root][INFO] - Epoch: 560 | Loss: 0.0004 | Val - MRR: 0.4775, MR: 3768.51, H@1: 0.439, H@3: 0.494, H@10: 0.548 | 
[2026-03-15 09:56:18,053][root][INFO] - Epoch: 561 | Loss: 0.0004 | Val - MRR: 0.4773, MR: 3780.25, H@1: 0.439, H@3: 0.495, H@10: 0.548 | 
[2026-03-15 09:57:22,611][root][INFO] - Epoch: 562 | Loss: 0.0004 | Val - MRR: 0.4773, MR: 3789.85, H@1: 0.439, H@3: 0.494, H@10: 0.548 | 
[2026-03-15 09:58:26,793][root][INFO] - Epoch: 563 | Loss: 0.0004 | Val - MRR: 0.4769, MR: 3791.72, H@1: 0.438, H@3: 0.494, H@10: 0.549 | 
[2026-03-15 09:59:31,212][root][INFO] - Epoch: 564 | Loss: 0.0004 | Val - MRR: 0.4770, MR: 3814.09, H@1: 0.439, H@3: 0.493, H@10: 0.548 | 
[2026-03-15 10:00:37,248][root][INFO] - Epoch: 565 | Loss: 0.0004 | Val - MRR: 0.4775, MR: 3808.96, H@1: 0.439, H@3: 0.495, H@10: 0.549 | 
[2026-03-15 10:01:40,127][root][INFO] - Epoch: 566 | Loss: 0.0004 | Val - MRR: 0.4773, MR: 3809.83, H@1: 0.439, H@3: 0.493, H@10: 0.548 | 
[2026-03-15 10:01:40,128][root][INFO] - Long time no improvenment, stop training...
[2026-03-15 10:01:40,128][root][INFO] - Training end...
[2026-03-15 10:01:40,128][root][INFO] - Train metrics ...
[2026-03-15 10:02:23,907][root][INFO] - Train (head) - MRR: 0.9872, MR:    1.05, H@1: 0.979, H@3: 0.994, H@10: 0.999
[2026-03-15 10:02:23,907][root][INFO] - Train (tail) - MRR: 0.9887, MR:    1.04, H@1: 0.981, H@3: 0.996, H@10: 1.000
[2026-03-15 10:02:23,907][root][INFO] - Train (avg) - MRR: 0.9880, MR:    1.05, H@1: 0.980, H@3: 0.995, H@10: 0.999

[2026-03-15 10:02:23,907][root][INFO] - Valid metrics ...
[2026-03-15 10:02:31,066][root][INFO] - Valid (head) - MRR: 0.4563, MR: 2862.06, H@1: 0.417, H@3: 0.475, H@10: 0.531
[2026-03-15 10:02:31,067][root][INFO] - Valid (tail) - MRR: 0.4983, MR: 4757.60, H@1: 0.462, H@3: 0.512, H@10: 0.565
[2026-03-15 10:02:31,067][root][INFO] - Valid (avg) - MRR: 0.4773, MR: 3809.83, H@1: 0.439, H@3: 0.493, H@10: 0.548

[2026-03-15 10:02:31,067][root][INFO] - Test metrics...
[2026-03-15 10:02:38,095][root][INFO] - Test (head) - MRR: 0.4538, MR: 2973.55, H@1: 0.416, H@3: 0.466, H@10: 0.530
[2026-03-15 10:02:38,096][root][INFO] - Test (tail) - MRR: 0.5010, MR: 5166.66, H@1: 0.460, H@3: 0.523, H@10: 0.572
[2026-03-15 10:02:38,096][root][INFO] - Test (avg) - MRR: 0.4774, MR: 4070.11, H@1: 0.438, H@3: 0.494, H@10: 0.551

[2026-03-15 10:02:38,096][root][INFO] - Model save path: /home/wangwei/DSGNet-main/DSGNet/data/output/WN18RR/2026-03-14/23-21-25
