[2026-01-07 23:10:55,605][root][INFO] - 
------Config------
 {'dataset': 'WN18RR', 'epoch': 800, 'batch_size': 256, 'learning_rate': 0.0015, 'h_dim': 200, 'pred_rel_w': True, 'label_smooth': 0.1, 'n_heads': 4, 'topk': 5, 'kg_layer': 1, 'rm_rate': 0.4, 'ent_drop': 0.2, 'rel_drop': 0, 'comp_op': 'mul', 'bn': True, 'k_h': 10, 'k_w': 20, 'ent_drop_pred': 0.3, 'conv_drop': 0.1, 'fc_drop': 0.4, 'ker_sz': 7, 'out_channel': 250, 'device': 0, 'max_no_improve': 45, 'cpu_worker_num': 10, 'warmup_epoch': 5}
[2026-01-07 23:10:55,605][root][INFO] - Code dir path: /home/wangwei/DSGNet-main/DSGNet/code
[2026-01-07 23:10:55,605][root][INFO] - Config dir path: /home/wangwei/DSGNet-main/DSGNet/config
[2026-01-07 23:10:55,605][root][INFO] - Model save path: /home/wangwei/DSGNet-main/DSGNet/data/output/WN18RR/2026-01-07/23-10-55
[2026-01-07 23:10:57,991][root][INFO] - kg # node: 40943
[2026-01-07 23:10:57,991][root][INFO] - kg # edge: 173670
[2026-01-07 23:10:57,992][root][INFO] - kg # zero deg node: 384
[2026-01-07 23:10:57,992][root][INFO] - ---Load Train Data---
[2026-01-07 23:10:58,976][root][INFO] - -----Model Parameter Configuration-----
[2026-01-07 23:10:58,977][root][INFO] - Parameter ent_emb: torch.Size([40943, 200]), require_grad = True
[2026-01-07 23:10:58,977][root][INFO] - Parameter rel_w: torch.Size([200, 200]), require_grad = True
[2026-01-07 23:10:58,977][root][INFO] - Parameter W_fuse: torch.Size([200, 200]), require_grad = True
[2026-01-07 23:10:58,977][root][INFO] - Parameter a_fuse: torch.Size([400, 1]), require_grad = True
[2026-01-07 23:10:58,977][root][INFO] - Parameter rel_embs.0: torch.Size([22, 200]), require_grad = True
[2026-01-07 23:10:58,977][root][INFO] - Parameter predictor.bn0.weight: torch.Size([1]), require_grad = True
[2026-01-07 23:10:58,977][root][INFO] - Parameter predictor.bn0.bias: torch.Size([1]), require_grad = True
[2026-01-07 23:10:58,977][root][INFO] - Parameter predictor.bn1.weight: torch.Size([250]), require_grad = True
[2026-01-07 23:10:58,977][root][INFO] - Parameter predictor.bn1.bias: torch.Size([250]), require_grad = True
[2026-01-07 23:10:58,977][root][INFO] - Parameter predictor.bn2.weight: torch.Size([200]), require_grad = True
[2026-01-07 23:10:58,977][root][INFO] - Parameter predictor.bn2.bias: torch.Size([200]), require_grad = True
[2026-01-07 23:10:58,977][root][INFO] - Parameter predictor.conv.weight: torch.Size([250, 1, 7, 7]), require_grad = True
[2026-01-07 23:10:58,977][root][INFO] - Parameter predictor.fc.weight: torch.Size([200, 49000]), require_grad = True
[2026-01-07 23:10:58,977][root][INFO] - Parameter L.weight: torch.Size([200, 200]), require_grad = True
[2026-01-07 23:10:58,977][root][INFO] - Parameter L.bias: torch.Size([200]), require_grad = True
[2026-01-07 23:10:58,977][root][INFO] - Parameter S.weight: torch.Size([200, 200]), require_grad = True
[2026-01-07 23:10:58,977][root][INFO] - Parameter S.bias: torch.Size([200]), require_grad = True
[2026-01-07 23:10:58,977][root][INFO] - Parameter comp_layers.0.neigh_w: torch.Size([200, 200]), require_grad = True
[2026-01-07 23:10:58,977][root][INFO] - Parameter comp_layers.0.W.0: torch.Size([200, 50]), require_grad = True
[2026-01-07 23:10:58,977][root][INFO] - Parameter comp_layers.0.W.1: torch.Size([200, 50]), require_grad = True
[2026-01-07 23:10:58,977][root][INFO] - Parameter comp_layers.0.W.2: torch.Size([200, 50]), require_grad = True
[2026-01-07 23:10:58,977][root][INFO] - Parameter comp_layers.0.W.3: torch.Size([200, 50]), require_grad = True
[2026-01-07 23:10:58,977][root][INFO] - Parameter comp_layers.0.W_r.0: torch.Size([200, 50]), require_grad = True
[2026-01-07 23:10:58,978][root][INFO] - Parameter comp_layers.0.W_r.1: torch.Size([200, 50]), require_grad = True
[2026-01-07 23:10:58,978][root][INFO] - Parameter comp_layers.0.W_r.2: torch.Size([200, 50]), require_grad = True
[2026-01-07 23:10:58,978][root][INFO] - Parameter comp_layers.0.W_r.3: torch.Size([200, 50]), require_grad = True
[2026-01-07 23:10:58,978][root][INFO] - Parameter comp_layers.0.a.0: torch.Size([150, 1]), require_grad = True
[2026-01-07 23:10:58,978][root][INFO] - Parameter comp_layers.0.a.1: torch.Size([150, 1]), require_grad = True
[2026-01-07 23:10:58,978][root][INFO] - Parameter comp_layers.0.a.2: torch.Size([150, 1]), require_grad = True
[2026-01-07 23:10:58,978][root][INFO] - Parameter comp_layers.0.a.3: torch.Size([150, 1]), require_grad = True
[2026-01-07 23:10:58,978][root][INFO] - Parameter comp_layers.0.bn.weight: torch.Size([200]), require_grad = True
[2026-01-07 23:10:58,978][root][INFO] - Parameter comp_layers.0.bn.bias: torch.Size([200]), require_grad = True
[2026-01-07 23:10:59,858][root][INFO] - Training... total epoch: 800, step: 324000
[2026-01-07 23:13:32,671][root][INFO] - Epoch:   0 | Loss: 0.9164 | Val - MRR: 0.0001, MR: 27972.09, H@1: 0.000, H@3: 0.000, H@10: 0.000 | Test - MRR: 0.0003 | *
[2026-01-07 23:16:03,799][root][INFO] - Epoch:   1 | Loss: 0.0025 | Val - MRR: 0.0001, MR: 26839.55, H@1: 0.000, H@3: 0.000, H@10: 0.000 | Test - MRR: 0.0004 | *
[2026-01-07 23:18:36,142][root][INFO] - Epoch:   2 | Loss: 0.0013 | Val - MRR: 0.0002, MR: 24926.46, H@1: 0.000, H@3: 0.000, H@10: 0.000 | Test - MRR: 0.0007 | *
[2026-01-07 23:21:08,519][root][INFO] - Epoch:   3 | Loss: 0.0011 | Val - MRR: 0.0002, MR: 23403.39, H@1: 0.000, H@3: 0.000, H@10: 0.000 | Test - MRR: 0.0004 | *
[2026-01-07 23:23:41,109][root][INFO] - Epoch:   4 | Loss: 0.0010 | Val - MRR: 0.0030, MR: 21624.53, H@1: 0.002, H@3: 0.004, H@10: 0.004 | Test - MRR: 0.0053 | *
[2026-01-07 23:26:38,143][root][INFO] - Epoch:   5 | Loss: 0.0009 | Val - MRR: 0.0028, MR: 20471.83, H@1: 0.000, H@3: 0.003, H@10: 0.006 | 
[2026-01-07 23:29:51,977][root][INFO] - Epoch:   6 | Loss: 0.0009 | Val - MRR: 0.0048, MR: 19143.75, H@1: 0.000, H@3: 0.006, H@10: 0.012 | Test - MRR: 0.0062 | *
[2026-01-07 23:33:06,631][root][INFO] - Epoch:   7 | Loss: 0.0008 | Val - MRR: 0.0068, MR: 18682.59, H@1: 0.002, H@3: 0.007, H@10: 0.015 | Test - MRR: 0.0089 | *
[2026-01-07 23:36:20,053][root][INFO] - Epoch:   8 | Loss: 0.0008 | Val - MRR: 0.0084, MR: 18182.93, H@1: 0.002, H@3: 0.010, H@10: 0.020 | Test - MRR: 0.0096 | *
[2026-01-07 23:39:33,531][root][INFO] - Epoch:   9 | Loss: 0.0008 | Val - MRR: 0.0095, MR: 17629.59, H@1: 0.001, H@3: 0.014, H@10: 0.024 | Test - MRR: 0.0109 | *
[2026-01-07 23:42:41,881][root][INFO] - Epoch:  10 | Loss: 0.0008 | Val - MRR: 0.0089, MR: 16432.39, H@1: 0.001, H@3: 0.010, H@10: 0.025 | 
[2026-01-07 23:45:54,000][root][INFO] - Epoch:  11 | Loss: 0.0008 | Val - MRR: 0.0135, MR: 16075.05, H@1: 0.003, H@3: 0.017, H@10: 0.035 | Test - MRR: 0.0151 | *
[2026-01-07 23:49:13,998][root][INFO] - Epoch:  12 | Loss: 0.0008 | Val - MRR: 0.0139, MR: 15609.28, H@1: 0.004, H@3: 0.017, H@10: 0.031 | Test - MRR: 0.0149 | *
[2026-01-07 23:52:27,496][root][INFO] - Epoch:  13 | Loss: 0.0007 | Val - MRR: 0.0127, MR: 15363.33, H@1: 0.002, H@3: 0.016, H@10: 0.032 | 
[2026-01-07 23:55:47,471][root][INFO] - Epoch:  14 | Loss: 0.0008 | Val - MRR: 0.0175, MR: 14959.54, H@1: 0.008, H@3: 0.018, H@10: 0.037 | Test - MRR: 0.0189 | *
[2026-01-07 23:59:01,264][root][INFO] - Epoch:  15 | Loss: 0.0007 | Val - MRR: 0.0187, MR: 14449.94, H@1: 0.008, H@3: 0.020, H@10: 0.040 | Test - MRR: 0.0203 | *
[2026-01-08 00:02:12,467][root][INFO] - Epoch:  16 | Loss: 0.0007 | Val - MRR: 0.0231, MR: 13629.03, H@1: 0.014, H@3: 0.022, H@10: 0.042 | Test - MRR: 0.0235 | *
[2026-01-08 00:05:25,143][root][INFO] - Epoch:  17 | Loss: 0.0007 | Val - MRR: 0.0244, MR: 12448.00, H@1: 0.013, H@3: 0.027, H@10: 0.047 | Test - MRR: 0.0243 | *
[2026-01-08 00:07:56,927][root][INFO] - Epoch:  18 | Loss: 0.0008 | Val - MRR: 0.0257, MR: 12520.40, H@1: 0.015, H@3: 0.026, H@10: 0.045 | Test - MRR: 0.0267 | *
[2026-01-08 00:10:20,882][root][INFO] - Epoch:  19 | Loss: 0.0007 | Val - MRR: 0.0254, MR: 11728.88, H@1: 0.014, H@3: 0.026, H@10: 0.049 | 
[2026-01-08 00:12:44,620][root][INFO] - Epoch:  20 | Loss: 0.0007 | Val - MRR: 0.0223, MR: 12183.46, H@1: 0.008, H@3: 0.027, H@10: 0.049 | 
[2026-01-08 00:15:16,152][root][INFO] - Epoch:  21 | Loss: 0.0007 | Val - MRR: 0.0320, MR: 11494.37, H@1: 0.020, H@3: 0.032, H@10: 0.057 | Test - MRR: 0.0313 | *
[2026-01-08 00:17:40,090][root][INFO] - Epoch:  22 | Loss: 0.0007 | Val - MRR: 0.0309, MR: 9999.56, H@1: 0.015, H@3: 0.032, H@10: 0.060 | 
[2026-01-08 00:20:11,211][root][INFO] - Epoch:  23 | Loss: 0.0007 | Val - MRR: 0.0375, MR: 8947.01, H@1: 0.019, H@3: 0.039, H@10: 0.071 | Test - MRR: 0.0382 | *
[2026-01-08 00:23:06,479][root][INFO] - Epoch:  24 | Loss: 0.0007 | Val - MRR: 0.0433, MR: 9187.10, H@1: 0.025, H@3: 0.044, H@10: 0.077 | Test - MRR: 0.0410 | *
[2026-01-08 00:26:26,057][root][INFO] - Epoch:  25 | Loss: 0.0007 | Val - MRR: 0.0466, MR: 8503.41, H@1: 0.024, H@3: 0.048, H@10: 0.091 | Test - MRR: 0.0458 | *
[2026-01-08 00:29:46,109][root][INFO] - Epoch:  26 | Loss: 0.0007 | Val - MRR: 0.0573, MR: 8195.81, H@1: 0.032, H@3: 0.060, H@10: 0.106 | Test - MRR: 0.0543 | *
[2026-01-08 00:33:04,088][root][INFO] - Epoch:  27 | Loss: 0.0007 | Val - MRR: 0.0714, MR: 7796.77, H@1: 0.042, H@3: 0.076, H@10: 0.130 | Test - MRR: 0.0649 | *
[2026-01-08 00:36:15,317][root][INFO] - Epoch:  28 | Loss: 0.0006 | Val - MRR: 0.0765, MR: 6938.67, H@1: 0.043, H@3: 0.082, H@10: 0.147 | Test - MRR: 0.0739 | *
[2026-01-08 00:39:25,675][root][INFO] - Epoch:  29 | Loss: 0.0006 | Val - MRR: 0.0982, MR: 6252.81, H@1: 0.059, H@3: 0.106, H@10: 0.174 | Test - MRR: 0.0938 | *
[2026-01-08 00:42:21,147][root][INFO] - Epoch:  30 | Loss: 0.0006 | Val - MRR: 0.1116, MR: 6515.82, H@1: 0.072, H@3: 0.119, H@10: 0.194 | Test - MRR: 0.1037 | *
[2026-01-08 00:44:52,061][root][INFO] - Epoch:  31 | Loss: 0.0006 | Val - MRR: 0.1251, MR: 6138.69, H@1: 0.081, H@3: 0.138, H@10: 0.212 | Test - MRR: 0.1200 | *
[2026-01-08 00:47:23,029][root][INFO] - Epoch:  32 | Loss: 0.0006 | Val - MRR: 0.1447, MR: 6118.42, H@1: 0.097, H@3: 0.158, H@10: 0.243 | Test - MRR: 0.1386 | *
[2026-01-08 00:49:53,865][root][INFO] - Epoch:  33 | Loss: 0.0006 | Val - MRR: 0.1601, MR: 6071.30, H@1: 0.110, H@3: 0.178, H@10: 0.258 | Test - MRR: 0.1538 | *
[2026-01-08 00:52:24,977][root][INFO] - Epoch:  34 | Loss: 0.0006 | Val - MRR: 0.1757, MR: 5525.94, H@1: 0.124, H@3: 0.195, H@10: 0.278 | Test - MRR: 0.1699 | *
[2026-01-08 00:55:00,405][root][INFO] - Epoch:  35 | Loss: 0.0006 | Val - MRR: 0.2022, MR: 5568.12, H@1: 0.149, H@3: 0.225, H@10: 0.305 | Test - MRR: 0.1906 | *
[2026-01-08 00:57:34,826][root][INFO] - Epoch:  36 | Loss: 0.0006 | Val - MRR: 0.2114, MR: 5496.59, H@1: 0.157, H@3: 0.236, H@10: 0.316 | Test - MRR: 0.2016 | *
[2026-01-08 01:00:08,929][root][INFO] - Epoch:  37 | Loss: 0.0006 | Val - MRR: 0.2237, MR: 5230.81, H@1: 0.166, H@3: 0.251, H@10: 0.332 | Test - MRR: 0.2142 | *
[2026-01-08 01:02:43,718][root][INFO] - Epoch:  38 | Loss: 0.0005 | Val - MRR: 0.2441, MR: 5022.15, H@1: 0.186, H@3: 0.275, H@10: 0.354 | Test - MRR: 0.2412 | *
[2026-01-08 01:05:16,496][root][INFO] - Epoch:  39 | Loss: 0.0005 | Val - MRR: 0.2584, MR: 4998.89, H@1: 0.200, H@3: 0.289, H@10: 0.366 | Test - MRR: 0.2507 | *
[2026-01-08 01:07:47,569][root][INFO] - Epoch:  40 | Loss: 0.0005 | Val - MRR: 0.2741, MR: 4672.41, H@1: 0.214, H@3: 0.306, H@10: 0.384 | Test - MRR: 0.2681 | *
[2026-01-08 01:10:18,387][root][INFO] - Epoch:  41 | Loss: 0.0005 | Val - MRR: 0.2742, MR: 4669.19, H@1: 0.211, H@3: 0.307, H@10: 0.389 | Test - MRR: 0.2701 | *
[2026-01-08 01:12:49,136][root][INFO] - Epoch:  42 | Loss: 0.0005 | Val - MRR: 0.2845, MR: 4614.14, H@1: 0.222, H@3: 0.321, H@10: 0.398 | Test - MRR: 0.2804 | *
[2026-01-08 01:15:12,880][root][INFO] - Epoch:  43 | Loss: 0.0006 | Val - MRR: 0.2806, MR: 4779.84, H@1: 0.219, H@3: 0.315, H@10: 0.396 | 
[2026-01-08 01:17:44,206][root][INFO] - Epoch:  44 | Loss: 0.0005 | Val - MRR: 0.2935, MR: 4706.19, H@1: 0.234, H@3: 0.327, H@10: 0.405 | Test - MRR: 0.2881 | *
[2026-01-08 01:20:14,820][root][INFO] - Epoch:  45 | Loss: 0.0005 | Val - MRR: 0.3105, MR: 4419.86, H@1: 0.249, H@3: 0.347, H@10: 0.420 | Test - MRR: 0.3062 | *
[2026-01-08 01:22:38,571][root][INFO] - Epoch:  46 | Loss: 0.0005 | Val - MRR: 0.3013, MR: 4747.83, H@1: 0.237, H@3: 0.343, H@10: 0.413 | 
[2026-01-08 01:25:09,331][root][INFO] - Epoch:  47 | Loss: 0.0005 | Val - MRR: 0.3215, MR: 4484.74, H@1: 0.259, H@3: 0.359, H@10: 0.435 | Test - MRR: 0.3173 | *
[2026-01-08 01:27:40,136][root][INFO] - Epoch:  48 | Loss: 0.0005 | Val - MRR: 0.3274, MR: 4531.46, H@1: 0.265, H@3: 0.365, H@10: 0.438 | Test - MRR: 0.3202 | *
[2026-01-08 01:30:11,101][root][INFO] - Epoch:  49 | Loss: 0.0005 | Val - MRR: 0.3356, MR: 4376.25, H@1: 0.274, H@3: 0.374, H@10: 0.441 | Test - MRR: 0.3302 | *
[2026-01-08 01:32:41,821][root][INFO] - Epoch:  50 | Loss: 0.0005 | Val - MRR: 0.3437, MR: 4222.17, H@1: 0.281, H@3: 0.384, H@10: 0.451 | Test - MRR: 0.3442 | *
[2026-01-08 01:35:12,510][root][INFO] - Epoch:  51 | Loss: 0.0005 | Val - MRR: 0.3468, MR: 4288.00, H@1: 0.287, H@3: 0.384, H@10: 0.455 | Test - MRR: 0.3433 | *
[2026-01-08 01:37:44,180][root][INFO] - Epoch:  52 | Loss: 0.0005 | Val - MRR: 0.3614, MR: 4143.31, H@1: 0.304, H@3: 0.396, H@10: 0.461 | Test - MRR: 0.3577 | *
[2026-01-08 01:40:15,284][root][INFO] - Epoch:  53 | Loss: 0.0005 | Val - MRR: 0.3618, MR: 4259.77, H@1: 0.302, H@3: 0.401, H@10: 0.461 | Test - MRR: 0.3570 | *
[2026-01-08 01:42:45,574][root][INFO] - Epoch:  54 | Loss: 0.0005 | Val - MRR: 0.3716, MR: 4190.86, H@1: 0.315, H@3: 0.409, H@10: 0.469 | Test - MRR: 0.3684 | *
[2026-01-08 01:45:16,142][root][INFO] - Epoch:  55 | Loss: 0.0005 | Val - MRR: 0.3747, MR: 3953.08, H@1: 0.316, H@3: 0.412, H@10: 0.473 | Test - MRR: 0.3680 | *
[2026-01-08 01:47:46,821][root][INFO] - Epoch:  56 | Loss: 0.0005 | Val - MRR: 0.3772, MR: 4023.30, H@1: 0.318, H@3: 0.412, H@10: 0.477 | Test - MRR: 0.3741 | *
[2026-01-08 01:50:17,930][root][INFO] - Epoch:  57 | Loss: 0.0005 | Val - MRR: 0.3853, MR: 3850.24, H@1: 0.331, H@3: 0.418, H@10: 0.480 | Test - MRR: 0.3809 | *
[2026-01-08 01:52:49,299][root][INFO] - Epoch:  58 | Loss: 0.0005 | Val - MRR: 0.3881, MR: 3825.41, H@1: 0.331, H@3: 0.424, H@10: 0.486 | Test - MRR: 0.3876 | *
[2026-01-08 01:55:19,854][root][INFO] - Epoch:  59 | Loss: 0.0005 | Val - MRR: 0.3894, MR: 3972.91, H@1: 0.335, H@3: 0.424, H@10: 0.479 | Test - MRR: 0.3839 | *
[2026-01-08 01:57:50,431][root][INFO] - Epoch:  60 | Loss: 0.0005 | Val - MRR: 0.3932, MR: 3934.87, H@1: 0.337, H@3: 0.427, H@10: 0.488 | Test - MRR: 0.3862 | *
[2026-01-08 02:00:13,944][root][INFO] - Epoch:  61 | Loss: 0.0005 | Val - MRR: 0.3862, MR: 4048.05, H@1: 0.327, H@3: 0.423, H@10: 0.486 | 
[2026-01-08 02:02:45,069][root][INFO] - Epoch:  62 | Loss: 0.0005 | Val - MRR: 0.3982, MR: 3952.54, H@1: 0.344, H@3: 0.432, H@10: 0.489 | Test - MRR: 0.3901 | *
[2026-01-08 02:05:16,157][root][INFO] - Epoch:  63 | Loss: 0.0005 | Val - MRR: 0.4041, MR: 3765.30, H@1: 0.350, H@3: 0.439, H@10: 0.493 | Test - MRR: 0.3967 | *
[2026-01-08 02:07:47,295][root][INFO] - Epoch:  64 | Loss: 0.0005 | Val - MRR: 0.4043, MR: 3780.99, H@1: 0.351, H@3: 0.438, H@10: 0.494 | Test - MRR: 0.4005 | *
[2026-01-08 02:10:31,212][root][INFO] - Epoch:  65 | Loss: 0.0005 | Val - MRR: 0.4015, MR: 4040.81, H@1: 0.350, H@3: 0.434, H@10: 0.489 | 
[2026-01-08 02:13:43,508][root][INFO] - Epoch:  66 | Loss: 0.0005 | Val - MRR: 0.3992, MR: 3991.85, H@1: 0.344, H@3: 0.432, H@10: 0.493 | 
[2026-01-08 02:17:07,082][root][INFO] - Epoch:  67 | Loss: 0.0005 | Val - MRR: 0.4113, MR: 3847.09, H@1: 0.362, H@3: 0.438, H@10: 0.496 | Test - MRR: 0.4077 | *
[2026-01-08 02:20:37,581][root][INFO] - Epoch:  68 | Loss: 0.0005 | Val - MRR: 0.4045, MR: 3920.45, H@1: 0.351, H@3: 0.437, H@10: 0.496 | 
[2026-01-08 02:24:09,923][root][INFO] - Epoch:  69 | Loss: 0.0005 | Val - MRR: 0.4081, MR: 3855.69, H@1: 0.353, H@3: 0.441, H@10: 0.502 | 
[2026-01-08 02:27:53,016][root][INFO] - Epoch:  70 | Loss: 0.0005 | Val - MRR: 0.4133, MR: 3748.32, H@1: 0.365, H@3: 0.440, H@10: 0.496 | Test - MRR: 0.4119 | *
[2026-01-08 02:31:03,292][root][INFO] - Epoch:  71 | Loss: 0.0005 | Val - MRR: 0.4132, MR: 3831.62, H@1: 0.364, H@3: 0.441, H@10: 0.500 | 
[2026-01-08 02:34:08,572][root][INFO] - Epoch:  72 | Loss: 0.0005 | Val - MRR: 0.4167, MR: 3861.74, H@1: 0.368, H@3: 0.445, H@10: 0.498 | Test - MRR: 0.4123 | *
[2026-01-08 02:37:23,792][root][INFO] - Epoch:  73 | Loss: 0.0005 | Val - MRR: 0.4180, MR: 3708.37, H@1: 0.368, H@3: 0.446, H@10: 0.504 | Test - MRR: 0.4164 | *
[2026-01-08 02:40:43,613][root][INFO] - Epoch:  74 | Loss: 0.0005 | Val - MRR: 0.4193, MR: 3821.03, H@1: 0.371, H@3: 0.448, H@10: 0.501 | Test - MRR: 0.4149 | *
[2026-01-08 02:44:02,528][root][INFO] - Epoch:  75 | Loss: 0.0005 | Val - MRR: 0.4235, MR: 3798.42, H@1: 0.378, H@3: 0.449, H@10: 0.503 | Test - MRR: 0.4195 | *
[2026-01-08 02:47:02,117][root][INFO] - Epoch:  76 | Loss: 0.0005 | Val - MRR: 0.4219, MR: 3630.61, H@1: 0.373, H@3: 0.447, H@10: 0.505 | 
[2026-01-08 02:49:25,899][root][INFO] - Epoch:  77 | Loss: 0.0005 | Val - MRR: 0.4214, MR: 3754.31, H@1: 0.373, H@3: 0.448, H@10: 0.507 | 
[2026-01-08 02:51:49,708][root][INFO] - Epoch:  78 | Loss: 0.0005 | Val - MRR: 0.4190, MR: 3897.82, H@1: 0.370, H@3: 0.448, H@10: 0.504 | 
[2026-01-08 02:54:20,030][root][INFO] - Epoch:  79 | Loss: 0.0005 | Val - MRR: 0.4297, MR: 3729.99, H@1: 0.385, H@3: 0.452, H@10: 0.507 | Test - MRR: 0.4257 | *
[2026-01-08 02:56:43,918][root][INFO] - Epoch:  80 | Loss: 0.0005 | Val - MRR: 0.4250, MR: 3689.82, H@1: 0.378, H@3: 0.450, H@10: 0.506 | 
[2026-01-08 02:59:13,884][root][INFO] - Epoch:  81 | Loss: 0.0005 | Val - MRR: 0.4307, MR: 3632.29, H@1: 0.384, H@3: 0.455, H@10: 0.511 | Test - MRR: 0.4268 | *
[2026-01-08 03:01:37,425][root][INFO] - Epoch:  82 | Loss: 0.0005 | Val - MRR: 0.4273, MR: 3669.48, H@1: 0.379, H@3: 0.454, H@10: 0.512 | 
[2026-01-08 03:04:01,077][root][INFO] - Epoch:  83 | Loss: 0.0005 | Val - MRR: 0.4273, MR: 3641.52, H@1: 0.380, H@3: 0.451, H@10: 0.511 | 
[2026-01-08 03:06:27,126][root][INFO] - Epoch:  84 | Loss: 0.0005 | Val - MRR: 0.4264, MR: 3805.65, H@1: 0.380, H@3: 0.450, H@10: 0.508 | 
[2026-01-08 03:09:01,545][root][INFO] - Epoch:  85 | Loss: 0.0005 | Val - MRR: 0.4338, MR: 3600.66, H@1: 0.388, H@3: 0.456, H@10: 0.515 | Test - MRR: 0.4300 | *
[2026-01-08 03:11:29,060][root][INFO] - Epoch:  86 | Loss: 0.0005 | Val - MRR: 0.4337, MR: 3667.98, H@1: 0.387, H@3: 0.457, H@10: 0.514 | 
[2026-01-08 03:14:41,768][root][INFO] - Epoch:  87 | Loss: 0.0004 | Val - MRR: 0.4322, MR: 3681.28, H@1: 0.388, H@3: 0.453, H@10: 0.515 | 
[2026-01-08 03:17:54,104][root][INFO] - Epoch:  88 | Loss: 0.0005 | Val - MRR: 0.4324, MR: 3691.22, H@1: 0.386, H@3: 0.456, H@10: 0.514 | 
[2026-01-08 03:21:06,811][root][INFO] - Epoch:  89 | Loss: 0.0005 | Val - MRR: 0.4318, MR: 3793.24, H@1: 0.385, H@3: 0.455, H@10: 0.515 | 
[2026-01-08 03:24:27,408][root][INFO] - Epoch:  90 | Loss: 0.0005 | Val - MRR: 0.4392, MR: 3618.31, H@1: 0.396, H@3: 0.458, H@10: 0.516 | Test - MRR: 0.4361 | *
[2026-01-08 03:27:40,615][root][INFO] - Epoch:  91 | Loss: 0.0005 | Val - MRR: 0.4342, MR: 3685.07, H@1: 0.387, H@3: 0.459, H@10: 0.519 | 
[2026-01-08 03:30:42,718][root][INFO] - Epoch:  92 | Loss: 0.0005 | Val - MRR: 0.4386, MR: 3735.34, H@1: 0.395, H@3: 0.460, H@10: 0.521 | 
[2026-01-08 03:33:09,439][root][INFO] - Epoch:  93 | Loss: 0.0005 | Val - MRR: 0.4391, MR: 3759.99, H@1: 0.396, H@3: 0.459, H@10: 0.517 | 
[2026-01-08 03:35:35,982][root][INFO] - Epoch:  94 | Loss: 0.0004 | Val - MRR: 0.4390, MR: 3758.30, H@1: 0.394, H@3: 0.462, H@10: 0.519 | 
[2026-01-08 03:38:10,793][root][INFO] - Epoch:  95 | Loss: 0.0005 | Val - MRR: 0.4401, MR: 3750.21, H@1: 0.398, H@3: 0.461, H@10: 0.514 | Test - MRR: 0.4346 | *
[2026-01-08 03:41:13,130][root][INFO] - Epoch:  96 | Loss: 0.0004 | Val - MRR: 0.4302, MR: 3782.43, H@1: 0.382, H@3: 0.458, H@10: 0.514 | 
[2026-01-08 03:44:18,729][root][INFO] - Epoch:  97 | Loss: 0.0005 | Val - MRR: 0.4426, MR: 3716.69, H@1: 0.400, H@3: 0.462, H@10: 0.520 | Test - MRR: 0.4375 | *
[2026-01-08 03:47:15,567][root][INFO] - Epoch:  98 | Loss: 0.0004 | Val - MRR: 0.4391, MR: 3843.06, H@1: 0.397, H@3: 0.458, H@10: 0.516 | 
[2026-01-08 03:50:34,197][root][INFO] - Epoch:  99 | Loss: 0.0004 | Val - MRR: 0.4436, MR: 3732.59, H@1: 0.403, H@3: 0.462, H@10: 0.517 | Test - MRR: 0.4385 | *
[2026-01-08 03:53:46,576][root][INFO] - Epoch: 100 | Loss: 0.0005 | Val - MRR: 0.4407, MR: 3812.41, H@1: 0.398, H@3: 0.463, H@10: 0.515 | 
[2026-01-08 03:56:59,650][root][INFO] - Epoch: 101 | Loss: 0.0004 | Val - MRR: 0.4389, MR: 3773.22, H@1: 0.397, H@3: 0.459, H@10: 0.515 | 
[2026-01-08 03:59:34,506][root][INFO] - Epoch: 102 | Loss: 0.0004 | Val - MRR: 0.4448, MR: 3588.16, H@1: 0.402, H@3: 0.464, H@10: 0.523 | Test - MRR: 0.4407 | *
[2026-01-08 04:02:00,899][root][INFO] - Epoch: 103 | Loss: 0.0004 | Val - MRR: 0.4398, MR: 3757.21, H@1: 0.396, H@3: 0.461, H@10: 0.520 | 
[2026-01-08 04:04:27,621][root][INFO] - Epoch: 104 | Loss: 0.0005 | Val - MRR: 0.4441, MR: 3758.87, H@1: 0.401, H@3: 0.465, H@10: 0.522 | 
[2026-01-08 04:07:00,381][root][INFO] - Epoch: 105 | Loss: 0.0004 | Val - MRR: 0.4472, MR: 3658.98, H@1: 0.406, H@3: 0.465, H@10: 0.523 | Test - MRR: 0.4429 | *
[2026-01-08 04:09:23,993][root][INFO] - Epoch: 106 | Loss: 0.0004 | Val - MRR: 0.4465, MR: 3713.48, H@1: 0.405, H@3: 0.463, H@10: 0.524 | 
[2026-01-08 04:11:48,497][root][INFO] - Epoch: 107 | Loss: 0.0004 | Val - MRR: 0.4453, MR: 3789.97, H@1: 0.403, H@3: 0.466, H@10: 0.524 | 
[2026-01-08 04:14:15,396][root][INFO] - Epoch: 108 | Loss: 0.0004 | Val - MRR: 0.4459, MR: 3834.10, H@1: 0.406, H@3: 0.463, H@10: 0.519 | 
[2026-01-08 04:16:47,803][root][INFO] - Epoch: 109 | Loss: 0.0004 | Val - MRR: 0.4480, MR: 3720.45, H@1: 0.406, H@3: 0.467, H@10: 0.529 | Test - MRR: 0.4418 | *
[2026-01-08 04:19:21,981][root][INFO] - Epoch: 110 | Loss: 0.0004 | Val - MRR: 0.4500, MR: 3683.56, H@1: 0.409, H@3: 0.468, H@10: 0.526 | Test - MRR: 0.4432 | *
[2026-01-08 04:21:48,702][root][INFO] - Epoch: 111 | Loss: 0.0004 | Val - MRR: 0.4448, MR: 3832.95, H@1: 0.402, H@3: 0.463, H@10: 0.525 | 
[2026-01-08 04:24:15,140][root][INFO] - Epoch: 112 | Loss: 0.0005 | Val - MRR: 0.4498, MR: 3681.19, H@1: 0.408, H@3: 0.469, H@10: 0.528 | 
[2026-01-08 04:26:41,193][root][INFO] - Epoch: 113 | Loss: 0.0004 | Val - MRR: 0.4475, MR: 3755.23, H@1: 0.404, H@3: 0.469, H@10: 0.526 | 
[2026-01-08 04:29:05,020][root][INFO] - Epoch: 114 | Loss: 0.0004 | Val - MRR: 0.4459, MR: 3775.01, H@1: 0.403, H@3: 0.468, H@10: 0.522 | 
[2026-01-08 04:31:31,199][root][INFO] - Epoch: 115 | Loss: 0.0004 | Val - MRR: 0.4492, MR: 3867.00, H@1: 0.409, H@3: 0.468, H@10: 0.522 | 
[2026-01-08 04:33:58,131][root][INFO] - Epoch: 116 | Loss: 0.0004 | Val - MRR: 0.4499, MR: 3812.94, H@1: 0.409, H@3: 0.469, H@10: 0.523 | 
[2026-01-08 04:36:25,179][root][INFO] - Epoch: 117 | Loss: 0.0004 | Val - MRR: 0.4478, MR: 3774.01, H@1: 0.406, H@3: 0.469, H@10: 0.522 | 
[2026-01-08 04:38:59,247][root][INFO] - Epoch: 118 | Loss: 0.0004 | Val - MRR: 0.4529, MR: 3674.82, H@1: 0.412, H@3: 0.472, H@10: 0.530 | Test - MRR: 0.4468 | *
[2026-01-08 04:41:26,265][root][INFO] - Epoch: 119 | Loss: 0.0004 | Val - MRR: 0.4503, MR: 3688.06, H@1: 0.408, H@3: 0.470, H@10: 0.526 | 
[2026-01-08 04:43:52,077][root][INFO] - Epoch: 120 | Loss: 0.0004 | Val - MRR: 0.4513, MR: 3742.96, H@1: 0.410, H@3: 0.470, H@10: 0.527 | 
[2026-01-08 04:46:15,829][root][INFO] - Epoch: 121 | Loss: 0.0004 | Val - MRR: 0.4520, MR: 3679.76, H@1: 0.411, H@3: 0.471, H@10: 0.527 | 
[2026-01-08 04:48:39,041][root][INFO] - Epoch: 122 | Loss: 0.0004 | Val - MRR: 0.4528, MR: 3661.78, H@1: 0.412, H@3: 0.472, H@10: 0.526 | 
[2026-01-08 04:51:03,367][root][INFO] - Epoch: 123 | Loss: 0.0004 | Val - MRR: 0.4526, MR: 3697.53, H@1: 0.411, H@3: 0.473, H@10: 0.525 | 
[2026-01-08 04:53:26,669][root][INFO] - Epoch: 124 | Loss: 0.0004 | Val - MRR: 0.4507, MR: 3761.14, H@1: 0.410, H@3: 0.470, H@10: 0.525 | 
[2026-01-08 04:55:58,234][root][INFO] - Epoch: 125 | Loss: 0.0004 | Val - MRR: 0.4534, MR: 3749.95, H@1: 0.413, H@3: 0.472, H@10: 0.527 | Test - MRR: 0.4501 | *
[2026-01-08 04:58:29,469][root][INFO] - Epoch: 126 | Loss: 0.0004 | Val - MRR: 0.4535, MR: 3680.92, H@1: 0.413, H@3: 0.471, H@10: 0.526 | Test - MRR: 0.4503 | *
[2026-01-08 05:00:56,596][root][INFO] - Epoch: 127 | Loss: 0.0004 | Val - MRR: 0.4507, MR: 3739.03, H@1: 0.409, H@3: 0.470, H@10: 0.526 | 
[2026-01-08 05:03:23,449][root][INFO] - Epoch: 128 | Loss: 0.0004 | Val - MRR: 0.4505, MR: 3773.44, H@1: 0.410, H@3: 0.467, H@10: 0.525 | 
[2026-01-08 05:05:58,004][root][INFO] - Epoch: 129 | Loss: 0.0004 | Val - MRR: 0.4549, MR: 3612.97, H@1: 0.415, H@3: 0.472, H@10: 0.527 | Test - MRR: 0.4547 | *
[2026-01-08 05:08:24,540][root][INFO] - Epoch: 130 | Loss: 0.0004 | Val - MRR: 0.4540, MR: 3731.05, H@1: 0.414, H@3: 0.472, H@10: 0.529 | 
[2026-01-08 05:10:57,972][root][INFO] - Epoch: 131 | Loss: 0.0004 | Val - MRR: 0.4575, MR: 3732.83, H@1: 0.419, H@3: 0.475, H@10: 0.529 | Test - MRR: 0.4529 | *
[2026-01-08 05:13:22,104][root][INFO] - Epoch: 132 | Loss: 0.0004 | Val - MRR: 0.4543, MR: 3713.40, H@1: 0.414, H@3: 0.473, H@10: 0.525 | 
[2026-01-08 05:15:45,885][root][INFO] - Epoch: 133 | Loss: 0.0004 | Val - MRR: 0.4546, MR: 3652.70, H@1: 0.413, H@3: 0.476, H@10: 0.524 | 
[2026-01-08 05:18:17,119][root][INFO] - Epoch: 134 | Loss: 0.0004 | Val - MRR: 0.4577, MR: 3758.34, H@1: 0.417, H@3: 0.476, H@10: 0.532 | Test - MRR: 0.4536 | *
[2026-01-08 05:20:40,173][root][INFO] - Epoch: 135 | Loss: 0.0004 | Val - MRR: 0.4558, MR: 3730.82, H@1: 0.417, H@3: 0.472, H@10: 0.526 | 
[2026-01-08 05:23:04,048][root][INFO] - Epoch: 136 | Loss: 0.0004 | Val - MRR: 0.4564, MR: 3752.41, H@1: 0.418, H@3: 0.473, H@10: 0.526 | 
[2026-01-08 05:25:27,627][root][INFO] - Epoch: 137 | Loss: 0.0004 | Val - MRR: 0.4573, MR: 3788.07, H@1: 0.418, H@3: 0.473, H@10: 0.529 | 
[2026-01-08 05:27:58,278][root][INFO] - Epoch: 138 | Loss: 0.0004 | Val - MRR: 0.4594, MR: 3772.09, H@1: 0.422, H@3: 0.475, H@10: 0.530 | Test - MRR: 0.4519 | *
[2026-01-08 05:30:21,868][root][INFO] - Epoch: 139 | Loss: 0.0004 | Val - MRR: 0.4568, MR: 3750.35, H@1: 0.418, H@3: 0.473, H@10: 0.527 | 
[2026-01-08 05:32:45,529][root][INFO] - Epoch: 140 | Loss: 0.0004 | Val - MRR: 0.4561, MR: 3756.04, H@1: 0.416, H@3: 0.475, H@10: 0.530 | 
[2026-01-08 05:35:09,353][root][INFO] - Epoch: 141 | Loss: 0.0004 | Val - MRR: 0.4584, MR: 3694.54, H@1: 0.420, H@3: 0.473, H@10: 0.529 | 
[2026-01-08 05:37:33,188][root][INFO] - Epoch: 142 | Loss: 0.0004 | Val - MRR: 0.4581, MR: 3682.96, H@1: 0.419, H@3: 0.476, H@10: 0.532 | 
[2026-01-08 05:40:03,641][root][INFO] - Epoch: 143 | Loss: 0.0004 | Val - MRR: 0.4603, MR: 3713.65, H@1: 0.422, H@3: 0.477, H@10: 0.531 | Test - MRR: 0.4554 | *
[2026-01-08 05:42:27,712][root][INFO] - Epoch: 144 | Loss: 0.0004 | Val - MRR: 0.4578, MR: 3750.07, H@1: 0.418, H@3: 0.475, H@10: 0.529 | 
[2026-01-08 05:44:57,889][root][INFO] - Epoch: 145 | Loss: 0.0004 | Val - MRR: 0.4605, MR: 3728.91, H@1: 0.422, H@3: 0.477, H@10: 0.528 | Test - MRR: 0.4544 | *
[2026-01-08 05:47:21,855][root][INFO] - Epoch: 146 | Loss: 0.0004 | Val - MRR: 0.4592, MR: 3650.97, H@1: 0.420, H@3: 0.477, H@10: 0.535 | 
[2026-01-08 05:49:52,795][root][INFO] - Epoch: 147 | Loss: 0.0004 | Val - MRR: 0.4612, MR: 3724.02, H@1: 0.423, H@3: 0.477, H@10: 0.536 | Test - MRR: 0.4577 | *
[2026-01-08 05:52:23,011][root][INFO] - Epoch: 148 | Loss: 0.0004 | Val - MRR: 0.4614, MR: 3644.22, H@1: 0.423, H@3: 0.477, H@10: 0.534 | Test - MRR: 0.4578 | *
[2026-01-08 05:54:46,230][root][INFO] - Epoch: 149 | Loss: 0.0004 | Val - MRR: 0.4612, MR: 3754.42, H@1: 0.422, H@3: 0.477, H@10: 0.534 | 
[2026-01-08 05:57:09,899][root][INFO] - Epoch: 150 | Loss: 0.0004 | Val - MRR: 0.4611, MR: 3760.40, H@1: 0.422, H@3: 0.479, H@10: 0.532 | 
[2026-01-08 05:59:33,637][root][INFO] - Epoch: 151 | Loss: 0.0004 | Val - MRR: 0.4595, MR: 3706.30, H@1: 0.421, H@3: 0.476, H@10: 0.532 | 
[2026-01-08 06:01:57,867][root][INFO] - Epoch: 152 | Loss: 0.0004 | Val - MRR: 0.4610, MR: 3755.78, H@1: 0.422, H@3: 0.477, H@10: 0.534 | 
[2026-01-08 06:04:21,650][root][INFO] - Epoch: 153 | Loss: 0.0004 | Val - MRR: 0.4600, MR: 3776.41, H@1: 0.420, H@3: 0.480, H@10: 0.533 | 
[2026-01-08 06:06:52,570][root][INFO] - Epoch: 154 | Loss: 0.0004 | Val - MRR: 0.4617, MR: 3713.58, H@1: 0.423, H@3: 0.479, H@10: 0.534 | Test - MRR: 0.4588 | *
[2026-01-08 06:09:23,057][root][INFO] - Epoch: 155 | Loss: 0.0004 | Val - MRR: 0.4629, MR: 3859.20, H@1: 0.424, H@3: 0.479, H@10: 0.532 | Test - MRR: 0.4592 | *
[2026-01-08 06:11:47,025][root][INFO] - Epoch: 156 | Loss: 0.0004 | Val - MRR: 0.4618, MR: 3780.59, H@1: 0.424, H@3: 0.476, H@10: 0.532 | 
[2026-01-08 06:14:18,055][root][INFO] - Epoch: 157 | Loss: 0.0004 | Val - MRR: 0.4640, MR: 3784.43, H@1: 0.425, H@3: 0.482, H@10: 0.534 | Test - MRR: 0.4574 | *
[2026-01-08 06:16:40,992][root][INFO] - Epoch: 158 | Loss: 0.0004 | Val - MRR: 0.4623, MR: 3827.80, H@1: 0.423, H@3: 0.481, H@10: 0.532 | 
[2026-01-08 06:19:05,186][root][INFO] - Epoch: 159 | Loss: 0.0004 | Val - MRR: 0.4631, MR: 3843.57, H@1: 0.423, H@3: 0.482, H@10: 0.534 | 
[2026-01-08 06:21:28,994][root][INFO] - Epoch: 160 | Loss: 0.0004 | Val - MRR: 0.4638, MR: 3858.67, H@1: 0.426, H@3: 0.479, H@10: 0.535 | 
[2026-01-08 06:23:52,868][root][INFO] - Epoch: 161 | Loss: 0.0004 | Val - MRR: 0.4638, MR: 3729.94, H@1: 0.426, H@3: 0.478, H@10: 0.535 | 
[2026-01-08 06:26:16,955][root][INFO] - Epoch: 162 | Loss: 0.0004 | Val - MRR: 0.4635, MR: 3736.07, H@1: 0.426, H@3: 0.479, H@10: 0.536 | 
[2026-01-08 06:28:47,994][root][INFO] - Epoch: 163 | Loss: 0.0004 | Val - MRR: 0.4645, MR: 3824.07, H@1: 0.427, H@3: 0.479, H@10: 0.534 | Test - MRR: 0.4589 | *
[2026-01-08 06:31:11,550][root][INFO] - Epoch: 164 | Loss: 0.0004 | Val - MRR: 0.4577, MR: 3806.43, H@1: 0.418, H@3: 0.473, H@10: 0.532 | 
[2026-01-08 06:33:35,450][root][INFO] - Epoch: 165 | Loss: 0.0004 | Val - MRR: 0.4637, MR: 3955.72, H@1: 0.425, H@3: 0.478, H@10: 0.540 | 
[2026-01-08 06:35:58,930][root][INFO] - Epoch: 166 | Loss: 0.0004 | Val - MRR: 0.4620, MR: 3887.43, H@1: 0.423, H@3: 0.478, H@10: 0.535 | 
[2026-01-08 06:38:23,156][root][INFO] - Epoch: 167 | Loss: 0.0004 | Val - MRR: 0.4635, MR: 3820.97, H@1: 0.425, H@3: 0.480, H@10: 0.533 | 
[2026-01-08 06:40:46,839][root][INFO] - Epoch: 168 | Loss: 0.0004 | Val - MRR: 0.4623, MR: 3726.82, H@1: 0.421, H@3: 0.480, H@10: 0.536 | 
[2026-01-08 06:43:17,586][root][INFO] - Epoch: 169 | Loss: 0.0004 | Val - MRR: 0.4660, MR: 3775.72, H@1: 0.428, H@3: 0.481, H@10: 0.537 | Test - MRR: 0.4599 | *
[2026-01-08 06:45:41,131][root][INFO] - Epoch: 170 | Loss: 0.0004 | Val - MRR: 0.4636, MR: 3958.42, H@1: 0.423, H@3: 0.483, H@10: 0.534 | 
[2026-01-08 06:48:04,964][root][INFO] - Epoch: 171 | Loss: 0.0004 | Val - MRR: 0.4659, MR: 3850.77, H@1: 0.428, H@3: 0.482, H@10: 0.535 | 
[2026-01-08 06:50:29,008][root][INFO] - Epoch: 172 | Loss: 0.0004 | Val - MRR: 0.4631, MR: 3831.15, H@1: 0.423, H@3: 0.481, H@10: 0.534 | 
[2026-01-08 06:52:52,788][root][INFO] - Epoch: 173 | Loss: 0.0004 | Val - MRR: 0.4655, MR: 3669.61, H@1: 0.427, H@3: 0.481, H@10: 0.534 | 
[2026-01-08 06:55:16,395][root][INFO] - Epoch: 174 | Loss: 0.0004 | Val - MRR: 0.4637, MR: 3803.91, H@1: 0.425, H@3: 0.482, H@10: 0.535 | 
[2026-01-08 06:57:40,117][root][INFO] - Epoch: 175 | Loss: 0.0004 | Val - MRR: 0.4647, MR: 3722.41, H@1: 0.426, H@3: 0.481, H@10: 0.534 | 
[2026-01-08 07:00:03,882][root][INFO] - Epoch: 176 | Loss: 0.0004 | Val - MRR: 0.4658, MR: 3786.42, H@1: 0.427, H@3: 0.482, H@10: 0.537 | 
[2026-01-08 07:02:27,617][root][INFO] - Epoch: 177 | Loss: 0.0004 | Val - MRR: 0.4653, MR: 3745.21, H@1: 0.427, H@3: 0.480, H@10: 0.535 | 
[2026-01-08 07:04:58,631][root][INFO] - Epoch: 178 | Loss: 0.0004 | Val - MRR: 0.4675, MR: 3820.19, H@1: 0.431, H@3: 0.479, H@10: 0.536 | Test - MRR: 0.4626 | *
[2026-01-08 07:07:29,630][root][INFO] - Epoch: 179 | Loss: 0.0004 | Val - MRR: 0.4682, MR: 3790.18, H@1: 0.431, H@3: 0.485, H@10: 0.539 | Test - MRR: 0.4641 | *
[2026-01-08 07:09:53,341][root][INFO] - Epoch: 180 | Loss: 0.0004 | Val - MRR: 0.4657, MR: 3862.99, H@1: 0.428, H@3: 0.483, H@10: 0.534 | 
[2026-01-08 07:12:16,851][root][INFO] - Epoch: 181 | Loss: 0.0004 | Val - MRR: 0.4672, MR: 3795.27, H@1: 0.430, H@3: 0.483, H@10: 0.535 | 
[2026-01-08 07:14:40,506][root][INFO] - Epoch: 182 | Loss: 0.0004 | Val - MRR: 0.4681, MR: 3804.77, H@1: 0.431, H@3: 0.483, H@10: 0.538 | 
[2026-01-08 07:17:04,535][root][INFO] - Epoch: 183 | Loss: 0.0004 | Val - MRR: 0.4640, MR: 3986.30, H@1: 0.426, H@3: 0.479, H@10: 0.534 | 
[2026-01-08 07:19:28,501][root][INFO] - Epoch: 184 | Loss: 0.0004 | Val - MRR: 0.4652, MR: 3805.59, H@1: 0.428, H@3: 0.480, H@10: 0.533 | 
[2026-01-08 07:21:51,869][root][INFO] - Epoch: 185 | Loss: 0.0004 | Val - MRR: 0.4672, MR: 3897.30, H@1: 0.432, H@3: 0.480, H@10: 0.535 | 
[2026-01-08 07:24:15,565][root][INFO] - Epoch: 186 | Loss: 0.0004 | Val - MRR: 0.4667, MR: 3943.06, H@1: 0.431, H@3: 0.482, H@10: 0.535 | 
[2026-01-08 07:26:40,066][root][INFO] - Epoch: 187 | Loss: 0.0004 | Val - MRR: 0.4659, MR: 3805.65, H@1: 0.428, H@3: 0.481, H@10: 0.533 | 
[2026-01-08 07:29:03,698][root][INFO] - Epoch: 188 | Loss: 0.0004 | Val - MRR: 0.4668, MR: 3914.14, H@1: 0.430, H@3: 0.480, H@10: 0.535 | 
[2026-01-08 07:31:26,671][root][INFO] - Epoch: 189 | Loss: 0.0004 | Val - MRR: 0.4657, MR: 3959.43, H@1: 0.429, H@3: 0.480, H@10: 0.532 | 
[2026-01-08 07:33:50,932][root][INFO] - Epoch: 190 | Loss: 0.0004 | Val - MRR: 0.4651, MR: 3797.39, H@1: 0.429, H@3: 0.477, H@10: 0.532 | 
[2026-01-08 07:36:14,533][root][INFO] - Epoch: 191 | Loss: 0.0004 | Val - MRR: 0.4659, MR: 3904.90, H@1: 0.430, H@3: 0.478, H@10: 0.535 | 
[2026-01-08 07:38:38,524][root][INFO] - Epoch: 192 | Loss: 0.0004 | Val - MRR: 0.4641, MR: 3793.23, H@1: 0.427, H@3: 0.479, H@10: 0.531 | 
[2026-01-08 07:41:02,592][root][INFO] - Epoch: 193 | Loss: 0.0004 | Val - MRR: 0.4633, MR: 3824.95, H@1: 0.423, H@3: 0.481, H@10: 0.536 | 
[2026-01-08 07:43:26,445][root][INFO] - Epoch: 194 | Loss: 0.0004 | Val - MRR: 0.4674, MR: 3972.20, H@1: 0.431, H@3: 0.481, H@10: 0.533 | 
[2026-01-08 07:45:50,166][root][INFO] - Epoch: 195 | Loss: 0.0004 | Val - MRR: 0.4667, MR: 3885.83, H@1: 0.430, H@3: 0.480, H@10: 0.536 | 
[2026-01-08 07:48:21,878][root][INFO] - Epoch: 196 | Loss: 0.0004 | Val - MRR: 0.4687, MR: 3853.44, H@1: 0.433, H@3: 0.481, H@10: 0.538 | Test - MRR: 0.4633 | *
[2026-01-08 07:50:44,990][root][INFO] - Epoch: 197 | Loss: 0.0004 | Val - MRR: 0.4681, MR: 3858.97, H@1: 0.432, H@3: 0.479, H@10: 0.539 | 
[2026-01-08 07:53:08,860][root][INFO] - Epoch: 198 | Loss: 0.0004 | Val - MRR: 0.4669, MR: 3871.58, H@1: 0.430, H@3: 0.481, H@10: 0.539 | 
[2026-01-08 07:55:39,546][root][INFO] - Epoch: 199 | Loss: 0.0004 | Val - MRR: 0.4690, MR: 3931.45, H@1: 0.433, H@3: 0.482, H@10: 0.538 | Test - MRR: 0.4645 | *
[2026-01-08 07:58:04,524][root][INFO] - Epoch: 200 | Loss: 0.0004 | Val - MRR: 0.4652, MR: 4001.88, H@1: 0.429, H@3: 0.479, H@10: 0.534 | 
[2026-01-08 08:00:31,678][root][INFO] - Epoch: 201 | Loss: 0.0004 | Val - MRR: 0.4681, MR: 3897.59, H@1: 0.432, H@3: 0.481, H@10: 0.536 | 
[2026-01-08 08:02:58,965][root][INFO] - Epoch: 202 | Loss: 0.0004 | Val - MRR: 0.4683, MR: 3870.28, H@1: 0.431, H@3: 0.483, H@10: 0.537 | 
[2026-01-08 08:05:25,610][root][INFO] - Epoch: 203 | Loss: 0.0004 | Val - MRR: 0.4684, MR: 3858.43, H@1: 0.433, H@3: 0.481, H@10: 0.539 | 
[2026-01-08 08:07:52,884][root][INFO] - Epoch: 204 | Loss: 0.0004 | Val - MRR: 0.4680, MR: 3870.93, H@1: 0.431, H@3: 0.482, H@10: 0.540 | 
[2026-01-08 08:10:16,742][root][INFO] - Epoch: 205 | Loss: 0.0004 | Val - MRR: 0.4655, MR: 4004.56, H@1: 0.429, H@3: 0.478, H@10: 0.536 | 
[2026-01-08 08:12:41,328][root][INFO] - Epoch: 206 | Loss: 0.0004 | Val - MRR: 0.4662, MR: 3973.06, H@1: 0.430, H@3: 0.478, H@10: 0.535 | 
[2026-01-08 08:15:04,815][root][INFO] - Epoch: 207 | Loss: 0.0004 | Val - MRR: 0.4663, MR: 4030.71, H@1: 0.430, H@3: 0.482, H@10: 0.534 | 
[2026-01-08 08:17:28,690][root][INFO] - Epoch: 208 | Loss: 0.0004 | Val - MRR: 0.4673, MR: 3848.20, H@1: 0.431, H@3: 0.481, H@10: 0.538 | 
[2026-01-08 08:19:52,478][root][INFO] - Epoch: 209 | Loss: 0.0004 | Val - MRR: 0.4668, MR: 4019.99, H@1: 0.431, H@3: 0.481, H@10: 0.533 | 
[2026-01-08 08:22:16,297][root][INFO] - Epoch: 210 | Loss: 0.0004 | Val - MRR: 0.4662, MR: 3987.93, H@1: 0.429, H@3: 0.480, H@10: 0.538 | 
[2026-01-08 08:24:40,272][root][INFO] - Epoch: 211 | Loss: 0.0004 | Val - MRR: 0.4652, MR: 4033.72, H@1: 0.428, H@3: 0.481, H@10: 0.536 | 
[2026-01-08 08:27:03,995][root][INFO] - Epoch: 212 | Loss: 0.0004 | Val - MRR: 0.4672, MR: 3837.41, H@1: 0.430, H@3: 0.481, H@10: 0.539 | 
[2026-01-08 08:29:27,623][root][INFO] - Epoch: 213 | Loss: 0.0004 | Val - MRR: 0.4666, MR: 3863.79, H@1: 0.429, H@3: 0.483, H@10: 0.536 | 
[2026-01-08 08:31:51,252][root][INFO] - Epoch: 214 | Loss: 0.0004 | Val - MRR: 0.4664, MR: 3877.45, H@1: 0.430, H@3: 0.481, H@10: 0.536 | 
[2026-01-08 08:34:14,858][root][INFO] - Epoch: 215 | Loss: 0.0004 | Val - MRR: 0.4674, MR: 3929.00, H@1: 0.432, H@3: 0.481, H@10: 0.532 | 
[2026-01-08 08:36:39,152][root][INFO] - Epoch: 216 | Loss: 0.0004 | Val - MRR: 0.4666, MR: 3835.25, H@1: 0.429, H@3: 0.483, H@10: 0.536 | 
[2026-01-08 08:39:02,738][root][INFO] - Epoch: 217 | Loss: 0.0004 | Val - MRR: 0.4687, MR: 3737.33, H@1: 0.432, H@3: 0.483, H@10: 0.535 | 
[2026-01-08 08:41:26,692][root][INFO] - Epoch: 218 | Loss: 0.0004 | Val - MRR: 0.4682, MR: 3790.70, H@1: 0.430, H@3: 0.485, H@10: 0.536 | 
[2026-01-08 08:43:51,687][root][INFO] - Epoch: 219 | Loss: 0.0004 | Val - MRR: 0.4688, MR: 3834.90, H@1: 0.432, H@3: 0.484, H@10: 0.538 | 
[2026-01-08 08:46:21,858][root][INFO] - Epoch: 220 | Loss: 0.0004 | Val - MRR: 0.4695, MR: 3912.20, H@1: 0.433, H@3: 0.483, H@10: 0.536 | Test - MRR: 0.4663 | *
[2026-01-08 08:48:45,549][root][INFO] - Epoch: 221 | Loss: 0.0004 | Val - MRR: 0.4678, MR: 3919.15, H@1: 0.430, H@3: 0.484, H@10: 0.537 | 
[2026-01-08 08:51:09,183][root][INFO] - Epoch: 222 | Loss: 0.0004 | Val - MRR: 0.4669, MR: 3927.18, H@1: 0.430, H@3: 0.483, H@10: 0.537 | 
[2026-01-08 08:53:33,507][root][INFO] - Epoch: 223 | Loss: 0.0004 | Val - MRR: 0.4689, MR: 3816.80, H@1: 0.433, H@3: 0.483, H@10: 0.537 | 
[2026-01-08 08:56:04,402][root][INFO] - Epoch: 224 | Loss: 0.0004 | Val - MRR: 0.4704, MR: 3837.44, H@1: 0.434, H@3: 0.484, H@10: 0.541 | Test - MRR: 0.4646 | *
[2026-01-08 08:58:27,587][root][INFO] - Epoch: 225 | Loss: 0.0004 | Val - MRR: 0.4670, MR: 3808.76, H@1: 0.431, H@3: 0.478, H@10: 0.536 | 
[2026-01-08 09:00:51,756][root][INFO] - Epoch: 226 | Loss: 0.0004 | Val - MRR: 0.4666, MR: 3963.06, H@1: 0.430, H@3: 0.478, H@10: 0.537 | 
[2026-01-08 09:03:15,317][root][INFO] - Epoch: 227 | Loss: 0.0004 | Val - MRR: 0.4684, MR: 3954.06, H@1: 0.433, H@3: 0.480, H@10: 0.539 | 
[2026-01-08 09:05:39,089][root][INFO] - Epoch: 228 | Loss: 0.0004 | Val - MRR: 0.4675, MR: 3894.26, H@1: 0.431, H@3: 0.482, H@10: 0.537 | 
[2026-01-08 09:08:03,002][root][INFO] - Epoch: 229 | Loss: 0.0004 | Val - MRR: 0.4684, MR: 3916.40, H@1: 0.431, H@3: 0.482, H@10: 0.540 | 
[2026-01-08 09:10:26,287][root][INFO] - Epoch: 230 | Loss: 0.0004 | Val - MRR: 0.4693, MR: 3934.78, H@1: 0.432, H@3: 0.483, H@10: 0.540 | 
[2026-01-08 09:12:50,183][root][INFO] - Epoch: 231 | Loss: 0.0004 | Val - MRR: 0.4690, MR: 3833.88, H@1: 0.434, H@3: 0.481, H@10: 0.538 | 
[2026-01-08 09:15:13,905][root][INFO] - Epoch: 232 | Loss: 0.0004 | Val - MRR: 0.4703, MR: 3821.60, H@1: 0.434, H@3: 0.485, H@10: 0.541 | 
[2026-01-08 09:17:37,728][root][INFO] - Epoch: 233 | Loss: 0.0004 | Val - MRR: 0.4687, MR: 3943.53, H@1: 0.432, H@3: 0.482, H@10: 0.540 | 
[2026-01-08 09:20:01,633][root][INFO] - Epoch: 234 | Loss: 0.0004 | Val - MRR: 0.4696, MR: 3815.92, H@1: 0.433, H@3: 0.482, H@10: 0.540 | 
[2026-01-08 09:22:25,455][root][INFO] - Epoch: 235 | Loss: 0.0004 | Val - MRR: 0.4691, MR: 3910.93, H@1: 0.433, H@3: 0.482, H@10: 0.538 | 
[2026-01-08 09:24:49,073][root][INFO] - Epoch: 236 | Loss: 0.0004 | Val - MRR: 0.4679, MR: 3940.82, H@1: 0.430, H@3: 0.484, H@10: 0.539 | 
[2026-01-08 09:27:12,927][root][INFO] - Epoch: 237 | Loss: 0.0004 | Val - MRR: 0.4701, MR: 3890.66, H@1: 0.433, H@3: 0.486, H@10: 0.538 | 
[2026-01-08 09:29:43,977][root][INFO] - Epoch: 238 | Loss: 0.0004 | Val - MRR: 0.4711, MR: 3858.33, H@1: 0.434, H@3: 0.485, H@10: 0.542 | Test - MRR: 0.4698 | *
[2026-01-08 09:32:07,901][root][INFO] - Epoch: 239 | Loss: 0.0004 | Val - MRR: 0.4677, MR: 3901.61, H@1: 0.431, H@3: 0.483, H@10: 0.539 | 
[2026-01-08 09:34:31,750][root][INFO] - Epoch: 240 | Loss: 0.0004 | Val - MRR: 0.4681, MR: 3914.80, H@1: 0.431, H@3: 0.483, H@10: 0.540 | 
[2026-01-08 09:36:55,596][root][INFO] - Epoch: 241 | Loss: 0.0004 | Val - MRR: 0.4690, MR: 4002.27, H@1: 0.434, H@3: 0.481, H@10: 0.538 | 
[2026-01-08 09:39:19,260][root][INFO] - Epoch: 242 | Loss: 0.0004 | Val - MRR: 0.4692, MR: 3872.63, H@1: 0.432, H@3: 0.484, H@10: 0.540 | 
[2026-01-08 09:41:42,981][root][INFO] - Epoch: 243 | Loss: 0.0004 | Val - MRR: 0.4697, MR: 3861.27, H@1: 0.432, H@3: 0.486, H@10: 0.540 | 
[2026-01-08 09:44:07,076][root][INFO] - Epoch: 244 | Loss: 0.0004 | Val - MRR: 0.4698, MR: 3893.12, H@1: 0.432, H@3: 0.485, H@10: 0.539 | 
[2026-01-08 09:46:30,589][root][INFO] - Epoch: 245 | Loss: 0.0004 | Val - MRR: 0.4687, MR: 3967.06, H@1: 0.432, H@3: 0.482, H@10: 0.537 | 
[2026-01-08 09:48:54,733][root][INFO] - Epoch: 246 | Loss: 0.0004 | Val - MRR: 0.4683, MR: 3975.51, H@1: 0.432, H@3: 0.481, H@10: 0.538 | 
[2026-01-08 09:51:18,039][root][INFO] - Epoch: 247 | Loss: 0.0004 | Val - MRR: 0.4693, MR: 3924.76, H@1: 0.433, H@3: 0.483, H@10: 0.538 | 
[2026-01-08 09:53:42,060][root][INFO] - Epoch: 248 | Loss: 0.0004 | Val - MRR: 0.4692, MR: 3882.98, H@1: 0.432, H@3: 0.484, H@10: 0.539 | 
[2026-01-08 09:56:05,903][root][INFO] - Epoch: 249 | Loss: 0.0004 | Val - MRR: 0.4700, MR: 3936.73, H@1: 0.434, H@3: 0.486, H@10: 0.539 | 
[2026-01-08 09:58:29,437][root][INFO] - Epoch: 250 | Loss: 0.0004 | Val - MRR: 0.4691, MR: 3945.75, H@1: 0.433, H@3: 0.483, H@10: 0.537 | 
[2026-01-08 10:00:53,598][root][INFO] - Epoch: 251 | Loss: 0.0004 | Val - MRR: 0.4685, MR: 3909.70, H@1: 0.431, H@3: 0.482, H@10: 0.540 | 
[2026-01-08 10:03:16,965][root][INFO] - Epoch: 252 | Loss: 0.0004 | Val - MRR: 0.4700, MR: 4016.44, H@1: 0.433, H@3: 0.485, H@10: 0.541 | 
[2026-01-08 10:05:40,407][root][INFO] - Epoch: 253 | Loss: 0.0004 | Val - MRR: 0.4708, MR: 3993.73, H@1: 0.435, H@3: 0.485, H@10: 0.542 | 
[2026-01-08 10:08:04,434][root][INFO] - Epoch: 254 | Loss: 0.0004 | Val - MRR: 0.4697, MR: 3986.89, H@1: 0.433, H@3: 0.483, H@10: 0.541 | 
[2026-01-08 10:10:28,361][root][INFO] - Epoch: 255 | Loss: 0.0004 | Val - MRR: 0.4703, MR: 4059.24, H@1: 0.433, H@3: 0.485, H@10: 0.539 | 
[2026-01-08 10:12:52,251][root][INFO] - Epoch: 256 | Loss: 0.0004 | Val - MRR: 0.4698, MR: 4024.00, H@1: 0.432, H@3: 0.486, H@10: 0.540 | 
[2026-01-08 10:15:16,800][root][INFO] - Epoch: 257 | Loss: 0.0004 | Val - MRR: 0.4647, MR: 3935.53, H@1: 0.424, H@3: 0.483, H@10: 0.541 | 
[2026-01-08 10:17:40,582][root][INFO] - Epoch: 258 | Loss: 0.0004 | Val - MRR: 0.4703, MR: 3991.26, H@1: 0.433, H@3: 0.485, H@10: 0.538 | 
[2026-01-08 10:20:11,174][root][INFO] - Epoch: 259 | Loss: 0.0004 | Val - MRR: 0.4723, MR: 3959.79, H@1: 0.436, H@3: 0.486, H@10: 0.542 | Test - MRR: 0.4681 | *
[2026-01-08 10:22:35,089][root][INFO] - Epoch: 260 | Loss: 0.0004 | Val - MRR: 0.4687, MR: 3975.94, H@1: 0.432, H@3: 0.483, H@10: 0.542 | 
[2026-01-08 10:24:58,540][root][INFO] - Epoch: 261 | Loss: 0.0004 | Val - MRR: 0.4695, MR: 3930.47, H@1: 0.432, H@3: 0.484, H@10: 0.540 | 
[2026-01-08 10:27:22,123][root][INFO] - Epoch: 262 | Loss: 0.0004 | Val - MRR: 0.4709, MR: 3891.48, H@1: 0.434, H@3: 0.484, H@10: 0.542 | 
[2026-01-08 10:29:45,831][root][INFO] - Epoch: 263 | Loss: 0.0004 | Val - MRR: 0.4716, MR: 4022.06, H@1: 0.435, H@3: 0.485, H@10: 0.540 | 
[2026-01-08 10:32:16,868][root][INFO] - Epoch: 264 | Loss: 0.0004 | Val - MRR: 0.4728, MR: 3929.44, H@1: 0.437, H@3: 0.486, H@10: 0.541 | Test - MRR: 0.4698 | *
[2026-01-08 10:34:39,795][root][INFO] - Epoch: 265 | Loss: 0.0004 | Val - MRR: 0.4701, MR: 3981.11, H@1: 0.433, H@3: 0.485, H@10: 0.539 | 
[2026-01-08 10:37:04,282][root][INFO] - Epoch: 266 | Loss: 0.0004 | Val - MRR: 0.4704, MR: 4015.01, H@1: 0.433, H@3: 0.485, H@10: 0.539 | 
[2026-01-08 10:39:27,845][root][INFO] - Epoch: 267 | Loss: 0.0004 | Val - MRR: 0.4714, MR: 3943.48, H@1: 0.435, H@3: 0.486, H@10: 0.540 | 
[2026-01-08 10:41:58,768][root][INFO] - Epoch: 268 | Loss: 0.0004 | Val - MRR: 0.4732, MR: 4000.26, H@1: 0.438, H@3: 0.485, H@10: 0.540 | Test - MRR: 0.4690 | *
[2026-01-08 10:44:22,814][root][INFO] - Epoch: 269 | Loss: 0.0004 | Val - MRR: 0.4717, MR: 4079.73, H@1: 0.437, H@3: 0.487, H@10: 0.539 | 
[2026-01-08 10:46:46,337][root][INFO] - Epoch: 270 | Loss: 0.0004 | Val - MRR: 0.4718, MR: 4070.72, H@1: 0.436, H@3: 0.485, H@10: 0.543 | 
[2026-01-08 10:49:10,015][root][INFO] - Epoch: 271 | Loss: 0.0004 | Val - MRR: 0.4725, MR: 4032.70, H@1: 0.437, H@3: 0.486, H@10: 0.543 | 
[2026-01-08 10:51:40,728][root][INFO] - Epoch: 272 | Loss: 0.0004 | Val - MRR: 0.4735, MR: 3996.79, H@1: 0.438, H@3: 0.485, H@10: 0.543 | Test - MRR: 0.4702 | *
[2026-01-08 10:54:04,072][root][INFO] - Epoch: 273 | Loss: 0.0004 | Val - MRR: 0.4730, MR: 4064.86, H@1: 0.437, H@3: 0.485, H@10: 0.545 | 
[2026-01-08 10:56:27,812][root][INFO] - Epoch: 274 | Loss: 0.0004 | Val - MRR: 0.4727, MR: 3949.74, H@1: 0.437, H@3: 0.485, H@10: 0.543 | 
[2026-01-08 10:58:52,153][root][INFO] - Epoch: 275 | Loss: 0.0004 | Val - MRR: 0.4719, MR: 3975.91, H@1: 0.437, H@3: 0.485, H@10: 0.542 | 
[2026-01-08 11:01:15,372][root][INFO] - Epoch: 276 | Loss: 0.0004 | Val - MRR: 0.4709, MR: 3938.65, H@1: 0.434, H@3: 0.485, H@10: 0.542 | 
[2026-01-08 11:03:39,258][root][INFO] - Epoch: 277 | Loss: 0.0004 | Val - MRR: 0.4729, MR: 4010.22, H@1: 0.437, H@3: 0.487, H@10: 0.540 | 
[2026-01-08 11:06:03,060][root][INFO] - Epoch: 278 | Loss: 0.0004 | Val - MRR: 0.4725, MR: 3929.69, H@1: 0.436, H@3: 0.486, H@10: 0.543 | 
[2026-01-08 11:08:26,572][root][INFO] - Epoch: 279 | Loss: 0.0004 | Val - MRR: 0.4731, MR: 3991.97, H@1: 0.437, H@3: 0.488, H@10: 0.544 | 
[2026-01-08 11:10:50,463][root][INFO] - Epoch: 280 | Loss: 0.0004 | Val - MRR: 0.4721, MR: 3983.49, H@1: 0.436, H@3: 0.484, H@10: 0.543 | 
[2026-01-08 11:13:13,908][root][INFO] - Epoch: 281 | Loss: 0.0004 | Val - MRR: 0.4729, MR: 4015.72, H@1: 0.437, H@3: 0.487, H@10: 0.540 | 
[2026-01-08 11:15:38,300][root][INFO] - Epoch: 282 | Loss: 0.0004 | Val - MRR: 0.4733, MR: 4058.97, H@1: 0.437, H@3: 0.488, H@10: 0.543 | 
[2026-01-08 11:18:01,481][root][INFO] - Epoch: 283 | Loss: 0.0004 | Val - MRR: 0.4728, MR: 3951.81, H@1: 0.437, H@3: 0.486, H@10: 0.543 | 
[2026-01-08 11:20:25,998][root][INFO] - Epoch: 284 | Loss: 0.0004 | Val - MRR: 0.4726, MR: 3978.27, H@1: 0.437, H@3: 0.486, H@10: 0.541 | 
[2026-01-08 11:22:49,790][root][INFO] - Epoch: 285 | Loss: 0.0004 | Val - MRR: 0.4728, MR: 4011.31, H@1: 0.436, H@3: 0.487, H@10: 0.541 | 
[2026-01-08 11:25:13,670][root][INFO] - Epoch: 286 | Loss: 0.0004 | Val - MRR: 0.4715, MR: 3968.65, H@1: 0.436, H@3: 0.483, H@10: 0.542 | 
[2026-01-08 11:27:37,603][root][INFO] - Epoch: 287 | Loss: 0.0004 | Val - MRR: 0.4716, MR: 4052.47, H@1: 0.436, H@3: 0.484, H@10: 0.542 | 
[2026-01-08 11:30:08,377][root][INFO] - Epoch: 288 | Loss: 0.0004 | Val - MRR: 0.4741, MR: 3965.76, H@1: 0.439, H@3: 0.487, H@10: 0.542 | Test - MRR: 0.4695 | *
[2026-01-08 11:32:31,926][root][INFO] - Epoch: 289 | Loss: 0.0004 | Val - MRR: 0.4711, MR: 4012.23, H@1: 0.434, H@3: 0.487, H@10: 0.543 | 
[2026-01-08 11:34:55,550][root][INFO] - Epoch: 290 | Loss: 0.0004 | Val - MRR: 0.4709, MR: 3981.93, H@1: 0.434, H@3: 0.486, H@10: 0.543 | 
[2026-01-08 11:37:19,289][root][INFO] - Epoch: 291 | Loss: 0.0004 | Val - MRR: 0.4724, MR: 3983.72, H@1: 0.437, H@3: 0.485, H@10: 0.541 | 
[2026-01-08 11:39:43,157][root][INFO] - Epoch: 292 | Loss: 0.0004 | Val - MRR: 0.4722, MR: 3965.54, H@1: 0.436, H@3: 0.487, H@10: 0.543 | 
[2026-01-08 11:42:06,765][root][INFO] - Epoch: 293 | Loss: 0.0004 | Val - MRR: 0.4712, MR: 3998.36, H@1: 0.435, H@3: 0.486, H@10: 0.541 | 
[2026-01-08 11:44:30,481][root][INFO] - Epoch: 294 | Loss: 0.0004 | Val - MRR: 0.4739, MR: 4062.99, H@1: 0.440, H@3: 0.485, H@10: 0.541 | 
[2026-01-08 11:46:54,602][root][INFO] - Epoch: 295 | Loss: 0.0004 | Val - MRR: 0.4728, MR: 3999.09, H@1: 0.438, H@3: 0.485, H@10: 0.542 | 
[2026-01-08 11:49:18,231][root][INFO] - Epoch: 296 | Loss: 0.0004 | Val - MRR: 0.4714, MR: 3978.36, H@1: 0.435, H@3: 0.485, H@10: 0.543 | 
[2026-01-08 11:51:42,025][root][INFO] - Epoch: 297 | Loss: 0.0004 | Val - MRR: 0.4730, MR: 4020.44, H@1: 0.437, H@3: 0.486, H@10: 0.544 | 
[2026-01-08 11:54:05,679][root][INFO] - Epoch: 298 | Loss: 0.0004 | Val - MRR: 0.4721, MR: 4023.94, H@1: 0.436, H@3: 0.484, H@10: 0.540 | 
[2026-01-08 11:56:30,360][root][INFO] - Epoch: 299 | Loss: 0.0004 | Val - MRR: 0.4715, MR: 3989.04, H@1: 0.435, H@3: 0.485, H@10: 0.540 | 
[2026-01-08 11:58:53,942][root][INFO] - Epoch: 300 | Loss: 0.0004 | Val - MRR: 0.4711, MR: 4041.64, H@1: 0.435, H@3: 0.483, H@10: 0.541 | 
[2026-01-08 12:01:16,919][root][INFO] - Epoch: 301 | Loss: 0.0004 | Val - MRR: 0.4719, MR: 3989.17, H@1: 0.434, H@3: 0.487, H@10: 0.544 | 
[2026-01-08 12:03:40,783][root][INFO] - Epoch: 302 | Loss: 0.0004 | Val - MRR: 0.4729, MR: 4017.31, H@1: 0.436, H@3: 0.488, H@10: 0.541 | 
[2026-01-08 12:06:04,463][root][INFO] - Epoch: 303 | Loss: 0.0004 | Val - MRR: 0.4707, MR: 4013.43, H@1: 0.434, H@3: 0.485, H@10: 0.541 | 
[2026-01-08 12:08:28,006][root][INFO] - Epoch: 304 | Loss: 0.0004 | Val - MRR: 0.4737, MR: 3995.52, H@1: 0.438, H@3: 0.487, H@10: 0.543 | 
[2026-01-08 12:10:59,294][root][INFO] - Epoch: 305 | Loss: 0.0004 | Val - MRR: 0.4743, MR: 4049.00, H@1: 0.439, H@3: 0.489, H@10: 0.544 | Test - MRR: 0.4711 | *
[2026-01-08 12:13:29,892][root][INFO] - Epoch: 306 | Loss: 0.0004 | Val - MRR: 0.4746, MR: 3940.53, H@1: 0.439, H@3: 0.489, H@10: 0.544 | Test - MRR: 0.4715 | *
[2026-01-08 12:15:53,300][root][INFO] - Epoch: 307 | Loss: 0.0004 | Val - MRR: 0.4737, MR: 4009.50, H@1: 0.439, H@3: 0.488, H@10: 0.540 | 
[2026-01-08 12:18:17,053][root][INFO] - Epoch: 308 | Loss: 0.0004 | Val - MRR: 0.4726, MR: 3976.23, H@1: 0.437, H@3: 0.485, H@10: 0.542 | 
[2026-01-08 12:20:40,651][root][INFO] - Epoch: 309 | Loss: 0.0004 | Val - MRR: 0.4742, MR: 4042.73, H@1: 0.438, H@3: 0.488, H@10: 0.543 | 
[2026-01-08 12:23:04,275][root][INFO] - Epoch: 310 | Loss: 0.0004 | Val - MRR: 0.4739, MR: 4079.14, H@1: 0.438, H@3: 0.488, H@10: 0.544 | 
[2026-01-08 12:25:28,437][root][INFO] - Epoch: 311 | Loss: 0.0004 | Val - MRR: 0.4720, MR: 4003.13, H@1: 0.437, H@3: 0.484, H@10: 0.541 | 
[2026-01-08 12:27:52,322][root][INFO] - Epoch: 312 | Loss: 0.0004 | Val - MRR: 0.4712, MR: 4182.49, H@1: 0.436, H@3: 0.485, H@10: 0.538 | 
[2026-01-08 12:30:15,783][root][INFO] - Epoch: 313 | Loss: 0.0004 | Val - MRR: 0.4728, MR: 4045.02, H@1: 0.436, H@3: 0.488, H@10: 0.544 | 
[2026-01-08 12:32:39,728][root][INFO] - Epoch: 314 | Loss: 0.0004 | Val - MRR: 0.4727, MR: 4050.51, H@1: 0.438, H@3: 0.486, H@10: 0.542 | 
[2026-01-08 12:35:04,115][root][INFO] - Epoch: 315 | Loss: 0.0004 | Val - MRR: 0.4706, MR: 4059.99, H@1: 0.434, H@3: 0.486, H@10: 0.543 | 
[2026-01-08 12:37:27,927][root][INFO] - Epoch: 316 | Loss: 0.0004 | Val - MRR: 0.4736, MR: 4008.18, H@1: 0.437, H@3: 0.487, H@10: 0.546 | 
[2026-01-08 12:39:51,203][root][INFO] - Epoch: 317 | Loss: 0.0004 | Val - MRR: 0.4730, MR: 4026.85, H@1: 0.438, H@3: 0.484, H@10: 0.543 | 
[2026-01-08 12:42:15,489][root][INFO] - Epoch: 318 | Loss: 0.0004 | Val - MRR: 0.4744, MR: 4039.95, H@1: 0.439, H@3: 0.489, H@10: 0.543 | 
[2026-01-08 12:44:39,211][root][INFO] - Epoch: 319 | Loss: 0.0004 | Val - MRR: 0.4738, MR: 4016.77, H@1: 0.437, H@3: 0.488, H@10: 0.545 | 
[2026-01-08 12:47:02,768][root][INFO] - Epoch: 320 | Loss: 0.0004 | Val - MRR: 0.4729, MR: 4098.61, H@1: 0.436, H@3: 0.487, H@10: 0.544 | 
[2026-01-08 12:49:26,873][root][INFO] - Epoch: 321 | Loss: 0.0004 | Val - MRR: 0.4745, MR: 4088.00, H@1: 0.440, H@3: 0.488, H@10: 0.541 | 
[2026-01-08 12:51:50,587][root][INFO] - Epoch: 322 | Loss: 0.0004 | Val - MRR: 0.4734, MR: 4120.11, H@1: 0.438, H@3: 0.487, H@10: 0.542 | 
[2026-01-08 12:54:14,168][root][INFO] - Epoch: 323 | Loss: 0.0004 | Val - MRR: 0.4739, MR: 4034.90, H@1: 0.438, H@3: 0.487, H@10: 0.542 | 
[2026-01-08 12:56:37,662][root][INFO] - Epoch: 324 | Loss: 0.0004 | Val - MRR: 0.4723, MR: 4104.65, H@1: 0.435, H@3: 0.487, H@10: 0.541 | 
[2026-01-08 12:59:01,380][root][INFO] - Epoch: 325 | Loss: 0.0004 | Val - MRR: 0.4728, MR: 4097.57, H@1: 0.438, H@3: 0.485, H@10: 0.541 | 
[2026-01-08 13:01:25,264][root][INFO] - Epoch: 326 | Loss: 0.0004 | Val - MRR: 0.4730, MR: 3976.74, H@1: 0.436, H@3: 0.486, H@10: 0.544 | 
[2026-01-08 13:03:48,787][root][INFO] - Epoch: 327 | Loss: 0.0004 | Val - MRR: 0.4731, MR: 4061.91, H@1: 0.436, H@3: 0.488, H@10: 0.543 | 
[2026-01-08 13:06:12,445][root][INFO] - Epoch: 328 | Loss: 0.0004 | Val - MRR: 0.4745, MR: 4047.12, H@1: 0.438, H@3: 0.488, H@10: 0.544 | 
[2026-01-08 13:08:36,230][root][INFO] - Epoch: 329 | Loss: 0.0004 | Val - MRR: 0.4743, MR: 4102.52, H@1: 0.439, H@3: 0.487, H@10: 0.543 | 
[2026-01-08 13:11:00,344][root][INFO] - Epoch: 330 | Loss: 0.0004 | Val - MRR: 0.4733, MR: 4117.20, H@1: 0.437, H@3: 0.489, H@10: 0.542 | 
[2026-01-08 13:13:24,135][root][INFO] - Epoch: 331 | Loss: 0.0004 | Val - MRR: 0.4730, MR: 4025.42, H@1: 0.437, H@3: 0.489, H@10: 0.542 | 
[2026-01-08 13:15:47,005][root][INFO] - Epoch: 332 | Loss: 0.0004 | Val - MRR: 0.4741, MR: 4123.21, H@1: 0.439, H@3: 0.488, H@10: 0.543 | 
[2026-01-08 13:18:10,828][root][INFO] - Epoch: 333 | Loss: 0.0004 | Val - MRR: 0.4739, MR: 4059.87, H@1: 0.437, H@3: 0.490, H@10: 0.543 | 
[2026-01-08 13:20:40,992][root][INFO] - Epoch: 334 | Loss: 0.0004 | Val - MRR: 0.4752, MR: 4092.19, H@1: 0.440, H@3: 0.488, H@10: 0.545 | Test - MRR: 0.4719 | *
[2026-01-08 13:23:05,239][root][INFO] - Epoch: 335 | Loss: 0.0004 | Val - MRR: 0.4744, MR: 4036.37, H@1: 0.439, H@3: 0.487, H@10: 0.543 | 
[2026-01-08 13:25:29,048][root][INFO] - Epoch: 336 | Loss: 0.0004 | Val - MRR: 0.4744, MR: 4044.41, H@1: 0.438, H@3: 0.488, H@10: 0.545 | 
[2026-01-08 13:27:52,905][root][INFO] - Epoch: 337 | Loss: 0.0004 | Val - MRR: 0.4731, MR: 4001.26, H@1: 0.437, H@3: 0.486, H@10: 0.544 | 
[2026-01-08 13:30:16,251][root][INFO] - Epoch: 338 | Loss: 0.0004 | Val - MRR: 0.4746, MR: 4028.97, H@1: 0.440, H@3: 0.486, H@10: 0.543 | 
[2026-01-08 13:32:40,418][root][INFO] - Epoch: 339 | Loss: 0.0004 | Val - MRR: 0.4729, MR: 4086.22, H@1: 0.438, H@3: 0.487, H@10: 0.540 | 
[2026-01-08 13:35:04,317][root][INFO] - Epoch: 340 | Loss: 0.0004 | Val - MRR: 0.4750, MR: 3986.03, H@1: 0.440, H@3: 0.488, H@10: 0.543 | 
[2026-01-08 13:37:28,606][root][INFO] - Epoch: 341 | Loss: 0.0004 | Val - MRR: 0.4716, MR: 4138.15, H@1: 0.435, H@3: 0.486, H@10: 0.541 | 
[2026-01-08 13:39:52,359][root][INFO] - Epoch: 342 | Loss: 0.0004 | Val - MRR: 0.4725, MR: 4015.31, H@1: 0.435, H@3: 0.488, H@10: 0.541 | 
[2026-01-08 13:42:16,252][root][INFO] - Epoch: 343 | Loss: 0.0004 | Val - MRR: 0.4749, MR: 4116.46, H@1: 0.439, H@3: 0.490, H@10: 0.542 | 
[2026-01-08 13:44:46,901][root][INFO] - Epoch: 344 | Loss: 0.0004 | Val - MRR: 0.4758, MR: 4059.81, H@1: 0.440, H@3: 0.488, H@10: 0.541 | Test - MRR: 0.4720 | *
[2026-01-08 13:47:10,729][root][INFO] - Epoch: 345 | Loss: 0.0004 | Val - MRR: 0.4741, MR: 4101.71, H@1: 0.439, H@3: 0.487, H@10: 0.542 | 
[2026-01-08 13:49:34,658][root][INFO] - Epoch: 346 | Loss: 0.0004 | Val - MRR: 0.4734, MR: 4067.67, H@1: 0.438, H@3: 0.487, H@10: 0.541 | 
[2026-01-08 13:51:58,253][root][INFO] - Epoch: 347 | Loss: 0.0004 | Val - MRR: 0.4735, MR: 4131.25, H@1: 0.440, H@3: 0.484, H@10: 0.539 | 
[2026-01-08 13:54:22,097][root][INFO] - Epoch: 348 | Loss: 0.0004 | Val - MRR: 0.4723, MR: 4057.27, H@1: 0.436, H@3: 0.486, H@10: 0.542 | 
[2026-01-08 13:56:45,929][root][INFO] - Epoch: 349 | Loss: 0.0004 | Val - MRR: 0.4740, MR: 4164.73, H@1: 0.438, H@3: 0.487, H@10: 0.543 | 
[2026-01-08 13:59:09,724][root][INFO] - Epoch: 350 | Loss: 0.0004 | Val - MRR: 0.4746, MR: 3965.54, H@1: 0.439, H@3: 0.488, H@10: 0.545 | 
[2026-01-08 14:01:32,865][root][INFO] - Epoch: 351 | Loss: 0.0004 | Val - MRR: 0.4738, MR: 4122.78, H@1: 0.437, H@3: 0.489, H@10: 0.544 | 
[2026-01-08 14:03:57,070][root][INFO] - Epoch: 352 | Loss: 0.0004 | Val - MRR: 0.4730, MR: 4106.98, H@1: 0.437, H@3: 0.487, H@10: 0.541 | 
[2026-01-08 14:06:20,797][root][INFO] - Epoch: 353 | Loss: 0.0004 | Val - MRR: 0.4740, MR: 4071.34, H@1: 0.437, H@3: 0.489, H@10: 0.545 | 
[2026-01-08 14:08:44,605][root][INFO] - Epoch: 354 | Loss: 0.0004 | Val - MRR: 0.4731, MR: 4157.94, H@1: 0.437, H@3: 0.487, H@10: 0.541 | 
[2026-01-08 14:11:08,837][root][INFO] - Epoch: 355 | Loss: 0.0004 | Val - MRR: 0.4734, MR: 4073.37, H@1: 0.437, H@3: 0.487, H@10: 0.543 | 
[2026-01-08 14:13:32,649][root][INFO] - Epoch: 356 | Loss: 0.0004 | Val - MRR: 0.4739, MR: 4084.73, H@1: 0.438, H@3: 0.489, H@10: 0.543 | 
[2026-01-08 14:15:56,225][root][INFO] - Epoch: 357 | Loss: 0.0004 | Val - MRR: 0.4733, MR: 4153.88, H@1: 0.436, H@3: 0.490, H@10: 0.543 | 
[2026-01-08 14:18:20,276][root][INFO] - Epoch: 358 | Loss: 0.0004 | Val - MRR: 0.4738, MR: 4102.05, H@1: 0.439, H@3: 0.484, H@10: 0.544 | 
[2026-01-08 14:20:43,853][root][INFO] - Epoch: 359 | Loss: 0.0004 | Val - MRR: 0.4719, MR: 4155.14, H@1: 0.436, H@3: 0.487, H@10: 0.540 | 
[2026-01-08 14:23:07,484][root][INFO] - Epoch: 360 | Loss: 0.0004 | Val - MRR: 0.4739, MR: 4143.80, H@1: 0.437, H@3: 0.489, H@10: 0.543 | 
[2026-01-08 14:25:31,232][root][INFO] - Epoch: 361 | Loss: 0.0004 | Val - MRR: 0.4739, MR: 4133.61, H@1: 0.438, H@3: 0.488, H@10: 0.543 | 
[2026-01-08 14:27:54,978][root][INFO] - Epoch: 362 | Loss: 0.0004 | Val - MRR: 0.4745, MR: 4152.75, H@1: 0.439, H@3: 0.488, H@10: 0.543 | 
[2026-01-08 14:30:18,652][root][INFO] - Epoch: 363 | Loss: 0.0004 | Val - MRR: 0.4749, MR: 4146.23, H@1: 0.438, H@3: 0.491, H@10: 0.543 | 
[2026-01-08 14:32:42,407][root][INFO] - Epoch: 364 | Loss: 0.0004 | Val - MRR: 0.4747, MR: 4098.45, H@1: 0.439, H@3: 0.487, H@10: 0.547 | 
[2026-01-08 14:35:06,072][root][INFO] - Epoch: 365 | Loss: 0.0004 | Val - MRR: 0.4743, MR: 4193.78, H@1: 0.438, H@3: 0.488, H@10: 0.544 | 
[2026-01-08 14:37:29,928][root][INFO] - Epoch: 366 | Loss: 0.0004 | Val - MRR: 0.4748, MR: 4084.68, H@1: 0.439, H@3: 0.488, H@10: 0.544 | 
[2026-01-08 14:39:54,069][root][INFO] - Epoch: 367 | Loss: 0.0004 | Val - MRR: 0.4756, MR: 4081.98, H@1: 0.439, H@3: 0.491, H@10: 0.543 | 
[2026-01-08 14:42:17,174][root][INFO] - Epoch: 368 | Loss: 0.0004 | Val - MRR: 0.4752, MR: 4095.25, H@1: 0.439, H@3: 0.488, H@10: 0.543 | 
[2026-01-08 14:44:41,150][root][INFO] - Epoch: 369 | Loss: 0.0004 | Val - MRR: 0.4754, MR: 4064.18, H@1: 0.440, H@3: 0.487, H@10: 0.544 | 
[2026-01-08 14:47:04,538][root][INFO] - Epoch: 370 | Loss: 0.0004 | Val - MRR: 0.4748, MR: 4093.95, H@1: 0.441, H@3: 0.488, H@10: 0.541 | 
[2026-01-08 14:49:28,194][root][INFO] - Epoch: 371 | Loss: 0.0004 | Val - MRR: 0.4741, MR: 4090.68, H@1: 0.439, H@3: 0.486, H@10: 0.543 | 
[2026-01-08 14:51:52,654][root][INFO] - Epoch: 372 | Loss: 0.0004 | Val - MRR: 0.4752, MR: 4199.11, H@1: 0.441, H@3: 0.487, H@10: 0.546 | 
[2026-01-08 14:54:16,104][root][INFO] - Epoch: 373 | Loss: 0.0004 | Val - MRR: 0.4746, MR: 4230.32, H@1: 0.439, H@3: 0.488, H@10: 0.541 | 
[2026-01-08 14:56:39,926][root][INFO] - Epoch: 374 | Loss: 0.0004 | Val - MRR: 0.4731, MR: 4077.37, H@1: 0.438, H@3: 0.486, H@10: 0.544 | 
[2026-01-08 14:59:03,604][root][INFO] - Epoch: 375 | Loss: 0.0004 | Val - MRR: 0.4742, MR: 4176.58, H@1: 0.438, H@3: 0.488, H@10: 0.546 | 
[2026-01-08 15:01:27,040][root][INFO] - Epoch: 376 | Loss: 0.0004 | Val - MRR: 0.4731, MR: 4109.82, H@1: 0.436, H@3: 0.486, H@10: 0.543 | 
[2026-01-08 15:03:50,857][root][INFO] - Epoch: 377 | Loss: 0.0004 | Val - MRR: 0.4758, MR: 4113.56, H@1: 0.439, H@3: 0.490, H@10: 0.546 | 
[2026-01-08 15:06:14,591][root][INFO] - Epoch: 378 | Loss: 0.0004 | Val - MRR: 0.4739, MR: 4148.72, H@1: 0.437, H@3: 0.488, H@10: 0.542 | 
[2026-01-08 15:08:38,517][root][INFO] - Epoch: 379 | Loss: 0.0004 | Val - MRR: 0.4746, MR: 4068.87, H@1: 0.438, H@3: 0.486, H@10: 0.544 | 
[2026-01-08 15:11:02,227][root][INFO] - Epoch: 380 | Loss: 0.0004 | Val - MRR: 0.4756, MR: 4070.64, H@1: 0.440, H@3: 0.487, H@10: 0.545 | 
[2026-01-08 15:13:26,940][root][INFO] - Epoch: 381 | Loss: 0.0004 | Val - MRR: 0.4757, MR: 4080.67, H@1: 0.440, H@3: 0.488, H@10: 0.545 | 
[2026-01-08 15:15:50,690][root][INFO] - Epoch: 382 | Loss: 0.0004 | Val - MRR: 0.4744, MR: 4108.50, H@1: 0.438, H@3: 0.487, H@10: 0.544 | 
[2026-01-08 15:18:13,714][root][INFO] - Epoch: 383 | Loss: 0.0004 | Val - MRR: 0.4744, MR: 4163.25, H@1: 0.438, H@3: 0.488, H@10: 0.545 | 
[2026-01-08 15:20:38,067][root][INFO] - Epoch: 384 | Loss: 0.0004 | Val - MRR: 0.4756, MR: 4158.53, H@1: 0.439, H@3: 0.490, H@10: 0.545 | 
[2026-01-08 15:23:08,749][root][INFO] - Epoch: 385 | Loss: 0.0004 | Val - MRR: 0.4762, MR: 4161.80, H@1: 0.441, H@3: 0.489, H@10: 0.546 | Test - MRR: 0.4762 | *
[2026-01-08 15:25:32,522][root][INFO] - Epoch: 386 | Loss: 0.0004 | Val - MRR: 0.4727, MR: 4123.50, H@1: 0.437, H@3: 0.487, H@10: 0.543 | 
[2026-01-08 15:27:55,917][root][INFO] - Epoch: 387 | Loss: 0.0004 | Val - MRR: 0.4738, MR: 4159.79, H@1: 0.438, H@3: 0.487, H@10: 0.542 | 
[2026-01-08 15:30:19,341][root][INFO] - Epoch: 388 | Loss: 0.0004 | Val - MRR: 0.4749, MR: 4172.42, H@1: 0.440, H@3: 0.489, H@10: 0.541 | 
[2026-01-08 15:32:43,250][root][INFO] - Epoch: 389 | Loss: 0.0004 | Val - MRR: 0.4756, MR: 4215.12, H@1: 0.441, H@3: 0.489, H@10: 0.541 | 
[2026-01-08 15:35:06,833][root][INFO] - Epoch: 390 | Loss: 0.0004 | Val - MRR: 0.4737, MR: 4196.22, H@1: 0.438, H@3: 0.487, H@10: 0.541 | 
[2026-01-08 15:37:30,996][root][INFO] - Epoch: 391 | Loss: 0.0004 | Val - MRR: 0.4755, MR: 4134.96, H@1: 0.440, H@3: 0.488, H@10: 0.545 | 
[2026-01-08 15:39:54,959][root][INFO] - Epoch: 392 | Loss: 0.0004 | Val - MRR: 0.4752, MR: 4173.04, H@1: 0.441, H@3: 0.488, H@10: 0.541 | 
[2026-01-08 15:42:18,732][root][INFO] - Epoch: 393 | Loss: 0.0004 | Val - MRR: 0.4749, MR: 4144.76, H@1: 0.439, H@3: 0.486, H@10: 0.545 | 
[2026-01-08 15:44:42,519][root][INFO] - Epoch: 394 | Loss: 0.0004 | Val - MRR: 0.4746, MR: 4186.66, H@1: 0.440, H@3: 0.486, H@10: 0.543 | 
[2026-01-08 15:47:06,561][root][INFO] - Epoch: 395 | Loss: 0.0004 | Val - MRR: 0.4757, MR: 4194.01, H@1: 0.440, H@3: 0.489, H@10: 0.543 | 
[2026-01-08 15:49:31,754][root][INFO] - Epoch: 396 | Loss: 0.0004 | Val - MRR: 0.4749, MR: 4086.59, H@1: 0.440, H@3: 0.487, H@10: 0.543 | 
[2026-01-08 15:51:55,215][root][INFO] - Epoch: 397 | Loss: 0.0004 | Val - MRR: 0.4733, MR: 4188.83, H@1: 0.437, H@3: 0.487, H@10: 0.542 | 
[2026-01-08 15:54:18,784][root][INFO] - Epoch: 398 | Loss: 0.0004 | Val - MRR: 0.4750, MR: 4122.51, H@1: 0.439, H@3: 0.489, H@10: 0.544 | 
[2026-01-08 15:56:49,664][root][INFO] - Epoch: 399 | Loss: 0.0004 | Val - MRR: 0.4765, MR: 4101.63, H@1: 0.442, H@3: 0.488, H@10: 0.546 | Test - MRR: 0.4740 | *
[2026-01-08 15:59:14,260][root][INFO] - Epoch: 400 | Loss: 0.0004 | Val - MRR: 0.4757, MR: 4209.95, H@1: 0.440, H@3: 0.488, H@10: 0.544 | 
[2026-01-08 16:01:38,092][root][INFO] - Epoch: 401 | Loss: 0.0004 | Val - MRR: 0.4756, MR: 4218.48, H@1: 0.440, H@3: 0.489, H@10: 0.544 | 
[2026-01-08 16:04:01,544][root][INFO] - Epoch: 402 | Loss: 0.0004 | Val - MRR: 0.4754, MR: 4266.07, H@1: 0.440, H@3: 0.488, H@10: 0.543 | 
[2026-01-08 16:06:24,275][root][INFO] - Epoch: 403 | Loss: 0.0004 | Val - MRR: 0.4730, MR: 4255.44, H@1: 0.437, H@3: 0.487, H@10: 0.542 | 
[2026-01-08 16:08:47,960][root][INFO] - Epoch: 404 | Loss: 0.0004 | Val - MRR: 0.4752, MR: 4186.79, H@1: 0.441, H@3: 0.488, H@10: 0.544 | 
[2026-01-08 16:11:11,727][root][INFO] - Epoch: 405 | Loss: 0.0004 | Val - MRR: 0.4763, MR: 4161.67, H@1: 0.442, H@3: 0.489, H@10: 0.542 | 
[2026-01-08 16:13:35,709][root][INFO] - Epoch: 406 | Loss: 0.0004 | Val - MRR: 0.4765, MR: 4134.26, H@1: 0.441, H@3: 0.490, H@10: 0.544 | 
[2026-01-08 16:15:59,596][root][INFO] - Epoch: 407 | Loss: 0.0004 | Val - MRR: 0.4755, MR: 4186.28, H@1: 0.441, H@3: 0.489, H@10: 0.544 | 
[2026-01-08 16:18:23,434][root][INFO] - Epoch: 408 | Loss: 0.0004 | Val - MRR: 0.4758, MR: 4136.37, H@1: 0.440, H@3: 0.490, H@10: 0.544 | 
[2026-01-08 16:20:46,907][root][INFO] - Epoch: 409 | Loss: 0.0004 | Val - MRR: 0.4748, MR: 4126.71, H@1: 0.439, H@3: 0.487, H@10: 0.546 | 
[2026-01-08 16:23:10,347][root][INFO] - Epoch: 410 | Loss: 0.0004 | Val - MRR: 0.4743, MR: 4224.83, H@1: 0.438, H@3: 0.488, H@10: 0.543 | 
[2026-01-08 16:25:34,816][root][INFO] - Epoch: 411 | Loss: 0.0004 | Val - MRR: 0.4749, MR: 4210.04, H@1: 0.440, H@3: 0.487, H@10: 0.542 | 
[2026-01-08 16:27:58,720][root][INFO] - Epoch: 412 | Loss: 0.0004 | Val - MRR: 0.4763, MR: 4133.34, H@1: 0.441, H@3: 0.489, H@10: 0.547 | 
[2026-01-08 16:30:29,661][root][INFO] - Epoch: 413 | Loss: 0.0004 | Val - MRR: 0.4770, MR: 4181.48, H@1: 0.442, H@3: 0.489, H@10: 0.544 | Test - MRR: 0.4749 | *
[2026-01-08 16:32:53,118][root][INFO] - Epoch: 414 | Loss: 0.0004 | Val - MRR: 0.4763, MR: 4145.44, H@1: 0.441, H@3: 0.490, H@10: 0.544 | 
[2026-01-08 16:35:17,139][root][INFO] - Epoch: 415 | Loss: 0.0004 | Val - MRR: 0.4755, MR: 4110.85, H@1: 0.440, H@3: 0.490, H@10: 0.545 | 
[2026-01-08 16:37:40,273][root][INFO] - Epoch: 416 | Loss: 0.0004 | Val - MRR: 0.4755, MR: 4179.53, H@1: 0.439, H@3: 0.490, H@10: 0.542 | 
[2026-01-08 16:40:04,442][root][INFO] - Epoch: 417 | Loss: 0.0004 | Val - MRR: 0.4761, MR: 4108.05, H@1: 0.440, H@3: 0.491, H@10: 0.547 | 
[2026-01-08 16:42:28,075][root][INFO] - Epoch: 418 | Loss: 0.0004 | Val - MRR: 0.4758, MR: 4162.72, H@1: 0.440, H@3: 0.487, H@10: 0.545 | 
[2026-01-08 16:44:51,446][root][INFO] - Epoch: 419 | Loss: 0.0004 | Val - MRR: 0.4754, MR: 4176.01, H@1: 0.440, H@3: 0.489, H@10: 0.545 | 
[2026-01-08 16:47:15,301][root][INFO] - Epoch: 420 | Loss: 0.0004 | Val - MRR: 0.4758, MR: 4116.21, H@1: 0.441, H@3: 0.488, H@10: 0.547 | 
[2026-01-08 16:49:46,103][root][INFO] - Epoch: 421 | Loss: 0.0004 | Val - MRR: 0.4775, MR: 4023.63, H@1: 0.441, H@3: 0.489, H@10: 0.548 | Test - MRR: 0.4762 | *
[2026-01-08 16:52:10,010][root][INFO] - Epoch: 422 | Loss: 0.0004 | Val - MRR: 0.4753, MR: 4188.84, H@1: 0.439, H@3: 0.491, H@10: 0.544 | 
[2026-01-08 16:54:33,690][root][INFO] - Epoch: 423 | Loss: 0.0004 | Val - MRR: 0.4762, MR: 4066.24, H@1: 0.440, H@3: 0.491, H@10: 0.547 | 
[2026-01-08 16:56:57,618][root][INFO] - Epoch: 424 | Loss: 0.0004 | Val - MRR: 0.4769, MR: 4189.68, H@1: 0.441, H@3: 0.491, H@10: 0.548 | 
[2026-01-08 16:59:28,234][root][INFO] - Epoch: 425 | Loss: 0.0004 | Val - MRR: 0.4776, MR: 4092.22, H@1: 0.442, H@3: 0.490, H@10: 0.546 | Test - MRR: 0.4768 | *
[2026-01-08 17:01:58,882][root][INFO] - Epoch: 426 | Loss: 0.0004 | Val - MRR: 0.4776, MR: 4116.73, H@1: 0.441, H@3: 0.492, H@10: 0.546 | Test - MRR: 0.4761 | *
[2026-01-08 17:04:22,790][root][INFO] - Epoch: 427 | Loss: 0.0004 | Val - MRR: 0.4755, MR: 4275.53, H@1: 0.441, H@3: 0.488, H@10: 0.544 | 
[2026-01-08 17:06:53,653][root][INFO] - Epoch: 428 | Loss: 0.0004 | Val - MRR: 0.4781, MR: 4144.66, H@1: 0.443, H@3: 0.491, H@10: 0.546 | Test - MRR: 0.4779 | *
[2026-01-08 17:09:17,722][root][INFO] - Epoch: 429 | Loss: 0.0004 | Val - MRR: 0.4755, MR: 4166.34, H@1: 0.439, H@3: 0.490, H@10: 0.544 | 
[2026-01-08 17:11:41,532][root][INFO] - Epoch: 430 | Loss: 0.0004 | Val - MRR: 0.4762, MR: 4154.30, H@1: 0.440, H@3: 0.490, H@10: 0.545 | 
[2026-01-08 17:14:05,112][root][INFO] - Epoch: 431 | Loss: 0.0004 | Val - MRR: 0.4767, MR: 4155.77, H@1: 0.440, H@3: 0.492, H@10: 0.546 | 
[2026-01-08 17:16:28,562][root][INFO] - Epoch: 432 | Loss: 0.0004 | Val - MRR: 0.4766, MR: 4074.45, H@1: 0.441, H@3: 0.490, H@10: 0.542 | 
[2026-01-08 17:18:52,779][root][INFO] - Epoch: 433 | Loss: 0.0004 | Val - MRR: 0.4753, MR: 4183.30, H@1: 0.440, H@3: 0.490, H@10: 0.543 | 
[2026-01-08 17:21:16,366][root][INFO] - Epoch: 434 | Loss: 0.0004 | Val - MRR: 0.4754, MR: 4118.65, H@1: 0.440, H@3: 0.488, H@10: 0.543 | 
[2026-01-08 17:23:39,478][root][INFO] - Epoch: 435 | Loss: 0.0004 | Val - MRR: 0.4751, MR: 4202.48, H@1: 0.439, H@3: 0.489, H@10: 0.545 | 
[2026-01-08 17:26:03,181][root][INFO] - Epoch: 436 | Loss: 0.0004 | Val - MRR: 0.4754, MR: 4153.03, H@1: 0.441, H@3: 0.488, H@10: 0.543 | 
[2026-01-08 17:28:27,873][root][INFO] - Epoch: 437 | Loss: 0.0004 | Val - MRR: 0.4764, MR: 4254.20, H@1: 0.442, H@3: 0.489, H@10: 0.542 | 
[2026-01-08 17:30:51,728][root][INFO] - Epoch: 438 | Loss: 0.0004 | Val - MRR: 0.4779, MR: 4176.18, H@1: 0.442, H@3: 0.493, H@10: 0.545 | 
[2026-01-08 17:33:15,430][root][INFO] - Epoch: 439 | Loss: 0.0004 | Val - MRR: 0.4763, MR: 4193.46, H@1: 0.442, H@3: 0.489, H@10: 0.543 | 
[2026-01-08 17:35:38,963][root][INFO] - Epoch: 440 | Loss: 0.0004 | Val - MRR: 0.4754, MR: 4191.77, H@1: 0.440, H@3: 0.489, H@10: 0.542 | 
[2026-01-08 17:38:02,683][root][INFO] - Epoch: 441 | Loss: 0.0004 | Val - MRR: 0.4777, MR: 4149.50, H@1: 0.444, H@3: 0.490, H@10: 0.544 | 
[2026-01-08 17:40:26,083][root][INFO] - Epoch: 442 | Loss: 0.0004 | Val - MRR: 0.4760, MR: 4187.94, H@1: 0.441, H@3: 0.488, H@10: 0.541 | 
[2026-01-08 17:42:49,964][root][INFO] - Epoch: 443 | Loss: 0.0004 | Val - MRR: 0.4770, MR: 4138.71, H@1: 0.442, H@3: 0.490, H@10: 0.544 | 
[2026-01-08 17:45:21,085][root][INFO] - Epoch: 444 | Loss: 0.0004 | Val - MRR: 0.4781, MR: 4114.99, H@1: 0.442, H@3: 0.492, H@10: 0.548 | Test - MRR: 0.4771 | *
[2026-01-08 17:47:44,709][root][INFO] - Epoch: 445 | Loss: 0.0004 | Val - MRR: 0.4775, MR: 4061.66, H@1: 0.441, H@3: 0.491, H@10: 0.547 | 
[2026-01-08 17:50:15,291][root][INFO] - Epoch: 446 | Loss: 0.0004 | Val - MRR: 0.4782, MR: 4177.65, H@1: 0.443, H@3: 0.489, H@10: 0.548 | Test - MRR: 0.4780 | *
[2026-01-08 17:52:39,387][root][INFO] - Epoch: 447 | Loss: 0.0004 | Val - MRR: 0.4762, MR: 4227.26, H@1: 0.441, H@3: 0.491, H@10: 0.544 | 
[2026-01-08 17:55:03,257][root][INFO] - Epoch: 448 | Loss: 0.0004 | Val - MRR: 0.4771, MR: 4189.61, H@1: 0.442, H@3: 0.491, H@10: 0.545 | 
[2026-01-08 17:57:26,980][root][INFO] - Epoch: 449 | Loss: 0.0004 | Val - MRR: 0.4754, MR: 4280.26, H@1: 0.440, H@3: 0.489, H@10: 0.542 | 
[2026-01-08 17:59:50,795][root][INFO] - Epoch: 450 | Loss: 0.0004 | Val - MRR: 0.4762, MR: 4121.39, H@1: 0.440, H@3: 0.490, H@10: 0.545 | 
[2026-01-08 18:02:14,356][root][INFO] - Epoch: 451 | Loss: 0.0004 | Val - MRR: 0.4762, MR: 4129.68, H@1: 0.439, H@3: 0.492, H@10: 0.548 | 
[2026-01-08 18:04:38,386][root][INFO] - Epoch: 452 | Loss: 0.0004 | Val - MRR: 0.4754, MR: 4195.37, H@1: 0.439, H@3: 0.491, H@10: 0.546 | 
[2026-01-08 18:07:02,129][root][INFO] - Epoch: 453 | Loss: 0.0004 | Val - MRR: 0.4757, MR: 4146.53, H@1: 0.440, H@3: 0.490, H@10: 0.544 | 
[2026-01-08 18:09:26,132][root][INFO] - Epoch: 454 | Loss: 0.0004 | Val - MRR: 0.4765, MR: 4151.57, H@1: 0.440, H@3: 0.493, H@10: 0.547 | 
[2026-01-08 18:11:49,679][root][INFO] - Epoch: 455 | Loss: 0.0004 | Val - MRR: 0.4756, MR: 4160.01, H@1: 0.439, H@3: 0.492, H@10: 0.544 | 
[2026-01-08 18:14:13,296][root][INFO] - Epoch: 456 | Loss: 0.0004 | Val - MRR: 0.4779, MR: 4175.36, H@1: 0.441, H@3: 0.494, H@10: 0.547 | 
[2026-01-08 18:16:37,015][root][INFO] - Epoch: 457 | Loss: 0.0004 | Val - MRR: 0.4759, MR: 4249.97, H@1: 0.440, H@3: 0.491, H@10: 0.542 | 
[2026-01-08 18:19:00,798][root][INFO] - Epoch: 458 | Loss: 0.0004 | Val - MRR: 0.4766, MR: 4179.98, H@1: 0.440, H@3: 0.492, H@10: 0.547 | 
[2026-01-08 18:21:24,481][root][INFO] - Epoch: 459 | Loss: 0.0004 | Val - MRR: 0.4759, MR: 4306.58, H@1: 0.441, H@3: 0.490, H@10: 0.542 | 
[2026-01-08 18:23:48,034][root][INFO] - Epoch: 460 | Loss: 0.0004 | Val - MRR: 0.4765, MR: 4161.33, H@1: 0.441, H@3: 0.489, H@10: 0.545 | 
[2026-01-08 18:26:11,676][root][INFO] - Epoch: 461 | Loss: 0.0004 | Val - MRR: 0.4762, MR: 4175.61, H@1: 0.441, H@3: 0.488, H@10: 0.544 | 
[2026-01-08 18:28:35,110][root][INFO] - Epoch: 462 | Loss: 0.0004 | Val - MRR: 0.4768, MR: 4149.49, H@1: 0.441, H@3: 0.492, H@10: 0.543 | 
[2026-01-08 18:30:58,932][root][INFO] - Epoch: 463 | Loss: 0.0004 | Val - MRR: 0.4766, MR: 4139.88, H@1: 0.441, H@3: 0.490, H@10: 0.546 | 
[2026-01-08 18:33:22,594][root][INFO] - Epoch: 464 | Loss: 0.0004 | Val - MRR: 0.4767, MR: 4161.34, H@1: 0.440, H@3: 0.491, H@10: 0.547 | 
[2026-01-08 18:35:45,708][root][INFO] - Epoch: 465 | Loss: 0.0004 | Val - MRR: 0.4771, MR: 4231.98, H@1: 0.442, H@3: 0.489, H@10: 0.547 | 
[2026-01-08 18:38:09,716][root][INFO] - Epoch: 466 | Loss: 0.0004 | Val - MRR: 0.4767, MR: 4176.13, H@1: 0.441, H@3: 0.491, H@10: 0.546 | 
[2026-01-08 18:40:33,314][root][INFO] - Epoch: 467 | Loss: 0.0004 | Val - MRR: 0.4757, MR: 4165.39, H@1: 0.440, H@3: 0.489, H@10: 0.545 | 
[2026-01-08 18:42:56,801][root][INFO] - Epoch: 468 | Loss: 0.0004 | Val - MRR: 0.4755, MR: 4229.93, H@1: 0.440, H@3: 0.488, H@10: 0.544 | 
[2026-01-08 18:45:21,123][root][INFO] - Epoch: 469 | Loss: 0.0004 | Val - MRR: 0.4760, MR: 4122.25, H@1: 0.440, H@3: 0.489, H@10: 0.545 | 
[2026-01-08 18:47:44,584][root][INFO] - Epoch: 470 | Loss: 0.0004 | Val - MRR: 0.4761, MR: 4180.98, H@1: 0.441, H@3: 0.489, H@10: 0.544 | 
[2026-01-08 18:50:08,201][root][INFO] - Epoch: 471 | Loss: 0.0004 | Val - MRR: 0.4758, MR: 4116.70, H@1: 0.440, H@3: 0.489, H@10: 0.544 | 
[2026-01-08 18:52:32,412][root][INFO] - Epoch: 472 | Loss: 0.0004 | Val - MRR: 0.4768, MR: 4163.93, H@1: 0.441, H@3: 0.491, H@10: 0.546 | 
[2026-01-08 18:54:56,059][root][INFO] - Epoch: 473 | Loss: 0.0004 | Val - MRR: 0.4781, MR: 4111.50, H@1: 0.444, H@3: 0.490, H@10: 0.545 | 
[2026-01-08 18:57:19,801][root][INFO] - Epoch: 474 | Loss: 0.0004 | Val - MRR: 0.4762, MR: 4163.69, H@1: 0.441, H@3: 0.488, H@10: 0.543 | 
[2026-01-08 18:59:43,472][root][INFO] - Epoch: 475 | Loss: 0.0004 | Val - MRR: 0.4770, MR: 4183.00, H@1: 0.442, H@3: 0.490, H@10: 0.546 | 
[2026-01-08 19:02:07,672][root][INFO] - Epoch: 476 | Loss: 0.0004 | Val - MRR: 0.4771, MR: 4134.10, H@1: 0.441, H@3: 0.490, H@10: 0.549 | 
[2026-01-08 19:04:30,893][root][INFO] - Epoch: 477 | Loss: 0.0004 | Val - MRR: 0.4757, MR: 4141.67, H@1: 0.440, H@3: 0.490, H@10: 0.544 | 
[2026-01-08 19:06:55,187][root][INFO] - Epoch: 478 | Loss: 0.0004 | Val - MRR: 0.4752, MR: 4141.01, H@1: 0.439, H@3: 0.489, H@10: 0.546 | 
[2026-01-08 19:09:18,657][root][INFO] - Epoch: 479 | Loss: 0.0004 | Val - MRR: 0.4747, MR: 4265.15, H@1: 0.438, H@3: 0.489, H@10: 0.544 | 
[2026-01-08 19:11:42,483][root][INFO] - Epoch: 480 | Loss: 0.0004 | Val - MRR: 0.4765, MR: 4140.81, H@1: 0.441, H@3: 0.491, H@10: 0.546 | 
[2026-01-08 19:14:05,830][root][INFO] - Epoch: 481 | Loss: 0.0004 | Val - MRR: 0.4762, MR: 4203.45, H@1: 0.440, H@3: 0.492, H@10: 0.545 | 
[2026-01-08 19:16:29,660][root][INFO] - Epoch: 482 | Loss: 0.0004 | Val - MRR: 0.4755, MR: 4288.22, H@1: 0.440, H@3: 0.490, H@10: 0.543 | 
[2026-01-08 19:18:53,392][root][INFO] - Epoch: 483 | Loss: 0.0004 | Val - MRR: 0.4773, MR: 4199.69, H@1: 0.441, H@3: 0.493, H@10: 0.546 | 
[2026-01-08 19:21:17,313][root][INFO] - Epoch: 484 | Loss: 0.0004 | Val - MRR: 0.4764, MR: 4164.61, H@1: 0.440, H@3: 0.493, H@10: 0.547 | 
[2026-01-08 19:23:40,574][root][INFO] - Epoch: 485 | Loss: 0.0004 | Val - MRR: 0.4771, MR: 4207.74, H@1: 0.442, H@3: 0.490, H@10: 0.547 | 
[2026-01-08 19:26:04,307][root][INFO] - Epoch: 486 | Loss: 0.0004 | Val - MRR: 0.4756, MR: 4253.87, H@1: 0.440, H@3: 0.490, H@10: 0.545 | 
[2026-01-08 19:28:27,841][root][INFO] - Epoch: 487 | Loss: 0.0004 | Val - MRR: 0.4767, MR: 4207.13, H@1: 0.441, H@3: 0.491, H@10: 0.546 | 
[2026-01-08 19:30:51,977][root][INFO] - Epoch: 488 | Loss: 0.0004 | Val - MRR: 0.4759, MR: 4176.05, H@1: 0.440, H@3: 0.491, H@10: 0.545 | 
[2026-01-08 19:33:15,650][root][INFO] - Epoch: 489 | Loss: 0.0004 | Val - MRR: 0.4771, MR: 4188.94, H@1: 0.442, H@3: 0.490, H@10: 0.544 | 
[2026-01-08 19:35:38,597][root][INFO] - Epoch: 490 | Loss: 0.0004 | Val - MRR: 0.4766, MR: 4224.55, H@1: 0.442, H@3: 0.490, H@10: 0.543 | 
[2026-01-08 19:38:02,338][root][INFO] - Epoch: 491 | Loss: 0.0004 | Val - MRR: 0.4753, MR: 4192.78, H@1: 0.439, H@3: 0.488, H@10: 0.546 | 
[2026-01-08 19:40:25,733][root][INFO] - Epoch: 492 | Loss: 0.0004 | Val - MRR: 0.4759, MR: 4263.82, H@1: 0.440, H@3: 0.490, H@10: 0.544 | 
[2026-01-08 19:40:25,733][root][INFO] - Long time no improvenment, stop training...
[2026-01-08 19:40:25,733][root][INFO] - Training end...
[2026-01-08 19:40:25,781][root][INFO] - Train metrics ...
[2026-01-08 19:41:12,380][root][INFO] - Train (head) - MRR: 0.9839, MR:    1.08, H@1: 0.975, H@3: 0.991, H@10: 0.999
[2026-01-08 19:41:12,381][root][INFO] - Train (tail) - MRR: 0.9816, MR:    1.19, H@1: 0.974, H@3: 0.987, H@10: 0.995
[2026-01-08 19:41:12,381][root][INFO] - Train (avg) - MRR: 0.9827, MR:    1.13, H@1: 0.975, H@3: 0.989, H@10: 0.997

[2026-01-08 19:41:12,381][root][INFO] - Valid metrics ...
[2026-01-08 19:41:18,870][root][INFO] - Valid (head) - MRR: 0.4506, MR: 3674.46, H@1: 0.415, H@3: 0.463, H@10: 0.520
[2026-01-08 19:41:18,871][root][INFO] - Valid (tail) - MRR: 0.5058, MR: 4680.84, H@1: 0.472, H@3: 0.516, H@10: 0.575
[2026-01-08 19:41:18,871][root][INFO] - Valid (avg) - MRR: 0.4782, MR: 4177.65, H@1: 0.443, H@3: 0.489, H@10: 0.548

[2026-01-08 19:41:18,871][root][INFO] - Test metrics...
[2026-01-08 19:41:26,102][root][INFO] - Test (head) - MRR: 0.4500, MR: 3701.77, H@1: 0.413, H@3: 0.462, H@10: 0.525
[2026-01-08 19:41:26,102][root][INFO] - Test (tail) - MRR: 0.5060, MR: 4825.20, H@1: 0.466, H@3: 0.527, H@10: 0.578
[2026-01-08 19:41:26,102][root][INFO] - Test (avg) - MRR: 0.4780, MR: 4263.49, H@1: 0.440, H@3: 0.495, H@10: 0.552

[2026-01-08 19:41:26,103][root][INFO] - Model save path: /home/wangwei/DSGNet-main/DSGNet/data/output/WN18RR/2026-01-07/23-10-55
