[2026-03-23 06:31:10,284][root][INFO] - 
------Config------
 {'dataset': 'FB15k_237', 'epoch': 600, 'batch_size': 1024, 'learning_rate': 0.00035, 'h_dim': 480, 'pred_rel_w': False, 'label_smooth': 0.1, 'n_heads': 8, 'topk': 20, 'kg_layer': 2, 'rm_rate': 0.5, 'ent_drop': 0.3, 'rel_drop': 0.2, 'comp_op': 'mul', 'bn': False, 'k_h': 16, 'k_w': 30, 'conv_drop': 0.3, 'ent_drop_pred': 0.3, 'fc_drop': 0.5, 'ker_sz': 8, 'out_channel': 200, 'device': 0, 'max_no_improve': 35, 'cpu_worker_num': 10, 'warmup_epoch': 5}
[2026-03-23 06:31:10,284][root][INFO] - Code dir path: /home/wangwei/DSGNet-main/DSGNet/code_new
[2026-03-23 06:31:10,284][root][INFO] - Config dir path: /home/wangwei/DSGNet-main/DSGNet/config
[2026-03-23 06:31:10,284][root][INFO] - Model save path: /home/wangwei/DSGNet-main/DSGNet/data/output/FB15k_237/2026-03-23/06-31-10
[2026-03-23 06:31:16,178][root][INFO] - kg # node: 14541
[2026-03-23 06:31:16,178][root][INFO] - kg # edge: 544230
[2026-03-23 06:31:16,178][root][INFO] - kg # zero deg node: 36
[2026-03-23 06:31:16,178][root][INFO] - ---Load Train Data---
[2026-03-23 06:31:18,681][root][INFO] - -----Model Parameter Configuration-----
[2026-03-23 06:31:18,682][root][INFO] - Parameter ent_emb: torch.Size([14541, 480]), require_grad = True
[2026-03-23 06:31:18,682][root][INFO] - Parameter pred_rel_emb: torch.Size([474, 480]), require_grad = True
[2026-03-23 06:31:18,682][root][INFO] - Parameter W_fuse: torch.Size([480, 480]), require_grad = True
[2026-03-23 06:31:18,682][root][INFO] - Parameter a_fuse: torch.Size([960, 1]), require_grad = True
[2026-03-23 06:31:18,682][root][INFO] - Parameter rel_embs.0: torch.Size([474, 480]), require_grad = True
[2026-03-23 06:31:18,682][root][INFO] - Parameter rel_embs.1: torch.Size([474, 480]), require_grad = True
[2026-03-23 06:31:18,682][root][INFO] - Parameter predictor.bn0.weight: torch.Size([1]), require_grad = True
[2026-03-23 06:31:18,682][root][INFO] - Parameter predictor.bn0.bias: torch.Size([1]), require_grad = True
[2026-03-23 06:31:18,682][root][INFO] - Parameter predictor.bn1.weight: torch.Size([200]), require_grad = True
[2026-03-23 06:31:18,682][root][INFO] - Parameter predictor.bn1.bias: torch.Size([200]), require_grad = True
[2026-03-23 06:31:18,682][root][INFO] - Parameter predictor.bn2.weight: torch.Size([480]), require_grad = True
[2026-03-23 06:31:18,682][root][INFO] - Parameter predictor.bn2.bias: torch.Size([480]), require_grad = True
[2026-03-23 06:31:18,682][root][INFO] - Parameter predictor.conv.weight: torch.Size([200, 1, 8, 8]), require_grad = True
[2026-03-23 06:31:18,682][root][INFO] - Parameter predictor.fc.weight: torch.Size([480, 115000]), require_grad = True
[2026-03-23 06:31:18,682][root][INFO] - Parameter L.weight: torch.Size([480, 480]), require_grad = True
[2026-03-23 06:31:18,682][root][INFO] - Parameter L.bias: torch.Size([480]), require_grad = True
[2026-03-23 06:31:18,682][root][INFO] - Parameter S.weight: torch.Size([480, 480]), require_grad = True
[2026-03-23 06:31:18,682][root][INFO] - Parameter S.bias: torch.Size([480]), require_grad = True
[2026-03-23 06:31:18,682][root][INFO] - Parameter comp_layers.0.a: torch.Size([1, 8, 180]), require_grad = True
[2026-03-23 06:31:18,682][root][INFO] - Parameter comp_layers.0.W_ent.weight: torch.Size([480, 480]), require_grad = True
[2026-03-23 06:31:18,682][root][INFO] - Parameter comp_layers.0.W_rel.weight: torch.Size([480, 480]), require_grad = True
[2026-03-23 06:31:18,683][root][INFO] - Parameter comp_layers.0.proj.weight: torch.Size([480, 480]), require_grad = True
[2026-03-23 06:31:18,683][root][INFO] - Parameter comp_layers.1.a: torch.Size([1, 8, 180]), require_grad = True
[2026-03-23 06:31:18,683][root][INFO] - Parameter comp_layers.1.W_ent.weight: torch.Size([480, 480]), require_grad = True
[2026-03-23 06:31:18,683][root][INFO] - Parameter comp_layers.1.W_rel.weight: torch.Size([480, 480]), require_grad = True
[2026-03-23 06:31:18,683][root][INFO] - Parameter comp_layers.1.proj.weight: torch.Size([480, 480]), require_grad = True
[2026-03-23 06:31:19,574][root][INFO] - Training... total epoch: 600, step: 88200
[2026-03-23 06:34:58,115][root][INFO] - Epoch:   0 | Loss: 0.9243 | Val - MRR: 0.0044, MR: 5242.30, H@1: 0.002, H@3: 0.003, H@10: 0.007 | Test - MRR: 0.0045 | *
[2026-03-23 06:38:34,248][root][INFO] - Epoch:   1 | Loss: 0.0124 | Val - MRR: 0.0217, MR: 4904.61, H@1: 0.011, H@3: 0.024, H@10: 0.037 | Test - MRR: 0.0222 | *
[2026-03-23 06:42:09,003][root][INFO] - Epoch:   2 | Loss: 0.0035 | Val - MRR: 0.0329, MR: 4659.80, H@1: 0.017, H@3: 0.044, H@10: 0.056 | Test - MRR: 0.0330 | *
[2026-03-23 06:45:25,396][root][INFO] - Epoch:   3 | Loss: 0.0032 | Val - MRR: 0.0509, MR: 4383.42, H@1: 0.044, H@3: 0.046, H@10: 0.066 | Test - MRR: 0.0509 | *
[2026-03-23 06:48:25,497][root][INFO] - Epoch:   4 | Loss: 0.0031 | Val - MRR: 0.0541, MR: 4179.86, H@1: 0.042, H@3: 0.053, H@10: 0.071 | Test - MRR: 0.0539 | *
[2026-03-23 06:51:25,571][root][INFO] - Epoch:   5 | Loss: 0.0030 | Val - MRR: 0.0640, MR: 4052.28, H@1: 0.053, H@3: 0.062, H@10: 0.079 | Test - MRR: 0.0637 | *
[2026-03-23 06:54:26,353][root][INFO] - Epoch:   6 | Loss: 0.0030 | Val - MRR: 0.0684, MR: 3943.97, H@1: 0.055, H@3: 0.070, H@10: 0.084 | Test - MRR: 0.0681 | *
[2026-03-23 06:57:28,363][root][INFO] - Epoch:   7 | Loss: 0.0029 | Val - MRR: 0.0724, MR: 3841.45, H@1: 0.056, H@3: 0.075, H@10: 0.097 | Test - MRR: 0.0720 | *
[2026-03-23 07:00:28,655][root][INFO] - Epoch:   8 | Loss: 0.0029 | Val - MRR: 0.0751, MR: 3734.67, H@1: 0.059, H@3: 0.074, H@10: 0.102 | Test - MRR: 0.0747 | *
[2026-03-23 07:03:29,280][root][INFO] - Epoch:   9 | Loss: 0.0029 | Val - MRR: 0.0827, MR: 3675.08, H@1: 0.065, H@3: 0.081, H@10: 0.116 | Test - MRR: 0.0820 | *
[2026-03-23 07:06:30,463][root][INFO] - Epoch:  10 | Loss: 0.0028 | Val - MRR: 0.0919, MR: 3502.71, H@1: 0.072, H@3: 0.094, H@10: 0.130 | Test - MRR: 0.0907 | *
[2026-03-23 07:09:32,095][root][INFO] - Epoch:  11 | Loss: 0.0028 | Val - MRR: 0.1049, MR: 3289.05, H@1: 0.082, H@3: 0.113, H@10: 0.148 | Test - MRR: 0.1048 | *
[2026-03-23 07:12:32,563][root][INFO] - Epoch:  12 | Loss: 0.0027 | Val - MRR: 0.1118, MR: 3031.20, H@1: 0.088, H@3: 0.118, H@10: 0.157 | Test - MRR: 0.1114 | *
[2026-03-23 07:15:34,083][root][INFO] - Epoch:  13 | Loss: 0.0027 | Val - MRR: 0.1183, MR: 2807.18, H@1: 0.091, H@3: 0.126, H@10: 0.169 | Test - MRR: 0.1179 | *
[2026-03-23 07:18:38,784][root][INFO] - Epoch:  14 | Loss: 0.0026 | Val - MRR: 0.1238, MR: 2529.47, H@1: 0.095, H@3: 0.133, H@10: 0.180 | Test - MRR: 0.1239 | *
[2026-03-23 07:21:42,072][root][INFO] - Epoch:  15 | Loss: 0.0026 | Val - MRR: 0.1292, MR: 2189.10, H@1: 0.098, H@3: 0.137, H@10: 0.191 | Test - MRR: 0.1295 | *
[2026-03-23 07:24:45,804][root][INFO] - Epoch:  16 | Loss: 0.0026 | Val - MRR: 0.1338, MR: 1954.73, H@1: 0.101, H@3: 0.142, H@10: 0.196 | Test - MRR: 0.1338 | *
[2026-03-23 07:27:47,021][root][INFO] - Epoch:  17 | Loss: 0.0025 | Val - MRR: 0.1393, MR: 1724.16, H@1: 0.104, H@3: 0.146, H@10: 0.209 | Test - MRR: 0.1396 | *
[2026-03-23 07:30:49,742][root][INFO] - Epoch:  18 | Loss: 0.0024 | Val - MRR: 0.1457, MR: 1538.20, H@1: 0.109, H@3: 0.155, H@10: 0.217 | Test - MRR: 0.1468 | *
[2026-03-23 07:33:51,340][root][INFO] - Epoch:  19 | Loss: 0.0024 | Val - MRR: 0.1534, MR: 1414.20, H@1: 0.114, H@3: 0.163, H@10: 0.232 | Test - MRR: 0.1547 | *
[2026-03-23 07:36:51,988][root][INFO] - Epoch:  20 | Loss: 0.0023 | Val - MRR: 0.1570, MR: 1285.33, H@1: 0.116, H@3: 0.166, H@10: 0.237 | Test - MRR: 0.1579 | *
[2026-03-23 07:39:53,275][root][INFO] - Epoch:  21 | Loss: 0.0023 | Val - MRR: 0.1613, MR: 1212.76, H@1: 0.118, H@3: 0.172, H@10: 0.245 | Test - MRR: 0.1618 | *
[2026-03-23 07:42:55,888][root][INFO] - Epoch:  22 | Loss: 0.0023 | Val - MRR: 0.1658, MR: 1138.76, H@1: 0.122, H@3: 0.176, H@10: 0.251 | Test - MRR: 0.1661 | *
[2026-03-23 07:45:58,488][root][INFO] - Epoch:  23 | Loss: 0.0023 | Val - MRR: 0.1703, MR: 1032.90, H@1: 0.126, H@3: 0.182, H@10: 0.256 | Test - MRR: 0.1701 | *
[2026-03-23 07:48:58,970][root][INFO] - Epoch:  24 | Loss: 0.0022 | Val - MRR: 0.1726, MR:  955.60, H@1: 0.127, H@3: 0.185, H@10: 0.260 | Test - MRR: 0.1722 | *
[2026-03-23 07:52:00,994][root][INFO] - Epoch:  25 | Loss: 0.0022 | Val - MRR: 0.1758, MR:  891.16, H@1: 0.129, H@3: 0.189, H@10: 0.266 | Test - MRR: 0.1755 | *
[2026-03-23 07:55:03,137][root][INFO] - Epoch:  26 | Loss: 0.0022 | Val - MRR: 0.1799, MR:  830.82, H@1: 0.132, H@3: 0.192, H@10: 0.273 | Test - MRR: 0.1793 | *
[2026-03-23 07:58:03,862][root][INFO] - Epoch:  27 | Loss: 0.0022 | Val - MRR: 0.1845, MR:  794.82, H@1: 0.134, H@3: 0.199, H@10: 0.278 | Test - MRR: 0.1837 | *
[2026-03-23 08:01:05,685][root][INFO] - Epoch:  28 | Loss: 0.0021 | Val - MRR: 0.1883, MR:  731.52, H@1: 0.137, H@3: 0.203, H@10: 0.286 | Test - MRR: 0.1877 | *
[2026-03-23 08:04:06,277][root][INFO] - Epoch:  29 | Loss: 0.0021 | Val - MRR: 0.1920, MR:  680.73, H@1: 0.138, H@3: 0.209, H@10: 0.293 | Test - MRR: 0.1910 | *
[2026-03-23 08:07:07,746][root][INFO] - Epoch:  30 | Loss: 0.0021 | Val - MRR: 0.1974, MR:  653.21, H@1: 0.143, H@3: 0.212, H@10: 0.302 | Test - MRR: 0.1960 | *
[2026-03-23 08:10:09,769][root][INFO] - Epoch:  31 | Loss: 0.0021 | Val - MRR: 0.1998, MR:  626.23, H@1: 0.144, H@3: 0.217, H@10: 0.307 | Test - MRR: 0.1985 | *
[2026-03-23 08:13:11,893][root][INFO] - Epoch:  32 | Loss: 0.0021 | Val - MRR: 0.2038, MR:  600.65, H@1: 0.148, H@3: 0.221, H@10: 0.310 | Test - MRR: 0.2020 | *
[2026-03-23 08:16:14,390][root][INFO] - Epoch:  33 | Loss: 0.0021 | Val - MRR: 0.2086, MR:  569.76, H@1: 0.153, H@3: 0.224, H@10: 0.317 | Test - MRR: 0.2074 | *
[2026-03-23 08:19:15,223][root][INFO] - Epoch:  34 | Loss: 0.0021 | Val - MRR: 0.2097, MR:  550.17, H@1: 0.152, H@3: 0.226, H@10: 0.320 | Test - MRR: 0.2085 | *
[2026-03-23 08:22:18,022][root][INFO] - Epoch:  35 | Loss: 0.0020 | Val - MRR: 0.2132, MR:  532.91, H@1: 0.156, H@3: 0.230, H@10: 0.322 | Test - MRR: 0.2104 | *
[2026-03-23 08:25:19,628][root][INFO] - Epoch:  36 | Loss: 0.0020 | Val - MRR: 0.2147, MR:  510.67, H@1: 0.156, H@3: 0.232, H@10: 0.326 | Test - MRR: 0.2132 | *
[2026-03-23 08:28:30,024][root][INFO] - Epoch:  37 | Loss: 0.0020 | Val - MRR: 0.2160, MR:  497.85, H@1: 0.157, H@3: 0.234, H@10: 0.327 | Test - MRR: 0.2149 | *
[2026-03-23 08:32:03,565][root][INFO] - Epoch:  38 | Loss: 0.0020 | Val - MRR: 0.2173, MR:  486.24, H@1: 0.158, H@3: 0.234, H@10: 0.332 | Test - MRR: 0.2161 | *
[2026-03-23 08:35:12,500][root][INFO] - Epoch:  39 | Loss: 0.0020 | Val - MRR: 0.2206, MR:  464.59, H@1: 0.160, H@3: 0.238, H@10: 0.336 | Test - MRR: 0.2195 | *
[2026-03-23 08:38:13,814][root][INFO] - Epoch:  40 | Loss: 0.0020 | Val - MRR: 0.2240, MR:  457.93, H@1: 0.164, H@3: 0.240, H@10: 0.340 | Test - MRR: 0.2218 | *
[2026-03-23 08:41:23,198][root][INFO] - Epoch:  41 | Loss: 0.0020 | Val - MRR: 0.2265, MR:  441.10, H@1: 0.165, H@3: 0.244, H@10: 0.344 | Test - MRR: 0.2241 | *
[2026-03-23 08:44:33,924][root][INFO] - Epoch:  42 | Loss: 0.0020 | Val - MRR: 0.2267, MR:  442.95, H@1: 0.165, H@3: 0.244, H@10: 0.344 | Test - MRR: 0.2250 | *
[2026-03-23 08:47:35,524][root][INFO] - Epoch:  43 | Loss: 0.0020 | Val - MRR: 0.2297, MR:  437.82, H@1: 0.167, H@3: 0.250, H@10: 0.351 | Test - MRR: 0.2282 | *
[2026-03-23 08:50:37,200][root][INFO] - Epoch:  44 | Loss: 0.0020 | Val - MRR: 0.2325, MR:  425.22, H@1: 0.171, H@3: 0.250, H@10: 0.351 | Test - MRR: 0.2308 | *
[2026-03-23 08:53:38,013][root][INFO] - Epoch:  45 | Loss: 0.0020 | Val - MRR: 0.2339, MR:  416.19, H@1: 0.171, H@3: 0.253, H@10: 0.355 | Test - MRR: 0.2329 | *
[2026-03-23 08:56:40,696][root][INFO] - Epoch:  46 | Loss: 0.0020 | Val - MRR: 0.2369, MR:  408.19, H@1: 0.174, H@3: 0.255, H@10: 0.357 | Test - MRR: 0.2352 | *
[2026-03-23 08:59:26,452][root][INFO] - Epoch:  47 | Loss: 0.0020 | Val - MRR: 0.2367, MR:  399.98, H@1: 0.172, H@3: 0.257, H@10: 0.361 | 
[2026-03-23 09:02:11,588][root][INFO] - Epoch:  48 | Loss: 0.0019 | Val - MRR: 0.2366, MR:  394.07, H@1: 0.172, H@3: 0.257, H@10: 0.362 | 
[2026-03-23 09:05:12,568][root][INFO] - Epoch:  49 | Loss: 0.0019 | Val - MRR: 0.2400, MR:  378.26, H@1: 0.174, H@3: 0.262, H@10: 0.367 | Test - MRR: 0.2375 | *
[2026-03-23 09:09:11,415][root][INFO] - Epoch:  50 | Loss: 0.0019 | Val - MRR: 0.2416, MR:  369.80, H@1: 0.176, H@3: 0.262, H@10: 0.369 | Test - MRR: 0.2406 | *
[2026-03-23 09:12:16,167][root][INFO] - Epoch:  51 | Loss: 0.0019 | Val - MRR: 0.2439, MR:  371.13, H@1: 0.178, H@3: 0.265, H@10: 0.371 | Test - MRR: 0.2424 | *
[2026-03-23 09:16:11,103][root][INFO] - Epoch:  52 | Loss: 0.0019 | Val - MRR: 0.2443, MR:  363.22, H@1: 0.178, H@3: 0.266, H@10: 0.372 | Test - MRR: 0.2430 | *
[2026-03-23 09:19:12,379][root][INFO] - Epoch:  53 | Loss: 0.0019 | Val - MRR: 0.2469, MR:  355.95, H@1: 0.179, H@3: 0.270, H@10: 0.375 | Test - MRR: 0.2451 | *
[2026-03-23 09:22:14,376][root][INFO] - Epoch:  54 | Loss: 0.0019 | Val - MRR: 0.2481, MR:  353.48, H@1: 0.180, H@3: 0.271, H@10: 0.377 | Test - MRR: 0.2469 | *
[2026-03-23 09:25:15,645][root][INFO] - Epoch:  55 | Loss: 0.0019 | Val - MRR: 0.2494, MR:  346.06, H@1: 0.181, H@3: 0.272, H@10: 0.379 | Test - MRR: 0.2489 | *
[2026-03-23 09:28:17,535][root][INFO] - Epoch:  56 | Loss: 0.0019 | Val - MRR: 0.2511, MR:  343.91, H@1: 0.183, H@3: 0.274, H@10: 0.381 | Test - MRR: 0.2500 | *
[2026-03-23 09:31:22,984][root][INFO] - Epoch:  57 | Loss: 0.0019 | Val - MRR: 0.2520, MR:  335.91, H@1: 0.183, H@3: 0.276, H@10: 0.385 | Test - MRR: 0.2506 | *
[2026-03-23 09:34:27,991][root][INFO] - Epoch:  58 | Loss: 0.0019 | Val - MRR: 0.2550, MR:  329.65, H@1: 0.187, H@3: 0.277, H@10: 0.386 | Test - MRR: 0.2535 | *
[2026-03-23 09:38:50,857][root][INFO] - Epoch:  59 | Loss: 0.0019 | Val - MRR: 0.2565, MR:  324.01, H@1: 0.187, H@3: 0.279, H@10: 0.389 | Test - MRR: 0.2557 | *
[2026-03-23 09:41:51,720][root][INFO] - Epoch:  60 | Loss: 0.0018 | Val - MRR: 0.2574, MR:  323.62, H@1: 0.188, H@3: 0.280, H@10: 0.390 | Test - MRR: 0.2560 | *
[2026-03-23 09:44:56,312][root][INFO] - Epoch:  61 | Loss: 0.0019 | Val - MRR: 0.2594, MR:  321.73, H@1: 0.190, H@3: 0.282, H@10: 0.394 | Test - MRR: 0.2586 | *
[2026-03-23 09:47:56,814][root][INFO] - Epoch:  62 | Loss: 0.0018 | Val - MRR: 0.2606, MR:  311.07, H@1: 0.190, H@3: 0.286, H@10: 0.396 | Test - MRR: 0.2593 | *
[2026-03-23 09:51:16,908][root][INFO] - Epoch:  63 | Loss: 0.0018 | Val - MRR: 0.2629, MR:  305.89, H@1: 0.193, H@3: 0.285, H@10: 0.399 | Test - MRR: 0.2612 | *
[2026-03-23 09:54:45,067][root][INFO] - Epoch:  64 | Loss: 0.0018 | Val - MRR: 0.2643, MR:  300.40, H@1: 0.194, H@3: 0.287, H@10: 0.400 | Test - MRR: 0.2627 | *
[2026-03-23 09:57:45,452][root][INFO] - Epoch:  65 | Loss: 0.0018 | Val - MRR: 0.2663, MR:  293.23, H@1: 0.196, H@3: 0.288, H@10: 0.404 | Test - MRR: 0.2647 | *
[2026-03-23 10:00:46,230][root][INFO] - Epoch:  66 | Loss: 0.0018 | Val - MRR: 0.2669, MR:  293.45, H@1: 0.196, H@3: 0.290, H@10: 0.405 | Test - MRR: 0.2652 | *
[2026-03-23 10:03:46,783][root][INFO] - Epoch:  67 | Loss: 0.0018 | Val - MRR: 0.2695, MR:  289.52, H@1: 0.199, H@3: 0.291, H@10: 0.407 | Test - MRR: 0.2685 | *
[2026-03-23 10:06:51,542][root][INFO] - Epoch:  68 | Loss: 0.0018 | Val - MRR: 0.2714, MR:  282.75, H@1: 0.200, H@3: 0.294, H@10: 0.410 | Test - MRR: 0.2701 | *
[2026-03-23 10:09:52,947][root][INFO] - Epoch:  69 | Loss: 0.0018 | Val - MRR: 0.2738, MR:  282.83, H@1: 0.202, H@3: 0.297, H@10: 0.414 | Test - MRR: 0.2732 | *
[2026-03-23 10:12:36,631][root][INFO] - Epoch:  70 | Loss: 0.0018 | Val - MRR: 0.2735, MR:  277.39, H@1: 0.200, H@3: 0.298, H@10: 0.416 | 
[2026-03-23 10:15:39,997][root][INFO] - Epoch:  71 | Loss: 0.0018 | Val - MRR: 0.2783, MR:  280.50, H@1: 0.206, H@3: 0.302, H@10: 0.420 | Test - MRR: 0.2765 | *
[2026-03-23 10:18:47,688][root][INFO] - Epoch:  72 | Loss: 0.0018 | Val - MRR: 0.2794, MR:  273.65, H@1: 0.207, H@3: 0.303, H@10: 0.421 | Test - MRR: 0.2768 | *
[2026-03-23 10:21:55,899][root][INFO] - Epoch:  73 | Loss: 0.0018 | Val - MRR: 0.2821, MR:  264.47, H@1: 0.209, H@3: 0.306, H@10: 0.425 | Test - MRR: 0.2784 | *
[2026-03-23 10:25:05,961][root][INFO] - Epoch:  74 | Loss: 0.0018 | Val - MRR: 0.2823, MR:  261.26, H@1: 0.208, H@3: 0.306, H@10: 0.427 | Test - MRR: 0.2794 | *
[2026-03-23 10:28:14,562][root][INFO] - Epoch:  75 | Loss: 0.0018 | Val - MRR: 0.2826, MR:  258.89, H@1: 0.207, H@3: 0.307, H@10: 0.429 | Test - MRR: 0.2802 | *
[2026-03-23 10:31:36,791][root][INFO] - Epoch:  76 | Loss: 0.0017 | Val - MRR: 0.2859, MR:  255.21, H@1: 0.212, H@3: 0.308, H@10: 0.433 | Test - MRR: 0.2836 | *
[2026-03-23 10:34:36,620][root][INFO] - Epoch:  77 | Loss: 0.0017 | Val - MRR: 0.2869, MR:  253.46, H@1: 0.211, H@3: 0.311, H@10: 0.436 | Test - MRR: 0.2852 | *
[2026-03-23 10:37:35,142][root][INFO] - Epoch:  78 | Loss: 0.0017 | Val - MRR: 0.2881, MR:  246.47, H@1: 0.212, H@3: 0.314, H@10: 0.438 | Test - MRR: 0.2854 | *
[2026-03-23 10:40:35,037][root][INFO] - Epoch:  79 | Loss: 0.0017 | Val - MRR: 0.2892, MR:  241.79, H@1: 0.212, H@3: 0.313, H@10: 0.440 | Test - MRR: 0.2872 | *
[2026-03-23 10:43:35,732][root][INFO] - Epoch:  80 | Loss: 0.0017 | Val - MRR: 0.2922, MR:  239.85, H@1: 0.215, H@3: 0.318, H@10: 0.445 | Test - MRR: 0.2903 | *
[2026-03-23 10:46:36,024][root][INFO] - Epoch:  81 | Loss: 0.0017 | Val - MRR: 0.2953, MR:  234.79, H@1: 0.219, H@3: 0.320, H@10: 0.449 | Test - MRR: 0.2932 | *
[2026-03-23 10:49:34,119][root][INFO] - Epoch:  82 | Loss: 0.0017 | Val - MRR: 0.2955, MR:  240.70, H@1: 0.218, H@3: 0.320, H@10: 0.450 | Test - MRR: 0.2932 | *
[2026-03-23 10:52:33,143][root][INFO] - Epoch:  83 | Loss: 0.0017 | Val - MRR: 0.2967, MR:  237.76, H@1: 0.219, H@3: 0.322, H@10: 0.451 | Test - MRR: 0.2938 | *
[2026-03-23 10:55:32,018][root][INFO] - Epoch:  84 | Loss: 0.0017 | Val - MRR: 0.2985, MR:  231.12, H@1: 0.220, H@3: 0.324, H@10: 0.455 | Test - MRR: 0.2959 | *
[2026-03-23 10:58:32,143][root][INFO] - Epoch:  85 | Loss: 0.0017 | Val - MRR: 0.3003, MR:  231.86, H@1: 0.222, H@3: 0.325, H@10: 0.458 | Test - MRR: 0.2975 | *
[2026-03-23 11:01:30,161][root][INFO] - Epoch:  86 | Loss: 0.0017 | Val - MRR: 0.3031, MR:  225.10, H@1: 0.224, H@3: 0.329, H@10: 0.459 | Test - MRR: 0.2993 | *
[2026-03-23 11:04:29,434][root][INFO] - Epoch:  87 | Loss: 0.0017 | Val - MRR: 0.3032, MR:  222.54, H@1: 0.224, H@3: 0.329, H@10: 0.461 | Test - MRR: 0.2997 | *
[2026-03-23 11:07:29,568][root][INFO] - Epoch:  88 | Loss: 0.0016 | Val - MRR: 0.3064, MR:  221.51, H@1: 0.227, H@3: 0.334, H@10: 0.466 | Test - MRR: 0.3026 | *
[2026-03-23 11:10:28,329][root][INFO] - Epoch:  89 | Loss: 0.0016 | Val - MRR: 0.3067, MR:  218.00, H@1: 0.226, H@3: 0.334, H@10: 0.464 | Test - MRR: 0.3032 | *
[2026-03-23 11:13:29,192][root][INFO] - Epoch:  90 | Loss: 0.0016 | Val - MRR: 0.3087, MR:  220.24, H@1: 0.229, H@3: 0.334, H@10: 0.469 | Test - MRR: 0.3052 | *
[2026-03-23 11:16:28,122][root][INFO] - Epoch:  91 | Loss: 0.0016 | Val - MRR: 0.3097, MR:  219.90, H@1: 0.229, H@3: 0.336, H@10: 0.470 | Test - MRR: 0.3075 | *
[2026-03-23 11:19:28,696][root][INFO] - Epoch:  92 | Loss: 0.0016 | Val - MRR: 0.3119, MR:  218.55, H@1: 0.231, H@3: 0.338, H@10: 0.472 | Test - MRR: 0.3085 | *
[2026-03-23 11:22:27,815][root][INFO] - Epoch:  93 | Loss: 0.0017 | Val - MRR: 0.3123, MR:  212.97, H@1: 0.231, H@3: 0.339, H@10: 0.475 | Test - MRR: 0.3098 | *
[2026-03-23 11:25:27,831][root][INFO] - Epoch:  94 | Loss: 0.0016 | Val - MRR: 0.3140, MR:  217.32, H@1: 0.233, H@3: 0.341, H@10: 0.474 | Test - MRR: 0.3104 | *
[2026-03-23 11:28:27,895][root][INFO] - Epoch:  95 | Loss: 0.0016 | Val - MRR: 0.3158, MR:  207.50, H@1: 0.234, H@3: 0.344, H@10: 0.478 | Test - MRR: 0.3130 | *
[2026-03-23 11:31:26,545][root][INFO] - Epoch:  96 | Loss: 0.0016 | Val - MRR: 0.3161, MR:  208.13, H@1: 0.234, H@3: 0.343, H@10: 0.481 | Test - MRR: 0.3126 | *
[2026-03-23 11:34:26,558][root][INFO] - Epoch:  97 | Loss: 0.0016 | Val - MRR: 0.3190, MR:  204.54, H@1: 0.237, H@3: 0.345, H@10: 0.483 | Test - MRR: 0.3156 | *
[2026-03-23 11:37:10,313][root][INFO] - Epoch:  98 | Loss: 0.0016 | Val - MRR: 0.3174, MR:  209.29, H@1: 0.235, H@3: 0.344, H@10: 0.483 | 
[2026-03-23 11:40:10,991][root][INFO] - Epoch:  99 | Loss: 0.0016 | Val - MRR: 0.3190, MR:  205.53, H@1: 0.236, H@3: 0.347, H@10: 0.484 | Test - MRR: 0.3155 | *
[2026-03-23 11:43:10,109][root][INFO] - Epoch: 100 | Loss: 0.0016 | Val - MRR: 0.3208, MR:  204.63, H@1: 0.237, H@3: 0.349, H@10: 0.488 | Test - MRR: 0.3183 | *
[2026-03-23 11:45:53,120][root][INFO] - Epoch: 101 | Loss: 0.0016 | Val - MRR: 0.3208, MR:  200.55, H@1: 0.238, H@3: 0.350, H@10: 0.486 | 
[2026-03-23 11:48:52,816][root][INFO] - Epoch: 102 | Loss: 0.0016 | Val - MRR: 0.3211, MR:  200.89, H@1: 0.236, H@3: 0.351, H@10: 0.490 | Test - MRR: 0.3172 | *
[2026-03-23 11:51:52,538][root][INFO] - Epoch: 103 | Loss: 0.0016 | Val - MRR: 0.3234, MR:  204.82, H@1: 0.240, H@3: 0.350, H@10: 0.490 | Test - MRR: 0.3203 | *
[2026-03-23 11:54:52,968][root][INFO] - Epoch: 104 | Loss: 0.0016 | Val - MRR: 0.3245, MR:  201.24, H@1: 0.241, H@3: 0.354, H@10: 0.492 | Test - MRR: 0.3210 | *
[2026-03-23 11:57:53,969][root][INFO] - Epoch: 105 | Loss: 0.0016 | Val - MRR: 0.3264, MR:  198.60, H@1: 0.243, H@3: 0.355, H@10: 0.495 | Test - MRR: 0.3228 | *
[2026-03-23 12:00:54,153][root][INFO] - Epoch: 106 | Loss: 0.0016 | Val - MRR: 0.3272, MR:  194.64, H@1: 0.243, H@3: 0.356, H@10: 0.495 | Test - MRR: 0.3236 | *
[2026-03-23 12:03:51,042][root][INFO] - Epoch: 107 | Loss: 0.0015 | Val - MRR: 0.3286, MR:  195.49, H@1: 0.244, H@3: 0.358, H@10: 0.500 | Test - MRR: 0.3234 | *
[2026-03-23 12:06:49,577][root][INFO] - Epoch: 108 | Loss: 0.0016 | Val - MRR: 0.3285, MR:  194.16, H@1: 0.244, H@3: 0.357, H@10: 0.499 | Test - MRR: 0.3238 | *
[2026-03-23 12:09:49,894][root][INFO] - Epoch: 109 | Loss: 0.0015 | Val - MRR: 0.3290, MR:  195.63, H@1: 0.245, H@3: 0.357, H@10: 0.500 | Test - MRR: 0.3261 | *
[2026-03-23 12:12:48,527][root][INFO] - Epoch: 110 | Loss: 0.0016 | Val - MRR: 0.3305, MR:  191.14, H@1: 0.246, H@3: 0.360, H@10: 0.502 | Test - MRR: 0.3260 | *
[2026-03-23 12:15:31,443][root][INFO] - Epoch: 111 | Loss: 0.0015 | Val - MRR: 0.3288, MR:  196.17, H@1: 0.243, H@3: 0.359, H@10: 0.503 | 
[2026-03-23 12:18:14,022][root][INFO] - Epoch: 112 | Loss: 0.0015 | Val - MRR: 0.3288, MR:  195.75, H@1: 0.244, H@3: 0.358, H@10: 0.501 | 
[2026-03-23 12:21:15,174][root][INFO] - Epoch: 113 | Loss: 0.0015 | Val - MRR: 0.3302, MR:  193.94, H@1: 0.245, H@3: 0.359, H@10: 0.502 | Test - MRR: 0.3262 | *
[2026-03-23 12:24:13,595][root][INFO] - Epoch: 114 | Loss: 0.0015 | Val - MRR: 0.3328, MR:  193.67, H@1: 0.247, H@3: 0.364, H@10: 0.506 | Test - MRR: 0.3284 | *
[2026-03-23 12:27:13,940][root][INFO] - Epoch: 115 | Loss: 0.0015 | Val - MRR: 0.3321, MR:  197.61, H@1: 0.246, H@3: 0.362, H@10: 0.503 | Test - MRR: 0.3285 | *
[2026-03-23 12:30:13,846][root][INFO] - Epoch: 116 | Loss: 0.0015 | Val - MRR: 0.3331, MR:  188.90, H@1: 0.246, H@3: 0.363, H@10: 0.507 | Test - MRR: 0.3291 | *
[2026-03-23 12:33:14,083][root][INFO] - Epoch: 117 | Loss: 0.0015 | Val - MRR: 0.3342, MR:  186.82, H@1: 0.248, H@3: 0.364, H@10: 0.507 | Test - MRR: 0.3293 | *
[2026-03-23 12:36:14,202][root][INFO] - Epoch: 118 | Loss: 0.0015 | Val - MRR: 0.3351, MR:  190.19, H@1: 0.249, H@3: 0.366, H@10: 0.507 | Test - MRR: 0.3304 | *
[2026-03-23 12:39:14,713][root][INFO] - Epoch: 119 | Loss: 0.0015 | Val - MRR: 0.3355, MR:  188.83, H@1: 0.249, H@3: 0.366, H@10: 0.506 | Test - MRR: 0.3308 | *
[2026-03-23 12:41:57,482][root][INFO] - Epoch: 120 | Loss: 0.0015 | Val - MRR: 0.3345, MR:  187.36, H@1: 0.247, H@3: 0.366, H@10: 0.507 | 
[2026-03-23 12:44:56,099][root][INFO] - Epoch: 121 | Loss: 0.0015 | Val - MRR: 0.3348, MR:  187.95, H@1: 0.247, H@3: 0.366, H@10: 0.509 | Test - MRR: 0.3325 | *
[2026-03-23 12:47:54,196][root][INFO] - Epoch: 122 | Loss: 0.0015 | Val - MRR: 0.3353, MR:  188.34, H@1: 0.248, H@3: 0.366, H@10: 0.508 | Test - MRR: 0.3308 | *
[2026-03-23 12:50:52,700][root][INFO] - Epoch: 123 | Loss: 0.0015 | Val - MRR: 0.3360, MR:  185.67, H@1: 0.248, H@3: 0.368, H@10: 0.511 | Test - MRR: 0.3325 | *
[2026-03-23 12:53:53,033][root][INFO] - Epoch: 124 | Loss: 0.0015 | Val - MRR: 0.3390, MR:  184.04, H@1: 0.252, H@3: 0.370, H@10: 0.512 | Test - MRR: 0.3351 | *
[2026-03-23 12:56:36,067][root][INFO] - Epoch: 125 | Loss: 0.0015 | Val - MRR: 0.3379, MR:  183.19, H@1: 0.251, H@3: 0.369, H@10: 0.512 | 
[2026-03-23 12:59:18,735][root][INFO] - Epoch: 126 | Loss: 0.0015 | Val - MRR: 0.3379, MR:  185.64, H@1: 0.251, H@3: 0.368, H@10: 0.513 | 
[2026-03-23 13:02:02,703][root][INFO] - Epoch: 127 | Loss: 0.0015 | Val - MRR: 0.3386, MR:  185.68, H@1: 0.251, H@3: 0.371, H@10: 0.513 | 
[2026-03-23 13:05:00,633][root][INFO] - Epoch: 128 | Loss: 0.0015 | Val - MRR: 0.3396, MR:  182.37, H@1: 0.252, H@3: 0.371, H@10: 0.514 | Test - MRR: 0.3344 | *
[2026-03-23 13:08:01,079][root][INFO] - Epoch: 129 | Loss: 0.0015 | Val - MRR: 0.3388, MR:  181.38, H@1: 0.252, H@3: 0.369, H@10: 0.514 | Test - MRR: 0.3354 | *
[2026-03-23 13:11:00,768][root][INFO] - Epoch: 130 | Loss: 0.0015 | Val - MRR: 0.3407, MR:  186.04, H@1: 0.254, H@3: 0.370, H@10: 0.515 | Test - MRR: 0.3367 | *
[2026-03-23 13:13:59,653][root][INFO] - Epoch: 131 | Loss: 0.0015 | Val - MRR: 0.3411, MR:  180.22, H@1: 0.254, H@3: 0.372, H@10: 0.516 | Test - MRR: 0.3365 | *
[2026-03-23 13:16:41,520][root][INFO] - Epoch: 132 | Loss: 0.0015 | Val - MRR: 0.3409, MR:  187.92, H@1: 0.253, H@3: 0.373, H@10: 0.518 | 
[2026-03-23 13:19:24,725][root][INFO] - Epoch: 133 | Loss: 0.0015 | Val - MRR: 0.3408, MR:  185.45, H@1: 0.254, H@3: 0.371, H@10: 0.517 | 
[2026-03-23 13:22:24,824][root][INFO] - Epoch: 134 | Loss: 0.0015 | Val - MRR: 0.3416, MR:  183.89, H@1: 0.254, H@3: 0.372, H@10: 0.521 | Test - MRR: 0.3374 | *
[2026-03-23 13:25:07,912][root][INFO] - Epoch: 135 | Loss: 0.0015 | Val - MRR: 0.3412, MR:  184.35, H@1: 0.253, H@3: 0.373, H@10: 0.521 | 
[2026-03-23 13:28:05,665][root][INFO] - Epoch: 136 | Loss: 0.0015 | Val - MRR: 0.3418, MR:  186.98, H@1: 0.253, H@3: 0.373, H@10: 0.519 | Test - MRR: 0.3379 | *
[2026-03-23 13:31:06,708][root][INFO] - Epoch: 137 | Loss: 0.0014 | Val - MRR: 0.3420, MR:  186.21, H@1: 0.253, H@3: 0.374, H@10: 0.519 | Test - MRR: 0.3381 | *
[2026-03-23 13:34:07,154][root][INFO] - Epoch: 138 | Loss: 0.0015 | Val - MRR: 0.3424, MR:  184.19, H@1: 0.255, H@3: 0.373, H@10: 0.520 | Test - MRR: 0.3384 | *
[2026-03-23 13:37:05,181][root][INFO] - Epoch: 139 | Loss: 0.0014 | Val - MRR: 0.3450, MR:  180.98, H@1: 0.257, H@3: 0.375, H@10: 0.524 | Test - MRR: 0.3400 | *
[2026-03-23 13:39:48,279][root][INFO] - Epoch: 140 | Loss: 0.0014 | Val - MRR: 0.3443, MR:  183.40, H@1: 0.256, H@3: 0.377, H@10: 0.523 | 
[2026-03-23 13:42:31,205][root][INFO] - Epoch: 141 | Loss: 0.0014 | Val - MRR: 0.3448, MR:  181.43, H@1: 0.257, H@3: 0.376, H@10: 0.523 | 
[2026-03-23 13:45:13,435][root][INFO] - Epoch: 142 | Loss: 0.0014 | Val - MRR: 0.3450, MR:  182.87, H@1: 0.256, H@3: 0.377, H@10: 0.527 | 
[2026-03-23 13:48:12,906][root][INFO] - Epoch: 143 | Loss: 0.0014 | Val - MRR: 0.3452, MR:  180.25, H@1: 0.257, H@3: 0.376, H@10: 0.525 | Test - MRR: 0.3407 | *
[2026-03-23 13:51:12,648][root][INFO] - Epoch: 144 | Loss: 0.0014 | Val - MRR: 0.3473, MR:  179.52, H@1: 0.259, H@3: 0.378, H@10: 0.527 | Test - MRR: 0.3420 | *
[2026-03-23 13:53:55,589][root][INFO] - Epoch: 145 | Loss: 0.0014 | Val - MRR: 0.3457, MR:  179.47, H@1: 0.257, H@3: 0.377, H@10: 0.525 | 
[2026-03-23 13:56:38,603][root][INFO] - Epoch: 146 | Loss: 0.0014 | Val - MRR: 0.3469, MR:  182.39, H@1: 0.259, H@3: 0.378, H@10: 0.525 | 
[2026-03-23 13:59:21,043][root][INFO] - Epoch: 147 | Loss: 0.0014 | Val - MRR: 0.3469, MR:  181.80, H@1: 0.259, H@3: 0.378, H@10: 0.526 | 
[2026-03-23 14:02:03,424][root][INFO] - Epoch: 148 | Loss: 0.0014 | Val - MRR: 0.3469, MR:  178.84, H@1: 0.258, H@3: 0.379, H@10: 0.527 | 
[2026-03-23 14:05:04,100][root][INFO] - Epoch: 149 | Loss: 0.0014 | Val - MRR: 0.3480, MR:  179.61, H@1: 0.260, H@3: 0.378, H@10: 0.527 | Test - MRR: 0.3432 | *
[2026-03-23 14:07:48,069][root][INFO] - Epoch: 150 | Loss: 0.0014 | Val - MRR: 0.3463, MR:  179.86, H@1: 0.258, H@3: 0.378, H@10: 0.527 | 
[2026-03-23 14:10:31,902][root][INFO] - Epoch: 151 | Loss: 0.0014 | Val - MRR: 0.3464, MR:  181.86, H@1: 0.257, H@3: 0.379, H@10: 0.526 | 
[2026-03-23 14:13:14,926][root][INFO] - Epoch: 152 | Loss: 0.0014 | Val - MRR: 0.3479, MR:  180.40, H@1: 0.258, H@3: 0.381, H@10: 0.527 | 
[2026-03-23 14:15:57,556][root][INFO] - Epoch: 153 | Loss: 0.0014 | Val - MRR: 0.3470, MR:  181.76, H@1: 0.258, H@3: 0.379, H@10: 0.526 | 
[2026-03-23 14:18:41,939][root][INFO] - Epoch: 154 | Loss: 0.0014 | Val - MRR: 0.3467, MR:  176.99, H@1: 0.257, H@3: 0.381, H@10: 0.527 | 
[2026-03-23 14:21:22,736][root][INFO] - Epoch: 155 | Loss: 0.0014 | Val - MRR: 0.3472, MR:  178.79, H@1: 0.257, H@3: 0.381, H@10: 0.528 | 
[2026-03-23 14:24:20,900][root][INFO] - Epoch: 156 | Loss: 0.0014 | Val - MRR: 0.3481, MR:  179.48, H@1: 0.259, H@3: 0.381, H@10: 0.528 | Test - MRR: 0.3427 | *
[2026-03-23 14:27:05,019][root][INFO] - Epoch: 157 | Loss: 0.0014 | Val - MRR: 0.3471, MR:  178.58, H@1: 0.257, H@3: 0.381, H@10: 0.528 | 
[2026-03-23 14:29:46,595][root][INFO] - Epoch: 158 | Loss: 0.0014 | Val - MRR: 0.3472, MR:  182.29, H@1: 0.258, H@3: 0.380, H@10: 0.526 | 
[2026-03-23 14:32:44,682][root][INFO] - Epoch: 159 | Loss: 0.0014 | Val - MRR: 0.3486, MR:  179.90, H@1: 0.259, H@3: 0.382, H@10: 0.529 | Test - MRR: 0.3437 | *
[2026-03-23 14:35:46,427][root][INFO] - Epoch: 160 | Loss: 0.0014 | Val - MRR: 0.3502, MR:  179.97, H@1: 0.261, H@3: 0.383, H@10: 0.529 | Test - MRR: 0.3450 | *
[2026-03-23 14:38:45,958][root][INFO] - Epoch: 161 | Loss: 0.0014 | Val - MRR: 0.3494, MR:  177.43, H@1: 0.259, H@3: 0.381, H@10: 0.530 | Test - MRR: 0.3465 | *
[2026-03-23 14:41:28,311][root][INFO] - Epoch: 162 | Loss: 0.0014 | Val - MRR: 0.3479, MR:  178.80, H@1: 0.258, H@3: 0.381, H@10: 0.528 | 
[2026-03-23 14:44:11,008][root][INFO] - Epoch: 163 | Loss: 0.0014 | Val - MRR: 0.3469, MR:  182.13, H@1: 0.257, H@3: 0.380, H@10: 0.529 | 
[2026-03-23 14:46:53,611][root][INFO] - Epoch: 164 | Loss: 0.0014 | Val - MRR: 0.3487, MR:  182.41, H@1: 0.259, H@3: 0.381, H@10: 0.529 | 
[2026-03-23 14:49:53,355][root][INFO] - Epoch: 165 | Loss: 0.0014 | Val - MRR: 0.3497, MR:  179.52, H@1: 0.261, H@3: 0.381, H@10: 0.531 | Test - MRR: 0.3443 | *
[2026-03-23 14:52:52,291][root][INFO] - Epoch: 166 | Loss: 0.0014 | Val - MRR: 0.3504, MR:  181.89, H@1: 0.261, H@3: 0.383, H@10: 0.532 | Test - MRR: 0.3458 | *
[2026-03-23 14:55:34,464][root][INFO] - Epoch: 167 | Loss: 0.0014 | Val - MRR: 0.3500, MR:  178.20, H@1: 0.261, H@3: 0.381, H@10: 0.532 | 
[2026-03-23 14:58:18,255][root][INFO] - Epoch: 168 | Loss: 0.0014 | Val - MRR: 0.3499, MR:  183.70, H@1: 0.260, H@3: 0.382, H@10: 0.532 | 
[2026-03-23 15:01:02,334][root][INFO] - Epoch: 169 | Loss: 0.0014 | Val - MRR: 0.3497, MR:  181.65, H@1: 0.260, H@3: 0.382, H@10: 0.531 | 
[2026-03-23 15:03:45,966][root][INFO] - Epoch: 170 | Loss: 0.0014 | Val - MRR: 0.3489, MR:  180.18, H@1: 0.259, H@3: 0.382, H@10: 0.531 | 
[2026-03-23 15:06:29,197][root][INFO] - Epoch: 171 | Loss: 0.0014 | Val - MRR: 0.3488, MR:  177.05, H@1: 0.258, H@3: 0.382, H@10: 0.531 | 
[2026-03-23 15:09:17,050][root][INFO] - Epoch: 172 | Loss: 0.0014 | Val - MRR: 0.3502, MR:  181.65, H@1: 0.260, H@3: 0.383, H@10: 0.533 | 
[2026-03-23 15:12:00,376][root][INFO] - Epoch: 173 | Loss: 0.0014 | Val - MRR: 0.3495, MR:  182.95, H@1: 0.259, H@3: 0.383, H@10: 0.532 | 
[2026-03-23 15:14:42,497][root][INFO] - Epoch: 174 | Loss: 0.0014 | Val - MRR: 0.3502, MR:  179.68, H@1: 0.259, H@3: 0.383, H@10: 0.535 | 
[2026-03-23 15:17:25,921][root][INFO] - Epoch: 175 | Loss: 0.0014 | Val - MRR: 0.3498, MR:  179.21, H@1: 0.259, H@3: 0.383, H@10: 0.535 | 
[2026-03-23 15:20:25,338][root][INFO] - Epoch: 176 | Loss: 0.0014 | Val - MRR: 0.3499, MR:  182.49, H@1: 0.260, H@3: 0.381, H@10: 0.534 | Test - MRR: 0.3474 | *
[2026-03-23 15:23:23,442][root][INFO] - Epoch: 177 | Loss: 0.0013 | Val - MRR: 0.3512, MR:  181.08, H@1: 0.262, H@3: 0.383, H@10: 0.533 | Test - MRR: 0.3465 | *
[2026-03-23 15:26:07,788][root][INFO] - Epoch: 178 | Loss: 0.0014 | Val - MRR: 0.3500, MR:  185.12, H@1: 0.260, H@3: 0.382, H@10: 0.532 | 
[2026-03-23 15:28:50,981][root][INFO] - Epoch: 179 | Loss: 0.0013 | Val - MRR: 0.3505, MR:  182.20, H@1: 0.259, H@3: 0.384, H@10: 0.535 | 
[2026-03-23 15:31:35,135][root][INFO] - Epoch: 180 | Loss: 0.0013 | Val - MRR: 0.3495, MR:  182.54, H@1: 0.259, H@3: 0.384, H@10: 0.533 | 
[2026-03-23 15:34:18,031][root][INFO] - Epoch: 181 | Loss: 0.0013 | Val - MRR: 0.3507, MR:  182.75, H@1: 0.260, H@3: 0.384, H@10: 0.533 | 
[2026-03-23 15:36:59,425][root][INFO] - Epoch: 182 | Loss: 0.0013 | Val - MRR: 0.3511, MR:  182.64, H@1: 0.261, H@3: 0.385, H@10: 0.536 | 
[2026-03-23 15:39:41,898][root][INFO] - Epoch: 183 | Loss: 0.0013 | Val - MRR: 0.3497, MR:  186.86, H@1: 0.258, H@3: 0.384, H@10: 0.535 | 
[2026-03-23 15:42:24,975][root][INFO] - Epoch: 184 | Loss: 0.0013 | Val - MRR: 0.3502, MR:  185.34, H@1: 0.259, H@3: 0.383, H@10: 0.534 | 
[2026-03-23 15:45:08,242][root][INFO] - Epoch: 185 | Loss: 0.0013 | Val - MRR: 0.3485, MR:  184.55, H@1: 0.257, H@3: 0.382, H@10: 0.533 | 
[2026-03-23 15:47:52,521][root][INFO] - Epoch: 186 | Loss: 0.0013 | Val - MRR: 0.3505, MR:  188.11, H@1: 0.259, H@3: 0.385, H@10: 0.533 | 
[2026-03-23 15:50:51,702][root][INFO] - Epoch: 187 | Loss: 0.0013 | Val - MRR: 0.3514, MR:  186.94, H@1: 0.260, H@3: 0.386, H@10: 0.535 | Test - MRR: 0.3466 | *
[2026-03-23 15:53:35,807][root][INFO] - Epoch: 188 | Loss: 0.0013 | Val - MRR: 0.3502, MR:  186.18, H@1: 0.259, H@3: 0.385, H@10: 0.533 | 
[2026-03-23 15:56:18,773][root][INFO] - Epoch: 189 | Loss: 0.0013 | Val - MRR: 0.3505, MR:  188.39, H@1: 0.260, H@3: 0.384, H@10: 0.532 | 
[2026-03-23 15:59:01,834][root][INFO] - Epoch: 190 | Loss: 0.0013 | Val - MRR: 0.3512, MR:  187.07, H@1: 0.260, H@3: 0.385, H@10: 0.533 | 
[2026-03-23 16:01:43,133][root][INFO] - Epoch: 191 | Loss: 0.0013 | Val - MRR: 0.3514, MR:  187.55, H@1: 0.260, H@3: 0.387, H@10: 0.534 | 
[2026-03-23 16:04:42,750][root][INFO] - Epoch: 192 | Loss: 0.0013 | Val - MRR: 0.3520, MR:  183.54, H@1: 0.261, H@3: 0.386, H@10: 0.533 | Test - MRR: 0.3458 | *
[2026-03-23 16:07:25,928][root][INFO] - Epoch: 193 | Loss: 0.0013 | Val - MRR: 0.3519, MR:  184.02, H@1: 0.261, H@3: 0.385, H@10: 0.536 | 
[2026-03-23 16:10:08,909][root][INFO] - Epoch: 194 | Loss: 0.0013 | Val - MRR: 0.3519, MR:  187.66, H@1: 0.261, H@3: 0.384, H@10: 0.535 | 
[2026-03-23 16:13:08,685][root][INFO] - Epoch: 195 | Loss: 0.0013 | Val - MRR: 0.3529, MR:  183.39, H@1: 0.262, H@3: 0.387, H@10: 0.535 | Test - MRR: 0.3477 | *
[2026-03-23 16:15:51,494][root][INFO] - Epoch: 196 | Loss: 0.0013 | Val - MRR: 0.3512, MR:  187.15, H@1: 0.260, H@3: 0.384, H@10: 0.534 | 
[2026-03-23 16:18:32,876][root][INFO] - Epoch: 197 | Loss: 0.0013 | Val - MRR: 0.3511, MR:  188.64, H@1: 0.260, H@3: 0.384, H@10: 0.534 | 
[2026-03-23 16:21:16,594][root][INFO] - Epoch: 198 | Loss: 0.0013 | Val - MRR: 0.3518, MR:  185.97, H@1: 0.261, H@3: 0.386, H@10: 0.535 | 
[2026-03-23 16:23:58,998][root][INFO] - Epoch: 199 | Loss: 0.0013 | Val - MRR: 0.3515, MR:  187.21, H@1: 0.260, H@3: 0.387, H@10: 0.535 | 
[2026-03-23 16:26:43,012][root][INFO] - Epoch: 200 | Loss: 0.0013 | Val - MRR: 0.3516, MR:  182.60, H@1: 0.260, H@3: 0.386, H@10: 0.536 | 
[2026-03-23 16:29:25,564][root][INFO] - Epoch: 201 | Loss: 0.0013 | Val - MRR: 0.3510, MR:  185.96, H@1: 0.260, H@3: 0.385, H@10: 0.534 | 
[2026-03-23 16:32:08,058][root][INFO] - Epoch: 202 | Loss: 0.0013 | Val - MRR: 0.3524, MR:  184.90, H@1: 0.261, H@3: 0.386, H@10: 0.535 | 
[2026-03-23 16:34:50,662][root][INFO] - Epoch: 203 | Loss: 0.0013 | Val - MRR: 0.3522, MR:  187.86, H@1: 0.260, H@3: 0.386, H@10: 0.537 | 
[2026-03-23 16:37:48,828][root][INFO] - Epoch: 204 | Loss: 0.0013 | Val - MRR: 0.3530, MR:  186.08, H@1: 0.263, H@3: 0.386, H@10: 0.535 | Test - MRR: 0.3473 | *
[2026-03-23 16:40:48,571][root][INFO] - Epoch: 205 | Loss: 0.0013 | Val - MRR: 0.3532, MR:  188.48, H@1: 0.262, H@3: 0.386, H@10: 0.537 | Test - MRR: 0.3479 | *
[2026-03-23 16:43:48,129][root][INFO] - Epoch: 206 | Loss: 0.0013 | Val - MRR: 0.3535, MR:  186.74, H@1: 0.262, H@3: 0.385, H@10: 0.538 | Test - MRR: 0.3479 | *
[2026-03-23 16:46:48,285][root][INFO] - Epoch: 207 | Loss: 0.0013 | Val - MRR: 0.3535, MR:  185.83, H@1: 0.263, H@3: 0.386, H@10: 0.537 | Test - MRR: 0.3475 | *
[2026-03-23 16:49:29,914][root][INFO] - Epoch: 208 | Loss: 0.0013 | Val - MRR: 0.3525, MR:  188.14, H@1: 0.261, H@3: 0.386, H@10: 0.537 | 
[2026-03-23 16:52:12,278][root][INFO] - Epoch: 209 | Loss: 0.0013 | Val - MRR: 0.3509, MR:  191.72, H@1: 0.260, H@3: 0.385, H@10: 0.534 | 
[2026-03-23 16:54:55,542][root][INFO] - Epoch: 210 | Loss: 0.0013 | Val - MRR: 0.3531, MR:  189.00, H@1: 0.262, H@3: 0.387, H@10: 0.537 | 
[2026-03-23 16:57:39,011][root][INFO] - Epoch: 211 | Loss: 0.0013 | Val - MRR: 0.3526, MR:  188.41, H@1: 0.261, H@3: 0.387, H@10: 0.537 | 
[2026-03-23 17:00:23,275][root][INFO] - Epoch: 212 | Loss: 0.0013 | Val - MRR: 0.3535, MR:  184.53, H@1: 0.262, H@3: 0.390, H@10: 0.538 | 
[2026-03-23 17:03:05,711][root][INFO] - Epoch: 213 | Loss: 0.0013 | Val - MRR: 0.3517, MR:  185.83, H@1: 0.260, H@3: 0.386, H@10: 0.536 | 
[2026-03-23 17:05:49,329][root][INFO] - Epoch: 214 | Loss: 0.0013 | Val - MRR: 0.3516, MR:  187.44, H@1: 0.260, H@3: 0.385, H@10: 0.537 | 
[2026-03-23 17:08:33,118][root][INFO] - Epoch: 215 | Loss: 0.0013 | Val - MRR: 0.3518, MR:  192.59, H@1: 0.261, H@3: 0.385, H@10: 0.535 | 
[2026-03-23 17:11:16,976][root][INFO] - Epoch: 216 | Loss: 0.0013 | Val - MRR: 0.3529, MR:  191.22, H@1: 0.261, H@3: 0.386, H@10: 0.537 | 
[2026-03-23 17:14:00,915][root][INFO] - Epoch: 217 | Loss: 0.0013 | Val - MRR: 0.3524, MR:  191.52, H@1: 0.261, H@3: 0.388, H@10: 0.536 | 
[2026-03-23 17:16:44,383][root][INFO] - Epoch: 218 | Loss: 0.0013 | Val - MRR: 0.3524, MR:  193.11, H@1: 0.260, H@3: 0.388, H@10: 0.535 | 
[2026-03-23 17:19:27,306][root][INFO] - Epoch: 219 | Loss: 0.0013 | Val - MRR: 0.3520, MR:  191.32, H@1: 0.261, H@3: 0.386, H@10: 0.534 | 
[2026-03-23 17:22:11,794][root][INFO] - Epoch: 220 | Loss: 0.0013 | Val - MRR: 0.3525, MR:  191.12, H@1: 0.261, H@3: 0.387, H@10: 0.537 | 
[2026-03-23 17:24:54,809][root][INFO] - Epoch: 221 | Loss: 0.0013 | Val - MRR: 0.3520, MR:  192.75, H@1: 0.260, H@3: 0.389, H@10: 0.536 | 
[2026-03-23 17:27:37,015][root][INFO] - Epoch: 222 | Loss: 0.0013 | Val - MRR: 0.3510, MR:  185.31, H@1: 0.259, H@3: 0.385, H@10: 0.536 | 
[2026-03-23 17:30:19,831][root][INFO] - Epoch: 223 | Loss: 0.0013 | Val - MRR: 0.3517, MR:  193.51, H@1: 0.260, H@3: 0.385, H@10: 0.537 | 
[2026-03-23 17:33:01,935][root][INFO] - Epoch: 224 | Loss: 0.0013 | Val - MRR: 0.3519, MR:  193.88, H@1: 0.261, H@3: 0.385, H@10: 0.535 | 
[2026-03-23 17:35:45,623][root][INFO] - Epoch: 225 | Loss: 0.0013 | Val - MRR: 0.3505, MR:  194.83, H@1: 0.259, H@3: 0.384, H@10: 0.534 | 
[2026-03-23 17:38:28,641][root][INFO] - Epoch: 226 | Loss: 0.0013 | Val - MRR: 0.3507, MR:  193.89, H@1: 0.260, H@3: 0.384, H@10: 0.535 | 
[2026-03-23 17:41:12,237][root][INFO] - Epoch: 227 | Loss: 0.0013 | Val - MRR: 0.3512, MR:  200.35, H@1: 0.260, H@3: 0.387, H@10: 0.535 | 
[2026-03-23 17:43:54,241][root][INFO] - Epoch: 228 | Loss: 0.0013 | Val - MRR: 0.3518, MR:  193.85, H@1: 0.261, H@3: 0.386, H@10: 0.535 | 
[2026-03-23 17:46:37,011][root][INFO] - Epoch: 229 | Loss: 0.0013 | Val - MRR: 0.3502, MR:  191.15, H@1: 0.259, H@3: 0.384, H@10: 0.534 | 
[2026-03-23 17:49:19,583][root][INFO] - Epoch: 230 | Loss: 0.0013 | Val - MRR: 0.3523, MR:  196.81, H@1: 0.261, H@3: 0.386, H@10: 0.537 | 
[2026-03-23 17:52:02,931][root][INFO] - Epoch: 231 | Loss: 0.0013 | Val - MRR: 0.3517, MR:  197.00, H@1: 0.260, H@3: 0.387, H@10: 0.535 | 
[2026-03-23 17:54:46,627][root][INFO] - Epoch: 232 | Loss: 0.0013 | Val - MRR: 0.3535, MR:  193.80, H@1: 0.263, H@3: 0.387, H@10: 0.538 | 
[2026-03-23 17:57:29,864][root][INFO] - Epoch: 233 | Loss: 0.0013 | Val - MRR: 0.3527, MR:  196.38, H@1: 0.261, H@3: 0.387, H@10: 0.535 | 
[2026-03-23 18:00:12,458][root][INFO] - Epoch: 234 | Loss: 0.0013 | Val - MRR: 0.3522, MR:  195.08, H@1: 0.261, H@3: 0.385, H@10: 0.535 | 
[2026-03-23 18:02:55,694][root][INFO] - Epoch: 235 | Loss: 0.0013 | Val - MRR: 0.3520, MR:  193.04, H@1: 0.261, H@3: 0.386, H@10: 0.535 | 
[2026-03-23 18:05:39,494][root][INFO] - Epoch: 236 | Loss: 0.0013 | Val - MRR: 0.3521, MR:  196.02, H@1: 0.261, H@3: 0.386, H@10: 0.535 | 
[2026-03-23 18:08:23,347][root][INFO] - Epoch: 237 | Loss: 0.0013 | Val - MRR: 0.3516, MR:  198.63, H@1: 0.260, H@3: 0.387, H@10: 0.536 | 
[2026-03-23 18:11:06,182][root][INFO] - Epoch: 238 | Loss: 0.0013 | Val - MRR: 0.3503, MR:  202.45, H@1: 0.260, H@3: 0.383, H@10: 0.533 | 
[2026-03-23 18:13:49,830][root][INFO] - Epoch: 239 | Loss: 0.0013 | Val - MRR: 0.3525, MR:  194.04, H@1: 0.262, H@3: 0.387, H@10: 0.535 | 
[2026-03-23 18:16:33,168][root][INFO] - Epoch: 240 | Loss: 0.0013 | Val - MRR: 0.3525, MR:  198.77, H@1: 0.262, H@3: 0.384, H@10: 0.537 | 
[2026-03-23 18:19:17,700][root][INFO] - Epoch: 241 | Loss: 0.0013 | Val - MRR: 0.3525, MR:  197.53, H@1: 0.262, H@3: 0.385, H@10: 0.534 | 
[2026-03-23 18:22:01,968][root][INFO] - Epoch: 242 | Loss: 0.0013 | Val - MRR: 0.3518, MR:  198.34, H@1: 0.260, H@3: 0.386, H@10: 0.536 | 
[2026-03-23 18:24:46,107][root][INFO] - Epoch: 243 | Loss: 0.0013 | Val - MRR: 0.3510, MR:  198.66, H@1: 0.260, H@3: 0.386, H@10: 0.534 | 
[2026-03-23 18:24:46,108][root][INFO] - Long time no improvenment, stop training...
[2026-03-23 18:24:46,108][root][INFO] - Training end...
[2026-03-23 18:24:46,415][root][INFO] - ✅ 成功加载最优模型：/home/wangwei/DSGNet-main/DSGNet/model_checkpoints/best_model_FB15k_237_20260323_164030.torch
[2026-03-23 18:24:46,415][root][INFO] - 📌 最优模型来自Epoch：205，最优MRR：0.3479
[2026-03-23 18:24:46,415][root][INFO] - Train metrics ...
[2026-03-23 18:25:51,927][root][INFO] - Train (head) - MRR: 0.7045, MR:    7.44, H@1: 0.600, H@3: 0.777, H@10: 0.892
[2026-03-23 18:25:51,927][root][INFO] - Train (tail) - MRR: 0.7839, MR:    3.93, H@1: 0.693, H@3: 0.852, H@10: 0.942
[2026-03-23 18:25:51,927][root][INFO] - Train (avg) - MRR: 0.7442, MR:    5.68, H@1: 0.646, H@3: 0.815, H@10: 0.917

[2026-03-23 18:25:51,927][root][INFO] - Valid metrics ...
[2026-03-23 18:26:08,665][root][INFO] - Valid (head) - MRR: 0.2527, MR:  247.68, H@1: 0.165, H@3: 0.275, H@10: 0.433
[2026-03-23 18:26:08,665][root][INFO] - Valid (tail) - MRR: 0.4538, MR:  129.27, H@1: 0.360, H@3: 0.497, H@10: 0.642
[2026-03-23 18:26:08,665][root][INFO] - Valid (avg) - MRR: 0.3532, MR:  188.48, H@1: 0.262, H@3: 0.386, H@10: 0.537

[2026-03-23 18:26:08,665][root][INFO] - Test metrics...
[2026-03-23 18:26:23,321][root][INFO] - Test (head) - MRR: 0.2493, MR:  251.25, H@1: 0.161, H@3: 0.276, H@10: 0.428
[2026-03-23 18:26:23,321][root][INFO] - Test (tail) - MRR: 0.4465, MR:  148.23, H@1: 0.349, H@3: 0.492, H@10: 0.639
[2026-03-23 18:26:23,321][root][INFO] - Test (avg) - MRR: 0.3479, MR:  199.74, H@1: 0.255, H@3: 0.384, H@10: 0.533

[2026-03-23 18:26:23,322][root][INFO] - Model save path: /home/wangwei/DSGNet-main/DSGNet/data/output/FB15k_237/2026-03-23/06-31-10
